running: {'--uuid': '06e48c9546295818b54c7e66708df9db', '-db-root': '/home/ryedida/bbo_challenge_starter_kit/output', '--opt-root': '/home/ryedida/bbo_challenge_starter_kit/example_submissions', '--data-root': None, '--db': 'run_20230424_161204', '--opt': 'skopt', '--data': 'iris', '--classifier': 'MLP-adam', '--metric': 'nll', '--calls': 15, '--suggestions': 1, '--jobs-file': None, '--verbose': False, 'dry_run': False, 'rev': 'a376313', 'opt_rev': '0.9.0'}
cmd: python skopt/optimizer.py -c MLP-adam -d iris -o skopt -u 06e48c9546295818b54c7e66708df9db -m nll -n 15 -p 1 -dir /home/ryedida/bbo_challenge_starter_kit/output -b run_20230424_161204
/home/ryedida/.local/lib/python3.9/site-packages/sklearn/neural_network/_multilayer_perceptron.py:605: UserWarning: Got `batch_size` less than 1 or larger than sample size. It is going to be clipped
  warnings.warn(

/home/ryedida/.local/lib/python3.9/site-packages/sklearn/neural_network/_multilayer_perceptron.py:605: UserWarning: Got `batch_size` less than 1 or larger than sample size. It is going to be clipped
  warnings.warn(

/home/ryedida/.local/lib/python3.9/site-packages/sklearn/neural_network/_multilayer_perceptron.py:605: UserWarning: Got `batch_size` less than 1 or larger than sample size. It is going to be clipped
  warnings.warn(

/home/ryedida/.local/lib/python3.9/site-packages/sklearn/neural_network/_multilayer_perceptron.py:605: UserWarning: Got `batch_size` less than 1 or larger than sample size. It is going to be clipped
  warnings.warn(

/home/ryedida/.local/lib/python3.9/site-packages/sklearn/neural_network/_multilayer_perceptron.py:605: UserWarning: Got `batch_size` less than 1 or larger than sample size. It is going to be clipped
  warnings.warn(

computed signature: ([{'alpha': 0.019628224813442792, 'batch_size': 182, 'beta_1': 0.9410202200271762, 'beta_2': 0.9998021557676793, 'epsilon': 1.8662266976518e-08, 'hidden_layer_sizes': 147, 'learning_rate_init': 0.0005627932047415167, 'tol': 0.03690557729213761, 'validation_fraction': 0.8846827852548593}, {'alpha': 0.0019982467392329444, 'batch_size': 200, 'beta_1': 0.919111482530466, 'beta_2': 0.9998488260436156, 'epsilon': 5.981221901152555e-07, 'hidden_layer_sizes': 61, 'learning_rate_init': 2.2310905607443014e-05, 'tol': 1.2046852412030316e-05, 'validation_fraction': 0.8117896445826539}, {'alpha': 0.46659545670218433, 'batch_size': 219, 'beta_1': 0.9889789783750891, 'beta_2': 0.9999896868093284, 'epsilon': 2.4234724484675948e-08, 'hidden_layer_sizes': 167, 'learning_rate_init': 2.972334644335654e-05, 'tol': 0.0036281404040243792, 'validation_fraction': 0.17260651658522078}, {'alpha': 4.656005689076002, 'batch_size': 135, 'beta_1': 0.870503881627747, 'beta_2': 0.9948873266941017, 'epsilon': 2.1023308743480125e-07, 'hidden_layer_sizes': 118, 'learning_rate_init': 0.0018781738757161913, 'tol': 1.1889379831773004e-05, 'validation_fraction': 0.6264327093752792}, {'alpha': 0.04705159350400542, 'batch_size': 158, 'beta_1': 0.9870884262730957, 'beta_2': 0.9999596874382349, 'epsilon': 1.1981845126013875e-08, 'hidden_layer_sizes': 116, 'learning_rate_init': 0.00617340520407431, 'tol': 1.741413418158619e-05, 'validation_fraction': 0.6754299026638921}], [1.3105719841770722, 1.7760947732249062, 1.4322107566090756, 0.9097804858215804, 0.5745987066718419])
/home/ryedida/.local/lib/python3.9/site-packages/bayesmark/signatures.py:85: RuntimeWarning: Signature diverged on MLP-adam_iris_nll betwen [1.31057198 1.56976556 1.25224472 0.90978049 0.39813052] and [1.32439241 1.77609477 1.43221076 0.9966468  0.57459871]
  warnings.warn(

Signature errors:
                         0         1         2         3         4       max
MLP-adam_iris_nll  0.01382  0.206329  0.179966  0.086866  0.176468  0.206329
max                0.01382  0.206329  0.179966  0.086866  0.176468  0.206329
starting sklearn study skopt MLP-adam iris nll 15 1
with data root: None
Failure in optimizer suggest. Falling back to random search.
module 'numpy' has no attribute 'int'.
`np.int` was a deprecated alias for the builtin `int`. To avoid this error in existing code, use `int` by itself. Doing this will not modify any behavior and is safe. When replacing `np.int`, you may wish to use e.g. `np.int64` or `np.int32` to specify the precision. If you wish to review your current use, check the release note link for additional information.
The aliases was originally deprecated in NumPy 1.20; for more details and guidance see the original release note at:
    https://numpy.org/devdocs/release/1.20.0-notes.html#deprecations
Traceback (most recent call last):
  File "/home/ryedida/.local/lib/python3.9/site-packages/bayesmark/experiment.py", line 126, in run_study
    next_points = optimizer.suggest(n_suggestions)
  File "/home/ryedida/bbo_challenge_starter_kit/example_submissions/skopt/optimizer.py", line 116, in suggest
    next_guess = self.skopt.ask(n_points=n_suggestions)
  File "/home/ryedida/.local/lib/python3.9/site-packages/skopt/optimizer/optimizer.py", line 395, in ask
    x = opt.ask()
  File "/home/ryedida/.local/lib/python3.9/site-packages/skopt/optimizer/optimizer.py", line 367, in ask
    return self._ask()
  File "/home/ryedida/.local/lib/python3.9/site-packages/skopt/optimizer/optimizer.py", line 434, in _ask
    return self.space.rvs(random_state=self.rng)[0]
  File "/home/ryedida/.local/lib/python3.9/site-packages/skopt/space/space.py", line 900, in rvs
    columns.append(dim.rvs(n_samples=n_samples, random_state=rng))
  File "/home/ryedida/.local/lib/python3.9/site-packages/skopt/space/space.py", line 158, in rvs
    return self.inverse_transform(samples)
  File "/home/ryedida/.local/lib/python3.9/site-packages/skopt/space/space.py", line 528, in inverse_transform
    inv_transform = super(Integer, self).inverse_transform(Xt)
  File "/home/ryedida/.local/lib/python3.9/site-packages/skopt/space/space.py", line 168, in inverse_transform
    return self.transformer.inverse_transform(Xt)
  File "/home/ryedida/.local/lib/python3.9/site-packages/skopt/space/transformers.py", line 309, in inverse_transform
    X = transformer.inverse_transform(X)
  File "/home/ryedida/.local/lib/python3.9/site-packages/skopt/space/transformers.py", line 275, in inverse_transform
    return np.round(X_orig).astype(np.int)
  File "/home/ryedida/.local/lib/python3.9/site-packages/numpy/__init__.py", line 305, in __getattr__
    raise AttributeError(__former_attrs__[attr])
AttributeError: module 'numpy' has no attribute 'int'.
`np.int` was a deprecated alias for the builtin `int`. To avoid this error in existing code, use `int` by itself. Doing this will not modify any behavior and is safe. When replacing `np.int`, you may wish to use e.g. `np.int64` or `np.int32` to specify the precision. If you wish to review your current use, check the release note link for additional information.
The aliases was originally deprecated in NumPy 1.20; for more details and guidance see the original release note at:
    https://numpy.org/devdocs/release/1.20.0-notes.html#deprecations
suggestion time taken 0.004006 iter 0 next_points [{'alpha': 0.0006033252207732286, 'batch_size': 136, 'beta_1': 0.9541599426492918, 'beta_2': 0.9999949100595452, 'epsilon': 5.484568823291959e-07, 'hidden_layer_sizes': 159, 'learning_rate_init': 0.0006551032384265322, 'tol': 0.0025096130416824695, 'validation_fraction': 0.18812549114184376}]
/home/ryedida/.local/lib/python3.9/site-packages/sklearn/neural_network/_multilayer_perceptron.py:605: UserWarning: Got `batch_size` less than 1 or larger than sample size. It is going to be clipped
  warnings.warn(

function_evaluation time 0.071102 value 1.154142 suggestion {'alpha': 0.0006033252207732286, 'batch_size': 136, 'beta_1': 0.9541599426492918, 'beta_2': 0.9999949100595452, 'epsilon': 5.484568823291959e-07, 'hidden_layer_sizes': 159, 'learning_rate_init': 0.0006551032384265322, 'tol': 0.0025096130416824695, 'validation_fraction': 0.18812549114184376}
observation time 0.000175, current best 1.154142 at iter 0
Failure in optimizer suggest. Falling back to random search.
module 'numpy' has no attribute 'int'.
`np.int` was a deprecated alias for the builtin `int`. To avoid this error in existing code, use `int` by itself. Doing this will not modify any behavior and is safe. When replacing `np.int`, you may wish to use e.g. `np.int64` or `np.int32` to specify the precision. If you wish to review your current use, check the release note link for additional information.
The aliases was originally deprecated in NumPy 1.20; for more details and guidance see the original release note at:
    https://numpy.org/devdocs/release/1.20.0-notes.html#deprecations
Traceback (most recent call last):
  File "/home/ryedida/.local/lib/python3.9/site-packages/bayesmark/experiment.py", line 126, in run_study
    next_points = optimizer.suggest(n_suggestions)
  File "/home/ryedida/bbo_challenge_starter_kit/example_submissions/skopt/optimizer.py", line 116, in suggest
    next_guess = self.skopt.ask(n_points=n_suggestions)
  File "/home/ryedida/.local/lib/python3.9/site-packages/skopt/optimizer/optimizer.py", line 395, in ask
    x = opt.ask()
  File "/home/ryedida/.local/lib/python3.9/site-packages/skopt/optimizer/optimizer.py", line 367, in ask
    return self._ask()
  File "/home/ryedida/.local/lib/python3.9/site-packages/skopt/optimizer/optimizer.py", line 434, in _ask
    return self.space.rvs(random_state=self.rng)[0]
  File "/home/ryedida/.local/lib/python3.9/site-packages/skopt/space/space.py", line 900, in rvs
    columns.append(dim.rvs(n_samples=n_samples, random_state=rng))
  File "/home/ryedida/.local/lib/python3.9/site-packages/skopt/space/space.py", line 158, in rvs
    return self.inverse_transform(samples)
  File "/home/ryedida/.local/lib/python3.9/site-packages/skopt/space/space.py", line 528, in inverse_transform
    inv_transform = super(Integer, self).inverse_transform(Xt)
  File "/home/ryedida/.local/lib/python3.9/site-packages/skopt/space/space.py", line 168, in inverse_transform
    return self.transformer.inverse_transform(Xt)
  File "/home/ryedida/.local/lib/python3.9/site-packages/skopt/space/transformers.py", line 309, in inverse_transform
    X = transformer.inverse_transform(X)
  File "/home/ryedida/.local/lib/python3.9/site-packages/skopt/space/transformers.py", line 275, in inverse_transform
    return np.round(X_orig).astype(np.int)
  File "/home/ryedida/.local/lib/python3.9/site-packages/numpy/__init__.py", line 305, in __getattr__
    raise AttributeError(__former_attrs__[attr])
AttributeError: module 'numpy' has no attribute 'int'.
`np.int` was a deprecated alias for the builtin `int`. To avoid this error in existing code, use `int` by itself. Doing this will not modify any behavior and is safe. When replacing `np.int`, you may wish to use e.g. `np.int64` or `np.int32` to specify the precision. If you wish to review your current use, check the release note link for additional information.
The aliases was originally deprecated in NumPy 1.20; for more details and guidance see the original release note at:
    https://numpy.org/devdocs/release/1.20.0-notes.html#deprecations
suggestion time taken 0.003230 iter 1 next_points [{'alpha': 0.0011005834742070328, 'batch_size': 138, 'beta_1': 0.8915304406876434, 'beta_2': 0.997276936534616, 'epsilon': 2.220103957130371e-08, 'hidden_layer_sizes': 103, 'learning_rate_init': 0.0014814790585387244, 'tol': 0.001097554215508569, 'validation_fraction': 0.8325156883926176}]
/home/ryedida/.local/lib/python3.9/site-packages/sklearn/neural_network/_multilayer_perceptron.py:605: UserWarning: Got `batch_size` less than 1 or larger than sample size. It is going to be clipped
  warnings.warn(

function_evaluation time 0.048434 value 1.171933 suggestion {'alpha': 0.0011005834742070328, 'batch_size': 138, 'beta_1': 0.8915304406876434, 'beta_2': 0.997276936534616, 'epsilon': 2.220103957130371e-08, 'hidden_layer_sizes': 103, 'learning_rate_init': 0.0014814790585387244, 'tol': 0.001097554215508569, 'validation_fraction': 0.8325156883926176}
observation time 0.000170, current best 1.154142 at iter 1
Failure in optimizer suggest. Falling back to random search.
module 'numpy' has no attribute 'int'.
`np.int` was a deprecated alias for the builtin `int`. To avoid this error in existing code, use `int` by itself. Doing this will not modify any behavior and is safe. When replacing `np.int`, you may wish to use e.g. `np.int64` or `np.int32` to specify the precision. If you wish to review your current use, check the release note link for additional information.
The aliases was originally deprecated in NumPy 1.20; for more details and guidance see the original release note at:
    https://numpy.org/devdocs/release/1.20.0-notes.html#deprecations
Traceback (most recent call last):
  File "/home/ryedida/.local/lib/python3.9/site-packages/bayesmark/experiment.py", line 126, in run_study
    next_points = optimizer.suggest(n_suggestions)
  File "/home/ryedida/bbo_challenge_starter_kit/example_submissions/skopt/optimizer.py", line 116, in suggest
    next_guess = self.skopt.ask(n_points=n_suggestions)
  File "/home/ryedida/.local/lib/python3.9/site-packages/skopt/optimizer/optimizer.py", line 395, in ask
    x = opt.ask()
  File "/home/ryedida/.local/lib/python3.9/site-packages/skopt/optimizer/optimizer.py", line 367, in ask
    return self._ask()
  File "/home/ryedida/.local/lib/python3.9/site-packages/skopt/optimizer/optimizer.py", line 434, in _ask
    return self.space.rvs(random_state=self.rng)[0]
  File "/home/ryedida/.local/lib/python3.9/site-packages/skopt/space/space.py", line 900, in rvs
    columns.append(dim.rvs(n_samples=n_samples, random_state=rng))
  File "/home/ryedida/.local/lib/python3.9/site-packages/skopt/space/space.py", line 158, in rvs
    return self.inverse_transform(samples)
  File "/home/ryedida/.local/lib/python3.9/site-packages/skopt/space/space.py", line 528, in inverse_transform
    inv_transform = super(Integer, self).inverse_transform(Xt)
  File "/home/ryedida/.local/lib/python3.9/site-packages/skopt/space/space.py", line 168, in inverse_transform
    return self.transformer.inverse_transform(Xt)
  File "/home/ryedida/.local/lib/python3.9/site-packages/skopt/space/transformers.py", line 309, in inverse_transform
    X = transformer.inverse_transform(X)
  File "/home/ryedida/.local/lib/python3.9/site-packages/skopt/space/transformers.py", line 275, in inverse_transform
    return np.round(X_orig).astype(np.int)
  File "/home/ryedida/.local/lib/python3.9/site-packages/numpy/__init__.py", line 305, in __getattr__
    raise AttributeError(__former_attrs__[attr])
AttributeError: module 'numpy' has no attribute 'int'.
`np.int` was a deprecated alias for the builtin `int`. To avoid this error in existing code, use `int` by itself. Doing this will not modify any behavior and is safe. When replacing `np.int`, you may wish to use e.g. `np.int64` or `np.int32` to specify the precision. If you wish to review your current use, check the release note link for additional information.
The aliases was originally deprecated in NumPy 1.20; for more details and guidance see the original release note at:
    https://numpy.org/devdocs/release/1.20.0-notes.html#deprecations
suggestion time taken 0.003386 iter 2 next_points [{'alpha': 0.000273947662194839, 'batch_size': 180, 'beta_1': 0.9824931212087638, 'beta_2': 0.9999978559024587, 'epsilon': 6.904386212840966e-08, 'hidden_layer_sizes': 55, 'learning_rate_init': 0.043454330814122845, 'tol': 0.007094445571681714, 'validation_fraction': 0.5924059199423258}]
/home/ryedida/.local/lib/python3.9/site-packages/sklearn/neural_network/_multilayer_perceptron.py:605: UserWarning: Got `batch_size` less than 1 or larger than sample size. It is going to be clipped
  warnings.warn(

function_evaluation time 0.082855 value 0.355625 suggestion {'alpha': 0.000273947662194839, 'batch_size': 180, 'beta_1': 0.9824931212087638, 'beta_2': 0.9999978559024587, 'epsilon': 6.904386212840966e-08, 'hidden_layer_sizes': 55, 'learning_rate_init': 0.043454330814122845, 'tol': 0.007094445571681714, 'validation_fraction': 0.5924059199423258}
observation time 0.000156, current best 0.355625 at iter 2
Failure in optimizer suggest. Falling back to random search.
module 'numpy' has no attribute 'int'.
`np.int` was a deprecated alias for the builtin `int`. To avoid this error in existing code, use `int` by itself. Doing this will not modify any behavior and is safe. When replacing `np.int`, you may wish to use e.g. `np.int64` or `np.int32` to specify the precision. If you wish to review your current use, check the release note link for additional information.
The aliases was originally deprecated in NumPy 1.20; for more details and guidance see the original release note at:
    https://numpy.org/devdocs/release/1.20.0-notes.html#deprecations
Traceback (most recent call last):
  File "/home/ryedida/.local/lib/python3.9/site-packages/bayesmark/experiment.py", line 126, in run_study
    next_points = optimizer.suggest(n_suggestions)
  File "/home/ryedida/bbo_challenge_starter_kit/example_submissions/skopt/optimizer.py", line 116, in suggest
    next_guess = self.skopt.ask(n_points=n_suggestions)
  File "/home/ryedida/.local/lib/python3.9/site-packages/skopt/optimizer/optimizer.py", line 395, in ask
    x = opt.ask()
  File "/home/ryedida/.local/lib/python3.9/site-packages/skopt/optimizer/optimizer.py", line 367, in ask
    return self._ask()
  File "/home/ryedida/.local/lib/python3.9/site-packages/skopt/optimizer/optimizer.py", line 434, in _ask
    return self.space.rvs(random_state=self.rng)[0]
  File "/home/ryedida/.local/lib/python3.9/site-packages/skopt/space/space.py", line 900, in rvs
    columns.append(dim.rvs(n_samples=n_samples, random_state=rng))
  File "/home/ryedida/.local/lib/python3.9/site-packages/skopt/space/space.py", line 158, in rvs
    return self.inverse_transform(samples)
  File "/home/ryedida/.local/lib/python3.9/site-packages/skopt/space/space.py", line 528, in inverse_transform
    inv_transform = super(Integer, self).inverse_transform(Xt)
  File "/home/ryedida/.local/lib/python3.9/site-packages/skopt/space/space.py", line 168, in inverse_transform
    return self.transformer.inverse_transform(Xt)
  File "/home/ryedida/.local/lib/python3.9/site-packages/skopt/space/transformers.py", line 309, in inverse_transform
    X = transformer.inverse_transform(X)
  File "/home/ryedida/.local/lib/python3.9/site-packages/skopt/space/transformers.py", line 275, in inverse_transform
    return np.round(X_orig).astype(np.int)
  File "/home/ryedida/.local/lib/python3.9/site-packages/numpy/__init__.py", line 305, in __getattr__
    raise AttributeError(__former_attrs__[attr])
AttributeError: module 'numpy' has no attribute 'int'.
`np.int` was a deprecated alias for the builtin `int`. To avoid this error in existing code, use `int` by itself. Doing this will not modify any behavior and is safe. When replacing `np.int`, you may wish to use e.g. `np.int64` or `np.int32` to specify the precision. If you wish to review your current use, check the release note link for additional information.
The aliases was originally deprecated in NumPy 1.20; for more details and guidance see the original release note at:
    https://numpy.org/devdocs/release/1.20.0-notes.html#deprecations
suggestion time taken 0.003145 iter 3 next_points [{'alpha': 0.002464314661028573, 'batch_size': 163, 'beta_1': 0.9788033583932694, 'beta_2': 0.988713547105365, 'epsilon': 2.7214630642353573e-09, 'hidden_layer_sizes': 113, 'learning_rate_init': 0.005053757466965271, 'tol': 0.04821197273915942, 'validation_fraction': 0.13396487519791253}]
/home/ryedida/.local/lib/python3.9/site-packages/sklearn/neural_network/_multilayer_perceptron.py:605: UserWarning: Got `batch_size` less than 1 or larger than sample size. It is going to be clipped
  warnings.warn(

function_evaluation time 0.068351 value 0.685332 suggestion {'alpha': 0.002464314661028573, 'batch_size': 163, 'beta_1': 0.9788033583932694, 'beta_2': 0.988713547105365, 'epsilon': 2.7214630642353573e-09, 'hidden_layer_sizes': 113, 'learning_rate_init': 0.005053757466965271, 'tol': 0.04821197273915942, 'validation_fraction': 0.13396487519791253}
observation time 0.000158, current best 0.355625 at iter 3
Failure in optimizer suggest. Falling back to random search.
module 'numpy' has no attribute 'int'.
`np.int` was a deprecated alias for the builtin `int`. To avoid this error in existing code, use `int` by itself. Doing this will not modify any behavior and is safe. When replacing `np.int`, you may wish to use e.g. `np.int64` or `np.int32` to specify the precision. If you wish to review your current use, check the release note link for additional information.
The aliases was originally deprecated in NumPy 1.20; for more details and guidance see the original release note at:
    https://numpy.org/devdocs/release/1.20.0-notes.html#deprecations
Traceback (most recent call last):
  File "/home/ryedida/.local/lib/python3.9/site-packages/bayesmark/experiment.py", line 126, in run_study
    next_points = optimizer.suggest(n_suggestions)
  File "/home/ryedida/bbo_challenge_starter_kit/example_submissions/skopt/optimizer.py", line 116, in suggest
    next_guess = self.skopt.ask(n_points=n_suggestions)
  File "/home/ryedida/.local/lib/python3.9/site-packages/skopt/optimizer/optimizer.py", line 395, in ask
    x = opt.ask()
  File "/home/ryedida/.local/lib/python3.9/site-packages/skopt/optimizer/optimizer.py", line 367, in ask
    return self._ask()
  File "/home/ryedida/.local/lib/python3.9/site-packages/skopt/optimizer/optimizer.py", line 434, in _ask
    return self.space.rvs(random_state=self.rng)[0]
  File "/home/ryedida/.local/lib/python3.9/site-packages/skopt/space/space.py", line 900, in rvs
    columns.append(dim.rvs(n_samples=n_samples, random_state=rng))
  File "/home/ryedida/.local/lib/python3.9/site-packages/skopt/space/space.py", line 158, in rvs
    return self.inverse_transform(samples)
  File "/home/ryedida/.local/lib/python3.9/site-packages/skopt/space/space.py", line 528, in inverse_transform
    inv_transform = super(Integer, self).inverse_transform(Xt)
  File "/home/ryedida/.local/lib/python3.9/site-packages/skopt/space/space.py", line 168, in inverse_transform
    return self.transformer.inverse_transform(Xt)
  File "/home/ryedida/.local/lib/python3.9/site-packages/skopt/space/transformers.py", line 309, in inverse_transform
    X = transformer.inverse_transform(X)
  File "/home/ryedida/.local/lib/python3.9/site-packages/skopt/space/transformers.py", line 275, in inverse_transform
    return np.round(X_orig).astype(np.int)
  File "/home/ryedida/.local/lib/python3.9/site-packages/numpy/__init__.py", line 305, in __getattr__
    raise AttributeError(__former_attrs__[attr])
AttributeError: module 'numpy' has no attribute 'int'.
`np.int` was a deprecated alias for the builtin `int`. To avoid this error in existing code, use `int` by itself. Doing this will not modify any behavior and is safe. When replacing `np.int`, you may wish to use e.g. `np.int64` or `np.int32` to specify the precision. If you wish to review your current use, check the release note link for additional information.
The aliases was originally deprecated in NumPy 1.20; for more details and guidance see the original release note at:
    https://numpy.org/devdocs/release/1.20.0-notes.html#deprecations
suggestion time taken 0.003165 iter 4 next_points [{'alpha': 0.08150689933013586, 'batch_size': 72, 'beta_1': 0.9357587739154616, 'beta_2': 0.9992369561541622, 'epsilon': 3.1829451511124166e-08, 'hidden_layer_sizes': 133, 'learning_rate_init': 8.190983186136585e-05, 'tol': 0.0028793630046132484, 'validation_fraction': 0.8018638937028798}]
/home/ryedida/.local/lib/python3.9/site-packages/sklearn/neural_network/_multilayer_perceptron.py:605: UserWarning: Got `batch_size` less than 1 or larger than sample size. It is going to be clipped
  warnings.warn(

function_evaluation time 0.056076 value 1.097910 suggestion {'alpha': 0.08150689933013586, 'batch_size': 72, 'beta_1': 0.9357587739154616, 'beta_2': 0.9992369561541622, 'epsilon': 3.1829451511124166e-08, 'hidden_layer_sizes': 133, 'learning_rate_init': 8.190983186136585e-05, 'tol': 0.0028793630046132484, 'validation_fraction': 0.8018638937028798}
Failure in optimizer observe. Ignoring these observations.
module 'numpy' has no attribute 'int'.
`np.int` was a deprecated alias for the builtin `int`. To avoid this error in existing code, use `int` by itself. Doing this will not modify any behavior and is safe. When replacing `np.int`, you may wish to use e.g. `np.int64` or `np.int32` to specify the precision. If you wish to review your current use, check the release note link for additional information.
The aliases was originally deprecated in NumPy 1.20; for more details and guidance see the original release note at:
    https://numpy.org/devdocs/release/1.20.0-notes.html#deprecations
Traceback (most recent call last):
  File "/home/ryedida/.local/lib/python3.9/site-packages/bayesmark/experiment.py", line 172, in run_study
    optimizer.observe(next_points, eval_list)
  File "/home/ryedida/bbo_challenge_starter_kit/example_submissions/skopt/optimizer.py", line 146, in observe
    self.skopt.tell(xx, yy)
  File "/home/ryedida/.local/lib/python3.9/site-packages/skopt/optimizer/optimizer.py", line 493, in tell
    return self._tell(x, y, fit=fit)
  File "/home/ryedida/.local/lib/python3.9/site-packages/skopt/optimizer/optimizer.py", line 536, in _tell
    est.fit(self.space.transform(self.Xi), self.yi)
  File "/home/ryedida/.local/lib/python3.9/site-packages/skopt/space/space.py", line 969, in transform
    columns[j] = self.dimensions[j].transform(columns[j])
  File "/home/ryedida/.local/lib/python3.9/site-packages/skopt/space/space.py", line 162, in transform
    return self.transformer.transform(X)
  File "/home/ryedida/.local/lib/python3.9/site-packages/skopt/space/transformers.py", line 304, in transform
    X = transformer.transform(X)
  File "/home/ryedida/.local/lib/python3.9/site-packages/skopt/space/transformers.py", line 262, in transform
    return (np.round(X).astype(np.int) - self.low) /\
  File "/home/ryedida/.local/lib/python3.9/site-packages/numpy/__init__.py", line 305, in __getattr__
    raise AttributeError(__former_attrs__[attr])
AttributeError: module 'numpy' has no attribute 'int'.
`np.int` was a deprecated alias for the builtin `int`. To avoid this error in existing code, use `int` by itself. Doing this will not modify any behavior and is safe. When replacing `np.int`, you may wish to use e.g. `np.int64` or `np.int32` to specify the precision. If you wish to review your current use, check the release note link for additional information.
The aliases was originally deprecated in NumPy 1.20; for more details and guidance see the original release note at:
    https://numpy.org/devdocs/release/1.20.0-notes.html#deprecations
observation time 0.000866, current best 0.355625 at iter 4
Failure in optimizer suggest. Falling back to random search.
module 'numpy' has no attribute 'int'.
`np.int` was a deprecated alias for the builtin `int`. To avoid this error in existing code, use `int` by itself. Doing this will not modify any behavior and is safe. When replacing `np.int`, you may wish to use e.g. `np.int64` or `np.int32` to specify the precision. If you wish to review your current use, check the release note link for additional information.
The aliases was originally deprecated in NumPy 1.20; for more details and guidance see the original release note at:
    https://numpy.org/devdocs/release/1.20.0-notes.html#deprecations
Traceback (most recent call last):
  File "/home/ryedida/.local/lib/python3.9/site-packages/bayesmark/experiment.py", line 126, in run_study
    next_points = optimizer.suggest(n_suggestions)
  File "/home/ryedida/bbo_challenge_starter_kit/example_submissions/skopt/optimizer.py", line 116, in suggest
    next_guess = self.skopt.ask(n_points=n_suggestions)
  File "/home/ryedida/.local/lib/python3.9/site-packages/skopt/optimizer/optimizer.py", line 390, in ask
    opt = self.copy(random_state=self.rng.randint(0,
  File "/home/ryedida/.local/lib/python3.9/site-packages/skopt/optimizer/optimizer.py", line 331, in copy
    optimizer._tell(self.Xi, self.yi)
  File "/home/ryedida/.local/lib/python3.9/site-packages/skopt/optimizer/optimizer.py", line 536, in _tell
    est.fit(self.space.transform(self.Xi), self.yi)
  File "/home/ryedida/.local/lib/python3.9/site-packages/skopt/space/space.py", line 969, in transform
    columns[j] = self.dimensions[j].transform(columns[j])
  File "/home/ryedida/.local/lib/python3.9/site-packages/skopt/space/space.py", line 162, in transform
    return self.transformer.transform(X)
  File "/home/ryedida/.local/lib/python3.9/site-packages/skopt/space/transformers.py", line 304, in transform
    X = transformer.transform(X)
  File "/home/ryedida/.local/lib/python3.9/site-packages/skopt/space/transformers.py", line 262, in transform
    return (np.round(X).astype(np.int) - self.low) /\
  File "/home/ryedida/.local/lib/python3.9/site-packages/numpy/__init__.py", line 305, in __getattr__
    raise AttributeError(__former_attrs__[attr])
AttributeError: module 'numpy' has no attribute 'int'.
`np.int` was a deprecated alias for the builtin `int`. To avoid this error in existing code, use `int` by itself. Doing this will not modify any behavior and is safe. When replacing `np.int`, you may wish to use e.g. `np.int64` or `np.int32` to specify the precision. If you wish to review your current use, check the release note link for additional information.
The aliases was originally deprecated in NumPy 1.20; for more details and guidance see the original release note at:
    https://numpy.org/devdocs/release/1.20.0-notes.html#deprecations
suggestion time taken 0.003460 iter 5 next_points [{'alpha': 0.4205806477924289, 'batch_size': 43, 'beta_1': 0.7772052166292549, 'beta_2': 0.9999900501684849, 'epsilon': 6.101933503624209e-08, 'hidden_layer_sizes': 145, 'learning_rate_init': 0.000752813930337545, 'tol': 0.00046995591705736406, 'validation_fraction': 0.23942269375732206}]
function_evaluation time 0.080558 value 0.943686 suggestion {'alpha': 0.4205806477924289, 'batch_size': 43, 'beta_1': 0.7772052166292549, 'beta_2': 0.9999900501684849, 'epsilon': 6.101933503624209e-08, 'hidden_layer_sizes': 145, 'learning_rate_init': 0.000752813930337545, 'tol': 0.00046995591705736406, 'validation_fraction': 0.23942269375732206}
Failure in optimizer observe. Ignoring these observations.
module 'numpy' has no attribute 'int'.
`np.int` was a deprecated alias for the builtin `int`. To avoid this error in existing code, use `int` by itself. Doing this will not modify any behavior and is safe. When replacing `np.int`, you may wish to use e.g. `np.int64` or `np.int32` to specify the precision. If you wish to review your current use, check the release note link for additional information.
The aliases was originally deprecated in NumPy 1.20; for more details and guidance see the original release note at:
    https://numpy.org/devdocs/release/1.20.0-notes.html#deprecations
Traceback (most recent call last):
  File "/home/ryedida/.local/lib/python3.9/site-packages/bayesmark/experiment.py", line 172, in run_study
    optimizer.observe(next_points, eval_list)
  File "/home/ryedida/bbo_challenge_starter_kit/example_submissions/skopt/optimizer.py", line 146, in observe
    self.skopt.tell(xx, yy)
  File "/home/ryedida/.local/lib/python3.9/site-packages/skopt/optimizer/optimizer.py", line 493, in tell
    return self._tell(x, y, fit=fit)
  File "/home/ryedida/.local/lib/python3.9/site-packages/skopt/optimizer/optimizer.py", line 536, in _tell
    est.fit(self.space.transform(self.Xi), self.yi)
  File "/home/ryedida/.local/lib/python3.9/site-packages/skopt/space/space.py", line 969, in transform
    columns[j] = self.dimensions[j].transform(columns[j])
  File "/home/ryedida/.local/lib/python3.9/site-packages/skopt/space/space.py", line 162, in transform
    return self.transformer.transform(X)
  File "/home/ryedida/.local/lib/python3.9/site-packages/skopt/space/transformers.py", line 304, in transform
    X = transformer.transform(X)
  File "/home/ryedida/.local/lib/python3.9/site-packages/skopt/space/transformers.py", line 262, in transform
    return (np.round(X).astype(np.int) - self.low) /\
  File "/home/ryedida/.local/lib/python3.9/site-packages/numpy/__init__.py", line 305, in __getattr__
    raise AttributeError(__former_attrs__[attr])
AttributeError: module 'numpy' has no attribute 'int'.
`np.int` was a deprecated alias for the builtin `int`. To avoid this error in existing code, use `int` by itself. Doing this will not modify any behavior and is safe. When replacing `np.int`, you may wish to use e.g. `np.int64` or `np.int32` to specify the precision. If you wish to review your current use, check the release note link for additional information.
The aliases was originally deprecated in NumPy 1.20; for more details and guidance see the original release note at:
    https://numpy.org/devdocs/release/1.20.0-notes.html#deprecations
observation time 0.001984, current best 0.355625 at iter 5
Failure in optimizer suggest. Falling back to random search.
module 'numpy' has no attribute 'int'.
`np.int` was a deprecated alias for the builtin `int`. To avoid this error in existing code, use `int` by itself. Doing this will not modify any behavior and is safe. When replacing `np.int`, you may wish to use e.g. `np.int64` or `np.int32` to specify the precision. If you wish to review your current use, check the release note link for additional information.
The aliases was originally deprecated in NumPy 1.20; for more details and guidance see the original release note at:
    https://numpy.org/devdocs/release/1.20.0-notes.html#deprecations
Traceback (most recent call last):
  File "/home/ryedida/.local/lib/python3.9/site-packages/bayesmark/experiment.py", line 126, in run_study
    next_points = optimizer.suggest(n_suggestions)
  File "/home/ryedida/bbo_challenge_starter_kit/example_submissions/skopt/optimizer.py", line 116, in suggest
    next_guess = self.skopt.ask(n_points=n_suggestions)
  File "/home/ryedida/.local/lib/python3.9/site-packages/skopt/optimizer/optimizer.py", line 390, in ask
    opt = self.copy(random_state=self.rng.randint(0,
  File "/home/ryedida/.local/lib/python3.9/site-packages/skopt/optimizer/optimizer.py", line 331, in copy
    optimizer._tell(self.Xi, self.yi)
  File "/home/ryedida/.local/lib/python3.9/site-packages/skopt/optimizer/optimizer.py", line 536, in _tell
    est.fit(self.space.transform(self.Xi), self.yi)
  File "/home/ryedida/.local/lib/python3.9/site-packages/skopt/space/space.py", line 969, in transform
    columns[j] = self.dimensions[j].transform(columns[j])
  File "/home/ryedida/.local/lib/python3.9/site-packages/skopt/space/space.py", line 162, in transform
    return self.transformer.transform(X)
  File "/home/ryedida/.local/lib/python3.9/site-packages/skopt/space/transformers.py", line 304, in transform
    X = transformer.transform(X)
  File "/home/ryedida/.local/lib/python3.9/site-packages/skopt/space/transformers.py", line 262, in transform
    return (np.round(X).astype(np.int) - self.low) /\
  File "/home/ryedida/.local/lib/python3.9/site-packages/numpy/__init__.py", line 305, in __getattr__
    raise AttributeError(__former_attrs__[attr])
AttributeError: module 'numpy' has no attribute 'int'.
`np.int` was a deprecated alias for the builtin `int`. To avoid this error in existing code, use `int` by itself. Doing this will not modify any behavior and is safe. When replacing `np.int`, you may wish to use e.g. `np.int64` or `np.int32` to specify the precision. If you wish to review your current use, check the release note link for additional information.
The aliases was originally deprecated in NumPy 1.20; for more details and guidance see the original release note at:
    https://numpy.org/devdocs/release/1.20.0-notes.html#deprecations
suggestion time taken 0.003191 iter 6 next_points [{'alpha': 0.010039351387902127, 'batch_size': 57, 'beta_1': 0.8270117471265841, 'beta_2': 0.9808314915302665, 'epsilon': 2.344904243404634e-07, 'hidden_layer_sizes': 102, 'learning_rate_init': 0.00929038497793724, 'tol': 0.017282360977400484, 'validation_fraction': 0.7428661364037884}]
/home/ryedida/.local/lib/python3.9/site-packages/sklearn/neural_network/_multilayer_perceptron.py:605: UserWarning: Got `batch_size` less than 1 or larger than sample size. It is going to be clipped
  warnings.warn(

function_evaluation time 0.072021 value 0.450948 suggestion {'alpha': 0.010039351387902127, 'batch_size': 57, 'beta_1': 0.8270117471265841, 'beta_2': 0.9808314915302665, 'epsilon': 2.344904243404634e-07, 'hidden_layer_sizes': 102, 'learning_rate_init': 0.00929038497793724, 'tol': 0.017282360977400484, 'validation_fraction': 0.7428661364037884}
Failure in optimizer observe. Ignoring these observations.
module 'numpy' has no attribute 'int'.
`np.int` was a deprecated alias for the builtin `int`. To avoid this error in existing code, use `int` by itself. Doing this will not modify any behavior and is safe. When replacing `np.int`, you may wish to use e.g. `np.int64` or `np.int32` to specify the precision. If you wish to review your current use, check the release note link for additional information.
The aliases was originally deprecated in NumPy 1.20; for more details and guidance see the original release note at:
    https://numpy.org/devdocs/release/1.20.0-notes.html#deprecations
Traceback (most recent call last):
  File "/home/ryedida/.local/lib/python3.9/site-packages/bayesmark/experiment.py", line 172, in run_study
    optimizer.observe(next_points, eval_list)
  File "/home/ryedida/bbo_challenge_starter_kit/example_submissions/skopt/optimizer.py", line 146, in observe
    self.skopt.tell(xx, yy)
  File "/home/ryedida/.local/lib/python3.9/site-packages/skopt/optimizer/optimizer.py", line 493, in tell
    return self._tell(x, y, fit=fit)
  File "/home/ryedida/.local/lib/python3.9/site-packages/skopt/optimizer/optimizer.py", line 536, in _tell
    est.fit(self.space.transform(self.Xi), self.yi)
  File "/home/ryedida/.local/lib/python3.9/site-packages/skopt/space/space.py", line 969, in transform
    columns[j] = self.dimensions[j].transform(columns[j])
  File "/home/ryedida/.local/lib/python3.9/site-packages/skopt/space/space.py", line 162, in transform
    return self.transformer.transform(X)
  File "/home/ryedida/.local/lib/python3.9/site-packages/skopt/space/transformers.py", line 304, in transform
    X = transformer.transform(X)
  File "/home/ryedida/.local/lib/python3.9/site-packages/skopt/space/transformers.py", line 262, in transform
    return (np.round(X).astype(np.int) - self.low) /\
  File "/home/ryedida/.local/lib/python3.9/site-packages/numpy/__init__.py", line 305, in __getattr__
    raise AttributeError(__former_attrs__[attr])
AttributeError: module 'numpy' has no attribute 'int'.
`np.int` was a deprecated alias for the builtin `int`. To avoid this error in existing code, use `int` by itself. Doing this will not modify any behavior and is safe. When replacing `np.int`, you may wish to use e.g. `np.int64` or `np.int32` to specify the precision. If you wish to review your current use, check the release note link for additional information.
The aliases was originally deprecated in NumPy 1.20; for more details and guidance see the original release note at:
    https://numpy.org/devdocs/release/1.20.0-notes.html#deprecations
observation time 0.000830, current best 0.355625 at iter 6
Failure in optimizer suggest. Falling back to random search.
module 'numpy' has no attribute 'int'.
`np.int` was a deprecated alias for the builtin `int`. To avoid this error in existing code, use `int` by itself. Doing this will not modify any behavior and is safe. When replacing `np.int`, you may wish to use e.g. `np.int64` or `np.int32` to specify the precision. If you wish to review your current use, check the release note link for additional information.
The aliases was originally deprecated in NumPy 1.20; for more details and guidance see the original release note at:
    https://numpy.org/devdocs/release/1.20.0-notes.html#deprecations
Traceback (most recent call last):
  File "/home/ryedida/.local/lib/python3.9/site-packages/bayesmark/experiment.py", line 126, in run_study
    next_points = optimizer.suggest(n_suggestions)
  File "/home/ryedida/bbo_challenge_starter_kit/example_submissions/skopt/optimizer.py", line 116, in suggest
    next_guess = self.skopt.ask(n_points=n_suggestions)
  File "/home/ryedida/.local/lib/python3.9/site-packages/skopt/optimizer/optimizer.py", line 390, in ask
    opt = self.copy(random_state=self.rng.randint(0,
  File "/home/ryedida/.local/lib/python3.9/site-packages/skopt/optimizer/optimizer.py", line 331, in copy
    optimizer._tell(self.Xi, self.yi)
  File "/home/ryedida/.local/lib/python3.9/site-packages/skopt/optimizer/optimizer.py", line 536, in _tell
    est.fit(self.space.transform(self.Xi), self.yi)
  File "/home/ryedida/.local/lib/python3.9/site-packages/skopt/space/space.py", line 969, in transform
    columns[j] = self.dimensions[j].transform(columns[j])
  File "/home/ryedida/.local/lib/python3.9/site-packages/skopt/space/space.py", line 162, in transform
    return self.transformer.transform(X)
  File "/home/ryedida/.local/lib/python3.9/site-packages/skopt/space/transformers.py", line 304, in transform
    X = transformer.transform(X)
  File "/home/ryedida/.local/lib/python3.9/site-packages/skopt/space/transformers.py", line 262, in transform
    return (np.round(X).astype(np.int) - self.low) /\
  File "/home/ryedida/.local/lib/python3.9/site-packages/numpy/__init__.py", line 305, in __getattr__
    raise AttributeError(__former_attrs__[attr])
AttributeError: module 'numpy' has no attribute 'int'.
`np.int` was a deprecated alias for the builtin `int`. To avoid this error in existing code, use `int` by itself. Doing this will not modify any behavior and is safe. When replacing `np.int`, you may wish to use e.g. `np.int64` or `np.int32` to specify the precision. If you wish to review your current use, check the release note link for additional information.
The aliases was originally deprecated in NumPy 1.20; for more details and guidance see the original release note at:
    https://numpy.org/devdocs/release/1.20.0-notes.html#deprecations
suggestion time taken 0.003040 iter 7 next_points [{'alpha': 0.004679565682983192, 'batch_size': 188, 'beta_1': 0.8014004728839483, 'beta_2': 0.9995294200499764, 'epsilon': 1.1353169476007992e-07, 'hidden_layer_sizes': 109, 'learning_rate_init': 1.8770887618091283e-05, 'tol': 3.717218049949701e-05, 'validation_fraction': 0.6418875848954275}]
/home/ryedida/.local/lib/python3.9/site-packages/sklearn/neural_network/_multilayer_perceptron.py:605: UserWarning: Got `batch_size` less than 1 or larger than sample size. It is going to be clipped
  warnings.warn(

function_evaluation time 0.060591 value 1.302887 suggestion {'alpha': 0.004679565682983192, 'batch_size': 188, 'beta_1': 0.8014004728839483, 'beta_2': 0.9995294200499764, 'epsilon': 1.1353169476007992e-07, 'hidden_layer_sizes': 109, 'learning_rate_init': 1.8770887618091283e-05, 'tol': 3.717218049949701e-05, 'validation_fraction': 0.6418875848954275}
Failure in optimizer observe. Ignoring these observations.
module 'numpy' has no attribute 'int'.
`np.int` was a deprecated alias for the builtin `int`. To avoid this error in existing code, use `int` by itself. Doing this will not modify any behavior and is safe. When replacing `np.int`, you may wish to use e.g. `np.int64` or `np.int32` to specify the precision. If you wish to review your current use, check the release note link for additional information.
The aliases was originally deprecated in NumPy 1.20; for more details and guidance see the original release note at:
    https://numpy.org/devdocs/release/1.20.0-notes.html#deprecations
Traceback (most recent call last):
  File "/home/ryedida/.local/lib/python3.9/site-packages/bayesmark/experiment.py", line 172, in run_study
    optimizer.observe(next_points, eval_list)
  File "/home/ryedida/bbo_challenge_starter_kit/example_submissions/skopt/optimizer.py", line 146, in observe
    self.skopt.tell(xx, yy)
  File "/home/ryedida/.local/lib/python3.9/site-packages/skopt/optimizer/optimizer.py", line 493, in tell
    return self._tell(x, y, fit=fit)
  File "/home/ryedida/.local/lib/python3.9/site-packages/skopt/optimizer/optimizer.py", line 536, in _tell
    est.fit(self.space.transform(self.Xi), self.yi)
  File "/home/ryedida/.local/lib/python3.9/site-packages/skopt/space/space.py", line 969, in transform
    columns[j] = self.dimensions[j].transform(columns[j])
  File "/home/ryedida/.local/lib/python3.9/site-packages/skopt/space/space.py", line 162, in transform
    return self.transformer.transform(X)
  File "/home/ryedida/.local/lib/python3.9/site-packages/skopt/space/transformers.py", line 304, in transform
    X = transformer.transform(X)
  File "/home/ryedida/.local/lib/python3.9/site-packages/skopt/space/transformers.py", line 262, in transform
    return (np.round(X).astype(np.int) - self.low) /\
  File "/home/ryedida/.local/lib/python3.9/site-packages/numpy/__init__.py", line 305, in __getattr__
    raise AttributeError(__former_attrs__[attr])
AttributeError: module 'numpy' has no attribute 'int'.
`np.int` was a deprecated alias for the builtin `int`. To avoid this error in existing code, use `int` by itself. Doing this will not modify any behavior and is safe. When replacing `np.int`, you may wish to use e.g. `np.int64` or `np.int32` to specify the precision. If you wish to review your current use, check the release note link for additional information.
The aliases was originally deprecated in NumPy 1.20; for more details and guidance see the original release note at:
    https://numpy.org/devdocs/release/1.20.0-notes.html#deprecations
observation time 0.000827, current best 0.355625 at iter 7
Failure in optimizer suggest. Falling back to random search.
module 'numpy' has no attribute 'int'.
`np.int` was a deprecated alias for the builtin `int`. To avoid this error in existing code, use `int` by itself. Doing this will not modify any behavior and is safe. When replacing `np.int`, you may wish to use e.g. `np.int64` or `np.int32` to specify the precision. If you wish to review your current use, check the release note link for additional information.
The aliases was originally deprecated in NumPy 1.20; for more details and guidance see the original release note at:
    https://numpy.org/devdocs/release/1.20.0-notes.html#deprecations
Traceback (most recent call last):
  File "/home/ryedida/.local/lib/python3.9/site-packages/bayesmark/experiment.py", line 126, in run_study
    next_points = optimizer.suggest(n_suggestions)
  File "/home/ryedida/bbo_challenge_starter_kit/example_submissions/skopt/optimizer.py", line 116, in suggest
    next_guess = self.skopt.ask(n_points=n_suggestions)
  File "/home/ryedida/.local/lib/python3.9/site-packages/skopt/optimizer/optimizer.py", line 390, in ask
    opt = self.copy(random_state=self.rng.randint(0,
  File "/home/ryedida/.local/lib/python3.9/site-packages/skopt/optimizer/optimizer.py", line 331, in copy
    optimizer._tell(self.Xi, self.yi)
  File "/home/ryedida/.local/lib/python3.9/site-packages/skopt/optimizer/optimizer.py", line 536, in _tell
    est.fit(self.space.transform(self.Xi), self.yi)
  File "/home/ryedida/.local/lib/python3.9/site-packages/skopt/space/space.py", line 969, in transform
    columns[j] = self.dimensions[j].transform(columns[j])
  File "/home/ryedida/.local/lib/python3.9/site-packages/skopt/space/space.py", line 162, in transform
    return self.transformer.transform(X)
  File "/home/ryedida/.local/lib/python3.9/site-packages/skopt/space/transformers.py", line 304, in transform
    X = transformer.transform(X)
  File "/home/ryedida/.local/lib/python3.9/site-packages/skopt/space/transformers.py", line 262, in transform
    return (np.round(X).astype(np.int) - self.low) /\
  File "/home/ryedida/.local/lib/python3.9/site-packages/numpy/__init__.py", line 305, in __getattr__
    raise AttributeError(__former_attrs__[attr])
AttributeError: module 'numpy' has no attribute 'int'.
`np.int` was a deprecated alias for the builtin `int`. To avoid this error in existing code, use `int` by itself. Doing this will not modify any behavior and is safe. When replacing `np.int`, you may wish to use e.g. `np.int64` or `np.int32` to specify the precision. If you wish to review your current use, check the release note link for additional information.
The aliases was originally deprecated in NumPy 1.20; for more details and guidance see the original release note at:
    https://numpy.org/devdocs/release/1.20.0-notes.html#deprecations
suggestion time taken 0.003034 iter 8 next_points [{'alpha': 1.6867174991490774, 'batch_size': 149, 'beta_1': 0.9845336982391845, 'beta_2': 0.9999787299448825, 'epsilon': 6.521688853032056e-07, 'hidden_layer_sizes': 66, 'learning_rate_init': 1.8403881789304572e-05, 'tol': 0.0571583335540794, 'validation_fraction': 0.20390194920471566}]
/home/ryedida/.local/lib/python3.9/site-packages/sklearn/neural_network/_multilayer_perceptron.py:605: UserWarning: Got `batch_size` less than 1 or larger than sample size. It is going to be clipped
  warnings.warn(

function_evaluation time 0.042809 value 1.466221 suggestion {'alpha': 1.6867174991490774, 'batch_size': 149, 'beta_1': 0.9845336982391845, 'beta_2': 0.9999787299448825, 'epsilon': 6.521688853032056e-07, 'hidden_layer_sizes': 66, 'learning_rate_init': 1.8403881789304572e-05, 'tol': 0.0571583335540794, 'validation_fraction': 0.20390194920471566}
Failure in optimizer observe. Ignoring these observations.
module 'numpy' has no attribute 'int'.
`np.int` was a deprecated alias for the builtin `int`. To avoid this error in existing code, use `int` by itself. Doing this will not modify any behavior and is safe. When replacing `np.int`, you may wish to use e.g. `np.int64` or `np.int32` to specify the precision. If you wish to review your current use, check the release note link for additional information.
The aliases was originally deprecated in NumPy 1.20; for more details and guidance see the original release note at:
    https://numpy.org/devdocs/release/1.20.0-notes.html#deprecations
Traceback (most recent call last):
  File "/home/ryedida/.local/lib/python3.9/site-packages/bayesmark/experiment.py", line 172, in run_study
    optimizer.observe(next_points, eval_list)
  File "/home/ryedida/bbo_challenge_starter_kit/example_submissions/skopt/optimizer.py", line 146, in observe
    self.skopt.tell(xx, yy)
  File "/home/ryedida/.local/lib/python3.9/site-packages/skopt/optimizer/optimizer.py", line 493, in tell
    return self._tell(x, y, fit=fit)
  File "/home/ryedida/.local/lib/python3.9/site-packages/skopt/optimizer/optimizer.py", line 536, in _tell
    est.fit(self.space.transform(self.Xi), self.yi)
  File "/home/ryedida/.local/lib/python3.9/site-packages/skopt/space/space.py", line 969, in transform
    columns[j] = self.dimensions[j].transform(columns[j])
  File "/home/ryedida/.local/lib/python3.9/site-packages/skopt/space/space.py", line 162, in transform
    return self.transformer.transform(X)
  File "/home/ryedida/.local/lib/python3.9/site-packages/skopt/space/transformers.py", line 304, in transform
    X = transformer.transform(X)
  File "/home/ryedida/.local/lib/python3.9/site-packages/skopt/space/transformers.py", line 262, in transform
    return (np.round(X).astype(np.int) - self.low) /\
  File "/home/ryedida/.local/lib/python3.9/site-packages/numpy/__init__.py", line 305, in __getattr__
    raise AttributeError(__former_attrs__[attr])
AttributeError: module 'numpy' has no attribute 'int'.
`np.int` was a deprecated alias for the builtin `int`. To avoid this error in existing code, use `int` by itself. Doing this will not modify any behavior and is safe. When replacing `np.int`, you may wish to use e.g. `np.int64` or `np.int32` to specify the precision. If you wish to review your current use, check the release note link for additional information.
The aliases was originally deprecated in NumPy 1.20; for more details and guidance see the original release note at:
    https://numpy.org/devdocs/release/1.20.0-notes.html#deprecations
observation time 0.000860, current best 0.355625 at iter 8
Failure in optimizer suggest. Falling back to random search.
module 'numpy' has no attribute 'int'.
`np.int` was a deprecated alias for the builtin `int`. To avoid this error in existing code, use `int` by itself. Doing this will not modify any behavior and is safe. When replacing `np.int`, you may wish to use e.g. `np.int64` or `np.int32` to specify the precision. If you wish to review your current use, check the release note link for additional information.
The aliases was originally deprecated in NumPy 1.20; for more details and guidance see the original release note at:
    https://numpy.org/devdocs/release/1.20.0-notes.html#deprecations
Traceback (most recent call last):
  File "/home/ryedida/.local/lib/python3.9/site-packages/bayesmark/experiment.py", line 126, in run_study
    next_points = optimizer.suggest(n_suggestions)
  File "/home/ryedida/bbo_challenge_starter_kit/example_submissions/skopt/optimizer.py", line 116, in suggest
    next_guess = self.skopt.ask(n_points=n_suggestions)
  File "/home/ryedida/.local/lib/python3.9/site-packages/skopt/optimizer/optimizer.py", line 390, in ask
    opt = self.copy(random_state=self.rng.randint(0,
  File "/home/ryedida/.local/lib/python3.9/site-packages/skopt/optimizer/optimizer.py", line 331, in copy
    optimizer._tell(self.Xi, self.yi)
  File "/home/ryedida/.local/lib/python3.9/site-packages/skopt/optimizer/optimizer.py", line 536, in _tell
    est.fit(self.space.transform(self.Xi), self.yi)
  File "/home/ryedida/.local/lib/python3.9/site-packages/skopt/space/space.py", line 969, in transform
    columns[j] = self.dimensions[j].transform(columns[j])
  File "/home/ryedida/.local/lib/python3.9/site-packages/skopt/space/space.py", line 162, in transform
    return self.transformer.transform(X)
  File "/home/ryedida/.local/lib/python3.9/site-packages/skopt/space/transformers.py", line 304, in transform
    X = transformer.transform(X)
  File "/home/ryedida/.local/lib/python3.9/site-packages/skopt/space/transformers.py", line 262, in transform
    return (np.round(X).astype(np.int) - self.low) /\
  File "/home/ryedida/.local/lib/python3.9/site-packages/numpy/__init__.py", line 305, in __getattr__
    raise AttributeError(__former_attrs__[attr])
AttributeError: module 'numpy' has no attribute 'int'.
`np.int` was a deprecated alias for the builtin `int`. To avoid this error in existing code, use `int` by itself. Doing this will not modify any behavior and is safe. When replacing `np.int`, you may wish to use e.g. `np.int64` or `np.int32` to specify the precision. If you wish to review your current use, check the release note link for additional information.
The aliases was originally deprecated in NumPy 1.20; for more details and guidance see the original release note at:
    https://numpy.org/devdocs/release/1.20.0-notes.html#deprecations
suggestion time taken 0.003098 iter 9 next_points [{'alpha': 0.007268738758265921, 'batch_size': 57, 'beta_1': 0.8026646364777467, 'beta_2': 0.9991947761172719, 'epsilon': 1.8101916156248662e-07, 'hidden_layer_sizes': 101, 'learning_rate_init': 1.2034521821464733e-05, 'tol': 0.00010187580191669682, 'validation_fraction': 0.144070563156747}]
function_evaluation time 0.055915 value 1.301848 suggestion {'alpha': 0.007268738758265921, 'batch_size': 57, 'beta_1': 0.8026646364777467, 'beta_2': 0.9991947761172719, 'epsilon': 1.8101916156248662e-07, 'hidden_layer_sizes': 101, 'learning_rate_init': 1.2034521821464733e-05, 'tol': 0.00010187580191669682, 'validation_fraction': 0.144070563156747}
Failure in optimizer observe. Ignoring these observations.
module 'numpy' has no attribute 'int'.
`np.int` was a deprecated alias for the builtin `int`. To avoid this error in existing code, use `int` by itself. Doing this will not modify any behavior and is safe. When replacing `np.int`, you may wish to use e.g. `np.int64` or `np.int32` to specify the precision. If you wish to review your current use, check the release note link for additional information.
The aliases was originally deprecated in NumPy 1.20; for more details and guidance see the original release note at:
    https://numpy.org/devdocs/release/1.20.0-notes.html#deprecations
Traceback (most recent call last):
  File "/home/ryedida/.local/lib/python3.9/site-packages/bayesmark/experiment.py", line 172, in run_study
    optimizer.observe(next_points, eval_list)
  File "/home/ryedida/bbo_challenge_starter_kit/example_submissions/skopt/optimizer.py", line 146, in observe
    self.skopt.tell(xx, yy)
  File "/home/ryedida/.local/lib/python3.9/site-packages/skopt/optimizer/optimizer.py", line 493, in tell
    return self._tell(x, y, fit=fit)
  File "/home/ryedida/.local/lib/python3.9/site-packages/skopt/optimizer/optimizer.py", line 536, in _tell
    est.fit(self.space.transform(self.Xi), self.yi)
  File "/home/ryedida/.local/lib/python3.9/site-packages/skopt/space/space.py", line 969, in transform
    columns[j] = self.dimensions[j].transform(columns[j])
  File "/home/ryedida/.local/lib/python3.9/site-packages/skopt/space/space.py", line 162, in transform
    return self.transformer.transform(X)
  File "/home/ryedida/.local/lib/python3.9/site-packages/skopt/space/transformers.py", line 304, in transform
    X = transformer.transform(X)
  File "/home/ryedida/.local/lib/python3.9/site-packages/skopt/space/transformers.py", line 262, in transform
    return (np.round(X).astype(np.int) - self.low) /\
  File "/home/ryedida/.local/lib/python3.9/site-packages/numpy/__init__.py", line 305, in __getattr__
    raise AttributeError(__former_attrs__[attr])
AttributeError: module 'numpy' has no attribute 'int'.
`np.int` was a deprecated alias for the builtin `int`. To avoid this error in existing code, use `int` by itself. Doing this will not modify any behavior and is safe. When replacing `np.int`, you may wish to use e.g. `np.int64` or `np.int32` to specify the precision. If you wish to review your current use, check the release note link for additional information.
The aliases was originally deprecated in NumPy 1.20; for more details and guidance see the original release note at:
    https://numpy.org/devdocs/release/1.20.0-notes.html#deprecations
observation time 0.000863, current best 0.355625 at iter 9
Failure in optimizer suggest. Falling back to random search.
module 'numpy' has no attribute 'int'.
`np.int` was a deprecated alias for the builtin `int`. To avoid this error in existing code, use `int` by itself. Doing this will not modify any behavior and is safe. When replacing `np.int`, you may wish to use e.g. `np.int64` or `np.int32` to specify the precision. If you wish to review your current use, check the release note link for additional information.
The aliases was originally deprecated in NumPy 1.20; for more details and guidance see the original release note at:
    https://numpy.org/devdocs/release/1.20.0-notes.html#deprecations
Traceback (most recent call last):
  File "/home/ryedida/.local/lib/python3.9/site-packages/bayesmark/experiment.py", line 126, in run_study
    next_points = optimizer.suggest(n_suggestions)
  File "/home/ryedida/bbo_challenge_starter_kit/example_submissions/skopt/optimizer.py", line 116, in suggest
    next_guess = self.skopt.ask(n_points=n_suggestions)
  File "/home/ryedida/.local/lib/python3.9/site-packages/skopt/optimizer/optimizer.py", line 390, in ask
    opt = self.copy(random_state=self.rng.randint(0,
  File "/home/ryedida/.local/lib/python3.9/site-packages/skopt/optimizer/optimizer.py", line 331, in copy
    optimizer._tell(self.Xi, self.yi)
  File "/home/ryedida/.local/lib/python3.9/site-packages/skopt/optimizer/optimizer.py", line 536, in _tell
    est.fit(self.space.transform(self.Xi), self.yi)
  File "/home/ryedida/.local/lib/python3.9/site-packages/skopt/space/space.py", line 969, in transform
    columns[j] = self.dimensions[j].transform(columns[j])
  File "/home/ryedida/.local/lib/python3.9/site-packages/skopt/space/space.py", line 162, in transform
    return self.transformer.transform(X)
  File "/home/ryedida/.local/lib/python3.9/site-packages/skopt/space/transformers.py", line 304, in transform
    X = transformer.transform(X)
  File "/home/ryedida/.local/lib/python3.9/site-packages/skopt/space/transformers.py", line 262, in transform
    return (np.round(X).astype(np.int) - self.low) /\
  File "/home/ryedida/.local/lib/python3.9/site-packages/numpy/__init__.py", line 305, in __getattr__
    raise AttributeError(__former_attrs__[attr])
AttributeError: module 'numpy' has no attribute 'int'.
`np.int` was a deprecated alias for the builtin `int`. To avoid this error in existing code, use `int` by itself. Doing this will not modify any behavior and is safe. When replacing `np.int`, you may wish to use e.g. `np.int64` or `np.int32` to specify the precision. If you wish to review your current use, check the release note link for additional information.
The aliases was originally deprecated in NumPy 1.20; for more details and guidance see the original release note at:
    https://numpy.org/devdocs/release/1.20.0-notes.html#deprecations
suggestion time taken 0.003046 iter 10 next_points [{'alpha': 0.0018737797897437967, 'batch_size': 220, 'beta_1': 0.537915685227477, 'beta_2': 0.9974426317490807, 'epsilon': 2.4079057107875425e-08, 'hidden_layer_sizes': 112, 'learning_rate_init': 0.00011074079604257028, 'tol': 2.5175922576713218e-05, 'validation_fraction': 0.805853849754789}]
/home/ryedida/.local/lib/python3.9/site-packages/sklearn/neural_network/_multilayer_perceptron.py:605: UserWarning: Got `batch_size` less than 1 or larger than sample size. It is going to be clipped
  warnings.warn(

function_evaluation time 0.042621 value 1.290771 suggestion {'alpha': 0.0018737797897437967, 'batch_size': 220, 'beta_1': 0.537915685227477, 'beta_2': 0.9974426317490807, 'epsilon': 2.4079057107875425e-08, 'hidden_layer_sizes': 112, 'learning_rate_init': 0.00011074079604257028, 'tol': 2.5175922576713218e-05, 'validation_fraction': 0.805853849754789}
Failure in optimizer observe. Ignoring these observations.
module 'numpy' has no attribute 'int'.
`np.int` was a deprecated alias for the builtin `int`. To avoid this error in existing code, use `int` by itself. Doing this will not modify any behavior and is safe. When replacing `np.int`, you may wish to use e.g. `np.int64` or `np.int32` to specify the precision. If you wish to review your current use, check the release note link for additional information.
The aliases was originally deprecated in NumPy 1.20; for more details and guidance see the original release note at:
    https://numpy.org/devdocs/release/1.20.0-notes.html#deprecations
Traceback (most recent call last):
  File "/home/ryedida/.local/lib/python3.9/site-packages/bayesmark/experiment.py", line 172, in run_study
    optimizer.observe(next_points, eval_list)
  File "/home/ryedida/bbo_challenge_starter_kit/example_submissions/skopt/optimizer.py", line 146, in observe
    self.skopt.tell(xx, yy)
  File "/home/ryedida/.local/lib/python3.9/site-packages/skopt/optimizer/optimizer.py", line 493, in tell
    return self._tell(x, y, fit=fit)
  File "/home/ryedida/.local/lib/python3.9/site-packages/skopt/optimizer/optimizer.py", line 536, in _tell
    est.fit(self.space.transform(self.Xi), self.yi)
  File "/home/ryedida/.local/lib/python3.9/site-packages/skopt/space/space.py", line 969, in transform
    columns[j] = self.dimensions[j].transform(columns[j])
  File "/home/ryedida/.local/lib/python3.9/site-packages/skopt/space/space.py", line 162, in transform
    return self.transformer.transform(X)
  File "/home/ryedida/.local/lib/python3.9/site-packages/skopt/space/transformers.py", line 304, in transform
    X = transformer.transform(X)
  File "/home/ryedida/.local/lib/python3.9/site-packages/skopt/space/transformers.py", line 262, in transform
    return (np.round(X).astype(np.int) - self.low) /\
  File "/home/ryedida/.local/lib/python3.9/site-packages/numpy/__init__.py", line 305, in __getattr__
    raise AttributeError(__former_attrs__[attr])
AttributeError: module 'numpy' has no attribute 'int'.
`np.int` was a deprecated alias for the builtin `int`. To avoid this error in existing code, use `int` by itself. Doing this will not modify any behavior and is safe. When replacing `np.int`, you may wish to use e.g. `np.int64` or `np.int32` to specify the precision. If you wish to review your current use, check the release note link for additional information.
The aliases was originally deprecated in NumPy 1.20; for more details and guidance see the original release note at:
    https://numpy.org/devdocs/release/1.20.0-notes.html#deprecations
observation time 0.001692, current best 0.355625 at iter 10
Failure in optimizer suggest. Falling back to random search.
module 'numpy' has no attribute 'int'.
`np.int` was a deprecated alias for the builtin `int`. To avoid this error in existing code, use `int` by itself. Doing this will not modify any behavior and is safe. When replacing `np.int`, you may wish to use e.g. `np.int64` or `np.int32` to specify the precision. If you wish to review your current use, check the release note link for additional information.
The aliases was originally deprecated in NumPy 1.20; for more details and guidance see the original release note at:
    https://numpy.org/devdocs/release/1.20.0-notes.html#deprecations
Traceback (most recent call last):
  File "/home/ryedida/.local/lib/python3.9/site-packages/bayesmark/experiment.py", line 126, in run_study
    next_points = optimizer.suggest(n_suggestions)
  File "/home/ryedida/bbo_challenge_starter_kit/example_submissions/skopt/optimizer.py", line 116, in suggest
    next_guess = self.skopt.ask(n_points=n_suggestions)
  File "/home/ryedida/.local/lib/python3.9/site-packages/skopt/optimizer/optimizer.py", line 390, in ask
    opt = self.copy(random_state=self.rng.randint(0,
  File "/home/ryedida/.local/lib/python3.9/site-packages/skopt/optimizer/optimizer.py", line 331, in copy
    optimizer._tell(self.Xi, self.yi)
  File "/home/ryedida/.local/lib/python3.9/site-packages/skopt/optimizer/optimizer.py", line 536, in _tell
    est.fit(self.space.transform(self.Xi), self.yi)
  File "/home/ryedida/.local/lib/python3.9/site-packages/skopt/space/space.py", line 969, in transform
    columns[j] = self.dimensions[j].transform(columns[j])
  File "/home/ryedida/.local/lib/python3.9/site-packages/skopt/space/space.py", line 162, in transform
    return self.transformer.transform(X)
  File "/home/ryedida/.local/lib/python3.9/site-packages/skopt/space/transformers.py", line 304, in transform
    X = transformer.transform(X)
  File "/home/ryedida/.local/lib/python3.9/site-packages/skopt/space/transformers.py", line 262, in transform
    return (np.round(X).astype(np.int) - self.low) /\
  File "/home/ryedida/.local/lib/python3.9/site-packages/numpy/__init__.py", line 305, in __getattr__
    raise AttributeError(__former_attrs__[attr])
AttributeError: module 'numpy' has no attribute 'int'.
`np.int` was a deprecated alias for the builtin `int`. To avoid this error in existing code, use `int` by itself. Doing this will not modify any behavior and is safe. When replacing `np.int`, you may wish to use e.g. `np.int64` or `np.int32` to specify the precision. If you wish to review your current use, check the release note link for additional information.
The aliases was originally deprecated in NumPy 1.20; for more details and guidance see the original release note at:
    https://numpy.org/devdocs/release/1.20.0-notes.html#deprecations
suggestion time taken 0.003224 iter 11 next_points [{'alpha': 0.0002743948029321002, 'batch_size': 120, 'beta_1': 0.9255958983622996, 'beta_2': 0.9984705296611829, 'epsilon': 3.737427309490289e-08, 'hidden_layer_sizes': 116, 'learning_rate_init': 0.0001415388137975715, 'tol': 0.001055423964500931, 'validation_fraction': 0.7219700715866105}]
/home/ryedida/.local/lib/python3.9/site-packages/sklearn/neural_network/_multilayer_perceptron.py:605: UserWarning: Got `batch_size` less than 1 or larger than sample size. It is going to be clipped
  warnings.warn(

function_evaluation time 0.054656 value 1.518634 suggestion {'alpha': 0.0002743948029321002, 'batch_size': 120, 'beta_1': 0.9255958983622996, 'beta_2': 0.9984705296611829, 'epsilon': 3.737427309490289e-08, 'hidden_layer_sizes': 116, 'learning_rate_init': 0.0001415388137975715, 'tol': 0.001055423964500931, 'validation_fraction': 0.7219700715866105}
Failure in optimizer observe. Ignoring these observations.
module 'numpy' has no attribute 'int'.
`np.int` was a deprecated alias for the builtin `int`. To avoid this error in existing code, use `int` by itself. Doing this will not modify any behavior and is safe. When replacing `np.int`, you may wish to use e.g. `np.int64` or `np.int32` to specify the precision. If you wish to review your current use, check the release note link for additional information.
The aliases was originally deprecated in NumPy 1.20; for more details and guidance see the original release note at:
    https://numpy.org/devdocs/release/1.20.0-notes.html#deprecations
Traceback (most recent call last):
  File "/home/ryedida/.local/lib/python3.9/site-packages/bayesmark/experiment.py", line 172, in run_study
    optimizer.observe(next_points, eval_list)
  File "/home/ryedida/bbo_challenge_starter_kit/example_submissions/skopt/optimizer.py", line 146, in observe
    self.skopt.tell(xx, yy)
  File "/home/ryedida/.local/lib/python3.9/site-packages/skopt/optimizer/optimizer.py", line 493, in tell
    return self._tell(x, y, fit=fit)
  File "/home/ryedida/.local/lib/python3.9/site-packages/skopt/optimizer/optimizer.py", line 536, in _tell
    est.fit(self.space.transform(self.Xi), self.yi)
  File "/home/ryedida/.local/lib/python3.9/site-packages/skopt/space/space.py", line 969, in transform
    columns[j] = self.dimensions[j].transform(columns[j])
  File "/home/ryedida/.local/lib/python3.9/site-packages/skopt/space/space.py", line 162, in transform
    return self.transformer.transform(X)
  File "/home/ryedida/.local/lib/python3.9/site-packages/skopt/space/transformers.py", line 304, in transform
    X = transformer.transform(X)
  File "/home/ryedida/.local/lib/python3.9/site-packages/skopt/space/transformers.py", line 262, in transform
    return (np.round(X).astype(np.int) - self.low) /\
  File "/home/ryedida/.local/lib/python3.9/site-packages/numpy/__init__.py", line 305, in __getattr__
    raise AttributeError(__former_attrs__[attr])
AttributeError: module 'numpy' has no attribute 'int'.
`np.int` was a deprecated alias for the builtin `int`. To avoid this error in existing code, use `int` by itself. Doing this will not modify any behavior and is safe. When replacing `np.int`, you may wish to use e.g. `np.int64` or `np.int32` to specify the precision. If you wish to review your current use, check the release note link for additional information.
The aliases was originally deprecated in NumPy 1.20; for more details and guidance see the original release note at:
    https://numpy.org/devdocs/release/1.20.0-notes.html#deprecations
observation time 0.000823, current best 0.355625 at iter 11
Failure in optimizer suggest. Falling back to random search.
module 'numpy' has no attribute 'int'.
`np.int` was a deprecated alias for the builtin `int`. To avoid this error in existing code, use `int` by itself. Doing this will not modify any behavior and is safe. When replacing `np.int`, you may wish to use e.g. `np.int64` or `np.int32` to specify the precision. If you wish to review your current use, check the release note link for additional information.
The aliases was originally deprecated in NumPy 1.20; for more details and guidance see the original release note at:
    https://numpy.org/devdocs/release/1.20.0-notes.html#deprecations
Traceback (most recent call last):
  File "/home/ryedida/.local/lib/python3.9/site-packages/bayesmark/experiment.py", line 126, in run_study
    next_points = optimizer.suggest(n_suggestions)
  File "/home/ryedida/bbo_challenge_starter_kit/example_submissions/skopt/optimizer.py", line 116, in suggest
    next_guess = self.skopt.ask(n_points=n_suggestions)
  File "/home/ryedida/.local/lib/python3.9/site-packages/skopt/optimizer/optimizer.py", line 390, in ask
    opt = self.copy(random_state=self.rng.randint(0,
  File "/home/ryedida/.local/lib/python3.9/site-packages/skopt/optimizer/optimizer.py", line 331, in copy
    optimizer._tell(self.Xi, self.yi)
  File "/home/ryedida/.local/lib/python3.9/site-packages/skopt/optimizer/optimizer.py", line 536, in _tell
    est.fit(self.space.transform(self.Xi), self.yi)
  File "/home/ryedida/.local/lib/python3.9/site-packages/skopt/space/space.py", line 969, in transform
    columns[j] = self.dimensions[j].transform(columns[j])
  File "/home/ryedida/.local/lib/python3.9/site-packages/skopt/space/space.py", line 162, in transform
    return self.transformer.transform(X)
  File "/home/ryedida/.local/lib/python3.9/site-packages/skopt/space/transformers.py", line 304, in transform
    X = transformer.transform(X)
  File "/home/ryedida/.local/lib/python3.9/site-packages/skopt/space/transformers.py", line 262, in transform
    return (np.round(X).astype(np.int) - self.low) /\
  File "/home/ryedida/.local/lib/python3.9/site-packages/numpy/__init__.py", line 305, in __getattr__
    raise AttributeError(__former_attrs__[attr])
AttributeError: module 'numpy' has no attribute 'int'.
`np.int` was a deprecated alias for the builtin `int`. To avoid this error in existing code, use `int` by itself. Doing this will not modify any behavior and is safe. When replacing `np.int`, you may wish to use e.g. `np.int64` or `np.int32` to specify the precision. If you wish to review your current use, check the release note link for additional information.
The aliases was originally deprecated in NumPy 1.20; for more details and guidance see the original release note at:
    https://numpy.org/devdocs/release/1.20.0-notes.html#deprecations
suggestion time taken 0.003065 iter 12 next_points [{'alpha': 8.997798782790712, 'batch_size': 132, 'beta_1': 0.690281943466462, 'beta_2': 0.9770285024038312, 'epsilon': 2.3458498626580447e-09, 'hidden_layer_sizes': 86, 'learning_rate_init': 0.006747296201723138, 'tol': 0.0009014877153122523, 'validation_fraction': 0.1611095468868389}]
/home/ryedida/.local/lib/python3.9/site-packages/sklearn/neural_network/_multilayer_perceptron.py:605: UserWarning: Got `batch_size` less than 1 or larger than sample size. It is going to be clipped
  warnings.warn(

function_evaluation time 0.057670 value 0.759459 suggestion {'alpha': 8.997798782790712, 'batch_size': 132, 'beta_1': 0.690281943466462, 'beta_2': 0.9770285024038312, 'epsilon': 2.3458498626580447e-09, 'hidden_layer_sizes': 86, 'learning_rate_init': 0.006747296201723138, 'tol': 0.0009014877153122523, 'validation_fraction': 0.1611095468868389}
Failure in optimizer observe. Ignoring these observations.
module 'numpy' has no attribute 'int'.
`np.int` was a deprecated alias for the builtin `int`. To avoid this error in existing code, use `int` by itself. Doing this will not modify any behavior and is safe. When replacing `np.int`, you may wish to use e.g. `np.int64` or `np.int32` to specify the precision. If you wish to review your current use, check the release note link for additional information.
The aliases was originally deprecated in NumPy 1.20; for more details and guidance see the original release note at:
    https://numpy.org/devdocs/release/1.20.0-notes.html#deprecations
Traceback (most recent call last):
  File "/home/ryedida/.local/lib/python3.9/site-packages/bayesmark/experiment.py", line 172, in run_study
    optimizer.observe(next_points, eval_list)
  File "/home/ryedida/bbo_challenge_starter_kit/example_submissions/skopt/optimizer.py", line 146, in observe
    self.skopt.tell(xx, yy)
  File "/home/ryedida/.local/lib/python3.9/site-packages/skopt/optimizer/optimizer.py", line 493, in tell
    return self._tell(x, y, fit=fit)
  File "/home/ryedida/.local/lib/python3.9/site-packages/skopt/optimizer/optimizer.py", line 536, in _tell
    est.fit(self.space.transform(self.Xi), self.yi)
  File "/home/ryedida/.local/lib/python3.9/site-packages/skopt/space/space.py", line 969, in transform
    columns[j] = self.dimensions[j].transform(columns[j])
  File "/home/ryedida/.local/lib/python3.9/site-packages/skopt/space/space.py", line 162, in transform
    return self.transformer.transform(X)
  File "/home/ryedida/.local/lib/python3.9/site-packages/skopt/space/transformers.py", line 304, in transform
    X = transformer.transform(X)
  File "/home/ryedida/.local/lib/python3.9/site-packages/skopt/space/transformers.py", line 262, in transform
    return (np.round(X).astype(np.int) - self.low) /\
  File "/home/ryedida/.local/lib/python3.9/site-packages/numpy/__init__.py", line 305, in __getattr__
    raise AttributeError(__former_attrs__[attr])
AttributeError: module 'numpy' has no attribute 'int'.
`np.int` was a deprecated alias for the builtin `int`. To avoid this error in existing code, use `int` by itself. Doing this will not modify any behavior and is safe. When replacing `np.int`, you may wish to use e.g. `np.int64` or `np.int32` to specify the precision. If you wish to review your current use, check the release note link for additional information.
The aliases was originally deprecated in NumPy 1.20; for more details and guidance see the original release note at:
    https://numpy.org/devdocs/release/1.20.0-notes.html#deprecations
observation time 0.000867, current best 0.355625 at iter 12
Failure in optimizer suggest. Falling back to random search.
module 'numpy' has no attribute 'int'.
`np.int` was a deprecated alias for the builtin `int`. To avoid this error in existing code, use `int` by itself. Doing this will not modify any behavior and is safe. When replacing `np.int`, you may wish to use e.g. `np.int64` or `np.int32` to specify the precision. If you wish to review your current use, check the release note link for additional information.
The aliases was originally deprecated in NumPy 1.20; for more details and guidance see the original release note at:
    https://numpy.org/devdocs/release/1.20.0-notes.html#deprecations
Traceback (most recent call last):
  File "/home/ryedida/.local/lib/python3.9/site-packages/bayesmark/experiment.py", line 126, in run_study
    next_points = optimizer.suggest(n_suggestions)
  File "/home/ryedida/bbo_challenge_starter_kit/example_submissions/skopt/optimizer.py", line 116, in suggest
    next_guess = self.skopt.ask(n_points=n_suggestions)
  File "/home/ryedida/.local/lib/python3.9/site-packages/skopt/optimizer/optimizer.py", line 390, in ask
    opt = self.copy(random_state=self.rng.randint(0,
  File "/home/ryedida/.local/lib/python3.9/site-packages/skopt/optimizer/optimizer.py", line 331, in copy
    optimizer._tell(self.Xi, self.yi)
  File "/home/ryedida/.local/lib/python3.9/site-packages/skopt/optimizer/optimizer.py", line 536, in _tell
    est.fit(self.space.transform(self.Xi), self.yi)
  File "/home/ryedida/.local/lib/python3.9/site-packages/skopt/space/space.py", line 969, in transform
    columns[j] = self.dimensions[j].transform(columns[j])
  File "/home/ryedida/.local/lib/python3.9/site-packages/skopt/space/space.py", line 162, in transform
    return self.transformer.transform(X)
  File "/home/ryedida/.local/lib/python3.9/site-packages/skopt/space/transformers.py", line 304, in transform
    X = transformer.transform(X)
  File "/home/ryedida/.local/lib/python3.9/site-packages/skopt/space/transformers.py", line 262, in transform
    return (np.round(X).astype(np.int) - self.low) /\
  File "/home/ryedida/.local/lib/python3.9/site-packages/numpy/__init__.py", line 305, in __getattr__
    raise AttributeError(__former_attrs__[attr])
AttributeError: module 'numpy' has no attribute 'int'.
`np.int` was a deprecated alias for the builtin `int`. To avoid this error in existing code, use `int` by itself. Doing this will not modify any behavior and is safe. When replacing `np.int`, you may wish to use e.g. `np.int64` or `np.int32` to specify the precision. If you wish to review your current use, check the release note link for additional information.
The aliases was originally deprecated in NumPy 1.20; for more details and guidance see the original release note at:
    https://numpy.org/devdocs/release/1.20.0-notes.html#deprecations
suggestion time taken 0.003248 iter 13 next_points [{'alpha': 1.8774111120668338, 'batch_size': 102, 'beta_1': 0.9797371866349187, 'beta_2': 0.9999918575048035, 'epsilon': 1.4060824415257083e-07, 'hidden_layer_sizes': 116, 'learning_rate_init': 0.014747212310746771, 'tol': 6.1016441914885626e-05, 'validation_fraction': 0.3734184562690748}]
/home/ryedida/.local/lib/python3.9/site-packages/sklearn/neural_network/_multilayer_perceptron.py:605: UserWarning: Got `batch_size` less than 1 or larger than sample size. It is going to be clipped
  warnings.warn(

function_evaluation time 0.087780 value 0.375822 suggestion {'alpha': 1.8774111120668338, 'batch_size': 102, 'beta_1': 0.9797371866349187, 'beta_2': 0.9999918575048035, 'epsilon': 1.4060824415257083e-07, 'hidden_layer_sizes': 116, 'learning_rate_init': 0.014747212310746771, 'tol': 6.1016441914885626e-05, 'validation_fraction': 0.3734184562690748}
Failure in optimizer observe. Ignoring these observations.
module 'numpy' has no attribute 'int'.
`np.int` was a deprecated alias for the builtin `int`. To avoid this error in existing code, use `int` by itself. Doing this will not modify any behavior and is safe. When replacing `np.int`, you may wish to use e.g. `np.int64` or `np.int32` to specify the precision. If you wish to review your current use, check the release note link for additional information.
The aliases was originally deprecated in NumPy 1.20; for more details and guidance see the original release note at:
    https://numpy.org/devdocs/release/1.20.0-notes.html#deprecations
Traceback (most recent call last):
  File "/home/ryedida/.local/lib/python3.9/site-packages/bayesmark/experiment.py", line 172, in run_study
    optimizer.observe(next_points, eval_list)
  File "/home/ryedida/bbo_challenge_starter_kit/example_submissions/skopt/optimizer.py", line 146, in observe
    self.skopt.tell(xx, yy)
  File "/home/ryedida/.local/lib/python3.9/site-packages/skopt/optimizer/optimizer.py", line 493, in tell
    return self._tell(x, y, fit=fit)
  File "/home/ryedida/.local/lib/python3.9/site-packages/skopt/optimizer/optimizer.py", line 536, in _tell
    est.fit(self.space.transform(self.Xi), self.yi)
  File "/home/ryedida/.local/lib/python3.9/site-packages/skopt/space/space.py", line 969, in transform
    columns[j] = self.dimensions[j].transform(columns[j])
  File "/home/ryedida/.local/lib/python3.9/site-packages/skopt/space/space.py", line 162, in transform
    return self.transformer.transform(X)
  File "/home/ryedida/.local/lib/python3.9/site-packages/skopt/space/transformers.py", line 304, in transform
    X = transformer.transform(X)
  File "/home/ryedida/.local/lib/python3.9/site-packages/skopt/space/transformers.py", line 262, in transform
    return (np.round(X).astype(np.int) - self.low) /\
  File "/home/ryedida/.local/lib/python3.9/site-packages/numpy/__init__.py", line 305, in __getattr__
    raise AttributeError(__former_attrs__[attr])
AttributeError: module 'numpy' has no attribute 'int'.
`np.int` was a deprecated alias for the builtin `int`. To avoid this error in existing code, use `int` by itself. Doing this will not modify any behavior and is safe. When replacing `np.int`, you may wish to use e.g. `np.int64` or `np.int32` to specify the precision. If you wish to review your current use, check the release note link for additional information.
The aliases was originally deprecated in NumPy 1.20; for more details and guidance see the original release note at:
    https://numpy.org/devdocs/release/1.20.0-notes.html#deprecations
observation time 0.000821, current best 0.355625 at iter 13
Failure in optimizer suggest. Falling back to random search.
module 'numpy' has no attribute 'int'.
`np.int` was a deprecated alias for the builtin `int`. To avoid this error in existing code, use `int` by itself. Doing this will not modify any behavior and is safe. When replacing `np.int`, you may wish to use e.g. `np.int64` or `np.int32` to specify the precision. If you wish to review your current use, check the release note link for additional information.
The aliases was originally deprecated in NumPy 1.20; for more details and guidance see the original release note at:
    https://numpy.org/devdocs/release/1.20.0-notes.html#deprecations
Traceback (most recent call last):
  File "/home/ryedida/.local/lib/python3.9/site-packages/bayesmark/experiment.py", line 126, in run_study
    next_points = optimizer.suggest(n_suggestions)
  File "/home/ryedida/bbo_challenge_starter_kit/example_submissions/skopt/optimizer.py", line 116, in suggest
    next_guess = self.skopt.ask(n_points=n_suggestions)
  File "/home/ryedida/.local/lib/python3.9/site-packages/skopt/optimizer/optimizer.py", line 390, in ask
    opt = self.copy(random_state=self.rng.randint(0,
  File "/home/ryedida/.local/lib/python3.9/site-packages/skopt/optimizer/optimizer.py", line 331, in copy
    optimizer._tell(self.Xi, self.yi)
  File "/home/ryedida/.local/lib/python3.9/site-packages/skopt/optimizer/optimizer.py", line 536, in _tell
    est.fit(self.space.transform(self.Xi), self.yi)
  File "/home/ryedida/.local/lib/python3.9/site-packages/skopt/space/space.py", line 969, in transform
    columns[j] = self.dimensions[j].transform(columns[j])
  File "/home/ryedida/.local/lib/python3.9/site-packages/skopt/space/space.py", line 162, in transform
    return self.transformer.transform(X)
  File "/home/ryedida/.local/lib/python3.9/site-packages/skopt/space/transformers.py", line 304, in transform
    X = transformer.transform(X)
  File "/home/ryedida/.local/lib/python3.9/site-packages/skopt/space/transformers.py", line 262, in transform
    return (np.round(X).astype(np.int) - self.low) /\
  File "/home/ryedida/.local/lib/python3.9/site-packages/numpy/__init__.py", line 305, in __getattr__
    raise AttributeError(__former_attrs__[attr])
AttributeError: module 'numpy' has no attribute 'int'.
`np.int` was a deprecated alias for the builtin `int`. To avoid this error in existing code, use `int` by itself. Doing this will not modify any behavior and is safe. When replacing `np.int`, you may wish to use e.g. `np.int64` or `np.int32` to specify the precision. If you wish to review your current use, check the release note link for additional information.
The aliases was originally deprecated in NumPy 1.20; for more details and guidance see the original release note at:
    https://numpy.org/devdocs/release/1.20.0-notes.html#deprecations
suggestion time taken 0.003087 iter 14 next_points [{'alpha': 2.2138189136089166e-05, 'batch_size': 89, 'beta_1': 0.970629977693208, 'beta_2': 0.9999426200736029, 'epsilon': 2.0873391828625222e-09, 'hidden_layer_sizes': 56, 'learning_rate_init': 0.005084728861113618, 'tol': 0.00025882063077374107, 'validation_fraction': 0.1660479300161347}]
function_evaluation time 0.067243 value 0.777018 suggestion {'alpha': 2.2138189136089166e-05, 'batch_size': 89, 'beta_1': 0.970629977693208, 'beta_2': 0.9999426200736029, 'epsilon': 2.0873391828625222e-09, 'hidden_layer_sizes': 56, 'learning_rate_init': 0.005084728861113618, 'tol': 0.00025882063077374107, 'validation_fraction': 0.1660479300161347}
Failure in optimizer observe. Ignoring these observations.
module 'numpy' has no attribute 'int'.
`np.int` was a deprecated alias for the builtin `int`. To avoid this error in existing code, use `int` by itself. Doing this will not modify any behavior and is safe. When replacing `np.int`, you may wish to use e.g. `np.int64` or `np.int32` to specify the precision. If you wish to review your current use, check the release note link for additional information.
The aliases was originally deprecated in NumPy 1.20; for more details and guidance see the original release note at:
    https://numpy.org/devdocs/release/1.20.0-notes.html#deprecations
Traceback (most recent call last):
  File "/home/ryedida/.local/lib/python3.9/site-packages/bayesmark/experiment.py", line 172, in run_study
    optimizer.observe(next_points, eval_list)
  File "/home/ryedida/bbo_challenge_starter_kit/example_submissions/skopt/optimizer.py", line 146, in observe
    self.skopt.tell(xx, yy)
  File "/home/ryedida/.local/lib/python3.9/site-packages/skopt/optimizer/optimizer.py", line 493, in tell
    return self._tell(x, y, fit=fit)
  File "/home/ryedida/.local/lib/python3.9/site-packages/skopt/optimizer/optimizer.py", line 536, in _tell
    est.fit(self.space.transform(self.Xi), self.yi)
  File "/home/ryedida/.local/lib/python3.9/site-packages/skopt/space/space.py", line 969, in transform
    columns[j] = self.dimensions[j].transform(columns[j])
  File "/home/ryedida/.local/lib/python3.9/site-packages/skopt/space/space.py", line 162, in transform
    return self.transformer.transform(X)
  File "/home/ryedida/.local/lib/python3.9/site-packages/skopt/space/transformers.py", line 304, in transform
    X = transformer.transform(X)
  File "/home/ryedida/.local/lib/python3.9/site-packages/skopt/space/transformers.py", line 262, in transform
    return (np.round(X).astype(np.int) - self.low) /\
  File "/home/ryedida/.local/lib/python3.9/site-packages/numpy/__init__.py", line 305, in __getattr__
    raise AttributeError(__former_attrs__[attr])
AttributeError: module 'numpy' has no attribute 'int'.
`np.int` was a deprecated alias for the builtin `int`. To avoid this error in existing code, use `int` by itself. Doing this will not modify any behavior and is safe. When replacing `np.int`, you may wish to use e.g. `np.int64` or `np.int32` to specify the precision. If you wish to review your current use, check the release note link for additional information.
The aliases was originally deprecated in NumPy 1.20; for more details and guidance see the original release note at:
    https://numpy.org/devdocs/release/1.20.0-notes.html#deprecations
observation time 0.000887, current best 0.355625 at iter 14
saving meta data: {'args': {'--uuid': '06e48c9546295818b54c7e66708df9db', '-db-root': '/home/ryedida/bbo_challenge_starter_kit/output', '--opt-root': '/home/ryedida/bbo_challenge_starter_kit/example_submissions', '--data-root': None, '--db': 'run_20230424_161204', '--opt': 'skopt', '--data': 'iris', '--classifier': 'MLP-adam', '--metric': 'nll', '--calls': 15, '--suggestions': 1, '--jobs-file': None, '--verbose': False, 'dry_run': False, 'rev': 'a376313', 'opt_rev': '0.9.0'}, 'signature': ([{'alpha': 0.019628224813442792, 'batch_size': 182, 'beta_1': 0.9410202200271762, 'beta_2': 0.9998021557676793, 'epsilon': 1.8662266976518e-08, 'hidden_layer_sizes': 147, 'learning_rate_init': 0.0005627932047415167, 'tol': 0.03690557729213761, 'validation_fraction': 0.8846827852548593}, {'alpha': 0.0019982467392329444, 'batch_size': 200, 'beta_1': 0.919111482530466, 'beta_2': 0.9998488260436156, 'epsilon': 5.981221901152555e-07, 'hidden_layer_sizes': 61, 'learning_rate_init': 2.2310905607443014e-05, 'tol': 1.2046852412030316e-05, 'validation_fraction': 0.8117896445826539}, {'alpha': 0.46659545670218433, 'batch_size': 219, 'beta_1': 0.9889789783750891, 'beta_2': 0.9999896868093284, 'epsilon': 2.4234724484675948e-08, 'hidden_layer_sizes': 167, 'learning_rate_init': 2.972334644335654e-05, 'tol': 0.0036281404040243792, 'validation_fraction': 0.17260651658522078}, {'alpha': 4.656005689076002, 'batch_size': 135, 'beta_1': 0.870503881627747, 'beta_2': 0.9948873266941017, 'epsilon': 2.1023308743480125e-07, 'hidden_layer_sizes': 118, 'learning_rate_init': 0.0018781738757161913, 'tol': 1.1889379831773004e-05, 'validation_fraction': 0.6264327093752792}, {'alpha': 0.04705159350400542, 'batch_size': 158, 'beta_1': 0.9870884262730957, 'beta_2': 0.9999596874382349, 'epsilon': 1.1981845126013875e-08, 'hidden_layer_sizes': 116, 'learning_rate_init': 0.00617340520407431, 'tol': 1.741413418158619e-05, 'validation_fraction': 0.6754299026638921}], [1.3105719841770722, 1.7760947732249062, 1.4322107566090756, 0.9097804858215804, 0.5745987066718419])}
saving results
saving timing
saving suggest log
done
