running: {'--uuid': '2a3bbe5396ae5698a0d723171ed07bec', '-db-root': '/home/ryedida/bbo_challenge_starter_kit/output', '--opt-root': '/home/ryedida/bbo_challenge_starter_kit/example_submissions', '--data-root': None, '--db': 'run_20230424_161204', '--opt': 'smoothness', '--data': 'iris', '--classifier': 'MLP-adam', '--metric': 'acc', '--calls': 15, '--suggestions': 1, '--jobs-file': None, '--verbose': False, 'dry_run': False, 'rev': 'a376313', 'opt_rev': 'x.x.x'}
cmd: python smoothness/optimizer.py -c MLP-adam -d iris -o smoothness -u 2a3bbe5396ae5698a0d723171ed07bec -m acc -n 15 -p 1 -dir /home/ryedida/bbo_challenge_starter_kit/output -b run_20230424_161204
/home/ryedida/.local/lib/python3.9/site-packages/sklearn/neural_network/_multilayer_perceptron.py:605: UserWarning: Got `batch_size` less than 1 or larger than sample size. It is going to be clipped
  warnings.warn(

/home/ryedida/.local/lib/python3.9/site-packages/sklearn/neural_network/_multilayer_perceptron.py:605: UserWarning: Got `batch_size` less than 1 or larger than sample size. It is going to be clipped
  warnings.warn(

/home/ryedida/.local/lib/python3.9/site-packages/sklearn/neural_network/_multilayer_perceptron.py:605: UserWarning: Got `batch_size` less than 1 or larger than sample size. It is going to be clipped
  warnings.warn(

/home/ryedida/.local/lib/python3.9/site-packages/sklearn/neural_network/_multilayer_perceptron.py:605: UserWarning: Got `batch_size` less than 1 or larger than sample size. It is going to be clipped
  warnings.warn(

/home/ryedida/.local/lib/python3.9/site-packages/sklearn/neural_network/_multilayer_perceptron.py:605: UserWarning: Got `batch_size` less than 1 or larger than sample size. It is going to be clipped
  warnings.warn(

computed signature: ([{'alpha': 0.019628224813442792, 'batch_size': 182, 'beta_1': 0.9410202200271762, 'beta_2': 0.9998021557676793, 'epsilon': 1.8662266976518e-08, 'hidden_layer_sizes': 147, 'learning_rate_init': 0.0005627932047415167, 'tol': 0.03690557729213761, 'validation_fraction': 0.8846827852548593}, {'alpha': 0.0019982467392329444, 'batch_size': 200, 'beta_1': 0.919111482530466, 'beta_2': 0.9998488260436156, 'epsilon': 5.981221901152555e-07, 'hidden_layer_sizes': 61, 'learning_rate_init': 2.2310905607443014e-05, 'tol': 1.2046852412030316e-05, 'validation_fraction': 0.8117896445826539}, {'alpha': 0.46659545670218433, 'batch_size': 219, 'beta_1': 0.9889789783750891, 'beta_2': 0.9999896868093284, 'epsilon': 2.4234724484675948e-08, 'hidden_layer_sizes': 167, 'learning_rate_init': 2.972334644335654e-05, 'tol': 0.0036281404040243792, 'validation_fraction': 0.17260651658522078}, {'alpha': 4.656005689076002, 'batch_size': 135, 'beta_1': 0.870503881627747, 'beta_2': 0.9948873266941017, 'epsilon': 2.1023308743480125e-07, 'hidden_layer_sizes': 118, 'learning_rate_init': 0.0018781738757161913, 'tol': 1.1889379831773004e-05, 'validation_fraction': 0.6264327093752792}, {'alpha': 0.04705159350400542, 'batch_size': 158, 'beta_1': 0.9870884262730957, 'beta_2': 0.9999596874382349, 'epsilon': 1.1981845126013875e-08, 'hidden_layer_sizes': 116, 'learning_rate_init': 0.00617340520407431, 'tol': 1.741413418158619e-05, 'validation_fraction': 0.6754299026638921}], [-0.41666666666666663, -0.275, -0.3416666666666667, -0.725, -0.875])
/home/ryedida/.local/lib/python3.9/site-packages/bayesmark/signatures.py:85: RuntimeWarning: Signature diverged on MLP-adam_iris_acc betwen [-0.52290909 -0.27918182 -0.34166667 -0.725      -0.91715152] and [-0.41666667 -0.275      -0.26133333 -0.68915152 -0.875     ]
  warnings.warn(

Signature errors:
                          0         1         2         3         4       max
MLP-adam_iris_acc  0.106242  0.004182  0.080333  0.035848  0.042152  0.106242
max                0.106242  0.004182  0.080333  0.035848  0.042152  0.106242
starting sklearn study smoothness MLP-adam iris acc 15 1
with data root: None
suggestion time taken 10.816190 iter 0 next_points [{'alpha': 0.0015523780642245542, 'batch_size': 15, 'beta_1': 0.915387141820055, 'beta_2': 0.9999547130673112, 'epsilon': 9.117118909406553e-07, 'hidden_layer_sizes': 183, 'learning_rate_init': 8.689259628940622e-05, 'tol': 0.0010393731665455455, 'validation_fraction': 0.3009093420844858}]
function_evaluation time 0.100992 value -0.400000 suggestion {'alpha': 0.0015523780642245542, 'batch_size': 15, 'beta_1': 0.915387141820055, 'beta_2': 0.9999547130673112, 'epsilon': 9.117118909406553e-07, 'hidden_layer_sizes': 183, 'learning_rate_init': 8.689259628940622e-05, 'tol': 0.0010393731665455455, 'validation_fraction': 0.3009093420844858}
observation time 0.000006, current best -0.400000 at iter 0
suggestion time taken 10.937811 iter 1 next_points [{'alpha': 9.390982412580563e-05, 'batch_size': 14, 'beta_1': 0.9533087792067194, 'beta_2': 0.9959073837110111, 'epsilon': 2.8998736699713904e-07, 'hidden_layer_sizes': 54, 'learning_rate_init': 0.0019421727556295867, 'tol': 0.007878935120168944, 'validation_fraction': 0.28532974042219417}]
function_evaluation time 0.228398 value -0.891667 suggestion {'alpha': 9.390982412580563e-05, 'batch_size': 14, 'beta_1': 0.9533087792067194, 'beta_2': 0.9959073837110111, 'epsilon': 2.8998736699713904e-07, 'hidden_layer_sizes': 54, 'learning_rate_init': 0.0019421727556295867, 'tol': 0.007878935120168944, 'validation_fraction': 0.28532974042219417}
observation time 0.000006, current best -0.891667 at iter 1
suggestion time taken 10.587140 iter 2 next_points [{'alpha': 0.03993533748982094, 'batch_size': 14, 'beta_1': 0.8468925722648672, 'beta_2': 0.9999909729786648, 'epsilon': 3.083012797270051e-07, 'hidden_layer_sizes': 170, 'learning_rate_init': 0.03322449492595822, 'tol': 0.004487496642011051, 'validation_fraction': 0.832966888029794}]
function_evaluation time 0.094748 value -0.950000 suggestion {'alpha': 0.03993533748982094, 'batch_size': 14, 'beta_1': 0.8468925722648672, 'beta_2': 0.9999909729786648, 'epsilon': 3.083012797270051e-07, 'hidden_layer_sizes': 170, 'learning_rate_init': 0.03322449492595822, 'tol': 0.004487496642011051, 'validation_fraction': 0.832966888029794}
observation time 0.000006, current best -0.950000 at iter 2
suggestion time taken 11.003191 iter 3 next_points [{'alpha': 4.6804033258926765, 'batch_size': 28, 'beta_1': 0.9312438849201295, 'beta_2': 0.9997152643862449, 'epsilon': 5.721135887353273e-09, 'hidden_layer_sizes': 172, 'learning_rate_init': 0.0018594249967346206, 'tol': 0.005085638457550535, 'validation_fraction': 0.6516605516777363}]
function_evaluation time 0.096841 value -0.741667 suggestion {'alpha': 4.6804033258926765, 'batch_size': 28, 'beta_1': 0.9312438849201295, 'beta_2': 0.9997152643862449, 'epsilon': 5.721135887353273e-09, 'hidden_layer_sizes': 172, 'learning_rate_init': 0.0018594249967346206, 'tol': 0.005085638457550535, 'validation_fraction': 0.6516605516777363}
observation time 0.000006, current best -0.950000 at iter 3
suggestion time taken 10.679290 iter 4 next_points [{'alpha': 1.5669178142953712e-05, 'batch_size': 20, 'beta_1': 0.8544139102072721, 'beta_2': 0.9969543326114779, 'epsilon': 3.2352275561448773e-09, 'hidden_layer_sizes': 195, 'learning_rate_init': 0.00038135093220782143, 'tol': 0.016849903514869223, 'validation_fraction': 0.5648023385960331}]
function_evaluation time 0.151731 value -0.725000 suggestion {'alpha': 1.5669178142953712e-05, 'batch_size': 20, 'beta_1': 0.8544139102072721, 'beta_2': 0.9969543326114779, 'epsilon': 3.2352275561448773e-09, 'hidden_layer_sizes': 195, 'learning_rate_init': 0.00038135093220782143, 'tol': 0.016849903514869223, 'validation_fraction': 0.5648023385960331}
observation time 0.000006, current best -0.950000 at iter 4
suggestion time taken 10.696067 iter 5 next_points [{'alpha': 0.010161911357075155, 'batch_size': 21, 'beta_1': 0.9401950365336498, 'beta_2': 0.9997055906245744, 'epsilon': 6.497975869957967e-07, 'hidden_layer_sizes': 61, 'learning_rate_init': 0.00011751770033478515, 'tol': 1.6115712505731045e-05, 'validation_fraction': 0.786552210000852}]
function_evaluation time 0.056372 value -0.450000 suggestion {'alpha': 0.010161911357075155, 'batch_size': 21, 'beta_1': 0.9401950365336498, 'beta_2': 0.9997055906245744, 'epsilon': 6.497975869957967e-07, 'hidden_layer_sizes': 61, 'learning_rate_init': 0.00011751770033478515, 'tol': 1.6115712505731045e-05, 'validation_fraction': 0.786552210000852}
observation time 0.000006, current best -0.950000 at iter 5
suggestion time taken 10.927922 iter 6 next_points [{'alpha': 0.00037241470303937254, 'batch_size': 24, 'beta_1': 0.5176565714788369, 'beta_2': 0.9864377954151544, 'epsilon': 2.6898031158397383e-09, 'hidden_layer_sizes': 64, 'learning_rate_init': 0.021421169551672146, 'tol': 0.00972359055191463, 'validation_fraction': 0.12020300221174324}]
function_evaluation time 0.102349 value -0.916667 suggestion {'alpha': 0.00037241470303937254, 'batch_size': 24, 'beta_1': 0.5176565714788369, 'beta_2': 0.9864377954151544, 'epsilon': 2.6898031158397383e-09, 'hidden_layer_sizes': 64, 'learning_rate_init': 0.021421169551672146, 'tol': 0.00972359055191463, 'validation_fraction': 0.12020300221174324}
observation time 0.000006, current best -0.950000 at iter 6
suggestion time taken 10.762611 iter 7 next_points [{'alpha': 0.0025140048326124133, 'batch_size': 28, 'beta_1': 0.6645643292450321, 'beta_2': 0.9999577968655312, 'epsilon': 4.182975986695351e-09, 'hidden_layer_sizes': 137, 'learning_rate_init': 0.05257089273726232, 'tol': 0.0002186289966506429, 'validation_fraction': 0.7182624709557123}]
function_evaluation time 0.087264 value -0.950000 suggestion {'alpha': 0.0025140048326124133, 'batch_size': 28, 'beta_1': 0.6645643292450321, 'beta_2': 0.9999577968655312, 'epsilon': 4.182975986695351e-09, 'hidden_layer_sizes': 137, 'learning_rate_init': 0.05257089273726232, 'tol': 0.0002186289966506429, 'validation_fraction': 0.7182624709557123}
observation time 0.000006, current best -0.950000 at iter 7
suggestion time taken 10.715482 iter 8 next_points [{'alpha': 1.0829663573991584, 'batch_size': 10, 'beta_1': 0.9187891647822627, 'beta_2': 0.9652578246167292, 'epsilon': 1.660146613621502e-07, 'hidden_layer_sizes': 97, 'learning_rate_init': 0.002290115820011544, 'tol': 1.3595897890668781e-05, 'validation_fraction': 0.8112826819702517}]
function_evaluation time 0.096838 value -0.783333 suggestion {'alpha': 1.0829663573991584, 'batch_size': 10, 'beta_1': 0.9187891647822627, 'beta_2': 0.9652578246167292, 'epsilon': 1.660146613621502e-07, 'hidden_layer_sizes': 97, 'learning_rate_init': 0.002290115820011544, 'tol': 1.3595897890668781e-05, 'validation_fraction': 0.8112826819702517}
observation time 0.000006, current best -0.950000 at iter 8
suggestion time taken 11.032208 iter 9 next_points [{'alpha': 0.0009815308639305777, 'batch_size': 21, 'beta_1': 0.9886195588368761, 'beta_2': 0.9848584339734335, 'epsilon': 1.4178938880637367e-08, 'hidden_layer_sizes': 164, 'learning_rate_init': 0.0012565403988238687, 'tol': 0.001716896843587938, 'validation_fraction': 0.2786535619026503}]
function_evaluation time 0.153254 value -0.941667 suggestion {'alpha': 0.0009815308639305777, 'batch_size': 21, 'beta_1': 0.9886195588368761, 'beta_2': 0.9848584339734335, 'epsilon': 1.4178938880637367e-08, 'hidden_layer_sizes': 164, 'learning_rate_init': 0.0012565403988238687, 'tol': 0.001716896843587938, 'validation_fraction': 0.2786535619026503}
observation time 0.000006, current best -0.950000 at iter 9
suggestion time taken 10.764312 iter 10 next_points [{'alpha': 0.38988970429332176, 'batch_size': 24, 'beta_1': 0.908829345250583, 'beta_2': 0.9999754511689629, 'epsilon': 1.41154775638374e-07, 'hidden_layer_sizes': 84, 'learning_rate_init': 3.8387654239992426e-05, 'tol': 1.840709408984771e-05, 'validation_fraction': 0.867093449406072}]
/home/ryedida/.local/lib/python3.9/site-packages/sklearn/neural_network/_multilayer_perceptron.py:605: UserWarning: Got `batch_size` less than 1 or larger than sample size. It is going to be clipped
  warnings.warn(

function_evaluation time 0.089365 value -0.475000 suggestion {'alpha': 0.38988970429332176, 'batch_size': 24, 'beta_1': 0.908829345250583, 'beta_2': 0.9999754511689629, 'epsilon': 1.41154775638374e-07, 'hidden_layer_sizes': 84, 'learning_rate_init': 3.8387654239992426e-05, 'tol': 1.840709408984771e-05, 'validation_fraction': 0.867093449406072}
observation time 0.000006, current best -0.950000 at iter 10
suggestion time taken 10.800105 iter 11 next_points [{'alpha': 1.388424118918915, 'batch_size': 13, 'beta_1': 0.7260690254975062, 'beta_2': 0.9963130754106893, 'epsilon': 9.529003677924373e-09, 'hidden_layer_sizes': 187, 'learning_rate_init': 0.060778355509014045, 'tol': 0.06665294219801428, 'validation_fraction': 0.7466007140376174}]
function_evaluation time 0.085841 value -0.925000 suggestion {'alpha': 1.388424118918915, 'batch_size': 13, 'beta_1': 0.7260690254975062, 'beta_2': 0.9963130754106893, 'epsilon': 9.529003677924373e-09, 'hidden_layer_sizes': 187, 'learning_rate_init': 0.060778355509014045, 'tol': 0.06665294219801428, 'validation_fraction': 0.7466007140376174}
observation time 0.000006, current best -0.950000 at iter 11
suggestion time taken 10.736731 iter 12 next_points [{'alpha': 1.5481712126031863e-05, 'batch_size': 28, 'beta_1': 0.8972829885127716, 'beta_2': 0.9973166213905275, 'epsilon': 5.237960742283293e-07, 'hidden_layer_sizes': 178, 'learning_rate_init': 1.5824593855504207e-05, 'tol': 0.06292466736173717, 'validation_fraction': 0.4050198714044031}]
function_evaluation time 0.067245 value -0.333333 suggestion {'alpha': 1.5481712126031863e-05, 'batch_size': 28, 'beta_1': 0.8972829885127716, 'beta_2': 0.9973166213905275, 'epsilon': 5.237960742283293e-07, 'hidden_layer_sizes': 178, 'learning_rate_init': 1.5824593855504207e-05, 'tol': 0.06292466736173717, 'validation_fraction': 0.4050198714044031}
observation time 0.000005, current best -0.950000 at iter 12
suggestion time taken 11.099709 iter 13 next_points [{'alpha': 0.004479311024383757, 'batch_size': 13, 'beta_1': 0.6170630302814452, 'beta_2': 0.9999647585363598, 'epsilon': 2.4141071640321743e-08, 'hidden_layer_sizes': 158, 'learning_rate_init': 1.0119973267359772e-05, 'tol': 0.015801085500309495, 'validation_fraction': 0.6667797449471401}]
function_evaluation time 0.066528 value -0.400000 suggestion {'alpha': 0.004479311024383757, 'batch_size': 13, 'beta_1': 0.6170630302814452, 'beta_2': 0.9999647585363598, 'epsilon': 2.4141071640321743e-08, 'hidden_layer_sizes': 158, 'learning_rate_init': 1.0119973267359772e-05, 'tol': 0.015801085500309495, 'validation_fraction': 0.6667797449471401}
observation time 0.000006, current best -0.950000 at iter 13
suggestion time taken 10.819418 iter 14 next_points [{'alpha': 0.060705840662578246, 'batch_size': 11, 'beta_1': 0.9299240894098727, 'beta_2': 0.9410085151089019, 'epsilon': 2.876841487932182e-07, 'hidden_layer_sizes': 87, 'learning_rate_init': 3.41453100764099e-05, 'tol': 0.001631859209756236, 'validation_fraction': 0.1268850245100517}]
function_evaluation time 0.114766 value -0.308333 suggestion {'alpha': 0.060705840662578246, 'batch_size': 11, 'beta_1': 0.9299240894098727, 'beta_2': 0.9410085151089019, 'epsilon': 2.876841487932182e-07, 'hidden_layer_sizes': 87, 'learning_rate_init': 3.41453100764099e-05, 'tol': 0.001631859209756236, 'validation_fraction': 0.1268850245100517}
observation time 0.000006, current best -0.950000 at iter 14
saving meta data: {'args': {'--uuid': '2a3bbe5396ae5698a0d723171ed07bec', '-db-root': '/home/ryedida/bbo_challenge_starter_kit/output', '--opt-root': '/home/ryedida/bbo_challenge_starter_kit/example_submissions', '--data-root': None, '--db': 'run_20230424_161204', '--opt': 'smoothness', '--data': 'iris', '--classifier': 'MLP-adam', '--metric': 'acc', '--calls': 15, '--suggestions': 1, '--jobs-file': None, '--verbose': False, 'dry_run': False, 'rev': 'a376313', 'opt_rev': 'x.x.x'}, 'signature': ([{'alpha': 0.019628224813442792, 'batch_size': 182, 'beta_1': 0.9410202200271762, 'beta_2': 0.9998021557676793, 'epsilon': 1.8662266976518e-08, 'hidden_layer_sizes': 147, 'learning_rate_init': 0.0005627932047415167, 'tol': 0.03690557729213761, 'validation_fraction': 0.8846827852548593}, {'alpha': 0.0019982467392329444, 'batch_size': 200, 'beta_1': 0.919111482530466, 'beta_2': 0.9998488260436156, 'epsilon': 5.981221901152555e-07, 'hidden_layer_sizes': 61, 'learning_rate_init': 2.2310905607443014e-05, 'tol': 1.2046852412030316e-05, 'validation_fraction': 0.8117896445826539}, {'alpha': 0.46659545670218433, 'batch_size': 219, 'beta_1': 0.9889789783750891, 'beta_2': 0.9999896868093284, 'epsilon': 2.4234724484675948e-08, 'hidden_layer_sizes': 167, 'learning_rate_init': 2.972334644335654e-05, 'tol': 0.0036281404040243792, 'validation_fraction': 0.17260651658522078}, {'alpha': 4.656005689076002, 'batch_size': 135, 'beta_1': 0.870503881627747, 'beta_2': 0.9948873266941017, 'epsilon': 2.1023308743480125e-07, 'hidden_layer_sizes': 118, 'learning_rate_init': 0.0018781738757161913, 'tol': 1.1889379831773004e-05, 'validation_fraction': 0.6264327093752792}, {'alpha': 0.04705159350400542, 'batch_size': 158, 'beta_1': 0.9870884262730957, 'beta_2': 0.9999596874382349, 'epsilon': 1.1981845126013875e-08, 'hidden_layer_sizes': 116, 'learning_rate_init': 0.00617340520407431, 'tol': 1.741413418158619e-05, 'validation_fraction': 0.6754299026638921}], [-0.41666666666666663, -0.275, -0.3416666666666667, -0.725, -0.875])}
saving results
saving timing
saving suggest log
done
