running: {'--uuid': '39c0e46d945054f49b072729689eefac', '-db-root': '/home/ryedida/bbo_challenge_starter_kit/output', '--opt-root': '/home/ryedida/bbo_challenge_starter_kit/example_submissions', '--data-root': None, '--db': 'run_20230424_161204', '--opt': 'random-search', '--data': 'iris', '--classifier': 'MLP-adam', '--metric': 'nll', '--calls': 15, '--suggestions': 1, '--jobs-file': None, '--verbose': False, 'dry_run': False, 'rev': 'a376313', 'opt_rev': '0.0.8'}
cmd: python random-search/optimizer.py -c MLP-adam -d iris -o random-search -u 39c0e46d945054f49b072729689eefac -m nll -n 15 -p 1 -dir /home/ryedida/bbo_challenge_starter_kit/output -b run_20230424_161204
/home/ryedida/.local/lib/python3.9/site-packages/sklearn/neural_network/_multilayer_perceptron.py:605: UserWarning: Got `batch_size` less than 1 or larger than sample size. It is going to be clipped
  warnings.warn(

/home/ryedida/.local/lib/python3.9/site-packages/sklearn/neural_network/_multilayer_perceptron.py:605: UserWarning: Got `batch_size` less than 1 or larger than sample size. It is going to be clipped
  warnings.warn(

/home/ryedida/.local/lib/python3.9/site-packages/sklearn/neural_network/_multilayer_perceptron.py:605: UserWarning: Got `batch_size` less than 1 or larger than sample size. It is going to be clipped
  warnings.warn(

/home/ryedida/.local/lib/python3.9/site-packages/sklearn/neural_network/_multilayer_perceptron.py:605: UserWarning: Got `batch_size` less than 1 or larger than sample size. It is going to be clipped
  warnings.warn(

/home/ryedida/.local/lib/python3.9/site-packages/sklearn/neural_network/_multilayer_perceptron.py:605: UserWarning: Got `batch_size` less than 1 or larger than sample size. It is going to be clipped
  warnings.warn(

computed signature: ([{'alpha': 0.019628224813442792, 'batch_size': 182, 'beta_1': 0.9410202200271762, 'beta_2': 0.9998021557676793, 'epsilon': 1.8662266976518e-08, 'hidden_layer_sizes': 147, 'learning_rate_init': 0.0005627932047415167, 'tol': 0.03690557729213761, 'validation_fraction': 0.8846827852548593}, {'alpha': 0.0019982467392329444, 'batch_size': 200, 'beta_1': 0.919111482530466, 'beta_2': 0.9998488260436156, 'epsilon': 5.981221901152555e-07, 'hidden_layer_sizes': 61, 'learning_rate_init': 2.2310905607443014e-05, 'tol': 1.2046852412030316e-05, 'validation_fraction': 0.8117896445826539}, {'alpha': 0.46659545670218433, 'batch_size': 219, 'beta_1': 0.9889789783750891, 'beta_2': 0.9999896868093284, 'epsilon': 2.4234724484675948e-08, 'hidden_layer_sizes': 167, 'learning_rate_init': 2.972334644335654e-05, 'tol': 0.0036281404040243792, 'validation_fraction': 0.17260651658522078}, {'alpha': 4.656005689076002, 'batch_size': 135, 'beta_1': 0.870503881627747, 'beta_2': 0.9948873266941017, 'epsilon': 2.1023308743480125e-07, 'hidden_layer_sizes': 118, 'learning_rate_init': 0.0018781738757161913, 'tol': 1.1889379831773004e-05, 'validation_fraction': 0.6264327093752792}, {'alpha': 0.04705159350400542, 'batch_size': 158, 'beta_1': 0.9870884262730957, 'beta_2': 0.9999596874382349, 'epsilon': 1.1981845126013875e-08, 'hidden_layer_sizes': 116, 'learning_rate_init': 0.00617340520407431, 'tol': 1.741413418158619e-05, 'validation_fraction': 0.6754299026638921}], [1.3105719841770722, 1.7760947732249062, 1.4322107566090756, 0.9097804858215804, 0.5745987066718419])
/home/ryedida/.local/lib/python3.9/site-packages/bayesmark/signatures.py:85: RuntimeWarning: Signature diverged on MLP-adam_iris_nll betwen [1.31057198 1.56976556 1.25224472 0.90978049 0.39813052] and [1.32439241 1.77609477 1.43221076 0.9966468  0.57459871]
  warnings.warn(

Signature errors:
                         0         1         2         3         4       max
MLP-adam_iris_nll  0.01382  0.206329  0.179966  0.086866  0.176468  0.206329
max                0.01382  0.206329  0.179966  0.086866  0.176468  0.206329
starting sklearn study random-search MLP-adam iris nll 15 1
with data root: None
suggestion time taken 0.002679 iter 0 next_points [{'alpha': 0.0006752554414058258, 'batch_size': 15, 'beta_1': 0.9833874821581269, 'beta_2': 0.9945787746626281, 'epsilon': 6.7759020912172345e-09, 'hidden_layer_sizes': 111, 'learning_rate_init': 2.9748023013233507e-05, 'tol': 0.09827485228288457, 'validation_fraction': 0.4579845863340383}]
function_evaluation time 0.075910 value 1.530941 suggestion {'alpha': 0.0006752554414058258, 'batch_size': 15, 'beta_1': 0.9833874821581269, 'beta_2': 0.9945787746626281, 'epsilon': 6.7759020912172345e-09, 'hidden_layer_sizes': 111, 'learning_rate_init': 2.9748023013233507e-05, 'tol': 0.09827485228288457, 'validation_fraction': 0.4579845863340383}
observation time 0.000006, current best 1.530941 at iter 0
suggestion time taken 0.002845 iter 1 next_points [{'alpha': 0.0007638478437016389, 'batch_size': 134, 'beta_1': 0.8610156139655833, 'beta_2': 0.9974065090955936, 'epsilon': 1.0312950039961994e-07, 'hidden_layer_sizes': 166, 'learning_rate_init': 0.0017958426382912614, 'tol': 2.3238053131317102e-05, 'validation_fraction': 0.14374299345857602}]
/home/ryedida/.local/lib/python3.9/site-packages/sklearn/neural_network/_multilayer_perceptron.py:605: UserWarning: Got `batch_size` less than 1 or larger than sample size. It is going to be clipped
  warnings.warn(

function_evaluation time 0.069272 value 0.870636 suggestion {'alpha': 0.0007638478437016389, 'batch_size': 134, 'beta_1': 0.8610156139655833, 'beta_2': 0.9974065090955936, 'epsilon': 1.0312950039961994e-07, 'hidden_layer_sizes': 166, 'learning_rate_init': 0.0017958426382912614, 'tol': 2.3238053131317102e-05, 'validation_fraction': 0.14374299345857602}
observation time 0.000006, current best 0.870636 at iter 1
suggestion time taken 0.002582 iter 2 next_points [{'alpha': 0.005734392705073023, 'batch_size': 71, 'beta_1': 0.8681014756153465, 'beta_2': 0.9999967270093231, 'epsilon': 6.176426021739201e-09, 'hidden_layer_sizes': 149, 'learning_rate_init': 0.0018815926987978187, 'tol': 3.3836890465938507e-05, 'validation_fraction': 0.6688729089996472}]
/home/ryedida/.local/lib/python3.9/site-packages/sklearn/neural_network/_multilayer_perceptron.py:605: UserWarning: Got `batch_size` less than 1 or larger than sample size. It is going to be clipped
  warnings.warn(

function_evaluation time 0.078904 value 0.793167 suggestion {'alpha': 0.005734392705073023, 'batch_size': 71, 'beta_1': 0.8681014756153465, 'beta_2': 0.9999967270093231, 'epsilon': 6.176426021739201e-09, 'hidden_layer_sizes': 149, 'learning_rate_init': 0.0018815926987978187, 'tol': 3.3836890465938507e-05, 'validation_fraction': 0.6688729089996472}
observation time 0.000006, current best 0.793167 at iter 2
suggestion time taken 0.002884 iter 3 next_points [{'alpha': 8.189251368648742e-05, 'batch_size': 12, 'beta_1': 0.9622536204526264, 'beta_2': 0.999997500129633, 'epsilon': 7.595146138087758e-07, 'hidden_layer_sizes': 61, 'learning_rate_init': 0.0019468389878382814, 'tol': 0.004147428823767254, 'validation_fraction': 0.12267738357785746}]
function_evaluation time 0.185777 value 0.569401 suggestion {'alpha': 8.189251368648742e-05, 'batch_size': 12, 'beta_1': 0.9622536204526264, 'beta_2': 0.999997500129633, 'epsilon': 7.595146138087758e-07, 'hidden_layer_sizes': 61, 'learning_rate_init': 0.0019468389878382814, 'tol': 0.004147428823767254, 'validation_fraction': 0.12267738357785746}
observation time 0.000006, current best 0.569401 at iter 3
suggestion time taken 0.002588 iter 4 next_points [{'alpha': 1.413343745557077e-05, 'batch_size': 244, 'beta_1': 0.9729529033808321, 'beta_2': 0.9999630661361919, 'epsilon': 1.5319157938719302e-07, 'hidden_layer_sizes': 50, 'learning_rate_init': 0.03432830143395045, 'tol': 0.004482983430635703, 'validation_fraction': 0.8976170844862118}]
/home/ryedida/.local/lib/python3.9/site-packages/sklearn/neural_network/_multilayer_perceptron.py:605: UserWarning: Got `batch_size` less than 1 or larger than sample size. It is going to be clipped
  warnings.warn(

function_evaluation time 0.060090 value 0.881680 suggestion {'alpha': 1.413343745557077e-05, 'batch_size': 244, 'beta_1': 0.9729529033808321, 'beta_2': 0.9999630661361919, 'epsilon': 1.5319157938719302e-07, 'hidden_layer_sizes': 50, 'learning_rate_init': 0.03432830143395045, 'tol': 0.004482983430635703, 'validation_fraction': 0.8976170844862118}
observation time 0.000006, current best 0.569401 at iter 4
suggestion time taken 0.002574 iter 5 next_points [{'alpha': 1.3812908966741442, 'batch_size': 196, 'beta_1': 0.9716455797568818, 'beta_2': 0.999427229431281, 'epsilon': 5.94835796584875e-08, 'hidden_layer_sizes': 59, 'learning_rate_init': 0.0030024542992295494, 'tol': 3.070712804089681e-05, 'validation_fraction': 0.7281358148200925}]
/home/ryedida/.local/lib/python3.9/site-packages/sklearn/neural_network/_multilayer_perceptron.py:605: UserWarning: Got `batch_size` less than 1 or larger than sample size. It is going to be clipped
  warnings.warn(

function_evaluation time 0.065300 value 0.871333 suggestion {'alpha': 1.3812908966741442, 'batch_size': 196, 'beta_1': 0.9716455797568818, 'beta_2': 0.999427229431281, 'epsilon': 5.94835796584875e-08, 'hidden_layer_sizes': 59, 'learning_rate_init': 0.0030024542992295494, 'tol': 3.070712804089681e-05, 'validation_fraction': 0.7281358148200925}
observation time 0.000005, current best 0.569401 at iter 5
suggestion time taken 0.002579 iter 6 next_points [{'alpha': 0.0004950246869606727, 'batch_size': 42, 'beta_1': 0.981676632439006, 'beta_2': 0.9657850122166541, 'epsilon': 2.360445629429195e-08, 'hidden_layer_sizes': 73, 'learning_rate_init': 1.1097103406435379e-05, 'tol': 1.14841076675447e-05, 'validation_fraction': 0.7700258150479931}]
/home/ryedida/.local/lib/python3.9/site-packages/sklearn/neural_network/_multilayer_perceptron.py:605: UserWarning: Got `batch_size` less than 1 or larger than sample size. It is going to be clipped
  warnings.warn(

function_evaluation time 0.047117 value 1.603276 suggestion {'alpha': 0.0004950246869606727, 'batch_size': 42, 'beta_1': 0.981676632439006, 'beta_2': 0.9657850122166541, 'epsilon': 2.360445629429195e-08, 'hidden_layer_sizes': 73, 'learning_rate_init': 1.1097103406435379e-05, 'tol': 1.14841076675447e-05, 'validation_fraction': 0.7700258150479931}
observation time 0.000007, current best 0.569401 at iter 6
suggestion time taken 0.002520 iter 7 next_points [{'alpha': 3.036450041777411e-05, 'batch_size': 217, 'beta_1': 0.7262448625442114, 'beta_2': 0.9973732647156586, 'epsilon': 1.1250113855184656e-08, 'hidden_layer_sizes': 56, 'learning_rate_init': 0.0487535663593391, 'tol': 0.0005025661949526723, 'validation_fraction': 0.7931185678855162}]
/home/ryedida/.local/lib/python3.9/site-packages/sklearn/neural_network/_multilayer_perceptron.py:605: UserWarning: Got `batch_size` less than 1 or larger than sample size. It is going to be clipped
  warnings.warn(

function_evaluation time 0.076373 value 0.318200 suggestion {'alpha': 3.036450041777411e-05, 'batch_size': 217, 'beta_1': 0.7262448625442114, 'beta_2': 0.9973732647156586, 'epsilon': 1.1250113855184656e-08, 'hidden_layer_sizes': 56, 'learning_rate_init': 0.0487535663593391, 'tol': 0.0005025661949526723, 'validation_fraction': 0.7931185678855162}
observation time 0.000011, current best 0.318200 at iter 7
suggestion time taken 0.002506 iter 8 next_points [{'alpha': 0.00011218957472005224, 'batch_size': 72, 'beta_1': 0.5274440951306854, 'beta_2': 0.9965382020246883, 'epsilon': 4.584191047377548e-07, 'hidden_layer_sizes': 105, 'learning_rate_init': 5.985975350873216e-05, 'tol': 0.00025422236397508306, 'validation_fraction': 0.7241578841373304}]
/home/ryedida/.local/lib/python3.9/site-packages/sklearn/neural_network/_multilayer_perceptron.py:605: UserWarning: Got `batch_size` less than 1 or larger than sample size. It is going to be clipped
  warnings.warn(

function_evaluation time 0.066432 value 1.170106 suggestion {'alpha': 0.00011218957472005224, 'batch_size': 72, 'beta_1': 0.5274440951306854, 'beta_2': 0.9965382020246883, 'epsilon': 4.584191047377548e-07, 'hidden_layer_sizes': 105, 'learning_rate_init': 5.985975350873216e-05, 'tol': 0.00025422236397508306, 'validation_fraction': 0.7241578841373304}
observation time 0.000005, current best 0.318200 at iter 8
suggestion time taken 0.002758 iter 9 next_points [{'alpha': 0.001930263499238712, 'batch_size': 129, 'beta_1': 0.8819125108398738, 'beta_2': 0.9999939334603726, 'epsilon': 6.705676655847245e-09, 'hidden_layer_sizes': 90, 'learning_rate_init': 0.04119246066668558, 'tol': 3.6761473556936485e-05, 'validation_fraction': 0.6052181416990218}]
/home/ryedida/.local/lib/python3.9/site-packages/sklearn/neural_network/_multilayer_perceptron.py:605: UserWarning: Got `batch_size` less than 1 or larger than sample size. It is going to be clipped
  warnings.warn(

function_evaluation time 0.077665 value 0.452003 suggestion {'alpha': 0.001930263499238712, 'batch_size': 129, 'beta_1': 0.8819125108398738, 'beta_2': 0.9999939334603726, 'epsilon': 6.705676655847245e-09, 'hidden_layer_sizes': 90, 'learning_rate_init': 0.04119246066668558, 'tol': 3.6761473556936485e-05, 'validation_fraction': 0.6052181416990218}
observation time 0.000006, current best 0.318200 at iter 9
suggestion time taken 0.002573 iter 10 next_points [{'alpha': 0.0013075154805752844, 'batch_size': 43, 'beta_1': 0.9632451648687507, 'beta_2': 0.9999755685494728, 'epsilon': 3.5480357623196512e-09, 'hidden_layer_sizes': 147, 'learning_rate_init': 1.540874083218781e-05, 'tol': 0.00036994101913854664, 'validation_fraction': 0.4798859747697195}]
function_evaluation time 0.064095 value 1.264508 suggestion {'alpha': 0.0013075154805752844, 'batch_size': 43, 'beta_1': 0.9632451648687507, 'beta_2': 0.9999755685494728, 'epsilon': 3.5480357623196512e-09, 'hidden_layer_sizes': 147, 'learning_rate_init': 1.540874083218781e-05, 'tol': 0.00036994101913854664, 'validation_fraction': 0.4798859747697195}
observation time 0.000007, current best 0.318200 at iter 10
suggestion time taken 0.002519 iter 11 next_points [{'alpha': 0.09432723392502074, 'batch_size': 168, 'beta_1': 0.537826060508957, 'beta_2': 0.9999401265347303, 'epsilon': 6.696553901665596e-08, 'hidden_layer_sizes': 130, 'learning_rate_init': 0.00024081668492600914, 'tol': 0.003496296213293352, 'validation_fraction': 0.6859511995911715}]
/home/ryedida/.local/lib/python3.9/site-packages/sklearn/neural_network/_multilayer_perceptron.py:605: UserWarning: Got `batch_size` less than 1 or larger than sample size. It is going to be clipped
  warnings.warn(

function_evaluation time 0.050020 value 1.257478 suggestion {'alpha': 0.09432723392502074, 'batch_size': 168, 'beta_1': 0.537826060508957, 'beta_2': 0.9999401265347303, 'epsilon': 6.696553901665596e-08, 'hidden_layer_sizes': 130, 'learning_rate_init': 0.00024081668492600914, 'tol': 0.003496296213293352, 'validation_fraction': 0.6859511995911715}
observation time 0.000006, current best 0.318200 at iter 11
suggestion time taken 0.002507 iter 12 next_points [{'alpha': 9.61484997627462e-05, 'batch_size': 175, 'beta_1': 0.7594140013395742, 'beta_2': 0.9900358105403022, 'epsilon': 5.41272776533112e-07, 'hidden_layer_sizes': 174, 'learning_rate_init': 0.0028843667822110067, 'tol': 0.00127105245552678, 'validation_fraction': 0.4739523739474614}]
/home/ryedida/.local/lib/python3.9/site-packages/sklearn/neural_network/_multilayer_perceptron.py:605: UserWarning: Got `batch_size` less than 1 or larger than sample size. It is going to be clipped
  warnings.warn(

function_evaluation time 0.093429 value 0.578687 suggestion {'alpha': 9.61484997627462e-05, 'batch_size': 175, 'beta_1': 0.7594140013395742, 'beta_2': 0.9900358105403022, 'epsilon': 5.41272776533112e-07, 'hidden_layer_sizes': 174, 'learning_rate_init': 0.0028843667822110067, 'tol': 0.00127105245552678, 'validation_fraction': 0.4739523739474614}
observation time 0.000006, current best 0.318200 at iter 12
suggestion time taken 0.002866 iter 13 next_points [{'alpha': 0.0009086687150869452, 'batch_size': 123, 'beta_1': 0.9356751338655694, 'beta_2': 0.9999975091120998, 'epsilon': 6.258124965657348e-09, 'hidden_layer_sizes': 97, 'learning_rate_init': 0.0010164415411008615, 'tol': 0.002999465260880921, 'validation_fraction': 0.34985069037490035}]
/home/ryedida/.local/lib/python3.9/site-packages/sklearn/neural_network/_multilayer_perceptron.py:605: UserWarning: Got `batch_size` less than 1 or larger than sample size. It is going to be clipped
  warnings.warn(

function_evaluation time 0.063094 value 0.978509 suggestion {'alpha': 0.0009086687150869452, 'batch_size': 123, 'beta_1': 0.9356751338655694, 'beta_2': 0.9999975091120998, 'epsilon': 6.258124965657348e-09, 'hidden_layer_sizes': 97, 'learning_rate_init': 0.0010164415411008615, 'tol': 0.002999465260880921, 'validation_fraction': 0.34985069037490035}
observation time 0.000006, current best 0.318200 at iter 13
suggestion time taken 0.002528 iter 14 next_points [{'alpha': 0.020428969889344263, 'batch_size': 85, 'beta_1': 0.9637280414239024, 'beta_2': 0.9998520848019445, 'epsilon': 3.287499581343302e-07, 'hidden_layer_sizes': 81, 'learning_rate_init': 0.0013981123527938598, 'tol': 0.09959628570555533, 'validation_fraction': 0.84513342296833}]
/home/ryedida/.local/lib/python3.9/site-packages/sklearn/neural_network/_multilayer_perceptron.py:605: UserWarning: Got `batch_size` less than 1 or larger than sample size. It is going to be clipped
  warnings.warn(

function_evaluation time 0.059074 value 1.022129 suggestion {'alpha': 0.020428969889344263, 'batch_size': 85, 'beta_1': 0.9637280414239024, 'beta_2': 0.9998520848019445, 'epsilon': 3.287499581343302e-07, 'hidden_layer_sizes': 81, 'learning_rate_init': 0.0013981123527938598, 'tol': 0.09959628570555533, 'validation_fraction': 0.84513342296833}
observation time 0.000006, current best 0.318200 at iter 14
saving meta data: {'args': {'--uuid': '39c0e46d945054f49b072729689eefac', '-db-root': '/home/ryedida/bbo_challenge_starter_kit/output', '--opt-root': '/home/ryedida/bbo_challenge_starter_kit/example_submissions', '--data-root': None, '--db': 'run_20230424_161204', '--opt': 'random-search', '--data': 'iris', '--classifier': 'MLP-adam', '--metric': 'nll', '--calls': 15, '--suggestions': 1, '--jobs-file': None, '--verbose': False, 'dry_run': False, 'rev': 'a376313', 'opt_rev': '0.0.8'}, 'signature': ([{'alpha': 0.019628224813442792, 'batch_size': 182, 'beta_1': 0.9410202200271762, 'beta_2': 0.9998021557676793, 'epsilon': 1.8662266976518e-08, 'hidden_layer_sizes': 147, 'learning_rate_init': 0.0005627932047415167, 'tol': 0.03690557729213761, 'validation_fraction': 0.8846827852548593}, {'alpha': 0.0019982467392329444, 'batch_size': 200, 'beta_1': 0.919111482530466, 'beta_2': 0.9998488260436156, 'epsilon': 5.981221901152555e-07, 'hidden_layer_sizes': 61, 'learning_rate_init': 2.2310905607443014e-05, 'tol': 1.2046852412030316e-05, 'validation_fraction': 0.8117896445826539}, {'alpha': 0.46659545670218433, 'batch_size': 219, 'beta_1': 0.9889789783750891, 'beta_2': 0.9999896868093284, 'epsilon': 2.4234724484675948e-08, 'hidden_layer_sizes': 167, 'learning_rate_init': 2.972334644335654e-05, 'tol': 0.0036281404040243792, 'validation_fraction': 0.17260651658522078}, {'alpha': 4.656005689076002, 'batch_size': 135, 'beta_1': 0.870503881627747, 'beta_2': 0.9948873266941017, 'epsilon': 2.1023308743480125e-07, 'hidden_layer_sizes': 118, 'learning_rate_init': 0.0018781738757161913, 'tol': 1.1889379831773004e-05, 'validation_fraction': 0.6264327093752792}, {'alpha': 0.04705159350400542, 'batch_size': 158, 'beta_1': 0.9870884262730957, 'beta_2': 0.9999596874382349, 'epsilon': 1.1981845126013875e-08, 'hidden_layer_sizes': 116, 'learning_rate_init': 0.00617340520407431, 'tol': 1.741413418158619e-05, 'validation_fraction': 0.6754299026638921}], [1.3105719841770722, 1.7760947732249062, 1.4322107566090756, 0.9097804858215804, 0.5745987066718419])}
saving results
saving timing
saving suggest log
done
