running: {'--uuid': '3c735b27c8c359c7814cf8cae30c4102', '-db-root': '/home/ryedida/bbo_challenge_starter_kit/output', '--opt-root': '/home/ryedida/bbo_challenge_starter_kit/example_submissions', '--data-root': None, '--db': 'run_20230424_161204', '--opt': 'random-search', '--data': 'iris', '--classifier': 'MLP-adam', '--metric': 'nll', '--calls': 15, '--suggestions': 1, '--jobs-file': None, '--verbose': False, 'dry_run': False, 'rev': 'a376313', 'opt_rev': '0.0.8'}
cmd: python random-search/optimizer.py -c MLP-adam -d iris -o random-search -u 3c735b27c8c359c7814cf8cae30c4102 -m nll -n 15 -p 1 -dir /home/ryedida/bbo_challenge_starter_kit/output -b run_20230424_161204
/home/ryedida/.local/lib/python3.9/site-packages/sklearn/neural_network/_multilayer_perceptron.py:605: UserWarning: Got `batch_size` less than 1 or larger than sample size. It is going to be clipped
  warnings.warn(

/home/ryedida/.local/lib/python3.9/site-packages/sklearn/neural_network/_multilayer_perceptron.py:605: UserWarning: Got `batch_size` less than 1 or larger than sample size. It is going to be clipped
  warnings.warn(

/home/ryedida/.local/lib/python3.9/site-packages/sklearn/neural_network/_multilayer_perceptron.py:605: UserWarning: Got `batch_size` less than 1 or larger than sample size. It is going to be clipped
  warnings.warn(

/home/ryedida/.local/lib/python3.9/site-packages/sklearn/neural_network/_multilayer_perceptron.py:605: UserWarning: Got `batch_size` less than 1 or larger than sample size. It is going to be clipped
  warnings.warn(

/home/ryedida/.local/lib/python3.9/site-packages/sklearn/neural_network/_multilayer_perceptron.py:605: UserWarning: Got `batch_size` less than 1 or larger than sample size. It is going to be clipped
  warnings.warn(

computed signature: ([{'alpha': 0.019628224813442792, 'batch_size': 182, 'beta_1': 0.9410202200271762, 'beta_2': 0.9998021557676793, 'epsilon': 1.8662266976518e-08, 'hidden_layer_sizes': 147, 'learning_rate_init': 0.0005627932047415167, 'tol': 0.03690557729213761, 'validation_fraction': 0.8846827852548593}, {'alpha': 0.0019982467392329444, 'batch_size': 200, 'beta_1': 0.919111482530466, 'beta_2': 0.9998488260436156, 'epsilon': 5.981221901152555e-07, 'hidden_layer_sizes': 61, 'learning_rate_init': 2.2310905607443014e-05, 'tol': 1.2046852412030316e-05, 'validation_fraction': 0.8117896445826539}, {'alpha': 0.46659545670218433, 'batch_size': 219, 'beta_1': 0.9889789783750891, 'beta_2': 0.9999896868093284, 'epsilon': 2.4234724484675948e-08, 'hidden_layer_sizes': 167, 'learning_rate_init': 2.972334644335654e-05, 'tol': 0.0036281404040243792, 'validation_fraction': 0.17260651658522078}, {'alpha': 4.656005689076002, 'batch_size': 135, 'beta_1': 0.870503881627747, 'beta_2': 0.9948873266941017, 'epsilon': 2.1023308743480125e-07, 'hidden_layer_sizes': 118, 'learning_rate_init': 0.0018781738757161913, 'tol': 1.1889379831773004e-05, 'validation_fraction': 0.6264327093752792}, {'alpha': 0.04705159350400542, 'batch_size': 158, 'beta_1': 0.9870884262730957, 'beta_2': 0.9999596874382349, 'epsilon': 1.1981845126013875e-08, 'hidden_layer_sizes': 116, 'learning_rate_init': 0.00617340520407431, 'tol': 1.741413418158619e-05, 'validation_fraction': 0.6754299026638921}], [1.3105719841770722, 1.7760947732249062, 1.4322107566090756, 0.9097804858215804, 0.5745987066718419])
/home/ryedida/.local/lib/python3.9/site-packages/bayesmark/signatures.py:85: RuntimeWarning: Signature diverged on MLP-adam_iris_nll betwen [1.31057198 1.56976556 1.25224472 0.90978049 0.39813052] and [1.32439241 1.77609477 1.43221076 0.9966468  0.57459871]
  warnings.warn(

Signature errors:
                         0         1         2         3         4       max
MLP-adam_iris_nll  0.01382  0.206329  0.179966  0.086866  0.176468  0.206329
max                0.01382  0.206329  0.179966  0.086866  0.176468  0.206329
starting sklearn study random-search MLP-adam iris nll 15 1
with data root: None
suggestion time taken 0.002560 iter 0 next_points [{'alpha': 4.156454821168945, 'batch_size': 59, 'beta_1': 0.9851406671816862, 'beta_2': 0.99999763119596, 'epsilon': 8.944128020537684e-09, 'hidden_layer_sizes': 138, 'learning_rate_init': 0.010517179246288718, 'tol': 0.003088739808237746, 'validation_fraction': 0.6076833137862556}]
/home/ryedida/.local/lib/python3.9/site-packages/sklearn/neural_network/_multilayer_perceptron.py:605: UserWarning: Got `batch_size` less than 1 or larger than sample size. It is going to be clipped
  warnings.warn(

function_evaluation time 0.096495 value 0.476340 suggestion {'alpha': 4.156454821168945, 'batch_size': 59, 'beta_1': 0.9851406671816862, 'beta_2': 0.99999763119596, 'epsilon': 8.944128020537684e-09, 'hidden_layer_sizes': 138, 'learning_rate_init': 0.010517179246288718, 'tol': 0.003088739808237746, 'validation_fraction': 0.6076833137862556}
observation time 0.000007, current best 0.476340 at iter 0
suggestion time taken 0.002538 iter 1 next_points [{'alpha': 0.0003555889114600677, 'batch_size': 164, 'beta_1': 0.9638240035936102, 'beta_2': 0.9996045980908381, 'epsilon': 5.967280746325363e-08, 'hidden_layer_sizes': 96, 'learning_rate_init': 0.07670139646373075, 'tol': 0.0001132856021870894, 'validation_fraction': 0.45063253251026625}]
/home/ryedida/.local/lib/python3.9/site-packages/sklearn/neural_network/_multilayer_perceptron.py:605: UserWarning: Got `batch_size` less than 1 or larger than sample size. It is going to be clipped
  warnings.warn(

function_evaluation time 0.092138 value 0.291857 suggestion {'alpha': 0.0003555889114600677, 'batch_size': 164, 'beta_1': 0.9638240035936102, 'beta_2': 0.9996045980908381, 'epsilon': 5.967280746325363e-08, 'hidden_layer_sizes': 96, 'learning_rate_init': 0.07670139646373075, 'tol': 0.0001132856021870894, 'validation_fraction': 0.45063253251026625}
observation time 0.000005, current best 0.291857 at iter 1
suggestion time taken 0.002473 iter 2 next_points [{'alpha': 0.574863211528573, 'batch_size': 153, 'beta_1': 0.624439063049896, 'beta_2': 0.9997377481085912, 'epsilon': 8.957490766741401e-08, 'hidden_layer_sizes': 105, 'learning_rate_init': 8.438709231929562e-05, 'tol': 0.009189986539871534, 'validation_fraction': 0.13379616187738375}]
/home/ryedida/.local/lib/python3.9/site-packages/sklearn/neural_network/_multilayer_perceptron.py:605: UserWarning: Got `batch_size` less than 1 or larger than sample size. It is going to be clipped
  warnings.warn(

function_evaluation time 0.055813 value 1.168700 suggestion {'alpha': 0.574863211528573, 'batch_size': 153, 'beta_1': 0.624439063049896, 'beta_2': 0.9997377481085912, 'epsilon': 8.957490766741401e-08, 'hidden_layer_sizes': 105, 'learning_rate_init': 8.438709231929562e-05, 'tol': 0.009189986539871534, 'validation_fraction': 0.13379616187738375}
observation time 0.000005, current best 0.291857 at iter 2
suggestion time taken 0.002479 iter 3 next_points [{'alpha': 0.24136174166549304, 'batch_size': 136, 'beta_1': 0.7003946152341117, 'beta_2': 0.9995733152001728, 'epsilon': 1.3207004190915547e-08, 'hidden_layer_sizes': 87, 'learning_rate_init': 0.01392854304850558, 'tol': 2.207039537162633e-05, 'validation_fraction': 0.14387636435212556}]
/home/ryedida/.local/lib/python3.9/site-packages/sklearn/neural_network/_multilayer_perceptron.py:605: UserWarning: Got `batch_size` less than 1 or larger than sample size. It is going to be clipped
  warnings.warn(

function_evaluation time 0.068886 value 0.645988 suggestion {'alpha': 0.24136174166549304, 'batch_size': 136, 'beta_1': 0.7003946152341117, 'beta_2': 0.9995733152001728, 'epsilon': 1.3207004190915547e-08, 'hidden_layer_sizes': 87, 'learning_rate_init': 0.01392854304850558, 'tol': 2.207039537162633e-05, 'validation_fraction': 0.14387636435212556}
observation time 0.000005, current best 0.291857 at iter 3
suggestion time taken 0.002487 iter 4 next_points [{'alpha': 0.0019131177265856484, 'batch_size': 92, 'beta_1': 0.9674369961792658, 'beta_2': 0.910287128927862, 'epsilon': 3.7093576022428334e-09, 'hidden_layer_sizes': 158, 'learning_rate_init': 0.0003365126663784601, 'tol': 0.025377180663143286, 'validation_fraction': 0.3099752682390491}]
/home/ryedida/.local/lib/python3.9/site-packages/sklearn/neural_network/_multilayer_perceptron.py:605: UserWarning: Got `batch_size` less than 1 or larger than sample size. It is going to be clipped
  warnings.warn(

function_evaluation time 0.047591 value 1.338564 suggestion {'alpha': 0.0019131177265856484, 'batch_size': 92, 'beta_1': 0.9674369961792658, 'beta_2': 0.910287128927862, 'epsilon': 3.7093576022428334e-09, 'hidden_layer_sizes': 158, 'learning_rate_init': 0.0003365126663784601, 'tol': 0.025377180663143286, 'validation_fraction': 0.3099752682390491}
observation time 0.000005, current best 0.291857 at iter 4
suggestion time taken 0.002451 iter 5 next_points [{'alpha': 0.026725229033825085, 'batch_size': 45, 'beta_1': 0.9334872941272131, 'beta_2': 0.9995154476047651, 'epsilon': 6.885249085608355e-09, 'hidden_layer_sizes': 81, 'learning_rate_init': 0.04048021133594431, 'tol': 0.03266086335851683, 'validation_fraction': 0.10356883837624616}]
function_evaluation time 0.076823 value 0.465502 suggestion {'alpha': 0.026725229033825085, 'batch_size': 45, 'beta_1': 0.9334872941272131, 'beta_2': 0.9995154476047651, 'epsilon': 6.885249085608355e-09, 'hidden_layer_sizes': 81, 'learning_rate_init': 0.04048021133594431, 'tol': 0.03266086335851683, 'validation_fraction': 0.10356883837624616}
observation time 0.000005, current best 0.291857 at iter 5
suggestion time taken 0.002668 iter 6 next_points [{'alpha': 0.002996100651476697, 'batch_size': 88, 'beta_1': 0.5047261121018379, 'beta_2': 0.9999825793421409, 'epsilon': 2.732749189589715e-08, 'hidden_layer_sizes': 85, 'learning_rate_init': 0.024753063283713468, 'tol': 0.0004070464459009874, 'validation_fraction': 0.881319333382969}]
/home/ryedida/.local/lib/python3.9/site-packages/sklearn/neural_network/_multilayer_perceptron.py:605: UserWarning: Got `batch_size` less than 1 or larger than sample size. It is going to be clipped
  warnings.warn(

function_evaluation time 0.079075 value 0.413398 suggestion {'alpha': 0.002996100651476697, 'batch_size': 88, 'beta_1': 0.5047261121018379, 'beta_2': 0.9999825793421409, 'epsilon': 2.732749189589715e-08, 'hidden_layer_sizes': 85, 'learning_rate_init': 0.024753063283713468, 'tol': 0.0004070464459009874, 'validation_fraction': 0.881319333382969}
observation time 0.000004, current best 0.291857 at iter 6
suggestion time taken 0.002496 iter 7 next_points [{'alpha': 0.00030333137302730945, 'batch_size': 82, 'beta_1': 0.6047411684941568, 'beta_2': 0.9995016090611136, 'epsilon': 1.7395666991485756e-09, 'hidden_layer_sizes': 52, 'learning_rate_init': 0.012627430933871501, 'tol': 0.0017449580306199033, 'validation_fraction': 0.8963478500010293}]
/home/ryedida/.local/lib/python3.9/site-packages/sklearn/neural_network/_multilayer_perceptron.py:605: UserWarning: Got `batch_size` less than 1 or larger than sample size. It is going to be clipped
  warnings.warn(

function_evaluation time 0.063024 value 0.846036 suggestion {'alpha': 0.00030333137302730945, 'batch_size': 82, 'beta_1': 0.6047411684941568, 'beta_2': 0.9995016090611136, 'epsilon': 1.7395666991485756e-09, 'hidden_layer_sizes': 52, 'learning_rate_init': 0.012627430933871501, 'tol': 0.0017449580306199033, 'validation_fraction': 0.8963478500010293}
observation time 0.000004, current best 0.291857 at iter 7
suggestion time taken 0.002458 iter 8 next_points [{'alpha': 0.00034952856711301783, 'batch_size': 15, 'beta_1': 0.9361257879895216, 'beta_2': 0.999763294543479, 'epsilon': 1.6279998304929691e-07, 'hidden_layer_sizes': 197, 'learning_rate_init': 4.8088665532188826e-05, 'tol': 4.07309645978351e-05, 'validation_fraction': 0.7787379300161504}]
function_evaluation time 0.098912 value 1.291323 suggestion {'alpha': 0.00034952856711301783, 'batch_size': 15, 'beta_1': 0.9361257879895216, 'beta_2': 0.999763294543479, 'epsilon': 1.6279998304929691e-07, 'hidden_layer_sizes': 197, 'learning_rate_init': 4.8088665532188826e-05, 'tol': 4.07309645978351e-05, 'validation_fraction': 0.7787379300161504}
observation time 0.000005, current best 0.291857 at iter 8
suggestion time taken 0.002791 iter 9 next_points [{'alpha': 0.015862047109099386, 'batch_size': 123, 'beta_1': 0.7116161118295545, 'beta_2': 0.999591702394351, 'epsilon': 1.2638695011244988e-09, 'hidden_layer_sizes': 171, 'learning_rate_init': 0.004055383234170869, 'tol': 0.0004736880808703337, 'validation_fraction': 0.5526775314319575}]
/home/ryedida/.local/lib/python3.9/site-packages/sklearn/neural_network/_multilayer_perceptron.py:605: UserWarning: Got `batch_size` less than 1 or larger than sample size. It is going to be clipped
  warnings.warn(

function_evaluation time 0.100534 value 0.466097 suggestion {'alpha': 0.015862047109099386, 'batch_size': 123, 'beta_1': 0.7116161118295545, 'beta_2': 0.999591702394351, 'epsilon': 1.2638695011244988e-09, 'hidden_layer_sizes': 171, 'learning_rate_init': 0.004055383234170869, 'tol': 0.0004736880808703337, 'validation_fraction': 0.5526775314319575}
observation time 0.000004, current best 0.291857 at iter 9
suggestion time taken 0.002473 iter 10 next_points [{'alpha': 0.0008383405996009299, 'batch_size': 149, 'beta_1': 0.9617677763897765, 'beta_2': 0.9992437274545435, 'epsilon': 1.4250906057910372e-09, 'hidden_layer_sizes': 86, 'learning_rate_init': 0.0001021381581870297, 'tol': 1.524985376933021e-05, 'validation_fraction': 0.7258859829846489}]
/home/ryedida/.local/lib/python3.9/site-packages/sklearn/neural_network/_multilayer_perceptron.py:605: UserWarning: Got `batch_size` less than 1 or larger than sample size. It is going to be clipped
  warnings.warn(

function_evaluation time 0.041736 value 1.441721 suggestion {'alpha': 0.0008383405996009299, 'batch_size': 149, 'beta_1': 0.9617677763897765, 'beta_2': 0.9992437274545435, 'epsilon': 1.4250906057910372e-09, 'hidden_layer_sizes': 86, 'learning_rate_init': 0.0001021381581870297, 'tol': 1.524985376933021e-05, 'validation_fraction': 0.7258859829846489}
observation time 0.000004, current best 0.291857 at iter 10
suggestion time taken 0.002484 iter 11 next_points [{'alpha': 3.349101300509749, 'batch_size': 197, 'beta_1': 0.9763587038562457, 'beta_2': 0.999990584515984, 'epsilon': 1.0608403592621565e-09, 'hidden_layer_sizes': 171, 'learning_rate_init': 0.012379597246980166, 'tol': 0.00937103046150572, 'validation_fraction': 0.492304619714765}]
/home/ryedida/.local/lib/python3.9/site-packages/sklearn/neural_network/_multilayer_perceptron.py:605: UserWarning: Got `batch_size` less than 1 or larger than sample size. It is going to be clipped
  warnings.warn(

function_evaluation time 0.103174 value 0.416442 suggestion {'alpha': 3.349101300509749, 'batch_size': 197, 'beta_1': 0.9763587038562457, 'beta_2': 0.999990584515984, 'epsilon': 1.0608403592621565e-09, 'hidden_layer_sizes': 171, 'learning_rate_init': 0.012379597246980166, 'tol': 0.00937103046150572, 'validation_fraction': 0.492304619714765}
observation time 0.000004, current best 0.291857 at iter 11
suggestion time taken 0.002812 iter 12 next_points [{'alpha': 8.621705886610115, 'batch_size': 184, 'beta_1': 0.7997476031231413, 'beta_2': 0.9999570929455462, 'epsilon': 4.000223269229143e-07, 'hidden_layer_sizes': 132, 'learning_rate_init': 0.0002163545278529282, 'tol': 2.0287286318167692e-05, 'validation_fraction': 0.19333493990084166}]
/home/ryedida/.local/lib/python3.9/site-packages/sklearn/neural_network/_multilayer_perceptron.py:605: UserWarning: Got `batch_size` less than 1 or larger than sample size. It is going to be clipped
  warnings.warn(

function_evaluation time 0.059880 value 1.308747 suggestion {'alpha': 8.621705886610115, 'batch_size': 184, 'beta_1': 0.7997476031231413, 'beta_2': 0.9999570929455462, 'epsilon': 4.000223269229143e-07, 'hidden_layer_sizes': 132, 'learning_rate_init': 0.0002163545278529282, 'tol': 2.0287286318167692e-05, 'validation_fraction': 0.19333493990084166}
observation time 0.000005, current best 0.291857 at iter 12
suggestion time taken 0.002443 iter 13 next_points [{'alpha': 0.2255626442860403, 'batch_size': 129, 'beta_1': 0.6792902282382561, 'beta_2': 0.9684977098151214, 'epsilon': 1.55273499010617e-09, 'hidden_layer_sizes': 100, 'learning_rate_init': 0.0004301522060674041, 'tol': 0.00897969334275399, 'validation_fraction': 0.3400055397915772}]
/home/ryedida/.local/lib/python3.9/site-packages/sklearn/neural_network/_multilayer_perceptron.py:605: UserWarning: Got `batch_size` less than 1 or larger than sample size. It is going to be clipped
  warnings.warn(

function_evaluation time 0.049105 value 1.433440 suggestion {'alpha': 0.2255626442860403, 'batch_size': 129, 'beta_1': 0.6792902282382561, 'beta_2': 0.9684977098151214, 'epsilon': 1.55273499010617e-09, 'hidden_layer_sizes': 100, 'learning_rate_init': 0.0004301522060674041, 'tol': 0.00897969334275399, 'validation_fraction': 0.3400055397915772}
observation time 0.000005, current best 0.291857 at iter 13
suggestion time taken 0.002480 iter 14 next_points [{'alpha': 0.000367732668829534, 'batch_size': 105, 'beta_1': 0.9194022275956185, 'beta_2': 0.9941751542663857, 'epsilon': 2.090313836222209e-08, 'hidden_layer_sizes': 132, 'learning_rate_init': 7.064970455920119e-05, 'tol': 1.482252665632247e-05, 'validation_fraction': 0.2081993744202984}]
/home/ryedida/.local/lib/python3.9/site-packages/sklearn/neural_network/_multilayer_perceptron.py:605: UserWarning: Got `batch_size` less than 1 or larger than sample size. It is going to be clipped
  warnings.warn(

function_evaluation time 0.055052 value 1.216687 suggestion {'alpha': 0.000367732668829534, 'batch_size': 105, 'beta_1': 0.9194022275956185, 'beta_2': 0.9941751542663857, 'epsilon': 2.090313836222209e-08, 'hidden_layer_sizes': 132, 'learning_rate_init': 7.064970455920119e-05, 'tol': 1.482252665632247e-05, 'validation_fraction': 0.2081993744202984}
observation time 0.000005, current best 0.291857 at iter 14
saving meta data: {'args': {'--uuid': '3c735b27c8c359c7814cf8cae30c4102', '-db-root': '/home/ryedida/bbo_challenge_starter_kit/output', '--opt-root': '/home/ryedida/bbo_challenge_starter_kit/example_submissions', '--data-root': None, '--db': 'run_20230424_161204', '--opt': 'random-search', '--data': 'iris', '--classifier': 'MLP-adam', '--metric': 'nll', '--calls': 15, '--suggestions': 1, '--jobs-file': None, '--verbose': False, 'dry_run': False, 'rev': 'a376313', 'opt_rev': '0.0.8'}, 'signature': ([{'alpha': 0.019628224813442792, 'batch_size': 182, 'beta_1': 0.9410202200271762, 'beta_2': 0.9998021557676793, 'epsilon': 1.8662266976518e-08, 'hidden_layer_sizes': 147, 'learning_rate_init': 0.0005627932047415167, 'tol': 0.03690557729213761, 'validation_fraction': 0.8846827852548593}, {'alpha': 0.0019982467392329444, 'batch_size': 200, 'beta_1': 0.919111482530466, 'beta_2': 0.9998488260436156, 'epsilon': 5.981221901152555e-07, 'hidden_layer_sizes': 61, 'learning_rate_init': 2.2310905607443014e-05, 'tol': 1.2046852412030316e-05, 'validation_fraction': 0.8117896445826539}, {'alpha': 0.46659545670218433, 'batch_size': 219, 'beta_1': 0.9889789783750891, 'beta_2': 0.9999896868093284, 'epsilon': 2.4234724484675948e-08, 'hidden_layer_sizes': 167, 'learning_rate_init': 2.972334644335654e-05, 'tol': 0.0036281404040243792, 'validation_fraction': 0.17260651658522078}, {'alpha': 4.656005689076002, 'batch_size': 135, 'beta_1': 0.870503881627747, 'beta_2': 0.9948873266941017, 'epsilon': 2.1023308743480125e-07, 'hidden_layer_sizes': 118, 'learning_rate_init': 0.0018781738757161913, 'tol': 1.1889379831773004e-05, 'validation_fraction': 0.6264327093752792}, {'alpha': 0.04705159350400542, 'batch_size': 158, 'beta_1': 0.9870884262730957, 'beta_2': 0.9999596874382349, 'epsilon': 1.1981845126013875e-08, 'hidden_layer_sizes': 116, 'learning_rate_init': 0.00617340520407431, 'tol': 1.741413418158619e-05, 'validation_fraction': 0.6754299026638921}], [1.3105719841770722, 1.7760947732249062, 1.4322107566090756, 0.9097804858215804, 0.5745987066718419])}
saving results
saving timing
saving suggest log
done
