running: {'--uuid': '4202e60dce8d5011bce1e3cc58aa8666', '-db-root': '/home/ryedida/bbo_challenge_starter_kit/output', '--opt-root': '/home/ryedida/bbo_challenge_starter_kit/example_submissions', '--data-root': None, '--db': 'run_20230424_161204', '--opt': 'opentuner', '--data': 'iris', '--classifier': 'MLP-adam', '--metric': 'acc', '--calls': 15, '--suggestions': 1, '--jobs-file': None, '--verbose': False, 'dry_run': False, 'rev': 'a376313', 'opt_rev': '0.8.8'}
cmd: python opentuner/optimizer.py -c MLP-adam -d iris -o opentuner -u 4202e60dce8d5011bce1e3cc58aa8666 -m acc -n 15 -p 1 -dir /home/ryedida/bbo_challenge_starter_kit/output -b run_20230424_161204
/home/ryedida/.local/lib/python3.9/site-packages/sklearn/neural_network/_multilayer_perceptron.py:605: UserWarning: Got `batch_size` less than 1 or larger than sample size. It is going to be clipped
  warnings.warn(

/home/ryedida/.local/lib/python3.9/site-packages/sklearn/neural_network/_multilayer_perceptron.py:605: UserWarning: Got `batch_size` less than 1 or larger than sample size. It is going to be clipped
  warnings.warn(

/home/ryedida/.local/lib/python3.9/site-packages/sklearn/neural_network/_multilayer_perceptron.py:605: UserWarning: Got `batch_size` less than 1 or larger than sample size. It is going to be clipped
  warnings.warn(

/home/ryedida/.local/lib/python3.9/site-packages/sklearn/neural_network/_multilayer_perceptron.py:605: UserWarning: Got `batch_size` less than 1 or larger than sample size. It is going to be clipped
  warnings.warn(

/home/ryedida/.local/lib/python3.9/site-packages/sklearn/neural_network/_multilayer_perceptron.py:605: UserWarning: Got `batch_size` less than 1 or larger than sample size. It is going to be clipped
  warnings.warn(

computed signature: ([{'alpha': 0.019628224813442792, 'batch_size': 182, 'beta_1': 0.9410202200271762, 'beta_2': 0.9998021557676793, 'epsilon': 1.8662266976518e-08, 'hidden_layer_sizes': 147, 'learning_rate_init': 0.0005627932047415167, 'tol': 0.03690557729213761, 'validation_fraction': 0.8846827852548593}, {'alpha': 0.0019982467392329444, 'batch_size': 200, 'beta_1': 0.919111482530466, 'beta_2': 0.9998488260436156, 'epsilon': 5.981221901152555e-07, 'hidden_layer_sizes': 61, 'learning_rate_init': 2.2310905607443014e-05, 'tol': 1.2046852412030316e-05, 'validation_fraction': 0.8117896445826539}, {'alpha': 0.46659545670218433, 'batch_size': 219, 'beta_1': 0.9889789783750891, 'beta_2': 0.9999896868093284, 'epsilon': 2.4234724484675948e-08, 'hidden_layer_sizes': 167, 'learning_rate_init': 2.972334644335654e-05, 'tol': 0.0036281404040243792, 'validation_fraction': 0.17260651658522078}, {'alpha': 4.656005689076002, 'batch_size': 135, 'beta_1': 0.870503881627747, 'beta_2': 0.9948873266941017, 'epsilon': 2.1023308743480125e-07, 'hidden_layer_sizes': 118, 'learning_rate_init': 0.0018781738757161913, 'tol': 1.1889379831773004e-05, 'validation_fraction': 0.6264327093752792}, {'alpha': 0.04705159350400542, 'batch_size': 158, 'beta_1': 0.9870884262730957, 'beta_2': 0.9999596874382349, 'epsilon': 1.1981845126013875e-08, 'hidden_layer_sizes': 116, 'learning_rate_init': 0.00617340520407431, 'tol': 1.741413418158619e-05, 'validation_fraction': 0.6754299026638921}], [-0.41666666666666663, -0.275, -0.3416666666666667, -0.725, -0.875])
/home/ryedida/.local/lib/python3.9/site-packages/bayesmark/signatures.py:85: RuntimeWarning: Signature diverged on MLP-adam_iris_acc betwen [-0.52290909 -0.27918182 -0.34166667 -0.725      -0.91715152] and [-0.41666667 -0.275      -0.26133333 -0.68915152 -0.875     ]
  warnings.warn(

Signature errors:
                          0         1         2         3         4       max
MLP-adam_iris_acc  0.106242  0.004182  0.080333  0.035848  0.042152  0.106242
max                0.106242  0.004182  0.080333  0.035848  0.042152  0.106242
starting sklearn study opentuner MLP-adam iris acc 15 1
with data root: None
suggestion time taken 0.056237 iter 0 next_points [{'hidden_layer_sizes': 196, 'alpha': 1.671734088691971, 'batch_size': 63, 'learning_rate_init': 0.03678935717621317, 'tol': 0.018353429416331158, 'validation_fraction': 0.5165572170751755, 'beta_1': 0.632315241250425, 'beta_2': 0.9866727674559979, 'epsilon': 3.9869899107255926e-07}]
/home/ryedida/.local/lib/python3.9/site-packages/sklearn/neural_network/_multilayer_perceptron.py:605: UserWarning: Got `batch_size` less than 1 or larger than sample size. It is going to be clipped
  warnings.warn(

function_evaluation time 0.088064 value -0.925000 suggestion {'hidden_layer_sizes': 196, 'alpha': 1.671734088691971, 'batch_size': 63, 'learning_rate_init': 0.03678935717621317, 'tol': 0.018353429416331158, 'validation_fraction': 0.5165572170751755, 'beta_1': 0.632315241250425, 'beta_2': 0.9866727674559979, 'epsilon': 3.9869899107255926e-07}
observation time 0.004158, current best -0.925000 at iter 0
suggestion time taken 0.007721 iter 1 next_points [{'hidden_layer_sizes': 196, 'alpha': 1.671734088691971, 'batch_size': 63, 'learning_rate_init': 0.03678935717621317, 'tol': 0.09865669020520366, 'validation_fraction': 0.5165572170751755, 'beta_1': 0.632315241250425, 'beta_2': 0.9452653666861441, 'epsilon': 5.014901637573056e-07}]
/home/ryedida/.local/lib/python3.9/site-packages/sklearn/neural_network/_multilayer_perceptron.py:605: UserWarning: Got `batch_size` less than 1 or larger than sample size. It is going to be clipped
  warnings.warn(

function_evaluation time 0.070712 value -0.925000 suggestion {'hidden_layer_sizes': 196, 'alpha': 1.671734088691971, 'batch_size': 63, 'learning_rate_init': 0.03678935717621317, 'tol': 0.09865669020520366, 'validation_fraction': 0.5165572170751755, 'beta_1': 0.632315241250425, 'beta_2': 0.9452653666861441, 'epsilon': 5.014901637573056e-07}
observation time 0.001975, current best -0.925000 at iter 1
suggestion time taken 0.006951 iter 2 next_points [{'hidden_layer_sizes': 194, 'alpha': 1.671734088691971, 'batch_size': 63, 'learning_rate_init': 0.015567312360282349, 'tol': 0.030299604883553034, 'validation_fraction': 0.5165572170751755, 'beta_1': 0.632315241250425, 'beta_2': 0.9958455022809533, 'epsilon': 3.9869899107255926e-07}]
/home/ryedida/.local/lib/python3.9/site-packages/sklearn/neural_network/_multilayer_perceptron.py:605: UserWarning: Got `batch_size` less than 1 or larger than sample size. It is going to be clipped
  warnings.warn(

function_evaluation time 0.071853 value -0.958333 suggestion {'hidden_layer_sizes': 194, 'alpha': 1.671734088691971, 'batch_size': 63, 'learning_rate_init': 0.015567312360282349, 'tol': 0.030299604883553034, 'validation_fraction': 0.5165572170751755, 'beta_1': 0.632315241250425, 'beta_2': 0.9958455022809533, 'epsilon': 3.9869899107255926e-07}
observation time 0.001779, current best -0.958333 at iter 2
suggestion time taken 0.021085 iter 3 next_points [{'beta_2': 0.9846539786883979, 'hidden_layer_sizes': 168, 'beta_1': 0.6231331368353323, 'alpha': 2.1743660404446232, 'validation_fraction': 0.3243126236494269, 'tol': 0.013215758963463543, 'learning_rate_init': 0.058342775217436964, 'epsilon': 4.802277783494114e-07, 'batch_size': 70}]
function_evaluation time 0.085826 value -0.966667 suggestion {'beta_2': 0.9846539786883979, 'hidden_layer_sizes': 168, 'beta_1': 0.6231331368353323, 'alpha': 2.1743660404446232, 'validation_fraction': 0.3243126236494269, 'tol': 0.013215758963463543, 'learning_rate_init': 0.058342775217436964, 'epsilon': 4.802277783494114e-07, 'batch_size': 70}
observation time 0.001854, current best -0.966667 at iter 3
suggestion time taken 0.005865 iter 4 next_points [{'beta_2': 0.9372955646131682, 'hidden_layer_sizes': 117, 'beta_1': 0.6885227276784472, 'alpha': 8.119480549196837, 'validation_fraction': 0.19687363951775583, 'tol': 0.019300829405115728, 'learning_rate_init': 0.023562884596663714, 'epsilon': 6.198977748067259e-07, 'batch_size': 169}]
/home/ryedida/.local/lib/python3.9/site-packages/sklearn/neural_network/_multilayer_perceptron.py:605: UserWarning: Got `batch_size` less than 1 or larger than sample size. It is going to be clipped
  warnings.warn(

function_evaluation time 0.081832 value -0.975000 suggestion {'beta_2': 0.9372955646131682, 'hidden_layer_sizes': 117, 'beta_1': 0.6885227276784472, 'alpha': 8.119480549196837, 'validation_fraction': 0.19687363951775583, 'tol': 0.019300829405115728, 'learning_rate_init': 0.023562884596663714, 'epsilon': 6.198977748067259e-07, 'batch_size': 169}
observation time 0.001975, current best -0.975000 at iter 4
suggestion time taken 0.005044 iter 5 next_points [{'hidden_layer_sizes': 198, 'alpha': 6.3765420387460185, 'batch_size': 225, 'learning_rate_init': 0.06278593271688664, 'tol': 0.09521961453283605, 'validation_fraction': 0.12102969292378783, 'beta_1': 0.7936545848251946, 'beta_2': 0.9935236819682969, 'epsilon': 7.11564620254317e-07}]
/home/ryedida/.local/lib/python3.9/site-packages/sklearn/neural_network/_multilayer_perceptron.py:605: UserWarning: Got `batch_size` less than 1 or larger than sample size. It is going to be clipped
  warnings.warn(

function_evaluation time 0.072620 value -0.925000 suggestion {'hidden_layer_sizes': 198, 'alpha': 6.3765420387460185, 'batch_size': 225, 'learning_rate_init': 0.06278593271688664, 'tol': 0.09521961453283605, 'validation_fraction': 0.12102969292378783, 'beta_1': 0.7936545848251946, 'beta_2': 0.9935236819682969, 'epsilon': 7.11564620254317e-07}
observation time 0.001815, current best -0.975000 at iter 5
suggestion time taken 0.007063 iter 6 next_points [{'beta_2': 0.9372955646131682, 'hidden_layer_sizes': 117, 'beta_1': 0.6885227276784472, 'alpha': 8.119480549196837, 'validation_fraction': 0.19687363951775583, 'tol': 0.03244064070004098, 'learning_rate_init': 0.022563854815646312, 'epsilon': 6.198977748067259e-07, 'batch_size': 172}]
/home/ryedida/.local/lib/python3.9/site-packages/sklearn/neural_network/_multilayer_perceptron.py:605: UserWarning: Got `batch_size` less than 1 or larger than sample size. It is going to be clipped
  warnings.warn(

function_evaluation time 0.077852 value -0.925000 suggestion {'beta_2': 0.9372955646131682, 'hidden_layer_sizes': 117, 'beta_1': 0.6885227276784472, 'alpha': 8.119480549196837, 'validation_fraction': 0.19687363951775583, 'tol': 0.03244064070004098, 'learning_rate_init': 0.022563854815646312, 'epsilon': 6.198977748067259e-07, 'batch_size': 172}
observation time 0.001850, current best -0.975000 at iter 6
suggestion time taken 0.005844 iter 7 next_points [{'beta_2': 0.9993056734441403, 'hidden_layer_sizes': 80, 'beta_1': 0.5884021188254595, 'alpha': 5.560489192297196, 'validation_fraction': 0.31135576464087694, 'tol': 0.003514785122913523, 'learning_rate_init': 0.005555886036423919, 'epsilon': 8.362308202841385e-07, 'batch_size': 163}]
/home/ryedida/.local/lib/python3.9/site-packages/sklearn/neural_network/_multilayer_perceptron.py:605: UserWarning: Got `batch_size` less than 1 or larger than sample size. It is going to be clipped
  warnings.warn(

function_evaluation time 0.074818 value -0.825000 suggestion {'beta_2': 0.9993056734441403, 'hidden_layer_sizes': 80, 'beta_1': 0.5884021188254595, 'alpha': 5.560489192297196, 'validation_fraction': 0.31135576464087694, 'tol': 0.003514785122913523, 'learning_rate_init': 0.005555886036423919, 'epsilon': 8.362308202841385e-07, 'batch_size': 163}
observation time 0.001907, current best -0.975000 at iter 7
suggestion time taken 0.005853 iter 8 next_points [{'beta_2': 0.9586802572269941, 'hidden_layer_sizes': 174, 'beta_1': 0.7026670461492577, 'alpha': 3.8095403485636434, 'validation_fraction': 0.2625225754291865, 'tol': 0.0066051610110956956, 'learning_rate_init': 0.0006853325430974844, 'epsilon': 8.828842958113748e-07, 'batch_size': 132}]
/home/ryedida/.local/lib/python3.9/site-packages/sklearn/neural_network/_multilayer_perceptron.py:605: UserWarning: Got `batch_size` less than 1 or larger than sample size. It is going to be clipped
  warnings.warn(

function_evaluation time 0.060036 value -0.608333 suggestion {'beta_2': 0.9586802572269941, 'hidden_layer_sizes': 174, 'beta_1': 0.7026670461492577, 'alpha': 3.8095403485636434, 'validation_fraction': 0.2625225754291865, 'tol': 0.0066051610110956956, 'learning_rate_init': 0.0006853325430974844, 'epsilon': 8.828842958113748e-07, 'batch_size': 132}
observation time 0.001862, current best -0.975000 at iter 8
suggestion time taken 0.004984 iter 9 next_points [{'hidden_layer_sizes': 139, 'alpha': 7.45438241807441, 'batch_size': 144, 'learning_rate_init': 0.07513630221510918, 'tol': 0.048311432927403634, 'validation_fraction': 0.32321492395005014, 'beta_1': 0.6668343785528302, 'beta_2': 0.9237804805532548, 'epsilon': 9.599386866792894e-07}]
/home/ryedida/.local/lib/python3.9/site-packages/sklearn/neural_network/_multilayer_perceptron.py:605: UserWarning: Got `batch_size` less than 1 or larger than sample size. It is going to be clipped
  warnings.warn(

function_evaluation time 0.071862 value -0.933333 suggestion {'hidden_layer_sizes': 139, 'alpha': 7.45438241807441, 'batch_size': 144, 'learning_rate_init': 0.07513630221510918, 'tol': 0.048311432927403634, 'validation_fraction': 0.32321492395005014, 'beta_1': 0.6668343785528302, 'beta_2': 0.9237804805532548, 'epsilon': 9.599386866792894e-07}
observation time 0.001822, current best -0.975000 at iter 9
suggestion time taken 0.007588 iter 10 next_points [{'beta_2': 0.9372955646131682, 'hidden_layer_sizes': 117, 'beta_1': 0.6091255430933009, 'alpha': 8.119480549196837, 'validation_fraction': 0.19687363951775583, 'tol': 0.019300829405115728, 'learning_rate_init': 0.023562884596663714, 'epsilon': 6.198977748067259e-07, 'batch_size': 169}]
/home/ryedida/.local/lib/python3.9/site-packages/sklearn/neural_network/_multilayer_perceptron.py:605: UserWarning: Got `batch_size` less than 1 or larger than sample size. It is going to be clipped
  warnings.warn(

function_evaluation time 0.075591 value -0.883333 suggestion {'beta_2': 0.9372955646131682, 'hidden_layer_sizes': 117, 'beta_1': 0.6091255430933009, 'alpha': 8.119480549196837, 'validation_fraction': 0.19687363951775583, 'tol': 0.019300829405115728, 'learning_rate_init': 0.023562884596663714, 'epsilon': 6.198977748067259e-07, 'batch_size': 169}
observation time 0.001789, current best -0.975000 at iter 10
suggestion time taken 0.005841 iter 11 next_points [{'beta_2': 0.9297277164790608, 'hidden_layer_sizes': 64, 'beta_1': 0.6185960576325964, 'alpha': 8.184319296959105, 'validation_fraction': 0.10626674566939959, 'tol': 0.02237777199900919, 'learning_rate_init': 0.03467709107035393, 'epsilon': 3.4682873187360976e-07, 'batch_size': 227}]
/home/ryedida/.local/lib/python3.9/site-packages/sklearn/neural_network/_multilayer_perceptron.py:605: UserWarning: Got `batch_size` less than 1 or larger than sample size. It is going to be clipped
  warnings.warn(

function_evaluation time 0.061958 value -0.933333 suggestion {'beta_2': 0.9297277164790608, 'hidden_layer_sizes': 64, 'beta_1': 0.6185960576325964, 'alpha': 8.184319296959105, 'validation_fraction': 0.10626674566939959, 'tol': 0.02237777199900919, 'learning_rate_init': 0.03467709107035393, 'epsilon': 3.4682873187360976e-07, 'batch_size': 227}
observation time 0.001835, current best -0.975000 at iter 11
suggestion time taken 0.005825 iter 12 next_points [{'beta_2': 0.9997895770521581, 'hidden_layer_sizes': 75, 'beta_1': 0.6959227108493716, 'alpha': 0.08191421329952402, 'validation_fraction': 0.4065089729672521, 'tol': 0.0483720790092012, 'learning_rate_init': 0.0842859544208278, 'epsilon': 7.901452551422873e-07, 'batch_size': 107}]
/home/ryedida/.local/lib/python3.9/site-packages/sklearn/neural_network/_multilayer_perceptron.py:605: UserWarning: Got `batch_size` less than 1 or larger than sample size. It is going to be clipped
  warnings.warn(

function_evaluation time 0.067581 value -0.941667 suggestion {'beta_2': 0.9997895770521581, 'hidden_layer_sizes': 75, 'beta_1': 0.6959227108493716, 'alpha': 0.08191421329952402, 'validation_fraction': 0.4065089729672521, 'tol': 0.0483720790092012, 'learning_rate_init': 0.0842859544208278, 'epsilon': 7.901452551422873e-07, 'batch_size': 107}
observation time 0.001968, current best -0.975000 at iter 12
suggestion time taken 0.007068 iter 13 next_points [{'beta_2': 0.9372955646131682, 'hidden_layer_sizes': 108, 'beta_1': 0.6885227276784472, 'alpha': 8.538070833375826, 'validation_fraction': 0.282815475191159, 'tol': 0.019300829405115728, 'learning_rate_init': 0.023562884596663714, 'epsilon': 6.891451042328734e-07, 'batch_size': 169}]
/home/ryedida/.local/lib/python3.9/site-packages/sklearn/neural_network/_multilayer_perceptron.py:605: UserWarning: Got `batch_size` less than 1 or larger than sample size. It is going to be clipped
  warnings.warn(

function_evaluation time 0.079483 value -0.916667 suggestion {'beta_2': 0.9372955646131682, 'hidden_layer_sizes': 108, 'beta_1': 0.6885227276784472, 'alpha': 8.538070833375826, 'validation_fraction': 0.282815475191159, 'tol': 0.019300829405115728, 'learning_rate_init': 0.023562884596663714, 'epsilon': 6.891451042328734e-07, 'batch_size': 169}
observation time 0.001845, current best -0.975000 at iter 13
suggestion time taken 0.005070 iter 14 next_points [{'hidden_layer_sizes': 184, 'alpha': 1.6629762473819825, 'batch_size': 194, 'learning_rate_init': 0.059748505473254214, 'tol': 0.07208809971495415, 'validation_fraction': 0.641385341439751, 'beta_1': 0.648307814244595, 'beta_2': 0.9915406211386208, 'epsilon': 9.501093109215143e-07}]
/home/ryedida/.local/lib/python3.9/site-packages/sklearn/neural_network/_multilayer_perceptron.py:605: UserWarning: Got `batch_size` less than 1 or larger than sample size. It is going to be clipped
  warnings.warn(

function_evaluation time 0.067039 value -0.925000 suggestion {'hidden_layer_sizes': 184, 'alpha': 1.6629762473819825, 'batch_size': 194, 'learning_rate_init': 0.059748505473254214, 'tol': 0.07208809971495415, 'validation_fraction': 0.641385341439751, 'beta_1': 0.648307814244595, 'beta_2': 0.9915406211386208, 'epsilon': 9.501093109215143e-07}
observation time 0.001839, current best -0.975000 at iter 14
saving meta data: {'args': {'--uuid': '4202e60dce8d5011bce1e3cc58aa8666', '-db-root': '/home/ryedida/bbo_challenge_starter_kit/output', '--opt-root': '/home/ryedida/bbo_challenge_starter_kit/example_submissions', '--data-root': None, '--db': 'run_20230424_161204', '--opt': 'opentuner', '--data': 'iris', '--classifier': 'MLP-adam', '--metric': 'acc', '--calls': 15, '--suggestions': 1, '--jobs-file': None, '--verbose': False, 'dry_run': False, 'rev': 'a376313', 'opt_rev': '0.8.8'}, 'signature': ([{'alpha': 0.019628224813442792, 'batch_size': 182, 'beta_1': 0.9410202200271762, 'beta_2': 0.9998021557676793, 'epsilon': 1.8662266976518e-08, 'hidden_layer_sizes': 147, 'learning_rate_init': 0.0005627932047415167, 'tol': 0.03690557729213761, 'validation_fraction': 0.8846827852548593}, {'alpha': 0.0019982467392329444, 'batch_size': 200, 'beta_1': 0.919111482530466, 'beta_2': 0.9998488260436156, 'epsilon': 5.981221901152555e-07, 'hidden_layer_sizes': 61, 'learning_rate_init': 2.2310905607443014e-05, 'tol': 1.2046852412030316e-05, 'validation_fraction': 0.8117896445826539}, {'alpha': 0.46659545670218433, 'batch_size': 219, 'beta_1': 0.9889789783750891, 'beta_2': 0.9999896868093284, 'epsilon': 2.4234724484675948e-08, 'hidden_layer_sizes': 167, 'learning_rate_init': 2.972334644335654e-05, 'tol': 0.0036281404040243792, 'validation_fraction': 0.17260651658522078}, {'alpha': 4.656005689076002, 'batch_size': 135, 'beta_1': 0.870503881627747, 'beta_2': 0.9948873266941017, 'epsilon': 2.1023308743480125e-07, 'hidden_layer_sizes': 118, 'learning_rate_init': 0.0018781738757161913, 'tol': 1.1889379831773004e-05, 'validation_fraction': 0.6264327093752792}, {'alpha': 0.04705159350400542, 'batch_size': 158, 'beta_1': 0.9870884262730957, 'beta_2': 0.9999596874382349, 'epsilon': 1.1981845126013875e-08, 'hidden_layer_sizes': 116, 'learning_rate_init': 0.00617340520407431, 'tol': 1.741413418158619e-05, 'validation_fraction': 0.6754299026638921}], [-0.41666666666666663, -0.275, -0.3416666666666667, -0.725, -0.875])}
saving results
saving timing
saving suggest log
done
