running: {'--uuid': '449b1aa360605ee69a41d3e847eba49f', '-db-root': '/home/ryedida/bbo_challenge_starter_kit/output', '--opt-root': '/home/ryedida/bbo_challenge_starter_kit/example_submissions', '--data-root': None, '--db': 'run_20230424_161204', '--opt': 'turbo', '--data': 'iris', '--classifier': 'MLP-adam', '--metric': 'acc', '--calls': 15, '--suggestions': 1, '--jobs-file': None, '--verbose': False, 'dry_run': False, 'rev': 'a376313', 'opt_rev': '0.0.1'}
cmd: python turbo/optimizer.py -c MLP-adam -d iris -o turbo -u 449b1aa360605ee69a41d3e847eba49f -m acc -n 15 -p 1 -dir /home/ryedida/bbo_challenge_starter_kit/output -b run_20230424_161204
/home/ryedida/.local/lib/python3.9/site-packages/sklearn/neural_network/_multilayer_perceptron.py:605: UserWarning: Got `batch_size` less than 1 or larger than sample size. It is going to be clipped
  warnings.warn(

/home/ryedida/.local/lib/python3.9/site-packages/sklearn/neural_network/_multilayer_perceptron.py:605: UserWarning: Got `batch_size` less than 1 or larger than sample size. It is going to be clipped
  warnings.warn(

/home/ryedida/.local/lib/python3.9/site-packages/sklearn/neural_network/_multilayer_perceptron.py:605: UserWarning: Got `batch_size` less than 1 or larger than sample size. It is going to be clipped
  warnings.warn(

/home/ryedida/.local/lib/python3.9/site-packages/sklearn/neural_network/_multilayer_perceptron.py:605: UserWarning: Got `batch_size` less than 1 or larger than sample size. It is going to be clipped
  warnings.warn(

/home/ryedida/.local/lib/python3.9/site-packages/sklearn/neural_network/_multilayer_perceptron.py:605: UserWarning: Got `batch_size` less than 1 or larger than sample size. It is going to be clipped
  warnings.warn(

computed signature: ([{'alpha': 0.019628224813442792, 'batch_size': 182, 'beta_1': 0.9410202200271762, 'beta_2': 0.9998021557676793, 'epsilon': 1.8662266976518e-08, 'hidden_layer_sizes': 147, 'learning_rate_init': 0.0005627932047415167, 'tol': 0.03690557729213761, 'validation_fraction': 0.8846827852548593}, {'alpha': 0.0019982467392329444, 'batch_size': 200, 'beta_1': 0.919111482530466, 'beta_2': 0.9998488260436156, 'epsilon': 5.981221901152555e-07, 'hidden_layer_sizes': 61, 'learning_rate_init': 2.2310905607443014e-05, 'tol': 1.2046852412030316e-05, 'validation_fraction': 0.8117896445826539}, {'alpha': 0.46659545670218433, 'batch_size': 219, 'beta_1': 0.9889789783750891, 'beta_2': 0.9999896868093284, 'epsilon': 2.4234724484675948e-08, 'hidden_layer_sizes': 167, 'learning_rate_init': 2.972334644335654e-05, 'tol': 0.0036281404040243792, 'validation_fraction': 0.17260651658522078}, {'alpha': 4.656005689076002, 'batch_size': 135, 'beta_1': 0.870503881627747, 'beta_2': 0.9948873266941017, 'epsilon': 2.1023308743480125e-07, 'hidden_layer_sizes': 118, 'learning_rate_init': 0.0018781738757161913, 'tol': 1.1889379831773004e-05, 'validation_fraction': 0.6264327093752792}, {'alpha': 0.04705159350400542, 'batch_size': 158, 'beta_1': 0.9870884262730957, 'beta_2': 0.9999596874382349, 'epsilon': 1.1981845126013875e-08, 'hidden_layer_sizes': 116, 'learning_rate_init': 0.00617340520407431, 'tol': 1.741413418158619e-05, 'validation_fraction': 0.6754299026638921}], [-0.41666666666666663, -0.275, -0.3416666666666667, -0.725, -0.875])
/home/ryedida/.local/lib/python3.9/site-packages/bayesmark/signatures.py:85: RuntimeWarning: Signature diverged on MLP-adam_iris_acc betwen [-0.52290909 -0.27918182 -0.34166667 -0.725      -0.91715152] and [-0.41666667 -0.275      -0.26133333 -0.68915152 -0.875     ]
  warnings.warn(

Signature errors:
                          0         1         2         3         4       max
MLP-adam_iris_acc  0.106242  0.004182  0.080333  0.035848  0.042152  0.106242
max                0.106242  0.004182  0.080333  0.035848  0.042152  0.106242
starting sklearn study turbo MLP-adam iris acc 15 1
with data root: None
suggestion time taken 0.002253 iter 0 next_points [{'alpha': 0.0016714818052113959, 'batch_size': 26, 'beta_1': 0.7568404757345454, 'beta_2': 0.9704921698846789, 'epsilon': 9.084867023355638e-07, 'hidden_layer_sizes': 100, 'learning_rate_init': 0.003853486051510991, 'tol': 0.0005207222610311863, 'validation_fraction': 0.3689268807313844}]
function_evaluation time 0.125687 value -0.958333 suggestion {'alpha': 0.0016714818052113959, 'batch_size': 26, 'beta_1': 0.7568404757345454, 'beta_2': 0.9704921698846789, 'epsilon': 9.084867023355638e-07, 'hidden_layer_sizes': 100, 'learning_rate_init': 0.003853486051510991, 'tol': 0.0005207222610311863, 'validation_fraction': 0.3689268807313844}
observation time 0.001436, current best -0.958333 at iter 0
suggestion time taken 0.001815 iter 1 next_points [{'alpha': 0.0002482523646545123, 'batch_size': 202, 'beta_1': 0.9895197646975211, 'beta_2': 0.9999985636337371, 'epsilon': 4.631956743298733e-09, 'hidden_layer_sizes': 161, 'learning_rate_init': 0.00045081336089961954, 'tol': 2.005398429161974e-05, 'validation_fraction': 0.771655233090317}]
/home/ryedida/.local/lib/python3.9/site-packages/sklearn/neural_network/_multilayer_perceptron.py:605: UserWarning: Got `batch_size` less than 1 or larger than sample size. It is going to be clipped
  warnings.warn(

function_evaluation time 0.070168 value -0.408333 suggestion {'alpha': 0.0002482523646545123, 'batch_size': 202, 'beta_1': 0.9895197646975211, 'beta_2': 0.9999985636337371, 'epsilon': 4.631956743298733e-09, 'hidden_layer_sizes': 161, 'learning_rate_init': 0.00045081336089961954, 'tol': 2.005398429161974e-05, 'validation_fraction': 0.771655233090317}
observation time 0.001524, current best -0.958333 at iter 1
suggestion time taken 0.002109 iter 2 next_points [{'alpha': 0.0614816572212157, 'batch_size': 119, 'beta_1': 0.6043480900859457, 'beta_2': 0.9999960132587755, 'epsilon': 6.187298982261447e-08, 'hidden_layer_sizes': 125, 'learning_rate_init': 0.02294375248912253, 'tol': 0.028758556528598544, 'validation_fraction': 0.12374639622329697}]
/home/ryedida/.local/lib/python3.9/site-packages/sklearn/neural_network/_multilayer_perceptron.py:605: UserWarning: Got `batch_size` less than 1 or larger than sample size. It is going to be clipped
  warnings.warn(

function_evaluation time 0.068221 value -0.925000 suggestion {'alpha': 0.0614816572212157, 'batch_size': 119, 'beta_1': 0.6043480900859457, 'beta_2': 0.9999960132587755, 'epsilon': 6.187298982261447e-08, 'hidden_layer_sizes': 125, 'learning_rate_init': 0.02294375248912253, 'tol': 0.028758556528598544, 'validation_fraction': 0.12374639622329697}
observation time 0.001472, current best -0.958333 at iter 2
suggestion time taken 0.001822 iter 3 next_points [{'alpha': 8.889011683484e-05, 'batch_size': 173, 'beta_1': 0.6572484021323901, 'beta_2': 0.9994210435429248, 'epsilon': 1.6730454472769923e-09, 'hidden_layer_sizes': 154, 'learning_rate_init': 9.264321702139269e-05, 'tol': 0.012116130003195825, 'validation_fraction': 0.6742515931489016}]
/home/ryedida/.local/lib/python3.9/site-packages/sklearn/neural_network/_multilayer_perceptron.py:605: UserWarning: Got `batch_size` less than 1 or larger than sample size. It is going to be clipped
  warnings.warn(

function_evaluation time 0.043166 value -0.325000 suggestion {'alpha': 8.889011683484e-05, 'batch_size': 173, 'beta_1': 0.6572484021323901, 'beta_2': 0.9994210435429248, 'epsilon': 1.6730454472769923e-09, 'hidden_layer_sizes': 154, 'learning_rate_init': 9.264321702139269e-05, 'tol': 0.012116130003195825, 'validation_fraction': 0.6742515931489016}
observation time 0.001694, current best -0.958333 at iter 3
suggestion time taken 0.001823 iter 4 next_points [{'alpha': 0.0004540383139916948, 'batch_size': 59, 'beta_1': 0.9685130167909124, 'beta_2': 0.9999975876089234, 'epsilon': 3.395194186174534e-08, 'hidden_layer_sizes': 175, 'learning_rate_init': 0.00015091503712659412, 'tol': 0.005409163418867804, 'validation_fraction': 0.34066550422888225}]
function_evaluation time 0.077344 value -0.416667 suggestion {'alpha': 0.0004540383139916948, 'batch_size': 59, 'beta_1': 0.9685130167909124, 'beta_2': 0.9999975876089234, 'epsilon': 3.395194186174534e-08, 'hidden_layer_sizes': 175, 'learning_rate_init': 0.00015091503712659412, 'tol': 0.005409163418867804, 'validation_fraction': 0.34066550422888225}
observation time 0.001443, current best -0.958333 at iter 4
suggestion time taken 0.001885 iter 5 next_points [{'alpha': 4.419921700089379, 'batch_size': 180, 'beta_1': 0.9269788676707658, 'beta_2': 0.9870595271904965, 'epsilon': 2.507420219996067e-08, 'hidden_layer_sizes': 190, 'learning_rate_init': 0.009298433390625001, 'tol': 0.0010242328367998542, 'validation_fraction': 0.11452233799432505}]
/home/ryedida/.local/lib/python3.9/site-packages/sklearn/neural_network/_multilayer_perceptron.py:605: UserWarning: Got `batch_size` less than 1 or larger than sample size. It is going to be clipped
  warnings.warn(

function_evaluation time 0.075169 value -0.883333 suggestion {'alpha': 4.419921700089379, 'batch_size': 180, 'beta_1': 0.9269788676707658, 'beta_2': 0.9870595271904965, 'epsilon': 2.507420219996067e-08, 'hidden_layer_sizes': 190, 'learning_rate_init': 0.009298433390625001, 'tol': 0.0010242328367998542, 'validation_fraction': 0.11452233799432505}
observation time 0.001409, current best -0.958333 at iter 5
suggestion time taken 0.002094 iter 6 next_points [{'alpha': 1.4691258690485144e-05, 'batch_size': 62, 'beta_1': 0.9625405959342254, 'beta_2': 0.999993249797767, 'epsilon': 1.7809630124824822e-07, 'hidden_layer_sizes': 120, 'learning_rate_init': 1.54346678483806e-05, 'tol': 1.571273460464981e-05, 'validation_fraction': 0.5660391267191015}]
/home/ryedida/.local/lib/python3.9/site-packages/sklearn/neural_network/_multilayer_perceptron.py:605: UserWarning: Got `batch_size` less than 1 or larger than sample size. It is going to be clipped
  warnings.warn(

function_evaluation time 0.041989 value -0.341667 suggestion {'alpha': 1.4691258690485144e-05, 'batch_size': 62, 'beta_1': 0.9625405959342254, 'beta_2': 0.999993249797767, 'epsilon': 1.7809630124824822e-07, 'hidden_layer_sizes': 120, 'learning_rate_init': 1.54346678483806e-05, 'tol': 1.571273460464981e-05, 'validation_fraction': 0.5660391267191015}
observation time 0.001458, current best -0.958333 at iter 6
suggestion time taken 0.001807 iter 7 next_points [{'alpha': 1.73758298191641, 'batch_size': 36, 'beta_1': 0.8078839993695776, 'beta_2': 0.9948947024568454, 'epsilon': 4.0630173811277734e-08, 'hidden_layer_sizes': 197, 'learning_rate_init': 4.36444225170878e-05, 'tol': 0.0001971318351961449, 'validation_fraction': 0.7083422881244602}]
/home/ryedida/.local/lib/python3.9/site-packages/sklearn/neural_network/_multilayer_perceptron.py:605: UserWarning: Got `batch_size` less than 1 or larger than sample size. It is going to be clipped
  warnings.warn(

function_evaluation time 0.056390 value -0.291667 suggestion {'alpha': 1.73758298191641, 'batch_size': 36, 'beta_1': 0.8078839993695776, 'beta_2': 0.9948947024568454, 'epsilon': 4.0630173811277734e-08, 'hidden_layer_sizes': 197, 'learning_rate_init': 4.36444225170878e-05, 'tol': 0.0001971318351961449, 'validation_fraction': 0.7083422881244602}
observation time 0.001472, current best -0.958333 at iter 7
suggestion time taken 0.001850 iter 8 next_points [{'alpha': 0.4912400415422787, 'batch_size': 100, 'beta_1': 0.9831943242765977, 'beta_2': 0.9990863210990069, 'epsilon': 8.666101766301096e-09, 'hidden_layer_sizes': 97, 'learning_rate_init': 0.00122734884637338, 'tol': 0.0003341730059152321, 'validation_fraction': 0.7989563027856078}]
/home/ryedida/.local/lib/python3.9/site-packages/sklearn/neural_network/_multilayer_perceptron.py:605: UserWarning: Got `batch_size` less than 1 or larger than sample size. It is going to be clipped
  warnings.warn(

function_evaluation time 0.059902 value -0.500000 suggestion {'alpha': 0.4912400415422787, 'batch_size': 100, 'beta_1': 0.9831943242765977, 'beta_2': 0.9990863210990069, 'epsilon': 8.666101766301096e-09, 'hidden_layer_sizes': 97, 'learning_rate_init': 0.00122734884637338, 'tol': 0.0003341730059152321, 'validation_fraction': 0.7989563027856078}
observation time 0.001676, current best -0.958333 at iter 8
suggestion time taken 0.001881 iter 9 next_points [{'alpha': 3.3448312133669445e-05, 'batch_size': 78, 'beta_1': 0.8364938462365531, 'beta_2': 0.999838657196326, 'epsilon': 3.827457330976607e-09, 'hidden_layer_sizes': 86, 'learning_rate_init': 0.03637122881008296, 'tol': 9.65727398562041e-05, 'validation_fraction': 0.25681760115010377}]
function_evaluation time 0.075754 value -0.933333 suggestion {'alpha': 3.3448312133669445e-05, 'batch_size': 78, 'beta_1': 0.8364938462365531, 'beta_2': 0.999838657196326, 'epsilon': 3.827457330976607e-09, 'hidden_layer_sizes': 86, 'learning_rate_init': 0.03637122881008296, 'tol': 9.65727398562041e-05, 'validation_fraction': 0.25681760115010377}
observation time 0.001466, current best -0.958333 at iter 9
suggestion time taken 0.001750 iter 10 next_points [{'alpha': 5.77710605503616e-05, 'batch_size': 240, 'beta_1': 0.7221263868906596, 'beta_2': 0.9929812874233359, 'epsilon': 1.535988252832797e-08, 'hidden_layer_sizes': 72, 'learning_rate_init': 3.064978902857616e-05, 'tol': 0.00012289252564534804, 'validation_fraction': 0.5231370353838497}]
/home/ryedida/.local/lib/python3.9/site-packages/sklearn/neural_network/_multilayer_perceptron.py:605: UserWarning: Got `batch_size` less than 1 or larger than sample size. It is going to be clipped
  warnings.warn(

function_evaluation time 0.040314 value -0.291667 suggestion {'alpha': 5.77710605503616e-05, 'batch_size': 240, 'beta_1': 0.7221263868906596, 'beta_2': 0.9929812874233359, 'epsilon': 1.535988252832797e-08, 'hidden_layer_sizes': 72, 'learning_rate_init': 3.064978902857616e-05, 'tol': 0.00012289252564534804, 'validation_fraction': 0.5231370353838497}
observation time 0.001421, current best -0.958333 at iter 10
suggestion time taken 0.002073 iter 11 next_points [{'alpha': 0.024040014651609303, 'batch_size': 230, 'beta_1': 0.5374395280947013, 'beta_2': 0.9999778780500231, 'epsilon': 2.4085696883138387e-07, 'hidden_layer_sizes': 108, 'learning_rate_init': 0.0006893398364456321, 'tol': 3.004397510453476e-05, 'validation_fraction': 0.8743465155549525}]
/home/ryedida/.local/lib/python3.9/site-packages/sklearn/neural_network/_multilayer_perceptron.py:605: UserWarning: Got `batch_size` less than 1 or larger than sample size. It is going to be clipped
  warnings.warn(

function_evaluation time 0.066712 value -0.591667 suggestion {'alpha': 0.024040014651609303, 'batch_size': 230, 'beta_1': 0.5374395280947013, 'beta_2': 0.9999778780500231, 'epsilon': 2.4085696883138387e-07, 'hidden_layer_sizes': 108, 'learning_rate_init': 0.0006893398364456321, 'tol': 3.004397510453476e-05, 'validation_fraction': 0.8743465155549525}
observation time 0.001488, current best -0.958333 at iter 11
suggestion time taken 0.001779 iter 12 next_points [{'alpha': 0.25148511853011135, 'batch_size': 20, 'beta_1': 0.8953933230887929, 'beta_2': 0.9999798175583533, 'epsilon': 9.231730887789176e-09, 'hidden_layer_sizes': 62, 'learning_rate_init': 2.0189256932375945e-05, 'tol': 0.003051892320222283, 'validation_fraction': 0.6380742864478001}]
function_evaluation time 0.060342 value -0.291667 suggestion {'alpha': 0.25148511853011135, 'batch_size': 20, 'beta_1': 0.8953933230887929, 'beta_2': 0.9999798175583533, 'epsilon': 9.231730887789176e-09, 'hidden_layer_sizes': 62, 'learning_rate_init': 2.0189256932375945e-05, 'tol': 0.003051892320222283, 'validation_fraction': 0.6380742864478001}
observation time 0.001451, current best -0.958333 at iter 12
suggestion time taken 0.001825 iter 13 next_points [{'alpha': 0.0042133102138113615, 'batch_size': 92, 'beta_1': 0.9791793339892395, 'beta_2': 0.9491690275786674, 'epsilon': 1.1781742106474509e-07, 'hidden_layer_sizes': 145, 'learning_rate_init': 0.002037390711961692, 'tol': 4.628987593986728e-05, 'validation_fraction': 0.29862368702059355}]
/home/ryedida/.local/lib/python3.9/site-packages/sklearn/neural_network/_multilayer_perceptron.py:605: UserWarning: Got `batch_size` less than 1 or larger than sample size. It is going to be clipped
  warnings.warn(

function_evaluation time 0.060191 value -0.716667 suggestion {'alpha': 0.0042133102138113615, 'batch_size': 92, 'beta_1': 0.9791793339892395, 'beta_2': 0.9491690275786674, 'epsilon': 1.1781742106474509e-07, 'hidden_layer_sizes': 145, 'learning_rate_init': 0.002037390711961692, 'tol': 4.628987593986728e-05, 'validation_fraction': 0.29862368702059355}
observation time 0.001701, current best -0.958333 at iter 13
suggestion time taken 0.001797 iter 14 next_points [{'alpha': 0.013146389770810995, 'batch_size': 187, 'beta_1': 0.9575717461456397, 'beta_2': 0.9997231538050948, 'epsilon': 2.229458515265158e-09, 'hidden_layer_sizes': 133, 'learning_rate_init': 0.00020780197069373746, 'tol': 0.0174741077066048, 'validation_fraction': 0.18659385262800887}]
/home/ryedida/.local/lib/python3.9/site-packages/sklearn/neural_network/_multilayer_perceptron.py:605: UserWarning: Got `batch_size` less than 1 or larger than sample size. It is going to be clipped
  warnings.warn(

function_evaluation time 0.054873 value -0.358333 suggestion {'alpha': 0.013146389770810995, 'batch_size': 187, 'beta_1': 0.9575717461456397, 'beta_2': 0.9997231538050948, 'epsilon': 2.229458515265158e-09, 'hidden_layer_sizes': 133, 'learning_rate_init': 0.00020780197069373746, 'tol': 0.0174741077066048, 'validation_fraction': 0.18659385262800887}
observation time 0.001413, current best -0.958333 at iter 14
saving meta data: {'args': {'--uuid': '449b1aa360605ee69a41d3e847eba49f', '-db-root': '/home/ryedida/bbo_challenge_starter_kit/output', '--opt-root': '/home/ryedida/bbo_challenge_starter_kit/example_submissions', '--data-root': None, '--db': 'run_20230424_161204', '--opt': 'turbo', '--data': 'iris', '--classifier': 'MLP-adam', '--metric': 'acc', '--calls': 15, '--suggestions': 1, '--jobs-file': None, '--verbose': False, 'dry_run': False, 'rev': 'a376313', 'opt_rev': '0.0.1'}, 'signature': ([{'alpha': 0.019628224813442792, 'batch_size': 182, 'beta_1': 0.9410202200271762, 'beta_2': 0.9998021557676793, 'epsilon': 1.8662266976518e-08, 'hidden_layer_sizes': 147, 'learning_rate_init': 0.0005627932047415167, 'tol': 0.03690557729213761, 'validation_fraction': 0.8846827852548593}, {'alpha': 0.0019982467392329444, 'batch_size': 200, 'beta_1': 0.919111482530466, 'beta_2': 0.9998488260436156, 'epsilon': 5.981221901152555e-07, 'hidden_layer_sizes': 61, 'learning_rate_init': 2.2310905607443014e-05, 'tol': 1.2046852412030316e-05, 'validation_fraction': 0.8117896445826539}, {'alpha': 0.46659545670218433, 'batch_size': 219, 'beta_1': 0.9889789783750891, 'beta_2': 0.9999896868093284, 'epsilon': 2.4234724484675948e-08, 'hidden_layer_sizes': 167, 'learning_rate_init': 2.972334644335654e-05, 'tol': 0.0036281404040243792, 'validation_fraction': 0.17260651658522078}, {'alpha': 4.656005689076002, 'batch_size': 135, 'beta_1': 0.870503881627747, 'beta_2': 0.9948873266941017, 'epsilon': 2.1023308743480125e-07, 'hidden_layer_sizes': 118, 'learning_rate_init': 0.0018781738757161913, 'tol': 1.1889379831773004e-05, 'validation_fraction': 0.6264327093752792}, {'alpha': 0.04705159350400542, 'batch_size': 158, 'beta_1': 0.9870884262730957, 'beta_2': 0.9999596874382349, 'epsilon': 1.1981845126013875e-08, 'hidden_layer_sizes': 116, 'learning_rate_init': 0.00617340520407431, 'tol': 1.741413418158619e-05, 'validation_fraction': 0.6754299026638921}], [-0.41666666666666663, -0.275, -0.3416666666666667, -0.725, -0.875])}
saving results
saving timing
saving suggest log
done
