running: {'--uuid': '4a6782393f0258da9b9cfb47d672aae3', '-db-root': '/home/ryedida/bbo_challenge_starter_kit/output', '--opt-root': '/home/ryedida/bbo_challenge_starter_kit/example_submissions', '--data-root': None, '--db': 'run_20230424_161204', '--opt': 'opentuner', '--data': 'iris', '--classifier': 'MLP-adam', '--metric': 'nll', '--calls': 15, '--suggestions': 1, '--jobs-file': None, '--verbose': False, 'dry_run': False, 'rev': 'a376313', 'opt_rev': '0.8.8'}
cmd: python opentuner/optimizer.py -c MLP-adam -d iris -o opentuner -u 4a6782393f0258da9b9cfb47d672aae3 -m nll -n 15 -p 1 -dir /home/ryedida/bbo_challenge_starter_kit/output -b run_20230424_161204
/home/ryedida/.local/lib/python3.9/site-packages/sklearn/neural_network/_multilayer_perceptron.py:605: UserWarning: Got `batch_size` less than 1 or larger than sample size. It is going to be clipped
  warnings.warn(

/home/ryedida/.local/lib/python3.9/site-packages/sklearn/neural_network/_multilayer_perceptron.py:605: UserWarning: Got `batch_size` less than 1 or larger than sample size. It is going to be clipped
  warnings.warn(

/home/ryedida/.local/lib/python3.9/site-packages/sklearn/neural_network/_multilayer_perceptron.py:605: UserWarning: Got `batch_size` less than 1 or larger than sample size. It is going to be clipped
  warnings.warn(

/home/ryedida/.local/lib/python3.9/site-packages/sklearn/neural_network/_multilayer_perceptron.py:605: UserWarning: Got `batch_size` less than 1 or larger than sample size. It is going to be clipped
  warnings.warn(

/home/ryedida/.local/lib/python3.9/site-packages/sklearn/neural_network/_multilayer_perceptron.py:605: UserWarning: Got `batch_size` less than 1 or larger than sample size. It is going to be clipped
  warnings.warn(

computed signature: ([{'alpha': 0.019628224813442792, 'batch_size': 182, 'beta_1': 0.9410202200271762, 'beta_2': 0.9998021557676793, 'epsilon': 1.8662266976518e-08, 'hidden_layer_sizes': 147, 'learning_rate_init': 0.0005627932047415167, 'tol': 0.03690557729213761, 'validation_fraction': 0.8846827852548593}, {'alpha': 0.0019982467392329444, 'batch_size': 200, 'beta_1': 0.919111482530466, 'beta_2': 0.9998488260436156, 'epsilon': 5.981221901152555e-07, 'hidden_layer_sizes': 61, 'learning_rate_init': 2.2310905607443014e-05, 'tol': 1.2046852412030316e-05, 'validation_fraction': 0.8117896445826539}, {'alpha': 0.46659545670218433, 'batch_size': 219, 'beta_1': 0.9889789783750891, 'beta_2': 0.9999896868093284, 'epsilon': 2.4234724484675948e-08, 'hidden_layer_sizes': 167, 'learning_rate_init': 2.972334644335654e-05, 'tol': 0.0036281404040243792, 'validation_fraction': 0.17260651658522078}, {'alpha': 4.656005689076002, 'batch_size': 135, 'beta_1': 0.870503881627747, 'beta_2': 0.9948873266941017, 'epsilon': 2.1023308743480125e-07, 'hidden_layer_sizes': 118, 'learning_rate_init': 0.0018781738757161913, 'tol': 1.1889379831773004e-05, 'validation_fraction': 0.6264327093752792}, {'alpha': 0.04705159350400542, 'batch_size': 158, 'beta_1': 0.9870884262730957, 'beta_2': 0.9999596874382349, 'epsilon': 1.1981845126013875e-08, 'hidden_layer_sizes': 116, 'learning_rate_init': 0.00617340520407431, 'tol': 1.741413418158619e-05, 'validation_fraction': 0.6754299026638921}], [1.3105719841770722, 1.7760947732249062, 1.4322107566090756, 0.9097804858215804, 0.5745987066718419])
/home/ryedida/.local/lib/python3.9/site-packages/bayesmark/signatures.py:85: RuntimeWarning: Signature diverged on MLP-adam_iris_nll betwen [1.31057198 1.56976556 1.25224472 0.90978049 0.39813052] and [1.32439241 1.77609477 1.43221076 0.9966468  0.57459871]
  warnings.warn(

Signature errors:
                         0         1         2         3         4       max
MLP-adam_iris_nll  0.01382  0.206329  0.179966  0.086866  0.176468  0.206329
max                0.01382  0.206329  0.179966  0.086866  0.176468  0.206329
starting sklearn study opentuner MLP-adam iris nll 15 1
with data root: None
suggestion time taken 0.017490 iter 0 next_points [{'hidden_layer_sizes': 128, 'alpha': 2.110935452997748, 'batch_size': 185, 'learning_rate_init': 0.04857980453608451, 'tol': 0.07210940875154385, 'validation_fraction': 0.6296018867333123, 'beta_1': 0.6874335784455914, 'beta_2': 0.9670414599973698, 'epsilon': 9.370697388327565e-07}]
/home/ryedida/.local/lib/python3.9/site-packages/sklearn/neural_network/_multilayer_perceptron.py:605: UserWarning: Got `batch_size` less than 1 or larger than sample size. It is going to be clipped
  warnings.warn(

function_evaluation time 0.064842 value 0.390018 suggestion {'hidden_layer_sizes': 128, 'alpha': 2.110935452997748, 'batch_size': 185, 'learning_rate_init': 0.04857980453608451, 'tol': 0.07210940875154385, 'validation_fraction': 0.6296018867333123, 'beta_1': 0.6874335784455914, 'beta_2': 0.9670414599973698, 'epsilon': 9.370697388327565e-07}
observation time 0.004143, current best 0.390018 at iter 0
suggestion time taken 0.046245 iter 1 next_points [{'alpha': 0.0002547586654359402, 'epsilon': 9.390983945206367e-07, 'tol': 0.0003337492177259327, 'hidden_layer_sizes': 190, 'learning_rate_init': 0.09718999892993711, 'beta_1': 0.5253834792757205, 'beta_2': 0.94358360958796, 'validation_fraction': 0.1506768294449099, 'batch_size': 42}]
function_evaluation time 0.097430 value 0.302523 suggestion {'alpha': 0.0002547586654359402, 'epsilon': 9.390983945206367e-07, 'tol': 0.0003337492177259327, 'hidden_layer_sizes': 190, 'learning_rate_init': 0.09718999892993711, 'beta_1': 0.5253834792757205, 'beta_2': 0.94358360958796, 'validation_fraction': 0.1506768294449099, 'batch_size': 42}
observation time 0.001880, current best 0.302523 at iter 1
suggestion time taken 0.007074 iter 2 next_points [{'alpha': 0.0002547586654359402, 'epsilon': 9.390983945206367e-07, 'tol': 0.0003337492177259327, 'hidden_layer_sizes': 190, 'learning_rate_init': 0.07868386960950284, 'beta_1': 0.5253834792757205, 'beta_2': 0.94358360958796, 'validation_fraction': 0.45171100515847307, 'batch_size': 42}]
function_evaluation time 0.107035 value 0.283093 suggestion {'alpha': 0.0002547586654359402, 'epsilon': 9.390983945206367e-07, 'tol': 0.0003337492177259327, 'hidden_layer_sizes': 190, 'learning_rate_init': 0.07868386960950284, 'beta_1': 0.5253834792757205, 'beta_2': 0.94358360958796, 'validation_fraction': 0.45171100515847307, 'batch_size': 42}
observation time 0.001856, current best 0.283093 at iter 2
suggestion time taken 0.021443 iter 3 next_points [{'validation_fraction': 0.752874213361428, 'beta_2': 0.9700048494868684, 'hidden_layer_sizes': 184, 'beta_1': 0.6174036176625796, 'tol': 0.0630973998443937, 'epsilon': 5.382675782044922e-07, 'batch_size': 224, 'alpha': 4.73710579475124, 'learning_rate_init': 0.0787293971273008}]
/home/ryedida/.local/lib/python3.9/site-packages/sklearn/neural_network/_multilayer_perceptron.py:605: UserWarning: Got `batch_size` less than 1 or larger than sample size. It is going to be clipped
  warnings.warn(

function_evaluation time 0.060158 value 0.728662 suggestion {'validation_fraction': 0.752874213361428, 'beta_2': 0.9700048494868684, 'hidden_layer_sizes': 184, 'beta_1': 0.6174036176625796, 'tol': 0.0630973998443937, 'epsilon': 5.382675782044922e-07, 'batch_size': 224, 'alpha': 4.73710579475124, 'learning_rate_init': 0.0787293971273008}
observation time 0.001999, current best 0.283093 at iter 3
suggestion time taken 0.006842 iter 4 next_points [{'alpha': 0.0002547586654359402, 'epsilon': 9.390983945206367e-07, 'tol': 0.0744928349834743, 'hidden_layer_sizes': 190, 'learning_rate_init': 0.07868386960950284, 'beta_1': 0.5253834792757205, 'beta_2': 0.94358360958796, 'validation_fraction': 0.45171100515847307, 'batch_size': 42}]
function_evaluation time 0.077538 value 0.359227 suggestion {'alpha': 0.0002547586654359402, 'epsilon': 9.390983945206367e-07, 'tol': 0.0744928349834743, 'hidden_layer_sizes': 190, 'learning_rate_init': 0.07868386960950284, 'beta_1': 0.5253834792757205, 'beta_2': 0.94358360958796, 'validation_fraction': 0.45171100515847307, 'batch_size': 42}
observation time 0.001813, current best 0.283093 at iter 4
suggestion time taken 0.007124 iter 5 next_points [{'alpha': 0.5312459433330349, 'epsilon': 9.135730935366505e-07, 'tol': 0.010874335916080714, 'hidden_layer_sizes': 197, 'learning_rate_init': 0.0782551476885464, 'beta_1': 0.5253834792757205, 'beta_2': 0.94358360958796, 'validation_fraction': 0.45171100515847307, 'batch_size': 22}]
function_evaluation time 0.106336 value 0.362561 suggestion {'alpha': 0.5312459433330349, 'epsilon': 9.135730935366505e-07, 'tol': 0.010874335916080714, 'hidden_layer_sizes': 197, 'learning_rate_init': 0.0782551476885464, 'beta_1': 0.5253834792757205, 'beta_2': 0.94358360958796, 'validation_fraction': 0.45171100515847307, 'batch_size': 22}
observation time 0.002229, current best 0.283093 at iter 5
suggestion time taken 0.005155 iter 6 next_points [{'alpha': 0.3361897965848328, 'epsilon': 7.720465308452541e-07, 'tol': 0.027137185817003907, 'hidden_layer_sizes': 84, 'learning_rate_init': 0.008504389510122824, 'beta_1': 0.5951188435954173, 'beta_2': 0.9741408589979126, 'validation_fraction': 0.830373015508598, 'batch_size': 61}]
/home/ryedida/.local/lib/python3.9/site-packages/sklearn/neural_network/_multilayer_perceptron.py:605: UserWarning: Got `batch_size` less than 1 or larger than sample size. It is going to be clipped
  warnings.warn(

function_evaluation time 0.055187 value 0.690777 suggestion {'alpha': 0.3361897965848328, 'epsilon': 7.720465308452541e-07, 'tol': 0.027137185817003907, 'hidden_layer_sizes': 84, 'learning_rate_init': 0.008504389510122824, 'beta_1': 0.5951188435954173, 'beta_2': 0.9741408589979126, 'validation_fraction': 0.830373015508598, 'batch_size': 61}
observation time 0.001872, current best 0.283093 at iter 6
suggestion time taken 0.006966 iter 7 next_points [{'alpha': 0.0002547586654359402, 'epsilon': 5.442968273044736e-07, 'tol': 0.0003337492177259327, 'hidden_layer_sizes': 190, 'learning_rate_init': 0.07868386960950284, 'beta_1': 0.5253834792757205, 'beta_2': 0.94358360958796, 'validation_fraction': 0.45171100515847307, 'batch_size': 42}]
function_evaluation time 0.100081 value 0.300877 suggestion {'alpha': 0.0002547586654359402, 'epsilon': 5.442968273044736e-07, 'tol': 0.0003337492177259327, 'hidden_layer_sizes': 190, 'learning_rate_init': 0.07868386960950284, 'beta_1': 0.5253834792757205, 'beta_2': 0.94358360958796, 'validation_fraction': 0.45171100515847307, 'batch_size': 42}
observation time 0.001871, current best 0.283093 at iter 7
suggestion time taken 0.005289 iter 8 next_points [{'alpha': 0.6603405739099494, 'epsilon': 7.728996972716496e-07, 'tol': 0.06724266937084449, 'hidden_layer_sizes': 200, 'learning_rate_init': 0.08108212031604116, 'beta_1': 0.9177108759230224, 'beta_2': 0.9043093423723704, 'validation_fraction': 0.4834334338531673, 'batch_size': 172}]
/home/ryedida/.local/lib/python3.9/site-packages/sklearn/neural_network/_multilayer_perceptron.py:605: UserWarning: Got `batch_size` less than 1 or larger than sample size. It is going to be clipped
  warnings.warn(

function_evaluation time 0.072286 value 0.333356 suggestion {'alpha': 0.6603405739099494, 'epsilon': 7.728996972716496e-07, 'tol': 0.06724266937084449, 'hidden_layer_sizes': 200, 'learning_rate_init': 0.08108212031604116, 'beta_1': 0.9177108759230224, 'beta_2': 0.9043093423723704, 'validation_fraction': 0.4834334338531673, 'batch_size': 172}
observation time 0.002014, current best 0.283093 at iter 8
suggestion time taken 0.007091 iter 9 next_points [{'alpha': 0.18225203070761736, 'epsilon': 9.390983945206367e-07, 'tol': 0.0003337492177259327, 'hidden_layer_sizes': 190, 'learning_rate_init': 0.07868386960950284, 'beta_1': 0.5253834792757205, 'beta_2': 0.94358360958796, 'validation_fraction': 0.45171100515847307, 'batch_size': 42}]
function_evaluation time 0.089439 value 0.359453 suggestion {'alpha': 0.18225203070761736, 'epsilon': 9.390983945206367e-07, 'tol': 0.0003337492177259327, 'hidden_layer_sizes': 190, 'learning_rate_init': 0.07868386960950284, 'beta_1': 0.5253834792757205, 'beta_2': 0.94358360958796, 'validation_fraction': 0.45171100515847307, 'batch_size': 42}
observation time 0.001782, current best 0.283093 at iter 9
suggestion time taken 0.006780 iter 10 next_points [{'alpha': 0.0002547586654359402, 'epsilon': 9.390983945206367e-07, 'tol': 0.027470908959513252, 'hidden_layer_sizes': 152, 'learning_rate_init': 0.07868386960950284, 'beta_1': 0.5253834792757205, 'beta_2': 0.94358360958796, 'validation_fraction': 0.45171100515847307, 'batch_size': 42}]
function_evaluation time 0.096658 value 0.319357 suggestion {'alpha': 0.0002547586654359402, 'epsilon': 9.390983945206367e-07, 'tol': 0.027470908959513252, 'hidden_layer_sizes': 152, 'learning_rate_init': 0.07868386960950284, 'beta_1': 0.5253834792757205, 'beta_2': 0.94358360958796, 'validation_fraction': 0.45171100515847307, 'batch_size': 42}
observation time 0.002017, current best 0.283093 at iter 10
suggestion time taken 0.005149 iter 11 next_points [{'alpha': 2.3934867985694566, 'epsilon': 6.786094458871284e-07, 'tol': 0.04375722437886192, 'hidden_layer_sizes': 140, 'learning_rate_init': 0.023692471444209873, 'beta_1': 0.7489495724723606, 'beta_2': 0.9721064827828805, 'validation_fraction': 0.4520483349933774, 'batch_size': 107}]
/home/ryedida/.local/lib/python3.9/site-packages/sklearn/neural_network/_multilayer_perceptron.py:605: UserWarning: Got `batch_size` less than 1 or larger than sample size. It is going to be clipped
  warnings.warn(

function_evaluation time 0.067576 value 0.400488 suggestion {'alpha': 2.3934867985694566, 'epsilon': 6.786094458871284e-07, 'tol': 0.04375722437886192, 'hidden_layer_sizes': 140, 'learning_rate_init': 0.023692471444209873, 'beta_1': 0.7489495724723606, 'beta_2': 0.9721064827828805, 'validation_fraction': 0.4520483349933774, 'batch_size': 107}
observation time 0.001853, current best 0.283093 at iter 11
suggestion time taken 0.006927 iter 12 next_points [{'alpha': 0.28181180209506945, 'epsilon': 9.390983945206367e-07, 'tol': 0.0003337492177259327, 'hidden_layer_sizes': 194, 'learning_rate_init': 0.07868386960950284, 'beta_1': 0.5253834792757205, 'beta_2': 0.94358360958796, 'validation_fraction': 0.5303977234903691, 'batch_size': 42}]
function_evaluation time 0.092788 value 0.486403 suggestion {'alpha': 0.28181180209506945, 'epsilon': 9.390983945206367e-07, 'tol': 0.0003337492177259327, 'hidden_layer_sizes': 194, 'learning_rate_init': 0.07868386960950284, 'beta_1': 0.5253834792757205, 'beta_2': 0.94358360958796, 'validation_fraction': 0.5303977234903691, 'batch_size': 42}
observation time 0.002211, current best 0.283093 at iter 12
suggestion time taken 0.007003 iter 13 next_points [{'alpha': 0.0002547586654359402, 'epsilon': 9.390983945206367e-07, 'tol': 0.0001629747795074865, 'hidden_layer_sizes': 121, 'learning_rate_init': 0.07868386960950284, 'beta_1': 0.5702711703658602, 'beta_2': 0.9178485153429625, 'validation_fraction': 0.6730968306783661, 'batch_size': 42}]
/home/ryedida/.local/lib/python3.9/site-packages/sklearn/neural_network/_multilayer_perceptron.py:605: UserWarning: Got `batch_size` less than 1 or larger than sample size. It is going to be clipped
  warnings.warn(

function_evaluation time 0.083247 value 0.314369 suggestion {'alpha': 0.0002547586654359402, 'epsilon': 9.390983945206367e-07, 'tol': 0.0001629747795074865, 'hidden_layer_sizes': 121, 'learning_rate_init': 0.07868386960950284, 'beta_1': 0.5702711703658602, 'beta_2': 0.9178485153429625, 'validation_fraction': 0.6730968306783661, 'batch_size': 42}
observation time 0.001846, current best 0.283093 at iter 13
suggestion time taken 0.005108 iter 14 next_points [{'alpha': 0.14047281713116927, 'epsilon': 8.554546772348837e-07, 'tol': 0.07659570866728475, 'hidden_layer_sizes': 169, 'learning_rate_init': 0.06075691006841393, 'beta_1': 0.6076835288944735, 'beta_2': 0.9618953540323865, 'validation_fraction': 0.4785411502167458, 'batch_size': 17}]
function_evaluation time 0.085158 value 0.296714 suggestion {'alpha': 0.14047281713116927, 'epsilon': 8.554546772348837e-07, 'tol': 0.07659570866728475, 'hidden_layer_sizes': 169, 'learning_rate_init': 0.06075691006841393, 'beta_1': 0.6076835288944735, 'beta_2': 0.9618953540323865, 'validation_fraction': 0.4785411502167458, 'batch_size': 17}
observation time 0.001813, current best 0.283093 at iter 14
saving meta data: {'args': {'--uuid': '4a6782393f0258da9b9cfb47d672aae3', '-db-root': '/home/ryedida/bbo_challenge_starter_kit/output', '--opt-root': '/home/ryedida/bbo_challenge_starter_kit/example_submissions', '--data-root': None, '--db': 'run_20230424_161204', '--opt': 'opentuner', '--data': 'iris', '--classifier': 'MLP-adam', '--metric': 'nll', '--calls': 15, '--suggestions': 1, '--jobs-file': None, '--verbose': False, 'dry_run': False, 'rev': 'a376313', 'opt_rev': '0.8.8'}, 'signature': ([{'alpha': 0.019628224813442792, 'batch_size': 182, 'beta_1': 0.9410202200271762, 'beta_2': 0.9998021557676793, 'epsilon': 1.8662266976518e-08, 'hidden_layer_sizes': 147, 'learning_rate_init': 0.0005627932047415167, 'tol': 0.03690557729213761, 'validation_fraction': 0.8846827852548593}, {'alpha': 0.0019982467392329444, 'batch_size': 200, 'beta_1': 0.919111482530466, 'beta_2': 0.9998488260436156, 'epsilon': 5.981221901152555e-07, 'hidden_layer_sizes': 61, 'learning_rate_init': 2.2310905607443014e-05, 'tol': 1.2046852412030316e-05, 'validation_fraction': 0.8117896445826539}, {'alpha': 0.46659545670218433, 'batch_size': 219, 'beta_1': 0.9889789783750891, 'beta_2': 0.9999896868093284, 'epsilon': 2.4234724484675948e-08, 'hidden_layer_sizes': 167, 'learning_rate_init': 2.972334644335654e-05, 'tol': 0.0036281404040243792, 'validation_fraction': 0.17260651658522078}, {'alpha': 4.656005689076002, 'batch_size': 135, 'beta_1': 0.870503881627747, 'beta_2': 0.9948873266941017, 'epsilon': 2.1023308743480125e-07, 'hidden_layer_sizes': 118, 'learning_rate_init': 0.0018781738757161913, 'tol': 1.1889379831773004e-05, 'validation_fraction': 0.6264327093752792}, {'alpha': 0.04705159350400542, 'batch_size': 158, 'beta_1': 0.9870884262730957, 'beta_2': 0.9999596874382349, 'epsilon': 1.1981845126013875e-08, 'hidden_layer_sizes': 116, 'learning_rate_init': 0.00617340520407431, 'tol': 1.741413418158619e-05, 'validation_fraction': 0.6754299026638921}], [1.3105719841770722, 1.7760947732249062, 1.4322107566090756, 0.9097804858215804, 0.5745987066718419])}
saving results
saving timing
saving suggest log
done
