running: {'--uuid': '4d15926861e25883b320c342ec789326', '-db-root': '/home/ryedida/bbo_challenge_starter_kit/output', '--opt-root': '/home/ryedida/bbo_challenge_starter_kit/example_submissions', '--data-root': None, '--db': 'run_20230424_161204', '--opt': 'smoothness', '--data': 'iris', '--classifier': 'MLP-adam', '--metric': 'nll', '--calls': 15, '--suggestions': 1, '--jobs-file': None, '--verbose': False, 'dry_run': False, 'rev': 'a376313', 'opt_rev': 'x.x.x'}
cmd: python smoothness/optimizer.py -c MLP-adam -d iris -o smoothness -u 4d15926861e25883b320c342ec789326 -m nll -n 15 -p 1 -dir /home/ryedida/bbo_challenge_starter_kit/output -b run_20230424_161204
/home/ryedida/.local/lib/python3.9/site-packages/sklearn/neural_network/_multilayer_perceptron.py:605: UserWarning: Got `batch_size` less than 1 or larger than sample size. It is going to be clipped
  warnings.warn(

/home/ryedida/.local/lib/python3.9/site-packages/sklearn/neural_network/_multilayer_perceptron.py:605: UserWarning: Got `batch_size` less than 1 or larger than sample size. It is going to be clipped
  warnings.warn(

/home/ryedida/.local/lib/python3.9/site-packages/sklearn/neural_network/_multilayer_perceptron.py:605: UserWarning: Got `batch_size` less than 1 or larger than sample size. It is going to be clipped
  warnings.warn(

/home/ryedida/.local/lib/python3.9/site-packages/sklearn/neural_network/_multilayer_perceptron.py:605: UserWarning: Got `batch_size` less than 1 or larger than sample size. It is going to be clipped
  warnings.warn(

/home/ryedida/.local/lib/python3.9/site-packages/sklearn/neural_network/_multilayer_perceptron.py:605: UserWarning: Got `batch_size` less than 1 or larger than sample size. It is going to be clipped
  warnings.warn(

computed signature: ([{'alpha': 0.019628224813442792, 'batch_size': 182, 'beta_1': 0.9410202200271762, 'beta_2': 0.9998021557676793, 'epsilon': 1.8662266976518e-08, 'hidden_layer_sizes': 147, 'learning_rate_init': 0.0005627932047415167, 'tol': 0.03690557729213761, 'validation_fraction': 0.8846827852548593}, {'alpha': 0.0019982467392329444, 'batch_size': 200, 'beta_1': 0.919111482530466, 'beta_2': 0.9998488260436156, 'epsilon': 5.981221901152555e-07, 'hidden_layer_sizes': 61, 'learning_rate_init': 2.2310905607443014e-05, 'tol': 1.2046852412030316e-05, 'validation_fraction': 0.8117896445826539}, {'alpha': 0.46659545670218433, 'batch_size': 219, 'beta_1': 0.9889789783750891, 'beta_2': 0.9999896868093284, 'epsilon': 2.4234724484675948e-08, 'hidden_layer_sizes': 167, 'learning_rate_init': 2.972334644335654e-05, 'tol': 0.0036281404040243792, 'validation_fraction': 0.17260651658522078}, {'alpha': 4.656005689076002, 'batch_size': 135, 'beta_1': 0.870503881627747, 'beta_2': 0.9948873266941017, 'epsilon': 2.1023308743480125e-07, 'hidden_layer_sizes': 118, 'learning_rate_init': 0.0018781738757161913, 'tol': 1.1889379831773004e-05, 'validation_fraction': 0.6264327093752792}, {'alpha': 0.04705159350400542, 'batch_size': 158, 'beta_1': 0.9870884262730957, 'beta_2': 0.9999596874382349, 'epsilon': 1.1981845126013875e-08, 'hidden_layer_sizes': 116, 'learning_rate_init': 0.00617340520407431, 'tol': 1.741413418158619e-05, 'validation_fraction': 0.6754299026638921}], [1.3105719841770722, 1.7760947732249062, 1.4322107566090756, 0.9097804858215804, 0.5745987066718419])
/home/ryedida/.local/lib/python3.9/site-packages/bayesmark/signatures.py:85: RuntimeWarning: Signature diverged on MLP-adam_iris_nll betwen [1.31057198 1.56976556 1.25224472 0.90978049 0.39813052] and [1.32439241 1.77609477 1.43221076 0.9966468  0.57459871]
  warnings.warn(

Signature errors:
                         0         1         2         3         4       max
MLP-adam_iris_nll  0.01382  0.206329  0.179966  0.086866  0.176468  0.206329
max                0.01382  0.206329  0.179966  0.086866  0.176468  0.206329
starting sklearn study smoothness MLP-adam iris nll 15 1
with data root: None
suggestion time taken 10.872471 iter 0 next_points [{'alpha': 0.2791469997082743, 'batch_size': 11, 'beta_1': 0.9862059053854297, 'beta_2': 0.9999907338876769, 'epsilon': 3.934143242837912e-09, 'hidden_layer_sizes': 110, 'learning_rate_init': 0.045639837574419806, 'tol': 0.005428923559827696, 'validation_fraction': 0.11577118211852092}]
function_evaluation time 0.161334 value 0.189420 suggestion {'alpha': 0.2791469997082743, 'batch_size': 11, 'beta_1': 0.9862059053854297, 'beta_2': 0.9999907338876769, 'epsilon': 3.934143242837912e-09, 'hidden_layer_sizes': 110, 'learning_rate_init': 0.045639837574419806, 'tol': 0.005428923559827696, 'validation_fraction': 0.11577118211852092}
observation time 0.000006, current best 0.189420 at iter 0
suggestion time taken 10.996354 iter 1 next_points [{'alpha': 2.4977721602061544, 'batch_size': 14, 'beta_1': 0.9494833742198171, 'beta_2': 0.9999986147935914, 'epsilon': 5.3132410769294175e-09, 'hidden_layer_sizes': 102, 'learning_rate_init': 0.0045906538137763745, 'tol': 7.719986587041785e-05, 'validation_fraction': 0.22160175572520066}]
function_evaluation time 0.145846 value 0.587668 suggestion {'alpha': 2.4977721602061544, 'batch_size': 14, 'beta_1': 0.9494833742198171, 'beta_2': 0.9999986147935914, 'epsilon': 5.3132410769294175e-09, 'hidden_layer_sizes': 102, 'learning_rate_init': 0.0045906538137763745, 'tol': 7.719986587041785e-05, 'validation_fraction': 0.22160175572520066}
observation time 0.000006, current best 0.189420 at iter 1
suggestion time taken 10.625608 iter 2 next_points [{'alpha': 0.001709634429523816, 'batch_size': 11, 'beta_1': 0.8981750209774474, 'beta_2': 0.9998366409002449, 'epsilon': 8.319097097565915e-09, 'hidden_layer_sizes': 107, 'learning_rate_init': 0.00037801104121288313, 'tol': 0.004467352566010954, 'validation_fraction': 0.19330455814823985}]
function_evaluation time 0.195836 value 0.920356 suggestion {'alpha': 0.001709634429523816, 'batch_size': 11, 'beta_1': 0.8981750209774474, 'beta_2': 0.9998366409002449, 'epsilon': 8.319097097565915e-09, 'hidden_layer_sizes': 107, 'learning_rate_init': 0.00037801104121288313, 'tol': 0.004467352566010954, 'validation_fraction': 0.19330455814823985}
observation time 0.000006, current best 0.189420 at iter 2
suggestion time taken 11.000152 iter 3 next_points [{'alpha': 1.7779568045831835e-05, 'batch_size': 19, 'beta_1': 0.8501658865120014, 'beta_2': 0.9956850553977684, 'epsilon': 3.608164881419411e-09, 'hidden_layer_sizes': 82, 'learning_rate_init': 0.0011774625243751026, 'tol': 0.00816569918389104, 'validation_fraction': 0.7778395552530306}]
function_evaluation time 0.076327 value 0.998226 suggestion {'alpha': 1.7779568045831835e-05, 'batch_size': 19, 'beta_1': 0.8501658865120014, 'beta_2': 0.9956850553977684, 'epsilon': 3.608164881419411e-09, 'hidden_layer_sizes': 82, 'learning_rate_init': 0.0011774625243751026, 'tol': 0.00816569918389104, 'validation_fraction': 0.7778395552530306}
observation time 0.000005, current best 0.189420 at iter 3
suggestion time taken 10.757876 iter 4 next_points [{'alpha': 0.23506495079396406, 'batch_size': 25, 'beta_1': 0.9417938644174761, 'beta_2': 0.9999486281508516, 'epsilon': 1.440096746518152e-07, 'hidden_layer_sizes': 60, 'learning_rate_init': 0.00017079707881297973, 'tol': 0.0006796119330550526, 'validation_fraction': 0.36297385131399823}]
function_evaluation time 0.089107 value 1.497644 suggestion {'alpha': 0.23506495079396406, 'batch_size': 25, 'beta_1': 0.9417938644174761, 'beta_2': 0.9999486281508516, 'epsilon': 1.440096746518152e-07, 'hidden_layer_sizes': 60, 'learning_rate_init': 0.00017079707881297973, 'tol': 0.0006796119330550526, 'validation_fraction': 0.36297385131399823}
observation time 0.000005, current best 0.189420 at iter 4
suggestion time taken 10.645529 iter 5 next_points [{'alpha': 2.55909172645539, 'batch_size': 24, 'beta_1': 0.9821031662176867, 'beta_2': 0.999971965964139, 'epsilon': 6.731660134951219e-08, 'hidden_layer_sizes': 164, 'learning_rate_init': 4.6605039716695704e-05, 'tol': 0.00028922649634224, 'validation_fraction': 0.46998802798284955}]
function_evaluation time 0.136762 value 1.246185 suggestion {'alpha': 2.55909172645539, 'batch_size': 24, 'beta_1': 0.9821031662176867, 'beta_2': 0.999971965964139, 'epsilon': 6.731660134951219e-08, 'hidden_layer_sizes': 164, 'learning_rate_init': 4.6605039716695704e-05, 'tol': 0.00028922649634224, 'validation_fraction': 0.46998802798284955}
observation time 0.000006, current best 0.189420 at iter 5
suggestion time taken 10.940555 iter 6 next_points [{'alpha': 0.9328545918083703, 'batch_size': 15, 'beta_1': 0.9287651354453567, 'beta_2': 0.9999981020103278, 'epsilon': 4.251554417570527e-09, 'hidden_layer_sizes': 167, 'learning_rate_init': 0.010725770520481528, 'tol': 0.01457267615226576, 'validation_fraction': 0.5667969104988031}]
function_evaluation time 0.102623 value 0.377262 suggestion {'alpha': 0.9328545918083703, 'batch_size': 15, 'beta_1': 0.9287651354453567, 'beta_2': 0.9999981020103278, 'epsilon': 4.251554417570527e-09, 'hidden_layer_sizes': 167, 'learning_rate_init': 0.010725770520481528, 'tol': 0.01457267615226576, 'validation_fraction': 0.5667969104988031}
observation time 0.000004, current best 0.189420 at iter 6
suggestion time taken 10.755219 iter 7 next_points [{'alpha': 0.10209663405064041, 'batch_size': 13, 'beta_1': 0.5773000586128877, 'beta_2': 0.9999817666716981, 'epsilon': 4.682387722974779e-08, 'hidden_layer_sizes': 94, 'learning_rate_init': 5.8576788449086716e-05, 'tol': 0.0003219494869610947, 'validation_fraction': 0.6462533160976677}]
function_evaluation time 0.063961 value 1.313097 suggestion {'alpha': 0.10209663405064041, 'batch_size': 13, 'beta_1': 0.5773000586128877, 'beta_2': 0.9999817666716981, 'epsilon': 4.682387722974779e-08, 'hidden_layer_sizes': 94, 'learning_rate_init': 5.8576788449086716e-05, 'tol': 0.0003219494869610947, 'validation_fraction': 0.6462533160976677}
observation time 0.000006, current best 0.189420 at iter 7
suggestion time taken 10.664286 iter 8 next_points [{'alpha': 0.1176131080901723, 'batch_size': 17, 'beta_1': 0.979722702486414, 'beta_2': 0.9968207283564567, 'epsilon': 6.282784007041113e-07, 'hidden_layer_sizes': 55, 'learning_rate_init': 0.0007367259798167905, 'tol': 0.055292554158066866, 'validation_fraction': 0.3622136372471651}]
function_evaluation time 0.098036 value 1.014823 suggestion {'alpha': 0.1176131080901723, 'batch_size': 17, 'beta_1': 0.979722702486414, 'beta_2': 0.9968207283564567, 'epsilon': 6.282784007041113e-07, 'hidden_layer_sizes': 55, 'learning_rate_init': 0.0007367259798167905, 'tol': 0.055292554158066866, 'validation_fraction': 0.3622136372471651}
observation time 0.000005, current best 0.189420 at iter 8
suggestion time taken 10.897386 iter 9 next_points [{'alpha': 4.135201819178179e-05, 'batch_size': 15, 'beta_1': 0.5744459442147806, 'beta_2': 0.9848106721951094, 'epsilon': 6.631050970846562e-08, 'hidden_layer_sizes': 106, 'learning_rate_init': 0.09288384559030971, 'tol': 0.011533826707395528, 'validation_fraction': 0.44452642465823644}]
function_evaluation time 0.125193 value 0.277400 suggestion {'alpha': 4.135201819178179e-05, 'batch_size': 15, 'beta_1': 0.5744459442147806, 'beta_2': 0.9848106721951094, 'epsilon': 6.631050970846562e-08, 'hidden_layer_sizes': 106, 'learning_rate_init': 0.09288384559030971, 'tol': 0.011533826707395528, 'validation_fraction': 0.44452642465823644}
observation time 0.000006, current best 0.189420 at iter 9
suggestion time taken 10.695710 iter 10 next_points [{'alpha': 3.4268057266466286e-05, 'batch_size': 14, 'beta_1': 0.9827214814491864, 'beta_2': 0.9997109014905425, 'epsilon': 7.4441910896654785e-09, 'hidden_layer_sizes': 50, 'learning_rate_init': 0.007285752170974324, 'tol': 0.000304069828321582, 'validation_fraction': 0.4135528218074928}]
function_evaluation time 0.125462 value 0.340233 suggestion {'alpha': 3.4268057266466286e-05, 'batch_size': 14, 'beta_1': 0.9827214814491864, 'beta_2': 0.9997109014905425, 'epsilon': 7.4441910896654785e-09, 'hidden_layer_sizes': 50, 'learning_rate_init': 0.007285752170974324, 'tol': 0.000304069828321582, 'validation_fraction': 0.4135528218074928}
observation time 0.000006, current best 0.189420 at iter 10
suggestion time taken 10.714300 iter 11 next_points [{'alpha': 9.321818692772796, 'batch_size': 24, 'beta_1': 0.6367425457938003, 'beta_2': 0.9951876013531985, 'epsilon': 2.699357590435175e-08, 'hidden_layer_sizes': 124, 'learning_rate_init': 1.2635212883171954e-05, 'tol': 0.023071012224890962, 'validation_fraction': 0.8609084975883589}]
/home/ryedida/.local/lib/python3.9/site-packages/sklearn/neural_network/_multilayer_perceptron.py:605: UserWarning: Got `batch_size` less than 1 or larger than sample size. It is going to be clipped
  warnings.warn(

function_evaluation time 0.048552 value 1.334789 suggestion {'alpha': 9.321818692772796, 'batch_size': 24, 'beta_1': 0.6367425457938003, 'beta_2': 0.9951876013531985, 'epsilon': 2.699357590435175e-08, 'hidden_layer_sizes': 124, 'learning_rate_init': 1.2635212883171954e-05, 'tol': 0.023071012224890962, 'validation_fraction': 0.8609084975883589}
observation time 0.000006, current best 0.189420 at iter 11
suggestion time taken 10.669715 iter 12 next_points [{'alpha': 1.9980371638467025e-05, 'batch_size': 12, 'beta_1': 0.9254078146362371, 'beta_2': 0.9875758363622937, 'epsilon': 2.344147070509131e-08, 'hidden_layer_sizes': 72, 'learning_rate_init': 0.00021564916838976626, 'tol': 1.3084796448693875e-05, 'validation_fraction': 0.2886695772687599}]
function_evaluation time 0.091672 value 1.436975 suggestion {'alpha': 1.9980371638467025e-05, 'batch_size': 12, 'beta_1': 0.9254078146362371, 'beta_2': 0.9875758363622937, 'epsilon': 2.344147070509131e-08, 'hidden_layer_sizes': 72, 'learning_rate_init': 0.00021564916838976626, 'tol': 1.3084796448693875e-05, 'validation_fraction': 0.2886695772687599}
observation time 0.000005, current best 0.189420 at iter 12
suggestion time taken 11.050966 iter 13 next_points [{'alpha': 2.1953319996919758e-05, 'batch_size': 30, 'beta_1': 0.7637419775076079, 'beta_2': 0.9992481414746619, 'epsilon': 1.1185647323013077e-07, 'hidden_layer_sizes': 159, 'learning_rate_init': 0.0036315019784556473, 'tol': 0.09308895627995505, 'validation_fraction': 0.792598621506455}]
/home/ryedida/.local/lib/python3.9/site-packages/sklearn/neural_network/_multilayer_perceptron.py:605: UserWarning: Got `batch_size` less than 1 or larger than sample size. It is going to be clipped
  warnings.warn(

function_evaluation time 0.056415 value 0.667984 suggestion {'alpha': 2.1953319996919758e-05, 'batch_size': 30, 'beta_1': 0.7637419775076079, 'beta_2': 0.9992481414746619, 'epsilon': 1.1185647323013077e-07, 'hidden_layer_sizes': 159, 'learning_rate_init': 0.0036315019784556473, 'tol': 0.09308895627995505, 'validation_fraction': 0.792598621506455}
observation time 0.000006, current best 0.189420 at iter 13
suggestion time taken 10.718248 iter 14 next_points [{'alpha': 1.9120621145248322, 'batch_size': 20, 'beta_1': 0.6130011853903242, 'beta_2': 0.9599914790415923, 'epsilon': 9.701479113627894e-08, 'hidden_layer_sizes': 62, 'learning_rate_init': 0.0007114375353975405, 'tol': 0.001301191953506775, 'validation_fraction': 0.6375905140366387}]
function_evaluation time 0.070531 value 1.323149 suggestion {'alpha': 1.9120621145248322, 'batch_size': 20, 'beta_1': 0.6130011853903242, 'beta_2': 0.9599914790415923, 'epsilon': 9.701479113627894e-08, 'hidden_layer_sizes': 62, 'learning_rate_init': 0.0007114375353975405, 'tol': 0.001301191953506775, 'validation_fraction': 0.6375905140366387}
observation time 0.000004, current best 0.189420 at iter 14
saving meta data: {'args': {'--uuid': '4d15926861e25883b320c342ec789326', '-db-root': '/home/ryedida/bbo_challenge_starter_kit/output', '--opt-root': '/home/ryedida/bbo_challenge_starter_kit/example_submissions', '--data-root': None, '--db': 'run_20230424_161204', '--opt': 'smoothness', '--data': 'iris', '--classifier': 'MLP-adam', '--metric': 'nll', '--calls': 15, '--suggestions': 1, '--jobs-file': None, '--verbose': False, 'dry_run': False, 'rev': 'a376313', 'opt_rev': 'x.x.x'}, 'signature': ([{'alpha': 0.019628224813442792, 'batch_size': 182, 'beta_1': 0.9410202200271762, 'beta_2': 0.9998021557676793, 'epsilon': 1.8662266976518e-08, 'hidden_layer_sizes': 147, 'learning_rate_init': 0.0005627932047415167, 'tol': 0.03690557729213761, 'validation_fraction': 0.8846827852548593}, {'alpha': 0.0019982467392329444, 'batch_size': 200, 'beta_1': 0.919111482530466, 'beta_2': 0.9998488260436156, 'epsilon': 5.981221901152555e-07, 'hidden_layer_sizes': 61, 'learning_rate_init': 2.2310905607443014e-05, 'tol': 1.2046852412030316e-05, 'validation_fraction': 0.8117896445826539}, {'alpha': 0.46659545670218433, 'batch_size': 219, 'beta_1': 0.9889789783750891, 'beta_2': 0.9999896868093284, 'epsilon': 2.4234724484675948e-08, 'hidden_layer_sizes': 167, 'learning_rate_init': 2.972334644335654e-05, 'tol': 0.0036281404040243792, 'validation_fraction': 0.17260651658522078}, {'alpha': 4.656005689076002, 'batch_size': 135, 'beta_1': 0.870503881627747, 'beta_2': 0.9948873266941017, 'epsilon': 2.1023308743480125e-07, 'hidden_layer_sizes': 118, 'learning_rate_init': 0.0018781738757161913, 'tol': 1.1889379831773004e-05, 'validation_fraction': 0.6264327093752792}, {'alpha': 0.04705159350400542, 'batch_size': 158, 'beta_1': 0.9870884262730957, 'beta_2': 0.9999596874382349, 'epsilon': 1.1981845126013875e-08, 'hidden_layer_sizes': 116, 'learning_rate_init': 0.00617340520407431, 'tol': 1.741413418158619e-05, 'validation_fraction': 0.6754299026638921}], [1.3105719841770722, 1.7760947732249062, 1.4322107566090756, 0.9097804858215804, 0.5745987066718419])}
saving results
saving timing
saving suggest log
done
