running: {'--uuid': '4e3f81447c65539cb2a6f7a3de2966aa', '-db-root': '/home/ryedida/bbo_challenge_starter_kit/output', '--opt-root': '/home/ryedida/bbo_challenge_starter_kit/example_submissions', '--data-root': None, '--db': 'run_20230424_161204', '--opt': 'random-search', '--data': 'iris', '--classifier': 'MLP-adam', '--metric': 'acc', '--calls': 15, '--suggestions': 1, '--jobs-file': None, '--verbose': False, 'dry_run': False, 'rev': 'a376313', 'opt_rev': '0.0.8'}
cmd: python random-search/optimizer.py -c MLP-adam -d iris -o random-search -u 4e3f81447c65539cb2a6f7a3de2966aa -m acc -n 15 -p 1 -dir /home/ryedida/bbo_challenge_starter_kit/output -b run_20230424_161204
/home/ryedida/.local/lib/python3.9/site-packages/sklearn/neural_network/_multilayer_perceptron.py:605: UserWarning: Got `batch_size` less than 1 or larger than sample size. It is going to be clipped
  warnings.warn(

/home/ryedida/.local/lib/python3.9/site-packages/sklearn/neural_network/_multilayer_perceptron.py:605: UserWarning: Got `batch_size` less than 1 or larger than sample size. It is going to be clipped
  warnings.warn(

/home/ryedida/.local/lib/python3.9/site-packages/sklearn/neural_network/_multilayer_perceptron.py:605: UserWarning: Got `batch_size` less than 1 or larger than sample size. It is going to be clipped
  warnings.warn(

/home/ryedida/.local/lib/python3.9/site-packages/sklearn/neural_network/_multilayer_perceptron.py:605: UserWarning: Got `batch_size` less than 1 or larger than sample size. It is going to be clipped
  warnings.warn(

/home/ryedida/.local/lib/python3.9/site-packages/sklearn/neural_network/_multilayer_perceptron.py:605: UserWarning: Got `batch_size` less than 1 or larger than sample size. It is going to be clipped
  warnings.warn(

computed signature: ([{'alpha': 0.019628224813442792, 'batch_size': 182, 'beta_1': 0.9410202200271762, 'beta_2': 0.9998021557676793, 'epsilon': 1.8662266976518e-08, 'hidden_layer_sizes': 147, 'learning_rate_init': 0.0005627932047415167, 'tol': 0.03690557729213761, 'validation_fraction': 0.8846827852548593}, {'alpha': 0.0019982467392329444, 'batch_size': 200, 'beta_1': 0.919111482530466, 'beta_2': 0.9998488260436156, 'epsilon': 5.981221901152555e-07, 'hidden_layer_sizes': 61, 'learning_rate_init': 2.2310905607443014e-05, 'tol': 1.2046852412030316e-05, 'validation_fraction': 0.8117896445826539}, {'alpha': 0.46659545670218433, 'batch_size': 219, 'beta_1': 0.9889789783750891, 'beta_2': 0.9999896868093284, 'epsilon': 2.4234724484675948e-08, 'hidden_layer_sizes': 167, 'learning_rate_init': 2.972334644335654e-05, 'tol': 0.0036281404040243792, 'validation_fraction': 0.17260651658522078}, {'alpha': 4.656005689076002, 'batch_size': 135, 'beta_1': 0.870503881627747, 'beta_2': 0.9948873266941017, 'epsilon': 2.1023308743480125e-07, 'hidden_layer_sizes': 118, 'learning_rate_init': 0.0018781738757161913, 'tol': 1.1889379831773004e-05, 'validation_fraction': 0.6264327093752792}, {'alpha': 0.04705159350400542, 'batch_size': 158, 'beta_1': 0.9870884262730957, 'beta_2': 0.9999596874382349, 'epsilon': 1.1981845126013875e-08, 'hidden_layer_sizes': 116, 'learning_rate_init': 0.00617340520407431, 'tol': 1.741413418158619e-05, 'validation_fraction': 0.6754299026638921}], [-0.41666666666666663, -0.275, -0.3416666666666667, -0.725, -0.875])
/home/ryedida/.local/lib/python3.9/site-packages/bayesmark/signatures.py:85: RuntimeWarning: Signature diverged on MLP-adam_iris_acc betwen [-0.52290909 -0.27918182 -0.34166667 -0.725      -0.91715152] and [-0.41666667 -0.275      -0.26133333 -0.68915152 -0.875     ]
  warnings.warn(

Signature errors:
                          0         1         2         3         4       max
MLP-adam_iris_acc  0.106242  0.004182  0.080333  0.035848  0.042152  0.106242
max                0.106242  0.004182  0.080333  0.035848  0.042152  0.106242
starting sklearn study random-search MLP-adam iris acc 15 1
with data root: None
suggestion time taken 0.002565 iter 0 next_points [{'alpha': 0.011466137452683548, 'batch_size': 221, 'beta_1': 0.9881333033667118, 'beta_2': 0.9996038053712887, 'epsilon': 5.364711530488477e-09, 'hidden_layer_sizes': 77, 'learning_rate_init': 0.008185417294964034, 'tol': 0.025652714386441046, 'validation_fraction': 0.11510805492244226}]
/home/ryedida/.local/lib/python3.9/site-packages/sklearn/neural_network/_multilayer_perceptron.py:605: UserWarning: Got `batch_size` less than 1 or larger than sample size. It is going to be clipped
  warnings.warn(

function_evaluation time 0.059341 value -0.733333 suggestion {'alpha': 0.011466137452683548, 'batch_size': 221, 'beta_1': 0.9881333033667118, 'beta_2': 0.9996038053712887, 'epsilon': 5.364711530488477e-09, 'hidden_layer_sizes': 77, 'learning_rate_init': 0.008185417294964034, 'tol': 0.025652714386441046, 'validation_fraction': 0.11510805492244226}
observation time 0.000006, current best -0.733333 at iter 0
suggestion time taken 0.002483 iter 1 next_points [{'alpha': 0.2459569033195989, 'batch_size': 22, 'beta_1': 0.5534020057347134, 'beta_2': 0.9999944822550655, 'epsilon': 5.694603850860876e-07, 'hidden_layer_sizes': 153, 'learning_rate_init': 0.00025982826583152957, 'tol': 0.006915099900995181, 'validation_fraction': 0.27915758273503366}]
function_evaluation time 0.135738 value -0.825000 suggestion {'alpha': 0.2459569033195989, 'batch_size': 22, 'beta_1': 0.5534020057347134, 'beta_2': 0.9999944822550655, 'epsilon': 5.694603850860876e-07, 'hidden_layer_sizes': 153, 'learning_rate_init': 0.00025982826583152957, 'tol': 0.006915099900995181, 'validation_fraction': 0.27915758273503366}
observation time 0.000005, current best -0.825000 at iter 1
suggestion time taken 0.002515 iter 2 next_points [{'alpha': 0.06807403184076168, 'batch_size': 149, 'beta_1': 0.8666192828354596, 'beta_2': 0.9995682262005725, 'epsilon': 5.801149225008551e-09, 'hidden_layer_sizes': 51, 'learning_rate_init': 0.0002899353674598271, 'tol': 0.0037736655596299156, 'validation_fraction': 0.13693479091924235}]
/home/ryedida/.local/lib/python3.9/site-packages/sklearn/neural_network/_multilayer_perceptron.py:605: UserWarning: Got `batch_size` less than 1 or larger than sample size. It is going to be clipped
  warnings.warn(

function_evaluation time 0.044534 value -0.400000 suggestion {'alpha': 0.06807403184076168, 'batch_size': 149, 'beta_1': 0.8666192828354596, 'beta_2': 0.9995682262005725, 'epsilon': 5.801149225008551e-09, 'hidden_layer_sizes': 51, 'learning_rate_init': 0.0002899353674598271, 'tol': 0.0037736655596299156, 'validation_fraction': 0.13693479091924235}
observation time 0.000005, current best -0.825000 at iter 2
suggestion time taken 0.002588 iter 3 next_points [{'alpha': 0.003141406669135584, 'batch_size': 129, 'beta_1': 0.976997338589908, 'beta_2': 0.9972775379858697, 'epsilon': 1.1969884110151876e-09, 'hidden_layer_sizes': 163, 'learning_rate_init': 2.3911527750327152e-05, 'tol': 0.00042274642712437433, 'validation_fraction': 0.4821130285571019}]
/home/ryedida/.local/lib/python3.9/site-packages/sklearn/neural_network/_multilayer_perceptron.py:605: UserWarning: Got `batch_size` less than 1 or larger than sample size. It is going to be clipped
  warnings.warn(

function_evaluation time 0.050444 value -0.358333 suggestion {'alpha': 0.003141406669135584, 'batch_size': 129, 'beta_1': 0.976997338589908, 'beta_2': 0.9972775379858697, 'epsilon': 1.1969884110151876e-09, 'hidden_layer_sizes': 163, 'learning_rate_init': 2.3911527750327152e-05, 'tol': 0.00042274642712437433, 'validation_fraction': 0.4821130285571019}
observation time 0.000004, current best -0.825000 at iter 3
suggestion time taken 0.002699 iter 4 next_points [{'alpha': 0.00017858363517530364, 'batch_size': 77, 'beta_1': 0.9583685387048795, 'beta_2': 0.9995611143058768, 'epsilon': 9.596123937335136e-09, 'hidden_layer_sizes': 189, 'learning_rate_init': 0.026660108588495723, 'tol': 0.0008407713037631377, 'validation_fraction': 0.61315630013726}]
/home/ryedida/.local/lib/python3.9/site-packages/sklearn/neural_network/_multilayer_perceptron.py:605: UserWarning: Got `batch_size` less than 1 or larger than sample size. It is going to be clipped
  warnings.warn(

function_evaluation time 0.101705 value -0.916667 suggestion {'alpha': 0.00017858363517530364, 'batch_size': 77, 'beta_1': 0.9583685387048795, 'beta_2': 0.9995611143058768, 'epsilon': 9.596123937335136e-09, 'hidden_layer_sizes': 189, 'learning_rate_init': 0.026660108588495723, 'tol': 0.0008407713037631377, 'validation_fraction': 0.61315630013726}
observation time 0.000008, current best -0.916667 at iter 4
suggestion time taken 0.002978 iter 5 next_points [{'alpha': 0.7080315712031519, 'batch_size': 175, 'beta_1': 0.7106175024069168, 'beta_2': 0.9995869752845729, 'epsilon': 1.502213322805255e-07, 'hidden_layer_sizes': 126, 'learning_rate_init': 0.0005118268914768285, 'tol': 0.007954683424008102, 'validation_fraction': 0.2624554458131879}]
/home/ryedida/.local/lib/python3.9/site-packages/sklearn/neural_network/_multilayer_perceptron.py:605: UserWarning: Got `batch_size` less than 1 or larger than sample size. It is going to be clipped
  warnings.warn(

function_evaluation time 0.071018 value -0.466667 suggestion {'alpha': 0.7080315712031519, 'batch_size': 175, 'beta_1': 0.7106175024069168, 'beta_2': 0.9995869752845729, 'epsilon': 1.502213322805255e-07, 'hidden_layer_sizes': 126, 'learning_rate_init': 0.0005118268914768285, 'tol': 0.007954683424008102, 'validation_fraction': 0.2624554458131879}
observation time 0.000004, current best -0.916667 at iter 5
suggestion time taken 0.002576 iter 6 next_points [{'alpha': 0.0013161062581760416, 'batch_size': 220, 'beta_1': 0.8939963722243266, 'beta_2': 0.9999434372935151, 'epsilon': 1.04673160743949e-09, 'hidden_layer_sizes': 166, 'learning_rate_init': 7.00937867461702e-05, 'tol': 1.0035358222303254e-05, 'validation_fraction': 0.6904282816208561}]
/home/ryedida/.local/lib/python3.9/site-packages/sklearn/neural_network/_multilayer_perceptron.py:605: UserWarning: Got `batch_size` less than 1 or larger than sample size. It is going to be clipped
  warnings.warn(

function_evaluation time 0.081365 value -0.491667 suggestion {'alpha': 0.0013161062581760416, 'batch_size': 220, 'beta_1': 0.8939963722243266, 'beta_2': 0.9999434372935151, 'epsilon': 1.04673160743949e-09, 'hidden_layer_sizes': 166, 'learning_rate_init': 7.00937867461702e-05, 'tol': 1.0035358222303254e-05, 'validation_fraction': 0.6904282816208561}
observation time 0.000005, current best -0.916667 at iter 6
suggestion time taken 0.002673 iter 7 next_points [{'alpha': 0.00023474184652473264, 'batch_size': 57, 'beta_1': 0.7765371033897356, 'beta_2': 0.9999965130380453, 'epsilon': 5.79314710127102e-09, 'hidden_layer_sizes': 75, 'learning_rate_init': 0.00033421999797126603, 'tol': 0.028072923448121824, 'validation_fraction': 0.3910140475986919}]
function_evaluation time 0.080653 value -0.483333 suggestion {'alpha': 0.00023474184652473264, 'batch_size': 57, 'beta_1': 0.7765371033897356, 'beta_2': 0.9999965130380453, 'epsilon': 5.79314710127102e-09, 'hidden_layer_sizes': 75, 'learning_rate_init': 0.00033421999797126603, 'tol': 0.028072923448121824, 'validation_fraction': 0.3910140475986919}
observation time 0.000005, current best -0.916667 at iter 7
suggestion time taken 0.002836 iter 8 next_points [{'alpha': 3.4188436738093714e-05, 'batch_size': 127, 'beta_1': 0.6090688315318475, 'beta_2': 0.980509901640715, 'epsilon': 2.6647946122802417e-08, 'hidden_layer_sizes': 58, 'learning_rate_init': 6.526984908096663e-05, 'tol': 1.2211998322305366e-05, 'validation_fraction': 0.7052905800791734}]
/home/ryedida/.local/lib/python3.9/site-packages/sklearn/neural_network/_multilayer_perceptron.py:605: UserWarning: Got `batch_size` less than 1 or larger than sample size. It is going to be clipped
  warnings.warn(

function_evaluation time 0.049422 value -0.425000 suggestion {'alpha': 3.4188436738093714e-05, 'batch_size': 127, 'beta_1': 0.6090688315318475, 'beta_2': 0.980509901640715, 'epsilon': 2.6647946122802417e-08, 'hidden_layer_sizes': 58, 'learning_rate_init': 6.526984908096663e-05, 'tol': 1.2211998322305366e-05, 'validation_fraction': 0.7052905800791734}
observation time 0.000003, current best -0.916667 at iter 8
suggestion time taken 0.002571 iter 9 next_points [{'alpha': 2.608154759149199, 'batch_size': 35, 'beta_1': 0.853914457685489, 'beta_2': 0.9676960942536411, 'epsilon': 2.289566468452209e-09, 'hidden_layer_sizes': 102, 'learning_rate_init': 0.003775157119869642, 'tol': 0.00021026612642757674, 'validation_fraction': 0.18460525506983347}]
function_evaluation time 0.091947 value -0.875000 suggestion {'alpha': 2.608154759149199, 'batch_size': 35, 'beta_1': 0.853914457685489, 'beta_2': 0.9676960942536411, 'epsilon': 2.289566468452209e-09, 'hidden_layer_sizes': 102, 'learning_rate_init': 0.003775157119869642, 'tol': 0.00021026612642757674, 'validation_fraction': 0.18460525506983347}
observation time 0.000005, current best -0.916667 at iter 9
suggestion time taken 0.002503 iter 10 next_points [{'alpha': 0.03883580218118277, 'batch_size': 145, 'beta_1': 0.9180411806856592, 'beta_2': 0.9999951828158592, 'epsilon': 2.92342294684127e-07, 'hidden_layer_sizes': 134, 'learning_rate_init': 0.003316054699359302, 'tol': 0.004883401192827247, 'validation_fraction': 0.8678994255904616}]
/home/ryedida/.local/lib/python3.9/site-packages/sklearn/neural_network/_multilayer_perceptron.py:605: UserWarning: Got `batch_size` less than 1 or larger than sample size. It is going to be clipped
  warnings.warn(

function_evaluation time 0.104420 value -0.816667 suggestion {'alpha': 0.03883580218118277, 'batch_size': 145, 'beta_1': 0.9180411806856592, 'beta_2': 0.9999951828158592, 'epsilon': 2.92342294684127e-07, 'hidden_layer_sizes': 134, 'learning_rate_init': 0.003316054699359302, 'tol': 0.004883401192827247, 'validation_fraction': 0.8678994255904616}
observation time 0.000004, current best -0.916667 at iter 10
suggestion time taken 0.002676 iter 11 next_points [{'alpha': 0.005675302220520527, 'batch_size': 91, 'beta_1': 0.5552786918614852, 'beta_2': 0.9999186542419944, 'epsilon': 1.0647844761005305e-07, 'hidden_layer_sizes': 144, 'learning_rate_init': 0.0002201347579240643, 'tol': 1.7973535269099778e-05, 'validation_fraction': 0.8220514201277216}]
/home/ryedida/.local/lib/python3.9/site-packages/sklearn/neural_network/_multilayer_perceptron.py:605: UserWarning: Got `batch_size` less than 1 or larger than sample size. It is going to be clipped
  warnings.warn(

function_evaluation time 0.049351 value -0.425000 suggestion {'alpha': 0.005675302220520527, 'batch_size': 91, 'beta_1': 0.5552786918614852, 'beta_2': 0.9999186542419944, 'epsilon': 1.0647844761005305e-07, 'hidden_layer_sizes': 144, 'learning_rate_init': 0.0002201347579240643, 'tol': 1.7973535269099778e-05, 'validation_fraction': 0.8220514201277216}
observation time 0.000005, current best -0.916667 at iter 11
suggestion time taken 0.002491 iter 12 next_points [{'alpha': 0.011777562544059235, 'batch_size': 40, 'beta_1': 0.611494919801296, 'beta_2': 0.9794299680212093, 'epsilon': 5.163097302307466e-07, 'hidden_layer_sizes': 50, 'learning_rate_init': 5.0128959186933e-05, 'tol': 0.00010682489073833259, 'validation_fraction': 0.7109676960301522}]
/home/ryedida/.local/lib/python3.9/site-packages/sklearn/neural_network/_multilayer_perceptron.py:605: UserWarning: Got `batch_size` less than 1 or larger than sample size. It is going to be clipped
  warnings.warn(

function_evaluation time 0.038995 value -0.391667 suggestion {'alpha': 0.011777562544059235, 'batch_size': 40, 'beta_1': 0.611494919801296, 'beta_2': 0.9794299680212093, 'epsilon': 5.163097302307466e-07, 'hidden_layer_sizes': 50, 'learning_rate_init': 5.0128959186933e-05, 'tol': 0.00010682489073833259, 'validation_fraction': 0.7109676960301522}
observation time 0.000005, current best -0.916667 at iter 12
suggestion time taken 0.002515 iter 13 next_points [{'alpha': 1.0366205182880002, 'batch_size': 188, 'beta_1': 0.9486624313724763, 'beta_2': 0.9999858817092651, 'epsilon': 4.0872237787566665e-08, 'hidden_layer_sizes': 173, 'learning_rate_init': 3.317482605486057e-05, 'tol': 0.00031161029777650704, 'validation_fraction': 0.886013771384037}]
/home/ryedida/.local/lib/python3.9/site-packages/sklearn/neural_network/_multilayer_perceptron.py:605: UserWarning: Got `batch_size` less than 1 or larger than sample size. It is going to be clipped
  warnings.warn(

function_evaluation time 0.044172 value -0.358333 suggestion {'alpha': 1.0366205182880002, 'batch_size': 188, 'beta_1': 0.9486624313724763, 'beta_2': 0.9999858817092651, 'epsilon': 4.0872237787566665e-08, 'hidden_layer_sizes': 173, 'learning_rate_init': 3.317482605486057e-05, 'tol': 0.00031161029777650704, 'validation_fraction': 0.886013771384037}
observation time 0.000005, current best -0.916667 at iter 13
suggestion time taken 0.002497 iter 14 next_points [{'alpha': 0.013293563732221172, 'batch_size': 250, 'beta_1': 0.6023646736013759, 'beta_2': 0.9999869002274588, 'epsilon': 5.44941840514158e-07, 'hidden_layer_sizes': 193, 'learning_rate_init': 0.000625492781675528, 'tol': 0.00830467575001061, 'validation_fraction': 0.30341394664672866}]
/home/ryedida/.local/lib/python3.9/site-packages/sklearn/neural_network/_multilayer_perceptron.py:605: UserWarning: Got `batch_size` less than 1 or larger than sample size. It is going to be clipped
  warnings.warn(

function_evaluation time 0.058085 value -0.566667 suggestion {'alpha': 0.013293563732221172, 'batch_size': 250, 'beta_1': 0.6023646736013759, 'beta_2': 0.9999869002274588, 'epsilon': 5.44941840514158e-07, 'hidden_layer_sizes': 193, 'learning_rate_init': 0.000625492781675528, 'tol': 0.00830467575001061, 'validation_fraction': 0.30341394664672866}
observation time 0.000005, current best -0.916667 at iter 14
saving meta data: {'args': {'--uuid': '4e3f81447c65539cb2a6f7a3de2966aa', '-db-root': '/home/ryedida/bbo_challenge_starter_kit/output', '--opt-root': '/home/ryedida/bbo_challenge_starter_kit/example_submissions', '--data-root': None, '--db': 'run_20230424_161204', '--opt': 'random-search', '--data': 'iris', '--classifier': 'MLP-adam', '--metric': 'acc', '--calls': 15, '--suggestions': 1, '--jobs-file': None, '--verbose': False, 'dry_run': False, 'rev': 'a376313', 'opt_rev': '0.0.8'}, 'signature': ([{'alpha': 0.019628224813442792, 'batch_size': 182, 'beta_1': 0.9410202200271762, 'beta_2': 0.9998021557676793, 'epsilon': 1.8662266976518e-08, 'hidden_layer_sizes': 147, 'learning_rate_init': 0.0005627932047415167, 'tol': 0.03690557729213761, 'validation_fraction': 0.8846827852548593}, {'alpha': 0.0019982467392329444, 'batch_size': 200, 'beta_1': 0.919111482530466, 'beta_2': 0.9998488260436156, 'epsilon': 5.981221901152555e-07, 'hidden_layer_sizes': 61, 'learning_rate_init': 2.2310905607443014e-05, 'tol': 1.2046852412030316e-05, 'validation_fraction': 0.8117896445826539}, {'alpha': 0.46659545670218433, 'batch_size': 219, 'beta_1': 0.9889789783750891, 'beta_2': 0.9999896868093284, 'epsilon': 2.4234724484675948e-08, 'hidden_layer_sizes': 167, 'learning_rate_init': 2.972334644335654e-05, 'tol': 0.0036281404040243792, 'validation_fraction': 0.17260651658522078}, {'alpha': 4.656005689076002, 'batch_size': 135, 'beta_1': 0.870503881627747, 'beta_2': 0.9948873266941017, 'epsilon': 2.1023308743480125e-07, 'hidden_layer_sizes': 118, 'learning_rate_init': 0.0018781738757161913, 'tol': 1.1889379831773004e-05, 'validation_fraction': 0.6264327093752792}, {'alpha': 0.04705159350400542, 'batch_size': 158, 'beta_1': 0.9870884262730957, 'beta_2': 0.9999596874382349, 'epsilon': 1.1981845126013875e-08, 'hidden_layer_sizes': 116, 'learning_rate_init': 0.00617340520407431, 'tol': 1.741413418158619e-05, 'validation_fraction': 0.6754299026638921}], [-0.41666666666666663, -0.275, -0.3416666666666667, -0.725, -0.875])}
saving results
saving timing
saving suggest log
done
