running: {'--uuid': '5569e68c99215ae89a93335fd6904b48', '-db-root': '/home/ryedida/bbo_challenge_starter_kit/output', '--opt-root': '/home/ryedida/bbo_challenge_starter_kit/example_submissions', '--data-root': None, '--db': 'run_20230424_161204', '--opt': 'turbo', '--data': 'iris', '--classifier': 'MLP-adam', '--metric': 'acc', '--calls': 15, '--suggestions': 1, '--jobs-file': None, '--verbose': False, 'dry_run': False, 'rev': 'a376313', 'opt_rev': '0.0.1'}
cmd: python turbo/optimizer.py -c MLP-adam -d iris -o turbo -u 5569e68c99215ae89a93335fd6904b48 -m acc -n 15 -p 1 -dir /home/ryedida/bbo_challenge_starter_kit/output -b run_20230424_161204
/home/ryedida/.local/lib/python3.9/site-packages/sklearn/neural_network/_multilayer_perceptron.py:605: UserWarning: Got `batch_size` less than 1 or larger than sample size. It is going to be clipped
  warnings.warn(

/home/ryedida/.local/lib/python3.9/site-packages/sklearn/neural_network/_multilayer_perceptron.py:605: UserWarning: Got `batch_size` less than 1 or larger than sample size. It is going to be clipped
  warnings.warn(

/home/ryedida/.local/lib/python3.9/site-packages/sklearn/neural_network/_multilayer_perceptron.py:605: UserWarning: Got `batch_size` less than 1 or larger than sample size. It is going to be clipped
  warnings.warn(

/home/ryedida/.local/lib/python3.9/site-packages/sklearn/neural_network/_multilayer_perceptron.py:605: UserWarning: Got `batch_size` less than 1 or larger than sample size. It is going to be clipped
  warnings.warn(

/home/ryedida/.local/lib/python3.9/site-packages/sklearn/neural_network/_multilayer_perceptron.py:605: UserWarning: Got `batch_size` less than 1 or larger than sample size. It is going to be clipped
  warnings.warn(

computed signature: ([{'alpha': 0.019628224813442792, 'batch_size': 182, 'beta_1': 0.9410202200271762, 'beta_2': 0.9998021557676793, 'epsilon': 1.8662266976518e-08, 'hidden_layer_sizes': 147, 'learning_rate_init': 0.0005627932047415167, 'tol': 0.03690557729213761, 'validation_fraction': 0.8846827852548593}, {'alpha': 0.0019982467392329444, 'batch_size': 200, 'beta_1': 0.919111482530466, 'beta_2': 0.9998488260436156, 'epsilon': 5.981221901152555e-07, 'hidden_layer_sizes': 61, 'learning_rate_init': 2.2310905607443014e-05, 'tol': 1.2046852412030316e-05, 'validation_fraction': 0.8117896445826539}, {'alpha': 0.46659545670218433, 'batch_size': 219, 'beta_1': 0.9889789783750891, 'beta_2': 0.9999896868093284, 'epsilon': 2.4234724484675948e-08, 'hidden_layer_sizes': 167, 'learning_rate_init': 2.972334644335654e-05, 'tol': 0.0036281404040243792, 'validation_fraction': 0.17260651658522078}, {'alpha': 4.656005689076002, 'batch_size': 135, 'beta_1': 0.870503881627747, 'beta_2': 0.9948873266941017, 'epsilon': 2.1023308743480125e-07, 'hidden_layer_sizes': 118, 'learning_rate_init': 0.0018781738757161913, 'tol': 1.1889379831773004e-05, 'validation_fraction': 0.6264327093752792}, {'alpha': 0.04705159350400542, 'batch_size': 158, 'beta_1': 0.9870884262730957, 'beta_2': 0.9999596874382349, 'epsilon': 1.1981845126013875e-08, 'hidden_layer_sizes': 116, 'learning_rate_init': 0.00617340520407431, 'tol': 1.741413418158619e-05, 'validation_fraction': 0.6754299026638921}], [-0.41666666666666663, -0.275, -0.3416666666666667, -0.725, -0.875])
/home/ryedida/.local/lib/python3.9/site-packages/bayesmark/signatures.py:85: RuntimeWarning: Signature diverged on MLP-adam_iris_acc betwen [-0.52290909 -0.27918182 -0.34166667 -0.725      -0.91715152] and [-0.41666667 -0.275      -0.26133333 -0.68915152 -0.875     ]
  warnings.warn(

Signature errors:
                          0         1         2         3         4       max
MLP-adam_iris_acc  0.106242  0.004182  0.080333  0.035848  0.042152  0.106242
max                0.106242  0.004182  0.080333  0.035848  0.042152  0.106242
starting sklearn study turbo MLP-adam iris acc 15 1
with data root: None
suggestion time taken 0.002429 iter 0 next_points [{'alpha': 1.723350841075501, 'batch_size': 226, 'beta_1': 0.9739345761242582, 'beta_2': 0.9989150873231645, 'epsilon': 1.6393430199572406e-09, 'hidden_layer_sizes': 81, 'learning_rate_init': 6.52644543831622e-05, 'tol': 0.0004131847683371288, 'validation_fraction': 0.7065267741563559}]
/home/ryedida/.local/lib/python3.9/site-packages/sklearn/neural_network/_multilayer_perceptron.py:605: UserWarning: Got `batch_size` less than 1 or larger than sample size. It is going to be clipped
  warnings.warn(

function_evaluation time 0.040431 value -0.416667 suggestion {'alpha': 1.723350841075501, 'batch_size': 226, 'beta_1': 0.9739345761242582, 'beta_2': 0.9989150873231645, 'epsilon': 1.6393430199572406e-09, 'hidden_layer_sizes': 81, 'learning_rate_init': 6.52644543831622e-05, 'tol': 0.0004131847683371288, 'validation_fraction': 0.7065267741563559}
observation time 0.001414, current best -0.416667 at iter 0
suggestion time taken 0.001770 iter 1 next_points [{'alpha': 0.3185065695630964, 'batch_size': 250, 'beta_1': 0.8867950010331648, 'beta_2': 0.9999987194996222, 'epsilon': 3.1390283072440884e-08, 'hidden_layer_sizes': 118, 'learning_rate_init': 1.0820224345092455e-05, 'tol': 5.105714281893692e-05, 'validation_fraction': 0.8153436949898645}]
/home/ryedida/.local/lib/python3.9/site-packages/sklearn/neural_network/_multilayer_perceptron.py:605: UserWarning: Got `batch_size` less than 1 or larger than sample size. It is going to be clipped
  warnings.warn(

function_evaluation time 0.041171 value -0.341667 suggestion {'alpha': 0.3185065695630964, 'batch_size': 250, 'beta_1': 0.8867950010331648, 'beta_2': 0.9999987194996222, 'epsilon': 3.1390283072440884e-08, 'hidden_layer_sizes': 118, 'learning_rate_init': 1.0820224345092455e-05, 'tol': 5.105714281893692e-05, 'validation_fraction': 0.8153436949898645}
observation time 0.001405, current best -0.416667 at iter 1
suggestion time taken 0.001979 iter 2 next_points [{'alpha': 0.9360397457118651, 'batch_size': 22, 'beta_1': 0.8455548390499836, 'beta_2': 0.9993011339193608, 'epsilon': 5.5051029514169335e-08, 'hidden_layer_sizes': 141, 'learning_rate_init': 0.00287056330283249, 'tol': 0.0010471236306267124, 'validation_fraction': 0.10729561334475408}]
function_evaluation time 0.122912 value -0.908333 suggestion {'alpha': 0.9360397457118651, 'batch_size': 22, 'beta_1': 0.8455548390499836, 'beta_2': 0.9993011339193608, 'epsilon': 5.5051029514169335e-08, 'hidden_layer_sizes': 141, 'learning_rate_init': 0.00287056330283249, 'tol': 0.0010471236306267124, 'validation_fraction': 0.10729561334475408}
observation time 0.001427, current best -0.908333 at iter 2
suggestion time taken 0.001714 iter 3 next_points [{'alpha': 0.0006961461922742482, 'batch_size': 121, 'beta_1': 0.9001930101527965, 'beta_2': 0.9997375908974465, 'epsilon': 5.3909161164399e-08, 'hidden_layer_sizes': 193, 'learning_rate_init': 2.2697291561460633e-05, 'tol': 0.005095882754812183, 'validation_fraction': 0.31429360019282443}]
/home/ryedida/.local/lib/python3.9/site-packages/sklearn/neural_network/_multilayer_perceptron.py:605: UserWarning: Got `batch_size` less than 1 or larger than sample size. It is going to be clipped
  warnings.warn(

function_evaluation time 0.046451 value -0.333333 suggestion {'alpha': 0.0006961461922742482, 'batch_size': 121, 'beta_1': 0.9001930101527965, 'beta_2': 0.9997375908974465, 'epsilon': 5.3909161164399e-08, 'hidden_layer_sizes': 193, 'learning_rate_init': 2.2697291561460633e-05, 'tol': 0.005095882754812183, 'validation_fraction': 0.31429360019282443}
observation time 0.001383, current best -0.908333 at iter 3
suggestion time taken 0.001729 iter 4 next_points [{'alpha': 0.00028743500199741764, 'batch_size': 76, 'beta_1': 0.9784601733927506, 'beta_2': 0.9774446910735836, 'epsilon': 6.553403074072688e-09, 'hidden_layer_sizes': 136, 'learning_rate_init': 0.0005152467366203307, 'tol': 1.1609230244943002e-05, 'validation_fraction': 0.19683726717863573}]
function_evaluation time 0.068788 value -0.475000 suggestion {'alpha': 0.00028743500199741764, 'batch_size': 76, 'beta_1': 0.9784601733927506, 'beta_2': 0.9774446910735836, 'epsilon': 6.553403074072688e-09, 'hidden_layer_sizes': 136, 'learning_rate_init': 0.0005152467366203307, 'tol': 1.1609230244943002e-05, 'validation_fraction': 0.19683726717863573}
observation time 0.001334, current best -0.908333 at iter 4
suggestion time taken 0.001829 iter 5 next_points [{'alpha': 0.06745592801159242, 'batch_size': 108, 'beta_1': 0.9392469732885184, 'beta_2': 0.9997857035346177, 'epsilon': 2.653266098641023e-07, 'hidden_layer_sizes': 179, 'learning_rate_init': 0.004356100844944275, 'tol': 0.06961660175642696, 'validation_fraction': 0.3052113985393606}]
/home/ryedida/.local/lib/python3.9/site-packages/sklearn/neural_network/_multilayer_perceptron.py:605: UserWarning: Got `batch_size` less than 1 or larger than sample size. It is going to be clipped
  warnings.warn(

function_evaluation time 0.059377 value -0.850000 suggestion {'alpha': 0.06745592801159242, 'batch_size': 108, 'beta_1': 0.9392469732885184, 'beta_2': 0.9997857035346177, 'epsilon': 2.653266098641023e-07, 'hidden_layer_sizes': 179, 'learning_rate_init': 0.004356100844944275, 'tol': 0.06961660175642696, 'validation_fraction': 0.3052113985393606}
observation time 0.001344, current best -0.908333 at iter 5
suggestion time taken 0.001717 iter 6 next_points [{'alpha': 0.013067889147451021, 'batch_size': 131, 'beta_1': 0.6890715589043639, 'beta_2': 0.9999957345714626, 'epsilon': 1.1319730586840284e-09, 'hidden_layer_sizes': 89, 'learning_rate_init': 0.00012999616378206203, 'tol': 0.03157542406481697, 'validation_fraction': 0.5166852249210685}]
/home/ryedida/.local/lib/python3.9/site-packages/sklearn/neural_network/_multilayer_perceptron.py:605: UserWarning: Got `batch_size` less than 1 or larger than sample size. It is going to be clipped
  warnings.warn(

function_evaluation time 0.040885 value -0.291667 suggestion {'alpha': 0.013067889147451021, 'batch_size': 131, 'beta_1': 0.6890715589043639, 'beta_2': 0.9999957345714626, 'epsilon': 1.1319730586840284e-09, 'hidden_layer_sizes': 89, 'learning_rate_init': 0.00012999616378206203, 'tol': 0.03157542406481697, 'validation_fraction': 0.5166852249210685}
observation time 0.001361, current best -0.908333 at iter 6
suggestion time taken 0.001750 iter 7 next_points [{'alpha': 4.096744709857353, 'batch_size': 136, 'beta_1': 0.9831589705449348, 'beta_2': 0.9999369994686228, 'epsilon': 3.3696845110411105e-09, 'hidden_layer_sizes': 161, 'learning_rate_init': 0.06985688192419755, 'tol': 0.001898560127966049, 'validation_fraction': 0.8256470075323069}]
/home/ryedida/.local/lib/python3.9/site-packages/sklearn/neural_network/_multilayer_perceptron.py:605: UserWarning: Got `batch_size` less than 1 or larger than sample size. It is going to be clipped
  warnings.warn(

function_evaluation time 0.092297 value -0.908333 suggestion {'alpha': 4.096744709857353, 'batch_size': 136, 'beta_1': 0.9831589705449348, 'beta_2': 0.9999369994686228, 'epsilon': 3.3696845110411105e-09, 'hidden_layer_sizes': 161, 'learning_rate_init': 0.06985688192419755, 'tol': 0.001898560127966049, 'validation_fraction': 0.8256470075323069}
observation time 0.001446, current best -0.908333 at iter 7
suggestion time taken 0.001997 iter 8 next_points [{'alpha': 0.03741421852737472, 'batch_size': 207, 'beta_1': 0.9847952643117432, 'beta_2': 0.9279445931042662, 'epsilon': 1.0165829084944757e-08, 'hidden_layer_sizes': 101, 'learning_rate_init': 0.0015322890572883221, 'tol': 0.00017280619629639888, 'validation_fraction': 0.35957862472986385}]
/home/ryedida/.local/lib/python3.9/site-packages/sklearn/neural_network/_multilayer_perceptron.py:605: UserWarning: Got `batch_size` less than 1 or larger than sample size. It is going to be clipped
  warnings.warn(

function_evaluation time 0.059671 value -0.791667 suggestion {'alpha': 0.03741421852737472, 'batch_size': 207, 'beta_1': 0.9847952643117432, 'beta_2': 0.9279445931042662, 'epsilon': 1.0165829084944757e-08, 'hidden_layer_sizes': 101, 'learning_rate_init': 0.0015322890572883221, 'tol': 0.00017280619629639888, 'validation_fraction': 0.35957862472986385}
observation time 0.001377, current best -0.908333 at iter 8
suggestion time taken 0.001744 iter 9 next_points [{'alpha': 0.19168378762718224, 'batch_size': 67, 'beta_1': 0.6321150217204584, 'beta_2': 0.9998894711010631, 'epsilon': 1.95911562283539e-07, 'hidden_layer_sizes': 53, 'learning_rate_init': 0.00034348079721197895, 'tol': 0.0033317621796437407, 'validation_fraction': 0.5988883979255973}]
/home/ryedida/.local/lib/python3.9/site-packages/sklearn/neural_network/_multilayer_perceptron.py:605: UserWarning: Got `batch_size` less than 1 or larger than sample size. It is going to be clipped
  warnings.warn(

function_evaluation time 0.064294 value -0.475000 suggestion {'alpha': 0.19168378762718224, 'batch_size': 67, 'beta_1': 0.6321150217204584, 'beta_2': 0.9998894711010631, 'epsilon': 1.95911562283539e-07, 'hidden_layer_sizes': 53, 'learning_rate_init': 0.00034348079721197895, 'tol': 0.0033317621796437407, 'validation_fraction': 0.5988883979255973}
observation time 0.001348, current best -0.908333 at iter 9
suggestion time taken 0.001980 iter 10 next_points [{'alpha': 4.781433348140931e-05, 'batch_size': 91, 'beta_1': 0.9220122599688061, 'beta_2': 0.999982297116642, 'epsilon': 7.399909450177487e-07, 'hidden_layer_sizes': 153, 'learning_rate_init': 0.0008816760388560574, 'tol': 0.00019403378146463026, 'validation_fraction': 0.13145173597753373}]
function_evaluation time 0.065477 value -0.700000 suggestion {'alpha': 4.781433348140931e-05, 'batch_size': 91, 'beta_1': 0.9220122599688061, 'beta_2': 0.999982297116642, 'epsilon': 7.399909450177487e-07, 'hidden_layer_sizes': 153, 'learning_rate_init': 0.0008816760388560574, 'tol': 0.00019403378146463026, 'validation_fraction': 0.13145173597753373}
observation time 0.001376, current best -0.908333 at iter 10
suggestion time taken 0.001673 iter 11 next_points [{'alpha': 0.02161981102059165, 'batch_size': 39, 'beta_1': 0.9551261830804506, 'beta_2': 0.9999891600051137, 'epsilon': 1.4498571002227298e-07, 'hidden_layer_sizes': 73, 'learning_rate_init': 0.04165818344209133, 'tol': 0.000536942704304538, 'validation_fraction': 0.15418655933796963}]
function_evaluation time 0.090456 value -0.975000 suggestion {'alpha': 0.02161981102059165, 'batch_size': 39, 'beta_1': 0.9551261830804506, 'beta_2': 0.9999891600051137, 'epsilon': 1.4498571002227298e-07, 'hidden_layer_sizes': 73, 'learning_rate_init': 0.04165818344209133, 'tol': 0.000536942704304538, 'validation_fraction': 0.15418655933796963}
observation time 0.001381, current best -0.975000 at iter 11
suggestion time taken 0.001688 iter 12 next_points [{'alpha': 3.920772104782818e-05, 'batch_size': 224, 'beta_1': 0.6100659955516564, 'beta_2': 0.9497100246350942, 'epsilon': 3.4983128935498793e-07, 'hidden_layer_sizes': 186, 'learning_rate_init': 0.0002354670333178695, 'tol': 0.022703757780851645, 'validation_fraction': 0.747323518122034}]
/home/ryedida/.local/lib/python3.9/site-packages/sklearn/neural_network/_multilayer_perceptron.py:605: UserWarning: Got `batch_size` less than 1 or larger than sample size. It is going to be clipped
  warnings.warn(

function_evaluation time 0.050381 value -0.458333 suggestion {'alpha': 3.920772104782818e-05, 'batch_size': 224, 'beta_1': 0.6100659955516564, 'beta_2': 0.9497100246350942, 'epsilon': 3.4983128935498793e-07, 'hidden_layer_sizes': 186, 'learning_rate_init': 0.0002354670333178695, 'tol': 0.022703757780851645, 'validation_fraction': 0.747323518122034}
observation time 0.001382, current best -0.975000 at iter 12
suggestion time taken 0.001713 iter 13 next_points [{'alpha': 0.0025890378790753683, 'batch_size': 156, 'beta_1': 0.9888480717726793, 'beta_2': 0.9912169666414258, 'epsilon': 1.5690122823850935e-08, 'hidden_layer_sizes': 169, 'learning_rate_init': 7.050756774056454e-05, 'tol': 0.008532709325293042, 'validation_fraction': 0.5471920264134457}]
/home/ryedida/.local/lib/python3.9/site-packages/sklearn/neural_network/_multilayer_perceptron.py:605: UserWarning: Got `batch_size` less than 1 or larger than sample size. It is going to be clipped
  warnings.warn(

function_evaluation time 0.055117 value -0.441667 suggestion {'alpha': 0.0025890378790753683, 'batch_size': 156, 'beta_1': 0.9888480717726793, 'beta_2': 0.9912169666414258, 'epsilon': 1.5690122823850935e-08, 'hidden_layer_sizes': 169, 'learning_rate_init': 7.050756774056454e-05, 'tol': 0.008532709325293042, 'validation_fraction': 0.5471920264134457}
observation time 0.001383, current best -0.975000 at iter 13
suggestion time taken 0.001967 iter 14 next_points [{'alpha': 0.0007974581115546744, 'batch_size': 173, 'beta_1': 0.8253583983232347, 'beta_2': 0.990322078389464, 'epsilon': 6.688243544015017e-07, 'hidden_layer_sizes': 109, 'learning_rate_init': 3.0467674306168175e-05, 'tol': 0.059804230897234766, 'validation_fraction': 0.8975383207789797}]
/home/ryedida/.local/lib/python3.9/site-packages/sklearn/neural_network/_multilayer_perceptron.py:605: UserWarning: Got `batch_size` less than 1 or larger than sample size. It is going to be clipped
  warnings.warn(

function_evaluation time 0.040736 value -0.333333 suggestion {'alpha': 0.0007974581115546744, 'batch_size': 173, 'beta_1': 0.8253583983232347, 'beta_2': 0.990322078389464, 'epsilon': 6.688243544015017e-07, 'hidden_layer_sizes': 109, 'learning_rate_init': 3.0467674306168175e-05, 'tol': 0.059804230897234766, 'validation_fraction': 0.8975383207789797}
observation time 0.001332, current best -0.975000 at iter 14
saving meta data: {'args': {'--uuid': '5569e68c99215ae89a93335fd6904b48', '-db-root': '/home/ryedida/bbo_challenge_starter_kit/output', '--opt-root': '/home/ryedida/bbo_challenge_starter_kit/example_submissions', '--data-root': None, '--db': 'run_20230424_161204', '--opt': 'turbo', '--data': 'iris', '--classifier': 'MLP-adam', '--metric': 'acc', '--calls': 15, '--suggestions': 1, '--jobs-file': None, '--verbose': False, 'dry_run': False, 'rev': 'a376313', 'opt_rev': '0.0.1'}, 'signature': ([{'alpha': 0.019628224813442792, 'batch_size': 182, 'beta_1': 0.9410202200271762, 'beta_2': 0.9998021557676793, 'epsilon': 1.8662266976518e-08, 'hidden_layer_sizes': 147, 'learning_rate_init': 0.0005627932047415167, 'tol': 0.03690557729213761, 'validation_fraction': 0.8846827852548593}, {'alpha': 0.0019982467392329444, 'batch_size': 200, 'beta_1': 0.919111482530466, 'beta_2': 0.9998488260436156, 'epsilon': 5.981221901152555e-07, 'hidden_layer_sizes': 61, 'learning_rate_init': 2.2310905607443014e-05, 'tol': 1.2046852412030316e-05, 'validation_fraction': 0.8117896445826539}, {'alpha': 0.46659545670218433, 'batch_size': 219, 'beta_1': 0.9889789783750891, 'beta_2': 0.9999896868093284, 'epsilon': 2.4234724484675948e-08, 'hidden_layer_sizes': 167, 'learning_rate_init': 2.972334644335654e-05, 'tol': 0.0036281404040243792, 'validation_fraction': 0.17260651658522078}, {'alpha': 4.656005689076002, 'batch_size': 135, 'beta_1': 0.870503881627747, 'beta_2': 0.9948873266941017, 'epsilon': 2.1023308743480125e-07, 'hidden_layer_sizes': 118, 'learning_rate_init': 0.0018781738757161913, 'tol': 1.1889379831773004e-05, 'validation_fraction': 0.6264327093752792}, {'alpha': 0.04705159350400542, 'batch_size': 158, 'beta_1': 0.9870884262730957, 'beta_2': 0.9999596874382349, 'epsilon': 1.1981845126013875e-08, 'hidden_layer_sizes': 116, 'learning_rate_init': 0.00617340520407431, 'tol': 1.741413418158619e-05, 'validation_fraction': 0.6754299026638921}], [-0.41666666666666663, -0.275, -0.3416666666666667, -0.725, -0.875])}
saving results
saving timing
saving suggest log
done
