running: {'--uuid': '5a2477acc8ef5deb9a878921161ceee3', '-db-root': '/home/ryedida/bbo_challenge_starter_kit/output', '--opt-root': '/home/ryedida/bbo_challenge_starter_kit/example_submissions', '--data-root': None, '--db': 'run_20230424_161204', '--opt': 'turbo', '--data': 'iris', '--classifier': 'MLP-adam', '--metric': 'acc', '--calls': 15, '--suggestions': 1, '--jobs-file': None, '--verbose': False, 'dry_run': False, 'rev': 'a376313', 'opt_rev': '0.0.1'}
cmd: python turbo/optimizer.py -c MLP-adam -d iris -o turbo -u 5a2477acc8ef5deb9a878921161ceee3 -m acc -n 15 -p 1 -dir /home/ryedida/bbo_challenge_starter_kit/output -b run_20230424_161204
/home/ryedida/.local/lib/python3.9/site-packages/sklearn/neural_network/_multilayer_perceptron.py:605: UserWarning: Got `batch_size` less than 1 or larger than sample size. It is going to be clipped
  warnings.warn(

/home/ryedida/.local/lib/python3.9/site-packages/sklearn/neural_network/_multilayer_perceptron.py:605: UserWarning: Got `batch_size` less than 1 or larger than sample size. It is going to be clipped
  warnings.warn(

/home/ryedida/.local/lib/python3.9/site-packages/sklearn/neural_network/_multilayer_perceptron.py:605: UserWarning: Got `batch_size` less than 1 or larger than sample size. It is going to be clipped
  warnings.warn(

/home/ryedida/.local/lib/python3.9/site-packages/sklearn/neural_network/_multilayer_perceptron.py:605: UserWarning: Got `batch_size` less than 1 or larger than sample size. It is going to be clipped
  warnings.warn(

/home/ryedida/.local/lib/python3.9/site-packages/sklearn/neural_network/_multilayer_perceptron.py:605: UserWarning: Got `batch_size` less than 1 or larger than sample size. It is going to be clipped
  warnings.warn(

computed signature: ([{'alpha': 0.019628224813442792, 'batch_size': 182, 'beta_1': 0.9410202200271762, 'beta_2': 0.9998021557676793, 'epsilon': 1.8662266976518e-08, 'hidden_layer_sizes': 147, 'learning_rate_init': 0.0005627932047415167, 'tol': 0.03690557729213761, 'validation_fraction': 0.8846827852548593}, {'alpha': 0.0019982467392329444, 'batch_size': 200, 'beta_1': 0.919111482530466, 'beta_2': 0.9998488260436156, 'epsilon': 5.981221901152555e-07, 'hidden_layer_sizes': 61, 'learning_rate_init': 2.2310905607443014e-05, 'tol': 1.2046852412030316e-05, 'validation_fraction': 0.8117896445826539}, {'alpha': 0.46659545670218433, 'batch_size': 219, 'beta_1': 0.9889789783750891, 'beta_2': 0.9999896868093284, 'epsilon': 2.4234724484675948e-08, 'hidden_layer_sizes': 167, 'learning_rate_init': 2.972334644335654e-05, 'tol': 0.0036281404040243792, 'validation_fraction': 0.17260651658522078}, {'alpha': 4.656005689076002, 'batch_size': 135, 'beta_1': 0.870503881627747, 'beta_2': 0.9948873266941017, 'epsilon': 2.1023308743480125e-07, 'hidden_layer_sizes': 118, 'learning_rate_init': 0.0018781738757161913, 'tol': 1.1889379831773004e-05, 'validation_fraction': 0.6264327093752792}, {'alpha': 0.04705159350400542, 'batch_size': 158, 'beta_1': 0.9870884262730957, 'beta_2': 0.9999596874382349, 'epsilon': 1.1981845126013875e-08, 'hidden_layer_sizes': 116, 'learning_rate_init': 0.00617340520407431, 'tol': 1.741413418158619e-05, 'validation_fraction': 0.6754299026638921}], [-0.41666666666666663, -0.275, -0.3416666666666667, -0.725, -0.875])
/home/ryedida/.local/lib/python3.9/site-packages/bayesmark/signatures.py:85: RuntimeWarning: Signature diverged on MLP-adam_iris_acc betwen [-0.52290909 -0.27918182 -0.34166667 -0.725      -0.91715152] and [-0.41666667 -0.275      -0.26133333 -0.68915152 -0.875     ]
  warnings.warn(

Signature errors:
                          0         1         2         3         4       max
MLP-adam_iris_acc  0.106242  0.004182  0.080333  0.035848  0.042152  0.106242
max                0.106242  0.004182  0.080333  0.035848  0.042152  0.106242
starting sklearn study turbo MLP-adam iris acc 15 1
with data root: None
suggestion time taken 0.002170 iter 0 next_points [{'alpha': 0.008569871820484111, 'batch_size': 202, 'beta_1': 0.9786349758474413, 'beta_2': 0.9995581640434666, 'epsilon': 2.5324523465381914e-08, 'hidden_layer_sizes': 74, 'learning_rate_init': 2.4077178172072507e-05, 'tol': 0.0522430863178646, 'validation_fraction': 0.5447726629993446}]
/home/ryedida/.local/lib/python3.9/site-packages/sklearn/neural_network/_multilayer_perceptron.py:605: UserWarning: Got `batch_size` less than 1 or larger than sample size. It is going to be clipped
  warnings.warn(

function_evaluation time 0.041167 value -0.266667 suggestion {'alpha': 0.008569871820484111, 'batch_size': 202, 'beta_1': 0.9786349758474413, 'beta_2': 0.9995581640434666, 'epsilon': 2.5324523465381914e-08, 'hidden_layer_sizes': 74, 'learning_rate_init': 2.4077178172072507e-05, 'tol': 0.0522430863178646, 'validation_fraction': 0.5447726629993446}
observation time 0.001458, current best -0.266667 at iter 0
suggestion time taken 0.001792 iter 1 next_points [{'alpha': 4.983117572803309, 'batch_size': 42, 'beta_1': 0.9686562311975392, 'beta_2': 0.9999886203508216, 'epsilon': 1.0939097068997632e-07, 'hidden_layer_sizes': 95, 'learning_rate_init': 3.861106997026174e-05, 'tol': 0.005321219578580058, 'validation_fraction': 0.4718330221311361}]
function_evaluation time 0.052067 value -0.325000 suggestion {'alpha': 4.983117572803309, 'batch_size': 42, 'beta_1': 0.9686562311975392, 'beta_2': 0.9999886203508216, 'epsilon': 1.0939097068997632e-07, 'hidden_layer_sizes': 95, 'learning_rate_init': 3.861106997026174e-05, 'tol': 0.005321219578580058, 'validation_fraction': 0.4718330221311361}
observation time 0.001385, current best -0.325000 at iter 1
suggestion time taken 0.001937 iter 2 next_points [{'alpha': 0.00045232195531605065, 'batch_size': 108, 'beta_1': 0.984438627944483, 'beta_2': 0.9980266627460491, 'epsilon': 9.754769777526593e-07, 'hidden_layer_sizes': 145, 'learning_rate_init': 0.016313857438976533, 'tol': 0.023712199841165724, 'validation_fraction': 0.2706574126586752}]
/home/ryedida/.local/lib/python3.9/site-packages/sklearn/neural_network/_multilayer_perceptron.py:605: UserWarning: Got `batch_size` less than 1 or larger than sample size. It is going to be clipped
  warnings.warn(

function_evaluation time 0.070045 value -0.850000 suggestion {'alpha': 0.00045232195531605065, 'batch_size': 108, 'beta_1': 0.984438627944483, 'beta_2': 0.9980266627460491, 'epsilon': 9.754769777526593e-07, 'hidden_layer_sizes': 145, 'learning_rate_init': 0.016313857438976533, 'tol': 0.023712199841165724, 'validation_fraction': 0.2706574126586752}
observation time 0.001425, current best -0.850000 at iter 2
suggestion time taken 0.001745 iter 3 next_points [{'alpha': 0.015711786968185624, 'batch_size': 193, 'beta_1': 0.5447445255371965, 'beta_2': 0.9999441220496357, 'epsilon': 1.350865358974038e-07, 'hidden_layer_sizes': 119, 'learning_rate_init': 1.5733581417751397e-05, 'tol': 0.0017145819462327978, 'validation_fraction': 0.7009358893823191}]
/home/ryedida/.local/lib/python3.9/site-packages/sklearn/neural_network/_multilayer_perceptron.py:605: UserWarning: Got `batch_size` less than 1 or larger than sample size. It is going to be clipped
  warnings.warn(

function_evaluation time 0.041732 value -0.241667 suggestion {'alpha': 0.015711786968185624, 'batch_size': 193, 'beta_1': 0.5447445255371965, 'beta_2': 0.9999441220496357, 'epsilon': 1.350865358974038e-07, 'hidden_layer_sizes': 119, 'learning_rate_init': 1.5733581417751397e-05, 'tol': 0.0017145819462327978, 'validation_fraction': 0.7009358893823191}
observation time 0.001406, current best -0.850000 at iter 3
suggestion time taken 0.001738 iter 4 next_points [{'alpha': 2.3342875157625267, 'batch_size': 215, 'beta_1': 0.681948986306851, 'beta_2': 0.9845361190282491, 'epsilon': 1.8400222069999225e-07, 'hidden_layer_sizes': 130, 'learning_rate_init': 6.32278393179808e-05, 'tol': 4.0678104890296866e-05, 'validation_fraction': 0.3978250799457547}]
/home/ryedida/.local/lib/python3.9/site-packages/sklearn/neural_network/_multilayer_perceptron.py:605: UserWarning: Got `batch_size` less than 1 or larger than sample size. It is going to be clipped
  warnings.warn(

function_evaluation time 0.044321 value -0.333333 suggestion {'alpha': 2.3342875157625267, 'batch_size': 215, 'beta_1': 0.681948986306851, 'beta_2': 0.9845361190282491, 'epsilon': 1.8400222069999225e-07, 'hidden_layer_sizes': 130, 'learning_rate_init': 6.32278393179808e-05, 'tol': 4.0678104890296866e-05, 'validation_fraction': 0.3978250799457547}
observation time 0.001645, current best -0.850000 at iter 4
suggestion time taken 0.001744 iter 5 next_points [{'alpha': 0.0018824268903204569, 'batch_size': 79, 'beta_1': 0.8681576382489293, 'beta_2': 0.9998905817078155, 'epsilon': 1.0179129554175145e-09, 'hidden_layer_sizes': 168, 'learning_rate_init': 0.0968259633829964, 'tol': 0.000701663636759323, 'validation_fraction': 0.21465608682802084}]
function_evaluation time 0.096234 value -0.941667 suggestion {'alpha': 0.0018824268903204569, 'batch_size': 79, 'beta_1': 0.8681576382489293, 'beta_2': 0.9998905817078155, 'epsilon': 1.0179129554175145e-09, 'hidden_layer_sizes': 168, 'learning_rate_init': 0.0968259633829964, 'tol': 0.000701663636759323, 'validation_fraction': 0.21465608682802084}
observation time 0.001370, current best -0.941667 at iter 5
suggestion time taken 0.001753 iter 6 next_points [{'alpha': 0.4950862804532345, 'batch_size': 19, 'beta_1': 0.981832362961878, 'beta_2': 0.9999691109128395, 'epsilon': 2.612942199146193e-07, 'hidden_layer_sizes': 71, 'learning_rate_init': 0.006249466640063072, 'tol': 8.578233306640613e-05, 'validation_fraction': 0.6442010616695414}]
function_evaluation time 0.099387 value -0.891667 suggestion {'alpha': 0.4950862804532345, 'batch_size': 19, 'beta_1': 0.981832362961878, 'beta_2': 0.9999691109128395, 'epsilon': 2.612942199146193e-07, 'hidden_layer_sizes': 71, 'learning_rate_init': 0.006249466640063072, 'tol': 8.578233306640613e-05, 'validation_fraction': 0.6442010616695414}
observation time 0.001417, current best -0.941667 at iter 6
suggestion time taken 0.001723 iter 7 next_points [{'alpha': 2.8924509480870646, 'batch_size': 73, 'beta_1': 0.9422866525025992, 'beta_2': 0.9998212253524532, 'epsilon': 1.138391012362161e-08, 'hidden_layer_sizes': 200, 'learning_rate_init': 0.0001466313239483715, 'tol': 0.08005198538816202, 'validation_fraction': 0.8506694710354886}]
/home/ryedida/.local/lib/python3.9/site-packages/sklearn/neural_network/_multilayer_perceptron.py:605: UserWarning: Got `batch_size` less than 1 or larger than sample size. It is going to be clipped
  warnings.warn(

function_evaluation time 0.042933 value -0.266667 suggestion {'alpha': 2.8924509480870646, 'batch_size': 73, 'beta_1': 0.9422866525025992, 'beta_2': 0.9998212253524532, 'epsilon': 1.138391012362161e-08, 'hidden_layer_sizes': 200, 'learning_rate_init': 0.0001466313239483715, 'tol': 0.08005198538816202, 'validation_fraction': 0.8506694710354886}
observation time 0.001460, current best -0.941667 at iter 7
suggestion time taken 0.001963 iter 8 next_points [{'alpha': 2.415958218791708e-05, 'batch_size': 247, 'beta_1': 0.8884586414737567, 'beta_2': 0.9999987590191638, 'epsilon': 4.5756460019580395e-09, 'hidden_layer_sizes': 189, 'learning_rate_init': 0.00010625750355042932, 'tol': 0.0003834783246803519, 'validation_fraction': 0.8094873155650006}]
/home/ryedida/.local/lib/python3.9/site-packages/sklearn/neural_network/_multilayer_perceptron.py:605: UserWarning: Got `batch_size` less than 1 or larger than sample size. It is going to be clipped
  warnings.warn(

function_evaluation time 0.043398 value -0.275000 suggestion {'alpha': 2.415958218791708e-05, 'batch_size': 247, 'beta_1': 0.8884586414737567, 'beta_2': 0.9999987590191638, 'epsilon': 4.5756460019580395e-09, 'hidden_layer_sizes': 189, 'learning_rate_init': 0.00010625750355042932, 'tol': 0.0003834783246803519, 'validation_fraction': 0.8094873155650006}
observation time 0.001392, current best -0.941667 at iter 8
suggestion time taken 0.001752 iter 9 next_points [{'alpha': 1.4731555302458215e-05, 'batch_size': 170, 'beta_1': 0.9109090479325427, 'beta_2': 0.9934585235699347, 'epsilon': 2.7062271180680245e-08, 'hidden_layer_sizes': 52, 'learning_rate_init': 0.0002495303271663897, 'tol': 0.00017184398872567005, 'validation_fraction': 0.2515456580915744}]
/home/ryedida/.local/lib/python3.9/site-packages/sklearn/neural_network/_multilayer_perceptron.py:605: UserWarning: Got `batch_size` less than 1 or larger than sample size. It is going to be clipped
  warnings.warn(

function_evaluation time 0.073923 value -0.483333 suggestion {'alpha': 1.4731555302458215e-05, 'batch_size': 170, 'beta_1': 0.9109090479325427, 'beta_2': 0.9934585235699347, 'epsilon': 2.7062271180680245e-08, 'hidden_layer_sizes': 52, 'learning_rate_init': 0.0002495303271663897, 'tol': 0.00017184398872567005, 'validation_fraction': 0.2515456580915744}
observation time 0.001390, current best -0.941667 at iter 9
suggestion time taken 0.001944 iter 10 next_points [{'alpha': 0.0002586784062755039, 'batch_size': 95, 'beta_1': 0.7905753364353185, 'beta_2': 0.9999846984636572, 'epsilon': 2.269312036506344e-09, 'hidden_layer_sizes': 60, 'learning_rate_init': 0.0008598703030600727, 'tol': 0.007744252554112525, 'validation_fraction': 0.7501115411782455}]
/home/ryedida/.local/lib/python3.9/site-packages/sklearn/neural_network/_multilayer_perceptron.py:605: UserWarning: Got `batch_size` less than 1 or larger than sample size. It is going to be clipped
  warnings.warn(

function_evaluation time 0.063912 value -0.625000 suggestion {'alpha': 0.0002586784062755039, 'batch_size': 95, 'beta_1': 0.7905753364353185, 'beta_2': 0.9999846984636572, 'epsilon': 2.269312036506344e-09, 'hidden_layer_sizes': 60, 'learning_rate_init': 0.0008598703030600727, 'tol': 0.007744252554112525, 'validation_fraction': 0.7501115411782455}
observation time 0.001472, current best -0.941667 at iter 10
suggestion time taken 0.001732 iter 11 next_points [{'alpha': 0.001228005057366285, 'batch_size': 24, 'beta_1': 0.5638644234329198, 'beta_2': 0.9988792345738727, 'epsilon': 5.452674838511229e-07, 'hidden_layer_sizes': 101, 'learning_rate_init': 0.0006251843827252586, 'tol': 0.0012723764158995387, 'validation_fraction': 0.8460569910509209}]
/home/ryedida/.local/lib/python3.9/site-packages/sklearn/neural_network/_multilayer_perceptron.py:605: UserWarning: Got `batch_size` less than 1 or larger than sample size. It is going to be clipped
  warnings.warn(

function_evaluation time 0.043020 value -0.550000 suggestion {'alpha': 0.001228005057366285, 'batch_size': 24, 'beta_1': 0.5638644234329198, 'beta_2': 0.9988792345738727, 'epsilon': 5.452674838511229e-07, 'hidden_layer_sizes': 101, 'learning_rate_init': 0.0006251843827252586, 'tol': 0.0012723764158995387, 'validation_fraction': 0.8460569910509209}
observation time 0.001339, current best -0.941667 at iter 11
suggestion time taken 0.002024 iter 12 next_points [{'alpha': 0.05416500706292695, 'batch_size': 131, 'beta_1': 0.9874862186068604, 'beta_2': 0.9999970018749902, 'epsilon': 4.147730629631724e-09, 'hidden_layer_sizes': 150, 'learning_rate_init': 0.026020202369080776, 'tol': 0.020304618930100656, 'validation_fraction': 0.15127605958802973}]
/home/ryedida/.local/lib/python3.9/site-packages/sklearn/neural_network/_multilayer_perceptron.py:605: UserWarning: Got `batch_size` less than 1 or larger than sample size. It is going to be clipped
  warnings.warn(

function_evaluation time 0.073911 value -0.925000 suggestion {'alpha': 0.05416500706292695, 'batch_size': 131, 'beta_1': 0.9874862186068604, 'beta_2': 0.9999970018749902, 'epsilon': 4.147730629631724e-09, 'hidden_layer_sizes': 150, 'learning_rate_init': 0.026020202369080776, 'tol': 0.020304618930100656, 'validation_fraction': 0.15127605958802973}
observation time 0.001332, current best -0.941667 at iter 12
suggestion time taken 0.001740 iter 13 next_points [{'alpha': 0.005810452329595509, 'batch_size': 142, 'beta_1': 0.9581287890180064, 'beta_2': 0.9286486478626494, 'epsilon': 1.921206798509404e-09, 'hidden_layer_sizes': 108, 'learning_rate_init': 0.00030628198702268314, 'tol': 0.00029501160502765344, 'validation_fraction': 0.8991787793685271}]
/home/ryedida/.local/lib/python3.9/site-packages/sklearn/neural_network/_multilayer_perceptron.py:605: UserWarning: Got `batch_size` less than 1 or larger than sample size. It is going to be clipped
  warnings.warn(

function_evaluation time 0.047744 value -0.375000 suggestion {'alpha': 0.005810452329595509, 'batch_size': 142, 'beta_1': 0.9581287890180064, 'beta_2': 0.9286486478626494, 'epsilon': 1.921206798509404e-09, 'hidden_layer_sizes': 108, 'learning_rate_init': 0.00030628198702268314, 'tol': 0.00029501160502765344, 'validation_fraction': 0.8991787793685271}
observation time 0.001391, current best -0.941667 at iter 13
suggestion time taken 0.001673 iter 14 next_points [{'alpha': 0.12399297519570551, 'batch_size': 229, 'beta_1': 0.9263758519296473, 'beta_2': 0.9999963311902379, 'epsilon': 5.2061333886421504e-08, 'hidden_layer_sizes': 181, 'learning_rate_init': 0.03934240663426853, 'tol': 1.445664888381027e-05, 'validation_fraction': 0.3123526062038667}]
/home/ryedida/.local/lib/python3.9/site-packages/sklearn/neural_network/_multilayer_perceptron.py:605: UserWarning: Got `batch_size` less than 1 or larger than sample size. It is going to be clipped
  warnings.warn(

function_evaluation time 0.087928 value -0.966667 suggestion {'alpha': 0.12399297519570551, 'batch_size': 229, 'beta_1': 0.9263758519296473, 'beta_2': 0.9999963311902379, 'epsilon': 5.2061333886421504e-08, 'hidden_layer_sizes': 181, 'learning_rate_init': 0.03934240663426853, 'tol': 1.445664888381027e-05, 'validation_fraction': 0.3123526062038667}
observation time 0.001374, current best -0.966667 at iter 14
saving meta data: {'args': {'--uuid': '5a2477acc8ef5deb9a878921161ceee3', '-db-root': '/home/ryedida/bbo_challenge_starter_kit/output', '--opt-root': '/home/ryedida/bbo_challenge_starter_kit/example_submissions', '--data-root': None, '--db': 'run_20230424_161204', '--opt': 'turbo', '--data': 'iris', '--classifier': 'MLP-adam', '--metric': 'acc', '--calls': 15, '--suggestions': 1, '--jobs-file': None, '--verbose': False, 'dry_run': False, 'rev': 'a376313', 'opt_rev': '0.0.1'}, 'signature': ([{'alpha': 0.019628224813442792, 'batch_size': 182, 'beta_1': 0.9410202200271762, 'beta_2': 0.9998021557676793, 'epsilon': 1.8662266976518e-08, 'hidden_layer_sizes': 147, 'learning_rate_init': 0.0005627932047415167, 'tol': 0.03690557729213761, 'validation_fraction': 0.8846827852548593}, {'alpha': 0.0019982467392329444, 'batch_size': 200, 'beta_1': 0.919111482530466, 'beta_2': 0.9998488260436156, 'epsilon': 5.981221901152555e-07, 'hidden_layer_sizes': 61, 'learning_rate_init': 2.2310905607443014e-05, 'tol': 1.2046852412030316e-05, 'validation_fraction': 0.8117896445826539}, {'alpha': 0.46659545670218433, 'batch_size': 219, 'beta_1': 0.9889789783750891, 'beta_2': 0.9999896868093284, 'epsilon': 2.4234724484675948e-08, 'hidden_layer_sizes': 167, 'learning_rate_init': 2.972334644335654e-05, 'tol': 0.0036281404040243792, 'validation_fraction': 0.17260651658522078}, {'alpha': 4.656005689076002, 'batch_size': 135, 'beta_1': 0.870503881627747, 'beta_2': 0.9948873266941017, 'epsilon': 2.1023308743480125e-07, 'hidden_layer_sizes': 118, 'learning_rate_init': 0.0018781738757161913, 'tol': 1.1889379831773004e-05, 'validation_fraction': 0.6264327093752792}, {'alpha': 0.04705159350400542, 'batch_size': 158, 'beta_1': 0.9870884262730957, 'beta_2': 0.9999596874382349, 'epsilon': 1.1981845126013875e-08, 'hidden_layer_sizes': 116, 'learning_rate_init': 0.00617340520407431, 'tol': 1.741413418158619e-05, 'validation_fraction': 0.6754299026638921}], [-0.41666666666666663, -0.275, -0.3416666666666667, -0.725, -0.875])}
saving results
saving timing
saving suggest log
done
