running: {'--uuid': '6002cc9801705a1b8354dcf898dce154', '-db-root': '/home/ryedida/bbo_challenge_starter_kit/output', '--opt-root': '/home/ryedida/bbo_challenge_starter_kit/example_submissions', '--data-root': None, '--db': 'run_20230424_161204', '--opt': 'opentuner', '--data': 'iris', '--classifier': 'MLP-adam', '--metric': 'acc', '--calls': 15, '--suggestions': 1, '--jobs-file': None, '--verbose': False, 'dry_run': False, 'rev': 'a376313', 'opt_rev': '0.8.8'}
cmd: python opentuner/optimizer.py -c MLP-adam -d iris -o opentuner -u 6002cc9801705a1b8354dcf898dce154 -m acc -n 15 -p 1 -dir /home/ryedida/bbo_challenge_starter_kit/output -b run_20230424_161204
/home/ryedida/.local/lib/python3.9/site-packages/sklearn/neural_network/_multilayer_perceptron.py:605: UserWarning: Got `batch_size` less than 1 or larger than sample size. It is going to be clipped
  warnings.warn(

/home/ryedida/.local/lib/python3.9/site-packages/sklearn/neural_network/_multilayer_perceptron.py:605: UserWarning: Got `batch_size` less than 1 or larger than sample size. It is going to be clipped
  warnings.warn(

/home/ryedida/.local/lib/python3.9/site-packages/sklearn/neural_network/_multilayer_perceptron.py:605: UserWarning: Got `batch_size` less than 1 or larger than sample size. It is going to be clipped
  warnings.warn(

/home/ryedida/.local/lib/python3.9/site-packages/sklearn/neural_network/_multilayer_perceptron.py:605: UserWarning: Got `batch_size` less than 1 or larger than sample size. It is going to be clipped
  warnings.warn(

/home/ryedida/.local/lib/python3.9/site-packages/sklearn/neural_network/_multilayer_perceptron.py:605: UserWarning: Got `batch_size` less than 1 or larger than sample size. It is going to be clipped
  warnings.warn(

computed signature: ([{'alpha': 0.019628224813442792, 'batch_size': 182, 'beta_1': 0.9410202200271762, 'beta_2': 0.9998021557676793, 'epsilon': 1.8662266976518e-08, 'hidden_layer_sizes': 147, 'learning_rate_init': 0.0005627932047415167, 'tol': 0.03690557729213761, 'validation_fraction': 0.8846827852548593}, {'alpha': 0.0019982467392329444, 'batch_size': 200, 'beta_1': 0.919111482530466, 'beta_2': 0.9998488260436156, 'epsilon': 5.981221901152555e-07, 'hidden_layer_sizes': 61, 'learning_rate_init': 2.2310905607443014e-05, 'tol': 1.2046852412030316e-05, 'validation_fraction': 0.8117896445826539}, {'alpha': 0.46659545670218433, 'batch_size': 219, 'beta_1': 0.9889789783750891, 'beta_2': 0.9999896868093284, 'epsilon': 2.4234724484675948e-08, 'hidden_layer_sizes': 167, 'learning_rate_init': 2.972334644335654e-05, 'tol': 0.0036281404040243792, 'validation_fraction': 0.17260651658522078}, {'alpha': 4.656005689076002, 'batch_size': 135, 'beta_1': 0.870503881627747, 'beta_2': 0.9948873266941017, 'epsilon': 2.1023308743480125e-07, 'hidden_layer_sizes': 118, 'learning_rate_init': 0.0018781738757161913, 'tol': 1.1889379831773004e-05, 'validation_fraction': 0.6264327093752792}, {'alpha': 0.04705159350400542, 'batch_size': 158, 'beta_1': 0.9870884262730957, 'beta_2': 0.9999596874382349, 'epsilon': 1.1981845126013875e-08, 'hidden_layer_sizes': 116, 'learning_rate_init': 0.00617340520407431, 'tol': 1.741413418158619e-05, 'validation_fraction': 0.6754299026638921}], [-0.41666666666666663, -0.275, -0.3416666666666667, -0.725, -0.875])
/home/ryedida/.local/lib/python3.9/site-packages/bayesmark/signatures.py:85: RuntimeWarning: Signature diverged on MLP-adam_iris_acc betwen [-0.52290909 -0.27918182 -0.34166667 -0.725      -0.91715152] and [-0.41666667 -0.275      -0.26133333 -0.68915152 -0.875     ]
  warnings.warn(

Signature errors:
                          0         1         2         3         4       max
MLP-adam_iris_acc  0.106242  0.004182  0.080333  0.035848  0.042152  0.106242
max                0.106242  0.004182  0.080333  0.035848  0.042152  0.106242
starting sklearn study opentuner MLP-adam iris acc 15 1
with data root: None
suggestion time taken 0.018595 iter 0 next_points [{'hidden_layer_sizes': 186, 'alpha': 2.706793820780613, 'batch_size': 38, 'learning_rate_init': 0.08475311222608821, 'tol': 0.07855248951830267, 'validation_fraction': 0.16926199876709724, 'beta_1': 0.7889414714909262, 'beta_2': 0.9315961128524362, 'epsilon': 6.458836973316218e-07}]
function_evaluation time 0.093089 value -0.858333 suggestion {'hidden_layer_sizes': 186, 'alpha': 2.706793820780613, 'batch_size': 38, 'learning_rate_init': 0.08475311222608821, 'tol': 0.07855248951830267, 'validation_fraction': 0.16926199876709724, 'beta_1': 0.7889414714909262, 'beta_2': 0.9315961128524362, 'epsilon': 6.458836973316218e-07}
observation time 0.004381, current best -0.858333 at iter 0
suggestion time taken 0.021791 iter 1 next_points [{'tol': 0.08877019447364314, 'hidden_layer_sizes': 133, 'epsilon': 4.7408090000974803e-07, 'alpha': 4.204458497254238, 'learning_rate_init': 0.014998445982580644, 'batch_size': 167, 'beta_2': 0.9828498168597948, 'beta_1': 0.7841428657240334, 'validation_fraction': 0.10135387327168939}]
/home/ryedida/.local/lib/python3.9/site-packages/sklearn/neural_network/_multilayer_perceptron.py:605: UserWarning: Got `batch_size` less than 1 or larger than sample size. It is going to be clipped
  warnings.warn(

function_evaluation time 0.068256 value -0.891667 suggestion {'tol': 0.08877019447364314, 'hidden_layer_sizes': 133, 'epsilon': 4.7408090000974803e-07, 'alpha': 4.204458497254238, 'learning_rate_init': 0.014998445982580644, 'batch_size': 167, 'beta_2': 0.9828498168597948, 'beta_1': 0.7841428657240334, 'validation_fraction': 0.10135387327168939}
observation time 0.001943, current best -0.891667 at iter 1
suggestion time taken 0.047006 iter 2 next_points [{'tol': 0.020126887423530238, 'hidden_layer_sizes': 158, 'epsilon': 4.478228866905122e-07, 'alpha': 0.799995333030702, 'learning_rate_init': 0.01661350094664542, 'batch_size': 108, 'beta_2': 0.926466956374621, 'beta_1': 0.8549532097695582, 'validation_fraction': 0.45764504968907604}]
/home/ryedida/.local/lib/python3.9/site-packages/sklearn/neural_network/_multilayer_perceptron.py:605: UserWarning: Got `batch_size` less than 1 or larger than sample size. It is going to be clipped
  warnings.warn(

function_evaluation time 0.078948 value -0.950000 suggestion {'tol': 0.020126887423530238, 'hidden_layer_sizes': 158, 'epsilon': 4.478228866905122e-07, 'alpha': 0.799995333030702, 'learning_rate_init': 0.01661350094664542, 'batch_size': 108, 'beta_2': 0.926466956374621, 'beta_1': 0.8549532097695582, 'validation_fraction': 0.45764504968907604}
observation time 0.001923, current best -0.950000 at iter 2
suggestion time taken 0.006926 iter 3 next_points [{'tol': 0.020126887423530238, 'hidden_layer_sizes': 168, 'epsilon': 4.478228866905122e-07, 'alpha': 0.799995333030702, 'learning_rate_init': 0.01661350094664542, 'batch_size': 108, 'beta_2': 0.926466956374621, 'beta_1': 0.8549532097695582, 'validation_fraction': 0.45764504968907604}]
/home/ryedida/.local/lib/python3.9/site-packages/sklearn/neural_network/_multilayer_perceptron.py:605: UserWarning: Got `batch_size` less than 1 or larger than sample size. It is going to be clipped
  warnings.warn(

function_evaluation time 0.080590 value -0.950000 suggestion {'tol': 0.020126887423530238, 'hidden_layer_sizes': 168, 'epsilon': 4.478228866905122e-07, 'alpha': 0.799995333030702, 'learning_rate_init': 0.01661350094664542, 'batch_size': 108, 'beta_2': 0.926466956374621, 'beta_1': 0.8549532097695582, 'validation_fraction': 0.45764504968907604}
observation time 0.002249, current best -0.950000 at iter 3
suggestion time taken 0.006172 iter 4 next_points [{'tol': 0.03511977163699192, 'hidden_layer_sizes': 132, 'epsilon': 5.551773939743421e-07, 'alpha': 2.703186027139154, 'learning_rate_init': 0.0340668181806431, 'batch_size': 177, 'beta_2': 0.9353330926559579, 'beta_1': 0.5140323307805399, 'validation_fraction': 0.47221796327711985}]
/home/ryedida/.local/lib/python3.9/site-packages/sklearn/neural_network/_multilayer_perceptron.py:605: UserWarning: Got `batch_size` less than 1 or larger than sample size. It is going to be clipped
  warnings.warn(

function_evaluation time 0.069963 value -0.975000 suggestion {'tol': 0.03511977163699192, 'hidden_layer_sizes': 132, 'epsilon': 5.551773939743421e-07, 'alpha': 2.703186027139154, 'learning_rate_init': 0.0340668181806431, 'batch_size': 177, 'beta_2': 0.9353330926559579, 'beta_1': 0.5140323307805399, 'validation_fraction': 0.47221796327711985}
observation time 0.001859, current best -0.975000 at iter 4
suggestion time taken 0.005244 iter 5 next_points [{'tol': 0.04444077644403415, 'hidden_layer_sizes': 61, 'epsilon': 8.976653588515782e-07, 'alpha': 2.3522614079595066, 'learning_rate_init': 0.030436359177317063, 'batch_size': 180, 'beta_2': 0.9009190270437666, 'beta_1': 0.9486495707361187, 'validation_fraction': 0.4695953841672811}]
/home/ryedida/.local/lib/python3.9/site-packages/sklearn/neural_network/_multilayer_perceptron.py:605: UserWarning: Got `batch_size` less than 1 or larger than sample size. It is going to be clipped
  warnings.warn(

function_evaluation time 0.069395 value -0.933333 suggestion {'tol': 0.04444077644403415, 'hidden_layer_sizes': 61, 'epsilon': 8.976653588515782e-07, 'alpha': 2.3522614079595066, 'learning_rate_init': 0.030436359177317063, 'batch_size': 180, 'beta_2': 0.9009190270437666, 'beta_1': 0.9486495707361187, 'validation_fraction': 0.4695953841672811}
observation time 0.001873, current best -0.975000 at iter 5
suggestion time taken 0.007263 iter 6 next_points [{'tol': 0.03511977163699192, 'hidden_layer_sizes': 162, 'epsilon': 6.941710148094794e-07, 'alpha': 3.183584460061614, 'learning_rate_init': 0.0340668181806431, 'batch_size': 148, 'beta_2': 0.9281487101670712, 'beta_1': 0.5140323307805399, 'validation_fraction': 0.3498145242469861}]
/home/ryedida/.local/lib/python3.9/site-packages/sklearn/neural_network/_multilayer_perceptron.py:605: UserWarning: Got `batch_size` less than 1 or larger than sample size. It is going to be clipped
  warnings.warn(

function_evaluation time 0.067393 value -0.966667 suggestion {'tol': 0.03511977163699192, 'hidden_layer_sizes': 162, 'epsilon': 6.941710148094794e-07, 'alpha': 3.183584460061614, 'learning_rate_init': 0.0340668181806431, 'batch_size': 148, 'beta_2': 0.9281487101670712, 'beta_1': 0.5140323307805399, 'validation_fraction': 0.3498145242469861}
observation time 0.002034, current best -0.975000 at iter 6
suggestion time taken 0.006011 iter 7 next_points [{'tol': 0.09498143622336934, 'hidden_layer_sizes': 110, 'epsilon': 3.0670965536824704e-07, 'alpha': 0.993832231905227, 'learning_rate_init': 0.06840929442842773, 'batch_size': 86, 'beta_2': 0.9998365405612933, 'beta_1': 0.8064702356998994, 'validation_fraction': 0.16040056509960224}]
function_evaluation time 0.074403 value -0.950000 suggestion {'tol': 0.09498143622336934, 'hidden_layer_sizes': 110, 'epsilon': 3.0670965536824704e-07, 'alpha': 0.993832231905227, 'learning_rate_init': 0.06840929442842773, 'batch_size': 86, 'beta_2': 0.9998365405612933, 'beta_1': 0.8064702356998994, 'validation_fraction': 0.16040056509960224}
observation time 0.001888, current best -0.975000 at iter 7
suggestion time taken 0.006508 iter 8 next_points [{'tol': 0.09299650996964741, 'hidden_layer_sizes': 152, 'epsilon': 1.0362884320155762e-07, 'alpha': 1.647410342384927, 'learning_rate_init': 0.08630977165711366, 'batch_size': 35, 'beta_2': 0.971300129766143, 'beta_1': 0.9724207977093532, 'validation_fraction': 0.3459311338593737}]
function_evaluation time 0.075270 value -0.883333 suggestion {'tol': 0.09299650996964741, 'hidden_layer_sizes': 152, 'epsilon': 1.0362884320155762e-07, 'alpha': 1.647410342384927, 'learning_rate_init': 0.08630977165711366, 'batch_size': 35, 'beta_2': 0.971300129766143, 'beta_1': 0.9724207977093532, 'validation_fraction': 0.3459311338593737}
observation time 0.002820, current best -0.975000 at iter 8
suggestion time taken 0.005252 iter 9 next_points [{'tol': 0.0701194008980394, 'hidden_layer_sizes': 154, 'epsilon': 8.600325626389727e-07, 'alpha': 4.919114262881841, 'learning_rate_init': 0.061344710922684724, 'batch_size': 61, 'beta_2': 0.9600710265152443, 'beta_1': 0.6612013699327179, 'validation_fraction': 0.6013782008364129}]
/home/ryedida/.local/lib/python3.9/site-packages/sklearn/neural_network/_multilayer_perceptron.py:605: UserWarning: Got `batch_size` less than 1 or larger than sample size. It is going to be clipped
  warnings.warn(

function_evaluation time 0.067276 value -0.925000 suggestion {'tol': 0.0701194008980394, 'hidden_layer_sizes': 154, 'epsilon': 8.600325626389727e-07, 'alpha': 4.919114262881841, 'learning_rate_init': 0.061344710922684724, 'batch_size': 61, 'beta_2': 0.9600710265152443, 'beta_1': 0.6612013699327179, 'validation_fraction': 0.6013782008364129}
observation time 0.001888, current best -0.975000 at iter 9
suggestion time taken 0.007318 iter 10 next_points [{'tol': 0.03511977163699192, 'hidden_layer_sizes': 137, 'epsilon': 6.214848459478995e-07, 'alpha': 2.703186027139154, 'learning_rate_init': 0.02585056839685478, 'batch_size': 177, 'beta_2': 0.9403485352617407, 'beta_1': 0.5218545903639517, 'validation_fraction': 0.625207635844642}]
/home/ryedida/.local/lib/python3.9/site-packages/sklearn/neural_network/_multilayer_perceptron.py:605: UserWarning: Got `batch_size` less than 1 or larger than sample size. It is going to be clipped
  warnings.warn(

function_evaluation time 0.066914 value -0.933333 suggestion {'tol': 0.03511977163699192, 'hidden_layer_sizes': 137, 'epsilon': 6.214848459478995e-07, 'alpha': 2.703186027139154, 'learning_rate_init': 0.02585056839685478, 'batch_size': 177, 'beta_2': 0.9403485352617407, 'beta_1': 0.5218545903639517, 'validation_fraction': 0.625207635844642}
observation time 0.001913, current best -0.975000 at iter 10
suggestion time taken 0.006288 iter 11 next_points [{'tol': 0.0619547426650126, 'hidden_layer_sizes': 184, 'epsilon': 3.1074955733675815e-07, 'alpha': 2.8512144050927892, 'learning_rate_init': 0.006414754474856, 'batch_size': 130, 'beta_2': 0.9250647141533856, 'beta_1': 0.8332404700178735, 'validation_fraction': 0.27521972018061125}]
/home/ryedida/.local/lib/python3.9/site-packages/sklearn/neural_network/_multilayer_perceptron.py:605: UserWarning: Got `batch_size` less than 1 or larger than sample size. It is going to be clipped
  warnings.warn(

function_evaluation time 0.075111 value -0.908333 suggestion {'tol': 0.0619547426650126, 'hidden_layer_sizes': 184, 'epsilon': 3.1074955733675815e-07, 'alpha': 2.8512144050927892, 'learning_rate_init': 0.006414754474856, 'batch_size': 130, 'beta_2': 0.9250647141533856, 'beta_1': 0.8332404700178735, 'validation_fraction': 0.27521972018061125}
observation time 0.001934, current best -0.975000 at iter 11
suggestion time taken 0.006073 iter 12 next_points [{'tol': 0.0247243844089992, 'hidden_layer_sizes': 183, 'epsilon': 1.0081316084761715e-07, 'alpha': 1.1758390347172236, 'learning_rate_init': 0.027535939311271674, 'batch_size': 200, 'beta_2': 0.9078066715388781, 'beta_1': 0.9865286521692851, 'validation_fraction': 0.4865807454909874}]
/home/ryedida/.local/lib/python3.9/site-packages/sklearn/neural_network/_multilayer_perceptron.py:605: UserWarning: Got `batch_size` less than 1 or larger than sample size. It is going to be clipped
  warnings.warn(

function_evaluation time 0.085681 value -0.900000 suggestion {'tol': 0.0247243844089992, 'hidden_layer_sizes': 183, 'epsilon': 1.0081316084761715e-07, 'alpha': 1.1758390347172236, 'learning_rate_init': 0.027535939311271674, 'batch_size': 200, 'beta_2': 0.9078066715388781, 'beta_1': 0.9865286521692851, 'validation_fraction': 0.4865807454909874}
observation time 0.001856, current best -0.975000 at iter 12
suggestion time taken 0.007116 iter 13 next_points [{'tol': 0.03511977163699192, 'hidden_layer_sizes': 132, 'epsilon': 7.058629981909471e-07, 'alpha': 2.703186027139154, 'learning_rate_init': 0.0340668181806431, 'batch_size': 208, 'beta_2': 0.9287405750771773, 'beta_1': 0.5140323307805399, 'validation_fraction': 0.47221796327711985}]
/home/ryedida/.local/lib/python3.9/site-packages/sklearn/neural_network/_multilayer_perceptron.py:605: UserWarning: Got `batch_size` less than 1 or larger than sample size. It is going to be clipped
  warnings.warn(

function_evaluation time 0.069319 value -0.966667 suggestion {'tol': 0.03511977163699192, 'hidden_layer_sizes': 132, 'epsilon': 7.058629981909471e-07, 'alpha': 2.703186027139154, 'learning_rate_init': 0.0340668181806431, 'batch_size': 208, 'beta_2': 0.9287405750771773, 'beta_1': 0.5140323307805399, 'validation_fraction': 0.47221796327711985}
observation time 0.002036, current best -0.975000 at iter 13
suggestion time taken 0.005621 iter 14 next_points [{'tol': 0.06876441684684191, 'hidden_layer_sizes': 173, 'epsilon': 4.806329751144412e-07, 'alpha': 0.1055434835237236, 'learning_rate_init': 0.024660625046116925, 'batch_size': 152, 'beta_2': 0.9382379963524484, 'beta_1': 0.8908206915467636, 'validation_fraction': 0.6271461282645545}]
/home/ryedida/.local/lib/python3.9/site-packages/sklearn/neural_network/_multilayer_perceptron.py:605: UserWarning: Got `batch_size` less than 1 or larger than sample size. It is going to be clipped
  warnings.warn(

function_evaluation time 0.066717 value -0.875000 suggestion {'tol': 0.06876441684684191, 'hidden_layer_sizes': 173, 'epsilon': 4.806329751144412e-07, 'alpha': 0.1055434835237236, 'learning_rate_init': 0.024660625046116925, 'batch_size': 152, 'beta_2': 0.9382379963524484, 'beta_1': 0.8908206915467636, 'validation_fraction': 0.6271461282645545}
observation time 0.001894, current best -0.975000 at iter 14
saving meta data: {'args': {'--uuid': '6002cc9801705a1b8354dcf898dce154', '-db-root': '/home/ryedida/bbo_challenge_starter_kit/output', '--opt-root': '/home/ryedida/bbo_challenge_starter_kit/example_submissions', '--data-root': None, '--db': 'run_20230424_161204', '--opt': 'opentuner', '--data': 'iris', '--classifier': 'MLP-adam', '--metric': 'acc', '--calls': 15, '--suggestions': 1, '--jobs-file': None, '--verbose': False, 'dry_run': False, 'rev': 'a376313', 'opt_rev': '0.8.8'}, 'signature': ([{'alpha': 0.019628224813442792, 'batch_size': 182, 'beta_1': 0.9410202200271762, 'beta_2': 0.9998021557676793, 'epsilon': 1.8662266976518e-08, 'hidden_layer_sizes': 147, 'learning_rate_init': 0.0005627932047415167, 'tol': 0.03690557729213761, 'validation_fraction': 0.8846827852548593}, {'alpha': 0.0019982467392329444, 'batch_size': 200, 'beta_1': 0.919111482530466, 'beta_2': 0.9998488260436156, 'epsilon': 5.981221901152555e-07, 'hidden_layer_sizes': 61, 'learning_rate_init': 2.2310905607443014e-05, 'tol': 1.2046852412030316e-05, 'validation_fraction': 0.8117896445826539}, {'alpha': 0.46659545670218433, 'batch_size': 219, 'beta_1': 0.9889789783750891, 'beta_2': 0.9999896868093284, 'epsilon': 2.4234724484675948e-08, 'hidden_layer_sizes': 167, 'learning_rate_init': 2.972334644335654e-05, 'tol': 0.0036281404040243792, 'validation_fraction': 0.17260651658522078}, {'alpha': 4.656005689076002, 'batch_size': 135, 'beta_1': 0.870503881627747, 'beta_2': 0.9948873266941017, 'epsilon': 2.1023308743480125e-07, 'hidden_layer_sizes': 118, 'learning_rate_init': 0.0018781738757161913, 'tol': 1.1889379831773004e-05, 'validation_fraction': 0.6264327093752792}, {'alpha': 0.04705159350400542, 'batch_size': 158, 'beta_1': 0.9870884262730957, 'beta_2': 0.9999596874382349, 'epsilon': 1.1981845126013875e-08, 'hidden_layer_sizes': 116, 'learning_rate_init': 0.00617340520407431, 'tol': 1.741413418158619e-05, 'validation_fraction': 0.6754299026638921}], [-0.41666666666666663, -0.275, -0.3416666666666667, -0.725, -0.875])}
saving results
saving timing
saving suggest log
done
