running: {'--uuid': '68ff6489cc315c669c68f7dc7a246aff', '-db-root': '/home/ryedida/bbo_challenge_starter_kit/output', '--opt-root': '/home/ryedida/bbo_challenge_starter_kit/example_submissions', '--data-root': None, '--db': 'run_20230424_161204', '--opt': 'random-search', '--data': 'iris', '--classifier': 'MLP-adam', '--metric': 'acc', '--calls': 15, '--suggestions': 1, '--jobs-file': None, '--verbose': False, 'dry_run': False, 'rev': 'a376313', 'opt_rev': '0.0.8'}
cmd: python random-search/optimizer.py -c MLP-adam -d iris -o random-search -u 68ff6489cc315c669c68f7dc7a246aff -m acc -n 15 -p 1 -dir /home/ryedida/bbo_challenge_starter_kit/output -b run_20230424_161204
/home/ryedida/.local/lib/python3.9/site-packages/sklearn/neural_network/_multilayer_perceptron.py:605: UserWarning: Got `batch_size` less than 1 or larger than sample size. It is going to be clipped
  warnings.warn(

/home/ryedida/.local/lib/python3.9/site-packages/sklearn/neural_network/_multilayer_perceptron.py:605: UserWarning: Got `batch_size` less than 1 or larger than sample size. It is going to be clipped
  warnings.warn(

/home/ryedida/.local/lib/python3.9/site-packages/sklearn/neural_network/_multilayer_perceptron.py:605: UserWarning: Got `batch_size` less than 1 or larger than sample size. It is going to be clipped
  warnings.warn(

/home/ryedida/.local/lib/python3.9/site-packages/sklearn/neural_network/_multilayer_perceptron.py:605: UserWarning: Got `batch_size` less than 1 or larger than sample size. It is going to be clipped
  warnings.warn(

/home/ryedida/.local/lib/python3.9/site-packages/sklearn/neural_network/_multilayer_perceptron.py:605: UserWarning: Got `batch_size` less than 1 or larger than sample size. It is going to be clipped
  warnings.warn(

computed signature: ([{'alpha': 0.019628224813442792, 'batch_size': 182, 'beta_1': 0.9410202200271762, 'beta_2': 0.9998021557676793, 'epsilon': 1.8662266976518e-08, 'hidden_layer_sizes': 147, 'learning_rate_init': 0.0005627932047415167, 'tol': 0.03690557729213761, 'validation_fraction': 0.8846827852548593}, {'alpha': 0.0019982467392329444, 'batch_size': 200, 'beta_1': 0.919111482530466, 'beta_2': 0.9998488260436156, 'epsilon': 5.981221901152555e-07, 'hidden_layer_sizes': 61, 'learning_rate_init': 2.2310905607443014e-05, 'tol': 1.2046852412030316e-05, 'validation_fraction': 0.8117896445826539}, {'alpha': 0.46659545670218433, 'batch_size': 219, 'beta_1': 0.9889789783750891, 'beta_2': 0.9999896868093284, 'epsilon': 2.4234724484675948e-08, 'hidden_layer_sizes': 167, 'learning_rate_init': 2.972334644335654e-05, 'tol': 0.0036281404040243792, 'validation_fraction': 0.17260651658522078}, {'alpha': 4.656005689076002, 'batch_size': 135, 'beta_1': 0.870503881627747, 'beta_2': 0.9948873266941017, 'epsilon': 2.1023308743480125e-07, 'hidden_layer_sizes': 118, 'learning_rate_init': 0.0018781738757161913, 'tol': 1.1889379831773004e-05, 'validation_fraction': 0.6264327093752792}, {'alpha': 0.04705159350400542, 'batch_size': 158, 'beta_1': 0.9870884262730957, 'beta_2': 0.9999596874382349, 'epsilon': 1.1981845126013875e-08, 'hidden_layer_sizes': 116, 'learning_rate_init': 0.00617340520407431, 'tol': 1.741413418158619e-05, 'validation_fraction': 0.6754299026638921}], [-0.41666666666666663, -0.275, -0.3416666666666667, -0.725, -0.875])
/home/ryedida/.local/lib/python3.9/site-packages/bayesmark/signatures.py:85: RuntimeWarning: Signature diverged on MLP-adam_iris_acc betwen [-0.52290909 -0.27918182 -0.34166667 -0.725      -0.91715152] and [-0.41666667 -0.275      -0.26133333 -0.68915152 -0.875     ]
  warnings.warn(

Signature errors:
                          0         1         2         3         4       max
MLP-adam_iris_acc  0.106242  0.004182  0.080333  0.035848  0.042152  0.106242
max                0.106242  0.004182  0.080333  0.035848  0.042152  0.106242
starting sklearn study random-search MLP-adam iris acc 15 1
with data root: None
suggestion time taken 0.002647 iter 0 next_points [{'alpha': 0.281011723678863, 'batch_size': 168, 'beta_1': 0.7617490166861405, 'beta_2': 0.9999950877837178, 'epsilon': 1.9922482767757184e-09, 'hidden_layer_sizes': 53, 'learning_rate_init': 0.02015445636415874, 'tol': 7.713153436207685e-05, 'validation_fraction': 0.11412933056154281}]
/home/ryedida/.local/lib/python3.9/site-packages/sklearn/neural_network/_multilayer_perceptron.py:605: UserWarning: Got `batch_size` less than 1 or larger than sample size. It is going to be clipped
  warnings.warn(

function_evaluation time 0.067038 value -0.891667 suggestion {'alpha': 0.281011723678863, 'batch_size': 168, 'beta_1': 0.7617490166861405, 'beta_2': 0.9999950877837178, 'epsilon': 1.9922482767757184e-09, 'hidden_layer_sizes': 53, 'learning_rate_init': 0.02015445636415874, 'tol': 7.713153436207685e-05, 'validation_fraction': 0.11412933056154281}
observation time 0.000008, current best -0.891667 at iter 0
suggestion time taken 0.002581 iter 1 next_points [{'alpha': 4.361258610176696e-05, 'batch_size': 105, 'beta_1': 0.8006227022393734, 'beta_2': 0.9000999195471701, 'epsilon': 4.554557549900072e-09, 'hidden_layer_sizes': 60, 'learning_rate_init': 0.007482453567902584, 'tol': 0.0022653671174044303, 'validation_fraction': 0.5879773843913582}]
/home/ryedida/.local/lib/python3.9/site-packages/sklearn/neural_network/_multilayer_perceptron.py:605: UserWarning: Got `batch_size` less than 1 or larger than sample size. It is going to be clipped
  warnings.warn(

function_evaluation time 0.104791 value -0.950000 suggestion {'alpha': 4.361258610176696e-05, 'batch_size': 105, 'beta_1': 0.8006227022393734, 'beta_2': 0.9000999195471701, 'epsilon': 4.554557549900072e-09, 'hidden_layer_sizes': 60, 'learning_rate_init': 0.007482453567902584, 'tol': 0.0022653671174044303, 'validation_fraction': 0.5879773843913582}
observation time 0.000005, current best -0.950000 at iter 1
suggestion time taken 0.002519 iter 2 next_points [{'alpha': 0.0005003552717767137, 'batch_size': 22, 'beta_1': 0.8419065019592055, 'beta_2': 0.9999954241764138, 'epsilon': 1.380898240937992e-09, 'hidden_layer_sizes': 126, 'learning_rate_init': 0.04052291082601154, 'tol': 1.3719587040541466e-05, 'validation_fraction': 0.5281828437335787}]
function_evaluation time 0.121059 value -0.875000 suggestion {'alpha': 0.0005003552717767137, 'batch_size': 22, 'beta_1': 0.8419065019592055, 'beta_2': 0.9999954241764138, 'epsilon': 1.380898240937992e-09, 'hidden_layer_sizes': 126, 'learning_rate_init': 0.04052291082601154, 'tol': 1.3719587040541466e-05, 'validation_fraction': 0.5281828437335787}
observation time 0.000005, current best -0.950000 at iter 2
suggestion time taken 0.002493 iter 3 next_points [{'alpha': 0.022970734408065813, 'batch_size': 164, 'beta_1': 0.948331475174411, 'beta_2': 0.998493400147183, 'epsilon': 7.405873478335843e-07, 'hidden_layer_sizes': 61, 'learning_rate_init': 0.0003423978358600363, 'tol': 4.543550002512127e-05, 'validation_fraction': 0.5407643172858542}]
/home/ryedida/.local/lib/python3.9/site-packages/sklearn/neural_network/_multilayer_perceptron.py:605: UserWarning: Got `batch_size` less than 1 or larger than sample size. It is going to be clipped
  warnings.warn(

function_evaluation time 0.043836 value -0.325000 suggestion {'alpha': 0.022970734408065813, 'batch_size': 164, 'beta_1': 0.948331475174411, 'beta_2': 0.998493400147183, 'epsilon': 7.405873478335843e-07, 'hidden_layer_sizes': 61, 'learning_rate_init': 0.0003423978358600363, 'tol': 4.543550002512127e-05, 'validation_fraction': 0.5407643172858542}
observation time 0.000005, current best -0.950000 at iter 3
suggestion time taken 0.002566 iter 4 next_points [{'alpha': 0.04810951577376472, 'batch_size': 199, 'beta_1': 0.8747855918715303, 'beta_2': 0.9999948944350561, 'epsilon': 2.559775916801915e-09, 'hidden_layer_sizes': 133, 'learning_rate_init': 0.011180020844620624, 'tol': 1.6201558884427208e-05, 'validation_fraction': 0.8414286994687034}]
/home/ryedida/.local/lib/python3.9/site-packages/sklearn/neural_network/_multilayer_perceptron.py:605: UserWarning: Got `batch_size` less than 1 or larger than sample size. It is going to be clipped
  warnings.warn(

function_evaluation time 0.069209 value -0.933333 suggestion {'alpha': 0.04810951577376472, 'batch_size': 199, 'beta_1': 0.8747855918715303, 'beta_2': 0.9999948944350561, 'epsilon': 2.559775916801915e-09, 'hidden_layer_sizes': 133, 'learning_rate_init': 0.011180020844620624, 'tol': 1.6201558884427208e-05, 'validation_fraction': 0.8414286994687034}
observation time 0.000005, current best -0.950000 at iter 4
suggestion time taken 0.002464 iter 5 next_points [{'alpha': 0.002423133802321546, 'batch_size': 160, 'beta_1': 0.6956859080326463, 'beta_2': 0.9970400034064314, 'epsilon': 7.14384685441477e-07, 'hidden_layer_sizes': 152, 'learning_rate_init': 1.6786426190075295e-05, 'tol': 0.046179943484674434, 'validation_fraction': 0.8929889610682932}]
/home/ryedida/.local/lib/python3.9/site-packages/sklearn/neural_network/_multilayer_perceptron.py:605: UserWarning: Got `batch_size` less than 1 or larger than sample size. It is going to be clipped
  warnings.warn(

function_evaluation time 0.043235 value -0.391667 suggestion {'alpha': 0.002423133802321546, 'batch_size': 160, 'beta_1': 0.6956859080326463, 'beta_2': 0.9970400034064314, 'epsilon': 7.14384685441477e-07, 'hidden_layer_sizes': 152, 'learning_rate_init': 1.6786426190075295e-05, 'tol': 0.046179943484674434, 'validation_fraction': 0.8929889610682932}
observation time 0.000005, current best -0.950000 at iter 5
suggestion time taken 0.002501 iter 6 next_points [{'alpha': 3.476404923422796, 'batch_size': 96, 'beta_1': 0.8691681072879106, 'beta_2': 0.9994193277388044, 'epsilon': 3.657168931117537e-07, 'hidden_layer_sizes': 131, 'learning_rate_init': 0.0001059062722139697, 'tol': 0.09141817269107316, 'validation_fraction': 0.1788801859318854}]
function_evaluation time 0.045963 value -0.291667 suggestion {'alpha': 3.476404923422796, 'batch_size': 96, 'beta_1': 0.8691681072879106, 'beta_2': 0.9994193277388044, 'epsilon': 3.657168931117537e-07, 'hidden_layer_sizes': 131, 'learning_rate_init': 0.0001059062722139697, 'tol': 0.09141817269107316, 'validation_fraction': 0.1788801859318854}
observation time 0.000005, current best -0.950000 at iter 6
suggestion time taken 0.002505 iter 7 next_points [{'alpha': 0.15171057634580218, 'batch_size': 202, 'beta_1': 0.7500051071845051, 'beta_2': 0.99988174854404, 'epsilon': 2.061533479739461e-08, 'hidden_layer_sizes': 131, 'learning_rate_init': 1.793999671222584e-05, 'tol': 0.04005960944246826, 'validation_fraction': 0.14993116117728936}]
/home/ryedida/.local/lib/python3.9/site-packages/sklearn/neural_network/_multilayer_perceptron.py:605: UserWarning: Got `batch_size` less than 1 or larger than sample size. It is going to be clipped
  warnings.warn(

function_evaluation time 0.043815 value -0.341667 suggestion {'alpha': 0.15171057634580218, 'batch_size': 202, 'beta_1': 0.7500051071845051, 'beta_2': 0.99988174854404, 'epsilon': 2.061533479739461e-08, 'hidden_layer_sizes': 131, 'learning_rate_init': 1.793999671222584e-05, 'tol': 0.04005960944246826, 'validation_fraction': 0.14993116117728936}
observation time 0.000011, current best -0.950000 at iter 7
suggestion time taken 0.002551 iter 8 next_points [{'alpha': 0.6189772761599197, 'batch_size': 240, 'beta_1': 0.9890331082484655, 'beta_2': 0.9999951758486716, 'epsilon': 6.732545506660678e-09, 'hidden_layer_sizes': 64, 'learning_rate_init': 0.06942790627538002, 'tol': 0.020354662647931877, 'validation_fraction': 0.15964570225655483}]
/home/ryedida/.local/lib/python3.9/site-packages/sklearn/neural_network/_multilayer_perceptron.py:605: UserWarning: Got `batch_size` less than 1 or larger than sample size. It is going to be clipped
  warnings.warn(

function_evaluation time 0.081021 value -0.925000 suggestion {'alpha': 0.6189772761599197, 'batch_size': 240, 'beta_1': 0.9890331082484655, 'beta_2': 0.9999951758486716, 'epsilon': 6.732545506660678e-09, 'hidden_layer_sizes': 64, 'learning_rate_init': 0.06942790627538002, 'tol': 0.020354662647931877, 'validation_fraction': 0.15964570225655483}
observation time 0.000005, current best -0.950000 at iter 8
suggestion time taken 0.002479 iter 9 next_points [{'alpha': 0.23574910361731297, 'batch_size': 40, 'beta_1': 0.9193495724844291, 'beta_2': 0.9836597900074555, 'epsilon': 5.995704302976666e-07, 'hidden_layer_sizes': 95, 'learning_rate_init': 0.0011187645880341504, 'tol': 1.9426679890101494e-05, 'validation_fraction': 0.2730976650583415}]
function_evaluation time 0.116444 value -0.741667 suggestion {'alpha': 0.23574910361731297, 'batch_size': 40, 'beta_1': 0.9193495724844291, 'beta_2': 0.9836597900074555, 'epsilon': 5.995704302976666e-07, 'hidden_layer_sizes': 95, 'learning_rate_init': 0.0011187645880341504, 'tol': 1.9426679890101494e-05, 'validation_fraction': 0.2730976650583415}
observation time 0.000005, current best -0.950000 at iter 9
suggestion time taken 0.002813 iter 10 next_points [{'alpha': 0.6046318098273332, 'batch_size': 217, 'beta_1': 0.6424733680546664, 'beta_2': 0.999987576141203, 'epsilon': 1.1765494712985444e-08, 'hidden_layer_sizes': 84, 'learning_rate_init': 0.0031019822925653934, 'tol': 5.695833285519586e-05, 'validation_fraction': 0.7206346868854392}]
/home/ryedida/.local/lib/python3.9/site-packages/sklearn/neural_network/_multilayer_perceptron.py:605: UserWarning: Got `batch_size` less than 1 or larger than sample size. It is going to be clipped
  warnings.warn(

function_evaluation time 0.105274 value -0.833333 suggestion {'alpha': 0.6046318098273332, 'batch_size': 217, 'beta_1': 0.6424733680546664, 'beta_2': 0.999987576141203, 'epsilon': 1.1765494712985444e-08, 'hidden_layer_sizes': 84, 'learning_rate_init': 0.0031019822925653934, 'tol': 5.695833285519586e-05, 'validation_fraction': 0.7206346868854392}
observation time 0.000005, current best -0.950000 at iter 10
suggestion time taken 0.002781 iter 11 next_points [{'alpha': 0.00027791260966876665, 'batch_size': 200, 'beta_1': 0.9542455768213861, 'beta_2': 0.9983451662804176, 'epsilon': 1.1252939590305594e-09, 'hidden_layer_sizes': 127, 'learning_rate_init': 3.482415692106467e-05, 'tol': 0.004702606434526246, 'validation_fraction': 0.1700358086953212}]
/home/ryedida/.local/lib/python3.9/site-packages/sklearn/neural_network/_multilayer_perceptron.py:605: UserWarning: Got `batch_size` less than 1 or larger than sample size. It is going to be clipped
  warnings.warn(

function_evaluation time 0.051372 value -0.383333 suggestion {'alpha': 0.00027791260966876665, 'batch_size': 200, 'beta_1': 0.9542455768213861, 'beta_2': 0.9983451662804176, 'epsilon': 1.1252939590305594e-09, 'hidden_layer_sizes': 127, 'learning_rate_init': 3.482415692106467e-05, 'tol': 0.004702606434526246, 'validation_fraction': 0.1700358086953212}
observation time 0.000005, current best -0.950000 at iter 11
suggestion time taken 0.002484 iter 12 next_points [{'alpha': 0.410101303595962, 'batch_size': 84, 'beta_1': 0.9046474745684201, 'beta_2': 0.9383329471564981, 'epsilon': 3.5879581943945328e-09, 'hidden_layer_sizes': 113, 'learning_rate_init': 0.002201986904273193, 'tol': 0.0016162380581868309, 'validation_fraction': 0.6980879885808368}]
/home/ryedida/.local/lib/python3.9/site-packages/sklearn/neural_network/_multilayer_perceptron.py:605: UserWarning: Got `batch_size` less than 1 or larger than sample size. It is going to be clipped
  warnings.warn(

function_evaluation time 0.061803 value -0.750000 suggestion {'alpha': 0.410101303595962, 'batch_size': 84, 'beta_1': 0.9046474745684201, 'beta_2': 0.9383329471564981, 'epsilon': 3.5879581943945328e-09, 'hidden_layer_sizes': 113, 'learning_rate_init': 0.002201986904273193, 'tol': 0.0016162380581868309, 'validation_fraction': 0.6980879885808368}
observation time 0.000005, current best -0.950000 at iter 12
suggestion time taken 0.002501 iter 13 next_points [{'alpha': 2.5425413895580533e-05, 'batch_size': 161, 'beta_1': 0.8171781292013935, 'beta_2': 0.9997416961228434, 'epsilon': 1.3723352527525295e-08, 'hidden_layer_sizes': 109, 'learning_rate_init': 0.014793275820674844, 'tol': 0.009656817335018554, 'validation_fraction': 0.4265973794218563}]
/home/ryedida/.local/lib/python3.9/site-packages/sklearn/neural_network/_multilayer_perceptron.py:605: UserWarning: Got `batch_size` less than 1 or larger than sample size. It is going to be clipped
  warnings.warn(

function_evaluation time 0.079823 value -0.941667 suggestion {'alpha': 2.5425413895580533e-05, 'batch_size': 161, 'beta_1': 0.8171781292013935, 'beta_2': 0.9997416961228434, 'epsilon': 1.3723352527525295e-08, 'hidden_layer_sizes': 109, 'learning_rate_init': 0.014793275820674844, 'tol': 0.009656817335018554, 'validation_fraction': 0.4265973794218563}
observation time 0.000005, current best -0.950000 at iter 13
suggestion time taken 0.002416 iter 14 next_points [{'alpha': 0.004608844156662685, 'batch_size': 102, 'beta_1': 0.8660612254465744, 'beta_2': 0.9993736108421667, 'epsilon': 5.623077993813402e-08, 'hidden_layer_sizes': 67, 'learning_rate_init': 0.0029754219857772903, 'tol': 5.1328115001789776e-05, 'validation_fraction': 0.1641046827727816}]
/home/ryedida/.local/lib/python3.9/site-packages/sklearn/neural_network/_multilayer_perceptron.py:605: UserWarning: Got `batch_size` less than 1 or larger than sample size. It is going to be clipped
  warnings.warn(

function_evaluation time 0.072089 value -0.733333 suggestion {'alpha': 0.004608844156662685, 'batch_size': 102, 'beta_1': 0.8660612254465744, 'beta_2': 0.9993736108421667, 'epsilon': 5.623077993813402e-08, 'hidden_layer_sizes': 67, 'learning_rate_init': 0.0029754219857772903, 'tol': 5.1328115001789776e-05, 'validation_fraction': 0.1641046827727816}
observation time 0.000005, current best -0.950000 at iter 14
saving meta data: {'args': {'--uuid': '68ff6489cc315c669c68f7dc7a246aff', '-db-root': '/home/ryedida/bbo_challenge_starter_kit/output', '--opt-root': '/home/ryedida/bbo_challenge_starter_kit/example_submissions', '--data-root': None, '--db': 'run_20230424_161204', '--opt': 'random-search', '--data': 'iris', '--classifier': 'MLP-adam', '--metric': 'acc', '--calls': 15, '--suggestions': 1, '--jobs-file': None, '--verbose': False, 'dry_run': False, 'rev': 'a376313', 'opt_rev': '0.0.8'}, 'signature': ([{'alpha': 0.019628224813442792, 'batch_size': 182, 'beta_1': 0.9410202200271762, 'beta_2': 0.9998021557676793, 'epsilon': 1.8662266976518e-08, 'hidden_layer_sizes': 147, 'learning_rate_init': 0.0005627932047415167, 'tol': 0.03690557729213761, 'validation_fraction': 0.8846827852548593}, {'alpha': 0.0019982467392329444, 'batch_size': 200, 'beta_1': 0.919111482530466, 'beta_2': 0.9998488260436156, 'epsilon': 5.981221901152555e-07, 'hidden_layer_sizes': 61, 'learning_rate_init': 2.2310905607443014e-05, 'tol': 1.2046852412030316e-05, 'validation_fraction': 0.8117896445826539}, {'alpha': 0.46659545670218433, 'batch_size': 219, 'beta_1': 0.9889789783750891, 'beta_2': 0.9999896868093284, 'epsilon': 2.4234724484675948e-08, 'hidden_layer_sizes': 167, 'learning_rate_init': 2.972334644335654e-05, 'tol': 0.0036281404040243792, 'validation_fraction': 0.17260651658522078}, {'alpha': 4.656005689076002, 'batch_size': 135, 'beta_1': 0.870503881627747, 'beta_2': 0.9948873266941017, 'epsilon': 2.1023308743480125e-07, 'hidden_layer_sizes': 118, 'learning_rate_init': 0.0018781738757161913, 'tol': 1.1889379831773004e-05, 'validation_fraction': 0.6264327093752792}, {'alpha': 0.04705159350400542, 'batch_size': 158, 'beta_1': 0.9870884262730957, 'beta_2': 0.9999596874382349, 'epsilon': 1.1981845126013875e-08, 'hidden_layer_sizes': 116, 'learning_rate_init': 0.00617340520407431, 'tol': 1.741413418158619e-05, 'validation_fraction': 0.6754299026638921}], [-0.41666666666666663, -0.275, -0.3416666666666667, -0.725, -0.875])}
saving results
saving timing
saving suggest log
done
