running: {'--uuid': '70f66c75228054fabd7d655c170cd9c2', '-db-root': '/home/ryedida/bbo_challenge_starter_kit/output', '--opt-root': '/home/ryedida/bbo_challenge_starter_kit/example_submissions', '--data-root': None, '--db': 'run_20230424_161204', '--opt': 'hyperopt', '--data': 'iris', '--classifier': 'MLP-adam', '--metric': 'nll', '--calls': 15, '--suggestions': 1, '--jobs-file': None, '--verbose': False, 'dry_run': False, 'rev': 'a376313', 'opt_rev': '0.2.7'}
cmd: python hyperopt/optimizer.py -c MLP-adam -d iris -o hyperopt -u 70f66c75228054fabd7d655c170cd9c2 -m nll -n 15 -p 1 -dir /home/ryedida/bbo_challenge_starter_kit/output -b run_20230424_161204
/home/ryedida/.local/lib/python3.9/site-packages/sklearn/neural_network/_multilayer_perceptron.py:605: UserWarning: Got `batch_size` less than 1 or larger than sample size. It is going to be clipped
  warnings.warn(

/home/ryedida/.local/lib/python3.9/site-packages/sklearn/neural_network/_multilayer_perceptron.py:605: UserWarning: Got `batch_size` less than 1 or larger than sample size. It is going to be clipped
  warnings.warn(

/home/ryedida/.local/lib/python3.9/site-packages/sklearn/neural_network/_multilayer_perceptron.py:605: UserWarning: Got `batch_size` less than 1 or larger than sample size. It is going to be clipped
  warnings.warn(

/home/ryedida/.local/lib/python3.9/site-packages/sklearn/neural_network/_multilayer_perceptron.py:605: UserWarning: Got `batch_size` less than 1 or larger than sample size. It is going to be clipped
  warnings.warn(

/home/ryedida/.local/lib/python3.9/site-packages/sklearn/neural_network/_multilayer_perceptron.py:605: UserWarning: Got `batch_size` less than 1 or larger than sample size. It is going to be clipped
  warnings.warn(

computed signature: ([{'alpha': 0.019628224813442792, 'batch_size': 182, 'beta_1': 0.9410202200271762, 'beta_2': 0.9998021557676793, 'epsilon': 1.8662266976518e-08, 'hidden_layer_sizes': 147, 'learning_rate_init': 0.0005627932047415167, 'tol': 0.03690557729213761, 'validation_fraction': 0.8846827852548593}, {'alpha': 0.0019982467392329444, 'batch_size': 200, 'beta_1': 0.919111482530466, 'beta_2': 0.9998488260436156, 'epsilon': 5.981221901152555e-07, 'hidden_layer_sizes': 61, 'learning_rate_init': 2.2310905607443014e-05, 'tol': 1.2046852412030316e-05, 'validation_fraction': 0.8117896445826539}, {'alpha': 0.46659545670218433, 'batch_size': 219, 'beta_1': 0.9889789783750891, 'beta_2': 0.9999896868093284, 'epsilon': 2.4234724484675948e-08, 'hidden_layer_sizes': 167, 'learning_rate_init': 2.972334644335654e-05, 'tol': 0.0036281404040243792, 'validation_fraction': 0.17260651658522078}, {'alpha': 4.656005689076002, 'batch_size': 135, 'beta_1': 0.870503881627747, 'beta_2': 0.9948873266941017, 'epsilon': 2.1023308743480125e-07, 'hidden_layer_sizes': 118, 'learning_rate_init': 0.0018781738757161913, 'tol': 1.1889379831773004e-05, 'validation_fraction': 0.6264327093752792}, {'alpha': 0.04705159350400542, 'batch_size': 158, 'beta_1': 0.9870884262730957, 'beta_2': 0.9999596874382349, 'epsilon': 1.1981845126013875e-08, 'hidden_layer_sizes': 116, 'learning_rate_init': 0.00617340520407431, 'tol': 1.741413418158619e-05, 'validation_fraction': 0.6754299026638921}], [1.3105719841770722, 1.7760947732249062, 1.4322107566090756, 0.9097804858215804, 0.5745987066718419])
/home/ryedida/.local/lib/python3.9/site-packages/bayesmark/signatures.py:85: RuntimeWarning: Signature diverged on MLP-adam_iris_nll betwen [1.31057198 1.56976556 1.25224472 0.90978049 0.39813052] and [1.32439241 1.77609477 1.43221076 0.9966468  0.57459871]
  warnings.warn(

Signature errors:
                         0         1         2         3         4       max
MLP-adam_iris_nll  0.01382  0.206329  0.179966  0.086866  0.176468  0.206329
max                0.01382  0.206329  0.179966  0.086866  0.176468  0.206329
starting sklearn study hyperopt MLP-adam iris nll 15 1
with data root: None
suggestion time taken 0.002564 iter 0 next_points [{'alpha': 4.16477401664153e-05, 'batch_size': 18, 'beta_1': 0.603201220275171, 'beta_2': 0.9490601629584803, 'epsilon': 2.5739636321667446e-08, 'hidden_layer_sizes': 125, 'learning_rate_init': 0.07081799786850135, 'tol': 0.002374749075273459, 'validation_fraction': 0.12404839777570212}]
function_evaluation time 0.121162 value 0.259532 suggestion {'alpha': 4.16477401664153e-05, 'batch_size': 18, 'beta_1': 0.603201220275171, 'beta_2': 0.9490601629584803, 'epsilon': 2.5739636321667446e-08, 'hidden_layer_sizes': 125, 'learning_rate_init': 0.07081799786850135, 'tol': 0.002374749075273459, 'validation_fraction': 0.12404839777570212}
observation time 0.000067, current best 0.259532 at iter 0
suggestion time taken 0.002373 iter 1 next_points [{'alpha': 2.2420136843259293, 'batch_size': 173, 'beta_1': 0.5005627056063371, 'beta_2': 0.9201718639646196, 'epsilon': 8.274299824872488e-08, 'hidden_layer_sizes': 64, 'learning_rate_init': 0.0004113761070740067, 'tol': 0.006199218381700946, 'validation_fraction': 0.5774319417531081}]
/home/ryedida/.local/lib/python3.9/site-packages/sklearn/neural_network/_multilayer_perceptron.py:605: UserWarning: Got `batch_size` less than 1 or larger than sample size. It is going to be clipped
  warnings.warn(

function_evaluation time 0.052793 value 1.242873 suggestion {'alpha': 2.2420136843259293, 'batch_size': 173, 'beta_1': 0.5005627056063371, 'beta_2': 0.9201718639646196, 'epsilon': 8.274299824872488e-08, 'hidden_layer_sizes': 64, 'learning_rate_init': 0.0004113761070740067, 'tol': 0.006199218381700946, 'validation_fraction': 0.5774319417531081}
observation time 0.000067, current best 0.259532 at iter 1
suggestion time taken 0.002121 iter 2 next_points [{'alpha': 9.984336366742305e-05, 'batch_size': 86, 'beta_1': 0.8992924308049474, 'beta_2': 0.9544147021089927, 'epsilon': 1.2816057266056803e-08, 'hidden_layer_sizes': 117, 'learning_rate_init': 1.4868161357899053e-05, 'tol': 0.0017750661869456238, 'validation_fraction': 0.6035497782324816}]
/home/ryedida/.local/lib/python3.9/site-packages/sklearn/neural_network/_multilayer_perceptron.py:605: UserWarning: Got `batch_size` less than 1 or larger than sample size. It is going to be clipped
  warnings.warn(

function_evaluation time 0.043964 value 1.373407 suggestion {'alpha': 9.984336366742305e-05, 'batch_size': 86, 'beta_1': 0.8992924308049474, 'beta_2': 0.9544147021089927, 'epsilon': 1.2816057266056803e-08, 'hidden_layer_sizes': 117, 'learning_rate_init': 1.4868161357899053e-05, 'tol': 0.0017750661869456238, 'validation_fraction': 0.6035497782324816}
observation time 0.000068, current best 0.259532 at iter 2
suggestion time taken 0.002351 iter 3 next_points [{'alpha': 3.6583537048632465e-05, 'batch_size': 141, 'beta_1': 0.662501536516093, 'beta_2': 0.989706133770075, 'epsilon': 8.539240528346368e-08, 'hidden_layer_sizes': 172, 'learning_rate_init': 0.04068058775086933, 'tol': 0.0003332179911554497, 'validation_fraction': 0.12708133481764786}]
/home/ryedida/.local/lib/python3.9/site-packages/sklearn/neural_network/_multilayer_perceptron.py:605: UserWarning: Got `batch_size` less than 1 or larger than sample size. It is going to be clipped
  warnings.warn(

function_evaluation time 0.083870 value 0.348291 suggestion {'alpha': 3.6583537048632465e-05, 'batch_size': 141, 'beta_1': 0.662501536516093, 'beta_2': 0.989706133770075, 'epsilon': 8.539240528346368e-08, 'hidden_layer_sizes': 172, 'learning_rate_init': 0.04068058775086933, 'tol': 0.0003332179911554497, 'validation_fraction': 0.12708133481764786}
observation time 0.000071, current best 0.259532 at iter 3
suggestion time taken 0.002090 iter 4 next_points [{'alpha': 0.001461304762301676, 'batch_size': 93, 'beta_1': 0.6387717407719319, 'beta_2': 0.9938585419125705, 'epsilon': 9.851520405265053e-07, 'hidden_layer_sizes': 137, 'learning_rate_init': 0.00013675286645385172, 'tol': 0.08258475830082852, 'validation_fraction': 0.19553418686138288}]
function_evaluation time 0.047849 value 1.333667 suggestion {'alpha': 0.001461304762301676, 'batch_size': 93, 'beta_1': 0.6387717407719319, 'beta_2': 0.9938585419125705, 'epsilon': 9.851520405265053e-07, 'hidden_layer_sizes': 137, 'learning_rate_init': 0.00013675286645385172, 'tol': 0.08258475830082852, 'validation_fraction': 0.19553418686138288}
observation time 0.000071, current best 0.259532 at iter 4
suggestion time taken 0.002120 iter 5 next_points [{'alpha': 0.10366151345603074, 'batch_size': 59, 'beta_1': 0.84318508304996, 'beta_2': 0.9320581034039195, 'epsilon': 4.4578399123953884e-07, 'hidden_layer_sizes': 112, 'learning_rate_init': 0.0026953333505357175, 'tol': 6.005317663142568e-05, 'validation_fraction': 0.20559462596712008}]
function_evaluation time 0.103101 value 0.644811 suggestion {'alpha': 0.10366151345603074, 'batch_size': 59, 'beta_1': 0.84318508304996, 'beta_2': 0.9320581034039195, 'epsilon': 4.4578399123953884e-07, 'hidden_layer_sizes': 112, 'learning_rate_init': 0.0026953333505357175, 'tol': 6.005317663142568e-05, 'validation_fraction': 0.20559462596712008}
observation time 0.000069, current best 0.259532 at iter 5
suggestion time taken 0.002137 iter 6 next_points [{'alpha': 6.876892983978087e-05, 'batch_size': 207, 'beta_1': 0.6149104444223058, 'beta_2': 0.9491231345363341, 'epsilon': 1.971411641147884e-07, 'hidden_layer_sizes': 93, 'learning_rate_init': 0.00018282379416849137, 'tol': 0.003066700574206078, 'validation_fraction': 0.1968964328064754}]
/home/ryedida/.local/lib/python3.9/site-packages/sklearn/neural_network/_multilayer_perceptron.py:605: UserWarning: Got `batch_size` less than 1 or larger than sample size. It is going to be clipped
  warnings.warn(

function_evaluation time 0.044986 value 1.222517 suggestion {'alpha': 6.876892983978087e-05, 'batch_size': 207, 'beta_1': 0.6149104444223058, 'beta_2': 0.9491231345363341, 'epsilon': 1.971411641147884e-07, 'hidden_layer_sizes': 93, 'learning_rate_init': 0.00018282379416849137, 'tol': 0.003066700574206078, 'validation_fraction': 0.1968964328064754}
observation time 0.000073, current best 0.259532 at iter 6
suggestion time taken 0.002371 iter 7 next_points [{'alpha': 2.0824990027894152, 'batch_size': 105, 'beta_1': 0.7989217998686674, 'beta_2': 0.9002404119328533, 'epsilon': 3.996184090988854e-08, 'hidden_layer_sizes': 50, 'learning_rate_init': 0.034822753324591886, 'tol': 3.0754720566966504e-05, 'validation_fraction': 0.3684632935572494}]
/home/ryedida/.local/lib/python3.9/site-packages/sklearn/neural_network/_multilayer_perceptron.py:605: UserWarning: Got `batch_size` less than 1 or larger than sample size. It is going to be clipped
  warnings.warn(

function_evaluation time 0.076569 value 0.398391 suggestion {'alpha': 2.0824990027894152, 'batch_size': 105, 'beta_1': 0.7989217998686674, 'beta_2': 0.9002404119328533, 'epsilon': 3.996184090988854e-08, 'hidden_layer_sizes': 50, 'learning_rate_init': 0.034822753324591886, 'tol': 3.0754720566966504e-05, 'validation_fraction': 0.3684632935572494}
observation time 0.000072, current best 0.259532 at iter 7
suggestion time taken 0.002093 iter 8 next_points [{'alpha': 0.002739247663032723, 'batch_size': 238, 'beta_1': 0.7102501703441482, 'beta_2': 0.97077678990671, 'epsilon': 1.247042074606281e-09, 'hidden_layer_sizes': 86, 'learning_rate_init': 4.784061974674249e-05, 'tol': 0.00873235352063893, 'validation_fraction': 0.10605352817677292}]
/home/ryedida/.local/lib/python3.9/site-packages/sklearn/neural_network/_multilayer_perceptron.py:605: UserWarning: Got `batch_size` less than 1 or larger than sample size. It is going to be clipped
  warnings.warn(

function_evaluation time 0.043555 value 1.342210 suggestion {'alpha': 0.002739247663032723, 'batch_size': 238, 'beta_1': 0.7102501703441482, 'beta_2': 0.97077678990671, 'epsilon': 1.247042074606281e-09, 'hidden_layer_sizes': 86, 'learning_rate_init': 4.784061974674249e-05, 'tol': 0.00873235352063893, 'validation_fraction': 0.10605352817677292}
observation time 0.000068, current best 0.259532 at iter 8
suggestion time taken 0.002131 iter 9 next_points [{'alpha': 0.016525855836590733, 'batch_size': 30, 'beta_1': 0.5226861562633358, 'beta_2': 0.9267566255022238, 'epsilon': 4.2215736899526906e-07, 'hidden_layer_sizes': 53, 'learning_rate_init': 0.06732793267100902, 'tol': 1.9905145438073382e-05, 'validation_fraction': 0.2690272083889598}]
function_evaluation time 0.091805 value 0.320607 suggestion {'alpha': 0.016525855836590733, 'batch_size': 30, 'beta_1': 0.5226861562633358, 'beta_2': 0.9267566255022238, 'epsilon': 4.2215736899526906e-07, 'hidden_layer_sizes': 53, 'learning_rate_init': 0.06732793267100902, 'tol': 1.9905145438073382e-05, 'validation_fraction': 0.2690272083889598}
observation time 0.000074, current best 0.259532 at iter 9
suggestion time taken 0.002114 iter 10 next_points [{'alpha': 0.7482253832877993, 'batch_size': 36, 'beta_1': 0.5785215950153106, 'beta_2': 0.9666803907001762, 'epsilon': 7.53145281441069e-07, 'hidden_layer_sizes': 84, 'learning_rate_init': 0.009113755085553028, 'tol': 1.1199471566646855e-05, 'validation_fraction': 0.296657316091235}]
function_evaluation time 0.095247 value 0.425406 suggestion {'alpha': 0.7482253832877993, 'batch_size': 36, 'beta_1': 0.5785215950153106, 'beta_2': 0.9666803907001762, 'epsilon': 7.53145281441069e-07, 'hidden_layer_sizes': 84, 'learning_rate_init': 0.009113755085553028, 'tol': 1.1199471566646855e-05, 'validation_fraction': 0.296657316091235}
observation time 0.000074, current best 0.259532 at iter 10
suggestion time taken 0.002109 iter 11 next_points [{'alpha': 0.1151628570506744, 'batch_size': 135, 'beta_1': 0.6605538203142753, 'beta_2': 0.9348829479762989, 'epsilon': 3.5228299261974667e-07, 'hidden_layer_sizes': 129, 'learning_rate_init': 2.026041559448734e-05, 'tol': 5.434261028434741e-05, 'validation_fraction': 0.31576608336142503}]
/home/ryedida/.local/lib/python3.9/site-packages/sklearn/neural_network/_multilayer_perceptron.py:605: UserWarning: Got `batch_size` less than 1 or larger than sample size. It is going to be clipped
  warnings.warn(

function_evaluation time 0.045159 value 1.277730 suggestion {'alpha': 0.1151628570506744, 'batch_size': 135, 'beta_1': 0.6605538203142753, 'beta_2': 0.9348829479762989, 'epsilon': 3.5228299261974667e-07, 'hidden_layer_sizes': 129, 'learning_rate_init': 2.026041559448734e-05, 'tol': 5.434261028434741e-05, 'validation_fraction': 0.31576608336142503}
observation time 0.000073, current best 0.259532 at iter 11
suggestion time taken 0.002135 iter 12 next_points [{'alpha': 0.005216310791922323, 'batch_size': 134, 'beta_1': 0.5513734830800378, 'beta_2': 0.9847148796012313, 'epsilon': 5.46464355154451e-09, 'hidden_layer_sizes': 187, 'learning_rate_init': 0.058684861198548176, 'tol': 3.0043536411512153e-05, 'validation_fraction': 0.4214746800944408}]
/home/ryedida/.local/lib/python3.9/site-packages/sklearn/neural_network/_multilayer_perceptron.py:605: UserWarning: Got `batch_size` less than 1 or larger than sample size. It is going to be clipped
  warnings.warn(

function_evaluation time 0.078397 value 0.358921 suggestion {'alpha': 0.005216310791922323, 'batch_size': 134, 'beta_1': 0.5513734830800378, 'beta_2': 0.9847148796012313, 'epsilon': 5.46464355154451e-09, 'hidden_layer_sizes': 187, 'learning_rate_init': 0.058684861198548176, 'tol': 3.0043536411512153e-05, 'validation_fraction': 0.4214746800944408}
observation time 0.000073, current best 0.259532 at iter 12
suggestion time taken 0.002182 iter 13 next_points [{'alpha': 2.7363288462024526e-05, 'batch_size': 157, 'beta_1': 0.5687372670558387, 'beta_2': 0.9068031683952106, 'epsilon': 1.454713256977166e-08, 'hidden_layer_sizes': 137, 'learning_rate_init': 0.0525598454105423, 'tol': 4.596979940861929e-05, 'validation_fraction': 0.30056056954439897}]
/home/ryedida/.local/lib/python3.9/site-packages/sklearn/neural_network/_multilayer_perceptron.py:605: UserWarning: Got `batch_size` less than 1 or larger than sample size. It is going to be clipped
  warnings.warn(

function_evaluation time 0.084692 value 0.307835 suggestion {'alpha': 2.7363288462024526e-05, 'batch_size': 157, 'beta_1': 0.5687372670558387, 'beta_2': 0.9068031683952106, 'epsilon': 1.454713256977166e-08, 'hidden_layer_sizes': 137, 'learning_rate_init': 0.0525598454105423, 'tol': 4.596979940861929e-05, 'validation_fraction': 0.30056056954439897}
observation time 0.000073, current best 0.259532 at iter 13
suggestion time taken 0.002092 iter 14 next_points [{'alpha': 0.009747467560024363, 'batch_size': 145, 'beta_1': 0.9155723290880093, 'beta_2': 0.9994296025903979, 'epsilon': 2.8772652681767923e-09, 'hidden_layer_sizes': 122, 'learning_rate_init': 0.0008000361589248268, 'tol': 1.71691630087622e-05, 'validation_fraction': 0.3077506198287465}]
/home/ryedida/.local/lib/python3.9/site-packages/sklearn/neural_network/_multilayer_perceptron.py:605: UserWarning: Got `batch_size` less than 1 or larger than sample size. It is going to be clipped
  warnings.warn(

function_evaluation time 0.055661 value 1.293248 suggestion {'alpha': 0.009747467560024363, 'batch_size': 145, 'beta_1': 0.9155723290880093, 'beta_2': 0.9994296025903979, 'epsilon': 2.8772652681767923e-09, 'hidden_layer_sizes': 122, 'learning_rate_init': 0.0008000361589248268, 'tol': 1.71691630087622e-05, 'validation_fraction': 0.3077506198287465}
observation time 0.000073, current best 0.259532 at iter 14
saving meta data: {'args': {'--uuid': '70f66c75228054fabd7d655c170cd9c2', '-db-root': '/home/ryedida/bbo_challenge_starter_kit/output', '--opt-root': '/home/ryedida/bbo_challenge_starter_kit/example_submissions', '--data-root': None, '--db': 'run_20230424_161204', '--opt': 'hyperopt', '--data': 'iris', '--classifier': 'MLP-adam', '--metric': 'nll', '--calls': 15, '--suggestions': 1, '--jobs-file': None, '--verbose': False, 'dry_run': False, 'rev': 'a376313', 'opt_rev': '0.2.7'}, 'signature': ([{'alpha': 0.019628224813442792, 'batch_size': 182, 'beta_1': 0.9410202200271762, 'beta_2': 0.9998021557676793, 'epsilon': 1.8662266976518e-08, 'hidden_layer_sizes': 147, 'learning_rate_init': 0.0005627932047415167, 'tol': 0.03690557729213761, 'validation_fraction': 0.8846827852548593}, {'alpha': 0.0019982467392329444, 'batch_size': 200, 'beta_1': 0.919111482530466, 'beta_2': 0.9998488260436156, 'epsilon': 5.981221901152555e-07, 'hidden_layer_sizes': 61, 'learning_rate_init': 2.2310905607443014e-05, 'tol': 1.2046852412030316e-05, 'validation_fraction': 0.8117896445826539}, {'alpha': 0.46659545670218433, 'batch_size': 219, 'beta_1': 0.9889789783750891, 'beta_2': 0.9999896868093284, 'epsilon': 2.4234724484675948e-08, 'hidden_layer_sizes': 167, 'learning_rate_init': 2.972334644335654e-05, 'tol': 0.0036281404040243792, 'validation_fraction': 0.17260651658522078}, {'alpha': 4.656005689076002, 'batch_size': 135, 'beta_1': 0.870503881627747, 'beta_2': 0.9948873266941017, 'epsilon': 2.1023308743480125e-07, 'hidden_layer_sizes': 118, 'learning_rate_init': 0.0018781738757161913, 'tol': 1.1889379831773004e-05, 'validation_fraction': 0.6264327093752792}, {'alpha': 0.04705159350400542, 'batch_size': 158, 'beta_1': 0.9870884262730957, 'beta_2': 0.9999596874382349, 'epsilon': 1.1981845126013875e-08, 'hidden_layer_sizes': 116, 'learning_rate_init': 0.00617340520407431, 'tol': 1.741413418158619e-05, 'validation_fraction': 0.6754299026638921}], [1.3105719841770722, 1.7760947732249062, 1.4322107566090756, 0.9097804858215804, 0.5745987066718419])}
saving results
saving timing
saving suggest log
done
