running: {'--uuid': '7acc02f4a87d5cb0832c89a2c7df5e0d', '-db-root': '/home/ryedida/bbo_challenge_starter_kit/output', '--opt-root': '/home/ryedida/bbo_challenge_starter_kit/example_submissions', '--data-root': None, '--db': 'run_20230424_161204', '--opt': 'random-search', '--data': 'iris', '--classifier': 'MLP-adam', '--metric': 'acc', '--calls': 15, '--suggestions': 1, '--jobs-file': None, '--verbose': False, 'dry_run': False, 'rev': 'a376313', 'opt_rev': '0.0.8'}
cmd: python random-search/optimizer.py -c MLP-adam -d iris -o random-search -u 7acc02f4a87d5cb0832c89a2c7df5e0d -m acc -n 15 -p 1 -dir /home/ryedida/bbo_challenge_starter_kit/output -b run_20230424_161204
/home/ryedida/.local/lib/python3.9/site-packages/sklearn/neural_network/_multilayer_perceptron.py:605: UserWarning: Got `batch_size` less than 1 or larger than sample size. It is going to be clipped
  warnings.warn(

/home/ryedida/.local/lib/python3.9/site-packages/sklearn/neural_network/_multilayer_perceptron.py:605: UserWarning: Got `batch_size` less than 1 or larger than sample size. It is going to be clipped
  warnings.warn(

/home/ryedida/.local/lib/python3.9/site-packages/sklearn/neural_network/_multilayer_perceptron.py:605: UserWarning: Got `batch_size` less than 1 or larger than sample size. It is going to be clipped
  warnings.warn(

/home/ryedida/.local/lib/python3.9/site-packages/sklearn/neural_network/_multilayer_perceptron.py:605: UserWarning: Got `batch_size` less than 1 or larger than sample size. It is going to be clipped
  warnings.warn(

/home/ryedida/.local/lib/python3.9/site-packages/sklearn/neural_network/_multilayer_perceptron.py:605: UserWarning: Got `batch_size` less than 1 or larger than sample size. It is going to be clipped
  warnings.warn(

computed signature: ([{'alpha': 0.019628224813442792, 'batch_size': 182, 'beta_1': 0.9410202200271762, 'beta_2': 0.9998021557676793, 'epsilon': 1.8662266976518e-08, 'hidden_layer_sizes': 147, 'learning_rate_init': 0.0005627932047415167, 'tol': 0.03690557729213761, 'validation_fraction': 0.8846827852548593}, {'alpha': 0.0019982467392329444, 'batch_size': 200, 'beta_1': 0.919111482530466, 'beta_2': 0.9998488260436156, 'epsilon': 5.981221901152555e-07, 'hidden_layer_sizes': 61, 'learning_rate_init': 2.2310905607443014e-05, 'tol': 1.2046852412030316e-05, 'validation_fraction': 0.8117896445826539}, {'alpha': 0.46659545670218433, 'batch_size': 219, 'beta_1': 0.9889789783750891, 'beta_2': 0.9999896868093284, 'epsilon': 2.4234724484675948e-08, 'hidden_layer_sizes': 167, 'learning_rate_init': 2.972334644335654e-05, 'tol': 0.0036281404040243792, 'validation_fraction': 0.17260651658522078}, {'alpha': 4.656005689076002, 'batch_size': 135, 'beta_1': 0.870503881627747, 'beta_2': 0.9948873266941017, 'epsilon': 2.1023308743480125e-07, 'hidden_layer_sizes': 118, 'learning_rate_init': 0.0018781738757161913, 'tol': 1.1889379831773004e-05, 'validation_fraction': 0.6264327093752792}, {'alpha': 0.04705159350400542, 'batch_size': 158, 'beta_1': 0.9870884262730957, 'beta_2': 0.9999596874382349, 'epsilon': 1.1981845126013875e-08, 'hidden_layer_sizes': 116, 'learning_rate_init': 0.00617340520407431, 'tol': 1.741413418158619e-05, 'validation_fraction': 0.6754299026638921}], [-0.41666666666666663, -0.275, -0.3416666666666667, -0.725, -0.875])
/home/ryedida/.local/lib/python3.9/site-packages/bayesmark/signatures.py:85: RuntimeWarning: Signature diverged on MLP-adam_iris_acc betwen [-0.52290909 -0.27918182 -0.34166667 -0.725      -0.91715152] and [-0.41666667 -0.275      -0.26133333 -0.68915152 -0.875     ]
  warnings.warn(

Signature errors:
                          0         1         2         3         4       max
MLP-adam_iris_acc  0.106242  0.004182  0.080333  0.035848  0.042152  0.106242
max                0.106242  0.004182  0.080333  0.035848  0.042152  0.106242
starting sklearn study random-search MLP-adam iris acc 15 1
with data root: None
suggestion time taken 0.002563 iter 0 next_points [{'alpha': 0.07730241448144706, 'batch_size': 151, 'beta_1': 0.9394909902367142, 'beta_2': 0.9953519431359696, 'epsilon': 3.1212968394471116e-09, 'hidden_layer_sizes': 101, 'learning_rate_init': 0.004283277785138908, 'tol': 0.00017507248610328257, 'validation_fraction': 0.5245853657776786}]
/home/ryedida/.local/lib/python3.9/site-packages/sklearn/neural_network/_multilayer_perceptron.py:605: UserWarning: Got `batch_size` less than 1 or larger than sample size. It is going to be clipped
  warnings.warn(

function_evaluation time 0.089692 value -0.941667 suggestion {'alpha': 0.07730241448144706, 'batch_size': 151, 'beta_1': 0.9394909902367142, 'beta_2': 0.9953519431359696, 'epsilon': 3.1212968394471116e-09, 'hidden_layer_sizes': 101, 'learning_rate_init': 0.004283277785138908, 'tol': 0.00017507248610328257, 'validation_fraction': 0.5245853657776786}
observation time 0.000007, current best -0.941667 at iter 0
suggestion time taken 0.002764 iter 1 next_points [{'alpha': 7.005936946756861, 'batch_size': 99, 'beta_1': 0.9646880793228017, 'beta_2': 0.9999641665655554, 'epsilon': 4.83339732573778e-08, 'hidden_layer_sizes': 125, 'learning_rate_init': 0.00010609202368292803, 'tol': 0.00019522134315142577, 'validation_fraction': 0.8653121735155823}]
/home/ryedida/.local/lib/python3.9/site-packages/sklearn/neural_network/_multilayer_perceptron.py:605: UserWarning: Got `batch_size` less than 1 or larger than sample size. It is going to be clipped
  warnings.warn(

function_evaluation time 0.041076 value -0.308333 suggestion {'alpha': 7.005936946756861, 'batch_size': 99, 'beta_1': 0.9646880793228017, 'beta_2': 0.9999641665655554, 'epsilon': 4.83339732573778e-08, 'hidden_layer_sizes': 125, 'learning_rate_init': 0.00010609202368292803, 'tol': 0.00019522134315142577, 'validation_fraction': 0.8653121735155823}
observation time 0.000005, current best -0.941667 at iter 1
suggestion time taken 0.002456 iter 2 next_points [{'alpha': 4.909321120071101e-05, 'batch_size': 136, 'beta_1': 0.8962162166559621, 'beta_2': 0.9978655318220333, 'epsilon': 1.8460512421324462e-07, 'hidden_layer_sizes': 109, 'learning_rate_init': 0.01943332072878575, 'tol': 0.0006822909638596738, 'validation_fraction': 0.376488553320977}]
/home/ryedida/.local/lib/python3.9/site-packages/sklearn/neural_network/_multilayer_perceptron.py:605: UserWarning: Got `batch_size` less than 1 or larger than sample size. It is going to be clipped
  warnings.warn(

function_evaluation time 0.083923 value -0.950000 suggestion {'alpha': 4.909321120071101e-05, 'batch_size': 136, 'beta_1': 0.8962162166559621, 'beta_2': 0.9978655318220333, 'epsilon': 1.8460512421324462e-07, 'hidden_layer_sizes': 109, 'learning_rate_init': 0.01943332072878575, 'tol': 0.0006822909638596738, 'validation_fraction': 0.376488553320977}
observation time 0.000005, current best -0.950000 at iter 2
suggestion time taken 0.002510 iter 3 next_points [{'alpha': 0.41817822160576684, 'batch_size': 135, 'beta_1': 0.5460043121984092, 'beta_2': 0.999938227407582, 'epsilon': 4.6438612928007965e-08, 'hidden_layer_sizes': 168, 'learning_rate_init': 0.03221775155051215, 'tol': 0.02936046858254518, 'validation_fraction': 0.7300193440456881}]
/home/ryedida/.local/lib/python3.9/site-packages/sklearn/neural_network/_multilayer_perceptron.py:605: UserWarning: Got `batch_size` less than 1 or larger than sample size. It is going to be clipped
  warnings.warn(

function_evaluation time 0.081935 value -0.975000 suggestion {'alpha': 0.41817822160576684, 'batch_size': 135, 'beta_1': 0.5460043121984092, 'beta_2': 0.999938227407582, 'epsilon': 4.6438612928007965e-08, 'hidden_layer_sizes': 168, 'learning_rate_init': 0.03221775155051215, 'tol': 0.02936046858254518, 'validation_fraction': 0.7300193440456881}
observation time 0.000004, current best -0.975000 at iter 3
suggestion time taken 0.002742 iter 4 next_points [{'alpha': 0.0007592351276431141, 'batch_size': 152, 'beta_1': 0.9584997267209213, 'beta_2': 0.9994214240391893, 'epsilon': 1.6454089527328741e-09, 'hidden_layer_sizes': 186, 'learning_rate_init': 0.0014269583381863295, 'tol': 0.01228204954974802, 'validation_fraction': 0.5451621516628581}]
/home/ryedida/.local/lib/python3.9/site-packages/sklearn/neural_network/_multilayer_perceptron.py:605: UserWarning: Got `batch_size` less than 1 or larger than sample size. It is going to be clipped
  warnings.warn(

function_evaluation time 0.081056 value -0.716667 suggestion {'alpha': 0.0007592351276431141, 'batch_size': 152, 'beta_1': 0.9584997267209213, 'beta_2': 0.9994214240391893, 'epsilon': 1.6454089527328741e-09, 'hidden_layer_sizes': 186, 'learning_rate_init': 0.0014269583381863295, 'tol': 0.01228204954974802, 'validation_fraction': 0.5451621516628581}
observation time 0.000005, current best -0.975000 at iter 4
suggestion time taken 0.002517 iter 5 next_points [{'alpha': 1.5511090234934628e-05, 'batch_size': 124, 'beta_1': 0.8529693894499274, 'beta_2': 0.9999879742166511, 'epsilon': 4.623281068040175e-08, 'hidden_layer_sizes': 180, 'learning_rate_init': 0.0018183426550335605, 'tol': 0.028537284992559534, 'validation_fraction': 0.7362020600264833}]
/home/ryedida/.local/lib/python3.9/site-packages/sklearn/neural_network/_multilayer_perceptron.py:605: UserWarning: Got `batch_size` less than 1 or larger than sample size. It is going to be clipped
  warnings.warn(

function_evaluation time 0.058252 value -0.733333 suggestion {'alpha': 1.5511090234934628e-05, 'batch_size': 124, 'beta_1': 0.8529693894499274, 'beta_2': 0.9999879742166511, 'epsilon': 4.623281068040175e-08, 'hidden_layer_sizes': 180, 'learning_rate_init': 0.0018183426550335605, 'tol': 0.028537284992559534, 'validation_fraction': 0.7362020600264833}
observation time 0.000005, current best -0.975000 at iter 5
suggestion time taken 0.002762 iter 6 next_points [{'alpha': 0.13150883440167196, 'batch_size': 135, 'beta_1': 0.8707559160352344, 'beta_2': 0.9999948922314977, 'epsilon': 8.501818289806062e-08, 'hidden_layer_sizes': 164, 'learning_rate_init': 0.0450085909193225, 'tol': 6.39910000987977e-05, 'validation_fraction': 0.7213371788309231}]
/home/ryedida/.local/lib/python3.9/site-packages/sklearn/neural_network/_multilayer_perceptron.py:605: UserWarning: Got `batch_size` less than 1 or larger than sample size. It is going to be clipped
  warnings.warn(

function_evaluation time 0.082703 value -0.958333 suggestion {'alpha': 0.13150883440167196, 'batch_size': 135, 'beta_1': 0.8707559160352344, 'beta_2': 0.9999948922314977, 'epsilon': 8.501818289806062e-08, 'hidden_layer_sizes': 164, 'learning_rate_init': 0.0450085909193225, 'tol': 6.39910000987977e-05, 'validation_fraction': 0.7213371788309231}
observation time 0.000005, current best -0.975000 at iter 6
suggestion time taken 0.002716 iter 7 next_points [{'alpha': 0.010665905841030299, 'batch_size': 21, 'beta_1': 0.9310385313984685, 'beta_2': 0.9998882421681068, 'epsilon': 4.469046000030266e-08, 'hidden_layer_sizes': 157, 'learning_rate_init': 1.571936997923627e-05, 'tol': 0.0002753709596957372, 'validation_fraction': 0.8953051336733775}]
/home/ryedida/.local/lib/python3.9/site-packages/sklearn/neural_network/_multilayer_perceptron.py:605: UserWarning: Got `batch_size` less than 1 or larger than sample size. It is going to be clipped
  warnings.warn(

function_evaluation time 0.041898 value -0.266667 suggestion {'alpha': 0.010665905841030299, 'batch_size': 21, 'beta_1': 0.9310385313984685, 'beta_2': 0.9998882421681068, 'epsilon': 4.469046000030266e-08, 'hidden_layer_sizes': 157, 'learning_rate_init': 1.571936997923627e-05, 'tol': 0.0002753709596957372, 'validation_fraction': 0.8953051336733775}
observation time 0.000005, current best -0.975000 at iter 7
suggestion time taken 0.002442 iter 8 next_points [{'alpha': 0.03354016955292171, 'batch_size': 234, 'beta_1': 0.7611838411547293, 'beta_2': 0.999995998034313, 'epsilon': 6.837469151213693e-07, 'hidden_layer_sizes': 152, 'learning_rate_init': 0.005884358633846899, 'tol': 0.0009020757495394291, 'validation_fraction': 0.7759188188465103}]
/home/ryedida/.local/lib/python3.9/site-packages/sklearn/neural_network/_multilayer_perceptron.py:605: UserWarning: Got `batch_size` less than 1 or larger than sample size. It is going to be clipped
  warnings.warn(

function_evaluation time 0.082959 value -0.925000 suggestion {'alpha': 0.03354016955292171, 'batch_size': 234, 'beta_1': 0.7611838411547293, 'beta_2': 0.999995998034313, 'epsilon': 6.837469151213693e-07, 'hidden_layer_sizes': 152, 'learning_rate_init': 0.005884358633846899, 'tol': 0.0009020757495394291, 'validation_fraction': 0.7759188188465103}
observation time 0.000004, current best -0.975000 at iter 8
suggestion time taken 0.002507 iter 9 next_points [{'alpha': 0.00010930250557959436, 'batch_size': 57, 'beta_1': 0.8376157761023075, 'beta_2': 0.9999961426821351, 'epsilon': 3.017287803565831e-08, 'hidden_layer_sizes': 97, 'learning_rate_init': 0.0025982573211948824, 'tol': 0.0607777253787638, 'validation_fraction': 0.5228500659161883}]
function_evaluation time 0.048945 value -0.741667 suggestion {'alpha': 0.00010930250557959436, 'batch_size': 57, 'beta_1': 0.8376157761023075, 'beta_2': 0.9999961426821351, 'epsilon': 3.017287803565831e-08, 'hidden_layer_sizes': 97, 'learning_rate_init': 0.0025982573211948824, 'tol': 0.0607777253787638, 'validation_fraction': 0.5228500659161883}
observation time 0.000005, current best -0.975000 at iter 9
suggestion time taken 0.002850 iter 10 next_points [{'alpha': 0.33237941763083634, 'batch_size': 64, 'beta_1': 0.5634375761774223, 'beta_2': 0.9520205901300394, 'epsilon': 9.056586138308298e-09, 'hidden_layer_sizes': 86, 'learning_rate_init': 2.109591462338129e-05, 'tol': 0.00016909662202660954, 'validation_fraction': 0.799774083024646}]
/home/ryedida/.local/lib/python3.9/site-packages/sklearn/neural_network/_multilayer_perceptron.py:605: UserWarning: Got `batch_size` less than 1 or larger than sample size. It is going to be clipped
  warnings.warn(

function_evaluation time 0.039943 value -0.291667 suggestion {'alpha': 0.33237941763083634, 'batch_size': 64, 'beta_1': 0.5634375761774223, 'beta_2': 0.9520205901300394, 'epsilon': 9.056586138308298e-09, 'hidden_layer_sizes': 86, 'learning_rate_init': 2.109591462338129e-05, 'tol': 0.00016909662202660954, 'validation_fraction': 0.799774083024646}
observation time 0.000005, current best -0.975000 at iter 10
suggestion time taken 0.002461 iter 11 next_points [{'alpha': 1.9414858101992256, 'batch_size': 231, 'beta_1': 0.8771549435854233, 'beta_2': 0.9464651078858008, 'epsilon': 8.507543864110816e-08, 'hidden_layer_sizes': 55, 'learning_rate_init': 0.05289010248937136, 'tol': 0.00010943400688680642, 'validation_fraction': 0.31116804017758676}]
/home/ryedida/.local/lib/python3.9/site-packages/sklearn/neural_network/_multilayer_perceptron.py:605: UserWarning: Got `batch_size` less than 1 or larger than sample size. It is going to be clipped
  warnings.warn(

function_evaluation time 0.080340 value -0.958333 suggestion {'alpha': 1.9414858101992256, 'batch_size': 231, 'beta_1': 0.8771549435854233, 'beta_2': 0.9464651078858008, 'epsilon': 8.507543864110816e-08, 'hidden_layer_sizes': 55, 'learning_rate_init': 0.05289010248937136, 'tol': 0.00010943400688680642, 'validation_fraction': 0.31116804017758676}
observation time 0.000005, current best -0.975000 at iter 11
suggestion time taken 0.002569 iter 12 next_points [{'alpha': 1.1655348663353835, 'batch_size': 89, 'beta_1': 0.7178889584501978, 'beta_2': 0.9210281007931098, 'epsilon': 2.456407875892487e-08, 'hidden_layer_sizes': 179, 'learning_rate_init': 0.00011416700806026703, 'tol': 0.0024195004628821686, 'validation_fraction': 0.639687700971471}]
/home/ryedida/.local/lib/python3.9/site-packages/sklearn/neural_network/_multilayer_perceptron.py:605: UserWarning: Got `batch_size` less than 1 or larger than sample size. It is going to be clipped
  warnings.warn(

function_evaluation time 0.043612 value -0.325000 suggestion {'alpha': 1.1655348663353835, 'batch_size': 89, 'beta_1': 0.7178889584501978, 'beta_2': 0.9210281007931098, 'epsilon': 2.456407875892487e-08, 'hidden_layer_sizes': 179, 'learning_rate_init': 0.00011416700806026703, 'tol': 0.0024195004628821686, 'validation_fraction': 0.639687700971471}
observation time 0.000005, current best -0.975000 at iter 12
suggestion time taken 0.002801 iter 13 next_points [{'alpha': 1.2649434304854321, 'batch_size': 125, 'beta_1': 0.9837662344288474, 'beta_2': 0.9999898621692695, 'epsilon': 1.3870988931305276e-08, 'hidden_layer_sizes': 102, 'learning_rate_init': 0.0007993340086387753, 'tol': 0.0016166800928905198, 'validation_fraction': 0.23953732841134842}]
/home/ryedida/.local/lib/python3.9/site-packages/sklearn/neural_network/_multilayer_perceptron.py:605: UserWarning: Got `batch_size` less than 1 or larger than sample size. It is going to be clipped
  warnings.warn(

function_evaluation time 0.055249 value -0.550000 suggestion {'alpha': 1.2649434304854321, 'batch_size': 125, 'beta_1': 0.9837662344288474, 'beta_2': 0.9999898621692695, 'epsilon': 1.3870988931305276e-08, 'hidden_layer_sizes': 102, 'learning_rate_init': 0.0007993340086387753, 'tol': 0.0016166800928905198, 'validation_fraction': 0.23953732841134842}
observation time 0.000004, current best -0.975000 at iter 13
suggestion time taken 0.002464 iter 14 next_points [{'alpha': 6.861773446219592, 'batch_size': 94, 'beta_1': 0.8114171811642549, 'beta_2': 0.9996714540670661, 'epsilon': 7.2162381497648405e-09, 'hidden_layer_sizes': 181, 'learning_rate_init': 0.000221861024230913, 'tol': 0.0006963186274199694, 'validation_fraction': 0.7792210110798886}]
/home/ryedida/.local/lib/python3.9/site-packages/sklearn/neural_network/_multilayer_perceptron.py:605: UserWarning: Got `batch_size` less than 1 or larger than sample size. It is going to be clipped
  warnings.warn(

function_evaluation time 0.048026 value -0.375000 suggestion {'alpha': 6.861773446219592, 'batch_size': 94, 'beta_1': 0.8114171811642549, 'beta_2': 0.9996714540670661, 'epsilon': 7.2162381497648405e-09, 'hidden_layer_sizes': 181, 'learning_rate_init': 0.000221861024230913, 'tol': 0.0006963186274199694, 'validation_fraction': 0.7792210110798886}
observation time 0.000005, current best -0.975000 at iter 14
saving meta data: {'args': {'--uuid': '7acc02f4a87d5cb0832c89a2c7df5e0d', '-db-root': '/home/ryedida/bbo_challenge_starter_kit/output', '--opt-root': '/home/ryedida/bbo_challenge_starter_kit/example_submissions', '--data-root': None, '--db': 'run_20230424_161204', '--opt': 'random-search', '--data': 'iris', '--classifier': 'MLP-adam', '--metric': 'acc', '--calls': 15, '--suggestions': 1, '--jobs-file': None, '--verbose': False, 'dry_run': False, 'rev': 'a376313', 'opt_rev': '0.0.8'}, 'signature': ([{'alpha': 0.019628224813442792, 'batch_size': 182, 'beta_1': 0.9410202200271762, 'beta_2': 0.9998021557676793, 'epsilon': 1.8662266976518e-08, 'hidden_layer_sizes': 147, 'learning_rate_init': 0.0005627932047415167, 'tol': 0.03690557729213761, 'validation_fraction': 0.8846827852548593}, {'alpha': 0.0019982467392329444, 'batch_size': 200, 'beta_1': 0.919111482530466, 'beta_2': 0.9998488260436156, 'epsilon': 5.981221901152555e-07, 'hidden_layer_sizes': 61, 'learning_rate_init': 2.2310905607443014e-05, 'tol': 1.2046852412030316e-05, 'validation_fraction': 0.8117896445826539}, {'alpha': 0.46659545670218433, 'batch_size': 219, 'beta_1': 0.9889789783750891, 'beta_2': 0.9999896868093284, 'epsilon': 2.4234724484675948e-08, 'hidden_layer_sizes': 167, 'learning_rate_init': 2.972334644335654e-05, 'tol': 0.0036281404040243792, 'validation_fraction': 0.17260651658522078}, {'alpha': 4.656005689076002, 'batch_size': 135, 'beta_1': 0.870503881627747, 'beta_2': 0.9948873266941017, 'epsilon': 2.1023308743480125e-07, 'hidden_layer_sizes': 118, 'learning_rate_init': 0.0018781738757161913, 'tol': 1.1889379831773004e-05, 'validation_fraction': 0.6264327093752792}, {'alpha': 0.04705159350400542, 'batch_size': 158, 'beta_1': 0.9870884262730957, 'beta_2': 0.9999596874382349, 'epsilon': 1.1981845126013875e-08, 'hidden_layer_sizes': 116, 'learning_rate_init': 0.00617340520407431, 'tol': 1.741413418158619e-05, 'validation_fraction': 0.6754299026638921}], [-0.41666666666666663, -0.275, -0.3416666666666667, -0.725, -0.875])}
saving results
saving timing
saving suggest log
done
