running: {'--uuid': '7c1033f7e7e05888a709e0f1564dceea', '-db-root': '/home/ryedida/bbo_challenge_starter_kit/output', '--opt-root': '/home/ryedida/bbo_challenge_starter_kit/example_submissions', '--data-root': None, '--db': 'run_20230424_161204', '--opt': 'hyperopt', '--data': 'iris', '--classifier': 'MLP-adam', '--metric': 'acc', '--calls': 15, '--suggestions': 1, '--jobs-file': None, '--verbose': False, 'dry_run': False, 'rev': 'a376313', 'opt_rev': '0.2.7'}
cmd: python hyperopt/optimizer.py -c MLP-adam -d iris -o hyperopt -u 7c1033f7e7e05888a709e0f1564dceea -m acc -n 15 -p 1 -dir /home/ryedida/bbo_challenge_starter_kit/output -b run_20230424_161204
/home/ryedida/.local/lib/python3.9/site-packages/sklearn/neural_network/_multilayer_perceptron.py:605: UserWarning: Got `batch_size` less than 1 or larger than sample size. It is going to be clipped
  warnings.warn(

/home/ryedida/.local/lib/python3.9/site-packages/sklearn/neural_network/_multilayer_perceptron.py:605: UserWarning: Got `batch_size` less than 1 or larger than sample size. It is going to be clipped
  warnings.warn(

/home/ryedida/.local/lib/python3.9/site-packages/sklearn/neural_network/_multilayer_perceptron.py:605: UserWarning: Got `batch_size` less than 1 or larger than sample size. It is going to be clipped
  warnings.warn(

/home/ryedida/.local/lib/python3.9/site-packages/sklearn/neural_network/_multilayer_perceptron.py:605: UserWarning: Got `batch_size` less than 1 or larger than sample size. It is going to be clipped
  warnings.warn(

/home/ryedida/.local/lib/python3.9/site-packages/sklearn/neural_network/_multilayer_perceptron.py:605: UserWarning: Got `batch_size` less than 1 or larger than sample size. It is going to be clipped
  warnings.warn(

computed signature: ([{'alpha': 0.019628224813442792, 'batch_size': 182, 'beta_1': 0.9410202200271762, 'beta_2': 0.9998021557676793, 'epsilon': 1.8662266976518e-08, 'hidden_layer_sizes': 147, 'learning_rate_init': 0.0005627932047415167, 'tol': 0.03690557729213761, 'validation_fraction': 0.8846827852548593}, {'alpha': 0.0019982467392329444, 'batch_size': 200, 'beta_1': 0.919111482530466, 'beta_2': 0.9998488260436156, 'epsilon': 5.981221901152555e-07, 'hidden_layer_sizes': 61, 'learning_rate_init': 2.2310905607443014e-05, 'tol': 1.2046852412030316e-05, 'validation_fraction': 0.8117896445826539}, {'alpha': 0.46659545670218433, 'batch_size': 219, 'beta_1': 0.9889789783750891, 'beta_2': 0.9999896868093284, 'epsilon': 2.4234724484675948e-08, 'hidden_layer_sizes': 167, 'learning_rate_init': 2.972334644335654e-05, 'tol': 0.0036281404040243792, 'validation_fraction': 0.17260651658522078}, {'alpha': 4.656005689076002, 'batch_size': 135, 'beta_1': 0.870503881627747, 'beta_2': 0.9948873266941017, 'epsilon': 2.1023308743480125e-07, 'hidden_layer_sizes': 118, 'learning_rate_init': 0.0018781738757161913, 'tol': 1.1889379831773004e-05, 'validation_fraction': 0.6264327093752792}, {'alpha': 0.04705159350400542, 'batch_size': 158, 'beta_1': 0.9870884262730957, 'beta_2': 0.9999596874382349, 'epsilon': 1.1981845126013875e-08, 'hidden_layer_sizes': 116, 'learning_rate_init': 0.00617340520407431, 'tol': 1.741413418158619e-05, 'validation_fraction': 0.6754299026638921}], [-0.41666666666666663, -0.275, -0.3416666666666667, -0.725, -0.875])
/home/ryedida/.local/lib/python3.9/site-packages/bayesmark/signatures.py:85: RuntimeWarning: Signature diverged on MLP-adam_iris_acc betwen [-0.52290909 -0.27918182 -0.34166667 -0.725      -0.91715152] and [-0.41666667 -0.275      -0.26133333 -0.68915152 -0.875     ]
  warnings.warn(

Signature errors:
                          0         1         2         3         4       max
MLP-adam_iris_acc  0.106242  0.004182  0.080333  0.035848  0.042152  0.106242
max                0.106242  0.004182  0.080333  0.035848  0.042152  0.106242
starting sklearn study hyperopt MLP-adam iris acc 15 1
with data root: None
suggestion time taken 0.002390 iter 0 next_points [{'alpha': 0.017724492807458955, 'batch_size': 150, 'beta_1': 0.9091146436165771, 'beta_2': 0.9950436621238686, 'epsilon': 7.76030260161969e-09, 'hidden_layer_sizes': 111, 'learning_rate_init': 3.613760102614016e-05, 'tol': 5.723956723942473e-05, 'validation_fraction': 0.8342351133309044}]
/home/ryedida/.local/lib/python3.9/site-packages/sklearn/neural_network/_multilayer_perceptron.py:605: UserWarning: Got `batch_size` less than 1 or larger than sample size. It is going to be clipped
  warnings.warn(

function_evaluation time 0.060910 value -0.433333 suggestion {'alpha': 0.017724492807458955, 'batch_size': 150, 'beta_1': 0.9091146436165771, 'beta_2': 0.9950436621238686, 'epsilon': 7.76030260161969e-09, 'hidden_layer_sizes': 111, 'learning_rate_init': 3.613760102614016e-05, 'tol': 5.723956723942473e-05, 'validation_fraction': 0.8342351133309044}
observation time 0.000071, current best -0.433333 at iter 0
suggestion time taken 0.002606 iter 1 next_points [{'alpha': 3.419514623533737e-05, 'batch_size': 42, 'beta_1': 0.9381348874062269, 'beta_2': 0.9096986741175541, 'epsilon': 1.2390362393260714e-09, 'hidden_layer_sizes': 150, 'learning_rate_init': 0.09630144315549352, 'tol': 0.01546525911339046, 'validation_fraction': 0.11040372979350703}]
function_evaluation time 0.092365 value -0.900000 suggestion {'alpha': 3.419514623533737e-05, 'batch_size': 42, 'beta_1': 0.9381348874062269, 'beta_2': 0.9096986741175541, 'epsilon': 1.2390362393260714e-09, 'hidden_layer_sizes': 150, 'learning_rate_init': 0.09630144315549352, 'tol': 0.01546525911339046, 'validation_fraction': 0.11040372979350703}
observation time 0.000073, current best -0.900000 at iter 1
suggestion time taken 0.002091 iter 2 next_points [{'alpha': 1.1074311602882881e-05, 'batch_size': 221, 'beta_1': 0.9251548284414605, 'beta_2': 0.9540642849646488, 'epsilon': 1.5688937913825855e-09, 'hidden_layer_sizes': 86, 'learning_rate_init': 5.816511274314284e-05, 'tol': 0.0002246177878426021, 'validation_fraction': 0.17718291448396473}]
/home/ryedida/.local/lib/python3.9/site-packages/sklearn/neural_network/_multilayer_perceptron.py:605: UserWarning: Got `batch_size` less than 1 or larger than sample size. It is going to be clipped
  warnings.warn(

function_evaluation time 0.045409 value -0.466667 suggestion {'alpha': 1.1074311602882881e-05, 'batch_size': 221, 'beta_1': 0.9251548284414605, 'beta_2': 0.9540642849646488, 'epsilon': 1.5688937913825855e-09, 'hidden_layer_sizes': 86, 'learning_rate_init': 5.816511274314284e-05, 'tol': 0.0002246177878426021, 'validation_fraction': 0.17718291448396473}
observation time 0.000070, current best -0.900000 at iter 2
suggestion time taken 0.002144 iter 3 next_points [{'alpha': 6.832782404397902, 'batch_size': 39, 'beta_1': 0.5920895980081634, 'beta_2': 0.9829806626897652, 'epsilon': 6.554207173859781e-08, 'hidden_layer_sizes': 118, 'learning_rate_init': 0.00029362979859519063, 'tol': 0.0757781190538239, 'validation_fraction': 0.6838931768555502}]
/home/ryedida/.local/lib/python3.9/site-packages/sklearn/neural_network/_multilayer_perceptron.py:605: UserWarning: Got `batch_size` less than 1 or larger than sample size. It is going to be clipped
  warnings.warn(

function_evaluation time 0.043825 value -0.325000 suggestion {'alpha': 6.832782404397902, 'batch_size': 39, 'beta_1': 0.5920895980081634, 'beta_2': 0.9829806626897652, 'epsilon': 6.554207173859781e-08, 'hidden_layer_sizes': 118, 'learning_rate_init': 0.00029362979859519063, 'tol': 0.0757781190538239, 'validation_fraction': 0.6838931768555502}
observation time 0.000076, current best -0.900000 at iter 3
suggestion time taken 0.002144 iter 4 next_points [{'alpha': 0.0002913877262589187, 'batch_size': 73, 'beta_1': 0.7611292846748914, 'beta_2': 0.991338501211871, 'epsilon': 4.069798283832158e-07, 'hidden_layer_sizes': 179, 'learning_rate_init': 0.02823676662302682, 'tol': 0.00024225201585972826, 'validation_fraction': 0.2501457099335116}]
function_evaluation time 0.089520 value -0.900000 suggestion {'alpha': 0.0002913877262589187, 'batch_size': 73, 'beta_1': 0.7611292846748914, 'beta_2': 0.991338501211871, 'epsilon': 4.069798283832158e-07, 'hidden_layer_sizes': 179, 'learning_rate_init': 0.02823676662302682, 'tol': 0.00024225201585972826, 'validation_fraction': 0.2501457099335116}
observation time 0.000070, current best -0.900000 at iter 4
suggestion time taken 0.002140 iter 5 next_points [{'alpha': 0.0007756002036539267, 'batch_size': 83, 'beta_1': 0.7032420892181874, 'beta_2': 0.9763162100379673, 'epsilon': 5.109520737589637e-07, 'hidden_layer_sizes': 172, 'learning_rate_init': 0.0013792732602031707, 'tol': 8.539931917288235e-05, 'validation_fraction': 0.37977816432657363}]
/home/ryedida/.local/lib/python3.9/site-packages/sklearn/neural_network/_multilayer_perceptron.py:605: UserWarning: Got `batch_size` less than 1 or larger than sample size. It is going to be clipped
  warnings.warn(

function_evaluation time 0.075196 value -0.700000 suggestion {'alpha': 0.0007756002036539267, 'batch_size': 83, 'beta_1': 0.7032420892181874, 'beta_2': 0.9763162100379673, 'epsilon': 5.109520737589637e-07, 'hidden_layer_sizes': 172, 'learning_rate_init': 0.0013792732602031707, 'tol': 8.539931917288235e-05, 'validation_fraction': 0.37977816432657363}
observation time 0.000072, current best -0.900000 at iter 5
suggestion time taken 0.002134 iter 6 next_points [{'alpha': 4.745802106100021e-05, 'batch_size': 135, 'beta_1': 0.8027340529309963, 'beta_2': 0.9830128276487734, 'epsilon': 1.2999184195233878e-07, 'hidden_layer_sizes': 181, 'learning_rate_init': 0.000314210305141818, 'tol': 0.0001923788616148416, 'validation_fraction': 0.350416351483718}]
/home/ryedida/.local/lib/python3.9/site-packages/sklearn/neural_network/_multilayer_perceptron.py:605: UserWarning: Got `batch_size` less than 1 or larger than sample size. It is going to be clipped
  warnings.warn(

function_evaluation time 0.071945 value -0.458333 suggestion {'alpha': 4.745802106100021e-05, 'batch_size': 135, 'beta_1': 0.8027340529309963, 'beta_2': 0.9830128276487734, 'epsilon': 1.2999184195233878e-07, 'hidden_layer_sizes': 181, 'learning_rate_init': 0.000314210305141818, 'tol': 0.0001923788616148416, 'validation_fraction': 0.350416351483718}
observation time 0.000077, current best -0.900000 at iter 6
suggestion time taken 0.002203 iter 7 next_points [{'alpha': 0.0003665274645100478, 'batch_size': 12, 'beta_1': 0.9630494248209237, 'beta_2': 0.917387684171009, 'epsilon': 5.186816709973454e-07, 'hidden_layer_sizes': 123, 'learning_rate_init': 0.006455439911358267, 'tol': 1.0065828080480482e-05, 'validation_fraction': 0.33032940733661553}]
function_evaluation time 0.124794 value -0.933333 suggestion {'alpha': 0.0003665274645100478, 'batch_size': 12, 'beta_1': 0.9630494248209237, 'beta_2': 0.917387684171009, 'epsilon': 5.186816709973454e-07, 'hidden_layer_sizes': 123, 'learning_rate_init': 0.006455439911358267, 'tol': 1.0065828080480482e-05, 'validation_fraction': 0.33032940733661553}
observation time 0.000075, current best -0.933333 at iter 7
suggestion time taken 0.002324 iter 8 next_points [{'alpha': 0.0008487637828404598, 'batch_size': 137, 'beta_1': 0.6225525193465602, 'beta_2': 0.9058875456736123, 'epsilon': 6.943750417244007e-08, 'hidden_layer_sizes': 74, 'learning_rate_init': 0.02181622882418191, 'tol': 0.00029007215007151744, 'validation_fraction': 0.3362420083695214}]
/home/ryedida/.local/lib/python3.9/site-packages/sklearn/neural_network/_multilayer_perceptron.py:605: UserWarning: Got `batch_size` less than 1 or larger than sample size. It is going to be clipped
  warnings.warn(

function_evaluation time 0.077765 value -0.966667 suggestion {'alpha': 0.0008487637828404598, 'batch_size': 137, 'beta_1': 0.6225525193465602, 'beta_2': 0.9058875456736123, 'epsilon': 6.943750417244007e-08, 'hidden_layer_sizes': 74, 'learning_rate_init': 0.02181622882418191, 'tol': 0.00029007215007151744, 'validation_fraction': 0.3362420083695214}
observation time 0.000077, current best -0.966667 at iter 8
suggestion time taken 0.002134 iter 9 next_points [{'alpha': 0.00154068280614743, 'batch_size': 23, 'beta_1': 0.7821751004358378, 'beta_2': 0.9953113332731008, 'epsilon': 5.5693659090970306e-09, 'hidden_layer_sizes': 199, 'learning_rate_init': 0.0007810716908512549, 'tol': 0.00018010858335903838, 'validation_fraction': 0.5762737200783147}]
function_evaluation time 0.117061 value -0.825000 suggestion {'alpha': 0.00154068280614743, 'batch_size': 23, 'beta_1': 0.7821751004358378, 'beta_2': 0.9953113332731008, 'epsilon': 5.5693659090970306e-09, 'hidden_layer_sizes': 199, 'learning_rate_init': 0.0007810716908512549, 'tol': 0.00018010858335903838, 'validation_fraction': 0.5762737200783147}
observation time 0.000080, current best -0.966667 at iter 9
suggestion time taken 0.002372 iter 10 next_points [{'alpha': 0.00021998926161126794, 'batch_size': 97, 'beta_1': 0.8657559939132509, 'beta_2': 0.993922350598118, 'epsilon': 4.070353075595463e-07, 'hidden_layer_sizes': 172, 'learning_rate_init': 0.01718876615746036, 'tol': 0.0011015365713880358, 'validation_fraction': 0.48472338499477086}]
/home/ryedida/.local/lib/python3.9/site-packages/sklearn/neural_network/_multilayer_perceptron.py:605: UserWarning: Got `batch_size` less than 1 or larger than sample size. It is going to be clipped
  warnings.warn(

function_evaluation time 0.088429 value -0.941667 suggestion {'alpha': 0.00021998926161126794, 'batch_size': 97, 'beta_1': 0.8657559939132509, 'beta_2': 0.993922350598118, 'epsilon': 4.070353075595463e-07, 'hidden_layer_sizes': 172, 'learning_rate_init': 0.01718876615746036, 'tol': 0.0011015365713880358, 'validation_fraction': 0.48472338499477086}
observation time 0.000073, current best -0.966667 at iter 10
suggestion time taken 0.002120 iter 11 next_points [{'alpha': 5.315288718629317, 'batch_size': 202, 'beta_1': 0.6413030190724878, 'beta_2': 0.954461910707438, 'epsilon': 4.5938989196163795e-09, 'hidden_layer_sizes': 173, 'learning_rate_init': 1.2017038451124495e-05, 'tol': 0.00042229431781320396, 'validation_fraction': 0.14902779935081584}]
/home/ryedida/.local/lib/python3.9/site-packages/sklearn/neural_network/_multilayer_perceptron.py:605: UserWarning: Got `batch_size` less than 1 or larger than sample size. It is going to be clipped
  warnings.warn(

function_evaluation time 0.046095 value -0.300000 suggestion {'alpha': 5.315288718629317, 'batch_size': 202, 'beta_1': 0.6413030190724878, 'beta_2': 0.954461910707438, 'epsilon': 4.5938989196163795e-09, 'hidden_layer_sizes': 173, 'learning_rate_init': 1.2017038451124495e-05, 'tol': 0.00042229431781320396, 'validation_fraction': 0.14902779935081584}
observation time 0.000077, current best -0.966667 at iter 11
suggestion time taken 0.002120 iter 12 next_points [{'alpha': 9.843838919303097e-05, 'batch_size': 166, 'beta_1': 0.5147126313471384, 'beta_2': 0.9925893250762794, 'epsilon': 2.747779622631594e-07, 'hidden_layer_sizes': 54, 'learning_rate_init': 0.00030164256018299143, 'tol': 0.04514187575667185, 'validation_fraction': 0.5421578684766011}]
/home/ryedida/.local/lib/python3.9/site-packages/sklearn/neural_network/_multilayer_perceptron.py:605: UserWarning: Got `batch_size` less than 1 or larger than sample size. It is going to be clipped
  warnings.warn(

function_evaluation time 0.043055 value -0.316667 suggestion {'alpha': 9.843838919303097e-05, 'batch_size': 166, 'beta_1': 0.5147126313471384, 'beta_2': 0.9925893250762794, 'epsilon': 2.747779622631594e-07, 'hidden_layer_sizes': 54, 'learning_rate_init': 0.00030164256018299143, 'tol': 0.04514187575667185, 'validation_fraction': 0.5421578684766011}
observation time 0.000075, current best -0.966667 at iter 12
suggestion time taken 0.002358 iter 13 next_points [{'alpha': 0.0008578515422362483, 'batch_size': 125, 'beta_1': 0.7285490283649085, 'beta_2': 0.971665292308197, 'epsilon': 9.998708631381688e-08, 'hidden_layer_sizes': 61, 'learning_rate_init': 4.4722526854939575e-05, 'tol': 0.00013622360335720582, 'validation_fraction': 0.3329429070072102}]
/home/ryedida/.local/lib/python3.9/site-packages/sklearn/neural_network/_multilayer_perceptron.py:605: UserWarning: Got `batch_size` less than 1 or larger than sample size. It is going to be clipped
  warnings.warn(

function_evaluation time 0.040121 value -0.325000 suggestion {'alpha': 0.0008578515422362483, 'batch_size': 125, 'beta_1': 0.7285490283649085, 'beta_2': 0.971665292308197, 'epsilon': 9.998708631381688e-08, 'hidden_layer_sizes': 61, 'learning_rate_init': 4.4722526854939575e-05, 'tol': 0.00013622360335720582, 'validation_fraction': 0.3329429070072102}
observation time 0.000077, current best -0.966667 at iter 13
suggestion time taken 0.002163 iter 14 next_points [{'alpha': 2.477519129196793e-05, 'batch_size': 142, 'beta_1': 0.6050042751505432, 'beta_2': 0.9765388470800274, 'epsilon': 5.242550471649925e-08, 'hidden_layer_sizes': 162, 'learning_rate_init': 0.0037047492314353377, 'tol': 3.294777337757291e-05, 'validation_fraction': 0.7714803775130814}]
/home/ryedida/.local/lib/python3.9/site-packages/sklearn/neural_network/_multilayer_perceptron.py:605: UserWarning: Got `batch_size` less than 1 or larger than sample size. It is going to be clipped
  warnings.warn(

function_evaluation time 0.087742 value -0.791667 suggestion {'alpha': 2.477519129196793e-05, 'batch_size': 142, 'beta_1': 0.6050042751505432, 'beta_2': 0.9765388470800274, 'epsilon': 5.242550471649925e-08, 'hidden_layer_sizes': 162, 'learning_rate_init': 0.0037047492314353377, 'tol': 3.294777337757291e-05, 'validation_fraction': 0.7714803775130814}
observation time 0.000074, current best -0.966667 at iter 14
saving meta data: {'args': {'--uuid': '7c1033f7e7e05888a709e0f1564dceea', '-db-root': '/home/ryedida/bbo_challenge_starter_kit/output', '--opt-root': '/home/ryedida/bbo_challenge_starter_kit/example_submissions', '--data-root': None, '--db': 'run_20230424_161204', '--opt': 'hyperopt', '--data': 'iris', '--classifier': 'MLP-adam', '--metric': 'acc', '--calls': 15, '--suggestions': 1, '--jobs-file': None, '--verbose': False, 'dry_run': False, 'rev': 'a376313', 'opt_rev': '0.2.7'}, 'signature': ([{'alpha': 0.019628224813442792, 'batch_size': 182, 'beta_1': 0.9410202200271762, 'beta_2': 0.9998021557676793, 'epsilon': 1.8662266976518e-08, 'hidden_layer_sizes': 147, 'learning_rate_init': 0.0005627932047415167, 'tol': 0.03690557729213761, 'validation_fraction': 0.8846827852548593}, {'alpha': 0.0019982467392329444, 'batch_size': 200, 'beta_1': 0.919111482530466, 'beta_2': 0.9998488260436156, 'epsilon': 5.981221901152555e-07, 'hidden_layer_sizes': 61, 'learning_rate_init': 2.2310905607443014e-05, 'tol': 1.2046852412030316e-05, 'validation_fraction': 0.8117896445826539}, {'alpha': 0.46659545670218433, 'batch_size': 219, 'beta_1': 0.9889789783750891, 'beta_2': 0.9999896868093284, 'epsilon': 2.4234724484675948e-08, 'hidden_layer_sizes': 167, 'learning_rate_init': 2.972334644335654e-05, 'tol': 0.0036281404040243792, 'validation_fraction': 0.17260651658522078}, {'alpha': 4.656005689076002, 'batch_size': 135, 'beta_1': 0.870503881627747, 'beta_2': 0.9948873266941017, 'epsilon': 2.1023308743480125e-07, 'hidden_layer_sizes': 118, 'learning_rate_init': 0.0018781738757161913, 'tol': 1.1889379831773004e-05, 'validation_fraction': 0.6264327093752792}, {'alpha': 0.04705159350400542, 'batch_size': 158, 'beta_1': 0.9870884262730957, 'beta_2': 0.9999596874382349, 'epsilon': 1.1981845126013875e-08, 'hidden_layer_sizes': 116, 'learning_rate_init': 0.00617340520407431, 'tol': 1.741413418158619e-05, 'validation_fraction': 0.6754299026638921}], [-0.41666666666666663, -0.275, -0.3416666666666667, -0.725, -0.875])}
saving results
saving timing
saving suggest log
done
