running: {'--uuid': '82f84ba96a3354b4bfe423801b343f02', '-db-root': '/home/ryedida/bbo_challenge_starter_kit/output', '--opt-root': '/home/ryedida/bbo_challenge_starter_kit/example_submissions', '--data-root': None, '--db': 'run_20230424_161204', '--opt': 'turbo', '--data': 'iris', '--classifier': 'MLP-adam', '--metric': 'acc', '--calls': 15, '--suggestions': 1, '--jobs-file': None, '--verbose': False, 'dry_run': False, 'rev': 'a376313', 'opt_rev': '0.0.1'}
cmd: python turbo/optimizer.py -c MLP-adam -d iris -o turbo -u 82f84ba96a3354b4bfe423801b343f02 -m acc -n 15 -p 1 -dir /home/ryedida/bbo_challenge_starter_kit/output -b run_20230424_161204
/home/ryedida/.local/lib/python3.9/site-packages/sklearn/neural_network/_multilayer_perceptron.py:605: UserWarning: Got `batch_size` less than 1 or larger than sample size. It is going to be clipped
  warnings.warn(

/home/ryedida/.local/lib/python3.9/site-packages/sklearn/neural_network/_multilayer_perceptron.py:605: UserWarning: Got `batch_size` less than 1 or larger than sample size. It is going to be clipped
  warnings.warn(

/home/ryedida/.local/lib/python3.9/site-packages/sklearn/neural_network/_multilayer_perceptron.py:605: UserWarning: Got `batch_size` less than 1 or larger than sample size. It is going to be clipped
  warnings.warn(

/home/ryedida/.local/lib/python3.9/site-packages/sklearn/neural_network/_multilayer_perceptron.py:605: UserWarning: Got `batch_size` less than 1 or larger than sample size. It is going to be clipped
  warnings.warn(

/home/ryedida/.local/lib/python3.9/site-packages/sklearn/neural_network/_multilayer_perceptron.py:605: UserWarning: Got `batch_size` less than 1 or larger than sample size. It is going to be clipped
  warnings.warn(

computed signature: ([{'alpha': 0.019628224813442792, 'batch_size': 182, 'beta_1': 0.9410202200271762, 'beta_2': 0.9998021557676793, 'epsilon': 1.8662266976518e-08, 'hidden_layer_sizes': 147, 'learning_rate_init': 0.0005627932047415167, 'tol': 0.03690557729213761, 'validation_fraction': 0.8846827852548593}, {'alpha': 0.0019982467392329444, 'batch_size': 200, 'beta_1': 0.919111482530466, 'beta_2': 0.9998488260436156, 'epsilon': 5.981221901152555e-07, 'hidden_layer_sizes': 61, 'learning_rate_init': 2.2310905607443014e-05, 'tol': 1.2046852412030316e-05, 'validation_fraction': 0.8117896445826539}, {'alpha': 0.46659545670218433, 'batch_size': 219, 'beta_1': 0.9889789783750891, 'beta_2': 0.9999896868093284, 'epsilon': 2.4234724484675948e-08, 'hidden_layer_sizes': 167, 'learning_rate_init': 2.972334644335654e-05, 'tol': 0.0036281404040243792, 'validation_fraction': 0.17260651658522078}, {'alpha': 4.656005689076002, 'batch_size': 135, 'beta_1': 0.870503881627747, 'beta_2': 0.9948873266941017, 'epsilon': 2.1023308743480125e-07, 'hidden_layer_sizes': 118, 'learning_rate_init': 0.0018781738757161913, 'tol': 1.1889379831773004e-05, 'validation_fraction': 0.6264327093752792}, {'alpha': 0.04705159350400542, 'batch_size': 158, 'beta_1': 0.9870884262730957, 'beta_2': 0.9999596874382349, 'epsilon': 1.1981845126013875e-08, 'hidden_layer_sizes': 116, 'learning_rate_init': 0.00617340520407431, 'tol': 1.741413418158619e-05, 'validation_fraction': 0.6754299026638921}], [-0.41666666666666663, -0.275, -0.3416666666666667, -0.725, -0.875])
/home/ryedida/.local/lib/python3.9/site-packages/bayesmark/signatures.py:85: RuntimeWarning: Signature diverged on MLP-adam_iris_acc betwen [-0.52290909 -0.27918182 -0.34166667 -0.725      -0.91715152] and [-0.41666667 -0.275      -0.26133333 -0.68915152 -0.875     ]
  warnings.warn(

Signature errors:
                          0         1         2         3         4       max
MLP-adam_iris_acc  0.106242  0.004182  0.080333  0.035848  0.042152  0.106242
max                0.106242  0.004182  0.080333  0.035848  0.042152  0.106242
starting sklearn study turbo MLP-adam iris acc 15 1
with data root: None
suggestion time taken 0.002165 iter 0 next_points [{'alpha': 6.049341062192861e-05, 'batch_size': 123, 'beta_1': 0.6516741569016307, 'beta_2': 0.9892603170529157, 'epsilon': 3.8031376715101e-09, 'hidden_layer_sizes': 54, 'learning_rate_init': 2.7352236399654e-05, 'tol': 7.511543878008337e-05, 'validation_fraction': 0.25222427319790375}]
/home/ryedida/.local/lib/python3.9/site-packages/sklearn/neural_network/_multilayer_perceptron.py:605: UserWarning: Got `batch_size` less than 1 or larger than sample size. It is going to be clipped
  warnings.warn(

function_evaluation time 0.040812 value -0.458333 suggestion {'alpha': 6.049341062192861e-05, 'batch_size': 123, 'beta_1': 0.6516741569016307, 'beta_2': 0.9892603170529157, 'epsilon': 3.8031376715101e-09, 'hidden_layer_sizes': 54, 'learning_rate_init': 2.7352236399654e-05, 'tol': 7.511543878008337e-05, 'validation_fraction': 0.25222427319790375}
observation time 0.001438, current best -0.458333 at iter 0
suggestion time taken 0.001770 iter 1 next_points [{'alpha': 0.0018489821860853434, 'batch_size': 30, 'beta_1': 0.9603206347821075, 'beta_2': 0.9999967343818695, 'epsilon': 2.0675077148460913e-07, 'hidden_layer_sizes': 82, 'learning_rate_init': 0.0036980752820459538, 'tol': 4.2218636865810225e-05, 'validation_fraction': 0.819986939566183}]
/home/ryedida/.local/lib/python3.9/site-packages/sklearn/neural_network/_multilayer_perceptron.py:605: UserWarning: Got `batch_size` less than 1 or larger than sample size. It is going to be clipped
  warnings.warn(

function_evaluation time 0.074626 value -0.816667 suggestion {'alpha': 0.0018489821860853434, 'batch_size': 30, 'beta_1': 0.9603206347821075, 'beta_2': 0.9999967343818695, 'epsilon': 2.0675077148460913e-07, 'hidden_layer_sizes': 82, 'learning_rate_init': 0.0036980752820459538, 'tol': 4.2218636865810225e-05, 'validation_fraction': 0.819986939566183}
observation time 0.001477, current best -0.816667 at iter 1
suggestion time taken 0.001722 iter 2 next_points [{'alpha': 0.10659961830779077, 'batch_size': 220, 'beta_1': 0.8549367337703501, 'beta_2': 0.9999907599226098, 'epsilon': 4.610620216390157e-09, 'hidden_layer_sizes': 136, 'learning_rate_init': 0.00023533793173292084, 'tol': 0.0038996907321349793, 'validation_fraction': 0.1426787228235106}]
/home/ryedida/.local/lib/python3.9/site-packages/sklearn/neural_network/_multilayer_perceptron.py:605: UserWarning: Got `batch_size` less than 1 or larger than sample size. It is going to be clipped
  warnings.warn(

function_evaluation time 0.045199 value -0.316667 suggestion {'alpha': 0.10659961830779077, 'batch_size': 220, 'beta_1': 0.8549367337703501, 'beta_2': 0.9999907599226098, 'epsilon': 4.610620216390157e-09, 'hidden_layer_sizes': 136, 'learning_rate_init': 0.00023533793173292084, 'tol': 0.0038996907321349793, 'validation_fraction': 0.1426787228235106}
observation time 0.001440, current best -0.816667 at iter 2
suggestion time taken 0.002124 iter 3 next_points [{'alpha': 6.501530998336177, 'batch_size': 144, 'beta_1': 0.88133208465867, 'beta_2': 0.994237081329405, 'epsilon': 3.0407427511599385e-07, 'hidden_layer_sizes': 137, 'learning_rate_init': 2.260994208959402e-05, 'tol': 6.23890849528719e-05, 'validation_fraction': 0.1546297627990443}]
/home/ryedida/.local/lib/python3.9/site-packages/sklearn/neural_network/_multilayer_perceptron.py:605: UserWarning: Got `batch_size` less than 1 or larger than sample size. It is going to be clipped
  warnings.warn(

function_evaluation time 0.045979 value -0.316667 suggestion {'alpha': 6.501530998336177, 'batch_size': 144, 'beta_1': 0.88133208465867, 'beta_2': 0.994237081329405, 'epsilon': 3.0407427511599385e-07, 'hidden_layer_sizes': 137, 'learning_rate_init': 2.260994208959402e-05, 'tol': 6.23890849528719e-05, 'validation_fraction': 0.1546297627990443}
observation time 0.001424, current best -0.816667 at iter 3
suggestion time taken 0.002041 iter 4 next_points [{'alpha': 0.005018170370563745, 'batch_size': 187, 'beta_1': 0.7442006722536598, 'beta_2': 0.9999647190376417, 'epsilon': 7.567830901714487e-09, 'hidden_layer_sizes': 183, 'learning_rate_init': 0.0006387043138813099, 'tol': 1.0327168581985017e-05, 'validation_fraction': 0.4978539716031431}]
/home/ryedida/.local/lib/python3.9/site-packages/sklearn/neural_network/_multilayer_perceptron.py:605: UserWarning: Got `batch_size` less than 1 or larger than sample size. It is going to be clipped
  warnings.warn(

function_evaluation time 0.056319 value -0.500000 suggestion {'alpha': 0.005018170370563745, 'batch_size': 187, 'beta_1': 0.7442006722536598, 'beta_2': 0.9999647190376417, 'epsilon': 7.567830901714487e-09, 'hidden_layer_sizes': 183, 'learning_rate_init': 0.0006387043138813099, 'tol': 1.0327168581985017e-05, 'validation_fraction': 0.4978539716031431}
observation time 0.001402, current best -0.816667 at iter 4
suggestion time taken 0.002041 iter 5 next_points [{'alpha': 0.016421580214909522, 'batch_size': 100, 'beta_1': 0.9893427103306116, 'beta_2': 0.999803697995407, 'epsilon': 1.6186053564566778e-09, 'hidden_layer_sizes': 195, 'learning_rate_init': 0.005497659264357944, 'tol': 0.00021619112085330942, 'validation_fraction': 0.4610848289721815}]
/home/ryedida/.local/lib/python3.9/site-packages/sklearn/neural_network/_multilayer_perceptron.py:605: UserWarning: Got `batch_size` less than 1 or larger than sample size. It is going to be clipped
  warnings.warn(

function_evaluation time 0.101858 value -0.916667 suggestion {'alpha': 0.016421580214909522, 'batch_size': 100, 'beta_1': 0.9893427103306116, 'beta_2': 0.999803697995407, 'epsilon': 1.6186053564566778e-09, 'hidden_layer_sizes': 195, 'learning_rate_init': 0.005497659264357944, 'tol': 0.00021619112085330942, 'validation_fraction': 0.4610848289721815}
observation time 0.001402, current best -0.916667 at iter 5
suggestion time taken 0.001729 iter 6 next_points [{'alpha': 3.0987813262580556e-05, 'batch_size': 231, 'beta_1': 0.9737947594532372, 'beta_2': 0.9993179226987406, 'epsilon': 1.256384388567135e-09, 'hidden_layer_sizes': 112, 'learning_rate_init': 0.0013879740407486496, 'tol': 0.0024363257963539863, 'validation_fraction': 0.5742042459480992}]
/home/ryedida/.local/lib/python3.9/site-packages/sklearn/neural_network/_multilayer_perceptron.py:605: UserWarning: Got `batch_size` less than 1 or larger than sample size. It is going to be clipped
  warnings.warn(

function_evaluation time 0.069956 value -0.708333 suggestion {'alpha': 3.0987813262580556e-05, 'batch_size': 231, 'beta_1': 0.9737947594532372, 'beta_2': 0.9993179226987406, 'epsilon': 1.256384388567135e-09, 'hidden_layer_sizes': 112, 'learning_rate_init': 0.0013879740407486496, 'tol': 0.0024363257963539863, 'validation_fraction': 0.5742042459480992}
observation time 0.001438, current best -0.916667 at iter 6
suggestion time taken 0.001758 iter 7 next_points [{'alpha': 0.0006612552555080883, 'batch_size': 42, 'beta_1': 0.9792460584737303, 'beta_2': 0.9998812281427587, 'epsilon': 3.794995820902169e-07, 'hidden_layer_sizes': 189, 'learning_rate_init': 0.0004268961542866869, 'tol': 0.011764208562872622, 'validation_fraction': 0.7969160503979731}]
/home/ryedida/.local/lib/python3.9/site-packages/sklearn/neural_network/_multilayer_perceptron.py:605: UserWarning: Got `batch_size` less than 1 or larger than sample size. It is going to be clipped
  warnings.warn(

function_evaluation time 0.058320 value -0.375000 suggestion {'alpha': 0.0006612552555080883, 'batch_size': 42, 'beta_1': 0.9792460584737303, 'beta_2': 0.9998812281427587, 'epsilon': 3.794995820902169e-07, 'hidden_layer_sizes': 189, 'learning_rate_init': 0.0004268961542866869, 'tol': 0.011764208562872622, 'validation_fraction': 0.7969160503979731}
observation time 0.001605, current best -0.916667 at iter 7
suggestion time taken 0.001823 iter 8 next_points [{'alpha': 0.41302484831338254, 'batch_size': 91, 'beta_1': 0.7709044603107413, 'beta_2': 0.999983029704153, 'epsilon': 1.3530215562614783e-08, 'hidden_layer_sizes': 115, 'learning_rate_init': 0.01040205827606889, 'tol': 0.0891494483549119, 'validation_fraction': 0.11326379158704629}]
function_evaluation time 0.060887 value -0.791667 suggestion {'alpha': 0.41302484831338254, 'batch_size': 91, 'beta_1': 0.7709044603107413, 'beta_2': 0.999983029704153, 'epsilon': 1.3530215562614783e-08, 'hidden_layer_sizes': 115, 'learning_rate_init': 0.01040205827606889, 'tol': 0.0891494483549119, 'validation_fraction': 0.11326379158704629}
observation time 0.001318, current best -0.916667 at iter 8
suggestion time taken 0.001733 iter 9 next_points [{'alpha': 3.5783770881121066, 'batch_size': 159, 'beta_1': 0.6068662184314186, 'beta_2': 0.9986885430102465, 'epsilon': 8.928251240424263e-07, 'hidden_layer_sizes': 172, 'learning_rate_init': 1.3478138997152782e-05, 'tol': 0.03992458278420862, 'validation_fraction': 0.21226083616928212}]
/home/ryedida/.local/lib/python3.9/site-packages/sklearn/neural_network/_multilayer_perceptron.py:605: UserWarning: Got `batch_size` less than 1 or larger than sample size. It is going to be clipped
  warnings.warn(

function_evaluation time 0.045756 value -0.325000 suggestion {'alpha': 3.5783770881121066, 'batch_size': 159, 'beta_1': 0.6068662184314186, 'beta_2': 0.9986885430102465, 'epsilon': 8.928251240424263e-07, 'hidden_layer_sizes': 172, 'learning_rate_init': 1.3478138997152782e-05, 'tol': 0.03992458278420862, 'validation_fraction': 0.21226083616928212}
observation time 0.001361, current best -0.916667 at iter 9
suggestion time taken 0.001727 iter 10 next_points [{'alpha': 0.030004330106690447, 'batch_size': 130, 'beta_1': 0.8248877100708952, 'beta_2': 0.9999523576117769, 'epsilon': 6.349020800338962e-08, 'hidden_layer_sizes': 100, 'learning_rate_init': 0.02932089690402659, 'tol': 0.00015407541659493714, 'validation_fraction': 0.6736060241456899}]
/home/ryedida/.local/lib/python3.9/site-packages/sklearn/neural_network/_multilayer_perceptron.py:605: UserWarning: Got `batch_size` less than 1 or larger than sample size. It is going to be clipped
  warnings.warn(

function_evaluation time 0.083240 value -0.950000 suggestion {'alpha': 0.030004330106690447, 'batch_size': 130, 'beta_1': 0.8248877100708952, 'beta_2': 0.9999523576117769, 'epsilon': 6.349020800338962e-08, 'hidden_layer_sizes': 100, 'learning_rate_init': 0.02932089690402659, 'tol': 0.00015407541659493714, 'validation_fraction': 0.6736060241456899}
observation time 0.001378, current best -0.950000 at iter 10
suggestion time taken 0.001675 iter 11 next_points [{'alpha': 0.00014923303787490127, 'batch_size': 17, 'beta_1': 0.9806167148007162, 'beta_2': 0.9644029392789543, 'epsilon': 5.120158604509908e-07, 'hidden_layer_sizes': 64, 'learning_rate_init': 0.00017581712944169067, 'tol': 2.437566548421881e-05, 'validation_fraction': 0.2717831963895894}]
function_evaluation time 0.114053 value -0.425000 suggestion {'alpha': 0.00014923303787490127, 'batch_size': 17, 'beta_1': 0.9806167148007162, 'beta_2': 0.9644029392789543, 'epsilon': 5.120158604509908e-07, 'hidden_layer_sizes': 64, 'learning_rate_init': 0.00017581712944169067, 'tol': 2.437566548421881e-05, 'validation_fraction': 0.2717831963895894}
observation time 0.001397, current best -0.950000 at iter 11
suggestion time taken 0.001684 iter 12 next_points [{'alpha': 2.2129702504170163, 'batch_size': 81, 'beta_1': 0.9024160897122411, 'beta_2': 0.9391689044351534, 'epsilon': 1.610433455019975e-07, 'hidden_layer_sizes': 67, 'learning_rate_init': 7.420248189396122e-05, 'tol': 0.0008768052773622884, 'validation_fraction': 0.6012857233875237}]
/home/ryedida/.local/lib/python3.9/site-packages/sklearn/neural_network/_multilayer_perceptron.py:605: UserWarning: Got `batch_size` less than 1 or larger than sample size. It is going to be clipped
  warnings.warn(

function_evaluation time 0.039830 value -0.333333 suggestion {'alpha': 2.2129702504170163, 'batch_size': 81, 'beta_1': 0.9024160897122411, 'beta_2': 0.9391689044351534, 'epsilon': 1.610433455019975e-07, 'hidden_layer_sizes': 67, 'learning_rate_init': 7.420248189396122e-05, 'tol': 0.0008768052773622884, 'validation_fraction': 0.6012857233875237}
observation time 0.001371, current best -0.950000 at iter 12
suggestion time taken 0.001693 iter 13 next_points [{'alpha': 0.806910305123514, 'batch_size': 48, 'beta_1': 0.7142270496872615, 'beta_2': 0.9748477519371412, 'epsilon': 2.612224558973321e-09, 'hidden_layer_sizes': 97, 'learning_rate_init': 0.06073835733912728, 'tol': 0.00042269178183496173, 'validation_fraction': 0.7008177238431}]
/home/ryedida/.local/lib/python3.9/site-packages/sklearn/neural_network/_multilayer_perceptron.py:605: UserWarning: Got `batch_size` less than 1 or larger than sample size. It is going to be clipped
  warnings.warn(

function_evaluation time 0.072627 value -0.950000 suggestion {'alpha': 0.806910305123514, 'batch_size': 48, 'beta_1': 0.7142270496872615, 'beta_2': 0.9748477519371412, 'epsilon': 2.612224558973321e-09, 'hidden_layer_sizes': 97, 'learning_rate_init': 0.06073835733912728, 'tol': 0.00042269178183496173, 'validation_fraction': 0.7008177238431}
observation time 0.001657, current best -0.950000 at iter 13
suggestion time taken 0.001747 iter 14 next_points [{'alpha': 0.00037797778279801834, 'batch_size': 242, 'beta_1': 0.5385454974982445, 'beta_2': 0.9999989459997727, 'epsilon': 2.2212148578224588e-08, 'hidden_layer_sizes': 165, 'learning_rate_init': 0.015593769788728338, 'tol': 0.0017762278151793858, 'validation_fraction': 0.8668936237083913}]
/home/ryedida/.local/lib/python3.9/site-packages/sklearn/neural_network/_multilayer_perceptron.py:605: UserWarning: Got `batch_size` less than 1 or larger than sample size. It is going to be clipped
  warnings.warn(

function_evaluation time 0.079146 value -0.950000 suggestion {'alpha': 0.00037797778279801834, 'batch_size': 242, 'beta_1': 0.5385454974982445, 'beta_2': 0.9999989459997727, 'epsilon': 2.2212148578224588e-08, 'hidden_layer_sizes': 165, 'learning_rate_init': 0.015593769788728338, 'tol': 0.0017762278151793858, 'validation_fraction': 0.8668936237083913}
observation time 0.001350, current best -0.950000 at iter 14
saving meta data: {'args': {'--uuid': '82f84ba96a3354b4bfe423801b343f02', '-db-root': '/home/ryedida/bbo_challenge_starter_kit/output', '--opt-root': '/home/ryedida/bbo_challenge_starter_kit/example_submissions', '--data-root': None, '--db': 'run_20230424_161204', '--opt': 'turbo', '--data': 'iris', '--classifier': 'MLP-adam', '--metric': 'acc', '--calls': 15, '--suggestions': 1, '--jobs-file': None, '--verbose': False, 'dry_run': False, 'rev': 'a376313', 'opt_rev': '0.0.1'}, 'signature': ([{'alpha': 0.019628224813442792, 'batch_size': 182, 'beta_1': 0.9410202200271762, 'beta_2': 0.9998021557676793, 'epsilon': 1.8662266976518e-08, 'hidden_layer_sizes': 147, 'learning_rate_init': 0.0005627932047415167, 'tol': 0.03690557729213761, 'validation_fraction': 0.8846827852548593}, {'alpha': 0.0019982467392329444, 'batch_size': 200, 'beta_1': 0.919111482530466, 'beta_2': 0.9998488260436156, 'epsilon': 5.981221901152555e-07, 'hidden_layer_sizes': 61, 'learning_rate_init': 2.2310905607443014e-05, 'tol': 1.2046852412030316e-05, 'validation_fraction': 0.8117896445826539}, {'alpha': 0.46659545670218433, 'batch_size': 219, 'beta_1': 0.9889789783750891, 'beta_2': 0.9999896868093284, 'epsilon': 2.4234724484675948e-08, 'hidden_layer_sizes': 167, 'learning_rate_init': 2.972334644335654e-05, 'tol': 0.0036281404040243792, 'validation_fraction': 0.17260651658522078}, {'alpha': 4.656005689076002, 'batch_size': 135, 'beta_1': 0.870503881627747, 'beta_2': 0.9948873266941017, 'epsilon': 2.1023308743480125e-07, 'hidden_layer_sizes': 118, 'learning_rate_init': 0.0018781738757161913, 'tol': 1.1889379831773004e-05, 'validation_fraction': 0.6264327093752792}, {'alpha': 0.04705159350400542, 'batch_size': 158, 'beta_1': 0.9870884262730957, 'beta_2': 0.9999596874382349, 'epsilon': 1.1981845126013875e-08, 'hidden_layer_sizes': 116, 'learning_rate_init': 0.00617340520407431, 'tol': 1.741413418158619e-05, 'validation_fraction': 0.6754299026638921}], [-0.41666666666666663, -0.275, -0.3416666666666667, -0.725, -0.875])}
saving results
saving timing
saving suggest log
done
