running: {'--uuid': '876cb9aec57254709b1e1d8ae8ab09fb', '-db-root': '/home/ryedida/bbo_challenge_starter_kit/output', '--opt-root': '/home/ryedida/bbo_challenge_starter_kit/example_submissions', '--data-root': None, '--db': 'run_20230424_161204', '--opt': 'smoothness', '--data': 'iris', '--classifier': 'MLP-adam', '--metric': 'nll', '--calls': 15, '--suggestions': 1, '--jobs-file': None, '--verbose': False, 'dry_run': False, 'rev': 'a376313', 'opt_rev': 'x.x.x'}
cmd: python smoothness/optimizer.py -c MLP-adam -d iris -o smoothness -u 876cb9aec57254709b1e1d8ae8ab09fb -m nll -n 15 -p 1 -dir /home/ryedida/bbo_challenge_starter_kit/output -b run_20230424_161204
/home/ryedida/.local/lib/python3.9/site-packages/sklearn/neural_network/_multilayer_perceptron.py:605: UserWarning: Got `batch_size` less than 1 or larger than sample size. It is going to be clipped
  warnings.warn(

/home/ryedida/.local/lib/python3.9/site-packages/sklearn/neural_network/_multilayer_perceptron.py:605: UserWarning: Got `batch_size` less than 1 or larger than sample size. It is going to be clipped
  warnings.warn(

/home/ryedida/.local/lib/python3.9/site-packages/sklearn/neural_network/_multilayer_perceptron.py:605: UserWarning: Got `batch_size` less than 1 or larger than sample size. It is going to be clipped
  warnings.warn(

/home/ryedida/.local/lib/python3.9/site-packages/sklearn/neural_network/_multilayer_perceptron.py:605: UserWarning: Got `batch_size` less than 1 or larger than sample size. It is going to be clipped
  warnings.warn(

/home/ryedida/.local/lib/python3.9/site-packages/sklearn/neural_network/_multilayer_perceptron.py:605: UserWarning: Got `batch_size` less than 1 or larger than sample size. It is going to be clipped
  warnings.warn(

computed signature: ([{'alpha': 0.019628224813442792, 'batch_size': 182, 'beta_1': 0.9410202200271762, 'beta_2': 0.9998021557676793, 'epsilon': 1.8662266976518e-08, 'hidden_layer_sizes': 147, 'learning_rate_init': 0.0005627932047415167, 'tol': 0.03690557729213761, 'validation_fraction': 0.8846827852548593}, {'alpha': 0.0019982467392329444, 'batch_size': 200, 'beta_1': 0.919111482530466, 'beta_2': 0.9998488260436156, 'epsilon': 5.981221901152555e-07, 'hidden_layer_sizes': 61, 'learning_rate_init': 2.2310905607443014e-05, 'tol': 1.2046852412030316e-05, 'validation_fraction': 0.8117896445826539}, {'alpha': 0.46659545670218433, 'batch_size': 219, 'beta_1': 0.9889789783750891, 'beta_2': 0.9999896868093284, 'epsilon': 2.4234724484675948e-08, 'hidden_layer_sizes': 167, 'learning_rate_init': 2.972334644335654e-05, 'tol': 0.0036281404040243792, 'validation_fraction': 0.17260651658522078}, {'alpha': 4.656005689076002, 'batch_size': 135, 'beta_1': 0.870503881627747, 'beta_2': 0.9948873266941017, 'epsilon': 2.1023308743480125e-07, 'hidden_layer_sizes': 118, 'learning_rate_init': 0.0018781738757161913, 'tol': 1.1889379831773004e-05, 'validation_fraction': 0.6264327093752792}, {'alpha': 0.04705159350400542, 'batch_size': 158, 'beta_1': 0.9870884262730957, 'beta_2': 0.9999596874382349, 'epsilon': 1.1981845126013875e-08, 'hidden_layer_sizes': 116, 'learning_rate_init': 0.00617340520407431, 'tol': 1.741413418158619e-05, 'validation_fraction': 0.6754299026638921}], [1.3105719841770722, 1.7760947732249062, 1.4322107566090756, 0.9097804858215804, 0.5745987066718419])
/home/ryedida/.local/lib/python3.9/site-packages/bayesmark/signatures.py:85: RuntimeWarning: Signature diverged on MLP-adam_iris_nll betwen [1.31057198 1.56976556 1.25224472 0.90978049 0.39813052] and [1.32439241 1.77609477 1.43221076 0.9966468  0.57459871]
  warnings.warn(

Signature errors:
                         0         1         2         3         4       max
MLP-adam_iris_nll  0.01382  0.206329  0.179966  0.086866  0.176468  0.206329
max                0.01382  0.206329  0.179966  0.086866  0.176468  0.206329
starting sklearn study smoothness MLP-adam iris nll 15 1
with data root: None
suggestion time taken 10.858508 iter 0 next_points [{'alpha': 2.1046600821252218e-05, 'batch_size': 12, 'beta_1': 0.7634072540322986, 'beta_2': 0.9999220591445964, 'epsilon': 1.223930139987526e-08, 'hidden_layer_sizes': 182, 'learning_rate_init': 2.0306763667407107e-05, 'tol': 2.524506217099686e-05, 'validation_fraction': 0.7652145023222419}]
function_evaluation time 0.059167 value 1.384758 suggestion {'alpha': 2.1046600821252218e-05, 'batch_size': 12, 'beta_1': 0.7634072540322986, 'beta_2': 0.9999220591445964, 'epsilon': 1.223930139987526e-08, 'hidden_layer_sizes': 182, 'learning_rate_init': 2.0306763667407107e-05, 'tol': 2.524506217099686e-05, 'validation_fraction': 0.7652145023222419}
observation time 0.000006, current best 1.384758 at iter 0
suggestion time taken 10.961472 iter 1 next_points [{'alpha': 0.005053712404392506, 'batch_size': 12, 'beta_1': 0.9896742105289645, 'beta_2': 0.9998833695403446, 'epsilon': 1.731426575947267e-07, 'hidden_layer_sizes': 123, 'learning_rate_init': 0.005326072005956335, 'tol': 0.0002796199996235291, 'validation_fraction': 0.5038341759077198}]
function_evaluation time 0.131497 value 0.378536 suggestion {'alpha': 0.005053712404392506, 'batch_size': 12, 'beta_1': 0.9896742105289645, 'beta_2': 0.9998833695403446, 'epsilon': 1.731426575947267e-07, 'hidden_layer_sizes': 123, 'learning_rate_init': 0.005326072005956335, 'tol': 0.0002796199996235291, 'validation_fraction': 0.5038341759077198}
observation time 0.000006, current best 0.378536 at iter 1
suggestion time taken 10.736233 iter 2 next_points [{'alpha': 9.424507135141541e-05, 'batch_size': 17, 'beta_1': 0.7821317844050323, 'beta_2': 0.9629840308887446, 'epsilon': 3.9583822009776595e-08, 'hidden_layer_sizes': 81, 'learning_rate_init': 0.002355034995189766, 'tol': 3.703795552155266e-05, 'validation_fraction': 0.11925911845217856}]
function_evaluation time 0.162966 value 0.452746 suggestion {'alpha': 9.424507135141541e-05, 'batch_size': 17, 'beta_1': 0.7821317844050323, 'beta_2': 0.9629840308887446, 'epsilon': 3.9583822009776595e-08, 'hidden_layer_sizes': 81, 'learning_rate_init': 0.002355034995189766, 'tol': 3.703795552155266e-05, 'validation_fraction': 0.11925911845217856}
observation time 0.000007, current best 0.378536 at iter 2
suggestion time taken 11.150224 iter 3 next_points [{'alpha': 0.0017935087591030654, 'batch_size': 25, 'beta_1': 0.8916542434704836, 'beta_2': 0.9999301244311207, 'epsilon': 7.136237247294611e-07, 'hidden_layer_sizes': 193, 'learning_rate_init': 0.03181319088986342, 'tol': 0.03421635544016039, 'validation_fraction': 0.6070404842532715}]
function_evaluation time 0.082655 value 0.230526 suggestion {'alpha': 0.0017935087591030654, 'batch_size': 25, 'beta_1': 0.8916542434704836, 'beta_2': 0.9999301244311207, 'epsilon': 7.136237247294611e-07, 'hidden_layer_sizes': 193, 'learning_rate_init': 0.03181319088986342, 'tol': 0.03421635544016039, 'validation_fraction': 0.6070404842532715}
observation time 0.000006, current best 0.230526 at iter 3
suggestion time taken 10.726522 iter 4 next_points [{'alpha': 4.846387258396236e-05, 'batch_size': 18, 'beta_1': 0.9415516924590731, 'beta_2': 0.9999982461227778, 'epsilon': 1.0500874979283994e-09, 'hidden_layer_sizes': 73, 'learning_rate_init': 3.6665701803964574e-05, 'tol': 1.0893202643101354e-05, 'validation_fraction': 0.3948700963358273}]
function_evaluation time 0.071782 value 1.480966 suggestion {'alpha': 4.846387258396236e-05, 'batch_size': 18, 'beta_1': 0.9415516924590731, 'beta_2': 0.9999982461227778, 'epsilon': 1.0500874979283994e-09, 'hidden_layer_sizes': 73, 'learning_rate_init': 3.6665701803964574e-05, 'tol': 1.0893202643101354e-05, 'validation_fraction': 0.3948700963358273}
observation time 0.000006, current best 0.230526 at iter 4
suggestion time taken 10.713821 iter 5 next_points [{'alpha': 3.804188235601811, 'batch_size': 20, 'beta_1': 0.9002886049495932, 'beta_2': 0.9987175594432526, 'epsilon': 3.9284448610510735e-09, 'hidden_layer_sizes': 82, 'learning_rate_init': 0.04294293135749647, 'tol': 3.999863132357998e-05, 'validation_fraction': 0.46984007637155434}]
function_evaluation time 0.098370 value 0.602039 suggestion {'alpha': 3.804188235601811, 'batch_size': 20, 'beta_1': 0.9002886049495932, 'beta_2': 0.9987175594432526, 'epsilon': 3.9284448610510735e-09, 'hidden_layer_sizes': 82, 'learning_rate_init': 0.04294293135749647, 'tol': 3.999863132357998e-05, 'validation_fraction': 0.46984007637155434}
observation time 0.000006, current best 0.230526 at iter 5
suggestion time taken 11.016386 iter 6 next_points [{'alpha': 9.943359356636867, 'batch_size': 18, 'beta_1': 0.9712919222097598, 'beta_2': 0.9835010476155662, 'epsilon': 1.6755606358647578e-07, 'hidden_layer_sizes': 159, 'learning_rate_init': 6.388470057651858e-05, 'tol': 0.02137568394267031, 'validation_fraction': 0.8905877464477888}]
/home/ryedida/.local/lib/python3.9/site-packages/sklearn/neural_network/_multilayer_perceptron.py:605: UserWarning: Got `batch_size` less than 1 or larger than sample size. It is going to be clipped
  warnings.warn(

function_evaluation time 0.053849 value 1.409060 suggestion {'alpha': 9.943359356636867, 'batch_size': 18, 'beta_1': 0.9712919222097598, 'beta_2': 0.9835010476155662, 'epsilon': 1.6755606358647578e-07, 'hidden_layer_sizes': 159, 'learning_rate_init': 6.388470057651858e-05, 'tol': 0.02137568394267031, 'validation_fraction': 0.8905877464477888}
observation time 0.000006, current best 0.230526 at iter 6
suggestion time taken 10.786757 iter 7 next_points [{'alpha': 0.013975230288328104, 'batch_size': 75, 'beta_1': 0.7198744787510207, 'beta_2': 0.9999932526928681, 'epsilon': 5.240260137362594e-08, 'hidden_layer_sizes': 92, 'learning_rate_init': 0.022957704611359365, 'tol': 0.0008588556150189008, 'validation_fraction': 0.7253706736037325}]
/home/ryedida/.local/lib/python3.9/site-packages/sklearn/neural_network/_multilayer_perceptron.py:605: UserWarning: Got `batch_size` less than 1 or larger than sample size. It is going to be clipped
  warnings.warn(

function_evaluation time 0.085603 value 0.307509 suggestion {'alpha': 0.013975230288328104, 'batch_size': 75, 'beta_1': 0.7198744787510207, 'beta_2': 0.9999932526928681, 'epsilon': 5.240260137362594e-08, 'hidden_layer_sizes': 92, 'learning_rate_init': 0.022957704611359365, 'tol': 0.0008588556150189008, 'validation_fraction': 0.7253706736037325}
observation time 0.000005, current best 0.230526 at iter 7
suggestion time taken 10.766435 iter 8 next_points [{'alpha': 0.12133311699842433, 'batch_size': 33, 'beta_1': 0.9338749224804996, 'beta_2': 0.9978520697482025, 'epsilon': 1.1700164043999802e-09, 'hidden_layer_sizes': 129, 'learning_rate_init': 3.7411112542095046e-05, 'tol': 0.0012891581012097933, 'validation_fraction': 0.3088333037510261}]
function_evaluation time 0.057639 value 1.549371 suggestion {'alpha': 0.12133311699842433, 'batch_size': 33, 'beta_1': 0.9338749224804996, 'beta_2': 0.9978520697482025, 'epsilon': 1.1700164043999802e-09, 'hidden_layer_sizes': 129, 'learning_rate_init': 3.7411112542095046e-05, 'tol': 0.0012891581012097933, 'validation_fraction': 0.3088333037510261}
observation time 0.000005, current best 0.230526 at iter 8
suggestion time taken 11.049964 iter 9 next_points [{'alpha': 0.002094777374924563, 'batch_size': 17, 'beta_1': 0.9824488829638899, 'beta_2': 0.999429007002499, 'epsilon': 1.2566862699596686e-07, 'hidden_layer_sizes': 65, 'learning_rate_init': 8.04312608747378e-05, 'tol': 0.005516204329374051, 'validation_fraction': 0.8091212296708751}]
function_evaluation time 0.091167 value 1.410949 suggestion {'alpha': 0.002094777374924563, 'batch_size': 17, 'beta_1': 0.9824488829638899, 'beta_2': 0.999429007002499, 'epsilon': 1.2566862699596686e-07, 'hidden_layer_sizes': 65, 'learning_rate_init': 8.04312608747378e-05, 'tol': 0.005516204329374051, 'validation_fraction': 0.8091212296708751}
observation time 0.000005, current best 0.230526 at iter 9
suggestion time taken 10.779819 iter 10 next_points [{'alpha': 1.3859344435851604, 'batch_size': 13, 'beta_1': 0.603716896409351, 'beta_2': 0.9888749962161002, 'epsilon': 2.4768862365147834e-08, 'hidden_layer_sizes': 87, 'learning_rate_init': 0.06615267869680617, 'tol': 0.0004851401733280767, 'validation_fraction': 0.8859001117851711}]
function_evaluation time 0.060815 value 1.262874 suggestion {'alpha': 1.3859344435851604, 'batch_size': 13, 'beta_1': 0.603716896409351, 'beta_2': 0.9888749962161002, 'epsilon': 2.4768862365147834e-08, 'hidden_layer_sizes': 87, 'learning_rate_init': 0.06615267869680617, 'tol': 0.0004851401733280767, 'validation_fraction': 0.8859001117851711}
observation time 0.000005, current best 0.230526 at iter 10
suggestion time taken 10.784516 iter 11 next_points [{'alpha': 4.674284011700461, 'batch_size': 49, 'beta_1': 0.9650283044523715, 'beta_2': 0.9999418958058749, 'epsilon': 1.6456512511471726e-08, 'hidden_layer_sizes': 57, 'learning_rate_init': 0.0013469656531510184, 'tol': 0.0001313878175895646, 'validation_fraction': 0.27427962613092155}]
function_evaluation time 0.084496 value 0.930267 suggestion {'alpha': 4.674284011700461, 'batch_size': 49, 'beta_1': 0.9650283044523715, 'beta_2': 0.9999418958058749, 'epsilon': 1.6456512511471726e-08, 'hidden_layer_sizes': 57, 'learning_rate_init': 0.0013469656531510184, 'tol': 0.0001313878175895646, 'validation_fraction': 0.27427962613092155}
observation time 0.000006, current best 0.230526 at iter 11
suggestion time taken 11.108882 iter 12 next_points [{'alpha': 0.0014672378064163982, 'batch_size': 17, 'beta_1': 0.8065024017641054, 'beta_2': 0.9783787639762682, 'epsilon': 1.0711083553536996e-07, 'hidden_layer_sizes': 123, 'learning_rate_init': 4.616864994335069e-05, 'tol': 0.0003949026955864071, 'validation_fraction': 0.6416531082075643}]
function_evaluation time 0.057374 value 1.354358 suggestion {'alpha': 0.0014672378064163982, 'batch_size': 17, 'beta_1': 0.8065024017641054, 'beta_2': 0.9783787639762682, 'epsilon': 1.0711083553536996e-07, 'hidden_layer_sizes': 123, 'learning_rate_init': 4.616864994335069e-05, 'tol': 0.0003949026955864071, 'validation_fraction': 0.6416531082075643}
observation time 0.000006, current best 0.230526 at iter 12
suggestion time taken 10.786150 iter 13 next_points [{'alpha': 1.2839584410009879, 'batch_size': 12, 'beta_1': 0.9159933422510316, 'beta_2': 0.9754096963624392, 'epsilon': 1.0120018540312794e-08, 'hidden_layer_sizes': 155, 'learning_rate_init': 0.0002527260455922396, 'tol': 0.0001549038699251964, 'validation_fraction': 0.45501351444350924}]
function_evaluation time 0.164164 value 0.889585 suggestion {'alpha': 1.2839584410009879, 'batch_size': 12, 'beta_1': 0.9159933422510316, 'beta_2': 0.9754096963624392, 'epsilon': 1.0120018540312794e-08, 'hidden_layer_sizes': 155, 'learning_rate_init': 0.0002527260455922396, 'tol': 0.0001549038699251964, 'validation_fraction': 0.45501351444350924}
observation time 0.000005, current best 0.230526 at iter 13
suggestion time taken 10.800662 iter 14 next_points [{'alpha': 0.010840703850349208, 'batch_size': 14, 'beta_1': 0.8411835683358377, 'beta_2': 0.999905898987287, 'epsilon': 8.859257196404009e-09, 'hidden_layer_sizes': 144, 'learning_rate_init': 0.0010431123391156808, 'tol': 0.030696515007906915, 'validation_fraction': 0.5593343051030025}]
function_evaluation time 0.118592 value 0.760290 suggestion {'alpha': 0.010840703850349208, 'batch_size': 14, 'beta_1': 0.8411835683358377, 'beta_2': 0.999905898987287, 'epsilon': 8.859257196404009e-09, 'hidden_layer_sizes': 144, 'learning_rate_init': 0.0010431123391156808, 'tol': 0.030696515007906915, 'validation_fraction': 0.5593343051030025}
observation time 0.000005, current best 0.230526 at iter 14
saving meta data: {'args': {'--uuid': '876cb9aec57254709b1e1d8ae8ab09fb', '-db-root': '/home/ryedida/bbo_challenge_starter_kit/output', '--opt-root': '/home/ryedida/bbo_challenge_starter_kit/example_submissions', '--data-root': None, '--db': 'run_20230424_161204', '--opt': 'smoothness', '--data': 'iris', '--classifier': 'MLP-adam', '--metric': 'nll', '--calls': 15, '--suggestions': 1, '--jobs-file': None, '--verbose': False, 'dry_run': False, 'rev': 'a376313', 'opt_rev': 'x.x.x'}, 'signature': ([{'alpha': 0.019628224813442792, 'batch_size': 182, 'beta_1': 0.9410202200271762, 'beta_2': 0.9998021557676793, 'epsilon': 1.8662266976518e-08, 'hidden_layer_sizes': 147, 'learning_rate_init': 0.0005627932047415167, 'tol': 0.03690557729213761, 'validation_fraction': 0.8846827852548593}, {'alpha': 0.0019982467392329444, 'batch_size': 200, 'beta_1': 0.919111482530466, 'beta_2': 0.9998488260436156, 'epsilon': 5.981221901152555e-07, 'hidden_layer_sizes': 61, 'learning_rate_init': 2.2310905607443014e-05, 'tol': 1.2046852412030316e-05, 'validation_fraction': 0.8117896445826539}, {'alpha': 0.46659545670218433, 'batch_size': 219, 'beta_1': 0.9889789783750891, 'beta_2': 0.9999896868093284, 'epsilon': 2.4234724484675948e-08, 'hidden_layer_sizes': 167, 'learning_rate_init': 2.972334644335654e-05, 'tol': 0.0036281404040243792, 'validation_fraction': 0.17260651658522078}, {'alpha': 4.656005689076002, 'batch_size': 135, 'beta_1': 0.870503881627747, 'beta_2': 0.9948873266941017, 'epsilon': 2.1023308743480125e-07, 'hidden_layer_sizes': 118, 'learning_rate_init': 0.0018781738757161913, 'tol': 1.1889379831773004e-05, 'validation_fraction': 0.6264327093752792}, {'alpha': 0.04705159350400542, 'batch_size': 158, 'beta_1': 0.9870884262730957, 'beta_2': 0.9999596874382349, 'epsilon': 1.1981845126013875e-08, 'hidden_layer_sizes': 116, 'learning_rate_init': 0.00617340520407431, 'tol': 1.741413418158619e-05, 'validation_fraction': 0.6754299026638921}], [1.3105719841770722, 1.7760947732249062, 1.4322107566090756, 0.9097804858215804, 0.5745987066718419])}
saving results
saving timing
saving suggest log
done
