running: {'--uuid': 'b21933860329541c877c65fcc4971821', '-db-root': '/home/ryedida/bbo_challenge_starter_kit/output', '--opt-root': '/home/ryedida/bbo_challenge_starter_kit/example_submissions', '--data-root': None, '--db': 'run_20230424_161204', '--opt': 'opentuner', '--data': 'iris', '--classifier': 'MLP-adam', '--metric': 'nll', '--calls': 15, '--suggestions': 1, '--jobs-file': None, '--verbose': False, 'dry_run': False, 'rev': 'a376313', 'opt_rev': '0.8.8'}
cmd: python opentuner/optimizer.py -c MLP-adam -d iris -o opentuner -u b21933860329541c877c65fcc4971821 -m nll -n 15 -p 1 -dir /home/ryedida/bbo_challenge_starter_kit/output -b run_20230424_161204
/home/ryedida/.local/lib/python3.9/site-packages/sklearn/neural_network/_multilayer_perceptron.py:605: UserWarning: Got `batch_size` less than 1 or larger than sample size. It is going to be clipped
  warnings.warn(

/home/ryedida/.local/lib/python3.9/site-packages/sklearn/neural_network/_multilayer_perceptron.py:605: UserWarning: Got `batch_size` less than 1 or larger than sample size. It is going to be clipped
  warnings.warn(

/home/ryedida/.local/lib/python3.9/site-packages/sklearn/neural_network/_multilayer_perceptron.py:605: UserWarning: Got `batch_size` less than 1 or larger than sample size. It is going to be clipped
  warnings.warn(

/home/ryedida/.local/lib/python3.9/site-packages/sklearn/neural_network/_multilayer_perceptron.py:605: UserWarning: Got `batch_size` less than 1 or larger than sample size. It is going to be clipped
  warnings.warn(

/home/ryedida/.local/lib/python3.9/site-packages/sklearn/neural_network/_multilayer_perceptron.py:605: UserWarning: Got `batch_size` less than 1 or larger than sample size. It is going to be clipped
  warnings.warn(

computed signature: ([{'alpha': 0.019628224813442792, 'batch_size': 182, 'beta_1': 0.9410202200271762, 'beta_2': 0.9998021557676793, 'epsilon': 1.8662266976518e-08, 'hidden_layer_sizes': 147, 'learning_rate_init': 0.0005627932047415167, 'tol': 0.03690557729213761, 'validation_fraction': 0.8846827852548593}, {'alpha': 0.0019982467392329444, 'batch_size': 200, 'beta_1': 0.919111482530466, 'beta_2': 0.9998488260436156, 'epsilon': 5.981221901152555e-07, 'hidden_layer_sizes': 61, 'learning_rate_init': 2.2310905607443014e-05, 'tol': 1.2046852412030316e-05, 'validation_fraction': 0.8117896445826539}, {'alpha': 0.46659545670218433, 'batch_size': 219, 'beta_1': 0.9889789783750891, 'beta_2': 0.9999896868093284, 'epsilon': 2.4234724484675948e-08, 'hidden_layer_sizes': 167, 'learning_rate_init': 2.972334644335654e-05, 'tol': 0.0036281404040243792, 'validation_fraction': 0.17260651658522078}, {'alpha': 4.656005689076002, 'batch_size': 135, 'beta_1': 0.870503881627747, 'beta_2': 0.9948873266941017, 'epsilon': 2.1023308743480125e-07, 'hidden_layer_sizes': 118, 'learning_rate_init': 0.0018781738757161913, 'tol': 1.1889379831773004e-05, 'validation_fraction': 0.6264327093752792}, {'alpha': 0.04705159350400542, 'batch_size': 158, 'beta_1': 0.9870884262730957, 'beta_2': 0.9999596874382349, 'epsilon': 1.1981845126013875e-08, 'hidden_layer_sizes': 116, 'learning_rate_init': 0.00617340520407431, 'tol': 1.741413418158619e-05, 'validation_fraction': 0.6754299026638921}], [1.3105719841770722, 1.7760947732249062, 1.4322107566090756, 0.9097804858215804, 0.5745987066718419])
/home/ryedida/.local/lib/python3.9/site-packages/bayesmark/signatures.py:85: RuntimeWarning: Signature diverged on MLP-adam_iris_nll betwen [1.31057198 1.56976556 1.25224472 0.90978049 0.39813052] and [1.32439241 1.77609477 1.43221076 0.9966468  0.57459871]
  warnings.warn(

Signature errors:
                         0         1         2         3         4       max
MLP-adam_iris_nll  0.01382  0.206329  0.179966  0.086866  0.176468  0.206329
max                0.01382  0.206329  0.179966  0.086866  0.176468  0.206329
starting sklearn study opentuner MLP-adam iris nll 15 1
with data root: None
suggestion time taken 0.056955 iter 0 next_points [{'hidden_layer_sizes': 185, 'alpha': 2.7815709861225923, 'batch_size': 210, 'learning_rate_init': 0.06950662877506934, 'tol': 0.06857518587317772, 'validation_fraction': 0.7570645331628998, 'beta_1': 0.6146750197088339, 'beta_2': 0.9998521803538482, 'epsilon': 3.818008570693744e-07}]
/home/ryedida/.local/lib/python3.9/site-packages/sklearn/neural_network/_multilayer_perceptron.py:605: UserWarning: Got `batch_size` less than 1 or larger than sample size. It is going to be clipped
  warnings.warn(

function_evaluation time 0.061160 value 0.446974 suggestion {'hidden_layer_sizes': 185, 'alpha': 2.7815709861225923, 'batch_size': 210, 'learning_rate_init': 0.06950662877506934, 'tol': 0.06857518587317772, 'validation_fraction': 0.7570645331628998, 'beta_1': 0.6146750197088339, 'beta_2': 0.9998521803538482, 'epsilon': 3.818008570693744e-07}
observation time 0.004308, current best 0.446974 at iter 0
suggestion time taken 0.007717 iter 1 next_points [{'hidden_layer_sizes': 185, 'alpha': 2.7815709861225923, 'batch_size': 210, 'learning_rate_init': 0.07227657751724774, 'tol': 0.06857518587317772, 'validation_fraction': 0.7570645331628998, 'beta_1': 0.664499093265735, 'beta_2': 0.9998521803538482, 'epsilon': 3.818008570693744e-07}]
/home/ryedida/.local/lib/python3.9/site-packages/sklearn/neural_network/_multilayer_perceptron.py:605: UserWarning: Got `batch_size` less than 1 or larger than sample size. It is going to be clipped
  warnings.warn(

function_evaluation time 0.070528 value 1.039270 suggestion {'hidden_layer_sizes': 185, 'alpha': 2.7815709861225923, 'batch_size': 210, 'learning_rate_init': 0.07227657751724774, 'tol': 0.06857518587317772, 'validation_fraction': 0.7570645331628998, 'beta_1': 0.664499093265735, 'beta_2': 0.9998521803538482, 'epsilon': 3.818008570693744e-07}
observation time 0.002093, current best 0.446974 at iter 1
suggestion time taken 0.021618 iter 2 next_points [{'beta_1': 0.7249367900261505, 'batch_size': 220, 'validation_fraction': 0.4872268255061222, 'beta_2': 0.9995920192470894, 'hidden_layer_sizes': 197, 'tol': 0.059403049312570504, 'alpha': 0.5219713349905709, 'epsilon': 7.811501358262186e-07, 'learning_rate_init': 0.0472577825415687}]
/home/ryedida/.local/lib/python3.9/site-packages/sklearn/neural_network/_multilayer_perceptron.py:605: UserWarning: Got `batch_size` less than 1 or larger than sample size. It is going to be clipped
  warnings.warn(

function_evaluation time 0.077946 value 0.379839 suggestion {'beta_1': 0.7249367900261505, 'batch_size': 220, 'validation_fraction': 0.4872268255061222, 'beta_2': 0.9995920192470894, 'hidden_layer_sizes': 197, 'tol': 0.059403049312570504, 'alpha': 0.5219713349905709, 'epsilon': 7.811501358262186e-07, 'learning_rate_init': 0.0472577825415687}
observation time 0.002008, current best 0.379839 at iter 2
suggestion time taken 0.007078 iter 3 next_points [{'beta_1': 0.6524030015357822, 'batch_size': 220, 'validation_fraction': 0.4872268255061222, 'beta_2': 0.9995920192470894, 'hidden_layer_sizes': 197, 'tol': 0.09256887111989369, 'alpha': 0.5219713349905709, 'epsilon': 7.811501358262186e-07, 'learning_rate_init': 0.08984572236261383}]
/home/ryedida/.local/lib/python3.9/site-packages/sklearn/neural_network/_multilayer_perceptron.py:605: UserWarning: Got `batch_size` less than 1 or larger than sample size. It is going to be clipped
  warnings.warn(

function_evaluation time 0.065954 value 0.681682 suggestion {'beta_1': 0.6524030015357822, 'batch_size': 220, 'validation_fraction': 0.4872268255061222, 'beta_2': 0.9995920192470894, 'hidden_layer_sizes': 197, 'tol': 0.09256887111989369, 'alpha': 0.5219713349905709, 'epsilon': 7.811501358262186e-07, 'learning_rate_init': 0.08984572236261383}
observation time 0.001836, current best 0.379839 at iter 3
suggestion time taken 0.005181 iter 4 next_points [{'hidden_layer_sizes': 196, 'alpha': 6.144420155699355, 'batch_size': 19, 'learning_rate_init': 0.07063766583729618, 'tol': 0.027807442375448122, 'validation_fraction': 0.7838725680162829, 'beta_1': 0.6727547832825672, 'beta_2': 0.9117294951040665, 'epsilon': 6.735242660543529e-07}]
function_evaluation time 0.063298 value 2.076359 suggestion {'hidden_layer_sizes': 196, 'alpha': 6.144420155699355, 'batch_size': 19, 'learning_rate_init': 0.07063766583729618, 'tol': 0.027807442375448122, 'validation_fraction': 0.7838725680162829, 'beta_1': 0.6727547832825672, 'beta_2': 0.9117294951040665, 'epsilon': 6.735242660543529e-07}
observation time 0.001841, current best 0.379839 at iter 4
suggestion time taken 0.006124 iter 5 next_points [{'beta_1': 0.8845155755640881, 'batch_size': 100, 'validation_fraction': 0.15213751098489114, 'beta_2': 0.9541978107819313, 'hidden_layer_sizes': 66, 'tol': 0.09810770150448238, 'alpha': 2.625576001948988, 'epsilon': 6.430182199207147e-07, 'learning_rate_init': 0.04319243154944246}]
function_evaluation time 0.062996 value 0.448731 suggestion {'beta_1': 0.8845155755640881, 'batch_size': 100, 'validation_fraction': 0.15213751098489114, 'beta_2': 0.9541978107819313, 'hidden_layer_sizes': 66, 'tol': 0.09810770150448238, 'alpha': 2.625576001948988, 'epsilon': 6.430182199207147e-07, 'learning_rate_init': 0.04319243154944246}
observation time 0.001816, current best 0.379839 at iter 5
suggestion time taken 0.005143 iter 6 next_points [{'hidden_layer_sizes': 137, 'alpha': 2.7706501910492216, 'batch_size': 28, 'learning_rate_init': 0.06280335253366924, 'tol': 0.08500370663333172, 'validation_fraction': 0.27378538304801736, 'beta_1': 0.7525505307099283, 'beta_2': 0.9455142488025862, 'epsilon': 5.049999511069481e-07}]
function_evaluation time 0.086749 value 0.455961 suggestion {'hidden_layer_sizes': 137, 'alpha': 2.7706501910492216, 'batch_size': 28, 'learning_rate_init': 0.06280335253366924, 'tol': 0.08500370663333172, 'validation_fraction': 0.27378538304801736, 'beta_1': 0.7525505307099283, 'beta_2': 0.9455142488025862, 'epsilon': 5.049999511069481e-07}
observation time 0.001805, current best 0.379839 at iter 6
suggestion time taken 0.005839 iter 7 next_points [{'beta_1': 0.5127015064555971, 'batch_size': 96, 'validation_fraction': 0.2520606451097381, 'beta_2': 0.9914447518991027, 'hidden_layer_sizes': 193, 'tol': 0.02259954063309626, 'alpha': 3.077698972263885, 'epsilon': 3.765793080983949e-07, 'learning_rate_init': 0.01982695683652984}]
/home/ryedida/.local/lib/python3.9/site-packages/sklearn/neural_network/_multilayer_perceptron.py:605: UserWarning: Got `batch_size` less than 1 or larger than sample size. It is going to be clipped
  warnings.warn(

function_evaluation time 0.074434 value 0.450754 suggestion {'beta_1': 0.5127015064555971, 'batch_size': 96, 'validation_fraction': 0.2520606451097381, 'beta_2': 0.9914447518991027, 'hidden_layer_sizes': 193, 'tol': 0.02259954063309626, 'alpha': 3.077698972263885, 'epsilon': 3.765793080983949e-07, 'learning_rate_init': 0.01982695683652984}
observation time 0.001902, current best 0.379839 at iter 7
suggestion time taken 0.005806 iter 8 next_points [{'beta_1': 0.5259890140020963, 'batch_size': 19, 'validation_fraction': 0.42223838737515884, 'beta_2': 0.9437367060852435, 'hidden_layer_sizes': 101, 'tol': 0.08179328872562468, 'alpha': 1.468947197537792, 'epsilon': 5.649043165750479e-07, 'learning_rate_init': 0.08197628179001597}]
function_evaluation time 0.085633 value 0.413555 suggestion {'beta_1': 0.5259890140020963, 'batch_size': 19, 'validation_fraction': 0.42223838737515884, 'beta_2': 0.9437367060852435, 'hidden_layer_sizes': 101, 'tol': 0.08179328872562468, 'alpha': 1.468947197537792, 'epsilon': 5.649043165750479e-07, 'learning_rate_init': 0.08197628179001597}
observation time 0.001837, current best 0.379839 at iter 8
suggestion time taken 0.005010 iter 9 next_points [{'hidden_layer_sizes': 106, 'alpha': 1.8958526728442666, 'batch_size': 120, 'learning_rate_init': 0.004574938498944126, 'tol': 0.047768665234644674, 'validation_fraction': 0.7769693881553139, 'beta_1': 0.5510965282662444, 'beta_2': 0.9030043411530756, 'epsilon': 7.890149011096904e-07}]
/home/ryedida/.local/lib/python3.9/site-packages/sklearn/neural_network/_multilayer_perceptron.py:605: UserWarning: Got `batch_size` less than 1 or larger than sample size. It is going to be clipped
  warnings.warn(

function_evaluation time 0.059830 value 0.680492 suggestion {'hidden_layer_sizes': 106, 'alpha': 1.8958526728442666, 'batch_size': 120, 'learning_rate_init': 0.004574938498944126, 'tol': 0.047768665234644674, 'validation_fraction': 0.7769693881553139, 'beta_1': 0.5510965282662444, 'beta_2': 0.9030043411530756, 'epsilon': 7.890149011096904e-07}
observation time 0.001809, current best 0.379839 at iter 9
suggestion time taken 0.006391 iter 10 next_points [{'hidden_layer_sizes': 152, 'alpha': 9.319998372897885, 'batch_size': 69, 'learning_rate_init': 0.007319311764479797, 'tol': 0.07546004225139107, 'validation_fraction': 0.3200706395910509, 'beta_1': 0.8016924409638327, 'beta_2': 0.90809363228305, 'epsilon': 8.565721129344107e-07}]
function_evaluation time 0.061430 value 0.677450 suggestion {'hidden_layer_sizes': 152, 'alpha': 9.319998372897885, 'batch_size': 69, 'learning_rate_init': 0.007319311764479797, 'tol': 0.07546004225139107, 'validation_fraction': 0.3200706395910509, 'beta_1': 0.8016924409638327, 'beta_2': 0.90809363228305, 'epsilon': 8.565721129344107e-07}
observation time 0.001826, current best 0.379839 at iter 10
suggestion time taken 0.005885 iter 11 next_points [{'beta_1': 0.7012512921843428, 'batch_size': 226, 'validation_fraction': 0.18339136655842847, 'beta_2': 0.9876506797890435, 'hidden_layer_sizes': 164, 'tol': 0.06941471838026263, 'alpha': 5.399438306436857, 'epsilon': 4.195735871242713e-07, 'learning_rate_init': 0.014281348178469756}]
/home/ryedida/.local/lib/python3.9/site-packages/sklearn/neural_network/_multilayer_perceptron.py:605: UserWarning: Got `batch_size` less than 1 or larger than sample size. It is going to be clipped
  warnings.warn(

function_evaluation time 0.065142 value 0.433949 suggestion {'beta_1': 0.7012512921843428, 'batch_size': 226, 'validation_fraction': 0.18339136655842847, 'beta_2': 0.9876506797890435, 'hidden_layer_sizes': 164, 'tol': 0.06941471838026263, 'alpha': 5.399438306436857, 'epsilon': 4.195735871242713e-07, 'learning_rate_init': 0.014281348178469756}
observation time 0.001813, current best 0.379839 at iter 11
suggestion time taken 0.006970 iter 12 next_points [{'beta_1': 0.746026540846465, 'batch_size': 220, 'validation_fraction': 0.6595361882182961, 'beta_2': 0.9891092061226948, 'hidden_layer_sizes': 197, 'tol': 0.0417810404820979, 'alpha': 0.5219713349905709, 'epsilon': 7.811501358262186e-07, 'learning_rate_init': 0.0472577825415687}]
/home/ryedida/.local/lib/python3.9/site-packages/sklearn/neural_network/_multilayer_perceptron.py:605: UserWarning: Got `batch_size` less than 1 or larger than sample size. It is going to be clipped
  warnings.warn(

function_evaluation time 0.076696 value 0.287178 suggestion {'beta_1': 0.746026540846465, 'batch_size': 220, 'validation_fraction': 0.6595361882182961, 'beta_2': 0.9891092061226948, 'hidden_layer_sizes': 197, 'tol': 0.0417810404820979, 'alpha': 0.5219713349905709, 'epsilon': 7.811501358262186e-07, 'learning_rate_init': 0.0472577825415687}
observation time 0.001854, current best 0.287178 at iter 12
suggestion time taken 0.006896 iter 13 next_points [{'beta_1': 0.7361131271694179, 'batch_size': 220, 'validation_fraction': 0.6595361882182961, 'beta_2': 0.9891092061226948, 'hidden_layer_sizes': 197, 'tol': 0.0417810404820979, 'alpha': 0.5219713349905709, 'epsilon': 6.178182453691884e-07, 'learning_rate_init': 0.0472577825415687}]
/home/ryedida/.local/lib/python3.9/site-packages/sklearn/neural_network/_multilayer_perceptron.py:605: UserWarning: Got `batch_size` less than 1 or larger than sample size. It is going to be clipped
  warnings.warn(

function_evaluation time 0.074151 value 0.319713 suggestion {'beta_1': 0.7361131271694179, 'batch_size': 220, 'validation_fraction': 0.6595361882182961, 'beta_2': 0.9891092061226948, 'hidden_layer_sizes': 197, 'tol': 0.0417810404820979, 'alpha': 0.5219713349905709, 'epsilon': 6.178182453691884e-07, 'learning_rate_init': 0.0472577825415687}
observation time 0.001826, current best 0.287178 at iter 13
suggestion time taken 0.006910 iter 14 next_points [{'beta_1': 0.6770991303373723, 'batch_size': 200, 'validation_fraction': 0.6595361882182961, 'beta_2': 0.9891092061226948, 'hidden_layer_sizes': 182, 'tol': 0.0417810404820979, 'alpha': 0.5219713349905709, 'epsilon': 7.811501358262186e-07, 'learning_rate_init': 0.038623185237446726}]
/home/ryedida/.local/lib/python3.9/site-packages/sklearn/neural_network/_multilayer_perceptron.py:605: UserWarning: Got `batch_size` less than 1 or larger than sample size. It is going to be clipped
  warnings.warn(

function_evaluation time 0.072652 value 0.340631 suggestion {'beta_1': 0.6770991303373723, 'batch_size': 200, 'validation_fraction': 0.6595361882182961, 'beta_2': 0.9891092061226948, 'hidden_layer_sizes': 182, 'tol': 0.0417810404820979, 'alpha': 0.5219713349905709, 'epsilon': 7.811501358262186e-07, 'learning_rate_init': 0.038623185237446726}
observation time 0.001973, current best 0.287178 at iter 14
saving meta data: {'args': {'--uuid': 'b21933860329541c877c65fcc4971821', '-db-root': '/home/ryedida/bbo_challenge_starter_kit/output', '--opt-root': '/home/ryedida/bbo_challenge_starter_kit/example_submissions', '--data-root': None, '--db': 'run_20230424_161204', '--opt': 'opentuner', '--data': 'iris', '--classifier': 'MLP-adam', '--metric': 'nll', '--calls': 15, '--suggestions': 1, '--jobs-file': None, '--verbose': False, 'dry_run': False, 'rev': 'a376313', 'opt_rev': '0.8.8'}, 'signature': ([{'alpha': 0.019628224813442792, 'batch_size': 182, 'beta_1': 0.9410202200271762, 'beta_2': 0.9998021557676793, 'epsilon': 1.8662266976518e-08, 'hidden_layer_sizes': 147, 'learning_rate_init': 0.0005627932047415167, 'tol': 0.03690557729213761, 'validation_fraction': 0.8846827852548593}, {'alpha': 0.0019982467392329444, 'batch_size': 200, 'beta_1': 0.919111482530466, 'beta_2': 0.9998488260436156, 'epsilon': 5.981221901152555e-07, 'hidden_layer_sizes': 61, 'learning_rate_init': 2.2310905607443014e-05, 'tol': 1.2046852412030316e-05, 'validation_fraction': 0.8117896445826539}, {'alpha': 0.46659545670218433, 'batch_size': 219, 'beta_1': 0.9889789783750891, 'beta_2': 0.9999896868093284, 'epsilon': 2.4234724484675948e-08, 'hidden_layer_sizes': 167, 'learning_rate_init': 2.972334644335654e-05, 'tol': 0.0036281404040243792, 'validation_fraction': 0.17260651658522078}, {'alpha': 4.656005689076002, 'batch_size': 135, 'beta_1': 0.870503881627747, 'beta_2': 0.9948873266941017, 'epsilon': 2.1023308743480125e-07, 'hidden_layer_sizes': 118, 'learning_rate_init': 0.0018781738757161913, 'tol': 1.1889379831773004e-05, 'validation_fraction': 0.6264327093752792}, {'alpha': 0.04705159350400542, 'batch_size': 158, 'beta_1': 0.9870884262730957, 'beta_2': 0.9999596874382349, 'epsilon': 1.1981845126013875e-08, 'hidden_layer_sizes': 116, 'learning_rate_init': 0.00617340520407431, 'tol': 1.741413418158619e-05, 'validation_fraction': 0.6754299026638921}], [1.3105719841770722, 1.7760947732249062, 1.4322107566090756, 0.9097804858215804, 0.5745987066718419])}
saving results
saving timing
saving suggest log
done
