running: {'--uuid': 'cb8a74a7cc4e5f5c96ece5b9d832a626', '-db-root': '/home/ryedida/bbo_challenge_starter_kit/output', '--opt-root': '/home/ryedida/bbo_challenge_starter_kit/example_submissions', '--data-root': None, '--db': 'run_20230424_161204', '--opt': 'hyperopt', '--data': 'iris', '--classifier': 'MLP-adam', '--metric': 'acc', '--calls': 15, '--suggestions': 1, '--jobs-file': None, '--verbose': False, 'dry_run': False, 'rev': 'a376313', 'opt_rev': '0.2.7'}
cmd: python hyperopt/optimizer.py -c MLP-adam -d iris -o hyperopt -u cb8a74a7cc4e5f5c96ece5b9d832a626 -m acc -n 15 -p 1 -dir /home/ryedida/bbo_challenge_starter_kit/output -b run_20230424_161204
/home/ryedida/.local/lib/python3.9/site-packages/sklearn/neural_network/_multilayer_perceptron.py:605: UserWarning: Got `batch_size` less than 1 or larger than sample size. It is going to be clipped
  warnings.warn(

/home/ryedida/.local/lib/python3.9/site-packages/sklearn/neural_network/_multilayer_perceptron.py:605: UserWarning: Got `batch_size` less than 1 or larger than sample size. It is going to be clipped
  warnings.warn(

/home/ryedida/.local/lib/python3.9/site-packages/sklearn/neural_network/_multilayer_perceptron.py:605: UserWarning: Got `batch_size` less than 1 or larger than sample size. It is going to be clipped
  warnings.warn(

/home/ryedida/.local/lib/python3.9/site-packages/sklearn/neural_network/_multilayer_perceptron.py:605: UserWarning: Got `batch_size` less than 1 or larger than sample size. It is going to be clipped
  warnings.warn(

/home/ryedida/.local/lib/python3.9/site-packages/sklearn/neural_network/_multilayer_perceptron.py:605: UserWarning: Got `batch_size` less than 1 or larger than sample size. It is going to be clipped
  warnings.warn(

computed signature: ([{'alpha': 0.019628224813442792, 'batch_size': 182, 'beta_1': 0.9410202200271762, 'beta_2': 0.9998021557676793, 'epsilon': 1.8662266976518e-08, 'hidden_layer_sizes': 147, 'learning_rate_init': 0.0005627932047415167, 'tol': 0.03690557729213761, 'validation_fraction': 0.8846827852548593}, {'alpha': 0.0019982467392329444, 'batch_size': 200, 'beta_1': 0.919111482530466, 'beta_2': 0.9998488260436156, 'epsilon': 5.981221901152555e-07, 'hidden_layer_sizes': 61, 'learning_rate_init': 2.2310905607443014e-05, 'tol': 1.2046852412030316e-05, 'validation_fraction': 0.8117896445826539}, {'alpha': 0.46659545670218433, 'batch_size': 219, 'beta_1': 0.9889789783750891, 'beta_2': 0.9999896868093284, 'epsilon': 2.4234724484675948e-08, 'hidden_layer_sizes': 167, 'learning_rate_init': 2.972334644335654e-05, 'tol': 0.0036281404040243792, 'validation_fraction': 0.17260651658522078}, {'alpha': 4.656005689076002, 'batch_size': 135, 'beta_1': 0.870503881627747, 'beta_2': 0.9948873266941017, 'epsilon': 2.1023308743480125e-07, 'hidden_layer_sizes': 118, 'learning_rate_init': 0.0018781738757161913, 'tol': 1.1889379831773004e-05, 'validation_fraction': 0.6264327093752792}, {'alpha': 0.04705159350400542, 'batch_size': 158, 'beta_1': 0.9870884262730957, 'beta_2': 0.9999596874382349, 'epsilon': 1.1981845126013875e-08, 'hidden_layer_sizes': 116, 'learning_rate_init': 0.00617340520407431, 'tol': 1.741413418158619e-05, 'validation_fraction': 0.6754299026638921}], [-0.41666666666666663, -0.275, -0.3416666666666667, -0.725, -0.875])
/home/ryedida/.local/lib/python3.9/site-packages/bayesmark/signatures.py:85: RuntimeWarning: Signature diverged on MLP-adam_iris_acc betwen [-0.52290909 -0.27918182 -0.34166667 -0.725      -0.91715152] and [-0.41666667 -0.275      -0.26133333 -0.68915152 -0.875     ]
  warnings.warn(

Signature errors:
                          0         1         2         3         4       max
MLP-adam_iris_acc  0.106242  0.004182  0.080333  0.035848  0.042152  0.106242
max                0.106242  0.004182  0.080333  0.035848  0.042152  0.106242
starting sklearn study hyperopt MLP-adam iris acc 15 1
with data root: None
suggestion time taken 0.002398 iter 0 next_points [{'alpha': 0.00014988507004952558, 'batch_size': 57, 'beta_1': 0.7319336549022525, 'beta_2': 0.9995141343458854, 'epsilon': 8.280128355028796e-08, 'hidden_layer_sizes': 166, 'learning_rate_init': 0.0031069404670282267, 'tol': 0.02244175405255101, 'validation_fraction': 0.16170097150606852}]
function_evaluation time 0.087736 value -0.891667 suggestion {'alpha': 0.00014988507004952558, 'batch_size': 57, 'beta_1': 0.7319336549022525, 'beta_2': 0.9995141343458854, 'epsilon': 8.280128355028796e-08, 'hidden_layer_sizes': 166, 'learning_rate_init': 0.0031069404670282267, 'tol': 0.02244175405255101, 'validation_fraction': 0.16170097150606852}
observation time 0.000078, current best -0.891667 at iter 0
suggestion time taken 0.002344 iter 1 next_points [{'alpha': 4.262908096711525, 'batch_size': 225, 'beta_1': 0.6463920252866998, 'beta_2': 0.9076229581970083, 'epsilon': 1.3789529765410596e-09, 'hidden_layer_sizes': 125, 'learning_rate_init': 0.0006797476161525259, 'tol': 0.00014392442158286877, 'validation_fraction': 0.2248236868207957}]
/home/ryedida/.local/lib/python3.9/site-packages/sklearn/neural_network/_multilayer_perceptron.py:605: UserWarning: Got `batch_size` less than 1 or larger than sample size. It is going to be clipped
  warnings.warn(

function_evaluation time 0.056142 value -0.458333 suggestion {'alpha': 4.262908096711525, 'batch_size': 225, 'beta_1': 0.6463920252866998, 'beta_2': 0.9076229581970083, 'epsilon': 1.3789529765410596e-09, 'hidden_layer_sizes': 125, 'learning_rate_init': 0.0006797476161525259, 'tol': 0.00014392442158286877, 'validation_fraction': 0.2248236868207957}
observation time 0.000071, current best -0.891667 at iter 1
suggestion time taken 0.002372 iter 2 next_points [{'alpha': 1.5251898846189565e-05, 'batch_size': 123, 'beta_1': 0.6357215181191367, 'beta_2': 0.9532501956046182, 'epsilon': 1.243915639518759e-07, 'hidden_layer_sizes': 174, 'learning_rate_init': 0.0029078940530215536, 'tol': 0.000333398264344226, 'validation_fraction': 0.14309125208679413}]
/home/ryedida/.local/lib/python3.9/site-packages/sklearn/neural_network/_multilayer_perceptron.py:605: UserWarning: Got `batch_size` less than 1 or larger than sample size. It is going to be clipped
  warnings.warn(

function_evaluation time 0.101319 value -0.808333 suggestion {'alpha': 1.5251898846189565e-05, 'batch_size': 123, 'beta_1': 0.6357215181191367, 'beta_2': 0.9532501956046182, 'epsilon': 1.243915639518759e-07, 'hidden_layer_sizes': 174, 'learning_rate_init': 0.0029078940530215536, 'tol': 0.000333398264344226, 'validation_fraction': 0.14309125208679413}
observation time 0.000072, current best -0.891667 at iter 2
suggestion time taken 0.002126 iter 3 next_points [{'alpha': 0.0034215902944571995, 'batch_size': 83, 'beta_1': 0.6117028072894293, 'beta_2': 0.9763037035574172, 'epsilon': 2.478366710132558e-07, 'hidden_layer_sizes': 68, 'learning_rate_init': 0.007429915093111136, 'tol': 5.670462336381612e-05, 'validation_fraction': 0.2234623556248662}]
function_evaluation time 0.072763 value -0.875000 suggestion {'alpha': 0.0034215902944571995, 'batch_size': 83, 'beta_1': 0.6117028072894293, 'beta_2': 0.9763037035574172, 'epsilon': 2.478366710132558e-07, 'hidden_layer_sizes': 68, 'learning_rate_init': 0.007429915093111136, 'tol': 5.670462336381612e-05, 'validation_fraction': 0.2234623556248662}
observation time 0.000069, current best -0.891667 at iter 3
suggestion time taken 0.002303 iter 4 next_points [{'alpha': 1.6344246759050565, 'batch_size': 172, 'beta_1': 0.8645055369584115, 'beta_2': 0.976899130308152, 'epsilon': 2.3316948514140524e-07, 'hidden_layer_sizes': 77, 'learning_rate_init': 0.0002828221141282267, 'tol': 0.06422654134074046, 'validation_fraction': 0.18726930312752277}]
/home/ryedida/.local/lib/python3.9/site-packages/sklearn/neural_network/_multilayer_perceptron.py:605: UserWarning: Got `batch_size` less than 1 or larger than sample size. It is going to be clipped
  warnings.warn(

function_evaluation time 0.045401 value -0.508333 suggestion {'alpha': 1.6344246759050565, 'batch_size': 172, 'beta_1': 0.8645055369584115, 'beta_2': 0.976899130308152, 'epsilon': 2.3316948514140524e-07, 'hidden_layer_sizes': 77, 'learning_rate_init': 0.0002828221141282267, 'tol': 0.06422654134074046, 'validation_fraction': 0.18726930312752277}
observation time 0.000069, current best -0.891667 at iter 4
suggestion time taken 0.002109 iter 5 next_points [{'alpha': 0.0008156080646569863, 'batch_size': 110, 'beta_1': 0.6762196827688669, 'beta_2': 0.9738560303442624, 'epsilon': 2.8792268203015426e-09, 'hidden_layer_sizes': 131, 'learning_rate_init': 2.2800764493852804e-05, 'tol': 1.3108845738046169e-05, 'validation_fraction': 0.6536017571743473}]
/home/ryedida/.local/lib/python3.9/site-packages/sklearn/neural_network/_multilayer_perceptron.py:605: UserWarning: Got `batch_size` less than 1 or larger than sample size. It is going to be clipped
  warnings.warn(

function_evaluation time 0.043389 value -0.233333 suggestion {'alpha': 0.0008156080646569863, 'batch_size': 110, 'beta_1': 0.6762196827688669, 'beta_2': 0.9738560303442624, 'epsilon': 2.8792268203015426e-09, 'hidden_layer_sizes': 131, 'learning_rate_init': 2.2800764493852804e-05, 'tol': 1.3108845738046169e-05, 'validation_fraction': 0.6536017571743473}
observation time 0.000072, current best -0.891667 at iter 5
suggestion time taken 0.002175 iter 6 next_points [{'alpha': 0.00029334134889671997, 'batch_size': 166, 'beta_1': 0.9361953842215864, 'beta_2': 0.9074001593659503, 'epsilon': 6.658249519221185e-07, 'hidden_layer_sizes': 80, 'learning_rate_init': 0.0011212454394825353, 'tol': 0.09004323827265048, 'validation_fraction': 0.3052907549818581}]
/home/ryedida/.local/lib/python3.9/site-packages/sklearn/neural_network/_multilayer_perceptron.py:605: UserWarning: Got `batch_size` less than 1 or larger than sample size. It is going to be clipped
  warnings.warn(

function_evaluation time 0.056677 value -0.675000 suggestion {'alpha': 0.00029334134889671997, 'batch_size': 166, 'beta_1': 0.9361953842215864, 'beta_2': 0.9074001593659503, 'epsilon': 6.658249519221185e-07, 'hidden_layer_sizes': 80, 'learning_rate_init': 0.0011212454394825353, 'tol': 0.09004323827265048, 'validation_fraction': 0.3052907549818581}
observation time 0.000070, current best -0.891667 at iter 6
suggestion time taken 0.002427 iter 7 next_points [{'alpha': 0.42992410991905317, 'batch_size': 158, 'beta_1': 0.6492836673763599, 'beta_2': 0.9862649432925122, 'epsilon': 7.181278473708049e-07, 'hidden_layer_sizes': 168, 'learning_rate_init': 0.000583569055522769, 'tol': 0.0604296043844856, 'validation_fraction': 0.21547334318856337}]
/home/ryedida/.local/lib/python3.9/site-packages/sklearn/neural_network/_multilayer_perceptron.py:605: UserWarning: Got `batch_size` less than 1 or larger than sample size. It is going to be clipped
  warnings.warn(

function_evaluation time 0.064681 value -0.466667 suggestion {'alpha': 0.42992410991905317, 'batch_size': 158, 'beta_1': 0.6492836673763599, 'beta_2': 0.9862649432925122, 'epsilon': 7.181278473708049e-07, 'hidden_layer_sizes': 168, 'learning_rate_init': 0.000583569055522769, 'tol': 0.0604296043844856, 'validation_fraction': 0.21547334318856337}
observation time 0.000078, current best -0.891667 at iter 7
suggestion time taken 0.002147 iter 8 next_points [{'alpha': 0.023499102330091365, 'batch_size': 146, 'beta_1': 0.5281121344154367, 'beta_2': 0.972352677999129, 'epsilon': 1.1252759916109108e-07, 'hidden_layer_sizes': 156, 'learning_rate_init': 0.0036646271631680175, 'tol': 0.0004908153208912952, 'validation_fraction': 0.12331527090027461}]
/home/ryedida/.local/lib/python3.9/site-packages/sklearn/neural_network/_multilayer_perceptron.py:605: UserWarning: Got `batch_size` less than 1 or larger than sample size. It is going to be clipped
  warnings.warn(

function_evaluation time 0.078917 value -0.733333 suggestion {'alpha': 0.023499102330091365, 'batch_size': 146, 'beta_1': 0.5281121344154367, 'beta_2': 0.972352677999129, 'epsilon': 1.1252759916109108e-07, 'hidden_layer_sizes': 156, 'learning_rate_init': 0.0036646271631680175, 'tol': 0.0004908153208912952, 'validation_fraction': 0.12331527090027461}
observation time 0.000074, current best -0.891667 at iter 8
suggestion time taken 0.002128 iter 9 next_points [{'alpha': 0.00011183132768929048, 'batch_size': 46, 'beta_1': 0.7413162790995883, 'beta_2': 0.9433256683784461, 'epsilon': 2.9219212376117737e-07, 'hidden_layer_sizes': 53, 'learning_rate_init': 7.281106688044423e-05, 'tol': 0.03297068787974639, 'validation_fraction': 0.16402932687647462}]
function_evaluation time 0.051975 value -0.333333 suggestion {'alpha': 0.00011183132768929048, 'batch_size': 46, 'beta_1': 0.7413162790995883, 'beta_2': 0.9433256683784461, 'epsilon': 2.9219212376117737e-07, 'hidden_layer_sizes': 53, 'learning_rate_init': 7.281106688044423e-05, 'tol': 0.03297068787974639, 'validation_fraction': 0.16402932687647462}
observation time 0.000071, current best -0.891667 at iter 9
suggestion time taken 0.002122 iter 10 next_points [{'alpha': 0.00012190648921618351, 'batch_size': 152, 'beta_1': 0.6247059764897418, 'beta_2': 0.9632255221314853, 'epsilon': 4.391736449653386e-09, 'hidden_layer_sizes': 108, 'learning_rate_init': 0.017023713930969114, 'tol': 0.0467439669335975, 'validation_fraction': 0.4868988927169526}]
/home/ryedida/.local/lib/python3.9/site-packages/sklearn/neural_network/_multilayer_perceptron.py:605: UserWarning: Got `batch_size` less than 1 or larger than sample size. It is going to be clipped
  warnings.warn(

function_evaluation time 0.061856 value -0.941667 suggestion {'alpha': 0.00012190648921618351, 'batch_size': 152, 'beta_1': 0.6247059764897418, 'beta_2': 0.9632255221314853, 'epsilon': 4.391736449653386e-09, 'hidden_layer_sizes': 108, 'learning_rate_init': 0.017023713930969114, 'tol': 0.0467439669335975, 'validation_fraction': 0.4868988927169526}
observation time 0.000072, current best -0.941667 at iter 10
suggestion time taken 0.002134 iter 11 next_points [{'alpha': 0.0003986724733995096, 'batch_size': 41, 'beta_1': 0.5882081878476036, 'beta_2': 0.9967221216225537, 'epsilon': 2.3175896624783203e-07, 'hidden_layer_sizes': 95, 'learning_rate_init': 2.231837849727316e-05, 'tol': 0.0003587617775428528, 'validation_fraction': 0.20108738560884998}]
function_evaluation time 0.052755 value -0.333333 suggestion {'alpha': 0.0003986724733995096, 'batch_size': 41, 'beta_1': 0.5882081878476036, 'beta_2': 0.9967221216225537, 'epsilon': 2.3175896624783203e-07, 'hidden_layer_sizes': 95, 'learning_rate_init': 2.231837849727316e-05, 'tol': 0.0003587617775428528, 'validation_fraction': 0.20108738560884998}
observation time 0.000075, current best -0.941667 at iter 11
suggestion time taken 0.002132 iter 12 next_points [{'alpha': 0.0004149654437120181, 'batch_size': 119, 'beta_1': 0.746336392822634, 'beta_2': 0.9629991248993098, 'epsilon': 1.1423446901965497e-09, 'hidden_layer_sizes': 109, 'learning_rate_init': 0.004202033170671564, 'tol': 2.992938779585626e-05, 'validation_fraction': 0.13873374532083885}]
/home/ryedida/.local/lib/python3.9/site-packages/sklearn/neural_network/_multilayer_perceptron.py:605: UserWarning: Got `batch_size` less than 1 or larger than sample size. It is going to be clipped
  warnings.warn(

function_evaluation time 0.062943 value -0.750000 suggestion {'alpha': 0.0004149654437120181, 'batch_size': 119, 'beta_1': 0.746336392822634, 'beta_2': 0.9629991248993098, 'epsilon': 1.1423446901965497e-09, 'hidden_layer_sizes': 109, 'learning_rate_init': 0.004202033170671564, 'tol': 2.992938779585626e-05, 'validation_fraction': 0.13873374532083885}
observation time 0.000070, current best -0.941667 at iter 12
suggestion time taken 0.002149 iter 13 next_points [{'alpha': 0.006247456515453857, 'batch_size': 224, 'beta_1': 0.526344814764237, 'beta_2': 0.9636744498375102, 'epsilon': 1.2937127197918244e-08, 'hidden_layer_sizes': 64, 'learning_rate_init': 0.011890514017932233, 'tol': 2.4786466900652333e-05, 'validation_fraction': 0.4191345038217019}]
/home/ryedida/.local/lib/python3.9/site-packages/sklearn/neural_network/_multilayer_perceptron.py:605: UserWarning: Got `batch_size` less than 1 or larger than sample size. It is going to be clipped
  warnings.warn(

function_evaluation time 0.097402 value -0.916667 suggestion {'alpha': 0.006247456515453857, 'batch_size': 224, 'beta_1': 0.526344814764237, 'beta_2': 0.9636744498375102, 'epsilon': 1.2937127197918244e-08, 'hidden_layer_sizes': 64, 'learning_rate_init': 0.011890514017932233, 'tol': 2.4786466900652333e-05, 'validation_fraction': 0.4191345038217019}
observation time 0.000074, current best -0.941667 at iter 13
suggestion time taken 0.002119 iter 14 next_points [{'alpha': 0.45499683697375554, 'batch_size': 105, 'beta_1': 0.926407152924249, 'beta_2': 0.9279876184837591, 'epsilon': 3.9753708652108e-09, 'hidden_layer_sizes': 88, 'learning_rate_init': 0.02371995591189747, 'tol': 0.006359769987136752, 'validation_fraction': 0.40173480433699404}]
/home/ryedida/.local/lib/python3.9/site-packages/sklearn/neural_network/_multilayer_perceptron.py:605: UserWarning: Got `batch_size` less than 1 or larger than sample size. It is going to be clipped
  warnings.warn(

function_evaluation time 0.076532 value -0.983333 suggestion {'alpha': 0.45499683697375554, 'batch_size': 105, 'beta_1': 0.926407152924249, 'beta_2': 0.9279876184837591, 'epsilon': 3.9753708652108e-09, 'hidden_layer_sizes': 88, 'learning_rate_init': 0.02371995591189747, 'tol': 0.006359769987136752, 'validation_fraction': 0.40173480433699404}
observation time 0.000072, current best -0.983333 at iter 14
saving meta data: {'args': {'--uuid': 'cb8a74a7cc4e5f5c96ece5b9d832a626', '-db-root': '/home/ryedida/bbo_challenge_starter_kit/output', '--opt-root': '/home/ryedida/bbo_challenge_starter_kit/example_submissions', '--data-root': None, '--db': 'run_20230424_161204', '--opt': 'hyperopt', '--data': 'iris', '--classifier': 'MLP-adam', '--metric': 'acc', '--calls': 15, '--suggestions': 1, '--jobs-file': None, '--verbose': False, 'dry_run': False, 'rev': 'a376313', 'opt_rev': '0.2.7'}, 'signature': ([{'alpha': 0.019628224813442792, 'batch_size': 182, 'beta_1': 0.9410202200271762, 'beta_2': 0.9998021557676793, 'epsilon': 1.8662266976518e-08, 'hidden_layer_sizes': 147, 'learning_rate_init': 0.0005627932047415167, 'tol': 0.03690557729213761, 'validation_fraction': 0.8846827852548593}, {'alpha': 0.0019982467392329444, 'batch_size': 200, 'beta_1': 0.919111482530466, 'beta_2': 0.9998488260436156, 'epsilon': 5.981221901152555e-07, 'hidden_layer_sizes': 61, 'learning_rate_init': 2.2310905607443014e-05, 'tol': 1.2046852412030316e-05, 'validation_fraction': 0.8117896445826539}, {'alpha': 0.46659545670218433, 'batch_size': 219, 'beta_1': 0.9889789783750891, 'beta_2': 0.9999896868093284, 'epsilon': 2.4234724484675948e-08, 'hidden_layer_sizes': 167, 'learning_rate_init': 2.972334644335654e-05, 'tol': 0.0036281404040243792, 'validation_fraction': 0.17260651658522078}, {'alpha': 4.656005689076002, 'batch_size': 135, 'beta_1': 0.870503881627747, 'beta_2': 0.9948873266941017, 'epsilon': 2.1023308743480125e-07, 'hidden_layer_sizes': 118, 'learning_rate_init': 0.0018781738757161913, 'tol': 1.1889379831773004e-05, 'validation_fraction': 0.6264327093752792}, {'alpha': 0.04705159350400542, 'batch_size': 158, 'beta_1': 0.9870884262730957, 'beta_2': 0.9999596874382349, 'epsilon': 1.1981845126013875e-08, 'hidden_layer_sizes': 116, 'learning_rate_init': 0.00617340520407431, 'tol': 1.741413418158619e-05, 'validation_fraction': 0.6754299026638921}], [-0.41666666666666663, -0.275, -0.3416666666666667, -0.725, -0.875])}
saving results
saving timing
saving suggest log
done
