running: {'--uuid': 'da1edd86657953e3afd38831c173b826', '-db-root': '/home/ryedida/bbo_challenge_starter_kit/output', '--opt-root': '/home/ryedida/bbo_challenge_starter_kit/example_submissions', '--data-root': None, '--db': 'run_20230424_161204', '--opt': 'random-search', '--data': 'iris', '--classifier': 'MLP-adam', '--metric': 'nll', '--calls': 15, '--suggestions': 1, '--jobs-file': None, '--verbose': False, 'dry_run': False, 'rev': 'a376313', 'opt_rev': '0.0.8'}
cmd: python random-search/optimizer.py -c MLP-adam -d iris -o random-search -u da1edd86657953e3afd38831c173b826 -m nll -n 15 -p 1 -dir /home/ryedida/bbo_challenge_starter_kit/output -b run_20230424_161204
/home/ryedida/.local/lib/python3.9/site-packages/sklearn/neural_network/_multilayer_perceptron.py:605: UserWarning: Got `batch_size` less than 1 or larger than sample size. It is going to be clipped
  warnings.warn(

/home/ryedida/.local/lib/python3.9/site-packages/sklearn/neural_network/_multilayer_perceptron.py:605: UserWarning: Got `batch_size` less than 1 or larger than sample size. It is going to be clipped
  warnings.warn(

/home/ryedida/.local/lib/python3.9/site-packages/sklearn/neural_network/_multilayer_perceptron.py:605: UserWarning: Got `batch_size` less than 1 or larger than sample size. It is going to be clipped
  warnings.warn(

/home/ryedida/.local/lib/python3.9/site-packages/sklearn/neural_network/_multilayer_perceptron.py:605: UserWarning: Got `batch_size` less than 1 or larger than sample size. It is going to be clipped
  warnings.warn(

/home/ryedida/.local/lib/python3.9/site-packages/sklearn/neural_network/_multilayer_perceptron.py:605: UserWarning: Got `batch_size` less than 1 or larger than sample size. It is going to be clipped
  warnings.warn(

computed signature: ([{'alpha': 0.019628224813442792, 'batch_size': 182, 'beta_1': 0.9410202200271762, 'beta_2': 0.9998021557676793, 'epsilon': 1.8662266976518e-08, 'hidden_layer_sizes': 147, 'learning_rate_init': 0.0005627932047415167, 'tol': 0.03690557729213761, 'validation_fraction': 0.8846827852548593}, {'alpha': 0.0019982467392329444, 'batch_size': 200, 'beta_1': 0.919111482530466, 'beta_2': 0.9998488260436156, 'epsilon': 5.981221901152555e-07, 'hidden_layer_sizes': 61, 'learning_rate_init': 2.2310905607443014e-05, 'tol': 1.2046852412030316e-05, 'validation_fraction': 0.8117896445826539}, {'alpha': 0.46659545670218433, 'batch_size': 219, 'beta_1': 0.9889789783750891, 'beta_2': 0.9999896868093284, 'epsilon': 2.4234724484675948e-08, 'hidden_layer_sizes': 167, 'learning_rate_init': 2.972334644335654e-05, 'tol': 0.0036281404040243792, 'validation_fraction': 0.17260651658522078}, {'alpha': 4.656005689076002, 'batch_size': 135, 'beta_1': 0.870503881627747, 'beta_2': 0.9948873266941017, 'epsilon': 2.1023308743480125e-07, 'hidden_layer_sizes': 118, 'learning_rate_init': 0.0018781738757161913, 'tol': 1.1889379831773004e-05, 'validation_fraction': 0.6264327093752792}, {'alpha': 0.04705159350400542, 'batch_size': 158, 'beta_1': 0.9870884262730957, 'beta_2': 0.9999596874382349, 'epsilon': 1.1981845126013875e-08, 'hidden_layer_sizes': 116, 'learning_rate_init': 0.00617340520407431, 'tol': 1.741413418158619e-05, 'validation_fraction': 0.6754299026638921}], [1.3105719841770722, 1.7760947732249062, 1.4322107566090756, 0.9097804858215804, 0.5745987066718419])
/home/ryedida/.local/lib/python3.9/site-packages/bayesmark/signatures.py:85: RuntimeWarning: Signature diverged on MLP-adam_iris_nll betwen [1.31057198 1.56976556 1.25224472 0.90978049 0.39813052] and [1.32439241 1.77609477 1.43221076 0.9966468  0.57459871]
  warnings.warn(

Signature errors:
                         0         1         2         3         4       max
MLP-adam_iris_nll  0.01382  0.206329  0.179966  0.086866  0.176468  0.206329
max                0.01382  0.206329  0.179966  0.086866  0.176468  0.206329
starting sklearn study random-search MLP-adam iris nll 15 1
with data root: None
suggestion time taken 0.002630 iter 0 next_points [{'alpha': 2.6096408177659155e-05, 'batch_size': 93, 'beta_1': 0.6488091686886337, 'beta_2': 0.999750529158574, 'epsilon': 3.107724448308141e-09, 'hidden_layer_sizes': 168, 'learning_rate_init': 0.0011433047025873496, 'tol': 0.00012073872142130039, 'validation_fraction': 0.5494153944817228}]
/home/ryedida/.local/lib/python3.9/site-packages/sklearn/neural_network/_multilayer_perceptron.py:605: UserWarning: Got `batch_size` less than 1 or larger than sample size. It is going to be clipped
  warnings.warn(

function_evaluation time 0.110925 value 0.839953 suggestion {'alpha': 2.6096408177659155e-05, 'batch_size': 93, 'beta_1': 0.6488091686886337, 'beta_2': 0.999750529158574, 'epsilon': 3.107724448308141e-09, 'hidden_layer_sizes': 168, 'learning_rate_init': 0.0011433047025873496, 'tol': 0.00012073872142130039, 'validation_fraction': 0.5494153944817228}
observation time 0.000006, current best 0.839953 at iter 0
suggestion time taken 0.002590 iter 1 next_points [{'alpha': 0.00017194610411134728, 'batch_size': 46, 'beta_1': 0.5434258125406857, 'beta_2': 0.9153952762852081, 'epsilon': 6.678329924498962e-08, 'hidden_layer_sizes': 153, 'learning_rate_init': 1.216865754653866e-05, 'tol': 0.0007807543784894585, 'validation_fraction': 0.8381550497268528}]
/home/ryedida/.local/lib/python3.9/site-packages/sklearn/neural_network/_multilayer_perceptron.py:605: UserWarning: Got `batch_size` less than 1 or larger than sample size. It is going to be clipped
  warnings.warn(

function_evaluation time 0.044253 value 1.378962 suggestion {'alpha': 0.00017194610411134728, 'batch_size': 46, 'beta_1': 0.5434258125406857, 'beta_2': 0.9153952762852081, 'epsilon': 6.678329924498962e-08, 'hidden_layer_sizes': 153, 'learning_rate_init': 1.216865754653866e-05, 'tol': 0.0007807543784894585, 'validation_fraction': 0.8381550497268528}
observation time 0.000005, current best 0.839953 at iter 1
suggestion time taken 0.002556 iter 2 next_points [{'alpha': 0.07084499312877951, 'batch_size': 26, 'beta_1': 0.7624831532890475, 'beta_2': 0.9999962087586798, 'epsilon': 1.5154431523962439e-09, 'hidden_layer_sizes': 174, 'learning_rate_init': 0.06418354105301839, 'tol': 0.04140832039367652, 'validation_fraction': 0.11844952906806136}]
function_evaluation time 0.127736 value 0.264357 suggestion {'alpha': 0.07084499312877951, 'batch_size': 26, 'beta_1': 0.7624831532890475, 'beta_2': 0.9999962087586798, 'epsilon': 1.5154431523962439e-09, 'hidden_layer_sizes': 174, 'learning_rate_init': 0.06418354105301839, 'tol': 0.04140832039367652, 'validation_fraction': 0.11844952906806136}
observation time 0.000005, current best 0.264357 at iter 2
suggestion time taken 0.002840 iter 3 next_points [{'alpha': 1.1460581639691194, 'batch_size': 115, 'beta_1': 0.8870260636359171, 'beta_2': 0.9999981740906649, 'epsilon': 4.214190485474398e-07, 'hidden_layer_sizes': 104, 'learning_rate_init': 0.002013890400098499, 'tol': 0.08032570509765033, 'validation_fraction': 0.32846212078834397}]
/home/ryedida/.local/lib/python3.9/site-packages/sklearn/neural_network/_multilayer_perceptron.py:605: UserWarning: Got `batch_size` less than 1 or larger than sample size. It is going to be clipped
  warnings.warn(

function_evaluation time 0.055777 value 0.819322 suggestion {'alpha': 1.1460581639691194, 'batch_size': 115, 'beta_1': 0.8870260636359171, 'beta_2': 0.9999981740906649, 'epsilon': 4.214190485474398e-07, 'hidden_layer_sizes': 104, 'learning_rate_init': 0.002013890400098499, 'tol': 0.08032570509765033, 'validation_fraction': 0.32846212078834397}
observation time 0.000004, current best 0.264357 at iter 3
suggestion time taken 0.002473 iter 4 next_points [{'alpha': 0.0011204455219583419, 'batch_size': 38, 'beta_1': 0.9431557296955335, 'beta_2': 0.9611369055638384, 'epsilon': 1.0505382633379644e-08, 'hidden_layer_sizes': 77, 'learning_rate_init': 0.006599571121839756, 'tol': 3.4432956390834575e-05, 'validation_fraction': 0.32426214931182307}]
function_evaluation time 0.092393 value 0.482509 suggestion {'alpha': 0.0011204455219583419, 'batch_size': 38, 'beta_1': 0.9431557296955335, 'beta_2': 0.9611369055638384, 'epsilon': 1.0505382633379644e-08, 'hidden_layer_sizes': 77, 'learning_rate_init': 0.006599571121839756, 'tol': 3.4432956390834575e-05, 'validation_fraction': 0.32426214931182307}
observation time 0.000005, current best 0.264357 at iter 4
suggestion time taken 0.002479 iter 5 next_points [{'alpha': 0.001373274401951119, 'batch_size': 138, 'beta_1': 0.9600446381360089, 'beta_2': 0.9998025450121703, 'epsilon': 3.1254312050290112e-09, 'hidden_layer_sizes': 61, 'learning_rate_init': 3.472851951930503e-05, 'tol': 0.00010309004112579624, 'validation_fraction': 0.32550902618972555}]
/home/ryedida/.local/lib/python3.9/site-packages/sklearn/neural_network/_multilayer_perceptron.py:605: UserWarning: Got `batch_size` less than 1 or larger than sample size. It is going to be clipped
  warnings.warn(

function_evaluation time 0.044000 value 1.516111 suggestion {'alpha': 0.001373274401951119, 'batch_size': 138, 'beta_1': 0.9600446381360089, 'beta_2': 0.9998025450121703, 'epsilon': 3.1254312050290112e-09, 'hidden_layer_sizes': 61, 'learning_rate_init': 3.472851951930503e-05, 'tol': 0.00010309004112579624, 'validation_fraction': 0.32550902618972555}
observation time 0.000005, current best 0.264357 at iter 5
suggestion time taken 0.002729 iter 6 next_points [{'alpha': 0.06334859800927009, 'batch_size': 39, 'beta_1': 0.5998273995178738, 'beta_2': 0.9999881633619814, 'epsilon': 1.6657795718363716e-08, 'hidden_layer_sizes': 102, 'learning_rate_init': 0.0391296688702933, 'tol': 0.0009056359437639569, 'validation_fraction': 0.8263074532883663}]
/home/ryedida/.local/lib/python3.9/site-packages/sklearn/neural_network/_multilayer_perceptron.py:605: UserWarning: Got `batch_size` less than 1 or larger than sample size. It is going to be clipped
  warnings.warn(

function_evaluation time 0.084275 value 0.346849 suggestion {'alpha': 0.06334859800927009, 'batch_size': 39, 'beta_1': 0.5998273995178738, 'beta_2': 0.9999881633619814, 'epsilon': 1.6657795718363716e-08, 'hidden_layer_sizes': 102, 'learning_rate_init': 0.0391296688702933, 'tol': 0.0009056359437639569, 'validation_fraction': 0.8263074532883663}
observation time 0.000004, current best 0.264357 at iter 6
suggestion time taken 0.002693 iter 7 next_points [{'alpha': 0.5054525693518948, 'batch_size': 65, 'beta_1': 0.9823792307478487, 'beta_2': 0.9987304820441832, 'epsilon': 6.349607040690185e-07, 'hidden_layer_sizes': 82, 'learning_rate_init': 0.00016713845056318355, 'tol': 0.0001393853106834054, 'validation_fraction': 0.108450377632113}]
function_evaluation time 0.063442 value 2.093715 suggestion {'alpha': 0.5054525693518948, 'batch_size': 65, 'beta_1': 0.9823792307478487, 'beta_2': 0.9987304820441832, 'epsilon': 6.349607040690185e-07, 'hidden_layer_sizes': 82, 'learning_rate_init': 0.00016713845056318355, 'tol': 0.0001393853106834054, 'validation_fraction': 0.108450377632113}
observation time 0.000005, current best 0.264357 at iter 7
suggestion time taken 0.002570 iter 8 next_points [{'alpha': 2.0409780232584196e-05, 'batch_size': 147, 'beta_1': 0.9114311552807368, 'beta_2': 0.9999952784073161, 'epsilon': 8.812426498695127e-08, 'hidden_layer_sizes': 181, 'learning_rate_init': 0.006703783181616174, 'tol': 0.0008136276443889534, 'validation_fraction': 0.20661873636886277}]
/home/ryedida/.local/lib/python3.9/site-packages/sklearn/neural_network/_multilayer_perceptron.py:605: UserWarning: Got `batch_size` less than 1 or larger than sample size. It is going to be clipped
  warnings.warn(

function_evaluation time 0.085895 value 0.438602 suggestion {'alpha': 2.0409780232584196e-05, 'batch_size': 147, 'beta_1': 0.9114311552807368, 'beta_2': 0.9999952784073161, 'epsilon': 8.812426498695127e-08, 'hidden_layer_sizes': 181, 'learning_rate_init': 0.006703783181616174, 'tol': 0.0008136276443889534, 'validation_fraction': 0.20661873636886277}
observation time 0.000004, current best 0.264357 at iter 8
suggestion time taken 0.002789 iter 9 next_points [{'alpha': 0.0008617331994415268, 'batch_size': 37, 'beta_1': 0.9282267173260609, 'beta_2': 0.9999978851323972, 'epsilon': 3.838167815444369e-07, 'hidden_layer_sizes': 144, 'learning_rate_init': 0.03777488847858577, 'tol': 0.0968486825321838, 'validation_fraction': 0.7917221954654107}]
/home/ryedida/.local/lib/python3.9/site-packages/sklearn/neural_network/_multilayer_perceptron.py:605: UserWarning: Got `batch_size` less than 1 or larger than sample size. It is going to be clipped
  warnings.warn(

function_evaluation time 0.070408 value 0.400173 suggestion {'alpha': 0.0008617331994415268, 'batch_size': 37, 'beta_1': 0.9282267173260609, 'beta_2': 0.9999978851323972, 'epsilon': 3.838167815444369e-07, 'hidden_layer_sizes': 144, 'learning_rate_init': 0.03777488847858577, 'tol': 0.0968486825321838, 'validation_fraction': 0.7917221954654107}
observation time 0.000005, current best 0.264357 at iter 9
suggestion time taken 0.002806 iter 10 next_points [{'alpha': 0.11229806387458567, 'batch_size': 135, 'beta_1': 0.958536905657663, 'beta_2': 0.9989990689488014, 'epsilon': 9.202473371996888e-09, 'hidden_layer_sizes': 144, 'learning_rate_init': 0.001823413352512338, 'tol': 0.009238680027007949, 'validation_fraction': 0.7547002135443496}]
/home/ryedida/.local/lib/python3.9/site-packages/sklearn/neural_network/_multilayer_perceptron.py:605: UserWarning: Got `batch_size` less than 1 or larger than sample size. It is going to be clipped
  warnings.warn(

function_evaluation time 0.072764 value 0.779600 suggestion {'alpha': 0.11229806387458567, 'batch_size': 135, 'beta_1': 0.958536905657663, 'beta_2': 0.9989990689488014, 'epsilon': 9.202473371996888e-09, 'hidden_layer_sizes': 144, 'learning_rate_init': 0.001823413352512338, 'tol': 0.009238680027007949, 'validation_fraction': 0.7547002135443496}
observation time 0.000005, current best 0.264357 at iter 10
suggestion time taken 0.002536 iter 11 next_points [{'alpha': 0.021219769304976883, 'batch_size': 40, 'beta_1': 0.5489992330337046, 'beta_2': 0.9999989517294434, 'epsilon': 1.0884863220805652e-09, 'hidden_layer_sizes': 106, 'learning_rate_init': 0.004231809356405158, 'tol': 4.735879081431238e-05, 'validation_fraction': 0.523668511884581}]
function_evaluation time 0.096437 value 0.601111 suggestion {'alpha': 0.021219769304976883, 'batch_size': 40, 'beta_1': 0.5489992330337046, 'beta_2': 0.9999989517294434, 'epsilon': 1.0884863220805652e-09, 'hidden_layer_sizes': 106, 'learning_rate_init': 0.004231809356405158, 'tol': 4.735879081431238e-05, 'validation_fraction': 0.523668511884581}
observation time 0.000005, current best 0.264357 at iter 11
suggestion time taken 0.002513 iter 12 next_points [{'alpha': 0.00017563664396124667, 'batch_size': 11, 'beta_1': 0.6362224042102944, 'beta_2': 0.9999650156768275, 'epsilon': 1.3474207382906196e-07, 'hidden_layer_sizes': 98, 'learning_rate_init': 0.0011334209889680255, 'tol': 0.003916378906585089, 'validation_fraction': 0.10409629806723869}]
function_evaluation time 0.224190 value 0.528973 suggestion {'alpha': 0.00017563664396124667, 'batch_size': 11, 'beta_1': 0.6362224042102944, 'beta_2': 0.9999650156768275, 'epsilon': 1.3474207382906196e-07, 'hidden_layer_sizes': 98, 'learning_rate_init': 0.0011334209889680255, 'tol': 0.003916378906585089, 'validation_fraction': 0.10409629806723869}
observation time 0.000005, current best 0.264357 at iter 12
suggestion time taken 0.002539 iter 13 next_points [{'alpha': 0.007042646589145727, 'batch_size': 143, 'beta_1': 0.6970998812464135, 'beta_2': 0.9967910795103073, 'epsilon': 1.1739876471700514e-09, 'hidden_layer_sizes': 70, 'learning_rate_init': 0.0009520600660402842, 'tol': 0.00318209437968351, 'validation_fraction': 0.6575750042306213}]
/home/ryedida/.local/lib/python3.9/site-packages/sklearn/neural_network/_multilayer_perceptron.py:605: UserWarning: Got `batch_size` less than 1 or larger than sample size. It is going to be clipped
  warnings.warn(

function_evaluation time 0.062168 value 1.231904 suggestion {'alpha': 0.007042646589145727, 'batch_size': 143, 'beta_1': 0.6970998812464135, 'beta_2': 0.9967910795103073, 'epsilon': 1.1739876471700514e-09, 'hidden_layer_sizes': 70, 'learning_rate_init': 0.0009520600660402842, 'tol': 0.00318209437968351, 'validation_fraction': 0.6575750042306213}
observation time 0.000005, current best 0.264357 at iter 13
suggestion time taken 0.002758 iter 14 next_points [{'alpha': 0.00011964617122555979, 'batch_size': 250, 'beta_1': 0.9193693593971202, 'beta_2': 0.9925278347578635, 'epsilon': 4.0321843641817156e-07, 'hidden_layer_sizes': 157, 'learning_rate_init': 1.6137327317709047e-05, 'tol': 0.00011640896779865856, 'validation_fraction': 0.12047018632926274}]
/home/ryedida/.local/lib/python3.9/site-packages/sklearn/neural_network/_multilayer_perceptron.py:605: UserWarning: Got `batch_size` less than 1 or larger than sample size. It is going to be clipped
  warnings.warn(

function_evaluation time 0.048924 value 1.274032 suggestion {'alpha': 0.00011964617122555979, 'batch_size': 250, 'beta_1': 0.9193693593971202, 'beta_2': 0.9925278347578635, 'epsilon': 4.0321843641817156e-07, 'hidden_layer_sizes': 157, 'learning_rate_init': 1.6137327317709047e-05, 'tol': 0.00011640896779865856, 'validation_fraction': 0.12047018632926274}
observation time 0.000004, current best 0.264357 at iter 14
saving meta data: {'args': {'--uuid': 'da1edd86657953e3afd38831c173b826', '-db-root': '/home/ryedida/bbo_challenge_starter_kit/output', '--opt-root': '/home/ryedida/bbo_challenge_starter_kit/example_submissions', '--data-root': None, '--db': 'run_20230424_161204', '--opt': 'random-search', '--data': 'iris', '--classifier': 'MLP-adam', '--metric': 'nll', '--calls': 15, '--suggestions': 1, '--jobs-file': None, '--verbose': False, 'dry_run': False, 'rev': 'a376313', 'opt_rev': '0.0.8'}, 'signature': ([{'alpha': 0.019628224813442792, 'batch_size': 182, 'beta_1': 0.9410202200271762, 'beta_2': 0.9998021557676793, 'epsilon': 1.8662266976518e-08, 'hidden_layer_sizes': 147, 'learning_rate_init': 0.0005627932047415167, 'tol': 0.03690557729213761, 'validation_fraction': 0.8846827852548593}, {'alpha': 0.0019982467392329444, 'batch_size': 200, 'beta_1': 0.919111482530466, 'beta_2': 0.9998488260436156, 'epsilon': 5.981221901152555e-07, 'hidden_layer_sizes': 61, 'learning_rate_init': 2.2310905607443014e-05, 'tol': 1.2046852412030316e-05, 'validation_fraction': 0.8117896445826539}, {'alpha': 0.46659545670218433, 'batch_size': 219, 'beta_1': 0.9889789783750891, 'beta_2': 0.9999896868093284, 'epsilon': 2.4234724484675948e-08, 'hidden_layer_sizes': 167, 'learning_rate_init': 2.972334644335654e-05, 'tol': 0.0036281404040243792, 'validation_fraction': 0.17260651658522078}, {'alpha': 4.656005689076002, 'batch_size': 135, 'beta_1': 0.870503881627747, 'beta_2': 0.9948873266941017, 'epsilon': 2.1023308743480125e-07, 'hidden_layer_sizes': 118, 'learning_rate_init': 0.0018781738757161913, 'tol': 1.1889379831773004e-05, 'validation_fraction': 0.6264327093752792}, {'alpha': 0.04705159350400542, 'batch_size': 158, 'beta_1': 0.9870884262730957, 'beta_2': 0.9999596874382349, 'epsilon': 1.1981845126013875e-08, 'hidden_layer_sizes': 116, 'learning_rate_init': 0.00617340520407431, 'tol': 1.741413418158619e-05, 'validation_fraction': 0.6754299026638921}], [1.3105719841770722, 1.7760947732249062, 1.4322107566090756, 0.9097804858215804, 0.5745987066718419])}
saving results
saving timing
saving suggest log
done
