running: {'--uuid': 'e5ca4bc7e6e457d69ce5e48b9cb4ce4b', '-db-root': '/home/ryedida/bbo_challenge_starter_kit/output', '--opt-root': '/home/ryedida/bbo_challenge_starter_kit/example_submissions', '--data-root': None, '--db': 'run_20230424_161204', '--opt': 'random-search', '--data': 'iris', '--classifier': 'MLP-adam', '--metric': 'nll', '--calls': 15, '--suggestions': 1, '--jobs-file': None, '--verbose': False, 'dry_run': False, 'rev': 'a376313', 'opt_rev': '0.0.8'}
cmd: python random-search/optimizer.py -c MLP-adam -d iris -o random-search -u e5ca4bc7e6e457d69ce5e48b9cb4ce4b -m nll -n 15 -p 1 -dir /home/ryedida/bbo_challenge_starter_kit/output -b run_20230424_161204
/home/ryedida/.local/lib/python3.9/site-packages/sklearn/neural_network/_multilayer_perceptron.py:605: UserWarning: Got `batch_size` less than 1 or larger than sample size. It is going to be clipped
  warnings.warn(

/home/ryedida/.local/lib/python3.9/site-packages/sklearn/neural_network/_multilayer_perceptron.py:605: UserWarning: Got `batch_size` less than 1 or larger than sample size. It is going to be clipped
  warnings.warn(

/home/ryedida/.local/lib/python3.9/site-packages/sklearn/neural_network/_multilayer_perceptron.py:605: UserWarning: Got `batch_size` less than 1 or larger than sample size. It is going to be clipped
  warnings.warn(

/home/ryedida/.local/lib/python3.9/site-packages/sklearn/neural_network/_multilayer_perceptron.py:605: UserWarning: Got `batch_size` less than 1 or larger than sample size. It is going to be clipped
  warnings.warn(

/home/ryedida/.local/lib/python3.9/site-packages/sklearn/neural_network/_multilayer_perceptron.py:605: UserWarning: Got `batch_size` less than 1 or larger than sample size. It is going to be clipped
  warnings.warn(

computed signature: ([{'alpha': 0.019628224813442792, 'batch_size': 182, 'beta_1': 0.9410202200271762, 'beta_2': 0.9998021557676793, 'epsilon': 1.8662266976518e-08, 'hidden_layer_sizes': 147, 'learning_rate_init': 0.0005627932047415167, 'tol': 0.03690557729213761, 'validation_fraction': 0.8846827852548593}, {'alpha': 0.0019982467392329444, 'batch_size': 200, 'beta_1': 0.919111482530466, 'beta_2': 0.9998488260436156, 'epsilon': 5.981221901152555e-07, 'hidden_layer_sizes': 61, 'learning_rate_init': 2.2310905607443014e-05, 'tol': 1.2046852412030316e-05, 'validation_fraction': 0.8117896445826539}, {'alpha': 0.46659545670218433, 'batch_size': 219, 'beta_1': 0.9889789783750891, 'beta_2': 0.9999896868093284, 'epsilon': 2.4234724484675948e-08, 'hidden_layer_sizes': 167, 'learning_rate_init': 2.972334644335654e-05, 'tol': 0.0036281404040243792, 'validation_fraction': 0.17260651658522078}, {'alpha': 4.656005689076002, 'batch_size': 135, 'beta_1': 0.870503881627747, 'beta_2': 0.9948873266941017, 'epsilon': 2.1023308743480125e-07, 'hidden_layer_sizes': 118, 'learning_rate_init': 0.0018781738757161913, 'tol': 1.1889379831773004e-05, 'validation_fraction': 0.6264327093752792}, {'alpha': 0.04705159350400542, 'batch_size': 158, 'beta_1': 0.9870884262730957, 'beta_2': 0.9999596874382349, 'epsilon': 1.1981845126013875e-08, 'hidden_layer_sizes': 116, 'learning_rate_init': 0.00617340520407431, 'tol': 1.741413418158619e-05, 'validation_fraction': 0.6754299026638921}], [1.3105719841770722, 1.7760947732249062, 1.4322107566090756, 0.9097804858215804, 0.5745987066718419])
/home/ryedida/.local/lib/python3.9/site-packages/bayesmark/signatures.py:85: RuntimeWarning: Signature diverged on MLP-adam_iris_nll betwen [1.31057198 1.56976556 1.25224472 0.90978049 0.39813052] and [1.32439241 1.77609477 1.43221076 0.9966468  0.57459871]
  warnings.warn(

Signature errors:
                         0         1         2         3         4       max
MLP-adam_iris_nll  0.01382  0.206329  0.179966  0.086866  0.176468  0.206329
max                0.01382  0.206329  0.179966  0.086866  0.176468  0.206329
starting sklearn study random-search MLP-adam iris nll 15 1
with data root: None
suggestion time taken 0.002969 iter 0 next_points [{'alpha': 7.958524550997632, 'batch_size': 230, 'beta_1': 0.9733336912925362, 'beta_2': 0.9994711526722471, 'epsilon': 3.848337554510077e-09, 'hidden_layer_sizes': 64, 'learning_rate_init': 0.00014009271089984022, 'tol': 0.00043935773825021126, 'validation_fraction': 0.7355538513951372}]
/home/ryedida/.local/lib/python3.9/site-packages/sklearn/neural_network/_multilayer_perceptron.py:605: UserWarning: Got `batch_size` less than 1 or larger than sample size. It is going to be clipped
  warnings.warn(

function_evaluation time 0.054622 value 1.874010 suggestion {'alpha': 7.958524550997632, 'batch_size': 230, 'beta_1': 0.9733336912925362, 'beta_2': 0.9994711526722471, 'epsilon': 3.848337554510077e-09, 'hidden_layer_sizes': 64, 'learning_rate_init': 0.00014009271089984022, 'tol': 0.00043935773825021126, 'validation_fraction': 0.7355538513951372}
observation time 0.000007, current best 1.874010 at iter 0
suggestion time taken 0.002496 iter 1 next_points [{'alpha': 0.0716225907732706, 'batch_size': 222, 'beta_1': 0.715768678696199, 'beta_2': 0.9996636748941802, 'epsilon': 6.221224033665284e-07, 'hidden_layer_sizes': 111, 'learning_rate_init': 0.0003706469112773632, 'tol': 0.016949189261521096, 'validation_fraction': 0.3753652010614312}]
/home/ryedida/.local/lib/python3.9/site-packages/sklearn/neural_network/_multilayer_perceptron.py:605: UserWarning: Got `batch_size` less than 1 or larger than sample size. It is going to be clipped
  warnings.warn(

function_evaluation time 0.054008 value 1.174267 suggestion {'alpha': 0.0716225907732706, 'batch_size': 222, 'beta_1': 0.715768678696199, 'beta_2': 0.9996636748941802, 'epsilon': 6.221224033665284e-07, 'hidden_layer_sizes': 111, 'learning_rate_init': 0.0003706469112773632, 'tol': 0.016949189261521096, 'validation_fraction': 0.3753652010614312}
observation time 0.000005, current best 1.174267 at iter 1
suggestion time taken 0.002492 iter 2 next_points [{'alpha': 0.010896442547759221, 'batch_size': 153, 'beta_1': 0.7610785368751651, 'beta_2': 0.9999906925565046, 'epsilon': 1.4710603139882739e-09, 'hidden_layer_sizes': 122, 'learning_rate_init': 2.7248349927352554e-05, 'tol': 0.00013300622244251836, 'validation_fraction': 0.8956604786059649}]
/home/ryedida/.local/lib/python3.9/site-packages/sklearn/neural_network/_multilayer_perceptron.py:605: UserWarning: Got `batch_size` less than 1 or larger than sample size. It is going to be clipped
  warnings.warn(

function_evaluation time 0.043002 value 1.290990 suggestion {'alpha': 0.010896442547759221, 'batch_size': 153, 'beta_1': 0.7610785368751651, 'beta_2': 0.9999906925565046, 'epsilon': 1.4710603139882739e-09, 'hidden_layer_sizes': 122, 'learning_rate_init': 2.7248349927352554e-05, 'tol': 0.00013300622244251836, 'validation_fraction': 0.8956604786059649}
observation time 0.000005, current best 1.174267 at iter 2
suggestion time taken 0.002522 iter 3 next_points [{'alpha': 0.00744030726308688, 'batch_size': 194, 'beta_1': 0.6520577515580809, 'beta_2': 0.999966519223616, 'epsilon': 1.419619578228975e-09, 'hidden_layer_sizes': 146, 'learning_rate_init': 2.7856702733566215e-05, 'tol': 0.03928276998498011, 'validation_fraction': 0.45821179679049506}]
/home/ryedida/.local/lib/python3.9/site-packages/sklearn/neural_network/_multilayer_perceptron.py:605: UserWarning: Got `batch_size` less than 1 or larger than sample size. It is going to be clipped
  warnings.warn(

function_evaluation time 0.045987 value 1.320600 suggestion {'alpha': 0.00744030726308688, 'batch_size': 194, 'beta_1': 0.6520577515580809, 'beta_2': 0.999966519223616, 'epsilon': 1.419619578228975e-09, 'hidden_layer_sizes': 146, 'learning_rate_init': 2.7856702733566215e-05, 'tol': 0.03928276998498011, 'validation_fraction': 0.45821179679049506}
observation time 0.000005, current best 1.174267 at iter 3
suggestion time taken 0.002441 iter 4 next_points [{'alpha': 0.3500114965207075, 'batch_size': 65, 'beta_1': 0.6510501308512601, 'beta_2': 0.9944284020209122, 'epsilon': 4.136651108510564e-08, 'hidden_layer_sizes': 171, 'learning_rate_init': 4.9170754248529165e-05, 'tol': 0.0012541051150975905, 'validation_fraction': 0.7606191796260031}]
/home/ryedida/.local/lib/python3.9/site-packages/sklearn/neural_network/_multilayer_perceptron.py:605: UserWarning: Got `batch_size` less than 1 or larger than sample size. It is going to be clipped
  warnings.warn(

function_evaluation time 0.045300 value 1.294043 suggestion {'alpha': 0.3500114965207075, 'batch_size': 65, 'beta_1': 0.6510501308512601, 'beta_2': 0.9944284020209122, 'epsilon': 4.136651108510564e-08, 'hidden_layer_sizes': 171, 'learning_rate_init': 4.9170754248529165e-05, 'tol': 0.0012541051150975905, 'validation_fraction': 0.7606191796260031}
observation time 0.000005, current best 1.174267 at iter 4
suggestion time taken 0.002655 iter 5 next_points [{'alpha': 0.007389681792764956, 'batch_size': 40, 'beta_1': 0.9688333602081222, 'beta_2': 0.9995820154837837, 'epsilon': 6.730850116209017e-08, 'hidden_layer_sizes': 180, 'learning_rate_init': 0.008211231119059617, 'tol': 0.0005610802404306622, 'validation_fraction': 0.5505242909469504}]
function_evaluation time 0.122885 value 0.324690 suggestion {'alpha': 0.007389681792764956, 'batch_size': 40, 'beta_1': 0.9688333602081222, 'beta_2': 0.9995820154837837, 'epsilon': 6.730850116209017e-08, 'hidden_layer_sizes': 180, 'learning_rate_init': 0.008211231119059617, 'tol': 0.0005610802404306622, 'validation_fraction': 0.5505242909469504}
observation time 0.000005, current best 0.324690 at iter 5
suggestion time taken 0.002459 iter 6 next_points [{'alpha': 1.4637916801632108e-05, 'batch_size': 234, 'beta_1': 0.9644618281080956, 'beta_2': 0.9999939611118549, 'epsilon': 5.356078887044316e-09, 'hidden_layer_sizes': 126, 'learning_rate_init': 0.06496100759762322, 'tol': 0.00016295981696492785, 'validation_fraction': 0.6945264518227994}]
/home/ryedida/.local/lib/python3.9/site-packages/sklearn/neural_network/_multilayer_perceptron.py:605: UserWarning: Got `batch_size` less than 1 or larger than sample size. It is going to be clipped
  warnings.warn(

function_evaluation time 0.082325 value 1.562929 suggestion {'alpha': 1.4637916801632108e-05, 'batch_size': 234, 'beta_1': 0.9644618281080956, 'beta_2': 0.9999939611118549, 'epsilon': 5.356078887044316e-09, 'hidden_layer_sizes': 126, 'learning_rate_init': 0.06496100759762322, 'tol': 0.00016295981696492785, 'validation_fraction': 0.6945264518227994}
observation time 0.000004, current best 0.324690 at iter 6
suggestion time taken 0.002818 iter 7 next_points [{'alpha': 2.6353557216053253e-05, 'batch_size': 241, 'beta_1': 0.5516397521386605, 'beta_2': 0.9999987197739929, 'epsilon': 1.013441133338458e-08, 'hidden_layer_sizes': 109, 'learning_rate_init': 0.023043516835851884, 'tol': 5.1284803908879724e-05, 'validation_fraction': 0.7322260104056643}]
/home/ryedida/.local/lib/python3.9/site-packages/sklearn/neural_network/_multilayer_perceptron.py:605: UserWarning: Got `batch_size` less than 1 or larger than sample size. It is going to be clipped
  warnings.warn(

function_evaluation time 0.089600 value 0.269146 suggestion {'alpha': 2.6353557216053253e-05, 'batch_size': 241, 'beta_1': 0.5516397521386605, 'beta_2': 0.9999987197739929, 'epsilon': 1.013441133338458e-08, 'hidden_layer_sizes': 109, 'learning_rate_init': 0.023043516835851884, 'tol': 5.1284803908879724e-05, 'validation_fraction': 0.7322260104056643}
observation time 0.000005, current best 0.269146 at iter 7
suggestion time taken 0.002469 iter 8 next_points [{'alpha': 5.1427126249391275, 'batch_size': 51, 'beta_1': 0.8813923900216448, 'beta_2': 0.9999878149828493, 'epsilon': 2.0632911542747856e-09, 'hidden_layer_sizes': 97, 'learning_rate_init': 0.002389827645574458, 'tol': 0.013405741891286266, 'validation_fraction': 0.6111283196908832}]
/home/ryedida/.local/lib/python3.9/site-packages/sklearn/neural_network/_multilayer_perceptron.py:605: UserWarning: Got `batch_size` less than 1 or larger than sample size. It is going to be clipped
  warnings.warn(

function_evaluation time 0.108846 value 0.796682 suggestion {'alpha': 5.1427126249391275, 'batch_size': 51, 'beta_1': 0.8813923900216448, 'beta_2': 0.9999878149828493, 'epsilon': 2.0632911542747856e-09, 'hidden_layer_sizes': 97, 'learning_rate_init': 0.002389827645574458, 'tol': 0.013405741891286266, 'validation_fraction': 0.6111283196908832}
observation time 0.000005, current best 0.269146 at iter 8
suggestion time taken 0.002501 iter 9 next_points [{'alpha': 0.00037777787187776756, 'batch_size': 208, 'beta_1': 0.9577621114701569, 'beta_2': 0.9999846100861, 'epsilon': 7.977693338845288e-08, 'hidden_layer_sizes': 64, 'learning_rate_init': 0.0005691026388191606, 'tol': 3.254039789050583e-05, 'validation_fraction': 0.2831112834194251}]
/home/ryedida/.local/lib/python3.9/site-packages/sklearn/neural_network/_multilayer_perceptron.py:605: UserWarning: Got `batch_size` less than 1 or larger than sample size. It is going to be clipped
  warnings.warn(

function_evaluation time 0.059283 value 1.197971 suggestion {'alpha': 0.00037777787187776756, 'batch_size': 208, 'beta_1': 0.9577621114701569, 'beta_2': 0.9999846100861, 'epsilon': 7.977693338845288e-08, 'hidden_layer_sizes': 64, 'learning_rate_init': 0.0005691026388191606, 'tol': 3.254039789050583e-05, 'validation_fraction': 0.2831112834194251}
observation time 0.000005, current best 0.269146 at iter 9
suggestion time taken 0.002543 iter 10 next_points [{'alpha': 0.6865967112556308, 'batch_size': 159, 'beta_1': 0.945028098181485, 'beta_2': 0.9985080667652494, 'epsilon': 4.158046551309114e-08, 'hidden_layer_sizes': 158, 'learning_rate_init': 2.0890554139885777e-05, 'tol': 0.013589290248186886, 'validation_fraction': 0.8249631982190986}]
/home/ryedida/.local/lib/python3.9/site-packages/sklearn/neural_network/_multilayer_perceptron.py:605: UserWarning: Got `batch_size` less than 1 or larger than sample size. It is going to be clipped
  warnings.warn(

function_evaluation time 0.057356 value 1.294759 suggestion {'alpha': 0.6865967112556308, 'batch_size': 159, 'beta_1': 0.945028098181485, 'beta_2': 0.9985080667652494, 'epsilon': 4.158046551309114e-08, 'hidden_layer_sizes': 158, 'learning_rate_init': 2.0890554139885777e-05, 'tol': 0.013589290248186886, 'validation_fraction': 0.8249631982190986}
observation time 0.000005, current best 0.269146 at iter 10
suggestion time taken 0.002530 iter 11 next_points [{'alpha': 1.701300870926937e-05, 'batch_size': 158, 'beta_1': 0.948553577493271, 'beta_2': 0.9573866703322665, 'epsilon': 1.6560455847998286e-07, 'hidden_layer_sizes': 114, 'learning_rate_init': 4.935355939892814e-05, 'tol': 0.002247561910797713, 'validation_fraction': 0.16348289194584076}]
/home/ryedida/.local/lib/python3.9/site-packages/sklearn/neural_network/_multilayer_perceptron.py:605: UserWarning: Got `batch_size` less than 1 or larger than sample size. It is going to be clipped
  warnings.warn(

function_evaluation time 0.044886 value 1.408510 suggestion {'alpha': 1.701300870926937e-05, 'batch_size': 158, 'beta_1': 0.948553577493271, 'beta_2': 0.9573866703322665, 'epsilon': 1.6560455847998286e-07, 'hidden_layer_sizes': 114, 'learning_rate_init': 4.935355939892814e-05, 'tol': 0.002247561910797713, 'validation_fraction': 0.16348289194584076}
observation time 0.000005, current best 0.269146 at iter 11
suggestion time taken 0.002439 iter 12 next_points [{'alpha': 0.083715943740261, 'batch_size': 38, 'beta_1': 0.6687093744892904, 'beta_2': 0.9999988607728172, 'epsilon': 1.1840527362887293e-07, 'hidden_layer_sizes': 172, 'learning_rate_init': 5.004956208346547e-05, 'tol': 0.046807968714927435, 'validation_fraction': 0.2873762353366333}]
function_evaluation time 0.064671 value 1.328301 suggestion {'alpha': 0.083715943740261, 'batch_size': 38, 'beta_1': 0.6687093744892904, 'beta_2': 0.9999988607728172, 'epsilon': 1.1840527362887293e-07, 'hidden_layer_sizes': 172, 'learning_rate_init': 5.004956208346547e-05, 'tol': 0.046807968714927435, 'validation_fraction': 0.2873762353366333}
observation time 0.000005, current best 0.269146 at iter 12
suggestion time taken 0.002498 iter 13 next_points [{'alpha': 0.13683768707538418, 'batch_size': 56, 'beta_1': 0.9722635828052252, 'beta_2': 0.9998908203764019, 'epsilon': 6.940337942817617e-09, 'hidden_layer_sizes': 52, 'learning_rate_init': 0.0025894958535006138, 'tol': 1.626929948808951e-05, 'validation_fraction': 0.47259162627516227}]
function_evaluation time 0.062078 value 1.011578 suggestion {'alpha': 0.13683768707538418, 'batch_size': 56, 'beta_1': 0.9722635828052252, 'beta_2': 0.9998908203764019, 'epsilon': 6.940337942817617e-09, 'hidden_layer_sizes': 52, 'learning_rate_init': 0.0025894958535006138, 'tol': 1.626929948808951e-05, 'validation_fraction': 0.47259162627516227}
observation time 0.000004, current best 0.269146 at iter 13
suggestion time taken 0.002449 iter 14 next_points [{'alpha': 0.2841593487406141, 'batch_size': 159, 'beta_1': 0.5137994655848331, 'beta_2': 0.9844344972495075, 'epsilon': 4.770687664120761e-07, 'hidden_layer_sizes': 67, 'learning_rate_init': 1.0088548337243095e-05, 'tol': 0.0010429125943109306, 'validation_fraction': 0.8266157508209936}]
/home/ryedida/.local/lib/python3.9/site-packages/sklearn/neural_network/_multilayer_perceptron.py:605: UserWarning: Got `batch_size` less than 1 or larger than sample size. It is going to be clipped
  warnings.warn(

function_evaluation time 0.043885 value 1.525002 suggestion {'alpha': 0.2841593487406141, 'batch_size': 159, 'beta_1': 0.5137994655848331, 'beta_2': 0.9844344972495075, 'epsilon': 4.770687664120761e-07, 'hidden_layer_sizes': 67, 'learning_rate_init': 1.0088548337243095e-05, 'tol': 0.0010429125943109306, 'validation_fraction': 0.8266157508209936}
observation time 0.000004, current best 0.269146 at iter 14
saving meta data: {'args': {'--uuid': 'e5ca4bc7e6e457d69ce5e48b9cb4ce4b', '-db-root': '/home/ryedida/bbo_challenge_starter_kit/output', '--opt-root': '/home/ryedida/bbo_challenge_starter_kit/example_submissions', '--data-root': None, '--db': 'run_20230424_161204', '--opt': 'random-search', '--data': 'iris', '--classifier': 'MLP-adam', '--metric': 'nll', '--calls': 15, '--suggestions': 1, '--jobs-file': None, '--verbose': False, 'dry_run': False, 'rev': 'a376313', 'opt_rev': '0.0.8'}, 'signature': ([{'alpha': 0.019628224813442792, 'batch_size': 182, 'beta_1': 0.9410202200271762, 'beta_2': 0.9998021557676793, 'epsilon': 1.8662266976518e-08, 'hidden_layer_sizes': 147, 'learning_rate_init': 0.0005627932047415167, 'tol': 0.03690557729213761, 'validation_fraction': 0.8846827852548593}, {'alpha': 0.0019982467392329444, 'batch_size': 200, 'beta_1': 0.919111482530466, 'beta_2': 0.9998488260436156, 'epsilon': 5.981221901152555e-07, 'hidden_layer_sizes': 61, 'learning_rate_init': 2.2310905607443014e-05, 'tol': 1.2046852412030316e-05, 'validation_fraction': 0.8117896445826539}, {'alpha': 0.46659545670218433, 'batch_size': 219, 'beta_1': 0.9889789783750891, 'beta_2': 0.9999896868093284, 'epsilon': 2.4234724484675948e-08, 'hidden_layer_sizes': 167, 'learning_rate_init': 2.972334644335654e-05, 'tol': 0.0036281404040243792, 'validation_fraction': 0.17260651658522078}, {'alpha': 4.656005689076002, 'batch_size': 135, 'beta_1': 0.870503881627747, 'beta_2': 0.9948873266941017, 'epsilon': 2.1023308743480125e-07, 'hidden_layer_sizes': 118, 'learning_rate_init': 0.0018781738757161913, 'tol': 1.1889379831773004e-05, 'validation_fraction': 0.6264327093752792}, {'alpha': 0.04705159350400542, 'batch_size': 158, 'beta_1': 0.9870884262730957, 'beta_2': 0.9999596874382349, 'epsilon': 1.1981845126013875e-08, 'hidden_layer_sizes': 116, 'learning_rate_init': 0.00617340520407431, 'tol': 1.741413418158619e-05, 'validation_fraction': 0.6754299026638921}], [1.3105719841770722, 1.7760947732249062, 1.4322107566090756, 0.9097804858215804, 0.5745987066718419])}
saving results
saving timing
saving suggest log
done
