running: {'--uuid': 'e5e7a5a1d46c528f8d777d177cee2a89', '-db-root': '/home/ryedida/bbo_challenge_starter_kit/output', '--opt-root': '/home/ryedida/bbo_challenge_starter_kit/example_submissions', '--data-root': None, '--db': 'run_20230424_161204', '--opt': 'opentuner', '--data': 'iris', '--classifier': 'MLP-adam', '--metric': 'acc', '--calls': 15, '--suggestions': 1, '--jobs-file': None, '--verbose': False, 'dry_run': False, 'rev': 'a376313', 'opt_rev': '0.8.8'}
cmd: python opentuner/optimizer.py -c MLP-adam -d iris -o opentuner -u e5e7a5a1d46c528f8d777d177cee2a89 -m acc -n 15 -p 1 -dir /home/ryedida/bbo_challenge_starter_kit/output -b run_20230424_161204
/home/ryedida/.local/lib/python3.9/site-packages/sklearn/neural_network/_multilayer_perceptron.py:605: UserWarning: Got `batch_size` less than 1 or larger than sample size. It is going to be clipped
  warnings.warn(

/home/ryedida/.local/lib/python3.9/site-packages/sklearn/neural_network/_multilayer_perceptron.py:605: UserWarning: Got `batch_size` less than 1 or larger than sample size. It is going to be clipped
  warnings.warn(

/home/ryedida/.local/lib/python3.9/site-packages/sklearn/neural_network/_multilayer_perceptron.py:605: UserWarning: Got `batch_size` less than 1 or larger than sample size. It is going to be clipped
  warnings.warn(

/home/ryedida/.local/lib/python3.9/site-packages/sklearn/neural_network/_multilayer_perceptron.py:605: UserWarning: Got `batch_size` less than 1 or larger than sample size. It is going to be clipped
  warnings.warn(

/home/ryedida/.local/lib/python3.9/site-packages/sklearn/neural_network/_multilayer_perceptron.py:605: UserWarning: Got `batch_size` less than 1 or larger than sample size. It is going to be clipped
  warnings.warn(

computed signature: ([{'alpha': 0.019628224813442792, 'batch_size': 182, 'beta_1': 0.9410202200271762, 'beta_2': 0.9998021557676793, 'epsilon': 1.8662266976518e-08, 'hidden_layer_sizes': 147, 'learning_rate_init': 0.0005627932047415167, 'tol': 0.03690557729213761, 'validation_fraction': 0.8846827852548593}, {'alpha': 0.0019982467392329444, 'batch_size': 200, 'beta_1': 0.919111482530466, 'beta_2': 0.9998488260436156, 'epsilon': 5.981221901152555e-07, 'hidden_layer_sizes': 61, 'learning_rate_init': 2.2310905607443014e-05, 'tol': 1.2046852412030316e-05, 'validation_fraction': 0.8117896445826539}, {'alpha': 0.46659545670218433, 'batch_size': 219, 'beta_1': 0.9889789783750891, 'beta_2': 0.9999896868093284, 'epsilon': 2.4234724484675948e-08, 'hidden_layer_sizes': 167, 'learning_rate_init': 2.972334644335654e-05, 'tol': 0.0036281404040243792, 'validation_fraction': 0.17260651658522078}, {'alpha': 4.656005689076002, 'batch_size': 135, 'beta_1': 0.870503881627747, 'beta_2': 0.9948873266941017, 'epsilon': 2.1023308743480125e-07, 'hidden_layer_sizes': 118, 'learning_rate_init': 0.0018781738757161913, 'tol': 1.1889379831773004e-05, 'validation_fraction': 0.6264327093752792}, {'alpha': 0.04705159350400542, 'batch_size': 158, 'beta_1': 0.9870884262730957, 'beta_2': 0.9999596874382349, 'epsilon': 1.1981845126013875e-08, 'hidden_layer_sizes': 116, 'learning_rate_init': 0.00617340520407431, 'tol': 1.741413418158619e-05, 'validation_fraction': 0.6754299026638921}], [-0.41666666666666663, -0.275, -0.3416666666666667, -0.725, -0.875])
/home/ryedida/.local/lib/python3.9/site-packages/bayesmark/signatures.py:85: RuntimeWarning: Signature diverged on MLP-adam_iris_acc betwen [-0.52290909 -0.27918182 -0.34166667 -0.725      -0.91715152] and [-0.41666667 -0.275      -0.26133333 -0.68915152 -0.875     ]
  warnings.warn(

Signature errors:
                          0         1         2         3         4       max
MLP-adam_iris_acc  0.106242  0.004182  0.080333  0.035848  0.042152  0.106242
max                0.106242  0.004182  0.080333  0.035848  0.042152  0.106242
starting sklearn study opentuner MLP-adam iris acc 15 1
with data root: None
suggestion time taken 0.018399 iter 0 next_points [{'hidden_layer_sizes': 105, 'alpha': 0.08061710010666283, 'batch_size': 191, 'learning_rate_init': 0.05474803997716065, 'tol': 0.05246867152164752, 'validation_fraction': 0.14617945716779834, 'beta_1': 0.8825005249587803, 'beta_2': 0.9698153345117196, 'epsilon': 2.16733821251618e-07}]
/home/ryedida/.local/lib/python3.9/site-packages/sklearn/neural_network/_multilayer_perceptron.py:605: UserWarning: Got `batch_size` less than 1 or larger than sample size. It is going to be clipped
  warnings.warn(

function_evaluation time 0.081723 value -0.941667 suggestion {'hidden_layer_sizes': 105, 'alpha': 0.08061710010666283, 'batch_size': 191, 'learning_rate_init': 0.05474803997716065, 'tol': 0.05246867152164752, 'validation_fraction': 0.14617945716779834, 'beta_1': 0.8825005249587803, 'beta_2': 0.9698153345117196, 'epsilon': 2.16733821251618e-07}
observation time 0.004309, current best -0.941667 at iter 0
suggestion time taken 0.048468 iter 1 next_points [{'batch_size': 70, 'tol': 0.06305415379756589, 'learning_rate_init': 0.009146737729507293, 'beta_1': 0.8735225463768896, 'epsilon': 5.440486208815776e-08, 'validation_fraction': 0.3189698306776728, 'beta_2': 0.9998292688630652, 'alpha': 0.47273046488552767, 'hidden_layer_sizes': 112}]
function_evaluation time 0.067710 value -0.958333 suggestion {'batch_size': 70, 'tol': 0.06305415379756589, 'learning_rate_init': 0.009146737729507293, 'beta_1': 0.8735225463768896, 'epsilon': 5.440486208815776e-08, 'validation_fraction': 0.3189698306776728, 'beta_2': 0.9998292688630652, 'alpha': 0.47273046488552767, 'hidden_layer_sizes': 112}
observation time 0.001845, current best -0.958333 at iter 1
suggestion time taken 0.007165 iter 2 next_points [{'batch_size': 70, 'tol': 0.06305415379756589, 'learning_rate_init': 0.009146737729507293, 'beta_1': 0.8735225463768896, 'epsilon': 5.440486208815776e-08, 'validation_fraction': 0.5675958994360232, 'beta_2': 0.9303575780819535, 'alpha': 0.47273046488552767, 'hidden_layer_sizes': 112}]
/home/ryedida/.local/lib/python3.9/site-packages/sklearn/neural_network/_multilayer_perceptron.py:605: UserWarning: Got `batch_size` less than 1 or larger than sample size. It is going to be clipped
  warnings.warn(

function_evaluation time 0.061325 value -0.950000 suggestion {'batch_size': 70, 'tol': 0.06305415379756589, 'learning_rate_init': 0.009146737729507293, 'beta_1': 0.8735225463768896, 'epsilon': 5.440486208815776e-08, 'validation_fraction': 0.5675958994360232, 'beta_2': 0.9303575780819535, 'alpha': 0.47273046488552767, 'hidden_layer_sizes': 112}
observation time 0.001817, current best -0.958333 at iter 2
suggestion time taken 0.023488 iter 3 next_points [{'validation_fraction': 0.4751585705765752, 'learning_rate_init': 0.0443541763284973, 'tol': 0.04910667081711966, 'beta_2': 0.9850304925381054, 'beta_1': 0.6935336551111186, 'hidden_layer_sizes': 81, 'alpha': 0.7802608413892139, 'batch_size': 81, 'epsilon': 7.888715138076586e-07}]
/home/ryedida/.local/lib/python3.9/site-packages/sklearn/neural_network/_multilayer_perceptron.py:605: UserWarning: Got `batch_size` less than 1 or larger than sample size. It is going to be clipped
  warnings.warn(

function_evaluation time 0.064724 value -0.941667 suggestion {'validation_fraction': 0.4751585705765752, 'learning_rate_init': 0.0443541763284973, 'tol': 0.04910667081711966, 'beta_2': 0.9850304925381054, 'beta_1': 0.6935336551111186, 'hidden_layer_sizes': 81, 'alpha': 0.7802608413892139, 'batch_size': 81, 'epsilon': 7.888715138076586e-07}
observation time 0.002079, current best -0.958333 at iter 3
suggestion time taken 0.005431 iter 4 next_points [{'batch_size': 10, 'tol': 0.06316710182632106, 'learning_rate_init': 0.0906188032879826, 'beta_1': 0.6530566552573156, 'epsilon': 7.973533266153177e-07, 'validation_fraction': 0.887857471374576, 'beta_2': 0.9909780237927758, 'alpha': 0.4481629528361339, 'hidden_layer_sizes': 175}]
function_evaluation time 0.071546 value -0.958333 suggestion {'batch_size': 10, 'tol': 0.06316710182632106, 'learning_rate_init': 0.0906188032879826, 'beta_1': 0.6530566552573156, 'epsilon': 7.973533266153177e-07, 'validation_fraction': 0.887857471374576, 'beta_2': 0.9909780237927758, 'alpha': 0.4481629528361339, 'hidden_layer_sizes': 175}
observation time 0.001877, current best -0.958333 at iter 4
suggestion time taken 0.007485 iter 5 next_points [{'batch_size': 92, 'tol': 0.06758813423070113, 'learning_rate_init': 0.009146737729507293, 'beta_1': 0.8735225463768896, 'epsilon': 5.440486208815776e-08, 'validation_fraction': 0.3127362253993259, 'beta_2': 0.9998292688630652, 'alpha': 0.7048448827441617, 'hidden_layer_sizes': 112}]
/home/ryedida/.local/lib/python3.9/site-packages/sklearn/neural_network/_multilayer_perceptron.py:605: UserWarning: Got `batch_size` less than 1 or larger than sample size. It is going to be clipped
  warnings.warn(

function_evaluation time 0.055596 value -0.900000 suggestion {'batch_size': 92, 'tol': 0.06758813423070113, 'learning_rate_init': 0.009146737729507293, 'beta_1': 0.8735225463768896, 'epsilon': 5.440486208815776e-08, 'validation_fraction': 0.3127362253993259, 'beta_2': 0.9998292688630652, 'alpha': 0.7048448827441617, 'hidden_layer_sizes': 112}
observation time 0.001836, current best -0.958333 at iter 5
suggestion time taken 0.007370 iter 6 next_points [{'batch_size': 44, 'tol': 0.06305415379756589, 'learning_rate_init': 0.01875706159153172, 'beta_1': 0.8735225463768896, 'epsilon': 5.440486208815776e-08, 'validation_fraction': 0.3189698306776728, 'beta_2': 0.9998292688630652, 'alpha': 0.47273046488552767, 'hidden_layer_sizes': 98}]
function_evaluation time 0.069146 value -0.883333 suggestion {'batch_size': 44, 'tol': 0.06305415379756589, 'learning_rate_init': 0.01875706159153172, 'beta_1': 0.8735225463768896, 'epsilon': 5.440486208815776e-08, 'validation_fraction': 0.3189698306776728, 'beta_2': 0.9998292688630652, 'alpha': 0.47273046488552767, 'hidden_layer_sizes': 98}
observation time 0.001845, current best -0.958333 at iter 6
suggestion time taken 0.005318 iter 7 next_points [{'batch_size': 216, 'tol': 0.025097853471105203, 'learning_rate_init': 0.028431728133061208, 'beta_1': 0.5181747191326245, 'epsilon': 2.1203779168640812e-07, 'validation_fraction': 0.39818061640801605, 'beta_2': 0.9751794356549531, 'alpha': 7.516059547413958, 'hidden_layer_sizes': 195}]
/home/ryedida/.local/lib/python3.9/site-packages/sklearn/neural_network/_multilayer_perceptron.py:605: UserWarning: Got `batch_size` less than 1 or larger than sample size. It is going to be clipped
  warnings.warn(

function_evaluation time 0.080794 value -0.975000 suggestion {'batch_size': 216, 'tol': 0.025097853471105203, 'learning_rate_init': 0.028431728133061208, 'beta_1': 0.5181747191326245, 'epsilon': 2.1203779168640812e-07, 'validation_fraction': 0.39818061640801605, 'beta_2': 0.9751794356549531, 'alpha': 7.516059547413958, 'hidden_layer_sizes': 195}
observation time 0.001980, current best -0.975000 at iter 7
suggestion time taken 0.005558 iter 8 next_points [{'batch_size': 104, 'tol': 0.027213894392061167, 'learning_rate_init': 0.029412512202776343, 'beta_1': 0.7236924873826305, 'epsilon': 3.6854296051100257e-07, 'validation_fraction': 0.41716217979749803, 'beta_2': 0.9647835035080708, 'alpha': 0.5215096886095932, 'hidden_layer_sizes': 131}]
/home/ryedida/.local/lib/python3.9/site-packages/sklearn/neural_network/_multilayer_perceptron.py:605: UserWarning: Got `batch_size` less than 1 or larger than sample size. It is going to be clipped
  warnings.warn(

function_evaluation time 0.066333 value -0.941667 suggestion {'batch_size': 104, 'tol': 0.027213894392061167, 'learning_rate_init': 0.029412512202776343, 'beta_1': 0.7236924873826305, 'epsilon': 3.6854296051100257e-07, 'validation_fraction': 0.41716217979749803, 'beta_2': 0.9647835035080708, 'alpha': 0.5215096886095932, 'hidden_layer_sizes': 131}
observation time 0.001913, current best -0.975000 at iter 8
suggestion time taken 0.005343 iter 9 next_points [{'batch_size': 40, 'tol': 0.033976151576370954, 'learning_rate_init': 0.07177623827181316, 'beta_1': 0.5688010449847654, 'epsilon': 8.615030410446801e-07, 'validation_fraction': 0.2624136942821174, 'beta_2': 0.9019919253882629, 'alpha': 1.821241049287749, 'hidden_layer_sizes': 108}]
function_evaluation time 0.082613 value -0.975000 suggestion {'batch_size': 40, 'tol': 0.033976151576370954, 'learning_rate_init': 0.07177623827181316, 'beta_1': 0.5688010449847654, 'epsilon': 8.615030410446801e-07, 'validation_fraction': 0.2624136942821174, 'beta_2': 0.9019919253882629, 'alpha': 1.821241049287749, 'hidden_layer_sizes': 108}
observation time 0.001845, current best -0.975000 at iter 9
suggestion time taken 0.005378 iter 10 next_points [{'batch_size': 146, 'tol': 0.028252507016957407, 'learning_rate_init': 0.05944040177103609, 'beta_1': 0.8195732479926929, 'epsilon': 7.065466009209254e-07, 'validation_fraction': 0.1754972078939564, 'beta_2': 0.9507150906182708, 'alpha': 0.22948926055825386, 'hidden_layer_sizes': 159}]
/home/ryedida/.local/lib/python3.9/site-packages/sklearn/neural_network/_multilayer_perceptron.py:605: UserWarning: Got `batch_size` less than 1 or larger than sample size. It is going to be clipped
  warnings.warn(

function_evaluation time 0.071264 value -0.833333 suggestion {'batch_size': 146, 'tol': 0.028252507016957407, 'learning_rate_init': 0.05944040177103609, 'beta_1': 0.8195732479926929, 'epsilon': 7.065466009209254e-07, 'validation_fraction': 0.1754972078939564, 'beta_2': 0.9507150906182708, 'alpha': 0.22948926055825386, 'hidden_layer_sizes': 159}
observation time 0.001825, current best -0.975000 at iter 10
suggestion time taken 0.005385 iter 11 next_points [{'batch_size': 28, 'tol': 0.03080584218661191, 'learning_rate_init': 0.07953606991600386, 'beta_1': 0.5670415726866268, 'epsilon': 8.901497604857079e-07, 'validation_fraction': 0.44654435377232327, 'beta_2': 0.9905869592424925, 'alpha': 3.1019483660375475, 'hidden_layer_sizes': 67}]
function_evaluation time 0.079700 value -0.933333 suggestion {'batch_size': 28, 'tol': 0.03080584218661191, 'learning_rate_init': 0.07953606991600386, 'beta_1': 0.5670415726866268, 'epsilon': 8.901497604857079e-07, 'validation_fraction': 0.44654435377232327, 'beta_2': 0.9905869592424925, 'alpha': 3.1019483660375475, 'hidden_layer_sizes': 67}
observation time 0.001841, current best -0.975000 at iter 11
suggestion time taken 0.006980 iter 12 next_points [{'batch_size': 216, 'tol': 0.025097853471105203, 'learning_rate_init': 0.028431728133061208, 'beta_1': 0.5181747191326245, 'epsilon': 2.1203779168640812e-07, 'validation_fraction': 0.5304968701112376, 'beta_2': 0.9751794356549531, 'alpha': 7.516059547413958, 'hidden_layer_sizes': 187}]
/home/ryedida/.local/lib/python3.9/site-packages/sklearn/neural_network/_multilayer_perceptron.py:605: UserWarning: Got `batch_size` less than 1 or larger than sample size. It is going to be clipped
  warnings.warn(

function_evaluation time 0.071447 value -0.941667 suggestion {'batch_size': 216, 'tol': 0.025097853471105203, 'learning_rate_init': 0.028431728133061208, 'beta_1': 0.5181747191326245, 'epsilon': 2.1203779168640812e-07, 'validation_fraction': 0.5304968701112376, 'beta_2': 0.9751794356549531, 'alpha': 7.516059547413958, 'hidden_layer_sizes': 187}
observation time 0.002176, current best -0.975000 at iter 12
suggestion time taken 0.005565 iter 13 next_points [{'batch_size': 128, 'tol': 0.08128046254704062, 'learning_rate_init': 0.03370257933881254, 'beta_1': 0.6441900522939747, 'epsilon': 3.8192841392334267e-07, 'validation_fraction': 0.5834425317712026, 'beta_2': 0.9192062290166647, 'alpha': 1.0211024914106401, 'hidden_layer_sizes': 183}]
/home/ryedida/.local/lib/python3.9/site-packages/sklearn/neural_network/_multilayer_perceptron.py:605: UserWarning: Got `batch_size` less than 1 or larger than sample size. It is going to be clipped
  warnings.warn(

function_evaluation time 0.071253 value -0.958333 suggestion {'batch_size': 128, 'tol': 0.08128046254704062, 'learning_rate_init': 0.03370257933881254, 'beta_1': 0.6441900522939747, 'epsilon': 3.8192841392334267e-07, 'validation_fraction': 0.5834425317712026, 'beta_2': 0.9192062290166647, 'alpha': 1.0211024914106401, 'hidden_layer_sizes': 183}
observation time 0.001997, current best -0.975000 at iter 13
suggestion time taken 0.007387 iter 14 next_points [{'batch_size': 199, 'tol': 0.025097853471105203, 'learning_rate_init': 0.019499978328031343, 'beta_1': 0.5181747191326245, 'epsilon': 2.8522963471719245e-07, 'validation_fraction': 0.3364233139355497, 'beta_2': 0.9751794356549531, 'alpha': 7.516059547413958, 'hidden_layer_sizes': 199}]
/home/ryedida/.local/lib/python3.9/site-packages/sklearn/neural_network/_multilayer_perceptron.py:605: UserWarning: Got `batch_size` less than 1 or larger than sample size. It is going to be clipped
  warnings.warn(

function_evaluation time 0.065238 value -0.875000 suggestion {'batch_size': 199, 'tol': 0.025097853471105203, 'learning_rate_init': 0.019499978328031343, 'beta_1': 0.5181747191326245, 'epsilon': 2.8522963471719245e-07, 'validation_fraction': 0.3364233139355497, 'beta_2': 0.9751794356549531, 'alpha': 7.516059547413958, 'hidden_layer_sizes': 199}
observation time 0.001842, current best -0.975000 at iter 14
saving meta data: {'args': {'--uuid': 'e5e7a5a1d46c528f8d777d177cee2a89', '-db-root': '/home/ryedida/bbo_challenge_starter_kit/output', '--opt-root': '/home/ryedida/bbo_challenge_starter_kit/example_submissions', '--data-root': None, '--db': 'run_20230424_161204', '--opt': 'opentuner', '--data': 'iris', '--classifier': 'MLP-adam', '--metric': 'acc', '--calls': 15, '--suggestions': 1, '--jobs-file': None, '--verbose': False, 'dry_run': False, 'rev': 'a376313', 'opt_rev': '0.8.8'}, 'signature': ([{'alpha': 0.019628224813442792, 'batch_size': 182, 'beta_1': 0.9410202200271762, 'beta_2': 0.9998021557676793, 'epsilon': 1.8662266976518e-08, 'hidden_layer_sizes': 147, 'learning_rate_init': 0.0005627932047415167, 'tol': 0.03690557729213761, 'validation_fraction': 0.8846827852548593}, {'alpha': 0.0019982467392329444, 'batch_size': 200, 'beta_1': 0.919111482530466, 'beta_2': 0.9998488260436156, 'epsilon': 5.981221901152555e-07, 'hidden_layer_sizes': 61, 'learning_rate_init': 2.2310905607443014e-05, 'tol': 1.2046852412030316e-05, 'validation_fraction': 0.8117896445826539}, {'alpha': 0.46659545670218433, 'batch_size': 219, 'beta_1': 0.9889789783750891, 'beta_2': 0.9999896868093284, 'epsilon': 2.4234724484675948e-08, 'hidden_layer_sizes': 167, 'learning_rate_init': 2.972334644335654e-05, 'tol': 0.0036281404040243792, 'validation_fraction': 0.17260651658522078}, {'alpha': 4.656005689076002, 'batch_size': 135, 'beta_1': 0.870503881627747, 'beta_2': 0.9948873266941017, 'epsilon': 2.1023308743480125e-07, 'hidden_layer_sizes': 118, 'learning_rate_init': 0.0018781738757161913, 'tol': 1.1889379831773004e-05, 'validation_fraction': 0.6264327093752792}, {'alpha': 0.04705159350400542, 'batch_size': 158, 'beta_1': 0.9870884262730957, 'beta_2': 0.9999596874382349, 'epsilon': 1.1981845126013875e-08, 'hidden_layer_sizes': 116, 'learning_rate_init': 0.00617340520407431, 'tol': 1.741413418158619e-05, 'validation_fraction': 0.6754299026638921}], [-0.41666666666666663, -0.275, -0.3416666666666667, -0.725, -0.875])}
saving results
saving timing
saving suggest log
done
