running: {'--uuid': 'eef5cd386dc3567d8547685f2df8c083', '-db-root': '/home/ryedida/bbo_challenge_starter_kit/output', '--opt-root': '/home/ryedida/bbo_challenge_starter_kit/example_submissions', '--data-root': None, '--db': 'run_20230424_161204', '--opt': 'smoothness', '--data': 'iris', '--classifier': 'MLP-adam', '--metric': 'acc', '--calls': 15, '--suggestions': 1, '--jobs-file': None, '--verbose': False, 'dry_run': False, 'rev': 'a376313', 'opt_rev': 'x.x.x'}
cmd: python smoothness/optimizer.py -c MLP-adam -d iris -o smoothness -u eef5cd386dc3567d8547685f2df8c083 -m acc -n 15 -p 1 -dir /home/ryedida/bbo_challenge_starter_kit/output -b run_20230424_161204
/home/ryedida/.local/lib/python3.9/site-packages/sklearn/neural_network/_multilayer_perceptron.py:605: UserWarning: Got `batch_size` less than 1 or larger than sample size. It is going to be clipped
  warnings.warn(

/home/ryedida/.local/lib/python3.9/site-packages/sklearn/neural_network/_multilayer_perceptron.py:605: UserWarning: Got `batch_size` less than 1 or larger than sample size. It is going to be clipped
  warnings.warn(

/home/ryedida/.local/lib/python3.9/site-packages/sklearn/neural_network/_multilayer_perceptron.py:605: UserWarning: Got `batch_size` less than 1 or larger than sample size. It is going to be clipped
  warnings.warn(

/home/ryedida/.local/lib/python3.9/site-packages/sklearn/neural_network/_multilayer_perceptron.py:605: UserWarning: Got `batch_size` less than 1 or larger than sample size. It is going to be clipped
  warnings.warn(

/home/ryedida/.local/lib/python3.9/site-packages/sklearn/neural_network/_multilayer_perceptron.py:605: UserWarning: Got `batch_size` less than 1 or larger than sample size. It is going to be clipped
  warnings.warn(

computed signature: ([{'alpha': 0.019628224813442792, 'batch_size': 182, 'beta_1': 0.9410202200271762, 'beta_2': 0.9998021557676793, 'epsilon': 1.8662266976518e-08, 'hidden_layer_sizes': 147, 'learning_rate_init': 0.0005627932047415167, 'tol': 0.03690557729213761, 'validation_fraction': 0.8846827852548593}, {'alpha': 0.0019982467392329444, 'batch_size': 200, 'beta_1': 0.919111482530466, 'beta_2': 0.9998488260436156, 'epsilon': 5.981221901152555e-07, 'hidden_layer_sizes': 61, 'learning_rate_init': 2.2310905607443014e-05, 'tol': 1.2046852412030316e-05, 'validation_fraction': 0.8117896445826539}, {'alpha': 0.46659545670218433, 'batch_size': 219, 'beta_1': 0.9889789783750891, 'beta_2': 0.9999896868093284, 'epsilon': 2.4234724484675948e-08, 'hidden_layer_sizes': 167, 'learning_rate_init': 2.972334644335654e-05, 'tol': 0.0036281404040243792, 'validation_fraction': 0.17260651658522078}, {'alpha': 4.656005689076002, 'batch_size': 135, 'beta_1': 0.870503881627747, 'beta_2': 0.9948873266941017, 'epsilon': 2.1023308743480125e-07, 'hidden_layer_sizes': 118, 'learning_rate_init': 0.0018781738757161913, 'tol': 1.1889379831773004e-05, 'validation_fraction': 0.6264327093752792}, {'alpha': 0.04705159350400542, 'batch_size': 158, 'beta_1': 0.9870884262730957, 'beta_2': 0.9999596874382349, 'epsilon': 1.1981845126013875e-08, 'hidden_layer_sizes': 116, 'learning_rate_init': 0.00617340520407431, 'tol': 1.741413418158619e-05, 'validation_fraction': 0.6754299026638921}], [-0.41666666666666663, -0.275, -0.3416666666666667, -0.725, -0.875])
/home/ryedida/.local/lib/python3.9/site-packages/bayesmark/signatures.py:85: RuntimeWarning: Signature diverged on MLP-adam_iris_acc betwen [-0.52290909 -0.27918182 -0.34166667 -0.725      -0.91715152] and [-0.41666667 -0.275      -0.26133333 -0.68915152 -0.875     ]
  warnings.warn(

Signature errors:
                          0         1         2         3         4       max
MLP-adam_iris_acc  0.106242  0.004182  0.080333  0.035848  0.042152  0.106242
max                0.106242  0.004182  0.080333  0.035848  0.042152  0.106242
starting sklearn study smoothness MLP-adam iris acc 15 1
with data root: None
suggestion time taken 10.943873 iter 0 next_points [{'alpha': 0.0001514728300961284, 'batch_size': 11, 'beta_1': 0.971141296464439, 'beta_2': 0.9791590269252384, 'epsilon': 8.01549553982062e-09, 'hidden_layer_sizes': 175, 'learning_rate_init': 0.0050462991084239996, 'tol': 0.057057206032413495, 'validation_fraction': 0.3942918235275243}]
function_evaluation time 0.126226 value -0.966667 suggestion {'alpha': 0.0001514728300961284, 'batch_size': 11, 'beta_1': 0.971141296464439, 'beta_2': 0.9791590269252384, 'epsilon': 8.01549553982062e-09, 'hidden_layer_sizes': 175, 'learning_rate_init': 0.0050462991084239996, 'tol': 0.057057206032413495, 'validation_fraction': 0.3942918235275243}
observation time 0.000006, current best -0.966667 at iter 0
suggestion time taken 10.977618 iter 1 next_points [{'alpha': 4.664157533941236, 'batch_size': 22, 'beta_1': 0.9414796718293404, 'beta_2': 0.9860874734660647, 'epsilon': 1.879592478570536e-07, 'hidden_layer_sizes': 118, 'learning_rate_init': 0.00013827412933452044, 'tol': 1.1057867756883598e-05, 'validation_fraction': 0.5705884800413417}]
function_evaluation time 0.056334 value -0.333333 suggestion {'alpha': 4.664157533941236, 'batch_size': 22, 'beta_1': 0.9414796718293404, 'beta_2': 0.9860874734660647, 'epsilon': 1.879592478570536e-07, 'hidden_layer_sizes': 118, 'learning_rate_init': 0.00013827412933452044, 'tol': 1.1057867756883598e-05, 'validation_fraction': 0.5705884800413417}
observation time 0.000006, current best -0.966667 at iter 1
suggestion time taken 10.794781 iter 2 next_points [{'alpha': 1.6889372176896629, 'batch_size': 16, 'beta_1': 0.9764959496235225, 'beta_2': 0.9999917177350199, 'epsilon': 8.215364352182742e-09, 'hidden_layer_sizes': 108, 'learning_rate_init': 0.0004430687886940143, 'tol': 0.017070876351148328, 'validation_fraction': 0.39270801569198904}]
function_evaluation time 0.129870 value -0.758333 suggestion {'alpha': 1.6889372176896629, 'batch_size': 16, 'beta_1': 0.9764959496235225, 'beta_2': 0.9999917177350199, 'epsilon': 8.215364352182742e-09, 'hidden_layer_sizes': 108, 'learning_rate_init': 0.0004430687886940143, 'tol': 0.017070876351148328, 'validation_fraction': 0.39270801569198904}
observation time 0.000006, current best -0.966667 at iter 2
suggestion time taken 11.073736 iter 3 next_points [{'alpha': 0.004125614817289009, 'batch_size': 13, 'beta_1': 0.9876783909546852, 'beta_2': 0.9999931684473711, 'epsilon': 4.2735377834111575e-08, 'hidden_layer_sizes': 97, 'learning_rate_init': 0.00769629071567968, 'tol': 0.0008645058706386927, 'validation_fraction': 0.14268174749574608}]
function_evaluation time 0.148478 value -0.916667 suggestion {'alpha': 0.004125614817289009, 'batch_size': 13, 'beta_1': 0.9876783909546852, 'beta_2': 0.9999931684473711, 'epsilon': 4.2735377834111575e-08, 'hidden_layer_sizes': 97, 'learning_rate_init': 0.00769629071567968, 'tol': 0.0008645058706386927, 'validation_fraction': 0.14268174749574608}
observation time 0.000006, current best -0.966667 at iter 3
suggestion time taken 10.787424 iter 4 next_points [{'alpha': 0.00018127269080076315, 'batch_size': 39, 'beta_1': 0.9455692041213023, 'beta_2': 0.9384986406952537, 'epsilon': 1.1977357599745168e-09, 'hidden_layer_sizes': 188, 'learning_rate_init': 0.00026706898863973206, 'tol': 0.00013950304638763456, 'validation_fraction': 0.5338580808830842}]
function_evaluation time 0.080080 value -0.416667 suggestion {'alpha': 0.00018127269080076315, 'batch_size': 39, 'beta_1': 0.9455692041213023, 'beta_2': 0.9384986406952537, 'epsilon': 1.1977357599745168e-09, 'hidden_layer_sizes': 188, 'learning_rate_init': 0.00026706898863973206, 'tol': 0.00013950304638763456, 'validation_fraction': 0.5338580808830842}
observation time 0.000005, current best -0.966667 at iter 4
suggestion time taken 10.796997 iter 5 next_points [{'alpha': 0.006619315958352922, 'batch_size': 14, 'beta_1': 0.7089042363582225, 'beta_2': 0.9999929604182473, 'epsilon': 1.5979555315991946e-09, 'hidden_layer_sizes': 100, 'learning_rate_init': 0.0011911720324094533, 'tol': 0.0008788432123031328, 'validation_fraction': 0.568520600533405}]
function_evaluation time 0.148204 value -0.891667 suggestion {'alpha': 0.006619315958352922, 'batch_size': 14, 'beta_1': 0.7089042363582225, 'beta_2': 0.9999929604182473, 'epsilon': 1.5979555315991946e-09, 'hidden_layer_sizes': 100, 'learning_rate_init': 0.0011911720324094533, 'tol': 0.0008788432123031328, 'validation_fraction': 0.568520600533405}
observation time 0.000006, current best -0.966667 at iter 5
suggestion time taken 11.132518 iter 6 next_points [{'alpha': 0.0009645002570855487, 'batch_size': 19, 'beta_1': 0.9677261613820272, 'beta_2': 0.9995937818647253, 'epsilon': 3.7127160913364775e-07, 'hidden_layer_sizes': 128, 'learning_rate_init': 0.00011377856491251382, 'tol': 0.00036778093514164, 'validation_fraction': 0.11647984831570946}]
function_evaluation time 0.123053 value -0.591667 suggestion {'alpha': 0.0009645002570855487, 'batch_size': 19, 'beta_1': 0.9677261613820272, 'beta_2': 0.9995937818647253, 'epsilon': 3.7127160913364775e-07, 'hidden_layer_sizes': 128, 'learning_rate_init': 0.00011377856491251382, 'tol': 0.00036778093514164, 'validation_fraction': 0.11647984831570946}
observation time 0.000006, current best -0.966667 at iter 6
suggestion time taken 10.826284 iter 7 next_points [{'alpha': 0.3471948734069812, 'batch_size': 16, 'beta_1': 0.9641732370634379, 'beta_2': 0.9999959458840182, 'epsilon': 1.8458997719522538e-07, 'hidden_layer_sizes': 106, 'learning_rate_init': 0.02195989731405644, 'tol': 0.004030448152065858, 'validation_fraction': 0.5191388722885434}]
function_evaluation time 0.110981 value -0.966667 suggestion {'alpha': 0.3471948734069812, 'batch_size': 16, 'beta_1': 0.9641732370634379, 'beta_2': 0.9999959458840182, 'epsilon': 1.8458997719522538e-07, 'hidden_layer_sizes': 106, 'learning_rate_init': 0.02195989731405644, 'tol': 0.004030448152065858, 'validation_fraction': 0.5191388722885434}
observation time 0.000006, current best -0.966667 at iter 7
suggestion time taken 10.720463 iter 8 next_points [{'alpha': 2.588053792291976e-05, 'batch_size': 20, 'beta_1': 0.5850739097280319, 'beta_2': 0.9974700445543756, 'epsilon': 9.806185544294744e-07, 'hidden_layer_sizes': 154, 'learning_rate_init': 0.05731300008776753, 'tol': 3.0496249765020153e-05, 'validation_fraction': 0.4880208401050509}]
function_evaluation time 0.090419 value -0.958333 suggestion {'alpha': 2.588053792291976e-05, 'batch_size': 20, 'beta_1': 0.5850739097280319, 'beta_2': 0.9974700445543756, 'epsilon': 9.806185544294744e-07, 'hidden_layer_sizes': 154, 'learning_rate_init': 0.05731300008776753, 'tol': 3.0496249765020153e-05, 'validation_fraction': 0.4880208401050509}
observation time 0.000006, current best -0.966667 at iter 8
suggestion time taken 11.025000 iter 9 next_points [{'alpha': 0.3025944476649464, 'batch_size': 12, 'beta_1': 0.7753091529693176, 'beta_2': 0.9999983358957071, 'epsilon': 1.8026214337207691e-09, 'hidden_layer_sizes': 157, 'learning_rate_init': 0.0014588367759376245, 'tol': 5.4964553710154426e-05, 'validation_fraction': 0.4337154587252347}]
function_evaluation time 0.172385 value -0.908333 suggestion {'alpha': 0.3025944476649464, 'batch_size': 12, 'beta_1': 0.7753091529693176, 'beta_2': 0.9999983358957071, 'epsilon': 1.8026214337207691e-09, 'hidden_layer_sizes': 157, 'learning_rate_init': 0.0014588367759376245, 'tol': 5.4964553710154426e-05, 'validation_fraction': 0.4337154587252347}
observation time 0.000006, current best -0.966667 at iter 9
suggestion time taken 10.783384 iter 10 next_points [{'alpha': 0.0058426313683352295, 'batch_size': 23, 'beta_1': 0.8191811219730419, 'beta_2': 0.9972030754151125, 'epsilon': 4.0116952718921664e-07, 'hidden_layer_sizes': 113, 'learning_rate_init': 0.030272424644571458, 'tol': 0.04236970917220309, 'validation_fraction': 0.10409096103083641}]
function_evaluation time 0.096172 value -0.875000 suggestion {'alpha': 0.0058426313683352295, 'batch_size': 23, 'beta_1': 0.8191811219730419, 'beta_2': 0.9972030754151125, 'epsilon': 4.0116952718921664e-07, 'hidden_layer_sizes': 113, 'learning_rate_init': 0.030272424644571458, 'tol': 0.04236970917220309, 'validation_fraction': 0.10409096103083641}
observation time 0.000006, current best -0.966667 at iter 10
suggestion time taken 10.713864 iter 11 next_points [{'alpha': 0.0004054751847156973, 'batch_size': 15, 'beta_1': 0.5929568232551155, 'beta_2': 0.9948357166818205, 'epsilon': 9.369625720004406e-07, 'hidden_layer_sizes': 161, 'learning_rate_init': 0.00033474667249251125, 'tol': 0.0001674788475143481, 'validation_fraction': 0.4717562439399005}]
function_evaluation time 0.128721 value -0.683333 suggestion {'alpha': 0.0004054751847156973, 'batch_size': 15, 'beta_1': 0.5929568232551155, 'beta_2': 0.9948357166818205, 'epsilon': 9.369625720004406e-07, 'hidden_layer_sizes': 161, 'learning_rate_init': 0.00033474667249251125, 'tol': 0.0001674788475143481, 'validation_fraction': 0.4717562439399005}
observation time 0.000006, current best -0.966667 at iter 11
suggestion time taken 11.019023 iter 12 next_points [{'alpha': 0.0001205412962272832, 'batch_size': 37, 'beta_1': 0.9837786402759945, 'beta_2': 0.9993086365058915, 'epsilon': 3.5691810237051656e-07, 'hidden_layer_sizes': 123, 'learning_rate_init': 0.014315140619345544, 'tol': 0.016058819637622315, 'validation_fraction': 0.8758085768786595}]
/home/ryedida/.local/lib/python3.9/site-packages/sklearn/neural_network/_multilayer_perceptron.py:605: UserWarning: Got `batch_size` less than 1 or larger than sample size. It is going to be clipped
  warnings.warn(

function_evaluation time 0.078251 value -0.800000 suggestion {'alpha': 0.0001205412962272832, 'batch_size': 37, 'beta_1': 0.9837786402759945, 'beta_2': 0.9993086365058915, 'epsilon': 3.5691810237051656e-07, 'hidden_layer_sizes': 123, 'learning_rate_init': 0.014315140619345544, 'tol': 0.016058819637622315, 'validation_fraction': 0.8758085768786595}
observation time 0.000007, current best -0.966667 at iter 12
suggestion time taken 10.853175 iter 13 next_points [{'alpha': 0.057463322241807474, 'batch_size': 18, 'beta_1': 0.9624792609371698, 'beta_2': 0.9999954518838896, 'epsilon': 1.0591022279495973e-09, 'hidden_layer_sizes': 138, 'learning_rate_init': 0.02516755088113008, 'tol': 0.00028368368750974387, 'validation_fraction': 0.25964389271269217}]
function_evaluation time 0.116390 value -0.950000 suggestion {'alpha': 0.057463322241807474, 'batch_size': 18, 'beta_1': 0.9624792609371698, 'beta_2': 0.9999954518838896, 'epsilon': 1.0591022279495973e-09, 'hidden_layer_sizes': 138, 'learning_rate_init': 0.02516755088113008, 'tol': 0.00028368368750974387, 'validation_fraction': 0.25964389271269217}
observation time 0.000006, current best -0.966667 at iter 13
suggestion time taken 10.746665 iter 14 next_points [{'alpha': 5.713441640129426, 'batch_size': 11, 'beta_1': 0.9790156671235726, 'beta_2': 0.9962715161023834, 'epsilon': 1.1996956548234863e-08, 'hidden_layer_sizes': 50, 'learning_rate_init': 4.204677101103883e-05, 'tol': 0.000368081939817961, 'validation_fraction': 0.5044524151916113}]
function_evaluation time 0.079756 value -0.341667 suggestion {'alpha': 5.713441640129426, 'batch_size': 11, 'beta_1': 0.9790156671235726, 'beta_2': 0.9962715161023834, 'epsilon': 1.1996956548234863e-08, 'hidden_layer_sizes': 50, 'learning_rate_init': 4.204677101103883e-05, 'tol': 0.000368081939817961, 'validation_fraction': 0.5044524151916113}
observation time 0.000005, current best -0.966667 at iter 14
saving meta data: {'args': {'--uuid': 'eef5cd386dc3567d8547685f2df8c083', '-db-root': '/home/ryedida/bbo_challenge_starter_kit/output', '--opt-root': '/home/ryedida/bbo_challenge_starter_kit/example_submissions', '--data-root': None, '--db': 'run_20230424_161204', '--opt': 'smoothness', '--data': 'iris', '--classifier': 'MLP-adam', '--metric': 'acc', '--calls': 15, '--suggestions': 1, '--jobs-file': None, '--verbose': False, 'dry_run': False, 'rev': 'a376313', 'opt_rev': 'x.x.x'}, 'signature': ([{'alpha': 0.019628224813442792, 'batch_size': 182, 'beta_1': 0.9410202200271762, 'beta_2': 0.9998021557676793, 'epsilon': 1.8662266976518e-08, 'hidden_layer_sizes': 147, 'learning_rate_init': 0.0005627932047415167, 'tol': 0.03690557729213761, 'validation_fraction': 0.8846827852548593}, {'alpha': 0.0019982467392329444, 'batch_size': 200, 'beta_1': 0.919111482530466, 'beta_2': 0.9998488260436156, 'epsilon': 5.981221901152555e-07, 'hidden_layer_sizes': 61, 'learning_rate_init': 2.2310905607443014e-05, 'tol': 1.2046852412030316e-05, 'validation_fraction': 0.8117896445826539}, {'alpha': 0.46659545670218433, 'batch_size': 219, 'beta_1': 0.9889789783750891, 'beta_2': 0.9999896868093284, 'epsilon': 2.4234724484675948e-08, 'hidden_layer_sizes': 167, 'learning_rate_init': 2.972334644335654e-05, 'tol': 0.0036281404040243792, 'validation_fraction': 0.17260651658522078}, {'alpha': 4.656005689076002, 'batch_size': 135, 'beta_1': 0.870503881627747, 'beta_2': 0.9948873266941017, 'epsilon': 2.1023308743480125e-07, 'hidden_layer_sizes': 118, 'learning_rate_init': 0.0018781738757161913, 'tol': 1.1889379831773004e-05, 'validation_fraction': 0.6264327093752792}, {'alpha': 0.04705159350400542, 'batch_size': 158, 'beta_1': 0.9870884262730957, 'beta_2': 0.9999596874382349, 'epsilon': 1.1981845126013875e-08, 'hidden_layer_sizes': 116, 'learning_rate_init': 0.00617340520407431, 'tol': 1.741413418158619e-05, 'validation_fraction': 0.6754299026638921}], [-0.41666666666666663, -0.275, -0.3416666666666667, -0.725, -0.875])}
saving results
saving timing
saving suggest log
done
