running: {'--uuid': 'f95f57526f605b1bbf8f7c6755bf7cec', '-db-root': '/home/ryedida/bbo_challenge_starter_kit/output', '--opt-root': '/home/ryedida/bbo_challenge_starter_kit/example_submissions', '--data-root': None, '--db': 'run_20230424_161204', '--opt': 'hyperopt', '--data': 'iris', '--classifier': 'MLP-adam', '--metric': 'acc', '--calls': 15, '--suggestions': 1, '--jobs-file': None, '--verbose': False, 'dry_run': False, 'rev': 'a376313', 'opt_rev': '0.2.7'}
cmd: python hyperopt/optimizer.py -c MLP-adam -d iris -o hyperopt -u f95f57526f605b1bbf8f7c6755bf7cec -m acc -n 15 -p 1 -dir /home/ryedida/bbo_challenge_starter_kit/output -b run_20230424_161204
/home/ryedida/.local/lib/python3.9/site-packages/sklearn/neural_network/_multilayer_perceptron.py:605: UserWarning: Got `batch_size` less than 1 or larger than sample size. It is going to be clipped
  warnings.warn(

/home/ryedida/.local/lib/python3.9/site-packages/sklearn/neural_network/_multilayer_perceptron.py:605: UserWarning: Got `batch_size` less than 1 or larger than sample size. It is going to be clipped
  warnings.warn(

/home/ryedida/.local/lib/python3.9/site-packages/sklearn/neural_network/_multilayer_perceptron.py:605: UserWarning: Got `batch_size` less than 1 or larger than sample size. It is going to be clipped
  warnings.warn(

/home/ryedida/.local/lib/python3.9/site-packages/sklearn/neural_network/_multilayer_perceptron.py:605: UserWarning: Got `batch_size` less than 1 or larger than sample size. It is going to be clipped
  warnings.warn(

/home/ryedida/.local/lib/python3.9/site-packages/sklearn/neural_network/_multilayer_perceptron.py:605: UserWarning: Got `batch_size` less than 1 or larger than sample size. It is going to be clipped
  warnings.warn(

computed signature: ([{'alpha': 0.019628224813442792, 'batch_size': 182, 'beta_1': 0.9410202200271762, 'beta_2': 0.9998021557676793, 'epsilon': 1.8662266976518e-08, 'hidden_layer_sizes': 147, 'learning_rate_init': 0.0005627932047415167, 'tol': 0.03690557729213761, 'validation_fraction': 0.8846827852548593}, {'alpha': 0.0019982467392329444, 'batch_size': 200, 'beta_1': 0.919111482530466, 'beta_2': 0.9998488260436156, 'epsilon': 5.981221901152555e-07, 'hidden_layer_sizes': 61, 'learning_rate_init': 2.2310905607443014e-05, 'tol': 1.2046852412030316e-05, 'validation_fraction': 0.8117896445826539}, {'alpha': 0.46659545670218433, 'batch_size': 219, 'beta_1': 0.9889789783750891, 'beta_2': 0.9999896868093284, 'epsilon': 2.4234724484675948e-08, 'hidden_layer_sizes': 167, 'learning_rate_init': 2.972334644335654e-05, 'tol': 0.0036281404040243792, 'validation_fraction': 0.17260651658522078}, {'alpha': 4.656005689076002, 'batch_size': 135, 'beta_1': 0.870503881627747, 'beta_2': 0.9948873266941017, 'epsilon': 2.1023308743480125e-07, 'hidden_layer_sizes': 118, 'learning_rate_init': 0.0018781738757161913, 'tol': 1.1889379831773004e-05, 'validation_fraction': 0.6264327093752792}, {'alpha': 0.04705159350400542, 'batch_size': 158, 'beta_1': 0.9870884262730957, 'beta_2': 0.9999596874382349, 'epsilon': 1.1981845126013875e-08, 'hidden_layer_sizes': 116, 'learning_rate_init': 0.00617340520407431, 'tol': 1.741413418158619e-05, 'validation_fraction': 0.6754299026638921}], [-0.41666666666666663, -0.275, -0.3416666666666667, -0.725, -0.875])
/home/ryedida/.local/lib/python3.9/site-packages/bayesmark/signatures.py:85: RuntimeWarning: Signature diverged on MLP-adam_iris_acc betwen [-0.52290909 -0.27918182 -0.34166667 -0.725      -0.91715152] and [-0.41666667 -0.275      -0.26133333 -0.68915152 -0.875     ]
  warnings.warn(

Signature errors:
                          0         1         2         3         4       max
MLP-adam_iris_acc  0.106242  0.004182  0.080333  0.035848  0.042152  0.106242
max                0.106242  0.004182  0.080333  0.035848  0.042152  0.106242
starting sklearn study hyperopt MLP-adam iris acc 15 1
with data root: None
suggestion time taken 0.002412 iter 0 next_points [{'alpha': 0.000861215723005562, 'batch_size': 230, 'beta_1': 0.5369356802428613, 'beta_2': 0.9063709715047755, 'epsilon': 2.8774691367945903e-08, 'hidden_layer_sizes': 97, 'learning_rate_init': 0.00014293929278514096, 'tol': 0.0028811211493056893, 'validation_fraction': 0.23291178650571673}]
/home/ryedida/.local/lib/python3.9/site-packages/sklearn/neural_network/_multilayer_perceptron.py:605: UserWarning: Got `batch_size` less than 1 or larger than sample size. It is going to be clipped
  warnings.warn(

function_evaluation time 0.049660 value -0.325000 suggestion {'alpha': 0.000861215723005562, 'batch_size': 230, 'beta_1': 0.5369356802428613, 'beta_2': 0.9063709715047755, 'epsilon': 2.8774691367945903e-08, 'hidden_layer_sizes': 97, 'learning_rate_init': 0.00014293929278514096, 'tol': 0.0028811211493056893, 'validation_fraction': 0.23291178650571673}
observation time 0.000072, current best -0.325000 at iter 0
suggestion time taken 0.002419 iter 1 next_points [{'alpha': 0.02410993958934803, 'batch_size': 143, 'beta_1': 0.7997585229403488, 'beta_2': 0.963970348096361, 'epsilon': 1.2757258004400754e-09, 'hidden_layer_sizes': 199, 'learning_rate_init': 0.022651281795037188, 'tol': 0.0006509271159279478, 'validation_fraction': 0.3633253174123207}]
/home/ryedida/.local/lib/python3.9/site-packages/sklearn/neural_network/_multilayer_perceptron.py:605: UserWarning: Got `batch_size` less than 1 or larger than sample size. It is going to be clipped
  warnings.warn(

function_evaluation time 0.094215 value -0.941667 suggestion {'alpha': 0.02410993958934803, 'batch_size': 143, 'beta_1': 0.7997585229403488, 'beta_2': 0.963970348096361, 'epsilon': 1.2757258004400754e-09, 'hidden_layer_sizes': 199, 'learning_rate_init': 0.022651281795037188, 'tol': 0.0006509271159279478, 'validation_fraction': 0.3633253174123207}
observation time 0.000072, current best -0.941667 at iter 1
suggestion time taken 0.002182 iter 2 next_points [{'alpha': 0.018842180711827586, 'batch_size': 244, 'beta_1': 0.7929384982072363, 'beta_2': 0.951416319597931, 'epsilon': 5.8099002959061065e-08, 'hidden_layer_sizes': 129, 'learning_rate_init': 7.562424257698598e-05, 'tol': 1.3967298013734838e-05, 'validation_fraction': 0.27181400441820724}]
/home/ryedida/.local/lib/python3.9/site-packages/sklearn/neural_network/_multilayer_perceptron.py:605: UserWarning: Got `batch_size` less than 1 or larger than sample size. It is going to be clipped
  warnings.warn(

function_evaluation time 0.044764 value -0.416667 suggestion {'alpha': 0.018842180711827586, 'batch_size': 244, 'beta_1': 0.7929384982072363, 'beta_2': 0.951416319597931, 'epsilon': 5.8099002959061065e-08, 'hidden_layer_sizes': 129, 'learning_rate_init': 7.562424257698598e-05, 'tol': 1.3967298013734838e-05, 'validation_fraction': 0.27181400441820724}
observation time 0.000076, current best -0.941667 at iter 2
suggestion time taken 0.002179 iter 3 next_points [{'alpha': 0.02515845178136269, 'batch_size': 140, 'beta_1': 0.5472534011048983, 'beta_2': 0.9035509222652699, 'epsilon': 2.2434929926920816e-09, 'hidden_layer_sizes': 182, 'learning_rate_init': 0.006572925054259769, 'tol': 0.001785357641888188, 'validation_fraction': 0.31473663539639574}]
/home/ryedida/.local/lib/python3.9/site-packages/sklearn/neural_network/_multilayer_perceptron.py:605: UserWarning: Got `batch_size` less than 1 or larger than sample size. It is going to be clipped
  warnings.warn(

function_evaluation time 0.098582 value -0.958333 suggestion {'alpha': 0.02515845178136269, 'batch_size': 140, 'beta_1': 0.5472534011048983, 'beta_2': 0.9035509222652699, 'epsilon': 2.2434929926920816e-09, 'hidden_layer_sizes': 182, 'learning_rate_init': 0.006572925054259769, 'tol': 0.001785357641888188, 'validation_fraction': 0.31473663539639574}
observation time 0.000079, current best -0.958333 at iter 3
suggestion time taken 0.002253 iter 4 next_points [{'alpha': 0.0006041773912392165, 'batch_size': 59, 'beta_1': 0.7386503369134306, 'beta_2': 0.9734426271158411, 'epsilon': 1.7252365100555238e-09, 'hidden_layer_sizes': 83, 'learning_rate_init': 0.0001364982106490103, 'tol': 1.0252549392448928e-05, 'validation_fraction': 0.4779477300625804}]
function_evaluation time 0.050519 value -0.300000 suggestion {'alpha': 0.0006041773912392165, 'batch_size': 59, 'beta_1': 0.7386503369134306, 'beta_2': 0.9734426271158411, 'epsilon': 1.7252365100555238e-09, 'hidden_layer_sizes': 83, 'learning_rate_init': 0.0001364982106490103, 'tol': 1.0252549392448928e-05, 'validation_fraction': 0.4779477300625804}
observation time 0.000072, current best -0.958333 at iter 4
suggestion time taken 0.002148 iter 5 next_points [{'alpha': 0.06346065544978507, 'batch_size': 114, 'beta_1': 0.81538336737268, 'beta_2': 0.9295398997780677, 'epsilon': 2.6138875470576387e-08, 'hidden_layer_sizes': 141, 'learning_rate_init': 0.0001583271469695059, 'tol': 0.00015484924937312, 'validation_fraction': 0.3740948757480485}]
/home/ryedida/.local/lib/python3.9/site-packages/sklearn/neural_network/_multilayer_perceptron.py:605: UserWarning: Got `batch_size` less than 1 or larger than sample size. It is going to be clipped
  warnings.warn(

function_evaluation time 0.047781 value -0.308333 suggestion {'alpha': 0.06346065544978507, 'batch_size': 114, 'beta_1': 0.81538336737268, 'beta_2': 0.9295398997780677, 'epsilon': 2.6138875470576387e-08, 'hidden_layer_sizes': 141, 'learning_rate_init': 0.0001583271469695059, 'tol': 0.00015484924937312, 'validation_fraction': 0.3740948757480485}
observation time 0.000069, current best -0.958333 at iter 5
suggestion time taken 0.002341 iter 6 next_points [{'alpha': 0.0017113418620068204, 'batch_size': 209, 'beta_1': 0.8406650287839283, 'beta_2': 0.9549934035814847, 'epsilon': 1.1873392614919311e-07, 'hidden_layer_sizes': 73, 'learning_rate_init': 0.001450666442383134, 'tol': 4.319504137479222e-05, 'validation_fraction': 0.2132567667277847}]
/home/ryedida/.local/lib/python3.9/site-packages/sklearn/neural_network/_multilayer_perceptron.py:605: UserWarning: Got `batch_size` less than 1 or larger than sample size. It is going to be clipped
  warnings.warn(

function_evaluation time 0.053843 value -0.583333 suggestion {'alpha': 0.0017113418620068204, 'batch_size': 209, 'beta_1': 0.8406650287839283, 'beta_2': 0.9549934035814847, 'epsilon': 1.1873392614919311e-07, 'hidden_layer_sizes': 73, 'learning_rate_init': 0.001450666442383134, 'tol': 4.319504137479222e-05, 'validation_fraction': 0.2132567667277847}
observation time 0.000073, current best -0.958333 at iter 6
suggestion time taken 0.002168 iter 7 next_points [{'alpha': 2.259838723846798, 'batch_size': 20, 'beta_1': 0.7081836102073659, 'beta_2': 0.9037701997545871, 'epsilon': 9.865468149847212e-09, 'hidden_layer_sizes': 162, 'learning_rate_init': 0.029555006817379253, 'tol': 0.0002683220157006859, 'validation_fraction': 0.343616600873337}]
function_evaluation time 0.114316 value -0.941667 suggestion {'alpha': 2.259838723846798, 'batch_size': 20, 'beta_1': 0.7081836102073659, 'beta_2': 0.9037701997545871, 'epsilon': 9.865468149847212e-09, 'hidden_layer_sizes': 162, 'learning_rate_init': 0.029555006817379253, 'tol': 0.0002683220157006859, 'validation_fraction': 0.343616600873337}
observation time 0.000070, current best -0.958333 at iter 7
suggestion time taken 0.002110 iter 8 next_points [{'alpha': 0.018436875309934736, 'batch_size': 206, 'beta_1': 0.7488320674222727, 'beta_2': 0.987518896720175, 'epsilon': 1.7495326687223388e-07, 'hidden_layer_sizes': 190, 'learning_rate_init': 0.0003889140622474167, 'tol': 6.117011866831974e-05, 'validation_fraction': 0.17307535222450052}]
/home/ryedida/.local/lib/python3.9/site-packages/sklearn/neural_network/_multilayer_perceptron.py:605: UserWarning: Got `batch_size` less than 1 or larger than sample size. It is going to be clipped
  warnings.warn(

function_evaluation time 0.066404 value -0.541667 suggestion {'alpha': 0.018436875309934736, 'batch_size': 206, 'beta_1': 0.7488320674222727, 'beta_2': 0.987518896720175, 'epsilon': 1.7495326687223388e-07, 'hidden_layer_sizes': 190, 'learning_rate_init': 0.0003889140622474167, 'tol': 6.117011866831974e-05, 'validation_fraction': 0.17307535222450052}
observation time 0.000074, current best -0.958333 at iter 8
suggestion time taken 0.002122 iter 9 next_points [{'alpha': 3.140003633958013, 'batch_size': 77, 'beta_1': 0.6350495655468349, 'beta_2': 0.9114961710549861, 'epsilon': 2.709121938210989e-08, 'hidden_layer_sizes': 180, 'learning_rate_init': 0.0012278155916378745, 'tol': 0.08425149517255531, 'validation_fraction': 0.10486555267733136}]
function_evaluation time 0.099953 value -0.783333 suggestion {'alpha': 3.140003633958013, 'batch_size': 77, 'beta_1': 0.6350495655468349, 'beta_2': 0.9114961710549861, 'epsilon': 2.709121938210989e-08, 'hidden_layer_sizes': 180, 'learning_rate_init': 0.0012278155916378745, 'tol': 0.08425149517255531, 'validation_fraction': 0.10486555267733136}
observation time 0.000075, current best -0.958333 at iter 9
suggestion time taken 0.002155 iter 10 next_points [{'alpha': 0.0006407078075134511, 'batch_size': 146, 'beta_1': 0.5808126068416465, 'beta_2': 0.9567253095883275, 'epsilon': 1.8106991584873326e-07, 'hidden_layer_sizes': 76, 'learning_rate_init': 0.08466694831576996, 'tol': 4.715672800490093e-05, 'validation_fraction': 0.3966707396821422}]
/home/ryedida/.local/lib/python3.9/site-packages/sklearn/neural_network/_multilayer_perceptron.py:605: UserWarning: Got `batch_size` less than 1 or larger than sample size. It is going to be clipped
  warnings.warn(

function_evaluation time 0.071739 value -0.916667 suggestion {'alpha': 0.0006407078075134511, 'batch_size': 146, 'beta_1': 0.5808126068416465, 'beta_2': 0.9567253095883275, 'epsilon': 1.8106991584873326e-07, 'hidden_layer_sizes': 76, 'learning_rate_init': 0.08466694831576996, 'tol': 4.715672800490093e-05, 'validation_fraction': 0.3966707396821422}
observation time 0.000072, current best -0.958333 at iter 10
suggestion time taken 0.002374 iter 11 next_points [{'alpha': 3.3467235630230983, 'batch_size': 18, 'beta_1': 0.8731597551846833, 'beta_2': 0.9704857242151854, 'epsilon': 1.1618533661800868e-07, 'hidden_layer_sizes': 108, 'learning_rate_init': 0.007453390161516204, 'tol': 0.03598464106800617, 'validation_fraction': 0.553616638355762}]
function_evaluation time 0.089697 value -0.975000 suggestion {'alpha': 3.3467235630230983, 'batch_size': 18, 'beta_1': 0.8731597551846833, 'beta_2': 0.9704857242151854, 'epsilon': 1.1618533661800868e-07, 'hidden_layer_sizes': 108, 'learning_rate_init': 0.007453390161516204, 'tol': 0.03598464106800617, 'validation_fraction': 0.553616638355762}
observation time 0.000071, current best -0.975000 at iter 11
suggestion time taken 0.002127 iter 12 next_points [{'alpha': 0.00010894600862534815, 'batch_size': 62, 'beta_1': 0.6573129227565785, 'beta_2': 0.9781645251051472, 'epsilon': 1.6431827988638392e-08, 'hidden_layer_sizes': 176, 'learning_rate_init': 0.004042607604947105, 'tol': 4.6477228482701484e-05, 'validation_fraction': 0.6134959451066657}]
/home/ryedida/.local/lib/python3.9/site-packages/sklearn/neural_network/_multilayer_perceptron.py:605: UserWarning: Got `batch_size` less than 1 or larger than sample size. It is going to be clipped
  warnings.warn(

function_evaluation time 0.061472 value -0.791667 suggestion {'alpha': 0.00010894600862534815, 'batch_size': 62, 'beta_1': 0.6573129227565785, 'beta_2': 0.9781645251051472, 'epsilon': 1.6431827988638392e-08, 'hidden_layer_sizes': 176, 'learning_rate_init': 0.004042607604947105, 'tol': 4.6477228482701484e-05, 'validation_fraction': 0.6134959451066657}
observation time 0.000076, current best -0.975000 at iter 12
suggestion time taken 0.002383 iter 13 next_points [{'alpha': 0.00039474406078201553, 'batch_size': 188, 'beta_1': 0.8185300791359701, 'beta_2': 0.9487180326188707, 'epsilon': 2.4768872155275936e-08, 'hidden_layer_sizes': 156, 'learning_rate_init': 0.0015849477227720364, 'tol': 0.03674552250845837, 'validation_fraction': 0.5854065108260483}]
/home/ryedida/.local/lib/python3.9/site-packages/sklearn/neural_network/_multilayer_perceptron.py:605: UserWarning: Got `batch_size` less than 1 or larger than sample size. It is going to be clipped
  warnings.warn(

function_evaluation time 0.067763 value -0.791667 suggestion {'alpha': 0.00039474406078201553, 'batch_size': 188, 'beta_1': 0.8185300791359701, 'beta_2': 0.9487180326188707, 'epsilon': 2.4768872155275936e-08, 'hidden_layer_sizes': 156, 'learning_rate_init': 0.0015849477227720364, 'tol': 0.03674552250845837, 'validation_fraction': 0.5854065108260483}
observation time 0.000080, current best -0.975000 at iter 13
suggestion time taken 0.002187 iter 14 next_points [{'alpha': 0.13587890090426846, 'batch_size': 184, 'beta_1': 0.9816795093206475, 'beta_2': 0.931694827856118, 'epsilon': 4.0216976347215813e-07, 'hidden_layer_sizes': 115, 'learning_rate_init': 1.0444952794081778e-05, 'tol': 0.0018839120855394925, 'validation_fraction': 0.464788044533054}]
/home/ryedida/.local/lib/python3.9/site-packages/sklearn/neural_network/_multilayer_perceptron.py:605: UserWarning: Got `batch_size` less than 1 or larger than sample size. It is going to be clipped
  warnings.warn(

function_evaluation time 0.041368 value -0.383333 suggestion {'alpha': 0.13587890090426846, 'batch_size': 184, 'beta_1': 0.9816795093206475, 'beta_2': 0.931694827856118, 'epsilon': 4.0216976347215813e-07, 'hidden_layer_sizes': 115, 'learning_rate_init': 1.0444952794081778e-05, 'tol': 0.0018839120855394925, 'validation_fraction': 0.464788044533054}
observation time 0.000085, current best -0.975000 at iter 14
saving meta data: {'args': {'--uuid': 'f95f57526f605b1bbf8f7c6755bf7cec', '-db-root': '/home/ryedida/bbo_challenge_starter_kit/output', '--opt-root': '/home/ryedida/bbo_challenge_starter_kit/example_submissions', '--data-root': None, '--db': 'run_20230424_161204', '--opt': 'hyperopt', '--data': 'iris', '--classifier': 'MLP-adam', '--metric': 'acc', '--calls': 15, '--suggestions': 1, '--jobs-file': None, '--verbose': False, 'dry_run': False, 'rev': 'a376313', 'opt_rev': '0.2.7'}, 'signature': ([{'alpha': 0.019628224813442792, 'batch_size': 182, 'beta_1': 0.9410202200271762, 'beta_2': 0.9998021557676793, 'epsilon': 1.8662266976518e-08, 'hidden_layer_sizes': 147, 'learning_rate_init': 0.0005627932047415167, 'tol': 0.03690557729213761, 'validation_fraction': 0.8846827852548593}, {'alpha': 0.0019982467392329444, 'batch_size': 200, 'beta_1': 0.919111482530466, 'beta_2': 0.9998488260436156, 'epsilon': 5.981221901152555e-07, 'hidden_layer_sizes': 61, 'learning_rate_init': 2.2310905607443014e-05, 'tol': 1.2046852412030316e-05, 'validation_fraction': 0.8117896445826539}, {'alpha': 0.46659545670218433, 'batch_size': 219, 'beta_1': 0.9889789783750891, 'beta_2': 0.9999896868093284, 'epsilon': 2.4234724484675948e-08, 'hidden_layer_sizes': 167, 'learning_rate_init': 2.972334644335654e-05, 'tol': 0.0036281404040243792, 'validation_fraction': 0.17260651658522078}, {'alpha': 4.656005689076002, 'batch_size': 135, 'beta_1': 0.870503881627747, 'beta_2': 0.9948873266941017, 'epsilon': 2.1023308743480125e-07, 'hidden_layer_sizes': 118, 'learning_rate_init': 0.0018781738757161913, 'tol': 1.1889379831773004e-05, 'validation_fraction': 0.6264327093752792}, {'alpha': 0.04705159350400542, 'batch_size': 158, 'beta_1': 0.9870884262730957, 'beta_2': 0.9999596874382349, 'epsilon': 1.1981845126013875e-08, 'hidden_layer_sizes': 116, 'learning_rate_init': 0.00617340520407431, 'tol': 1.741413418158619e-05, 'validation_fraction': 0.6754299026638921}], [-0.41666666666666663, -0.275, -0.3416666666666667, -0.725, -0.875])}
saving results
saving timing
saving suggest log
done
