running: {'--uuid': '88b5260fdd9d5c4084ea2165fffbc36d', '-db-root': '/home/ryedida/smoothness-hpo/bbo_challenge_starter_kit/output', '--opt-root': '/home/ryedida/smoothness-hpo/bbo_challenge_starter_kit/example_submissions', '--data-root': None, '--db': 'run_20241104_042314', '--opt': 'dehb', '--data': 'breast', '--classifier': 'MLP-adam', '--metric': 'acc', '--calls': 15, '--suggestions': 1, '--jobs-file': None, '--verbose': False, 'dry_run': False, 'rev': 'a376313', 'opt_rev': '0.0.8'}
cmd: python dehb/optimizer.py -c MLP-adam -d breast -o dehb -u 88b5260fdd9d5c4084ea2165fffbc36d -m acc -n 15 -p 1 -dir /home/ryedida/smoothness-hpo/bbo_challenge_starter_kit/output -b run_20241104_042314
/home/ryedida/smoothness-hpo/.venv/lib/python3.12/site-packages/sklearn/neural_network/_multilayer_perceptron.py:608: UserWarning: Got `batch_size` less than 1 or larger than sample size. It is going to be clipped
  warnings.warn(

/home/ryedida/smoothness-hpo/.venv/lib/python3.12/site-packages/sklearn/neural_network/_multilayer_perceptron.py:608: UserWarning: Got `batch_size` less than 1 or larger than sample size. It is going to be clipped
  warnings.warn(

/home/ryedida/smoothness-hpo/.venv/lib/python3.12/site-packages/sklearn/neural_network/_multilayer_perceptron.py:608: UserWarning: Got `batch_size` less than 1 or larger than sample size. It is going to be clipped
  warnings.warn(

computed signature: ([{'alpha': 0.019628224813442792, 'batch_size': 182, 'beta_1': 0.9410202200271762, 'beta_2': 0.9998021557676793, 'epsilon': 1.8662266976518e-08, 'hidden_layer_sizes': 147, 'learning_rate_init': 0.0005627932047415167, 'tol': 0.03690557729213761, 'validation_fraction': 0.8846827852548593}, {'alpha': 0.0019982467392329444, 'batch_size': 200, 'beta_1': 0.919111482530466, 'beta_2': 0.9998488260436156, 'epsilon': 5.981221901152555e-07, 'hidden_layer_sizes': 61, 'learning_rate_init': 2.2310905607443014e-05, 'tol': 1.2046852412030316e-05, 'validation_fraction': 0.8117896445826539}, {'alpha': 0.46659545670218433, 'batch_size': 219, 'beta_1': 0.9889789783750891, 'beta_2': 0.9999896868093284, 'epsilon': 2.4234724484675948e-08, 'hidden_layer_sizes': 167, 'learning_rate_init': 2.972334644335654e-05, 'tol': 0.0036281404040243792, 'validation_fraction': 0.17260651658522078}, {'alpha': 4.656005689076002, 'batch_size': 135, 'beta_1': 0.870503881627747, 'beta_2': 0.9948873266941017, 'epsilon': 2.1023308743480125e-07, 'hidden_layer_sizes': 118, 'learning_rate_init': 0.0018781738757161913, 'tol': 1.1889379831773004e-05, 'validation_fraction': 0.6264327093752792}, {'alpha': 0.04705159350400542, 'batch_size': 158, 'beta_1': 0.9870884262730957, 'beta_2': 0.9999596874382349, 'epsilon': 1.1981845126013875e-08, 'hidden_layer_sizes': 116, 'learning_rate_init': 0.00617340520407431, 'tol': 1.741413418158619e-05, 'validation_fraction': 0.6754299026638921}], [-0.676923076923077, -0.567032967032967, -0.545054945054945, -0.7824175824175824, -0.843956043956044])
/home/ryedida/smoothness-hpo/.venv/lib/python3.12/site-packages/bayesmark/signatures.py:85: RuntimeWarning: Signature diverged on MLP-adam_breast_acc betwen [-0.80659341 -0.56703297 -0.66593407 -0.87912088 -0.85934066] and [-0.67692308 -0.41758242 -0.54505495 -0.78241758 -0.84395604]
  warnings.warn(

Signature errors:
                           0         1         2         3         4       max
MLP-adam_breast_acc  0.12967  0.149451  0.120879  0.096703  0.015385  0.149451
max                  0.12967  0.149451  0.120879  0.096703  0.015385  0.149451
starting sklearn study dehb MLP-adam breast acc 15 1
with data root: None
suggestion time taken 0.001628 iter 0 next_points [Configuration(values={
  'alpha': 0.0019381921299,
  'batch_size': 156,
  'beta_1': 0.8077891954704,
  'beta_2': 0.9305878612808,
  'epsilon': 1.683564e-07,
  'hidden_layer_sizes': 142,
  'learning_rate_init': 0.0007715146142,
  'tol': 0.0061605331848,
  'validation_fraction': 0.4437841426416,
})]
function_evaluation time 0.910762 value -0.857143 suggestion Configuration(values={
  'alpha': 0.0019381921299,
  'batch_size': 156,
  'beta_1': 0.8077891954704,
  'beta_2': 0.9305878612808,
  'epsilon': 1.683564e-07,
  'hidden_layer_sizes': 142,
  'learning_rate_init': 0.0007715146142,
  'tol': 0.0061605331848,
  'validation_fraction': 0.4437841426416,
})
Failure in optimizer observe. Ignoring these observations.
list indices must be integers or slices, not str
Traceback (most recent call last):
  File "/home/ryedida/smoothness-hpo/.venv/lib/python3.12/site-packages/bayesmark/experiment.py", line 175, in run_study
    optimizer.observe(next_points, eval_list)
  File "/home/ryedida/smoothness-hpo/bbo_challenge_starter_kit/example_submissions/dehb/optimizer.py", line 88, in observe
    self.dehb.tell(X, y)
  File "/home/ryedida/smoothness-hpo/.venv/lib/python3.12/site-packages/dehb/optimizers/dehb.py", line 1007, in tell
    fitness, cost = float(result["fitness"]), float(result["cost"])
                          ~~~~~~^^^^^^^^^^^
TypeError: list indices must be integers or slices, not str
observation time 0.001301, current best -0.857143 at iter 0
suggestion time taken 0.001344 iter 1 next_points [Configuration(values={
  'alpha': 0.0220295287043,
  'batch_size': 160,
  'beta_1': 0.7260620607357,
  'beta_2': 0.9295873018637,
  'epsilon': 1.759456e-07,
  'hidden_layer_sizes': 147,
  'learning_rate_init': 0.0002097652599,
  'tol': 5.22373972e-05,
  'validation_fraction': 0.5158814261419,
})]
function_evaluation time 1.114903 value -0.738462 suggestion Configuration(values={
  'alpha': 0.0220295287043,
  'batch_size': 160,
  'beta_1': 0.7260620607357,
  'beta_2': 0.9295873018637,
  'epsilon': 1.759456e-07,
  'hidden_layer_sizes': 147,
  'learning_rate_init': 0.0002097652599,
  'tol': 5.22373972e-05,
  'validation_fraction': 0.5158814261419,
})
Failure in optimizer observe. Ignoring these observations.
list indices must be integers or slices, not str
Traceback (most recent call last):
  File "/home/ryedida/smoothness-hpo/.venv/lib/python3.12/site-packages/bayesmark/experiment.py", line 175, in run_study
    optimizer.observe(next_points, eval_list)
  File "/home/ryedida/smoothness-hpo/bbo_challenge_starter_kit/example_submissions/dehb/optimizer.py", line 88, in observe
    self.dehb.tell(X, y)
  File "/home/ryedida/smoothness-hpo/.venv/lib/python3.12/site-packages/dehb/optimizers/dehb.py", line 1007, in tell
    fitness, cost = float(result["fitness"]), float(result["cost"])
                          ~~~~~~^^^^^^^^^^^
TypeError: list indices must be integers or slices, not str
observation time 0.000778, current best -0.857143 at iter 1
suggestion time taken 0.001523 iter 2 next_points [Configuration(values={
  'alpha': 2.95387604e-05,
  'batch_size': 36,
  'beta_1': 0.7449546242701,
  'beta_2': 0.912372319348,
  'epsilon': 1.26787e-08,
  'hidden_layer_sizes': 111,
  'learning_rate_init': 6.63058459e-05,
  'tol': 6.5980405e-05,
  'validation_fraction': 0.5207721285337,
})]
function_evaluation time 1.103053 value -0.523077 suggestion Configuration(values={
  'alpha': 2.95387604e-05,
  'batch_size': 36,
  'beta_1': 0.7449546242701,
  'beta_2': 0.912372319348,
  'epsilon': 1.26787e-08,
  'hidden_layer_sizes': 111,
  'learning_rate_init': 6.63058459e-05,
  'tol': 6.5980405e-05,
  'validation_fraction': 0.5207721285337,
})
Failure in optimizer observe. Ignoring these observations.
list indices must be integers or slices, not str
Traceback (most recent call last):
  File "/home/ryedida/smoothness-hpo/.venv/lib/python3.12/site-packages/bayesmark/experiment.py", line 175, in run_study
    optimizer.observe(next_points, eval_list)
  File "/home/ryedida/smoothness-hpo/bbo_challenge_starter_kit/example_submissions/dehb/optimizer.py", line 88, in observe
    self.dehb.tell(X, y)
  File "/home/ryedida/smoothness-hpo/.venv/lib/python3.12/site-packages/dehb/optimizers/dehb.py", line 1007, in tell
    fitness, cost = float(result["fitness"]), float(result["cost"])
                          ~~~~~~^^^^^^^^^^^
TypeError: list indices must be integers or slices, not str
observation time 0.001168, current best -0.857143 at iter 2
suggestion time taken 0.001436 iter 3 next_points [Configuration(values={
  'alpha': 0.0001797430783,
  'batch_size': 95,
  'beta_1': 0.7508507465494,
  'beta_2': 0.9203893114342,
  'epsilon': 2.0853e-09,
  'hidden_layer_sizes': 68,
  'learning_rate_init': 5.60593225e-05,
  'tol': 8.53211768e-05,
  'validation_fraction': 0.2930110165126,
})]
function_evaluation time 0.204084 value -0.758242 suggestion Configuration(values={
  'alpha': 0.0001797430783,
  'batch_size': 95,
  'beta_1': 0.7508507465494,
  'beta_2': 0.9203893114342,
  'epsilon': 2.0853e-09,
  'hidden_layer_sizes': 68,
  'learning_rate_init': 5.60593225e-05,
  'tol': 8.53211768e-05,
  'validation_fraction': 0.2930110165126,
})
Failure in optimizer observe. Ignoring these observations.
list indices must be integers or slices, not str
Traceback (most recent call last):
  File "/home/ryedida/smoothness-hpo/.venv/lib/python3.12/site-packages/bayesmark/experiment.py", line 175, in run_study
    optimizer.observe(next_points, eval_list)
  File "/home/ryedida/smoothness-hpo/bbo_challenge_starter_kit/example_submissions/dehb/optimizer.py", line 88, in observe
    self.dehb.tell(X, y)
  File "/home/ryedida/smoothness-hpo/.venv/lib/python3.12/site-packages/dehb/optimizers/dehb.py", line 1007, in tell
    fitness, cost = float(result["fitness"]), float(result["cost"])
                          ~~~~~~^^^^^^^^^^^
TypeError: list indices must be integers or slices, not str
observation time 0.000676, current best -0.857143 at iter 3
suggestion time taken 0.001366 iter 4 next_points [Configuration(values={
  'alpha': 3.72967394e-05,
  'batch_size': 97,
  'beta_1': 0.7965179248187,
  'beta_2': 0.992033803479,
  'epsilon': 1.3041e-09,
  'hidden_layer_sizes': 146,
  'learning_rate_init': 0.0397306974097,
  'tol': 0.0861269158125,
  'validation_fraction': 0.5291642822081,
})]
function_evaluation time 0.493570 value -0.901099 suggestion Configuration(values={
  'alpha': 3.72967394e-05,
  'batch_size': 97,
  'beta_1': 0.7965179248187,
  'beta_2': 0.992033803479,
  'epsilon': 1.3041e-09,
  'hidden_layer_sizes': 146,
  'learning_rate_init': 0.0397306974097,
  'tol': 0.0861269158125,
  'validation_fraction': 0.5291642822081,
})
Failure in optimizer observe. Ignoring these observations.
list indices must be integers or slices, not str
Traceback (most recent call last):
  File "/home/ryedida/smoothness-hpo/.venv/lib/python3.12/site-packages/bayesmark/experiment.py", line 175, in run_study
    optimizer.observe(next_points, eval_list)
  File "/home/ryedida/smoothness-hpo/bbo_challenge_starter_kit/example_submissions/dehb/optimizer.py", line 88, in observe
    self.dehb.tell(X, y)
  File "/home/ryedida/smoothness-hpo/.venv/lib/python3.12/site-packages/dehb/optimizers/dehb.py", line 1007, in tell
    fitness, cost = float(result["fitness"]), float(result["cost"])
                          ~~~~~~^^^^^^^^^^^
TypeError: list indices must be integers or slices, not str
observation time 0.000686, current best -0.901099 at iter 4
suggestion time taken 0.001422 iter 5 next_points [Configuration(values={
  'alpha': 0.0211063487656,
  'batch_size': 54,
  'beta_1': 0.748772071352,
  'beta_2': 0.9558343306542,
  'epsilon': 4.90529e-08,
  'hidden_layer_sizes': 181,
  'learning_rate_init': 0.0001570741239,
  'tol': 0.0004899135538,
  'validation_fraction': 0.1764891915762,
})]
function_evaluation time 1.419097 value -0.850549 suggestion Configuration(values={
  'alpha': 0.0211063487656,
  'batch_size': 54,
  'beta_1': 0.748772071352,
  'beta_2': 0.9558343306542,
  'epsilon': 4.90529e-08,
  'hidden_layer_sizes': 181,
  'learning_rate_init': 0.0001570741239,
  'tol': 0.0004899135538,
  'validation_fraction': 0.1764891915762,
})
Failure in optimizer observe. Ignoring these observations.
list indices must be integers or slices, not str
Traceback (most recent call last):
  File "/home/ryedida/smoothness-hpo/.venv/lib/python3.12/site-packages/bayesmark/experiment.py", line 175, in run_study
    optimizer.observe(next_points, eval_list)
  File "/home/ryedida/smoothness-hpo/bbo_challenge_starter_kit/example_submissions/dehb/optimizer.py", line 88, in observe
    self.dehb.tell(X, y)
  File "/home/ryedida/smoothness-hpo/.venv/lib/python3.12/site-packages/dehb/optimizers/dehb.py", line 1007, in tell
    fitness, cost = float(result["fitness"]), float(result["cost"])
                          ~~~~~~^^^^^^^^^^^
TypeError: list indices must be integers or slices, not str
observation time 0.001278, current best -0.901099 at iter 5
suggestion time taken 0.001300 iter 6 next_points [Configuration(values={
  'alpha': 0.0150060829096,
  'batch_size': 171,
  'beta_1': 0.5983962719617,
  'beta_2': 0.9004032972308,
  'epsilon': 1.257782e-07,
  'hidden_layer_sizes': 172,
  'learning_rate_init': 0.0405597105221,
  'tol': 3.38826881e-05,
  'validation_fraction': 0.4017010529786,
})]
function_evaluation time 0.677829 value -0.901099 suggestion Configuration(values={
  'alpha': 0.0150060829096,
  'batch_size': 171,
  'beta_1': 0.5983962719617,
  'beta_2': 0.9004032972308,
  'epsilon': 1.257782e-07,
  'hidden_layer_sizes': 172,
  'learning_rate_init': 0.0405597105221,
  'tol': 3.38826881e-05,
  'validation_fraction': 0.4017010529786,
})
Failure in optimizer observe. Ignoring these observations.
list indices must be integers or slices, not str
Traceback (most recent call last):
  File "/home/ryedida/smoothness-hpo/.venv/lib/python3.12/site-packages/bayesmark/experiment.py", line 175, in run_study
    optimizer.observe(next_points, eval_list)
  File "/home/ryedida/smoothness-hpo/bbo_challenge_starter_kit/example_submissions/dehb/optimizer.py", line 88, in observe
    self.dehb.tell(X, y)
  File "/home/ryedida/smoothness-hpo/.venv/lib/python3.12/site-packages/dehb/optimizers/dehb.py", line 1007, in tell
    fitness, cost = float(result["fitness"]), float(result["cost"])
                          ~~~~~~^^^^^^^^^^^
TypeError: list indices must be integers or slices, not str
observation time 0.000713, current best -0.901099 at iter 6
suggestion time taken 0.001568 iter 7 next_points [Configuration(values={
  'alpha': 0.1010193815256,
  'batch_size': 150,
  'beta_1': 0.7129801701224,
  'beta_2': 0.926550500247,
  'epsilon': 1.776e-09,
  'hidden_layer_sizes': 200,
  'learning_rate_init': 0.0001294817714,
  'tol': 2.75493089e-05,
  'validation_fraction': 0.2972862258325,
})]
function_evaluation time 0.946873 value -0.619780 suggestion Configuration(values={
  'alpha': 0.1010193815256,
  'batch_size': 150,
  'beta_1': 0.7129801701224,
  'beta_2': 0.926550500247,
  'epsilon': 1.776e-09,
  'hidden_layer_sizes': 200,
  'learning_rate_init': 0.0001294817714,
  'tol': 2.75493089e-05,
  'validation_fraction': 0.2972862258325,
})
Failure in optimizer observe. Ignoring these observations.
list indices must be integers or slices, not str
Traceback (most recent call last):
  File "/home/ryedida/smoothness-hpo/.venv/lib/python3.12/site-packages/bayesmark/experiment.py", line 175, in run_study
    optimizer.observe(next_points, eval_list)
  File "/home/ryedida/smoothness-hpo/bbo_challenge_starter_kit/example_submissions/dehb/optimizer.py", line 88, in observe
    self.dehb.tell(X, y)
  File "/home/ryedida/smoothness-hpo/.venv/lib/python3.12/site-packages/dehb/optimizers/dehb.py", line 1007, in tell
    fitness, cost = float(result["fitness"]), float(result["cost"])
                          ~~~~~~^^^^^^^^^^^
TypeError: list indices must be integers or slices, not str
observation time 0.000706, current best -0.901099 at iter 7
suggestion time taken 0.001258 iter 8 next_points [Configuration(values={
  'alpha': 0.0003021155964,
  'batch_size': 37,
  'beta_1': 0.8142769804594,
  'beta_2': 0.9090936603966,
  'epsilon': 5.182962e-07,
  'hidden_layer_sizes': 104,
  'learning_rate_init': 0.0003283229662,
  'tol': 0.0001395173561,
  'validation_fraction': 0.2224315544811,
})]
function_evaluation time 1.161400 value -0.885714 suggestion Configuration(values={
  'alpha': 0.0003021155964,
  'batch_size': 37,
  'beta_1': 0.8142769804594,
  'beta_2': 0.9090936603966,
  'epsilon': 5.182962e-07,
  'hidden_layer_sizes': 104,
  'learning_rate_init': 0.0003283229662,
  'tol': 0.0001395173561,
  'validation_fraction': 0.2224315544811,
})
Failure in optimizer observe. Ignoring these observations.
list indices must be integers or slices, not str
Traceback (most recent call last):
  File "/home/ryedida/smoothness-hpo/.venv/lib/python3.12/site-packages/bayesmark/experiment.py", line 175, in run_study
    optimizer.observe(next_points, eval_list)
  File "/home/ryedida/smoothness-hpo/bbo_challenge_starter_kit/example_submissions/dehb/optimizer.py", line 88, in observe
    self.dehb.tell(X, y)
  File "/home/ryedida/smoothness-hpo/.venv/lib/python3.12/site-packages/dehb/optimizers/dehb.py", line 1007, in tell
    fitness, cost = float(result["fitness"]), float(result["cost"])
                          ~~~~~~^^^^^^^^^^^
TypeError: list indices must be integers or slices, not str
observation time 0.000720, current best -0.901099 at iter 8
suggestion time taken 0.002035 iter 9 next_points [Configuration(values={
  'alpha': 3.6227237132492,
  'batch_size': 159,
  'beta_1': 0.9271441841989,
  'beta_2': 0.9266578623028,
  'epsilon': 1.29786e-08,
  'hidden_layer_sizes': 131,
  'learning_rate_init': 2.1429167e-05,
  'tol': 3.44068997e-05,
  'validation_fraction': 0.3710060218779,
})]
function_evaluation time 0.360652 value -0.417582 suggestion Configuration(values={
  'alpha': 3.6227237132492,
  'batch_size': 159,
  'beta_1': 0.9271441841989,
  'beta_2': 0.9266578623028,
  'epsilon': 1.29786e-08,
  'hidden_layer_sizes': 131,
  'learning_rate_init': 2.1429167e-05,
  'tol': 3.44068997e-05,
  'validation_fraction': 0.3710060218779,
})
Failure in optimizer observe. Ignoring these observations.
list indices must be integers or slices, not str
Traceback (most recent call last):
  File "/home/ryedida/smoothness-hpo/.venv/lib/python3.12/site-packages/bayesmark/experiment.py", line 175, in run_study
    optimizer.observe(next_points, eval_list)
  File "/home/ryedida/smoothness-hpo/bbo_challenge_starter_kit/example_submissions/dehb/optimizer.py", line 88, in observe
    self.dehb.tell(X, y)
  File "/home/ryedida/smoothness-hpo/.venv/lib/python3.12/site-packages/dehb/optimizers/dehb.py", line 1007, in tell
    fitness, cost = float(result["fitness"]), float(result["cost"])
                          ~~~~~~^^^^^^^^^^^
TypeError: list indices must be integers or slices, not str
observation time 0.000775, current best -0.901099 at iter 9
suggestion time taken 0.002005 iter 10 next_points [Configuration(values={
  'alpha': 0.0006335632249,
  'batch_size': 51,
  'beta_1': 0.5969509566722,
  'beta_2': 0.9912000785126,
  'epsilon': 5.734263e-07,
  'hidden_layer_sizes': 195,
  'learning_rate_init': 1.40490543e-05,
  'tol': 2.65601023e-05,
  'validation_fraction': 0.8592908648408,
})]
function_evaluation time 0.277744 value -0.472527 suggestion Configuration(values={
  'alpha': 0.0006335632249,
  'batch_size': 51,
  'beta_1': 0.5969509566722,
  'beta_2': 0.9912000785126,
  'epsilon': 5.734263e-07,
  'hidden_layer_sizes': 195,
  'learning_rate_init': 1.40490543e-05,
  'tol': 2.65601023e-05,
  'validation_fraction': 0.8592908648408,
})
Failure in optimizer observe. Ignoring these observations.
list indices must be integers or slices, not str
Traceback (most recent call last):
  File "/home/ryedida/smoothness-hpo/.venv/lib/python3.12/site-packages/bayesmark/experiment.py", line 175, in run_study
    optimizer.observe(next_points, eval_list)
  File "/home/ryedida/smoothness-hpo/bbo_challenge_starter_kit/example_submissions/dehb/optimizer.py", line 88, in observe
    self.dehb.tell(X, y)
  File "/home/ryedida/smoothness-hpo/.venv/lib/python3.12/site-packages/dehb/optimizers/dehb.py", line 1007, in tell
    fitness, cost = float(result["fitness"]), float(result["cost"])
                          ~~~~~~^^^^^^^^^^^
TypeError: list indices must be integers or slices, not str
observation time 0.000632, current best -0.901099 at iter 10
suggestion time taken 0.001908 iter 11 next_points [Configuration(values={
  'alpha': 1.1023209570004,
  'batch_size': 209,
  'beta_1': 0.6415743564618,
  'beta_2': 0.9652463163852,
  'epsilon': 6.039481e-07,
  'hidden_layer_sizes': 68,
  'learning_rate_init': 0.0009568567153,
  'tol': 0.0005137110352,
  'validation_fraction': 0.3869647479697,
})]
function_evaluation time 0.582046 value -0.797802 suggestion Configuration(values={
  'alpha': 1.1023209570004,
  'batch_size': 209,
  'beta_1': 0.6415743564618,
  'beta_2': 0.9652463163852,
  'epsilon': 6.039481e-07,
  'hidden_layer_sizes': 68,
  'learning_rate_init': 0.0009568567153,
  'tol': 0.0005137110352,
  'validation_fraction': 0.3869647479697,
})
Failure in optimizer observe. Ignoring these observations.
list indices must be integers or slices, not str
Traceback (most recent call last):
  File "/home/ryedida/smoothness-hpo/.venv/lib/python3.12/site-packages/bayesmark/experiment.py", line 175, in run_study
    optimizer.observe(next_points, eval_list)
  File "/home/ryedida/smoothness-hpo/bbo_challenge_starter_kit/example_submissions/dehb/optimizer.py", line 88, in observe
    self.dehb.tell(X, y)
  File "/home/ryedida/smoothness-hpo/.venv/lib/python3.12/site-packages/dehb/optimizers/dehb.py", line 1007, in tell
    fitness, cost = float(result["fitness"]), float(result["cost"])
                          ~~~~~~^^^^^^^^^^^
TypeError: list indices must be integers or slices, not str
observation time 0.000698, current best -0.901099 at iter 11
suggestion time taken 0.002075 iter 12 next_points [Configuration(values={
  'alpha': 0.968964474815,
  'batch_size': 89,
  'beta_1': 0.5164690660665,
  'beta_2': 0.9059718622504,
  'epsilon': 5.958797e-07,
  'hidden_layer_sizes': 87,
  'learning_rate_init': 0.0210764272655,
  'tol': 1.24950444e-05,
  'validation_fraction': 0.433002883148,
})]
function_evaluation time 0.650841 value -0.909890 suggestion Configuration(values={
  'alpha': 0.968964474815,
  'batch_size': 89,
  'beta_1': 0.5164690660665,
  'beta_2': 0.9059718622504,
  'epsilon': 5.958797e-07,
  'hidden_layer_sizes': 87,
  'learning_rate_init': 0.0210764272655,
  'tol': 1.24950444e-05,
  'validation_fraction': 0.433002883148,
})
Failure in optimizer observe. Ignoring these observations.
list indices must be integers or slices, not str
Traceback (most recent call last):
  File "/home/ryedida/smoothness-hpo/.venv/lib/python3.12/site-packages/bayesmark/experiment.py", line 175, in run_study
    optimizer.observe(next_points, eval_list)
  File "/home/ryedida/smoothness-hpo/bbo_challenge_starter_kit/example_submissions/dehb/optimizer.py", line 88, in observe
    self.dehb.tell(X, y)
  File "/home/ryedida/smoothness-hpo/.venv/lib/python3.12/site-packages/dehb/optimizers/dehb.py", line 1007, in tell
    fitness, cost = float(result["fitness"]), float(result["cost"])
                          ~~~~~~^^^^^^^^^^^
TypeError: list indices must be integers or slices, not str
observation time 0.001074, current best -0.909890 at iter 12
suggestion time taken 0.002039 iter 13 next_points [Configuration(values={
  'alpha': 3.63777555e-05,
  'batch_size': 93,
  'beta_1': 0.722945969213,
  'beta_2': 0.9335412771086,
  'epsilon': 5.667076e-07,
  'hidden_layer_sizes': 86,
  'learning_rate_init': 4.69607397e-05,
  'tol': 0.0004873181737,
  'validation_fraction': 0.2481023688955,
})]
function_evaluation time 0.404806 value -0.564835 suggestion Configuration(values={
  'alpha': 3.63777555e-05,
  'batch_size': 93,
  'beta_1': 0.722945969213,
  'beta_2': 0.9335412771086,
  'epsilon': 5.667076e-07,
  'hidden_layer_sizes': 86,
  'learning_rate_init': 4.69607397e-05,
  'tol': 0.0004873181737,
  'validation_fraction': 0.2481023688955,
})
Failure in optimizer observe. Ignoring these observations.
list indices must be integers or slices, not str
Traceback (most recent call last):
  File "/home/ryedida/smoothness-hpo/.venv/lib/python3.12/site-packages/bayesmark/experiment.py", line 175, in run_study
    optimizer.observe(next_points, eval_list)
  File "/home/ryedida/smoothness-hpo/bbo_challenge_starter_kit/example_submissions/dehb/optimizer.py", line 88, in observe
    self.dehb.tell(X, y)
  File "/home/ryedida/smoothness-hpo/.venv/lib/python3.12/site-packages/dehb/optimizers/dehb.py", line 1007, in tell
    fitness, cost = float(result["fitness"]), float(result["cost"])
                          ~~~~~~^^^^^^^^^^^
TypeError: list indices must be integers or slices, not str
observation time 0.000702, current best -0.909890 at iter 13
suggestion time taken 0.002091 iter 14 next_points [Configuration(values={
  'alpha': 0.0014425424462,
  'batch_size': 174,
  'beta_1': 0.6261722657094,
  'beta_2': 0.9004021486318,
  'epsilon': 1.311592e-07,
  'hidden_layer_sizes': 86,
  'learning_rate_init': 0.0022475202378,
  'tol': 1.14359173e-05,
  'validation_fraction': 0.1821586366959,
})]
function_evaluation time 0.629905 value -0.903297 suggestion Configuration(values={
  'alpha': 0.0014425424462,
  'batch_size': 174,
  'beta_1': 0.6261722657094,
  'beta_2': 0.9004021486318,
  'epsilon': 1.311592e-07,
  'hidden_layer_sizes': 86,
  'learning_rate_init': 0.0022475202378,
  'tol': 1.14359173e-05,
  'validation_fraction': 0.1821586366959,
})
Failure in optimizer observe. Ignoring these observations.
list indices must be integers or slices, not str
Traceback (most recent call last):
  File "/home/ryedida/smoothness-hpo/.venv/lib/python3.12/site-packages/bayesmark/experiment.py", line 175, in run_study
    optimizer.observe(next_points, eval_list)
  File "/home/ryedida/smoothness-hpo/bbo_challenge_starter_kit/example_submissions/dehb/optimizer.py", line 88, in observe
    self.dehb.tell(X, y)
  File "/home/ryedida/smoothness-hpo/.venv/lib/python3.12/site-packages/dehb/optimizers/dehb.py", line 1007, in tell
    fitness, cost = float(result["fitness"]), float(result["cost"])
                          ~~~~~~^^^^^^^^^^^
TypeError: list indices must be integers or slices, not str
observation time 0.000692, current best -0.909890 at iter 14
saving meta data: {'args': {'--uuid': '88b5260fdd9d5c4084ea2165fffbc36d', '-db-root': '/home/ryedida/smoothness-hpo/bbo_challenge_starter_kit/output', '--opt-root': '/home/ryedida/smoothness-hpo/bbo_challenge_starter_kit/example_submissions', '--data-root': None, '--db': 'run_20241104_042314', '--opt': 'dehb', '--data': 'breast', '--classifier': 'MLP-adam', '--metric': 'acc', '--calls': 15, '--suggestions': 1, '--jobs-file': None, '--verbose': False, 'dry_run': False, 'rev': 'a376313', 'opt_rev': '0.0.8'}, 'signature': ([{'alpha': 0.019628224813442792, 'batch_size': 182, 'beta_1': 0.9410202200271762, 'beta_2': 0.9998021557676793, 'epsilon': 1.8662266976518e-08, 'hidden_layer_sizes': 147, 'learning_rate_init': 0.0005627932047415167, 'tol': 0.03690557729213761, 'validation_fraction': 0.8846827852548593}, {'alpha': 0.0019982467392329444, 'batch_size': 200, 'beta_1': 0.919111482530466, 'beta_2': 0.9998488260436156, 'epsilon': 5.981221901152555e-07, 'hidden_layer_sizes': 61, 'learning_rate_init': 2.2310905607443014e-05, 'tol': 1.2046852412030316e-05, 'validation_fraction': 0.8117896445826539}, {'alpha': 0.46659545670218433, 'batch_size': 219, 'beta_1': 0.9889789783750891, 'beta_2': 0.9999896868093284, 'epsilon': 2.4234724484675948e-08, 'hidden_layer_sizes': 167, 'learning_rate_init': 2.972334644335654e-05, 'tol': 0.0036281404040243792, 'validation_fraction': 0.17260651658522078}, {'alpha': 4.656005689076002, 'batch_size': 135, 'beta_1': 0.870503881627747, 'beta_2': 0.9948873266941017, 'epsilon': 2.1023308743480125e-07, 'hidden_layer_sizes': 118, 'learning_rate_init': 0.0018781738757161913, 'tol': 1.1889379831773004e-05, 'validation_fraction': 0.6264327093752792}, {'alpha': 0.04705159350400542, 'batch_size': 158, 'beta_1': 0.9870884262730957, 'beta_2': 0.9999596874382349, 'epsilon': 1.1981845126013875e-08, 'hidden_layer_sizes': 116, 'learning_rate_init': 0.00617340520407431, 'tol': 1.741413418158619e-05, 'validation_fraction': 0.6754299026638921}], [-0.676923076923077, -0.567032967032967, -0.545054945054945, -0.7824175824175824, -0.843956043956044])}
saving results
saving timing
saving suggest log
done
