running: {'--uuid': '070b72684911516f934895c0f3c02a97', '-db-root': '/home/ryedida/smoothness-hpo/bbo_challenge_starter_kit/output', '--opt-root': '/home/ryedida/smoothness-hpo/bbo_challenge_starter_kit/example_submissions', '--data-root': None, '--db': 'run_20241104_040724', '--opt': 'dehb', '--data': 'wine', '--classifier': 'MLP-adam', '--metric': 'acc', '--calls': 15, '--suggestions': 1, '--jobs-file': None, '--verbose': False, 'dry_run': False, 'rev': 'a376313', 'opt_rev': '0.0.8'}
cmd: python dehb/optimizer.py -c MLP-adam -d wine -o dehb -u 070b72684911516f934895c0f3c02a97 -m acc -n 15 -p 1 -dir /home/ryedida/smoothness-hpo/bbo_challenge_starter_kit/output -b run_20241104_040724
/home/ryedida/smoothness-hpo/.venv/lib/python3.12/site-packages/sklearn/neural_network/_multilayer_perceptron.py:608: UserWarning: Got `batch_size` less than 1 or larger than sample size. It is going to be clipped
  warnings.warn(

/home/ryedida/smoothness-hpo/.venv/lib/python3.12/site-packages/sklearn/neural_network/_multilayer_perceptron.py:608: UserWarning: Got `batch_size` less than 1 or larger than sample size. It is going to be clipped
  warnings.warn(

/home/ryedida/smoothness-hpo/.venv/lib/python3.12/site-packages/sklearn/neural_network/_multilayer_perceptron.py:608: UserWarning: Got `batch_size` less than 1 or larger than sample size. It is going to be clipped
  warnings.warn(

/home/ryedida/smoothness-hpo/.venv/lib/python3.12/site-packages/sklearn/neural_network/_multilayer_perceptron.py:608: UserWarning: Got `batch_size` less than 1 or larger than sample size. It is going to be clipped
  warnings.warn(

/home/ryedida/smoothness-hpo/.venv/lib/python3.12/site-packages/sklearn/neural_network/_multilayer_perceptron.py:608: UserWarning: Got `batch_size` less than 1 or larger than sample size. It is going to be clipped
  warnings.warn(

computed signature: ([{'alpha': 0.019628224813442792, 'batch_size': 182, 'beta_1': 0.9410202200271762, 'beta_2': 0.9998021557676793, 'epsilon': 1.8662266976518e-08, 'hidden_layer_sizes': 147, 'learning_rate_init': 0.0005627932047415167, 'tol': 0.03690557729213761, 'validation_fraction': 0.8846827852548593}, {'alpha': 0.0019982467392329444, 'batch_size': 200, 'beta_1': 0.919111482530466, 'beta_2': 0.9998488260436156, 'epsilon': 5.981221901152555e-07, 'hidden_layer_sizes': 61, 'learning_rate_init': 2.2310905607443014e-05, 'tol': 1.2046852412030316e-05, 'validation_fraction': 0.8117896445826539}, {'alpha': 0.46659545670218433, 'batch_size': 219, 'beta_1': 0.9889789783750891, 'beta_2': 0.9999896868093284, 'epsilon': 2.4234724484675948e-08, 'hidden_layer_sizes': 167, 'learning_rate_init': 2.972334644335654e-05, 'tol': 0.0036281404040243792, 'validation_fraction': 0.17260651658522078}, {'alpha': 4.656005689076002, 'batch_size': 135, 'beta_1': 0.870503881627747, 'beta_2': 0.9948873266941017, 'epsilon': 2.1023308743480125e-07, 'hidden_layer_sizes': 118, 'learning_rate_init': 0.0018781738757161913, 'tol': 1.1889379831773004e-05, 'validation_fraction': 0.6264327093752792}, {'alpha': 0.04705159350400542, 'batch_size': 158, 'beta_1': 0.9870884262730957, 'beta_2': 0.9999596874382349, 'epsilon': 1.1981845126013875e-08, 'hidden_layer_sizes': 116, 'learning_rate_init': 0.00617340520407431, 'tol': 1.741413418158619e-05, 'validation_fraction': 0.6754299026638921}], [-0.4359605911330049, -0.3169950738916256, -0.3312807881773399, -0.6620689655172413, -0.5017241379310344])
Signature errors:
                     0    1    2    3    4  max
MLP-adam_wine_acc  0.0  0.0  0.0  0.0  0.0  0.0
max                0.0  0.0  0.0  0.0  0.0  0.0
starting sklearn study dehb MLP-adam wine acc 15 1
with data root: None
suggestion time taken 0.001495 iter 0 next_points [Configuration(values={
  'alpha': 1.5243520289619,
  'batch_size': 106,
  'beta_1': 0.914639626704,
  'beta_2': 0.9595263090405,
  'epsilon': 8.7758e-09,
  'hidden_layer_sizes': 139,
  'learning_rate_init': 0.0084417788112,
  'tol': 0.0006938608539,
  'validation_fraction': 0.3255681552707,
})]
/home/ryedida/smoothness-hpo/.venv/lib/python3.12/site-packages/sklearn/neural_network/_multilayer_perceptron.py:608: UserWarning: Got `batch_size` less than 1 or larger than sample size. It is going to be clipped
  warnings.warn(

function_evaluation time 0.191182 value -0.676355 suggestion Configuration(values={
  'alpha': 1.5243520289619,
  'batch_size': 106,
  'beta_1': 0.914639626704,
  'beta_2': 0.9595263090405,
  'epsilon': 8.7758e-09,
  'hidden_layer_sizes': 139,
  'learning_rate_init': 0.0084417788112,
  'tol': 0.0006938608539,
  'validation_fraction': 0.3255681552707,
})
Failure in optimizer observe. Ignoring these observations.
list indices must be integers or slices, not str
Traceback (most recent call last):
  File "/home/ryedida/smoothness-hpo/.venv/lib/python3.12/site-packages/bayesmark/experiment.py", line 175, in run_study
    optimizer.observe(next_points, eval_list)
  File "/home/ryedida/smoothness-hpo/bbo_challenge_starter_kit/example_submissions/dehb/optimizer.py", line 88, in observe
    self.dehb.tell(X, y)
  File "/home/ryedida/smoothness-hpo/.venv/lib/python3.12/site-packages/dehb/optimizers/dehb.py", line 1007, in tell
    fitness, cost = float(result["fitness"]), float(result["cost"])
                          ~~~~~~^^^^^^^^^^^
TypeError: list indices must be integers or slices, not str
observation time 0.001324, current best -0.676355 at iter 0
suggestion time taken 0.001376 iter 1 next_points [Configuration(values={
  'alpha': 0.0008114783667,
  'batch_size': 13,
  'beta_1': 0.8537367055466,
  'beta_2': 0.9395585833626,
  'epsilon': 9.48129e-08,
  'hidden_layer_sizes': 94,
  'learning_rate_init': 2.61244742e-05,
  'tol': 6.22868497e-05,
  'validation_fraction': 0.1327526584294,
})]
function_evaluation time 0.232200 value -0.372660 suggestion Configuration(values={
  'alpha': 0.0008114783667,
  'batch_size': 13,
  'beta_1': 0.8537367055466,
  'beta_2': 0.9395585833626,
  'epsilon': 9.48129e-08,
  'hidden_layer_sizes': 94,
  'learning_rate_init': 2.61244742e-05,
  'tol': 6.22868497e-05,
  'validation_fraction': 0.1327526584294,
})
Failure in optimizer observe. Ignoring these observations.
list indices must be integers or slices, not str
Traceback (most recent call last):
  File "/home/ryedida/smoothness-hpo/.venv/lib/python3.12/site-packages/bayesmark/experiment.py", line 175, in run_study
    optimizer.observe(next_points, eval_list)
  File "/home/ryedida/smoothness-hpo/bbo_challenge_starter_kit/example_submissions/dehb/optimizer.py", line 88, in observe
    self.dehb.tell(X, y)
  File "/home/ryedida/smoothness-hpo/.venv/lib/python3.12/site-packages/dehb/optimizers/dehb.py", line 1007, in tell
    fitness, cost = float(result["fitness"]), float(result["cost"])
                          ~~~~~~^^^^^^^^^^^
TypeError: list indices must be integers or slices, not str
observation time 0.000691, current best -0.676355 at iter 1
suggestion time taken 0.001239 iter 2 next_points [Configuration(values={
  'alpha': 4.6195828702593,
  'batch_size': 90,
  'beta_1': 0.6362161086856,
  'beta_2': 0.9318988051641,
  'epsilon': 7.474384e-07,
  'hidden_layer_sizes': 68,
  'learning_rate_init': 0.0011853384447,
  'tol': 0.0139757444292,
  'validation_fraction': 0.1641265420017,
})]
function_evaluation time 0.159313 value -0.576847 suggestion Configuration(values={
  'alpha': 4.6195828702593,
  'batch_size': 90,
  'beta_1': 0.6362161086856,
  'beta_2': 0.9318988051641,
  'epsilon': 7.474384e-07,
  'hidden_layer_sizes': 68,
  'learning_rate_init': 0.0011853384447,
  'tol': 0.0139757444292,
  'validation_fraction': 0.1641265420017,
})
Failure in optimizer observe. Ignoring these observations.
list indices must be integers or slices, not str
Traceback (most recent call last):
  File "/home/ryedida/smoothness-hpo/.venv/lib/python3.12/site-packages/bayesmark/experiment.py", line 175, in run_study
    optimizer.observe(next_points, eval_list)
  File "/home/ryedida/smoothness-hpo/bbo_challenge_starter_kit/example_submissions/dehb/optimizer.py", line 88, in observe
    self.dehb.tell(X, y)
  File "/home/ryedida/smoothness-hpo/.venv/lib/python3.12/site-packages/dehb/optimizers/dehb.py", line 1007, in tell
    fitness, cost = float(result["fitness"]), float(result["cost"])
                          ~~~~~~^^^^^^^^^^^
TypeError: list indices must be integers or slices, not str
observation time 0.001175, current best -0.676355 at iter 2
suggestion time taken 0.001395 iter 3 next_points [Configuration(values={
  'alpha': 0.1333232923672,
  'batch_size': 48,
  'beta_1': 0.5306926913277,
  'beta_2': 0.9647613839571,
  'epsilon': 1.232284e-07,
  'hidden_layer_sizes': 176,
  'learning_rate_init': 0.0010691632448,
  'tol': 0.0004933659975,
  'validation_fraction': 0.7272136448779,
})]
/home/ryedida/smoothness-hpo/.venv/lib/python3.12/site-packages/sklearn/neural_network/_multilayer_perceptron.py:608: UserWarning: Got `batch_size` less than 1 or larger than sample size. It is going to be clipped
  warnings.warn(

function_evaluation time 0.198054 value -0.584483 suggestion Configuration(values={
  'alpha': 0.1333232923672,
  'batch_size': 48,
  'beta_1': 0.5306926913277,
  'beta_2': 0.9647613839571,
  'epsilon': 1.232284e-07,
  'hidden_layer_sizes': 176,
  'learning_rate_init': 0.0010691632448,
  'tol': 0.0004933659975,
  'validation_fraction': 0.7272136448779,
})
Failure in optimizer observe. Ignoring these observations.
list indices must be integers or slices, not str
Traceback (most recent call last):
  File "/home/ryedida/smoothness-hpo/.venv/lib/python3.12/site-packages/bayesmark/experiment.py", line 175, in run_study
    optimizer.observe(next_points, eval_list)
  File "/home/ryedida/smoothness-hpo/bbo_challenge_starter_kit/example_submissions/dehb/optimizer.py", line 88, in observe
    self.dehb.tell(X, y)
  File "/home/ryedida/smoothness-hpo/.venv/lib/python3.12/site-packages/dehb/optimizers/dehb.py", line 1007, in tell
    fitness, cost = float(result["fitness"]), float(result["cost"])
                          ~~~~~~^^^^^^^^^^^
TypeError: list indices must be integers or slices, not str
observation time 0.000704, current best -0.676355 at iter 3
suggestion time taken 0.001400 iter 4 next_points [Configuration(values={
  'alpha': 0.0088903733356,
  'batch_size': 44,
  'beta_1': 0.8169311068127,
  'beta_2': 0.9454305939781,
  'epsilon': 2.20748e-08,
  'hidden_layer_sizes': 61,
  'learning_rate_init': 0.0038569302066,
  'tol': 0.0016871730477,
  'validation_fraction': 0.2350997377214,
})]
function_evaluation time 0.231758 value -0.739409 suggestion Configuration(values={
  'alpha': 0.0088903733356,
  'batch_size': 44,
  'beta_1': 0.8169311068127,
  'beta_2': 0.9454305939781,
  'epsilon': 2.20748e-08,
  'hidden_layer_sizes': 61,
  'learning_rate_init': 0.0038569302066,
  'tol': 0.0016871730477,
  'validation_fraction': 0.2350997377214,
})
Failure in optimizer observe. Ignoring these observations.
list indices must be integers or slices, not str
Traceback (most recent call last):
  File "/home/ryedida/smoothness-hpo/.venv/lib/python3.12/site-packages/bayesmark/experiment.py", line 175, in run_study
    optimizer.observe(next_points, eval_list)
  File "/home/ryedida/smoothness-hpo/bbo_challenge_starter_kit/example_submissions/dehb/optimizer.py", line 88, in observe
    self.dehb.tell(X, y)
  File "/home/ryedida/smoothness-hpo/.venv/lib/python3.12/site-packages/dehb/optimizers/dehb.py", line 1007, in tell
    fitness, cost = float(result["fitness"]), float(result["cost"])
                          ~~~~~~^^^^^^^^^^^
TypeError: list indices must be integers or slices, not str
observation time 0.000704, current best -0.739409 at iter 4
suggestion time taken 0.001321 iter 5 next_points [Configuration(values={
  'alpha': 0.1826999312431,
  'batch_size': 77,
  'beta_1': 0.5817329212145,
  'beta_2': 0.9166686704872,
  'epsilon': 9.92856e-08,
  'hidden_layer_sizes': 180,
  'learning_rate_init': 0.0001587254673,
  'tol': 0.0041933890436,
  'validation_fraction': 0.3550460888113,
})]
function_evaluation time 0.123696 value -0.345567 suggestion Configuration(values={
  'alpha': 0.1826999312431,
  'batch_size': 77,
  'beta_1': 0.5817329212145,
  'beta_2': 0.9166686704872,
  'epsilon': 9.92856e-08,
  'hidden_layer_sizes': 180,
  'learning_rate_init': 0.0001587254673,
  'tol': 0.0041933890436,
  'validation_fraction': 0.3550460888113,
})
Failure in optimizer observe. Ignoring these observations.
list indices must be integers or slices, not str
Traceback (most recent call last):
  File "/home/ryedida/smoothness-hpo/.venv/lib/python3.12/site-packages/bayesmark/experiment.py", line 175, in run_study
    optimizer.observe(next_points, eval_list)
  File "/home/ryedida/smoothness-hpo/bbo_challenge_starter_kit/example_submissions/dehb/optimizer.py", line 88, in observe
    self.dehb.tell(X, y)
  File "/home/ryedida/smoothness-hpo/.venv/lib/python3.12/site-packages/dehb/optimizers/dehb.py", line 1007, in tell
    fitness, cost = float(result["fitness"]), float(result["cost"])
                          ~~~~~~^^^^^^^^^^^
TypeError: list indices must be integers or slices, not str
observation time 0.000663, current best -0.739409 at iter 5
suggestion time taken 0.001389 iter 6 next_points [Configuration(values={
  'alpha': 0.0006593029526,
  'batch_size': 76,
  'beta_1': 0.855079787334,
  'beta_2': 0.9671026279514,
  'epsilon': 1.1923e-09,
  'hidden_layer_sizes': 115,
  'learning_rate_init': 3.39921214e-05,
  'tol': 0.0217742274611,
  'validation_fraction': 0.1176002419361,
})]
function_evaluation time 0.107736 value -0.309852 suggestion Configuration(values={
  'alpha': 0.0006593029526,
  'batch_size': 76,
  'beta_1': 0.855079787334,
  'beta_2': 0.9671026279514,
  'epsilon': 1.1923e-09,
  'hidden_layer_sizes': 115,
  'learning_rate_init': 3.39921214e-05,
  'tol': 0.0217742274611,
  'validation_fraction': 0.1176002419361,
})
Failure in optimizer observe. Ignoring these observations.
list indices must be integers or slices, not str
Traceback (most recent call last):
  File "/home/ryedida/smoothness-hpo/.venv/lib/python3.12/site-packages/bayesmark/experiment.py", line 175, in run_study
    optimizer.observe(next_points, eval_list)
  File "/home/ryedida/smoothness-hpo/bbo_challenge_starter_kit/example_submissions/dehb/optimizer.py", line 88, in observe
    self.dehb.tell(X, y)
  File "/home/ryedida/smoothness-hpo/.venv/lib/python3.12/site-packages/dehb/optimizers/dehb.py", line 1007, in tell
    fitness, cost = float(result["fitness"]), float(result["cost"])
                          ~~~~~~^^^^^^^^^^^
TypeError: list indices must be integers or slices, not str
observation time 0.000685, current best -0.739409 at iter 6
suggestion time taken 0.001327 iter 7 next_points [Configuration(values={
  'alpha': 0.0118593615866,
  'batch_size': 57,
  'beta_1': 0.7116157798865,
  'beta_2': 0.9655217627829,
  'epsilon': 8.54586e-08,
  'hidden_layer_sizes': 110,
  'learning_rate_init': 3.64983877e-05,
  'tol': 5.10927613e-05,
  'validation_fraction': 0.2030252603321,
})]
function_evaluation time 0.120231 value -0.350739 suggestion Configuration(values={
  'alpha': 0.0118593615866,
  'batch_size': 57,
  'beta_1': 0.7116157798865,
  'beta_2': 0.9655217627829,
  'epsilon': 8.54586e-08,
  'hidden_layer_sizes': 110,
  'learning_rate_init': 3.64983877e-05,
  'tol': 5.10927613e-05,
  'validation_fraction': 0.2030252603321,
})
Failure in optimizer observe. Ignoring these observations.
list indices must be integers or slices, not str
Traceback (most recent call last):
  File "/home/ryedida/smoothness-hpo/.venv/lib/python3.12/site-packages/bayesmark/experiment.py", line 175, in run_study
    optimizer.observe(next_points, eval_list)
  File "/home/ryedida/smoothness-hpo/bbo_challenge_starter_kit/example_submissions/dehb/optimizer.py", line 88, in observe
    self.dehb.tell(X, y)
  File "/home/ryedida/smoothness-hpo/.venv/lib/python3.12/site-packages/dehb/optimizers/dehb.py", line 1007, in tell
    fitness, cost = float(result["fitness"]), float(result["cost"])
                          ~~~~~~^^^^^^^^^^^
TypeError: list indices must be integers or slices, not str
observation time 0.000702, current best -0.739409 at iter 7
suggestion time taken 0.001459 iter 8 next_points [Configuration(values={
  'alpha': 0.0006555760616,
  'batch_size': 127,
  'beta_1': 0.5400961108748,
  'beta_2': 0.9512640401617,
  'epsilon': 7.920183e-07,
  'hidden_layer_sizes': 147,
  'learning_rate_init': 0.0013107718345,
  'tol': 0.0268550212643,
  'validation_fraction': 0.5697648372592,
})]
/home/ryedida/smoothness-hpo/.venv/lib/python3.12/site-packages/sklearn/neural_network/_multilayer_perceptron.py:608: UserWarning: Got `batch_size` less than 1 or larger than sample size. It is going to be clipped
  warnings.warn(

function_evaluation time 0.156837 value -0.592118 suggestion Configuration(values={
  'alpha': 0.0006555760616,
  'batch_size': 127,
  'beta_1': 0.5400961108748,
  'beta_2': 0.9512640401617,
  'epsilon': 7.920183e-07,
  'hidden_layer_sizes': 147,
  'learning_rate_init': 0.0013107718345,
  'tol': 0.0268550212643,
  'validation_fraction': 0.5697648372592,
})
Failure in optimizer observe. Ignoring these observations.
list indices must be integers or slices, not str
Traceback (most recent call last):
  File "/home/ryedida/smoothness-hpo/.venv/lib/python3.12/site-packages/bayesmark/experiment.py", line 175, in run_study
    optimizer.observe(next_points, eval_list)
  File "/home/ryedida/smoothness-hpo/bbo_challenge_starter_kit/example_submissions/dehb/optimizer.py", line 88, in observe
    self.dehb.tell(X, y)
  File "/home/ryedida/smoothness-hpo/.venv/lib/python3.12/site-packages/dehb/optimizers/dehb.py", line 1007, in tell
    fitness, cost = float(result["fitness"]), float(result["cost"])
                          ~~~~~~^^^^^^^^^^^
TypeError: list indices must be integers or slices, not str
observation time 0.000689, current best -0.739409 at iter 8
suggestion time taken 0.002041 iter 9 next_points [Configuration(values={
  'alpha': 1.988711216776,
  'batch_size': 212,
  'beta_1': 0.8070510019072,
  'beta_2': 0.9748302264509,
  'epsilon': 1.31377e-08,
  'hidden_layer_sizes': 94,
  'learning_rate_init': 0.0011840393976,
  'tol': 5.83456276e-05,
  'validation_fraction': 0.3923516220238,
})]
/home/ryedida/smoothness-hpo/.venv/lib/python3.12/site-packages/sklearn/neural_network/_multilayer_perceptron.py:608: UserWarning: Got `batch_size` less than 1 or larger than sample size. It is going to be clipped
  warnings.warn(

function_evaluation time 0.153528 value -0.597783 suggestion Configuration(values={
  'alpha': 1.988711216776,
  'batch_size': 212,
  'beta_1': 0.8070510019072,
  'beta_2': 0.9748302264509,
  'epsilon': 1.31377e-08,
  'hidden_layer_sizes': 94,
  'learning_rate_init': 0.0011840393976,
  'tol': 5.83456276e-05,
  'validation_fraction': 0.3923516220238,
})
Failure in optimizer observe. Ignoring these observations.
list indices must be integers or slices, not str
Traceback (most recent call last):
  File "/home/ryedida/smoothness-hpo/.venv/lib/python3.12/site-packages/bayesmark/experiment.py", line 175, in run_study
    optimizer.observe(next_points, eval_list)
  File "/home/ryedida/smoothness-hpo/bbo_challenge_starter_kit/example_submissions/dehb/optimizer.py", line 88, in observe
    self.dehb.tell(X, y)
  File "/home/ryedida/smoothness-hpo/.venv/lib/python3.12/site-packages/dehb/optimizers/dehb.py", line 1007, in tell
    fitness, cost = float(result["fitness"]), float(result["cost"])
                          ~~~~~~^^^^^^^^^^^
TypeError: list indices must be integers or slices, not str
observation time 0.000647, current best -0.739409 at iter 9
suggestion time taken 0.001908 iter 10 next_points [Configuration(values={
  'alpha': 2.3724174587899,
  'batch_size': 84,
  'beta_1': 0.749914982662,
  'beta_2': 0.936345280602,
  'epsilon': 1.45293e-08,
  'hidden_layer_sizes': 100,
  'learning_rate_init': 0.0093634385458,
  'tol': 0.013284903446,
  'validation_fraction': 0.3384576178002,
})]
function_evaluation time 0.184491 value -0.725862 suggestion Configuration(values={
  'alpha': 2.3724174587899,
  'batch_size': 84,
  'beta_1': 0.749914982662,
  'beta_2': 0.936345280602,
  'epsilon': 1.45293e-08,
  'hidden_layer_sizes': 100,
  'learning_rate_init': 0.0093634385458,
  'tol': 0.013284903446,
  'validation_fraction': 0.3384576178002,
})
Failure in optimizer observe. Ignoring these observations.
list indices must be integers or slices, not str
Traceback (most recent call last):
  File "/home/ryedida/smoothness-hpo/.venv/lib/python3.12/site-packages/bayesmark/experiment.py", line 175, in run_study
    optimizer.observe(next_points, eval_list)
  File "/home/ryedida/smoothness-hpo/bbo_challenge_starter_kit/example_submissions/dehb/optimizer.py", line 88, in observe
    self.dehb.tell(X, y)
  File "/home/ryedida/smoothness-hpo/.venv/lib/python3.12/site-packages/dehb/optimizers/dehb.py", line 1007, in tell
    fitness, cost = float(result["fitness"]), float(result["cost"])
                          ~~~~~~^^^^^^^^^^^
TypeError: list indices must be integers or slices, not str
observation time 0.000655, current best -0.739409 at iter 10
suggestion time taken 0.002014 iter 11 next_points [Configuration(values={
  'alpha': 0.0233311001846,
  'batch_size': 90,
  'beta_1': 0.73423941712,
  'beta_2': 0.9099751297566,
  'epsilon': 3.2727e-09,
  'hidden_layer_sizes': 83,
  'learning_rate_init': 0.05819862717,
  'tol': 0.0062894020691,
  'validation_fraction': 0.2045387394322,
})]
function_evaluation time 0.134073 value -0.640148 suggestion Configuration(values={
  'alpha': 0.0233311001846,
  'batch_size': 90,
  'beta_1': 0.73423941712,
  'beta_2': 0.9099751297566,
  'epsilon': 3.2727e-09,
  'hidden_layer_sizes': 83,
  'learning_rate_init': 0.05819862717,
  'tol': 0.0062894020691,
  'validation_fraction': 0.2045387394322,
})
Failure in optimizer observe. Ignoring these observations.
list indices must be integers or slices, not str
Traceback (most recent call last):
  File "/home/ryedida/smoothness-hpo/.venv/lib/python3.12/site-packages/bayesmark/experiment.py", line 175, in run_study
    optimizer.observe(next_points, eval_list)
  File "/home/ryedida/smoothness-hpo/bbo_challenge_starter_kit/example_submissions/dehb/optimizer.py", line 88, in observe
    self.dehb.tell(X, y)
  File "/home/ryedida/smoothness-hpo/.venv/lib/python3.12/site-packages/dehb/optimizers/dehb.py", line 1007, in tell
    fitness, cost = float(result["fitness"]), float(result["cost"])
                          ~~~~~~^^^^^^^^^^^
TypeError: list indices must be integers or slices, not str
observation time 0.000693, current best -0.739409 at iter 11
suggestion time taken 0.001956 iter 12 next_points [Configuration(values={
  'alpha': 1.71192495e-05,
  'batch_size': 131,
  'beta_1': 0.6840629793498,
  'beta_2': 0.9496421641921,
  'epsilon': 2.2218e-09,
  'hidden_layer_sizes': 193,
  'learning_rate_init': 2.27921373e-05,
  'tol': 0.0022354631063,
  'validation_fraction': 0.8143920895216,
})]
/home/ryedida/smoothness-hpo/.venv/lib/python3.12/site-packages/sklearn/neural_network/_multilayer_perceptron.py:608: UserWarning: Got `batch_size` less than 1 or larger than sample size. It is going to be clipped
  warnings.warn(

function_evaluation time 0.079163 value -0.359852 suggestion Configuration(values={
  'alpha': 1.71192495e-05,
  'batch_size': 131,
  'beta_1': 0.6840629793498,
  'beta_2': 0.9496421641921,
  'epsilon': 2.2218e-09,
  'hidden_layer_sizes': 193,
  'learning_rate_init': 2.27921373e-05,
  'tol': 0.0022354631063,
  'validation_fraction': 0.8143920895216,
})
Failure in optimizer observe. Ignoring these observations.
list indices must be integers or slices, not str
Traceback (most recent call last):
  File "/home/ryedida/smoothness-hpo/.venv/lib/python3.12/site-packages/bayesmark/experiment.py", line 175, in run_study
    optimizer.observe(next_points, eval_list)
  File "/home/ryedida/smoothness-hpo/bbo_challenge_starter_kit/example_submissions/dehb/optimizer.py", line 88, in observe
    self.dehb.tell(X, y)
  File "/home/ryedida/smoothness-hpo/.venv/lib/python3.12/site-packages/dehb/optimizers/dehb.py", line 1007, in tell
    fitness, cost = float(result["fitness"]), float(result["cost"])
                          ~~~~~~^^^^^^^^^^^
TypeError: list indices must be integers or slices, not str
observation time 0.001197, current best -0.739409 at iter 12
suggestion time taken 0.002144 iter 13 next_points [Configuration(values={
  'alpha': 3.12465157e-05,
  'batch_size': 98,
  'beta_1': 0.8235786482077,
  'beta_2': 0.9285660440504,
  'epsilon': 1.6753e-09,
  'hidden_layer_sizes': 53,
  'learning_rate_init': 0.0420326280005,
  'tol': 0.0784177046258,
  'validation_fraction': 0.2894384638424,
})]
function_evaluation time 0.132820 value -0.668719 suggestion Configuration(values={
  'alpha': 3.12465157e-05,
  'batch_size': 98,
  'beta_1': 0.8235786482077,
  'beta_2': 0.9285660440504,
  'epsilon': 1.6753e-09,
  'hidden_layer_sizes': 53,
  'learning_rate_init': 0.0420326280005,
  'tol': 0.0784177046258,
  'validation_fraction': 0.2894384638424,
})
Failure in optimizer observe. Ignoring these observations.
list indices must be integers or slices, not str
Traceback (most recent call last):
  File "/home/ryedida/smoothness-hpo/.venv/lib/python3.12/site-packages/bayesmark/experiment.py", line 175, in run_study
    optimizer.observe(next_points, eval_list)
  File "/home/ryedida/smoothness-hpo/bbo_challenge_starter_kit/example_submissions/dehb/optimizer.py", line 88, in observe
    self.dehb.tell(X, y)
  File "/home/ryedida/smoothness-hpo/.venv/lib/python3.12/site-packages/dehb/optimizers/dehb.py", line 1007, in tell
    fitness, cost = float(result["fitness"]), float(result["cost"])
                          ~~~~~~^^^^^^^^^^^
TypeError: list indices must be integers or slices, not str
observation time 0.000710, current best -0.739409 at iter 13
suggestion time taken 0.002347 iter 14 next_points [Configuration(values={
  'alpha': 0.0179249403684,
  'batch_size': 127,
  'beta_1': 0.7340029215323,
  'beta_2': 0.9362737673244,
  'epsilon': 7.24759e-08,
  'hidden_layer_sizes': 127,
  'learning_rate_init': 1.79576964e-05,
  'tol': 0.088645317918,
  'validation_fraction': 0.5054358280793,
})]
/home/ryedida/smoothness-hpo/.venv/lib/python3.12/site-packages/sklearn/neural_network/_multilayer_perceptron.py:608: UserWarning: Got `batch_size` less than 1 or larger than sample size. It is going to be clipped
  warnings.warn(

function_evaluation time 0.084976 value -0.295567 suggestion Configuration(values={
  'alpha': 0.0179249403684,
  'batch_size': 127,
  'beta_1': 0.7340029215323,
  'beta_2': 0.9362737673244,
  'epsilon': 7.24759e-08,
  'hidden_layer_sizes': 127,
  'learning_rate_init': 1.79576964e-05,
  'tol': 0.088645317918,
  'validation_fraction': 0.5054358280793,
})
Failure in optimizer observe. Ignoring these observations.
list indices must be integers or slices, not str
Traceback (most recent call last):
  File "/home/ryedida/smoothness-hpo/.venv/lib/python3.12/site-packages/bayesmark/experiment.py", line 175, in run_study
    optimizer.observe(next_points, eval_list)
  File "/home/ryedida/smoothness-hpo/bbo_challenge_starter_kit/example_submissions/dehb/optimizer.py", line 88, in observe
    self.dehb.tell(X, y)
  File "/home/ryedida/smoothness-hpo/.venv/lib/python3.12/site-packages/dehb/optimizers/dehb.py", line 1007, in tell
    fitness, cost = float(result["fitness"]), float(result["cost"])
                          ~~~~~~^^^^^^^^^^^
TypeError: list indices must be integers or slices, not str
observation time 0.000675, current best -0.739409 at iter 14
saving meta data: {'args': {'--uuid': '070b72684911516f934895c0f3c02a97', '-db-root': '/home/ryedida/smoothness-hpo/bbo_challenge_starter_kit/output', '--opt-root': '/home/ryedida/smoothness-hpo/bbo_challenge_starter_kit/example_submissions', '--data-root': None, '--db': 'run_20241104_040724', '--opt': 'dehb', '--data': 'wine', '--classifier': 'MLP-adam', '--metric': 'acc', '--calls': 15, '--suggestions': 1, '--jobs-file': None, '--verbose': False, 'dry_run': False, 'rev': 'a376313', 'opt_rev': '0.0.8'}, 'signature': ([{'alpha': 0.019628224813442792, 'batch_size': 182, 'beta_1': 0.9410202200271762, 'beta_2': 0.9998021557676793, 'epsilon': 1.8662266976518e-08, 'hidden_layer_sizes': 147, 'learning_rate_init': 0.0005627932047415167, 'tol': 0.03690557729213761, 'validation_fraction': 0.8846827852548593}, {'alpha': 0.0019982467392329444, 'batch_size': 200, 'beta_1': 0.919111482530466, 'beta_2': 0.9998488260436156, 'epsilon': 5.981221901152555e-07, 'hidden_layer_sizes': 61, 'learning_rate_init': 2.2310905607443014e-05, 'tol': 1.2046852412030316e-05, 'validation_fraction': 0.8117896445826539}, {'alpha': 0.46659545670218433, 'batch_size': 219, 'beta_1': 0.9889789783750891, 'beta_2': 0.9999896868093284, 'epsilon': 2.4234724484675948e-08, 'hidden_layer_sizes': 167, 'learning_rate_init': 2.972334644335654e-05, 'tol': 0.0036281404040243792, 'validation_fraction': 0.17260651658522078}, {'alpha': 4.656005689076002, 'batch_size': 135, 'beta_1': 0.870503881627747, 'beta_2': 0.9948873266941017, 'epsilon': 2.1023308743480125e-07, 'hidden_layer_sizes': 118, 'learning_rate_init': 0.0018781738757161913, 'tol': 1.1889379831773004e-05, 'validation_fraction': 0.6264327093752792}, {'alpha': 0.04705159350400542, 'batch_size': 158, 'beta_1': 0.9870884262730957, 'beta_2': 0.9999596874382349, 'epsilon': 1.1981845126013875e-08, 'hidden_layer_sizes': 116, 'learning_rate_init': 0.00617340520407431, 'tol': 1.741413418158619e-05, 'validation_fraction': 0.6754299026638921}], [-0.4359605911330049, -0.3169950738916256, -0.3312807881773399, -0.6620689655172413, -0.5017241379310344])}
saving results
saving timing
saving suggest log
done
