running: {'--uuid': '769111cb69f45dd098cded3ec0d913da', '-db-root': '/home/ryedida/bbo_challenge_starter_kit/output', '--opt-root': '/home/ryedida/bbo_challenge_starter_kit/example_submissions', '--data-root': None, '--db': 'run_20230425_030504', '--opt': 'random-search', '--data': 'diabetes', '--classifier': 'MLP-adam', '--metric': 'mae', '--calls': 15, '--suggestions': 1, '--jobs-file': None, '--verbose': False, 'dry_run': False, 'rev': 'a376313', 'opt_rev': '0.0.8'}
cmd: python random-search/optimizer.py -c MLP-adam -d diabetes -o random-search -u 769111cb69f45dd098cded3ec0d913da -m mae -n 15 -p 1 -dir /home/ryedida/bbo_challenge_starter_kit/output -b run_20230425_030504
/home/ryedida/.local/lib/python3.9/site-packages/sklearn/neural_network/_multilayer_perceptron.py:605: UserWarning: Got `batch_size` less than 1 or larger than sample size. It is going to be clipped
  warnings.warn(

/home/ryedida/.local/lib/python3.9/site-packages/sklearn/neural_network/_multilayer_perceptron.py:605: UserWarning: Got `batch_size` less than 1 or larger than sample size. It is going to be clipped
  warnings.warn(

/home/ryedida/.local/lib/python3.9/site-packages/sklearn/neural_network/_multilayer_perceptron.py:605: UserWarning: Got `batch_size` less than 1 or larger than sample size. It is going to be clipped
  warnings.warn(

/home/ryedida/.local/lib/python3.9/site-packages/sklearn/neural_network/_multilayer_perceptron.py:686: ConvergenceWarning: Stochastic Optimizer: Maximum iterations (200) reached and the optimization hasn't converged yet.
  warnings.warn(

/home/ryedida/.local/lib/python3.9/site-packages/sklearn/neural_network/_multilayer_perceptron.py:605: UserWarning: Got `batch_size` less than 1 or larger than sample size. It is going to be clipped
  warnings.warn(

/home/ryedida/.local/lib/python3.9/site-packages/sklearn/neural_network/_multilayer_perceptron.py:686: ConvergenceWarning: Stochastic Optimizer: Maximum iterations (200) reached and the optimization hasn't converged yet.
  warnings.warn(

computed signature: ([{'alpha': 0.019628224813442792, 'batch_size': 182, 'beta_1': 0.9410202200271762, 'beta_2': 0.9998021557676793, 'epsilon': 1.8662266976518e-08, 'hidden_layer_sizes': 147, 'learning_rate_init': 0.0005627932047415167, 'tol': 0.03690557729213761, 'validation_fraction': 0.8846827852548593}, {'alpha': 0.0019982467392329444, 'batch_size': 200, 'beta_1': 0.919111482530466, 'beta_2': 0.9998488260436156, 'epsilon': 5.981221901152555e-07, 'hidden_layer_sizes': 61, 'learning_rate_init': 2.2310905607443014e-05, 'tol': 1.2046852412030316e-05, 'validation_fraction': 0.8117896445826539}, {'alpha': 0.46659545670218433, 'batch_size': 219, 'beta_1': 0.9889789783750891, 'beta_2': 0.9999896868093284, 'epsilon': 2.4234724484675948e-08, 'hidden_layer_sizes': 167, 'learning_rate_init': 2.972334644335654e-05, 'tol': 0.0036281404040243792, 'validation_fraction': 0.17260651658522078}, {'alpha': 4.656005689076002, 'batch_size': 135, 'beta_1': 0.870503881627747, 'beta_2': 0.9948873266941017, 'epsilon': 2.1023308743480125e-07, 'hidden_layer_sizes': 118, 'learning_rate_init': 0.0018781738757161913, 'tol': 1.1889379831773004e-05, 'validation_fraction': 0.6264327093752792}, {'alpha': 0.04705159350400542, 'batch_size': 158, 'beta_1': 0.9870884262730957, 'beta_2': 0.9999596874382349, 'epsilon': 1.1981845126013875e-08, 'hidden_layer_sizes': 116, 'learning_rate_init': 0.00617340520407431, 'tol': 1.741413418158619e-05, 'validation_fraction': 0.6754299026638921}], [151.4971925380264, 151.42763539278994, 151.47026299046811, 136.86202504264318, 75.2055865763391])
Signature errors:
                                  0             1             2         3         4       max
MLP-adam_diabetes_mae  1.919244e-08  6.198704e-08  7.624578e-09  0.000007  0.000034  0.000034
max                    1.919244e-08  6.198704e-08  7.624578e-09  0.000007  0.000034  0.000034
starting sklearn study random-search MLP-adam diabetes mae 15 1
with data root: None
suggestion time taken 0.002531 iter 0 next_points [{'alpha': 5.415087893207551e-05, 'batch_size': 38, 'beta_1': 0.9083646061898057, 'beta_2': 0.9998708782640231, 'epsilon': 2.0978042292350534e-08, 'hidden_layer_sizes': 190, 'learning_rate_init': 0.0013426266808828496, 'tol': 0.006191967585630632, 'validation_fraction': 0.31652808174309877}]
function_evaluation time 1.496138 value 55.684809 suggestion {'alpha': 5.415087893207551e-05, 'batch_size': 38, 'beta_1': 0.9083646061898057, 'beta_2': 0.9998708782640231, 'epsilon': 2.0978042292350534e-08, 'hidden_layer_sizes': 190, 'learning_rate_init': 0.0013426266808828496, 'tol': 0.006191967585630632, 'validation_fraction': 0.31652808174309877}
observation time 0.000007, current best 55.684809 at iter 0
suggestion time taken 0.002553 iter 1 next_points [{'alpha': 0.004790241271446329, 'batch_size': 33, 'beta_1': 0.9213784866584611, 'beta_2': 0.9837006308123403, 'epsilon': 1.3854435579746581e-07, 'hidden_layer_sizes': 86, 'learning_rate_init': 0.0001681077417130793, 'tol': 0.00018945458544358587, 'validation_fraction': 0.8256141200248748}]
function_evaluation time 0.715700 value 150.861669 suggestion {'alpha': 0.004790241271446329, 'batch_size': 33, 'beta_1': 0.9213784866584611, 'beta_2': 0.9837006308123403, 'epsilon': 1.3854435579746581e-07, 'hidden_layer_sizes': 86, 'learning_rate_init': 0.0001681077417130793, 'tol': 0.00018945458544358587, 'validation_fraction': 0.8256141200248748}
observation time 0.000006, current best 55.684809 at iter 1
suggestion time taken 0.002479 iter 2 next_points [{'alpha': 0.019688681351799357, 'batch_size': 93, 'beta_1': 0.7896800546023856, 'beta_2': 0.9737582155301897, 'epsilon': 5.172728005782148e-09, 'hidden_layer_sizes': 193, 'learning_rate_init': 1.8695005782247778e-05, 'tol': 0.0062585884827040935, 'validation_fraction': 0.438280233727981}]
function_evaluation time 0.087140 value 151.628518 suggestion {'alpha': 0.019688681351799357, 'batch_size': 93, 'beta_1': 0.7896800546023856, 'beta_2': 0.9737582155301897, 'epsilon': 5.172728005782148e-09, 'hidden_layer_sizes': 193, 'learning_rate_init': 1.8695005782247778e-05, 'tol': 0.0062585884827040935, 'validation_fraction': 0.438280233727981}
observation time 0.000005, current best 55.684809 at iter 2
suggestion time taken 0.002828 iter 3 next_points [{'alpha': 0.0011122088912945338, 'batch_size': 202, 'beta_1': 0.9604150741229828, 'beta_2': 0.9998796189965513, 'epsilon': 8.283678087260396e-08, 'hidden_layer_sizes': 180, 'learning_rate_init': 0.014446667357635598, 'tol': 0.0006304720884732714, 'validation_fraction': 0.538013135222087}]
/home/ryedida/.local/lib/python3.9/site-packages/sklearn/neural_network/_multilayer_perceptron.py:605: UserWarning: Got `batch_size` less than 1 or larger than sample size. It is going to be clipped
  warnings.warn(

function_evaluation time 0.489945 value 54.666547 suggestion {'alpha': 0.0011122088912945338, 'batch_size': 202, 'beta_1': 0.9604150741229828, 'beta_2': 0.9998796189965513, 'epsilon': 8.283678087260396e-08, 'hidden_layer_sizes': 180, 'learning_rate_init': 0.014446667357635598, 'tol': 0.0006304720884732714, 'validation_fraction': 0.538013135222087}
observation time 0.000005, current best 54.666547 at iter 3
suggestion time taken 0.002465 iter 4 next_points [{'alpha': 0.009902343558038826, 'batch_size': 179, 'beta_1': 0.5911180965067696, 'beta_2': 0.9999848886648556, 'epsilon': 9.827282169463415e-09, 'hidden_layer_sizes': 161, 'learning_rate_init': 0.048099770183096136, 'tol': 0.045279060295840605, 'validation_fraction': 0.6449747165955491}]
/home/ryedida/.local/lib/python3.9/site-packages/sklearn/neural_network/_multilayer_perceptron.py:605: UserWarning: Got `batch_size` less than 1 or larger than sample size. It is going to be clipped
  warnings.warn(

function_evaluation time 0.154228 value 50.357987 suggestion {'alpha': 0.009902343558038826, 'batch_size': 179, 'beta_1': 0.5911180965067696, 'beta_2': 0.9999848886648556, 'epsilon': 9.827282169463415e-09, 'hidden_layer_sizes': 161, 'learning_rate_init': 0.048099770183096136, 'tol': 0.045279060295840605, 'validation_fraction': 0.6449747165955491}
observation time 0.000005, current best 50.357987 at iter 4
suggestion time taken 0.002836 iter 5 next_points [{'alpha': 8.58188902209538e-05, 'batch_size': 67, 'beta_1': 0.9331951758698572, 'beta_2': 0.9903115662255241, 'epsilon': 7.089183935045364e-07, 'hidden_layer_sizes': 135, 'learning_rate_init': 0.004514826142139863, 'tol': 9.509713333755049e-05, 'validation_fraction': 0.7563370848444144}]
/home/ryedida/.local/lib/python3.9/site-packages/sklearn/neural_network/_multilayer_perceptron.py:686: ConvergenceWarning: Stochastic Optimizer: Maximum iterations (200) reached and the optimization hasn't converged yet.
  warnings.warn(

function_evaluation time 0.970164 value 59.420812 suggestion {'alpha': 8.58188902209538e-05, 'batch_size': 67, 'beta_1': 0.9331951758698572, 'beta_2': 0.9903115662255241, 'epsilon': 7.089183935045364e-07, 'hidden_layer_sizes': 135, 'learning_rate_init': 0.004514826142139863, 'tol': 9.509713333755049e-05, 'validation_fraction': 0.7563370848444144}
observation time 0.000005, current best 50.357987 at iter 5
suggestion time taken 0.002533 iter 6 next_points [{'alpha': 0.00039112325015199423, 'batch_size': 178, 'beta_1': 0.9830495466142934, 'beta_2': 0.9922115358853069, 'epsilon': 4.485229471762335e-08, 'hidden_layer_sizes': 111, 'learning_rate_init': 0.06631636398243437, 'tol': 0.00011599531338303578, 'validation_fraction': 0.1229090414395589}]
function_evaluation time 0.162646 value 53.019366 suggestion {'alpha': 0.00039112325015199423, 'batch_size': 178, 'beta_1': 0.9830495466142934, 'beta_2': 0.9922115358853069, 'epsilon': 4.485229471762335e-08, 'hidden_layer_sizes': 111, 'learning_rate_init': 0.06631636398243437, 'tol': 0.00011599531338303578, 'validation_fraction': 0.1229090414395589}
observation time 0.000005, current best 50.357987 at iter 6
suggestion time taken 0.002476 iter 7 next_points [{'alpha': 0.0008298350901187989, 'batch_size': 47, 'beta_1': 0.8942715113131329, 'beta_2': 0.9999407360433022, 'epsilon': 6.131675845197904e-09, 'hidden_layer_sizes': 66, 'learning_rate_init': 0.08003259957346606, 'tol': 0.00764349598483829, 'validation_fraction': 0.8706003350586189}]
/home/ryedida/.local/lib/python3.9/site-packages/sklearn/neural_network/_multilayer_perceptron.py:605: UserWarning: Got `batch_size` less than 1 or larger than sample size. It is going to be clipped
  warnings.warn(

function_evaluation time 0.134155 value 55.799701 suggestion {'alpha': 0.0008298350901187989, 'batch_size': 47, 'beta_1': 0.8942715113131329, 'beta_2': 0.9999407360433022, 'epsilon': 6.131675845197904e-09, 'hidden_layer_sizes': 66, 'learning_rate_init': 0.08003259957346606, 'tol': 0.00764349598483829, 'validation_fraction': 0.8706003350586189}
observation time 0.000005, current best 50.357987 at iter 7
suggestion time taken 0.002488 iter 8 next_points [{'alpha': 0.061638971808791417, 'batch_size': 195, 'beta_1': 0.523644443230126, 'beta_2': 0.9986085795222791, 'epsilon': 7.957916381808882e-08, 'hidden_layer_sizes': 81, 'learning_rate_init': 0.0032840444194423206, 'tol': 0.0037081692317156604, 'validation_fraction': 0.485556415751038}]
/home/ryedida/.local/lib/python3.9/site-packages/sklearn/neural_network/_multilayer_perceptron.py:605: UserWarning: Got `batch_size` less than 1 or larger than sample size. It is going to be clipped
  warnings.warn(

function_evaluation time 0.053536 value 150.910412 suggestion {'alpha': 0.061638971808791417, 'batch_size': 195, 'beta_1': 0.523644443230126, 'beta_2': 0.9986085795222791, 'epsilon': 7.957916381808882e-08, 'hidden_layer_sizes': 81, 'learning_rate_init': 0.0032840444194423206, 'tol': 0.0037081692317156604, 'validation_fraction': 0.485556415751038}
observation time 0.000005, current best 50.357987 at iter 8
suggestion time taken 0.002455 iter 9 next_points [{'alpha': 0.0011375118757730287, 'batch_size': 144, 'beta_1': 0.5063040078331442, 'beta_2': 0.9999597815389987, 'epsilon': 6.046050254217213e-09, 'hidden_layer_sizes': 184, 'learning_rate_init': 0.0015900251290675528, 'tol': 0.014689144327467474, 'validation_fraction': 0.5154940526750964}]
function_evaluation time 0.069038 value 151.304549 suggestion {'alpha': 0.0011375118757730287, 'batch_size': 144, 'beta_1': 0.5063040078331442, 'beta_2': 0.9999597815389987, 'epsilon': 6.046050254217213e-09, 'hidden_layer_sizes': 184, 'learning_rate_init': 0.0015900251290675528, 'tol': 0.014689144327467474, 'validation_fraction': 0.5154940526750964}
observation time 0.000005, current best 50.357987 at iter 9
suggestion time taken 0.002479 iter 10 next_points [{'alpha': 2.3924880111094833, 'batch_size': 170, 'beta_1': 0.9839211983787818, 'beta_2': 0.9999986831441018, 'epsilon': 2.5179013937558964e-07, 'hidden_layer_sizes': 183, 'learning_rate_init': 4.3110014511416095e-05, 'tol': 0.005294932423175547, 'validation_fraction': 0.7602142119019211}]
/home/ryedida/.local/lib/python3.9/site-packages/sklearn/neural_network/_multilayer_perceptron.py:605: UserWarning: Got `batch_size` less than 1 or larger than sample size. It is going to be clipped
  warnings.warn(

function_evaluation time 0.058690 value 151.613666 suggestion {'alpha': 2.3924880111094833, 'batch_size': 170, 'beta_1': 0.9839211983787818, 'beta_2': 0.9999986831441018, 'epsilon': 2.5179013937558964e-07, 'hidden_layer_sizes': 183, 'learning_rate_init': 4.3110014511416095e-05, 'tol': 0.005294932423175547, 'validation_fraction': 0.7602142119019211}
observation time 0.000006, current best 50.357987 at iter 10
suggestion time taken 0.002490 iter 11 next_points [{'alpha': 0.05853825683255465, 'batch_size': 185, 'beta_1': 0.9878111897310577, 'beta_2': 0.9999622509650548, 'epsilon': 8.586780189021662e-08, 'hidden_layer_sizes': 128, 'learning_rate_init': 0.018200099302708127, 'tol': 4.31170633085952e-05, 'validation_fraction': 0.8048164598558455}]
/home/ryedida/.local/lib/python3.9/site-packages/sklearn/neural_network/_multilayer_perceptron.py:605: UserWarning: Got `batch_size` less than 1 or larger than sample size. It is going to be clipped
  warnings.warn(

function_evaluation time 0.380061 value 54.072781 suggestion {'alpha': 0.05853825683255465, 'batch_size': 185, 'beta_1': 0.9878111897310577, 'beta_2': 0.9999622509650548, 'epsilon': 8.586780189021662e-08, 'hidden_layer_sizes': 128, 'learning_rate_init': 0.018200099302708127, 'tol': 4.31170633085952e-05, 'validation_fraction': 0.8048164598558455}
observation time 0.000005, current best 50.357987 at iter 11
suggestion time taken 0.002451 iter 12 next_points [{'alpha': 0.05112752270783227, 'batch_size': 92, 'beta_1': 0.9145908080329427, 'beta_2': 0.9669716769388623, 'epsilon': 1.7416773914791214e-09, 'hidden_layer_sizes': 185, 'learning_rate_init': 0.0001972914697448897, 'tol': 0.08053961570809379, 'validation_fraction': 0.1782511885085017}]
function_evaluation time 0.108327 value 151.406912 suggestion {'alpha': 0.05112752270783227, 'batch_size': 92, 'beta_1': 0.9145908080329427, 'beta_2': 0.9669716769388623, 'epsilon': 1.7416773914791214e-09, 'hidden_layer_sizes': 185, 'learning_rate_init': 0.0001972914697448897, 'tol': 0.08053961570809379, 'validation_fraction': 0.1782511885085017}
observation time 0.000005, current best 50.357987 at iter 12
suggestion time taken 0.002746 iter 13 next_points [{'alpha': 1.8183247127858947e-05, 'batch_size': 65, 'beta_1': 0.6954801050449353, 'beta_2': 0.914170242485012, 'epsilon': 1.3501734473511728e-09, 'hidden_layer_sizes': 161, 'learning_rate_init': 0.01504611054333076, 'tol': 0.005724436396092553, 'validation_fraction': 0.8800007054855915}]
/home/ryedida/.local/lib/python3.9/site-packages/sklearn/neural_network/_multilayer_perceptron.py:605: UserWarning: Got `batch_size` less than 1 or larger than sample size. It is going to be clipped
  warnings.warn(

function_evaluation time 0.381488 value 52.744029 suggestion {'alpha': 1.8183247127858947e-05, 'batch_size': 65, 'beta_1': 0.6954801050449353, 'beta_2': 0.914170242485012, 'epsilon': 1.3501734473511728e-09, 'hidden_layer_sizes': 161, 'learning_rate_init': 0.01504611054333076, 'tol': 0.005724436396092553, 'validation_fraction': 0.8800007054855915}
observation time 0.000005, current best 50.357987 at iter 13
suggestion time taken 0.002479 iter 14 next_points [{'alpha': 0.349571235305929, 'batch_size': 170, 'beta_1': 0.7392837661902878, 'beta_2': 0.9709438093356606, 'epsilon': 2.2207827386430123e-09, 'hidden_layer_sizes': 190, 'learning_rate_init': 0.00015887507445747073, 'tol': 6.44443541869865e-05, 'validation_fraction': 0.30423073790542615}]
/home/ryedida/.local/lib/python3.9/site-packages/sklearn/neural_network/_multilayer_perceptron.py:686: ConvergenceWarning: Stochastic Optimizer: Maximum iterations (200) reached and the optimization hasn't converged yet.
  warnings.warn(

function_evaluation time 1.313460 value 150.320033 suggestion {'alpha': 0.349571235305929, 'batch_size': 170, 'beta_1': 0.7392837661902878, 'beta_2': 0.9709438093356606, 'epsilon': 2.2207827386430123e-09, 'hidden_layer_sizes': 190, 'learning_rate_init': 0.00015887507445747073, 'tol': 6.44443541869865e-05, 'validation_fraction': 0.30423073790542615}
observation time 0.000005, current best 50.357987 at iter 14
saving meta data: {'args': {'--uuid': '769111cb69f45dd098cded3ec0d913da', '-db-root': '/home/ryedida/bbo_challenge_starter_kit/output', '--opt-root': '/home/ryedida/bbo_challenge_starter_kit/example_submissions', '--data-root': None, '--db': 'run_20230425_030504', '--opt': 'random-search', '--data': 'diabetes', '--classifier': 'MLP-adam', '--metric': 'mae', '--calls': 15, '--suggestions': 1, '--jobs-file': None, '--verbose': False, 'dry_run': False, 'rev': 'a376313', 'opt_rev': '0.0.8'}, 'signature': ([{'alpha': 0.019628224813442792, 'batch_size': 182, 'beta_1': 0.9410202200271762, 'beta_2': 0.9998021557676793, 'epsilon': 1.8662266976518e-08, 'hidden_layer_sizes': 147, 'learning_rate_init': 0.0005627932047415167, 'tol': 0.03690557729213761, 'validation_fraction': 0.8846827852548593}, {'alpha': 0.0019982467392329444, 'batch_size': 200, 'beta_1': 0.919111482530466, 'beta_2': 0.9998488260436156, 'epsilon': 5.981221901152555e-07, 'hidden_layer_sizes': 61, 'learning_rate_init': 2.2310905607443014e-05, 'tol': 1.2046852412030316e-05, 'validation_fraction': 0.8117896445826539}, {'alpha': 0.46659545670218433, 'batch_size': 219, 'beta_1': 0.9889789783750891, 'beta_2': 0.9999896868093284, 'epsilon': 2.4234724484675948e-08, 'hidden_layer_sizes': 167, 'learning_rate_init': 2.972334644335654e-05, 'tol': 0.0036281404040243792, 'validation_fraction': 0.17260651658522078}, {'alpha': 4.656005689076002, 'batch_size': 135, 'beta_1': 0.870503881627747, 'beta_2': 0.9948873266941017, 'epsilon': 2.1023308743480125e-07, 'hidden_layer_sizes': 118, 'learning_rate_init': 0.0018781738757161913, 'tol': 1.1889379831773004e-05, 'validation_fraction': 0.6264327093752792}, {'alpha': 0.04705159350400542, 'batch_size': 158, 'beta_1': 0.9870884262730957, 'beta_2': 0.9999596874382349, 'epsilon': 1.1981845126013875e-08, 'hidden_layer_sizes': 116, 'learning_rate_init': 0.00617340520407431, 'tol': 1.741413418158619e-05, 'validation_fraction': 0.6754299026638921}], [151.4971925380264, 151.42763539278994, 151.47026299046811, 136.86202504264318, 75.2055865763391])}
saving results
saving timing
saving suggest log
done
