running: {'--uuid': 'ec7864e832915335b22d1ab5dda28337', '-db-root': '/home/ryedida/bbo_challenge_starter_kit/output', '--opt-root': '/home/ryedida/bbo_challenge_starter_kit/example_submissions', '--data-root': None, '--db': 'run_20230425_030504', '--opt': 'random-search', '--data': 'diabetes', '--classifier': 'MLP-adam', '--metric': 'mse', '--calls': 15, '--suggestions': 1, '--jobs-file': None, '--verbose': False, 'dry_run': False, 'rev': 'a376313', 'opt_rev': '0.0.8'}
cmd: python random-search/optimizer.py -c MLP-adam -d diabetes -o random-search -u ec7864e832915335b22d1ab5dda28337 -m mse -n 15 -p 1 -dir /home/ryedida/bbo_challenge_starter_kit/output -b run_20230425_030504
/home/ryedida/.local/lib/python3.9/site-packages/sklearn/neural_network/_multilayer_perceptron.py:605: UserWarning: Got `batch_size` less than 1 or larger than sample size. It is going to be clipped
  warnings.warn(

/home/ryedida/.local/lib/python3.9/site-packages/sklearn/neural_network/_multilayer_perceptron.py:605: UserWarning: Got `batch_size` less than 1 or larger than sample size. It is going to be clipped
  warnings.warn(

/home/ryedida/.local/lib/python3.9/site-packages/sklearn/neural_network/_multilayer_perceptron.py:605: UserWarning: Got `batch_size` less than 1 or larger than sample size. It is going to be clipped
  warnings.warn(

/home/ryedida/.local/lib/python3.9/site-packages/sklearn/neural_network/_multilayer_perceptron.py:686: ConvergenceWarning: Stochastic Optimizer: Maximum iterations (200) reached and the optimization hasn't converged yet.
  warnings.warn(

/home/ryedida/.local/lib/python3.9/site-packages/sklearn/neural_network/_multilayer_perceptron.py:605: UserWarning: Got `batch_size` less than 1 or larger than sample size. It is going to be clipped
  warnings.warn(

/home/ryedida/.local/lib/python3.9/site-packages/sklearn/neural_network/_multilayer_perceptron.py:686: ConvergenceWarning: Stochastic Optimizer: Maximum iterations (200) reached and the optimization hasn't converged yet.
  warnings.warn(

computed signature: ([{'alpha': 0.019628224813442792, 'batch_size': 182, 'beta_1': 0.9410202200271762, 'beta_2': 0.9998021557676793, 'epsilon': 1.8662266976518e-08, 'hidden_layer_sizes': 147, 'learning_rate_init': 0.0005627932047415167, 'tol': 0.03690557729213761, 'validation_fraction': 0.8846827852548593}, {'alpha': 0.0019982467392329444, 'batch_size': 200, 'beta_1': 0.919111482530466, 'beta_2': 0.9998488260436156, 'epsilon': 5.981221901152555e-07, 'hidden_layer_sizes': 61, 'learning_rate_init': 2.2310905607443014e-05, 'tol': 1.2046852412030316e-05, 'validation_fraction': 0.8117896445826539}, {'alpha': 0.46659545670218433, 'batch_size': 219, 'beta_1': 0.9889789783750891, 'beta_2': 0.9999896868093284, 'epsilon': 2.4234724484675948e-08, 'hidden_layer_sizes': 167, 'learning_rate_init': 2.972334644335654e-05, 'tol': 0.0036281404040243792, 'validation_fraction': 0.17260651658522078}, {'alpha': 4.656005689076002, 'batch_size': 135, 'beta_1': 0.870503881627747, 'beta_2': 0.9948873266941017, 'epsilon': 2.1023308743480125e-07, 'hidden_layer_sizes': 118, 'learning_rate_init': 0.0018781738757161913, 'tol': 1.1889379831773004e-05, 'validation_fraction': 0.6264327093752792}, {'alpha': 0.04705159350400542, 'batch_size': 158, 'beta_1': 0.9870884262730957, 'beta_2': 0.9999596874382349, 'epsilon': 1.1981845126013875e-08, 'hidden_layer_sizes': 116, 'learning_rate_init': 0.00617340520407431, 'tol': 1.741413418158619e-05, 'validation_fraction': 0.6754299026638921}], [29083.993548572587, 29062.423277324073, 29075.78987471409, 24626.32866834337, 9584.226858493177])
Signature errors:
                              0         1         2         3         4       max
MLP-adam_diabetes_mse  0.000007  0.000008  0.000003  0.003558  0.004952  0.004952
max                    0.000007  0.000008  0.000003  0.003558  0.004952  0.004952
starting sklearn study random-search MLP-adam diabetes mse 15 1
with data root: None
suggestion time taken 0.002534 iter 0 next_points [{'alpha': 0.000759144333609643, 'batch_size': 185, 'beta_1': 0.9815418893586082, 'beta_2': 0.9999957409870468, 'epsilon': 6.392080753541313e-08, 'hidden_layer_sizes': 57, 'learning_rate_init': 0.017618680022010794, 'tol': 0.01985318586822625, 'validation_fraction': 0.14909925041885888}]
function_evaluation time 0.354943 value 4209.793027 suggestion {'alpha': 0.000759144333609643, 'batch_size': 185, 'beta_1': 0.9815418893586082, 'beta_2': 0.9999957409870468, 'epsilon': 6.392080753541313e-08, 'hidden_layer_sizes': 57, 'learning_rate_init': 0.017618680022010794, 'tol': 0.01985318586822625, 'validation_fraction': 0.14909925041885888}
observation time 0.000007, current best 4209.793027 at iter 0
suggestion time taken 0.002514 iter 1 next_points [{'alpha': 5.5151300285286235e-05, 'batch_size': 102, 'beta_1': 0.9339174670675433, 'beta_2': 0.9999635700200652, 'epsilon': 2.1548096891636397e-09, 'hidden_layer_sizes': 96, 'learning_rate_init': 1.6080124565908825e-05, 'tol': 7.353165609584135e-05, 'validation_fraction': 0.11326838087522315}]
function_evaluation time 0.084035 value 29111.305446 suggestion {'alpha': 5.5151300285286235e-05, 'batch_size': 102, 'beta_1': 0.9339174670675433, 'beta_2': 0.9999635700200652, 'epsilon': 2.1548096891636397e-09, 'hidden_layer_sizes': 96, 'learning_rate_init': 1.6080124565908825e-05, 'tol': 7.353165609584135e-05, 'validation_fraction': 0.11326838087522315}
observation time 0.000005, current best 4209.793027 at iter 1
suggestion time taken 0.002474 iter 2 next_points [{'alpha': 0.04862624550730164, 'batch_size': 211, 'beta_1': 0.9770870566501831, 'beta_2': 0.9695128080872759, 'epsilon': 1.2903069914470577e-09, 'hidden_layer_sizes': 125, 'learning_rate_init': 7.292083402380338e-05, 'tol': 0.07281058835155693, 'validation_fraction': 0.21766771845122523}]
function_evaluation time 0.078750 value 29137.267324 suggestion {'alpha': 0.04862624550730164, 'batch_size': 211, 'beta_1': 0.9770870566501831, 'beta_2': 0.9695128080872759, 'epsilon': 1.2903069914470577e-09, 'hidden_layer_sizes': 125, 'learning_rate_init': 7.292083402380338e-05, 'tol': 0.07281058835155693, 'validation_fraction': 0.21766771845122523}
observation time 0.000005, current best 4209.793027 at iter 2
suggestion time taken 0.002460 iter 3 next_points [{'alpha': 0.0009888623997614137, 'batch_size': 36, 'beta_1': 0.8839936719564012, 'beta_2': 0.9999931209899885, 'epsilon': 1.8448901691892132e-09, 'hidden_layer_sizes': 104, 'learning_rate_init': 0.00010092173552241639, 'tol': 0.0210610641314308, 'validation_fraction': 0.7277165261924414}]
function_evaluation time 0.075794 value 29113.860141 suggestion {'alpha': 0.0009888623997614137, 'batch_size': 36, 'beta_1': 0.8839936719564012, 'beta_2': 0.9999931209899885, 'epsilon': 1.8448901691892132e-09, 'hidden_layer_sizes': 104, 'learning_rate_init': 0.00010092173552241639, 'tol': 0.0210610641314308, 'validation_fraction': 0.7277165261924414}
observation time 0.000006, current best 4209.793027 at iter 3
suggestion time taken 0.002532 iter 4 next_points [{'alpha': 7.094755883954021, 'batch_size': 54, 'beta_1': 0.5151447566541779, 'beta_2': 0.9913832641350228, 'epsilon': 1.349368030091759e-09, 'hidden_layer_sizes': 170, 'learning_rate_init': 0.012561683931421843, 'tol': 0.001782026241803823, 'validation_fraction': 0.8676741867735445}]
/home/ryedida/.local/lib/python3.9/site-packages/sklearn/neural_network/_multilayer_perceptron.py:605: UserWarning: Got `batch_size` less than 1 or larger than sample size. It is going to be clipped
  warnings.warn(

function_evaluation time 0.439734 value 4020.138520 suggestion {'alpha': 7.094755883954021, 'batch_size': 54, 'beta_1': 0.5151447566541779, 'beta_2': 0.9913832641350228, 'epsilon': 1.349368030091759e-09, 'hidden_layer_sizes': 170, 'learning_rate_init': 0.012561683931421843, 'tol': 0.001782026241803823, 'validation_fraction': 0.8676741867735445}
observation time 0.000005, current best 4020.138520 at iter 4
suggestion time taken 0.002551 iter 5 next_points [{'alpha': 0.008263290736063082, 'batch_size': 48, 'beta_1': 0.865994676873723, 'beta_2': 0.9563300024151995, 'epsilon': 1.524065556145581e-08, 'hidden_layer_sizes': 177, 'learning_rate_init': 5.3349837295494826e-05, 'tol': 0.000952841380518384, 'validation_fraction': 0.6406682433352275}]
function_evaluation time 0.088615 value 29109.788999 suggestion {'alpha': 0.008263290736063082, 'batch_size': 48, 'beta_1': 0.865994676873723, 'beta_2': 0.9563300024151995, 'epsilon': 1.524065556145581e-08, 'hidden_layer_sizes': 177, 'learning_rate_init': 5.3349837295494826e-05, 'tol': 0.000952841380518384, 'validation_fraction': 0.6406682433352275}
observation time 0.000005, current best 4020.138520 at iter 5
suggestion time taken 0.002455 iter 6 next_points [{'alpha': 1.3288992583912753, 'batch_size': 49, 'beta_1': 0.9863365705449111, 'beta_2': 0.999989096611197, 'epsilon': 1.792534109274565e-08, 'hidden_layer_sizes': 57, 'learning_rate_init': 0.000544501385965197, 'tol': 0.010021198850325529, 'validation_fraction': 0.35857887953773754}]
function_evaluation time 0.058514 value 28986.165405 suggestion {'alpha': 1.3288992583912753, 'batch_size': 49, 'beta_1': 0.9863365705449111, 'beta_2': 0.999989096611197, 'epsilon': 1.792534109274565e-08, 'hidden_layer_sizes': 57, 'learning_rate_init': 0.000544501385965197, 'tol': 0.010021198850325529, 'validation_fraction': 0.35857887953773754}
observation time 0.000005, current best 4020.138520 at iter 6
suggestion time taken 0.002584 iter 7 next_points [{'alpha': 7.925550368542913e-05, 'batch_size': 189, 'beta_1': 0.9482168096979731, 'beta_2': 0.9999839583306751, 'epsilon': 4.6005251634466176e-09, 'hidden_layer_sizes': 111, 'learning_rate_init': 0.0007193523949052575, 'tol': 5.0736261513756834e-05, 'validation_fraction': 0.17429421636950718}]
/home/ryedida/.local/lib/python3.9/site-packages/sklearn/neural_network/_multilayer_perceptron.py:686: ConvergenceWarning: Stochastic Optimizer: Maximum iterations (200) reached and the optimization hasn't converged yet.
  warnings.warn(

function_evaluation time 1.108500 value 26237.468417 suggestion {'alpha': 7.925550368542913e-05, 'batch_size': 189, 'beta_1': 0.9482168096979731, 'beta_2': 0.9999839583306751, 'epsilon': 4.6005251634466176e-09, 'hidden_layer_sizes': 111, 'learning_rate_init': 0.0007193523949052575, 'tol': 5.0736261513756834e-05, 'validation_fraction': 0.17429421636950718}
observation time 0.000006, current best 4020.138520 at iter 7
suggestion time taken 0.002470 iter 8 next_points [{'alpha': 0.25950638948869204, 'batch_size': 156, 'beta_1': 0.8852063335802016, 'beta_2': 0.9996764433301288, 'epsilon': 2.5911713173242074e-07, 'hidden_layer_sizes': 121, 'learning_rate_init': 0.009299097756774743, 'tol': 0.0006907934244281817, 'validation_fraction': 0.8687108244222784}]
/home/ryedida/.local/lib/python3.9/site-packages/sklearn/neural_network/_multilayer_perceptron.py:605: UserWarning: Got `batch_size` less than 1 or larger than sample size. It is going to be clipped
  warnings.warn(

/home/ryedida/.local/lib/python3.9/site-packages/sklearn/neural_network/_multilayer_perceptron.py:686: ConvergenceWarning: Stochastic Optimizer: Maximum iterations (200) reached and the optimization hasn't converged yet.
  warnings.warn(

function_evaluation time 0.639843 value 3816.884382 suggestion {'alpha': 0.25950638948869204, 'batch_size': 156, 'beta_1': 0.8852063335802016, 'beta_2': 0.9996764433301288, 'epsilon': 2.5911713173242074e-07, 'hidden_layer_sizes': 121, 'learning_rate_init': 0.009299097756774743, 'tol': 0.0006907934244281817, 'validation_fraction': 0.8687108244222784}
observation time 0.000005, current best 3816.884382 at iter 8
suggestion time taken 0.002510 iter 9 next_points [{'alpha': 0.0021911535656927526, 'batch_size': 168, 'beta_1': 0.7178073952470684, 'beta_2': 0.999772264796648, 'epsilon': 9.959764142978847e-08, 'hidden_layer_sizes': 136, 'learning_rate_init': 0.0033630551052461397, 'tol': 0.07831416882336578, 'validation_fraction': 0.15671029189103095}]
function_evaluation time 0.082287 value 28660.040310 suggestion {'alpha': 0.0021911535656927526, 'batch_size': 168, 'beta_1': 0.7178073952470684, 'beta_2': 0.999772264796648, 'epsilon': 9.959764142978847e-08, 'hidden_layer_sizes': 136, 'learning_rate_init': 0.0033630551052461397, 'tol': 0.07831416882336578, 'validation_fraction': 0.15671029189103095}
observation time 0.000005, current best 3816.884382 at iter 9
suggestion time taken 0.002527 iter 10 next_points [{'alpha': 1.1328878462765135, 'batch_size': 91, 'beta_1': 0.9897339281972456, 'beta_2': 0.9994964820207538, 'epsilon': 2.1022698791080818e-08, 'hidden_layer_sizes': 52, 'learning_rate_init': 0.0005230866795900392, 'tol': 0.004000964516534057, 'validation_fraction': 0.6880201660022197}]
function_evaluation time 0.046251 value 29101.223338 suggestion {'alpha': 1.1328878462765135, 'batch_size': 91, 'beta_1': 0.9897339281972456, 'beta_2': 0.9994964820207538, 'epsilon': 2.1022698791080818e-08, 'hidden_layer_sizes': 52, 'learning_rate_init': 0.0005230866795900392, 'tol': 0.004000964516534057, 'validation_fraction': 0.6880201660022197}
observation time 0.000005, current best 3816.884382 at iter 10
suggestion time taken 0.002450 iter 11 next_points [{'alpha': 0.002155976526730414, 'batch_size': 34, 'beta_1': 0.8391562811274841, 'beta_2': 0.9999989363355463, 'epsilon': 5.102427085882184e-08, 'hidden_layer_sizes': 88, 'learning_rate_init': 3.4591121994466945e-05, 'tol': 4.203000266354839e-05, 'validation_fraction': 0.25480921876483054}]
/home/ryedida/.local/lib/python3.9/site-packages/sklearn/neural_network/_multilayer_perceptron.py:686: ConvergenceWarning: Stochastic Optimizer: Maximum iterations (200) reached and the optimization hasn't converged yet.
  warnings.warn(

function_evaluation time 1.313745 value 28940.415949 suggestion {'alpha': 0.002155976526730414, 'batch_size': 34, 'beta_1': 0.8391562811274841, 'beta_2': 0.9999989363355463, 'epsilon': 5.102427085882184e-08, 'hidden_layer_sizes': 88, 'learning_rate_init': 3.4591121994466945e-05, 'tol': 4.203000266354839e-05, 'validation_fraction': 0.25480921876483054}
observation time 0.000005, current best 3816.884382 at iter 11
suggestion time taken 0.002480 iter 12 next_points [{'alpha': 0.017181288244469652, 'batch_size': 51, 'beta_1': 0.9633719095218033, 'beta_2': 0.9996616960795339, 'epsilon': 5.436814335651307e-08, 'hidden_layer_sizes': 55, 'learning_rate_init': 1.1620215110092611e-05, 'tol': 0.015355854796654552, 'validation_fraction': 0.6846509149726846}]
function_evaluation time 0.059597 value 29109.389409 suggestion {'alpha': 0.017181288244469652, 'batch_size': 51, 'beta_1': 0.9633719095218033, 'beta_2': 0.9996616960795339, 'epsilon': 5.436814335651307e-08, 'hidden_layer_sizes': 55, 'learning_rate_init': 1.1620215110092611e-05, 'tol': 0.015355854796654552, 'validation_fraction': 0.6846509149726846}
observation time 0.000005, current best 3816.884382 at iter 12
suggestion time taken 0.002496 iter 13 next_points [{'alpha': 1.1178004343663367e-05, 'batch_size': 42, 'beta_1': 0.9499528091752234, 'beta_2': 0.9999987016371892, 'epsilon': 5.6012930546273045e-09, 'hidden_layer_sizes': 122, 'learning_rate_init': 0.00015081163600385753, 'tol': 0.0006058254027032055, 'validation_fraction': 0.5249399392005283}]
function_evaluation time 0.095031 value 29071.030110 suggestion {'alpha': 1.1178004343663367e-05, 'batch_size': 42, 'beta_1': 0.9499528091752234, 'beta_2': 0.9999987016371892, 'epsilon': 5.6012930546273045e-09, 'hidden_layer_sizes': 122, 'learning_rate_init': 0.00015081163600385753, 'tol': 0.0006058254027032055, 'validation_fraction': 0.5249399392005283}
observation time 0.000006, current best 3816.884382 at iter 13
suggestion time taken 0.002523 iter 14 next_points [{'alpha': 1.460269671669884e-05, 'batch_size': 180, 'beta_1': 0.9128378421363086, 'beta_2': 0.9997546920616746, 'epsilon': 3.1751632584018524e-09, 'hidden_layer_sizes': 160, 'learning_rate_init': 8.734616931805652e-05, 'tol': 0.007000746746649699, 'validation_fraction': 0.6533467352189734}]
/home/ryedida/.local/lib/python3.9/site-packages/sklearn/neural_network/_multilayer_perceptron.py:605: UserWarning: Got `batch_size` less than 1 or larger than sample size. It is going to be clipped
  warnings.warn(

function_evaluation time 0.060063 value 29053.308625 suggestion {'alpha': 1.460269671669884e-05, 'batch_size': 180, 'beta_1': 0.9128378421363086, 'beta_2': 0.9997546920616746, 'epsilon': 3.1751632584018524e-09, 'hidden_layer_sizes': 160, 'learning_rate_init': 8.734616931805652e-05, 'tol': 0.007000746746649699, 'validation_fraction': 0.6533467352189734}
observation time 0.000005, current best 3816.884382 at iter 14
saving meta data: {'args': {'--uuid': 'ec7864e832915335b22d1ab5dda28337', '-db-root': '/home/ryedida/bbo_challenge_starter_kit/output', '--opt-root': '/home/ryedida/bbo_challenge_starter_kit/example_submissions', '--data-root': None, '--db': 'run_20230425_030504', '--opt': 'random-search', '--data': 'diabetes', '--classifier': 'MLP-adam', '--metric': 'mse', '--calls': 15, '--suggestions': 1, '--jobs-file': None, '--verbose': False, 'dry_run': False, 'rev': 'a376313', 'opt_rev': '0.0.8'}, 'signature': ([{'alpha': 0.019628224813442792, 'batch_size': 182, 'beta_1': 0.9410202200271762, 'beta_2': 0.9998021557676793, 'epsilon': 1.8662266976518e-08, 'hidden_layer_sizes': 147, 'learning_rate_init': 0.0005627932047415167, 'tol': 0.03690557729213761, 'validation_fraction': 0.8846827852548593}, {'alpha': 0.0019982467392329444, 'batch_size': 200, 'beta_1': 0.919111482530466, 'beta_2': 0.9998488260436156, 'epsilon': 5.981221901152555e-07, 'hidden_layer_sizes': 61, 'learning_rate_init': 2.2310905607443014e-05, 'tol': 1.2046852412030316e-05, 'validation_fraction': 0.8117896445826539}, {'alpha': 0.46659545670218433, 'batch_size': 219, 'beta_1': 0.9889789783750891, 'beta_2': 0.9999896868093284, 'epsilon': 2.4234724484675948e-08, 'hidden_layer_sizes': 167, 'learning_rate_init': 2.972334644335654e-05, 'tol': 0.0036281404040243792, 'validation_fraction': 0.17260651658522078}, {'alpha': 4.656005689076002, 'batch_size': 135, 'beta_1': 0.870503881627747, 'beta_2': 0.9948873266941017, 'epsilon': 2.1023308743480125e-07, 'hidden_layer_sizes': 118, 'learning_rate_init': 0.0018781738757161913, 'tol': 1.1889379831773004e-05, 'validation_fraction': 0.6264327093752792}, {'alpha': 0.04705159350400542, 'batch_size': 158, 'beta_1': 0.9870884262730957, 'beta_2': 0.9999596874382349, 'epsilon': 1.1981845126013875e-08, 'hidden_layer_sizes': 116, 'learning_rate_init': 0.00617340520407431, 'tol': 1.741413418158619e-05, 'validation_fraction': 0.6754299026638921}], [29083.993548572587, 29062.423277324073, 29075.78987471409, 24626.32866834337, 9584.226858493177])}
saving results
saving timing
saving suggest log
done
