running: {'--uuid': '2df586b2c7915afda058d7b1d8dddf91', '-db-root': '/home/ryedida/bbo_challenge_starter_kit/output', '--opt-root': '/home/ryedida/bbo_challenge_starter_kit/example_submissions', '--data-root': None, '--db': 'run_20230424_015942', '--opt': 'opentuner', '--data': 'iris', '--classifier': 'MLP-adam', '--metric': 'acc', '--calls': 15, '--suggestions': 1, '--jobs-file': None, '--verbose': False, 'dry_run': False, 'rev': 'a376313', 'opt_rev': '0.8.8'}
cmd: python opentuner/optimizer.py -c MLP-adam -d iris -o opentuner -u 2df586b2c7915afda058d7b1d8dddf91 -m acc -n 15 -p 1 -dir /home/ryedida/bbo_challenge_starter_kit/output -b run_20230424_015942
/home/ryedida/.local/lib/python3.9/site-packages/sklearn/neural_network/_multilayer_perceptron.py:605: UserWarning: Got `batch_size` less than 1 or larger than sample size. It is going to be clipped
  warnings.warn(

/home/ryedida/.local/lib/python3.9/site-packages/sklearn/neural_network/_multilayer_perceptron.py:605: UserWarning: Got `batch_size` less than 1 or larger than sample size. It is going to be clipped
  warnings.warn(

/home/ryedida/.local/lib/python3.9/site-packages/sklearn/neural_network/_multilayer_perceptron.py:605: UserWarning: Got `batch_size` less than 1 or larger than sample size. It is going to be clipped
  warnings.warn(

/home/ryedida/.local/lib/python3.9/site-packages/sklearn/neural_network/_multilayer_perceptron.py:605: UserWarning: Got `batch_size` less than 1 or larger than sample size. It is going to be clipped
  warnings.warn(

/home/ryedida/.local/lib/python3.9/site-packages/sklearn/neural_network/_multilayer_perceptron.py:605: UserWarning: Got `batch_size` less than 1 or larger than sample size. It is going to be clipped
  warnings.warn(

computed signature: ([{'alpha': 0.019628224813442792, 'batch_size': 182, 'beta_1': 0.9410202200271762, 'beta_2': 0.9998021557676793, 'epsilon': 1.8662266976518e-08, 'hidden_layer_sizes': 147, 'learning_rate_init': 0.0005627932047415167, 'tol': 0.03690557729213761, 'validation_fraction': 0.8846827852548593}, {'alpha': 0.0019982467392329444, 'batch_size': 200, 'beta_1': 0.919111482530466, 'beta_2': 0.9998488260436156, 'epsilon': 5.981221901152555e-07, 'hidden_layer_sizes': 61, 'learning_rate_init': 2.2310905607443014e-05, 'tol': 1.2046852412030316e-05, 'validation_fraction': 0.8117896445826539}, {'alpha': 0.46659545670218433, 'batch_size': 219, 'beta_1': 0.9889789783750891, 'beta_2': 0.9999896868093284, 'epsilon': 2.4234724484675948e-08, 'hidden_layer_sizes': 167, 'learning_rate_init': 2.972334644335654e-05, 'tol': 0.0036281404040243792, 'validation_fraction': 0.17260651658522078}, {'alpha': 4.656005689076002, 'batch_size': 135, 'beta_1': 0.870503881627747, 'beta_2': 0.9948873266941017, 'epsilon': 2.1023308743480125e-07, 'hidden_layer_sizes': 118, 'learning_rate_init': 0.0018781738757161913, 'tol': 1.1889379831773004e-05, 'validation_fraction': 0.6264327093752792}, {'alpha': 0.04705159350400542, 'batch_size': 158, 'beta_1': 0.9870884262730957, 'beta_2': 0.9999596874382349, 'epsilon': 1.1981845126013875e-08, 'hidden_layer_sizes': 116, 'learning_rate_init': 0.00617340520407431, 'tol': 1.741413418158619e-05, 'validation_fraction': 0.6754299026638921}], [-0.41666666666666663, -0.275, -0.3416666666666667, -0.725, -0.875])
/home/ryedida/.local/lib/python3.9/site-packages/bayesmark/signatures.py:85: RuntimeWarning: Signature diverged on MLP-adam_iris_acc betwen [-0.52290909 -0.27918182 -0.34166667 -0.725      -0.91715152] and [-0.41666667 -0.275      -0.26133333 -0.68915152 -0.875     ]
  warnings.warn(

Signature errors:
                          0         1         2         3         4       max
MLP-adam_iris_acc  0.106242  0.004182  0.080333  0.035848  0.042152  0.106242
max                0.106242  0.004182  0.080333  0.035848  0.042152  0.106242
starting sklearn study opentuner MLP-adam iris acc 15 1
with data root: None
suggestion time taken 0.031659 iter 0 next_points [{'hidden_layer_sizes': 134, 'alpha': 3.1019607720992357, 'batch_size': 93, 'learning_rate_init': 0.04567069286430019, 'tol': 0.0628532032739552, 'validation_fraction': 0.7993092674238812, 'beta_1': 0.5220130751235792, 'beta_2': 0.9279113913153537, 'epsilon': 1.5274045575605532e-07}]
/home/ryedida/.local/lib/python3.9/site-packages/sklearn/neural_network/_multilayer_perceptron.py:605: UserWarning: Got `batch_size` less than 1 or larger than sample size. It is going to be clipped
  warnings.warn(

function_evaluation time 0.063091 value -0.900000 suggestion {'hidden_layer_sizes': 134, 'alpha': 3.1019607720992357, 'batch_size': 93, 'learning_rate_init': 0.04567069286430019, 'tol': 0.0628532032739552, 'validation_fraction': 0.7993092674238812, 'beta_1': 0.5220130751235792, 'beta_2': 0.9279113913153537, 'epsilon': 1.5274045575605532e-07}
observation time 0.004275, current best -0.900000 at iter 0
suggestion time taken 0.007667 iter 1 next_points [{'hidden_layer_sizes': 134, 'alpha': 3.1019607720992357, 'batch_size': 93, 'learning_rate_init': 0.04567069286430019, 'tol': 0.0628532032739552, 'validation_fraction': 0.7993092674238812, 'beta_1': 0.5220130751235792, 'beta_2': 0.9130807294058497, 'epsilon': 1.5274045575605532e-07}]
/home/ryedida/.local/lib/python3.9/site-packages/sklearn/neural_network/_multilayer_perceptron.py:605: UserWarning: Got `batch_size` less than 1 or larger than sample size. It is going to be clipped
  warnings.warn(

function_evaluation time 0.061211 value -0.841667 suggestion {'hidden_layer_sizes': 134, 'alpha': 3.1019607720992357, 'batch_size': 93, 'learning_rate_init': 0.04567069286430019, 'tol': 0.0628532032739552, 'validation_fraction': 0.7993092674238812, 'beta_1': 0.5220130751235792, 'beta_2': 0.9130807294058497, 'epsilon': 1.5274045575605532e-07}
observation time 0.001911, current best -0.900000 at iter 1
suggestion time taken 0.047321 iter 2 next_points [{'beta_2': 0.9707474459732833, 'epsilon': 1.1685831583005301e-07, 'tol': 0.042146762940778064, 'batch_size': 16, 'alpha': 8.237936727198742, 'hidden_layer_sizes': 139, 'beta_1': 0.6776025158534438, 'validation_fraction': 0.17190045918676244, 'learning_rate_init': 0.02035268286678209}]
function_evaluation time 0.110884 value -0.800000 suggestion {'beta_2': 0.9707474459732833, 'epsilon': 1.1685831583005301e-07, 'tol': 0.042146762940778064, 'batch_size': 16, 'alpha': 8.237936727198742, 'hidden_layer_sizes': 139, 'beta_1': 0.6776025158534438, 'validation_fraction': 0.17190045918676244, 'learning_rate_init': 0.02035268286678209}
observation time 0.001837, current best -0.900000 at iter 2
suggestion time taken 0.006931 iter 3 next_points [{'hidden_layer_sizes': 134, 'alpha': 3.1019607720992357, 'batch_size': 93, 'learning_rate_init': 0.04567069286430019, 'tol': 0.0628532032739552, 'validation_fraction': 0.8616456231719188, 'beta_1': 0.5043532452495904, 'beta_2': 0.9279113913153537, 'epsilon': 1.5274045575605532e-07}]
/home/ryedida/.local/lib/python3.9/site-packages/sklearn/neural_network/_multilayer_perceptron.py:605: UserWarning: Got `batch_size` less than 1 or larger than sample size. It is going to be clipped
  warnings.warn(

function_evaluation time 0.052530 value -0.791667 suggestion {'hidden_layer_sizes': 134, 'alpha': 3.1019607720992357, 'batch_size': 93, 'learning_rate_init': 0.04567069286430019, 'tol': 0.0628532032739552, 'validation_fraction': 0.8616456231719188, 'beta_1': 0.5043532452495904, 'beta_2': 0.9279113913153537, 'epsilon': 1.5274045575605532e-07}
observation time 0.001829, current best -0.900000 at iter 3
suggestion time taken 0.005968 iter 4 next_points [{'hidden_layer_sizes': 189, 'alpha': 3.559023735181278, 'batch_size': 164, 'learning_rate_init': 0.020443369652391064, 'tol': 0.02284416355216361, 'validation_fraction': 0.6531651120904265, 'beta_1': 0.7851532092718839, 'beta_2': 0.9759480984185597, 'epsilon': 5.054259849817933e-07}]
/home/ryedida/.local/lib/python3.9/site-packages/sklearn/neural_network/_multilayer_perceptron.py:605: UserWarning: Got `batch_size` less than 1 or larger than sample size. It is going to be clipped
  warnings.warn(

function_evaluation time 0.073841 value -0.966667 suggestion {'hidden_layer_sizes': 189, 'alpha': 3.559023735181278, 'batch_size': 164, 'learning_rate_init': 0.020443369652391064, 'tol': 0.02284416355216361, 'validation_fraction': 0.6531651120904265, 'beta_1': 0.7851532092718839, 'beta_2': 0.9759480984185597, 'epsilon': 5.054259849817933e-07}
observation time 0.001871, current best -0.966667 at iter 4
suggestion time taken 0.005979 iter 5 next_points [{'hidden_layer_sizes': 141, 'alpha': 0.2734605296335599, 'batch_size': 69, 'learning_rate_init': 0.06604816758877911, 'tol': 0.04384790870926641, 'validation_fraction': 0.4721185882473987, 'beta_1': 0.7302020746376712, 'beta_2': 0.9793449431526149, 'epsilon': 4.5157927278158163e-07}]
/home/ryedida/.local/lib/python3.9/site-packages/sklearn/neural_network/_multilayer_perceptron.py:605: UserWarning: Got `batch_size` less than 1 or larger than sample size. It is going to be clipped
  warnings.warn(

function_evaluation time 0.065374 value -0.900000 suggestion {'hidden_layer_sizes': 141, 'alpha': 0.2734605296335599, 'batch_size': 69, 'learning_rate_init': 0.06604816758877911, 'tol': 0.04384790870926641, 'validation_fraction': 0.4721185882473987, 'beta_1': 0.7302020746376712, 'beta_2': 0.9793449431526149, 'epsilon': 4.5157927278158163e-07}
observation time 0.001859, current best -0.966667 at iter 5
suggestion time taken 0.005930 iter 6 next_points [{'hidden_layer_sizes': 170, 'alpha': 9.305303005309156, 'batch_size': 92, 'learning_rate_init': 0.05239421666597271, 'tol': 0.03364569030312852, 'validation_fraction': 0.5359313034107958, 'beta_1': 0.6133157553027837, 'beta_2': 0.9029045487005375, 'epsilon': 7.923388460067949e-07}]
/home/ryedida/.local/lib/python3.9/site-packages/sklearn/neural_network/_multilayer_perceptron.py:605: UserWarning: Got `batch_size` less than 1 or larger than sample size. It is going to be clipped
  warnings.warn(

function_evaluation time 0.072772 value -0.958333 suggestion {'hidden_layer_sizes': 170, 'alpha': 9.305303005309156, 'batch_size': 92, 'learning_rate_init': 0.05239421666597271, 'tol': 0.03364569030312852, 'validation_fraction': 0.5359313034107958, 'beta_1': 0.6133157553027837, 'beta_2': 0.9029045487005375, 'epsilon': 7.923388460067949e-07}
observation time 0.001855, current best -0.966667 at iter 6
suggestion time taken 0.006021 iter 7 next_points [{'hidden_layer_sizes': 170, 'alpha': 0.48969880257105286, 'batch_size': 225, 'learning_rate_init': 0.02575730594211405, 'tol': 0.025122815866897175, 'validation_fraction': 0.5010635011782469, 'beta_1': 0.9783813529998049, 'beta_2': 0.9188152743517997, 'epsilon': 2.419621022714248e-07}]
/home/ryedida/.local/lib/python3.9/site-packages/sklearn/neural_network/_multilayer_perceptron.py:605: UserWarning: Got `batch_size` less than 1 or larger than sample size. It is going to be clipped
  warnings.warn(

function_evaluation time 0.080127 value -0.883333 suggestion {'hidden_layer_sizes': 170, 'alpha': 0.48969880257105286, 'batch_size': 225, 'learning_rate_init': 0.02575730594211405, 'tol': 0.025122815866897175, 'validation_fraction': 0.5010635011782469, 'beta_1': 0.9783813529998049, 'beta_2': 0.9188152743517997, 'epsilon': 2.419621022714248e-07}
observation time 0.002032, current best -0.966667 at iter 7
suggestion time taken 0.005979 iter 8 next_points [{'hidden_layer_sizes': 195, 'alpha': 2.7146204202723276, 'batch_size': 215, 'learning_rate_init': 0.028081452927751927, 'tol': 0.009289280160379599, 'validation_fraction': 0.5089611953219708, 'beta_1': 0.8145983522644638, 'beta_2': 0.9183240286241857, 'epsilon': 4.341545475633192e-07}]
/home/ryedida/.local/lib/python3.9/site-packages/sklearn/neural_network/_multilayer_perceptron.py:605: UserWarning: Got `batch_size` less than 1 or larger than sample size. It is going to be clipped
  warnings.warn(

function_evaluation time 0.082475 value -0.950000 suggestion {'hidden_layer_sizes': 195, 'alpha': 2.7146204202723276, 'batch_size': 215, 'learning_rate_init': 0.028081452927751927, 'tol': 0.009289280160379599, 'validation_fraction': 0.5089611953219708, 'beta_1': 0.8145983522644638, 'beta_2': 0.9183240286241857, 'epsilon': 4.341545475633192e-07}
observation time 0.001833, current best -0.966667 at iter 8
suggestion time taken 0.005958 iter 9 next_points [{'hidden_layer_sizes': 128, 'alpha': 0.8035792424821521, 'batch_size': 87, 'learning_rate_init': 0.06453098615899815, 'tol': 0.005348190950598287, 'validation_fraction': 0.7571052169242007, 'beta_1': 0.8634036378298819, 'beta_2': 0.9997321844567373, 'epsilon': 3.879244347143308e-07}]
/home/ryedida/.local/lib/python3.9/site-packages/sklearn/neural_network/_multilayer_perceptron.py:605: UserWarning: Got `batch_size` less than 1 or larger than sample size. It is going to be clipped
  warnings.warn(

function_evaluation time 0.075651 value -0.900000 suggestion {'hidden_layer_sizes': 128, 'alpha': 0.8035792424821521, 'batch_size': 87, 'learning_rate_init': 0.06453098615899815, 'tol': 0.005348190950598287, 'validation_fraction': 0.7571052169242007, 'beta_1': 0.8634036378298819, 'beta_2': 0.9997321844567373, 'epsilon': 3.879244347143308e-07}
observation time 0.002674, current best -0.966667 at iter 9
suggestion time taken 0.005864 iter 10 next_points [{'hidden_layer_sizes': 58, 'alpha': 1.1241974147438323, 'batch_size': 133, 'learning_rate_init': 0.030197047221636342, 'tol': 0.07925852272259341, 'validation_fraction': 0.4883851767881604, 'beta_1': 0.5630506680136734, 'beta_2': 0.9246569812375478, 'epsilon': 4.710137983260078e-07}]
/home/ryedida/.local/lib/python3.9/site-packages/sklearn/neural_network/_multilayer_perceptron.py:605: UserWarning: Got `batch_size` less than 1 or larger than sample size. It is going to be clipped
  warnings.warn(

function_evaluation time 0.057642 value -0.941667 suggestion {'hidden_layer_sizes': 58, 'alpha': 1.1241974147438323, 'batch_size': 133, 'learning_rate_init': 0.030197047221636342, 'tol': 0.07925852272259341, 'validation_fraction': 0.4883851767881604, 'beta_1': 0.5630506680136734, 'beta_2': 0.9246569812375478, 'epsilon': 4.710137983260078e-07}
observation time 0.001869, current best -0.966667 at iter 10
suggestion time taken 0.007028 iter 11 next_points [{'hidden_layer_sizes': 198, 'alpha': 3.559023735181278, 'batch_size': 176, 'learning_rate_init': 0.020443369652391064, 'tol': 0.02284416355216361, 'validation_fraction': 0.5774594225025319, 'beta_1': 0.7430313573991153, 'beta_2': 0.9759480984185597, 'epsilon': 4.870452937904824e-07}]
/home/ryedida/.local/lib/python3.9/site-packages/sklearn/neural_network/_multilayer_perceptron.py:605: UserWarning: Got `batch_size` less than 1 or larger than sample size. It is going to be clipped
  warnings.warn(

function_evaluation time 0.073250 value -0.933333 suggestion {'hidden_layer_sizes': 198, 'alpha': 3.559023735181278, 'batch_size': 176, 'learning_rate_init': 0.020443369652391064, 'tol': 0.02284416355216361, 'validation_fraction': 0.5774594225025319, 'beta_1': 0.7430313573991153, 'beta_2': 0.9759480984185597, 'epsilon': 4.870452937904824e-07}
observation time 0.001976, current best -0.966667 at iter 11
suggestion time taken 0.006680 iter 12 next_points [{'hidden_layer_sizes': 97, 'alpha': 3.559023735181278, 'batch_size': 164, 'learning_rate_init': 0.020443369652391064, 'tol': 0.02284416355216361, 'validation_fraction': 0.5689370227721041, 'beta_1': 0.7851532092718839, 'beta_2': 0.9759480984185597, 'epsilon': 5.054259849817933e-07}]
/home/ryedida/.local/lib/python3.9/site-packages/sklearn/neural_network/_multilayer_perceptron.py:605: UserWarning: Got `batch_size` less than 1 or larger than sample size. It is going to be clipped
  warnings.warn(

function_evaluation time 0.064646 value -0.900000 suggestion {'hidden_layer_sizes': 97, 'alpha': 3.559023735181278, 'batch_size': 164, 'learning_rate_init': 0.020443369652391064, 'tol': 0.02284416355216361, 'validation_fraction': 0.5689370227721041, 'beta_1': 0.7851532092718839, 'beta_2': 0.9759480984185597, 'epsilon': 5.054259849817933e-07}
observation time 0.001861, current best -0.966667 at iter 12
suggestion time taken 0.005104 iter 13 next_points [{'beta_2': 0.999012930494904, 'epsilon': 1.3784046162865115e-07, 'tol': 0.07799865786115527, 'batch_size': 56, 'alpha': 0.13767389995593277, 'hidden_layer_sizes': 108, 'beta_1': 0.689514873048187, 'validation_fraction': 0.37819955706299735, 'learning_rate_init': 0.048827281493752865}]
function_evaluation time 0.084177 value -0.933333 suggestion {'beta_2': 0.999012930494904, 'epsilon': 1.3784046162865115e-07, 'tol': 0.07799865786115527, 'batch_size': 56, 'alpha': 0.13767389995593277, 'hidden_layer_sizes': 108, 'beta_1': 0.689514873048187, 'validation_fraction': 0.37819955706299735, 'learning_rate_init': 0.048827281493752865}
observation time 0.001899, current best -0.966667 at iter 13
suggestion time taken 0.006114 iter 14 next_points [{'hidden_layer_sizes': 161, 'alpha': 4.35509947516551, 'batch_size': 113, 'learning_rate_init': 0.019004497877336646, 'tol': 0.07431319768412863, 'validation_fraction': 0.8087428777856864, 'beta_1': 0.7858356894219621, 'beta_2': 0.9337165483714704, 'epsilon': 7.563672635488194e-08}]
/home/ryedida/.local/lib/python3.9/site-packages/sklearn/neural_network/_multilayer_perceptron.py:605: UserWarning: Got `batch_size` less than 1 or larger than sample size. It is going to be clipped
  warnings.warn(

function_evaluation time 0.054492 value -0.808333 suggestion {'hidden_layer_sizes': 161, 'alpha': 4.35509947516551, 'batch_size': 113, 'learning_rate_init': 0.019004497877336646, 'tol': 0.07431319768412863, 'validation_fraction': 0.8087428777856864, 'beta_1': 0.7858356894219621, 'beta_2': 0.9337165483714704, 'epsilon': 7.563672635488194e-08}
observation time 0.001848, current best -0.966667 at iter 14
saving meta data: {'args': {'--uuid': '2df586b2c7915afda058d7b1d8dddf91', '-db-root': '/home/ryedida/bbo_challenge_starter_kit/output', '--opt-root': '/home/ryedida/bbo_challenge_starter_kit/example_submissions', '--data-root': None, '--db': 'run_20230424_015942', '--opt': 'opentuner', '--data': 'iris', '--classifier': 'MLP-adam', '--metric': 'acc', '--calls': 15, '--suggestions': 1, '--jobs-file': None, '--verbose': False, 'dry_run': False, 'rev': 'a376313', 'opt_rev': '0.8.8'}, 'signature': ([{'alpha': 0.019628224813442792, 'batch_size': 182, 'beta_1': 0.9410202200271762, 'beta_2': 0.9998021557676793, 'epsilon': 1.8662266976518e-08, 'hidden_layer_sizes': 147, 'learning_rate_init': 0.0005627932047415167, 'tol': 0.03690557729213761, 'validation_fraction': 0.8846827852548593}, {'alpha': 0.0019982467392329444, 'batch_size': 200, 'beta_1': 0.919111482530466, 'beta_2': 0.9998488260436156, 'epsilon': 5.981221901152555e-07, 'hidden_layer_sizes': 61, 'learning_rate_init': 2.2310905607443014e-05, 'tol': 1.2046852412030316e-05, 'validation_fraction': 0.8117896445826539}, {'alpha': 0.46659545670218433, 'batch_size': 219, 'beta_1': 0.9889789783750891, 'beta_2': 0.9999896868093284, 'epsilon': 2.4234724484675948e-08, 'hidden_layer_sizes': 167, 'learning_rate_init': 2.972334644335654e-05, 'tol': 0.0036281404040243792, 'validation_fraction': 0.17260651658522078}, {'alpha': 4.656005689076002, 'batch_size': 135, 'beta_1': 0.870503881627747, 'beta_2': 0.9948873266941017, 'epsilon': 2.1023308743480125e-07, 'hidden_layer_sizes': 118, 'learning_rate_init': 0.0018781738757161913, 'tol': 1.1889379831773004e-05, 'validation_fraction': 0.6264327093752792}, {'alpha': 0.04705159350400542, 'batch_size': 158, 'beta_1': 0.9870884262730957, 'beta_2': 0.9999596874382349, 'epsilon': 1.1981845126013875e-08, 'hidden_layer_sizes': 116, 'learning_rate_init': 0.00617340520407431, 'tol': 1.741413418158619e-05, 'validation_fraction': 0.6754299026638921}], [-0.41666666666666663, -0.275, -0.3416666666666667, -0.725, -0.875])}
saving results
saving timing
saving suggest log
done
