running: {'--uuid': '54d0bda10d39572c8aae52b9fb73c687', '-db-root': '/home/ryedida/bbo_challenge_starter_kit/output', '--opt-root': '/home/ryedida/bbo_challenge_starter_kit/example_submissions', '--data-root': None, '--db': 'run_20230424_015942', '--opt': 'smoothness', '--data': 'iris', '--classifier': 'MLP-adam', '--metric': 'nll', '--calls': 15, '--suggestions': 1, '--jobs-file': None, '--verbose': False, 'dry_run': False, 'rev': 'a376313', 'opt_rev': 'x.x.x'}
cmd: python smoothness/optimizer.py -c MLP-adam -d iris -o smoothness -u 54d0bda10d39572c8aae52b9fb73c687 -m nll -n 15 -p 1 -dir /home/ryedida/bbo_challenge_starter_kit/output -b run_20230424_015942
/home/ryedida/.local/lib/python3.9/site-packages/sklearn/neural_network/_multilayer_perceptron.py:605: UserWarning: Got `batch_size` less than 1 or larger than sample size. It is going to be clipped
  warnings.warn(

/home/ryedida/.local/lib/python3.9/site-packages/sklearn/neural_network/_multilayer_perceptron.py:605: UserWarning: Got `batch_size` less than 1 or larger than sample size. It is going to be clipped
  warnings.warn(

/home/ryedida/.local/lib/python3.9/site-packages/sklearn/neural_network/_multilayer_perceptron.py:605: UserWarning: Got `batch_size` less than 1 or larger than sample size. It is going to be clipped
  warnings.warn(

/home/ryedida/.local/lib/python3.9/site-packages/sklearn/neural_network/_multilayer_perceptron.py:605: UserWarning: Got `batch_size` less than 1 or larger than sample size. It is going to be clipped
  warnings.warn(

/home/ryedida/.local/lib/python3.9/site-packages/sklearn/neural_network/_multilayer_perceptron.py:605: UserWarning: Got `batch_size` less than 1 or larger than sample size. It is going to be clipped
  warnings.warn(

computed signature: ([{'alpha': 0.019628224813442792, 'batch_size': 182, 'beta_1': 0.9410202200271762, 'beta_2': 0.9998021557676793, 'epsilon': 1.8662266976518e-08, 'hidden_layer_sizes': 147, 'learning_rate_init': 0.0005627932047415167, 'tol': 0.03690557729213761, 'validation_fraction': 0.8846827852548593}, {'alpha': 0.0019982467392329444, 'batch_size': 200, 'beta_1': 0.919111482530466, 'beta_2': 0.9998488260436156, 'epsilon': 5.981221901152555e-07, 'hidden_layer_sizes': 61, 'learning_rate_init': 2.2310905607443014e-05, 'tol': 1.2046852412030316e-05, 'validation_fraction': 0.8117896445826539}, {'alpha': 0.46659545670218433, 'batch_size': 219, 'beta_1': 0.9889789783750891, 'beta_2': 0.9999896868093284, 'epsilon': 2.4234724484675948e-08, 'hidden_layer_sizes': 167, 'learning_rate_init': 2.972334644335654e-05, 'tol': 0.0036281404040243792, 'validation_fraction': 0.17260651658522078}, {'alpha': 4.656005689076002, 'batch_size': 135, 'beta_1': 0.870503881627747, 'beta_2': 0.9948873266941017, 'epsilon': 2.1023308743480125e-07, 'hidden_layer_sizes': 118, 'learning_rate_init': 0.0018781738757161913, 'tol': 1.1889379831773004e-05, 'validation_fraction': 0.6264327093752792}, {'alpha': 0.04705159350400542, 'batch_size': 158, 'beta_1': 0.9870884262730957, 'beta_2': 0.9999596874382349, 'epsilon': 1.1981845126013875e-08, 'hidden_layer_sizes': 116, 'learning_rate_init': 0.00617340520407431, 'tol': 1.741413418158619e-05, 'validation_fraction': 0.6754299026638921}], [1.3105719841770722, 1.7760947732249062, 1.4322107566090756, 0.9097804858215804, 0.5745987066718419])
/home/ryedida/.local/lib/python3.9/site-packages/bayesmark/signatures.py:85: RuntimeWarning: Signature diverged on MLP-adam_iris_nll betwen [1.31057198 1.56976556 1.25224472 0.90978049 0.39813052] and [1.32439241 1.77609477 1.43221076 0.9966468  0.57459871]
  warnings.warn(

Signature errors:
                         0         1         2         3         4       max
MLP-adam_iris_nll  0.01382  0.206329  0.179966  0.086866  0.176468  0.206329
max                0.01382  0.206329  0.179966  0.086866  0.176468  0.206329
starting sklearn study smoothness MLP-adam iris nll 15 1
with data root: None
suggestion time taken 11.746264 iter 0 next_points [{'alpha': 0.02858608291965264, 'batch_size': 49, 'beta_1': 0.9878523347063198, 'beta_2': 0.9718715189145448, 'epsilon': 8.418274524121801e-07, 'hidden_layer_sizes': 94, 'learning_rate_init': 2.7919014255757427e-05, 'tol': 0.0002053540275346262, 'validation_fraction': 0.7518298714242697}]
/home/ryedida/.local/lib/python3.9/site-packages/sklearn/neural_network/_multilayer_perceptron.py:605: UserWarning: Got `batch_size` less than 1 or larger than sample size. It is going to be clipped
  warnings.warn(

function_evaluation time 0.043849 value 1.454929 suggestion {'alpha': 0.02858608291965264, 'batch_size': 49, 'beta_1': 0.9878523347063198, 'beta_2': 0.9718715189145448, 'epsilon': 8.418274524121801e-07, 'hidden_layer_sizes': 94, 'learning_rate_init': 2.7919014255757427e-05, 'tol': 0.0002053540275346262, 'validation_fraction': 0.7518298714242697}
observation time 0.000007, current best 1.454929 at iter 0
suggestion time taken 12.253067 iter 1 next_points [{'alpha': 0.30640806044658153, 'batch_size': 41, 'beta_1': 0.8772948914196401, 'beta_2': 0.9998163497126598, 'epsilon': 2.2273343238985567e-07, 'hidden_layer_sizes': 86, 'learning_rate_init': 3.9895904757679214e-05, 'tol': 0.013458280064675986, 'validation_fraction': 0.5758186342407682}]
function_evaluation time 0.046199 value 1.452599 suggestion {'alpha': 0.30640806044658153, 'batch_size': 41, 'beta_1': 0.8772948914196401, 'beta_2': 0.9998163497126598, 'epsilon': 2.2273343238985567e-07, 'hidden_layer_sizes': 86, 'learning_rate_init': 3.9895904757679214e-05, 'tol': 0.013458280064675986, 'validation_fraction': 0.5758186342407682}
observation time 0.000006, current best 1.452599 at iter 1
suggestion time taken 12.348844 iter 2 next_points [{'alpha': 6.762152457028322e-05, 'batch_size': 102, 'beta_1': 0.6116158559888946, 'beta_2': 0.9995350847824755, 'epsilon': 1.106154012683378e-09, 'hidden_layer_sizes': 78, 'learning_rate_init': 0.05265107965374356, 'tol': 2.7954190557279595e-05, 'validation_fraction': 0.6164130704310992}]
/home/ryedida/.local/lib/python3.9/site-packages/sklearn/neural_network/_multilayer_perceptron.py:605: UserWarning: Got `batch_size` less than 1 or larger than sample size. It is going to be clipped
  warnings.warn(

function_evaluation time 0.088105 value 0.281759 suggestion {'alpha': 6.762152457028322e-05, 'batch_size': 102, 'beta_1': 0.6116158559888946, 'beta_2': 0.9995350847824755, 'epsilon': 1.106154012683378e-09, 'hidden_layer_sizes': 78, 'learning_rate_init': 0.05265107965374356, 'tol': 2.7954190557279595e-05, 'validation_fraction': 0.6164130704310992}
observation time 0.000006, current best 0.281759 at iter 2
suggestion time taken 12.317527 iter 3 next_points [{'alpha': 0.0006704491853990857, 'batch_size': 100, 'beta_1': 0.5145373784983645, 'beta_2': 0.9983584434976807, 'epsilon': 5.43366896029762e-08, 'hidden_layer_sizes': 59, 'learning_rate_init': 0.0004074467144979906, 'tol': 0.014004651480116504, 'validation_fraction': 0.19727531666665357}]
/home/ryedida/.local/lib/python3.9/site-packages/sklearn/neural_network/_multilayer_perceptron.py:605: UserWarning: Got `batch_size` less than 1 or larger than sample size. It is going to be clipped
  warnings.warn(

function_evaluation time 0.044213 value 1.414126 suggestion {'alpha': 0.0006704491853990857, 'batch_size': 100, 'beta_1': 0.5145373784983645, 'beta_2': 0.9983584434976807, 'epsilon': 5.43366896029762e-08, 'hidden_layer_sizes': 59, 'learning_rate_init': 0.0004074467144979906, 'tol': 0.014004651480116504, 'validation_fraction': 0.19727531666665357}
observation time 0.000006, current best 0.281759 at iter 3
suggestion time taken 12.292344 iter 4 next_points [{'alpha': 0.23098969876408135, 'batch_size': 64, 'beta_1': 0.6042506697858766, 'beta_2': 0.9968170996125011, 'epsilon': 2.2413978335082117e-07, 'hidden_layer_sizes': 91, 'learning_rate_init': 0.00018671921205742984, 'tol': 0.010497685121771978, 'validation_fraction': 0.1289277932701034}]
function_evaluation time 0.065390 value 1.477658 suggestion {'alpha': 0.23098969876408135, 'batch_size': 64, 'beta_1': 0.6042506697858766, 'beta_2': 0.9968170996125011, 'epsilon': 2.2413978335082117e-07, 'hidden_layer_sizes': 91, 'learning_rate_init': 0.00018671921205742984, 'tol': 0.010497685121771978, 'validation_fraction': 0.1289277932701034}
observation time 0.000006, current best 0.281759 at iter 4
suggestion time taken 12.825793 iter 5 next_points [{'alpha': 0.002353482383124865, 'batch_size': 78, 'beta_1': 0.5759801970407533, 'beta_2': 0.9998454139708053, 'epsilon': 2.736877066902948e-07, 'hidden_layer_sizes': 69, 'learning_rate_init': 0.003699543199659024, 'tol': 0.0001723938839917525, 'validation_fraction': 0.5169503995602509}]
/home/ryedida/.local/lib/python3.9/site-packages/sklearn/neural_network/_multilayer_perceptron.py:605: UserWarning: Got `batch_size` less than 1 or larger than sample size. It is going to be clipped
  warnings.warn(

function_evaluation time 0.081160 value 0.781608 suggestion {'alpha': 0.002353482383124865, 'batch_size': 78, 'beta_1': 0.5759801970407533, 'beta_2': 0.9998454139708053, 'epsilon': 2.736877066902948e-07, 'hidden_layer_sizes': 69, 'learning_rate_init': 0.003699543199659024, 'tol': 0.0001723938839917525, 'validation_fraction': 0.5169503995602509}
observation time 0.000006, current best 0.281759 at iter 5
suggestion time taken 11.971851 iter 6 next_points [{'alpha': 1.1096658826713928, 'batch_size': 61, 'beta_1': 0.7952755142927089, 'beta_2': 0.9999839591264394, 'epsilon': 4.9118926978537104e-09, 'hidden_layer_sizes': 54, 'learning_rate_init': 0.018608670007180007, 'tol': 8.156525994171661e-05, 'validation_fraction': 0.8418963237661247}]
/home/ryedida/.local/lib/python3.9/site-packages/sklearn/neural_network/_multilayer_perceptron.py:605: UserWarning: Got `batch_size` less than 1 or larger than sample size. It is going to be clipped
  warnings.warn(

function_evaluation time 0.076944 value 0.457021 suggestion {'alpha': 1.1096658826713928, 'batch_size': 61, 'beta_1': 0.7952755142927089, 'beta_2': 0.9999839591264394, 'epsilon': 4.9118926978537104e-09, 'hidden_layer_sizes': 54, 'learning_rate_init': 0.018608670007180007, 'tol': 8.156525994171661e-05, 'validation_fraction': 0.8418963237661247}
observation time 0.000007, current best 0.281759 at iter 6
suggestion time taken 12.212933 iter 7 next_points [{'alpha': 1.2744301832444942, 'batch_size': 43, 'beta_1': 0.9346405410203676, 'beta_2': 0.9993064894246891, 'epsilon': 3.444079470453978e-09, 'hidden_layer_sizes': 62, 'learning_rate_init': 0.00017384103590813106, 'tol': 0.014556560689925432, 'validation_fraction': 0.8649612088604163}]
/home/ryedida/.local/lib/python3.9/site-packages/sklearn/neural_network/_multilayer_perceptron.py:605: UserWarning: Got `batch_size` less than 1 or larger than sample size. It is going to be clipped
  warnings.warn(

function_evaluation time 0.042455 value 1.353579 suggestion {'alpha': 1.2744301832444942, 'batch_size': 43, 'beta_1': 0.9346405410203676, 'beta_2': 0.9993064894246891, 'epsilon': 3.444079470453978e-09, 'hidden_layer_sizes': 62, 'learning_rate_init': 0.00017384103590813106, 'tol': 0.014556560689925432, 'validation_fraction': 0.8649612088604163}
observation time 0.000006, current best 0.281759 at iter 7
suggestion time taken 12.684216 iter 8 next_points [{'alpha': 0.20540017153667164, 'batch_size': 48, 'beta_1': 0.6428960428283216, 'beta_2': 0.9997333239772186, 'epsilon': 4.818984422198747e-09, 'hidden_layer_sizes': 51, 'learning_rate_init': 1.6195687618579348e-05, 'tol': 0.0012669670324083097, 'validation_fraction': 0.726721819330614}]
/home/ryedida/.local/lib/python3.9/site-packages/sklearn/neural_network/_multilayer_perceptron.py:605: UserWarning: Got `batch_size` less than 1 or larger than sample size. It is going to be clipped
  warnings.warn(

function_evaluation time 0.045893 value 1.406380 suggestion {'alpha': 0.20540017153667164, 'batch_size': 48, 'beta_1': 0.6428960428283216, 'beta_2': 0.9997333239772186, 'epsilon': 4.818984422198747e-09, 'hidden_layer_sizes': 51, 'learning_rate_init': 1.6195687618579348e-05, 'tol': 0.0012669670324083097, 'validation_fraction': 0.726721819330614}
observation time 0.000006, current best 0.281759 at iter 8
suggestion time taken 12.136198 iter 9 next_points [{'alpha': 0.12938534667059212, 'batch_size': 83, 'beta_1': 0.9778851375421908, 'beta_2': 0.9999643816782691, 'epsilon': 1.7061878215402156e-07, 'hidden_layer_sizes': 82, 'learning_rate_init': 4.6859903742852716e-05, 'tol': 0.0018507321196602781, 'validation_fraction': 0.21323569043165358}]
function_evaluation time 0.046748 value 1.299559 suggestion {'alpha': 0.12938534667059212, 'batch_size': 83, 'beta_1': 0.9778851375421908, 'beta_2': 0.9999643816782691, 'epsilon': 1.7061878215402156e-07, 'hidden_layer_sizes': 82, 'learning_rate_init': 4.6859903742852716e-05, 'tol': 0.0018507321196602781, 'validation_fraction': 0.21323569043165358}
observation time 0.000006, current best 0.281759 at iter 9
suggestion time taken 11.896066 iter 10 next_points [{'alpha': 0.009854665187936668, 'batch_size': 52, 'beta_1': 0.9890694792206693, 'beta_2': 0.999885630620595, 'epsilon': 4.468308292405298e-09, 'hidden_layer_sizes': 68, 'learning_rate_init': 1.8428003030113744e-05, 'tol': 2.1376485758708285e-05, 'validation_fraction': 0.7852746736060886}]
/home/ryedida/.local/lib/python3.9/site-packages/sklearn/neural_network/_multilayer_perceptron.py:605: UserWarning: Got `batch_size` less than 1 or larger than sample size. It is going to be clipped
  warnings.warn(

function_evaluation time 0.043215 value 1.251113 suggestion {'alpha': 0.009854665187936668, 'batch_size': 52, 'beta_1': 0.9890694792206693, 'beta_2': 0.999885630620595, 'epsilon': 4.468308292405298e-09, 'hidden_layer_sizes': 68, 'learning_rate_init': 1.8428003030113744e-05, 'tol': 2.1376485758708285e-05, 'validation_fraction': 0.7852746736060886}
observation time 0.000007, current best 0.281759 at iter 10
suggestion time taken 12.536804 iter 11 next_points [{'alpha': 0.0005183286919023355, 'batch_size': 48, 'beta_1': 0.9708663030422492, 'beta_2': 0.9991495165265226, 'epsilon': 4.046103501448196e-09, 'hidden_layer_sizes': 58, 'learning_rate_init': 0.00024837711709049847, 'tol': 0.0012743154253606777, 'validation_fraction': 0.7435910691139104}]
/home/ryedida/.local/lib/python3.9/site-packages/sklearn/neural_network/_multilayer_perceptron.py:605: UserWarning: Got `batch_size` less than 1 or larger than sample size. It is going to be clipped
  warnings.warn(

function_evaluation time 0.043115 value 1.525293 suggestion {'alpha': 0.0005183286919023355, 'batch_size': 48, 'beta_1': 0.9708663030422492, 'beta_2': 0.9991495165265226, 'epsilon': 4.046103501448196e-09, 'hidden_layer_sizes': 58, 'learning_rate_init': 0.00024837711709049847, 'tol': 0.0012743154253606777, 'validation_fraction': 0.7435910691139104}
observation time 0.000006, current best 0.281759 at iter 11
suggestion time taken 11.839395 iter 12 next_points [{'alpha': 3.480290043278985e-05, 'batch_size': 35, 'beta_1': 0.9024774335751987, 'beta_2': 0.9259125775800895, 'epsilon': 2.3467560255073126e-07, 'hidden_layer_sizes': 60, 'learning_rate_init': 0.0003398428739154692, 'tol': 0.00037372569501809103, 'validation_fraction': 0.1128220650518268}]
function_evaluation time 0.093911 value 1.310448 suggestion {'alpha': 3.480290043278985e-05, 'batch_size': 35, 'beta_1': 0.9024774335751987, 'beta_2': 0.9259125775800895, 'epsilon': 2.3467560255073126e-07, 'hidden_layer_sizes': 60, 'learning_rate_init': 0.0003398428739154692, 'tol': 0.00037372569501809103, 'validation_fraction': 0.1128220650518268}
observation time 0.000006, current best 0.281759 at iter 12
suggestion time taken 11.876988 iter 13 next_points [{'alpha': 0.006706428832711752, 'batch_size': 221, 'beta_1': 0.9522311834195871, 'beta_2': 0.9988503762569153, 'epsilon': 3.822436938669889e-07, 'hidden_layer_sizes': 50, 'learning_rate_init': 0.03468336296455102, 'tol': 0.002092057956453484, 'validation_fraction': 0.7497761028364361}]
/home/ryedida/.local/lib/python3.9/site-packages/sklearn/neural_network/_multilayer_perceptron.py:605: UserWarning: Got `batch_size` less than 1 or larger than sample size. It is going to be clipped
  warnings.warn(

function_evaluation time 0.085996 value 0.354536 suggestion {'alpha': 0.006706428832711752, 'batch_size': 221, 'beta_1': 0.9522311834195871, 'beta_2': 0.9988503762569153, 'epsilon': 3.822436938669889e-07, 'hidden_layer_sizes': 50, 'learning_rate_init': 0.03468336296455102, 'tol': 0.002092057956453484, 'validation_fraction': 0.7497761028364361}
observation time 0.000005, current best 0.281759 at iter 13
suggestion time taken 12.068816 iter 14 next_points [{'alpha': 0.19738122206164463, 'batch_size': 151, 'beta_1': 0.9888927059512977, 'beta_2': 0.9797083904344785, 'epsilon': 1.4376233989015844e-07, 'hidden_layer_sizes': 65, 'learning_rate_init': 7.366923902252785e-05, 'tol': 0.002916981517921404, 'validation_fraction': 0.7406773771351937}]
/home/ryedida/.local/lib/python3.9/site-packages/sklearn/neural_network/_multilayer_perceptron.py:605: UserWarning: Got `batch_size` less than 1 or larger than sample size. It is going to be clipped
  warnings.warn(

function_evaluation time 0.053695 value 1.776626 suggestion {'alpha': 0.19738122206164463, 'batch_size': 151, 'beta_1': 0.9888927059512977, 'beta_2': 0.9797083904344785, 'epsilon': 1.4376233989015844e-07, 'hidden_layer_sizes': 65, 'learning_rate_init': 7.366923902252785e-05, 'tol': 0.002916981517921404, 'validation_fraction': 0.7406773771351937}
observation time 0.000006, current best 0.281759 at iter 14
saving meta data: {'args': {'--uuid': '54d0bda10d39572c8aae52b9fb73c687', '-db-root': '/home/ryedida/bbo_challenge_starter_kit/output', '--opt-root': '/home/ryedida/bbo_challenge_starter_kit/example_submissions', '--data-root': None, '--db': 'run_20230424_015942', '--opt': 'smoothness', '--data': 'iris', '--classifier': 'MLP-adam', '--metric': 'nll', '--calls': 15, '--suggestions': 1, '--jobs-file': None, '--verbose': False, 'dry_run': False, 'rev': 'a376313', 'opt_rev': 'x.x.x'}, 'signature': ([{'alpha': 0.019628224813442792, 'batch_size': 182, 'beta_1': 0.9410202200271762, 'beta_2': 0.9998021557676793, 'epsilon': 1.8662266976518e-08, 'hidden_layer_sizes': 147, 'learning_rate_init': 0.0005627932047415167, 'tol': 0.03690557729213761, 'validation_fraction': 0.8846827852548593}, {'alpha': 0.0019982467392329444, 'batch_size': 200, 'beta_1': 0.919111482530466, 'beta_2': 0.9998488260436156, 'epsilon': 5.981221901152555e-07, 'hidden_layer_sizes': 61, 'learning_rate_init': 2.2310905607443014e-05, 'tol': 1.2046852412030316e-05, 'validation_fraction': 0.8117896445826539}, {'alpha': 0.46659545670218433, 'batch_size': 219, 'beta_1': 0.9889789783750891, 'beta_2': 0.9999896868093284, 'epsilon': 2.4234724484675948e-08, 'hidden_layer_sizes': 167, 'learning_rate_init': 2.972334644335654e-05, 'tol': 0.0036281404040243792, 'validation_fraction': 0.17260651658522078}, {'alpha': 4.656005689076002, 'batch_size': 135, 'beta_1': 0.870503881627747, 'beta_2': 0.9948873266941017, 'epsilon': 2.1023308743480125e-07, 'hidden_layer_sizes': 118, 'learning_rate_init': 0.0018781738757161913, 'tol': 1.1889379831773004e-05, 'validation_fraction': 0.6264327093752792}, {'alpha': 0.04705159350400542, 'batch_size': 158, 'beta_1': 0.9870884262730957, 'beta_2': 0.9999596874382349, 'epsilon': 1.1981845126013875e-08, 'hidden_layer_sizes': 116, 'learning_rate_init': 0.00617340520407431, 'tol': 1.741413418158619e-05, 'validation_fraction': 0.6754299026638921}], [1.3105719841770722, 1.7760947732249062, 1.4322107566090756, 0.9097804858215804, 0.5745987066718419])}
saving results
saving timing
saving suggest log
done
