running: {'--uuid': '6608d8d19a325f43b27a8441621cd3af', '-db-root': '/home/ryedida/bbo_challenge_starter_kit/output', '--opt-root': '/home/ryedida/bbo_challenge_starter_kit/example_submissions', '--data-root': None, '--db': 'run_20230424_015942', '--opt': 'opentuner', '--data': 'iris', '--classifier': 'MLP-adam', '--metric': 'nll', '--calls': 15, '--suggestions': 1, '--jobs-file': None, '--verbose': False, 'dry_run': False, 'rev': 'a376313', 'opt_rev': '0.8.8'}
cmd: python opentuner/optimizer.py -c MLP-adam -d iris -o opentuner -u 6608d8d19a325f43b27a8441621cd3af -m nll -n 15 -p 1 -dir /home/ryedida/bbo_challenge_starter_kit/output -b run_20230424_015942
/home/ryedida/.local/lib/python3.9/site-packages/sklearn/neural_network/_multilayer_perceptron.py:605: UserWarning: Got `batch_size` less than 1 or larger than sample size. It is going to be clipped
  warnings.warn(

/home/ryedida/.local/lib/python3.9/site-packages/sklearn/neural_network/_multilayer_perceptron.py:605: UserWarning: Got `batch_size` less than 1 or larger than sample size. It is going to be clipped
  warnings.warn(

/home/ryedida/.local/lib/python3.9/site-packages/sklearn/neural_network/_multilayer_perceptron.py:605: UserWarning: Got `batch_size` less than 1 or larger than sample size. It is going to be clipped
  warnings.warn(

/home/ryedida/.local/lib/python3.9/site-packages/sklearn/neural_network/_multilayer_perceptron.py:605: UserWarning: Got `batch_size` less than 1 or larger than sample size. It is going to be clipped
  warnings.warn(

/home/ryedida/.local/lib/python3.9/site-packages/sklearn/neural_network/_multilayer_perceptron.py:605: UserWarning: Got `batch_size` less than 1 or larger than sample size. It is going to be clipped
  warnings.warn(

computed signature: ([{'alpha': 0.019628224813442792, 'batch_size': 182, 'beta_1': 0.9410202200271762, 'beta_2': 0.9998021557676793, 'epsilon': 1.8662266976518e-08, 'hidden_layer_sizes': 147, 'learning_rate_init': 0.0005627932047415167, 'tol': 0.03690557729213761, 'validation_fraction': 0.8846827852548593}, {'alpha': 0.0019982467392329444, 'batch_size': 200, 'beta_1': 0.919111482530466, 'beta_2': 0.9998488260436156, 'epsilon': 5.981221901152555e-07, 'hidden_layer_sizes': 61, 'learning_rate_init': 2.2310905607443014e-05, 'tol': 1.2046852412030316e-05, 'validation_fraction': 0.8117896445826539}, {'alpha': 0.46659545670218433, 'batch_size': 219, 'beta_1': 0.9889789783750891, 'beta_2': 0.9999896868093284, 'epsilon': 2.4234724484675948e-08, 'hidden_layer_sizes': 167, 'learning_rate_init': 2.972334644335654e-05, 'tol': 0.0036281404040243792, 'validation_fraction': 0.17260651658522078}, {'alpha': 4.656005689076002, 'batch_size': 135, 'beta_1': 0.870503881627747, 'beta_2': 0.9948873266941017, 'epsilon': 2.1023308743480125e-07, 'hidden_layer_sizes': 118, 'learning_rate_init': 0.0018781738757161913, 'tol': 1.1889379831773004e-05, 'validation_fraction': 0.6264327093752792}, {'alpha': 0.04705159350400542, 'batch_size': 158, 'beta_1': 0.9870884262730957, 'beta_2': 0.9999596874382349, 'epsilon': 1.1981845126013875e-08, 'hidden_layer_sizes': 116, 'learning_rate_init': 0.00617340520407431, 'tol': 1.741413418158619e-05, 'validation_fraction': 0.6754299026638921}], [1.3105719841770722, 1.7760947732249062, 1.4322107566090756, 0.9097804858215804, 0.5745987066718419])
/home/ryedida/.local/lib/python3.9/site-packages/bayesmark/signatures.py:85: RuntimeWarning: Signature diverged on MLP-adam_iris_nll betwen [1.31057198 1.56976556 1.25224472 0.90978049 0.39813052] and [1.32439241 1.77609477 1.43221076 0.9966468  0.57459871]
  warnings.warn(

Signature errors:
                         0         1         2         3         4       max
MLP-adam_iris_nll  0.01382  0.206329  0.179966  0.086866  0.176468  0.206329
max                0.01382  0.206329  0.179966  0.086866  0.176468  0.206329
starting sklearn study opentuner MLP-adam iris nll 15 1
with data root: None
suggestion time taken 0.032234 iter 0 next_points [{'hidden_layer_sizes': 109, 'alpha': 6.260797851730538, 'batch_size': 242, 'learning_rate_init': 0.07645256978308683, 'tol': 0.08385047579859466, 'validation_fraction': 0.6770461844362062, 'beta_1': 0.8970046816473913, 'beta_2': 0.9789473052993968, 'epsilon': 2.1064739078088712e-07}]
/home/ryedida/.local/lib/python3.9/site-packages/sklearn/neural_network/_multilayer_perceptron.py:605: UserWarning: Got `batch_size` less than 1 or larger than sample size. It is going to be clipped
  warnings.warn(

function_evaluation time 0.064910 value 0.765816 suggestion {'hidden_layer_sizes': 109, 'alpha': 6.260797851730538, 'batch_size': 242, 'learning_rate_init': 0.07645256978308683, 'tol': 0.08385047579859466, 'validation_fraction': 0.6770461844362062, 'beta_1': 0.8970046816473913, 'beta_2': 0.9789473052993968, 'epsilon': 2.1064739078088712e-07}
observation time 0.004369, current best 0.765816 at iter 0
suggestion time taken 0.007644 iter 1 next_points [{'hidden_layer_sizes': 118, 'alpha': 6.260797851730538, 'batch_size': 242, 'learning_rate_init': 0.07645256978308683, 'tol': 0.08385047579859466, 'validation_fraction': 0.7910761663896092, 'beta_1': 0.8970046816473913, 'beta_2': 0.9789473052993968, 'epsilon': 2.1064739078088712e-07}]
/home/ryedida/.local/lib/python3.9/site-packages/sklearn/neural_network/_multilayer_perceptron.py:605: UserWarning: Got `batch_size` less than 1 or larger than sample size. It is going to be clipped
  warnings.warn(

function_evaluation time 0.053951 value 0.728556 suggestion {'hidden_layer_sizes': 118, 'alpha': 6.260797851730538, 'batch_size': 242, 'learning_rate_init': 0.07645256978308683, 'tol': 0.08385047579859466, 'validation_fraction': 0.7910761663896092, 'beta_1': 0.8970046816473913, 'beta_2': 0.9789473052993968, 'epsilon': 2.1064739078088712e-07}
observation time 0.001866, current best 0.728556 at iter 1
suggestion time taken 0.047457 iter 2 next_points [{'validation_fraction': 0.5937322796569637, 'beta_1': 0.8970344852844078, 'batch_size': 183, 'alpha': 4.664249384383079, 'beta_2': 0.9736863036631025, 'epsilon': 8.538948156616422e-07, 'hidden_layer_sizes': 166, 'learning_rate_init': 0.03811556278739341, 'tol': 0.08361675872195977}]
/home/ryedida/.local/lib/python3.9/site-packages/sklearn/neural_network/_multilayer_perceptron.py:605: UserWarning: Got `batch_size` less than 1 or larger than sample size. It is going to be clipped
  warnings.warn(

function_evaluation time 0.076501 value 0.460003 suggestion {'validation_fraction': 0.5937322796569637, 'beta_1': 0.8970344852844078, 'batch_size': 183, 'alpha': 4.664249384383079, 'beta_2': 0.9736863036631025, 'epsilon': 8.538948156616422e-07, 'hidden_layer_sizes': 166, 'learning_rate_init': 0.03811556278739341, 'tol': 0.08361675872195977}
observation time 0.001844, current best 0.460003 at iter 2
suggestion time taken 0.007019 iter 3 next_points [{'validation_fraction': 0.5937322796569637, 'beta_1': 0.8970344852844078, 'batch_size': 208, 'alpha': 4.664249384383079, 'beta_2': 0.9736863036631025, 'epsilon': 8.538948156616422e-07, 'hidden_layer_sizes': 195, 'learning_rate_init': 0.03811556278739341, 'tol': 0.08361675872195977}]
/home/ryedida/.local/lib/python3.9/site-packages/sklearn/neural_network/_multilayer_perceptron.py:605: UserWarning: Got `batch_size` less than 1 or larger than sample size. It is going to be clipped
  warnings.warn(

function_evaluation time 0.075850 value 0.449450 suggestion {'validation_fraction': 0.5937322796569637, 'beta_1': 0.8970344852844078, 'batch_size': 208, 'alpha': 4.664249384383079, 'beta_2': 0.9736863036631025, 'epsilon': 8.538948156616422e-07, 'hidden_layer_sizes': 195, 'learning_rate_init': 0.03811556278739341, 'tol': 0.08361675872195977}
observation time 0.001880, current best 0.449450 at iter 3
suggestion time taken 0.007005 iter 4 next_points [{'validation_fraction': 0.7501590486931694, 'beta_1': 0.8970344852844078, 'batch_size': 208, 'alpha': 4.664249384383079, 'beta_2': 0.9736863036631025, 'epsilon': 8.538948156616422e-07, 'hidden_layer_sizes': 199, 'learning_rate_init': 0.03811556278739341, 'tol': 0.08361675872195977}]
/home/ryedida/.local/lib/python3.9/site-packages/sklearn/neural_network/_multilayer_perceptron.py:605: UserWarning: Got `batch_size` less than 1 or larger than sample size. It is going to be clipped
  warnings.warn(

function_evaluation time 0.076754 value 0.575350 suggestion {'validation_fraction': 0.7501590486931694, 'beta_1': 0.8970344852844078, 'batch_size': 208, 'alpha': 4.664249384383079, 'beta_2': 0.9736863036631025, 'epsilon': 8.538948156616422e-07, 'hidden_layer_sizes': 199, 'learning_rate_init': 0.03811556278739341, 'tol': 0.08361675872195977}
observation time 0.001873, current best 0.449450 at iter 4
suggestion time taken 0.007244 iter 5 next_points [{'validation_fraction': 0.5937322796569637, 'beta_1': 0.9423613470084358, 'batch_size': 249, 'alpha': 3.827803414488353, 'beta_2': 0.9736863036631025, 'epsilon': 8.215657158200097e-07, 'hidden_layer_sizes': 195, 'learning_rate_init': 0.03811556278739341, 'tol': 0.08361675872195977}]
/home/ryedida/.local/lib/python3.9/site-packages/sklearn/neural_network/_multilayer_perceptron.py:605: UserWarning: Got `batch_size` less than 1 or larger than sample size. It is going to be clipped
  warnings.warn(

function_evaluation time 0.066522 value 0.468444 suggestion {'validation_fraction': 0.5937322796569637, 'beta_1': 0.9423613470084358, 'batch_size': 249, 'alpha': 3.827803414488353, 'beta_2': 0.9736863036631025, 'epsilon': 8.215657158200097e-07, 'hidden_layer_sizes': 195, 'learning_rate_init': 0.03811556278739341, 'tol': 0.08361675872195977}
observation time 0.002029, current best 0.449450 at iter 5
suggestion time taken 0.006122 iter 6 next_points [{'hidden_layer_sizes': 60, 'alpha': 8.770038839830484, 'batch_size': 25, 'learning_rate_init': 0.043304688434945, 'tol': 0.0943301721279856, 'validation_fraction': 0.8722676061891736, 'beta_1': 0.7117354965252797, 'beta_2': 0.9569350348760826, 'epsilon': 8.20751422964643e-07}]
/home/ryedida/.local/lib/python3.9/site-packages/sklearn/neural_network/_multilayer_perceptron.py:605: UserWarning: Got `batch_size` less than 1 or larger than sample size. It is going to be clipped
  warnings.warn(

function_evaluation time 0.049291 value 1.028034 suggestion {'hidden_layer_sizes': 60, 'alpha': 8.770038839830484, 'batch_size': 25, 'learning_rate_init': 0.043304688434945, 'tol': 0.0943301721279856, 'validation_fraction': 0.8722676061891736, 'beta_1': 0.7117354965252797, 'beta_2': 0.9569350348760826, 'epsilon': 8.20751422964643e-07}
observation time 0.001864, current best 0.449450 at iter 6
suggestion time taken 0.005302 iter 7 next_points [{'validation_fraction': 0.713536303235265, 'beta_1': 0.6443433988071795, 'batch_size': 178, 'alpha': 5.221088773308068, 'beta_2': 0.9478170954880557, 'epsilon': 7.508646725778712e-07, 'hidden_layer_sizes': 162, 'learning_rate_init': 0.07443844376405255, 'tol': 0.027113024220781257}]
/home/ryedida/.local/lib/python3.9/site-packages/sklearn/neural_network/_multilayer_perceptron.py:605: UserWarning: Got `batch_size` less than 1 or larger than sample size. It is going to be clipped
  warnings.warn(

function_evaluation time 0.074222 value 0.514053 suggestion {'validation_fraction': 0.713536303235265, 'beta_1': 0.6443433988071795, 'batch_size': 178, 'alpha': 5.221088773308068, 'beta_2': 0.9478170954880557, 'epsilon': 7.508646725778712e-07, 'hidden_layer_sizes': 162, 'learning_rate_init': 0.07443844376405255, 'tol': 0.027113024220781257}
observation time 0.001860, current best 0.449450 at iter 7
suggestion time taken 0.006164 iter 8 next_points [{'hidden_layer_sizes': 173, 'alpha': 1.9297631075067216, 'batch_size': 193, 'learning_rate_init': 0.042646806695229404, 'tol': 0.021627358409085296, 'validation_fraction': 0.47927685618363103, 'beta_1': 0.8308454292729746, 'beta_2': 0.9490218289943452, 'epsilon': 7.494797779344632e-07}]
/home/ryedida/.local/lib/python3.9/site-packages/sklearn/neural_network/_multilayer_perceptron.py:605: UserWarning: Got `batch_size` less than 1 or larger than sample size. It is going to be clipped
  warnings.warn(

function_evaluation time 0.074569 value 0.371320 suggestion {'hidden_layer_sizes': 173, 'alpha': 1.9297631075067216, 'batch_size': 193, 'learning_rate_init': 0.042646806695229404, 'tol': 0.021627358409085296, 'validation_fraction': 0.47927685618363103, 'beta_1': 0.8308454292729746, 'beta_2': 0.9490218289943452, 'epsilon': 7.494797779344632e-07}
observation time 0.001966, current best 0.371320 at iter 8
suggestion time taken 0.006322 iter 9 next_points [{'hidden_layer_sizes': 69, 'alpha': 0.24009980705902806, 'batch_size': 103, 'learning_rate_init': 0.0078844891260758, 'tol': 0.07414210958661231, 'validation_fraction': 0.500932635146327, 'beta_1': 0.616288534723242, 'beta_2': 0.9643125382498233, 'epsilon': 9.099812511575701e-07}]
/home/ryedida/.local/lib/python3.9/site-packages/sklearn/neural_network/_multilayer_perceptron.py:605: UserWarning: Got `batch_size` less than 1 or larger than sample size. It is going to be clipped
  warnings.warn(

function_evaluation time 0.053859 value 0.666501 suggestion {'hidden_layer_sizes': 69, 'alpha': 0.24009980705902806, 'batch_size': 103, 'learning_rate_init': 0.0078844891260758, 'tol': 0.07414210958661231, 'validation_fraction': 0.500932635146327, 'beta_1': 0.616288534723242, 'beta_2': 0.9643125382498233, 'epsilon': 9.099812511575701e-07}
observation time 0.001875, current best 0.371320 at iter 9
suggestion time taken 0.006054 iter 10 next_points [{'hidden_layer_sizes': 88, 'alpha': 1.596643975024301, 'batch_size': 175, 'learning_rate_init': 0.0017543468769160475, 'tol': 0.04694942202387458, 'validation_fraction': 0.5403720696229053, 'beta_1': 0.9210531115916964, 'beta_2': 0.9434277430380505, 'epsilon': 3.741016346986138e-07}]
/home/ryedida/.local/lib/python3.9/site-packages/sklearn/neural_network/_multilayer_perceptron.py:605: UserWarning: Got `batch_size` less than 1 or larger than sample size. It is going to be clipped
  warnings.warn(

function_evaluation time 0.072511 value 0.814901 suggestion {'hidden_layer_sizes': 88, 'alpha': 1.596643975024301, 'batch_size': 175, 'learning_rate_init': 0.0017543468769160475, 'tol': 0.04694942202387458, 'validation_fraction': 0.5403720696229053, 'beta_1': 0.9210531115916964, 'beta_2': 0.9434277430380505, 'epsilon': 3.741016346986138e-07}
observation time 0.001852, current best 0.371320 at iter 10
suggestion time taken 0.007073 iter 11 next_points [{'hidden_layer_sizes': 54, 'alpha': 1.9297631075067216, 'batch_size': 193, 'learning_rate_init': 0.042646806695229404, 'tol': 0.0952748108421108, 'validation_fraction': 0.47927685618363103, 'beta_1': 0.8308454292729746, 'beta_2': 0.9490218289943452, 'epsilon': 7.494797779344632e-07}]
/home/ryedida/.local/lib/python3.9/site-packages/sklearn/neural_network/_multilayer_perceptron.py:605: UserWarning: Got `batch_size` less than 1 or larger than sample size. It is going to be clipped
  warnings.warn(

function_evaluation time 0.061693 value 0.395760 suggestion {'hidden_layer_sizes': 54, 'alpha': 1.9297631075067216, 'batch_size': 193, 'learning_rate_init': 0.042646806695229404, 'tol': 0.0952748108421108, 'validation_fraction': 0.47927685618363103, 'beta_1': 0.8308454292729746, 'beta_2': 0.9490218289943452, 'epsilon': 7.494797779344632e-07}
observation time 0.001862, current best 0.371320 at iter 11
suggestion time taken 0.007202 iter 12 next_points [{'hidden_layer_sizes': 173, 'alpha': 1.9297631075067216, 'batch_size': 193, 'learning_rate_init': 0.05341805539134741, 'tol': 0.020536712042533645, 'validation_fraction': 0.47927685618363103, 'beta_1': 0.9406301461278049, 'beta_2': 0.9490218289943452, 'epsilon': 7.494797779344632e-07}]
/home/ryedida/.local/lib/python3.9/site-packages/sklearn/neural_network/_multilayer_perceptron.py:605: UserWarning: Got `batch_size` less than 1 or larger than sample size. It is going to be clipped
  warnings.warn(

function_evaluation time 0.101528 value 0.350677 suggestion {'hidden_layer_sizes': 173, 'alpha': 1.9297631075067216, 'batch_size': 193, 'learning_rate_init': 0.05341805539134741, 'tol': 0.020536712042533645, 'validation_fraction': 0.47927685618363103, 'beta_1': 0.9406301461278049, 'beta_2': 0.9490218289943452, 'epsilon': 7.494797779344632e-07}
observation time 0.002014, current best 0.350677 at iter 12
suggestion time taken 0.007261 iter 13 next_points [{'hidden_layer_sizes': 173, 'alpha': 2.033025200012402, 'batch_size': 193, 'learning_rate_init': 0.05341805539134741, 'tol': 0.01554383630142524, 'validation_fraction': 0.47927685618363103, 'beta_1': 0.9406301461278049, 'beta_2': 0.9541624320341952, 'epsilon': 7.494797779344632e-07}]
/home/ryedida/.local/lib/python3.9/site-packages/sklearn/neural_network/_multilayer_perceptron.py:605: UserWarning: Got `batch_size` less than 1 or larger than sample size. It is going to be clipped
  warnings.warn(

function_evaluation time 0.089855 value 0.529676 suggestion {'hidden_layer_sizes': 173, 'alpha': 2.033025200012402, 'batch_size': 193, 'learning_rate_init': 0.05341805539134741, 'tol': 0.01554383630142524, 'validation_fraction': 0.47927685618363103, 'beta_1': 0.9406301461278049, 'beta_2': 0.9541624320341952, 'epsilon': 7.494797779344632e-07}
observation time 0.001837, current best 0.350677 at iter 13
suggestion time taken 0.007082 iter 14 next_points [{'hidden_layer_sizes': 173, 'alpha': 2.8112696761812708, 'batch_size': 193, 'learning_rate_init': 0.05341805539134741, 'tol': 0.020536712042533645, 'validation_fraction': 0.4841111326408629, 'beta_1': 0.9406301461278049, 'beta_2': 0.9490218289943452, 'epsilon': 7.494797779344632e-07}]
/home/ryedida/.local/lib/python3.9/site-packages/sklearn/neural_network/_multilayer_perceptron.py:605: UserWarning: Got `batch_size` less than 1 or larger than sample size. It is going to be clipped
  warnings.warn(

function_evaluation time 0.090119 value 0.412220 suggestion {'hidden_layer_sizes': 173, 'alpha': 2.8112696761812708, 'batch_size': 193, 'learning_rate_init': 0.05341805539134741, 'tol': 0.020536712042533645, 'validation_fraction': 0.4841111326408629, 'beta_1': 0.9406301461278049, 'beta_2': 0.9490218289943452, 'epsilon': 7.494797779344632e-07}
observation time 0.002043, current best 0.350677 at iter 14
saving meta data: {'args': {'--uuid': '6608d8d19a325f43b27a8441621cd3af', '-db-root': '/home/ryedida/bbo_challenge_starter_kit/output', '--opt-root': '/home/ryedida/bbo_challenge_starter_kit/example_submissions', '--data-root': None, '--db': 'run_20230424_015942', '--opt': 'opentuner', '--data': 'iris', '--classifier': 'MLP-adam', '--metric': 'nll', '--calls': 15, '--suggestions': 1, '--jobs-file': None, '--verbose': False, 'dry_run': False, 'rev': 'a376313', 'opt_rev': '0.8.8'}, 'signature': ([{'alpha': 0.019628224813442792, 'batch_size': 182, 'beta_1': 0.9410202200271762, 'beta_2': 0.9998021557676793, 'epsilon': 1.8662266976518e-08, 'hidden_layer_sizes': 147, 'learning_rate_init': 0.0005627932047415167, 'tol': 0.03690557729213761, 'validation_fraction': 0.8846827852548593}, {'alpha': 0.0019982467392329444, 'batch_size': 200, 'beta_1': 0.919111482530466, 'beta_2': 0.9998488260436156, 'epsilon': 5.981221901152555e-07, 'hidden_layer_sizes': 61, 'learning_rate_init': 2.2310905607443014e-05, 'tol': 1.2046852412030316e-05, 'validation_fraction': 0.8117896445826539}, {'alpha': 0.46659545670218433, 'batch_size': 219, 'beta_1': 0.9889789783750891, 'beta_2': 0.9999896868093284, 'epsilon': 2.4234724484675948e-08, 'hidden_layer_sizes': 167, 'learning_rate_init': 2.972334644335654e-05, 'tol': 0.0036281404040243792, 'validation_fraction': 0.17260651658522078}, {'alpha': 4.656005689076002, 'batch_size': 135, 'beta_1': 0.870503881627747, 'beta_2': 0.9948873266941017, 'epsilon': 2.1023308743480125e-07, 'hidden_layer_sizes': 118, 'learning_rate_init': 0.0018781738757161913, 'tol': 1.1889379831773004e-05, 'validation_fraction': 0.6264327093752792}, {'alpha': 0.04705159350400542, 'batch_size': 158, 'beta_1': 0.9870884262730957, 'beta_2': 0.9999596874382349, 'epsilon': 1.1981845126013875e-08, 'hidden_layer_sizes': 116, 'learning_rate_init': 0.00617340520407431, 'tol': 1.741413418158619e-05, 'validation_fraction': 0.6754299026638921}], [1.3105719841770722, 1.7760947732249062, 1.4322107566090756, 0.9097804858215804, 0.5745987066718419])}
saving results
saving timing
saving suggest log
done
