running: {'--uuid': '6df5331daec3527b9186db03160bd441', '-db-root': '/home/ryedida/bbo_challenge_starter_kit/output', '--opt-root': '/home/ryedida/bbo_challenge_starter_kit/example_submissions', '--data-root': None, '--db': 'run_20230424_015942', '--opt': 'hyperopt', '--data': 'iris', '--classifier': 'MLP-adam', '--metric': 'acc', '--calls': 15, '--suggestions': 1, '--jobs-file': None, '--verbose': False, 'dry_run': False, 'rev': 'a376313', 'opt_rev': '0.2.7'}
cmd: python hyperopt/optimizer.py -c MLP-adam -d iris -o hyperopt -u 6df5331daec3527b9186db03160bd441 -m acc -n 15 -p 1 -dir /home/ryedida/bbo_challenge_starter_kit/output -b run_20230424_015942
/home/ryedida/.local/lib/python3.9/site-packages/sklearn/neural_network/_multilayer_perceptron.py:605: UserWarning: Got `batch_size` less than 1 or larger than sample size. It is going to be clipped
  warnings.warn(

/home/ryedida/.local/lib/python3.9/site-packages/sklearn/neural_network/_multilayer_perceptron.py:605: UserWarning: Got `batch_size` less than 1 or larger than sample size. It is going to be clipped
  warnings.warn(

/home/ryedida/.local/lib/python3.9/site-packages/sklearn/neural_network/_multilayer_perceptron.py:605: UserWarning: Got `batch_size` less than 1 or larger than sample size. It is going to be clipped
  warnings.warn(

/home/ryedida/.local/lib/python3.9/site-packages/sklearn/neural_network/_multilayer_perceptron.py:605: UserWarning: Got `batch_size` less than 1 or larger than sample size. It is going to be clipped
  warnings.warn(

/home/ryedida/.local/lib/python3.9/site-packages/sklearn/neural_network/_multilayer_perceptron.py:605: UserWarning: Got `batch_size` less than 1 or larger than sample size. It is going to be clipped
  warnings.warn(

computed signature: ([{'alpha': 0.019628224813442792, 'batch_size': 182, 'beta_1': 0.9410202200271762, 'beta_2': 0.9998021557676793, 'epsilon': 1.8662266976518e-08, 'hidden_layer_sizes': 147, 'learning_rate_init': 0.0005627932047415167, 'tol': 0.03690557729213761, 'validation_fraction': 0.8846827852548593}, {'alpha': 0.0019982467392329444, 'batch_size': 200, 'beta_1': 0.919111482530466, 'beta_2': 0.9998488260436156, 'epsilon': 5.981221901152555e-07, 'hidden_layer_sizes': 61, 'learning_rate_init': 2.2310905607443014e-05, 'tol': 1.2046852412030316e-05, 'validation_fraction': 0.8117896445826539}, {'alpha': 0.46659545670218433, 'batch_size': 219, 'beta_1': 0.9889789783750891, 'beta_2': 0.9999896868093284, 'epsilon': 2.4234724484675948e-08, 'hidden_layer_sizes': 167, 'learning_rate_init': 2.972334644335654e-05, 'tol': 0.0036281404040243792, 'validation_fraction': 0.17260651658522078}, {'alpha': 4.656005689076002, 'batch_size': 135, 'beta_1': 0.870503881627747, 'beta_2': 0.9948873266941017, 'epsilon': 2.1023308743480125e-07, 'hidden_layer_sizes': 118, 'learning_rate_init': 0.0018781738757161913, 'tol': 1.1889379831773004e-05, 'validation_fraction': 0.6264327093752792}, {'alpha': 0.04705159350400542, 'batch_size': 158, 'beta_1': 0.9870884262730957, 'beta_2': 0.9999596874382349, 'epsilon': 1.1981845126013875e-08, 'hidden_layer_sizes': 116, 'learning_rate_init': 0.00617340520407431, 'tol': 1.741413418158619e-05, 'validation_fraction': 0.6754299026638921}], [-0.41666666666666663, -0.275, -0.3416666666666667, -0.725, -0.875])
/home/ryedida/.local/lib/python3.9/site-packages/bayesmark/signatures.py:85: RuntimeWarning: Signature diverged on MLP-adam_iris_acc betwen [-0.52290909 -0.27918182 -0.34166667 -0.725      -0.91715152] and [-0.41666667 -0.275      -0.26133333 -0.68915152 -0.875     ]
  warnings.warn(

Signature errors:
                          0         1         2         3         4       max
MLP-adam_iris_acc  0.106242  0.004182  0.080333  0.035848  0.042152  0.106242
max                0.106242  0.004182  0.080333  0.035848  0.042152  0.106242
starting sklearn study hyperopt MLP-adam iris acc 15 1
with data root: None
suggestion time taken 0.002558 iter 0 next_points [{'alpha': 0.024130885672843605, 'batch_size': 233, 'beta_1': 0.7631898679017648, 'beta_2': 0.9756333883282214, 'epsilon': 1.865636554460902e-07, 'hidden_layer_sizes': 151, 'learning_rate_init': 0.03387409932079068, 'tol': 0.0010140779173992546, 'validation_fraction': 0.34287467459325055}]
/home/ryedida/.local/lib/python3.9/site-packages/sklearn/neural_network/_multilayer_perceptron.py:605: UserWarning: Got `batch_size` less than 1 or larger than sample size. It is going to be clipped
  warnings.warn(

function_evaluation time 0.074826 value -0.958333 suggestion {'alpha': 0.024130885672843605, 'batch_size': 233, 'beta_1': 0.7631898679017648, 'beta_2': 0.9756333883282214, 'epsilon': 1.865636554460902e-07, 'hidden_layer_sizes': 151, 'learning_rate_init': 0.03387409932079068, 'tol': 0.0010140779173992546, 'validation_fraction': 0.34287467459325055}
observation time 0.000075, current best -0.958333 at iter 0
suggestion time taken 0.002434 iter 1 next_points [{'alpha': 0.020331298112315058, 'batch_size': 12, 'beta_1': 0.5798260805965391, 'beta_2': 0.9029331067803792, 'epsilon': 9.932158412299693e-08, 'hidden_layer_sizes': 159, 'learning_rate_init': 0.0008493311695748387, 'tol': 2.50506843377399e-05, 'validation_fraction': 0.8043696399299674}]
function_evaluation time 0.116693 value -0.858333 suggestion {'alpha': 0.020331298112315058, 'batch_size': 12, 'beta_1': 0.5798260805965391, 'beta_2': 0.9029331067803792, 'epsilon': 9.932158412299693e-08, 'hidden_layer_sizes': 159, 'learning_rate_init': 0.0008493311695748387, 'tol': 2.50506843377399e-05, 'validation_fraction': 0.8043696399299674}
observation time 0.000073, current best -0.958333 at iter 1
suggestion time taken 0.002116 iter 2 next_points [{'alpha': 0.01143791922195401, 'batch_size': 85, 'beta_1': 0.8147233546129797, 'beta_2': 0.9720106566499167, 'epsilon': 8.304921723979773e-09, 'hidden_layer_sizes': 109, 'learning_rate_init': 0.019291426341277302, 'tol': 0.00010140318279155436, 'validation_fraction': 0.3146567354541708}]
/home/ryedida/.local/lib/python3.9/site-packages/sklearn/neural_network/_multilayer_perceptron.py:605: UserWarning: Got `batch_size` less than 1 or larger than sample size. It is going to be clipped
  warnings.warn(

function_evaluation time 0.074471 value -0.950000 suggestion {'alpha': 0.01143791922195401, 'batch_size': 85, 'beta_1': 0.8147233546129797, 'beta_2': 0.9720106566499167, 'epsilon': 8.304921723979773e-09, 'hidden_layer_sizes': 109, 'learning_rate_init': 0.019291426341277302, 'tol': 0.00010140318279155436, 'validation_fraction': 0.3146567354541708}
observation time 0.000070, current best -0.958333 at iter 2
suggestion time taken 0.002654 iter 3 next_points [{'alpha': 3.841263276780135e-05, 'batch_size': 170, 'beta_1': 0.5762185487506366, 'beta_2': 0.921766818083348, 'epsilon': 6.388697491854439e-07, 'hidden_layer_sizes': 112, 'learning_rate_init': 0.00015578603802777127, 'tol': 1.6571871047540148e-05, 'validation_fraction': 0.13905566852644174}]
/home/ryedida/.local/lib/python3.9/site-packages/sklearn/neural_network/_multilayer_perceptron.py:605: UserWarning: Got `batch_size` less than 1 or larger than sample size. It is going to be clipped
  warnings.warn(

function_evaluation time 0.048397 value -0.325000 suggestion {'alpha': 3.841263276780135e-05, 'batch_size': 170, 'beta_1': 0.5762185487506366, 'beta_2': 0.921766818083348, 'epsilon': 6.388697491854439e-07, 'hidden_layer_sizes': 112, 'learning_rate_init': 0.00015578603802777127, 'tol': 1.6571871047540148e-05, 'validation_fraction': 0.13905566852644174}
observation time 0.000072, current best -0.958333 at iter 3
suggestion time taken 0.002130 iter 4 next_points [{'alpha': 0.31741944425776003, 'batch_size': 71, 'beta_1': 0.9708403008959949, 'beta_2': 0.9749074417127684, 'epsilon': 1.9964250270790643e-08, 'hidden_layer_sizes': 185, 'learning_rate_init': 0.031970120585368265, 'tol': 0.04423686754127655, 'validation_fraction': 0.3583784351761453}]
function_evaluation time 0.075884 value -0.966667 suggestion {'alpha': 0.31741944425776003, 'batch_size': 71, 'beta_1': 0.9708403008959949, 'beta_2': 0.9749074417127684, 'epsilon': 1.9964250270790643e-08, 'hidden_layer_sizes': 185, 'learning_rate_init': 0.031970120585368265, 'tol': 0.04423686754127655, 'validation_fraction': 0.3583784351761453}
observation time 0.000071, current best -0.966667 at iter 4
suggestion time taken 0.002180 iter 5 next_points [{'alpha': 0.0016028652797441556, 'batch_size': 226, 'beta_1': 0.5334781180476849, 'beta_2': 0.9814706904250925, 'epsilon': 5.484994186274605e-08, 'hidden_layer_sizes': 158, 'learning_rate_init': 0.0009689472312987825, 'tol': 2.0130083857500434e-05, 'validation_fraction': 0.4799980847313961}]
/home/ryedida/.local/lib/python3.9/site-packages/sklearn/neural_network/_multilayer_perceptron.py:605: UserWarning: Got `batch_size` less than 1 or larger than sample size. It is going to be clipped
  warnings.warn(

function_evaluation time 0.072755 value -0.741667 suggestion {'alpha': 0.0016028652797441556, 'batch_size': 226, 'beta_1': 0.5334781180476849, 'beta_2': 0.9814706904250925, 'epsilon': 5.484994186274605e-08, 'hidden_layer_sizes': 158, 'learning_rate_init': 0.0009689472312987825, 'tol': 2.0130083857500434e-05, 'validation_fraction': 0.4799980847313961}
observation time 0.000072, current best -0.966667 at iter 5
suggestion time taken 0.002175 iter 6 next_points [{'alpha': 1.2364088306340024e-05, 'batch_size': 144, 'beta_1': 0.7848559756153789, 'beta_2': 0.9056113819367959, 'epsilon': 1.726970433382733e-08, 'hidden_layer_sizes': 196, 'learning_rate_init': 0.0042163682189505355, 'tol': 0.003913378708660485, 'validation_fraction': 0.5745616333065264}]
/home/ryedida/.local/lib/python3.9/site-packages/sklearn/neural_network/_multilayer_perceptron.py:605: UserWarning: Got `batch_size` less than 1 or larger than sample size. It is going to be clipped
  warnings.warn(

function_evaluation time 0.086126 value -0.875000 suggestion {'alpha': 1.2364088306340024e-05, 'batch_size': 144, 'beta_1': 0.7848559756153789, 'beta_2': 0.9056113819367959, 'epsilon': 1.726970433382733e-08, 'hidden_layer_sizes': 196, 'learning_rate_init': 0.0042163682189505355, 'tol': 0.003913378708660485, 'validation_fraction': 0.5745616333065264}
observation time 0.000078, current best -0.966667 at iter 6
suggestion time taken 0.002257 iter 7 next_points [{'alpha': 0.0006443491055254022, 'batch_size': 160, 'beta_1': 0.9034997277217265, 'beta_2': 0.9631456732776276, 'epsilon': 6.024173298080649e-09, 'hidden_layer_sizes': 56, 'learning_rate_init': 0.0001838314781711618, 'tol': 1.283033631951176e-05, 'validation_fraction': 0.3074176122676736}]
/home/ryedida/.local/lib/python3.9/site-packages/sklearn/neural_network/_multilayer_perceptron.py:605: UserWarning: Got `batch_size` less than 1 or larger than sample size. It is going to be clipped
  warnings.warn(

function_evaluation time 0.039242 value -0.283333 suggestion {'alpha': 0.0006443491055254022, 'batch_size': 160, 'beta_1': 0.9034997277217265, 'beta_2': 0.9631456732776276, 'epsilon': 6.024173298080649e-09, 'hidden_layer_sizes': 56, 'learning_rate_init': 0.0001838314781711618, 'tol': 1.283033631951176e-05, 'validation_fraction': 0.3074176122676736}
observation time 0.000071, current best -0.966667 at iter 7
suggestion time taken 0.002127 iter 8 next_points [{'alpha': 0.18795123674488248, 'batch_size': 23, 'beta_1': 0.6342057827473788, 'beta_2': 0.974469975224427, 'epsilon': 2.6048143402727195e-09, 'hidden_layer_sizes': 154, 'learning_rate_init': 0.06173183620111687, 'tol': 0.0009232863179580856, 'validation_fraction': 0.3923733975309339}]
function_evaluation time 0.089952 value -0.941667 suggestion {'alpha': 0.18795123674488248, 'batch_size': 23, 'beta_1': 0.6342057827473788, 'beta_2': 0.974469975224427, 'epsilon': 2.6048143402727195e-09, 'hidden_layer_sizes': 154, 'learning_rate_init': 0.06173183620111687, 'tol': 0.0009232863179580856, 'validation_fraction': 0.3923733975309339}
observation time 0.000074, current best -0.966667 at iter 8
suggestion time taken 0.002117 iter 9 next_points [{'alpha': 0.0023141876183974883, 'batch_size': 172, 'beta_1': 0.9744884415046527, 'beta_2': 0.9641951001745783, 'epsilon': 1.260270884809899e-09, 'hidden_layer_sizes': 150, 'learning_rate_init': 6.904421963497755e-05, 'tol': 0.00010486224668314513, 'validation_fraction': 0.20526805071481333}]
/home/ryedida/.local/lib/python3.9/site-packages/sklearn/neural_network/_multilayer_perceptron.py:605: UserWarning: Got `batch_size` less than 1 or larger than sample size. It is going to be clipped
  warnings.warn(

function_evaluation time 0.043998 value -0.441667 suggestion {'alpha': 0.0023141876183974883, 'batch_size': 172, 'beta_1': 0.9744884415046527, 'beta_2': 0.9641951001745783, 'epsilon': 1.260270884809899e-09, 'hidden_layer_sizes': 150, 'learning_rate_init': 6.904421963497755e-05, 'tol': 0.00010486224668314513, 'validation_fraction': 0.20526805071481333}
observation time 0.000074, current best -0.966667 at iter 9
suggestion time taken 0.002135 iter 10 next_points [{'alpha': 0.002049841083355954, 'batch_size': 248, 'beta_1': 0.6427094396137264, 'beta_2': 0.9787786468607526, 'epsilon': 1.3170236802732284e-09, 'hidden_layer_sizes': 119, 'learning_rate_init': 0.006568608501090772, 'tol': 7.811882084301174e-05, 'validation_fraction': 0.6405197667667852}]
/home/ryedida/.local/lib/python3.9/site-packages/sklearn/neural_network/_multilayer_perceptron.py:605: UserWarning: Got `batch_size` less than 1 or larger than sample size. It is going to be clipped
  warnings.warn(

function_evaluation time 0.076250 value -0.875000 suggestion {'alpha': 0.002049841083355954, 'batch_size': 248, 'beta_1': 0.6427094396137264, 'beta_2': 0.9787786468607526, 'epsilon': 1.3170236802732284e-09, 'hidden_layer_sizes': 119, 'learning_rate_init': 0.006568608501090772, 'tol': 7.811882084301174e-05, 'validation_fraction': 0.6405197667667852}
observation time 0.000080, current best -0.966667 at iter 10
suggestion time taken 0.002151 iter 11 next_points [{'alpha': 2.2890063757553584e-05, 'batch_size': 224, 'beta_1': 0.8451190411553152, 'beta_2': 0.9645758701311736, 'epsilon': 2.050410874233664e-09, 'hidden_layer_sizes': 153, 'learning_rate_init': 0.0006412353664505622, 'tol': 1.2468051101566785e-05, 'validation_fraction': 0.5075323696203963}]
/home/ryedida/.local/lib/python3.9/site-packages/sklearn/neural_network/_multilayer_perceptron.py:605: UserWarning: Got `batch_size` less than 1 or larger than sample size. It is going to be clipped
  warnings.warn(

function_evaluation time 0.075906 value -0.666667 suggestion {'alpha': 2.2890063757553584e-05, 'batch_size': 224, 'beta_1': 0.8451190411553152, 'beta_2': 0.9645758701311736, 'epsilon': 2.050410874233664e-09, 'hidden_layer_sizes': 153, 'learning_rate_init': 0.0006412353664505622, 'tol': 1.2468051101566785e-05, 'validation_fraction': 0.5075323696203963}
observation time 0.000076, current best -0.966667 at iter 11
suggestion time taken 0.002332 iter 12 next_points [{'alpha': 0.0012349792514886322, 'batch_size': 101, 'beta_1': 0.6666421289462454, 'beta_2': 0.9818833993154712, 'epsilon': 2.3081361436813976e-07, 'hidden_layer_sizes': 68, 'learning_rate_init': 1.0432418293892777e-05, 'tol': 1.8965324034040196e-05, 'validation_fraction': 0.33210617919993773}]
/home/ryedida/.local/lib/python3.9/site-packages/sklearn/neural_network/_multilayer_perceptron.py:605: UserWarning: Got `batch_size` less than 1 or larger than sample size. It is going to be clipped
  warnings.warn(

function_evaluation time 0.039754 value -0.400000 suggestion {'alpha': 0.0012349792514886322, 'batch_size': 101, 'beta_1': 0.6666421289462454, 'beta_2': 0.9818833993154712, 'epsilon': 2.3081361436813976e-07, 'hidden_layer_sizes': 68, 'learning_rate_init': 1.0432418293892777e-05, 'tol': 1.8965324034040196e-05, 'validation_fraction': 0.33210617919993773}
observation time 0.000078, current best -0.966667 at iter 12
suggestion time taken 0.002212 iter 13 next_points [{'alpha': 6.486684708526112e-05, 'batch_size': 126, 'beta_1': 0.8900236400853532, 'beta_2': 0.933597626555473, 'epsilon': 8.785588813713783e-08, 'hidden_layer_sizes': 71, 'learning_rate_init': 0.01118950787135856, 'tol': 0.015215103248523555, 'validation_fraction': 0.6378673442498157}]
/home/ryedida/.local/lib/python3.9/site-packages/sklearn/neural_network/_multilayer_perceptron.py:605: UserWarning: Got `batch_size` less than 1 or larger than sample size. It is going to be clipped
  warnings.warn(

function_evaluation time 0.091954 value -0.933333 suggestion {'alpha': 6.486684708526112e-05, 'batch_size': 126, 'beta_1': 0.8900236400853532, 'beta_2': 0.933597626555473, 'epsilon': 8.785588813713783e-08, 'hidden_layer_sizes': 71, 'learning_rate_init': 0.01118950787135856, 'tol': 0.015215103248523555, 'validation_fraction': 0.6378673442498157}
observation time 0.000077, current best -0.966667 at iter 13
suggestion time taken 0.002164 iter 14 next_points [{'alpha': 8.479892703883491, 'batch_size': 237, 'beta_1': 0.6173344762887127, 'beta_2': 0.9097218012274236, 'epsilon': 7.946770727378554e-07, 'hidden_layer_sizes': 90, 'learning_rate_init': 6.827478316317743e-05, 'tol': 6.266423032467537e-05, 'validation_fraction': 0.17944010701956936}]
/home/ryedida/.local/lib/python3.9/site-packages/sklearn/neural_network/_multilayer_perceptron.py:605: UserWarning: Got `batch_size` less than 1 or larger than sample size. It is going to be clipped
  warnings.warn(

function_evaluation time 0.042209 value -0.200000 suggestion {'alpha': 8.479892703883491, 'batch_size': 237, 'beta_1': 0.6173344762887127, 'beta_2': 0.9097218012274236, 'epsilon': 7.946770727378554e-07, 'hidden_layer_sizes': 90, 'learning_rate_init': 6.827478316317743e-05, 'tol': 6.266423032467537e-05, 'validation_fraction': 0.17944010701956936}
observation time 0.000079, current best -0.966667 at iter 14
saving meta data: {'args': {'--uuid': '6df5331daec3527b9186db03160bd441', '-db-root': '/home/ryedida/bbo_challenge_starter_kit/output', '--opt-root': '/home/ryedida/bbo_challenge_starter_kit/example_submissions', '--data-root': None, '--db': 'run_20230424_015942', '--opt': 'hyperopt', '--data': 'iris', '--classifier': 'MLP-adam', '--metric': 'acc', '--calls': 15, '--suggestions': 1, '--jobs-file': None, '--verbose': False, 'dry_run': False, 'rev': 'a376313', 'opt_rev': '0.2.7'}, 'signature': ([{'alpha': 0.019628224813442792, 'batch_size': 182, 'beta_1': 0.9410202200271762, 'beta_2': 0.9998021557676793, 'epsilon': 1.8662266976518e-08, 'hidden_layer_sizes': 147, 'learning_rate_init': 0.0005627932047415167, 'tol': 0.03690557729213761, 'validation_fraction': 0.8846827852548593}, {'alpha': 0.0019982467392329444, 'batch_size': 200, 'beta_1': 0.919111482530466, 'beta_2': 0.9998488260436156, 'epsilon': 5.981221901152555e-07, 'hidden_layer_sizes': 61, 'learning_rate_init': 2.2310905607443014e-05, 'tol': 1.2046852412030316e-05, 'validation_fraction': 0.8117896445826539}, {'alpha': 0.46659545670218433, 'batch_size': 219, 'beta_1': 0.9889789783750891, 'beta_2': 0.9999896868093284, 'epsilon': 2.4234724484675948e-08, 'hidden_layer_sizes': 167, 'learning_rate_init': 2.972334644335654e-05, 'tol': 0.0036281404040243792, 'validation_fraction': 0.17260651658522078}, {'alpha': 4.656005689076002, 'batch_size': 135, 'beta_1': 0.870503881627747, 'beta_2': 0.9948873266941017, 'epsilon': 2.1023308743480125e-07, 'hidden_layer_sizes': 118, 'learning_rate_init': 0.0018781738757161913, 'tol': 1.1889379831773004e-05, 'validation_fraction': 0.6264327093752792}, {'alpha': 0.04705159350400542, 'batch_size': 158, 'beta_1': 0.9870884262730957, 'beta_2': 0.9999596874382349, 'epsilon': 1.1981845126013875e-08, 'hidden_layer_sizes': 116, 'learning_rate_init': 0.00617340520407431, 'tol': 1.741413418158619e-05, 'validation_fraction': 0.6754299026638921}], [-0.41666666666666663, -0.275, -0.3416666666666667, -0.725, -0.875])}
saving results
saving timing
saving suggest log
done
