running: {'--uuid': '79b2337219905ca0ae10d17200c7ed2e', '-db-root': '/home/ryedida/bbo_challenge_starter_kit/output', '--opt-root': '/home/ryedida/bbo_challenge_starter_kit/example_submissions', '--data-root': None, '--db': 'run_20230424_015942', '--opt': 'random-search', '--data': 'iris', '--classifier': 'MLP-adam', '--metric': 'acc', '--calls': 15, '--suggestions': 1, '--jobs-file': None, '--verbose': False, 'dry_run': False, 'rev': 'a376313', 'opt_rev': '0.0.8'}
cmd: python random-search/optimizer.py -c MLP-adam -d iris -o random-search -u 79b2337219905ca0ae10d17200c7ed2e -m acc -n 15 -p 1 -dir /home/ryedida/bbo_challenge_starter_kit/output -b run_20230424_015942
/home/ryedida/.local/lib/python3.9/site-packages/sklearn/neural_network/_multilayer_perceptron.py:605: UserWarning: Got `batch_size` less than 1 or larger than sample size. It is going to be clipped
  warnings.warn(

/home/ryedida/.local/lib/python3.9/site-packages/sklearn/neural_network/_multilayer_perceptron.py:605: UserWarning: Got `batch_size` less than 1 or larger than sample size. It is going to be clipped
  warnings.warn(

/home/ryedida/.local/lib/python3.9/site-packages/sklearn/neural_network/_multilayer_perceptron.py:605: UserWarning: Got `batch_size` less than 1 or larger than sample size. It is going to be clipped
  warnings.warn(

/home/ryedida/.local/lib/python3.9/site-packages/sklearn/neural_network/_multilayer_perceptron.py:605: UserWarning: Got `batch_size` less than 1 or larger than sample size. It is going to be clipped
  warnings.warn(

/home/ryedida/.local/lib/python3.9/site-packages/sklearn/neural_network/_multilayer_perceptron.py:605: UserWarning: Got `batch_size` less than 1 or larger than sample size. It is going to be clipped
  warnings.warn(

computed signature: ([{'alpha': 0.019628224813442792, 'batch_size': 182, 'beta_1': 0.9410202200271762, 'beta_2': 0.9998021557676793, 'epsilon': 1.8662266976518e-08, 'hidden_layer_sizes': 147, 'learning_rate_init': 0.0005627932047415167, 'tol': 0.03690557729213761, 'validation_fraction': 0.8846827852548593}, {'alpha': 0.0019982467392329444, 'batch_size': 200, 'beta_1': 0.919111482530466, 'beta_2': 0.9998488260436156, 'epsilon': 5.981221901152555e-07, 'hidden_layer_sizes': 61, 'learning_rate_init': 2.2310905607443014e-05, 'tol': 1.2046852412030316e-05, 'validation_fraction': 0.8117896445826539}, {'alpha': 0.46659545670218433, 'batch_size': 219, 'beta_1': 0.9889789783750891, 'beta_2': 0.9999896868093284, 'epsilon': 2.4234724484675948e-08, 'hidden_layer_sizes': 167, 'learning_rate_init': 2.972334644335654e-05, 'tol': 0.0036281404040243792, 'validation_fraction': 0.17260651658522078}, {'alpha': 4.656005689076002, 'batch_size': 135, 'beta_1': 0.870503881627747, 'beta_2': 0.9948873266941017, 'epsilon': 2.1023308743480125e-07, 'hidden_layer_sizes': 118, 'learning_rate_init': 0.0018781738757161913, 'tol': 1.1889379831773004e-05, 'validation_fraction': 0.6264327093752792}, {'alpha': 0.04705159350400542, 'batch_size': 158, 'beta_1': 0.9870884262730957, 'beta_2': 0.9999596874382349, 'epsilon': 1.1981845126013875e-08, 'hidden_layer_sizes': 116, 'learning_rate_init': 0.00617340520407431, 'tol': 1.741413418158619e-05, 'validation_fraction': 0.6754299026638921}], [-0.41666666666666663, -0.275, -0.3416666666666667, -0.725, -0.875])
/home/ryedida/.local/lib/python3.9/site-packages/bayesmark/signatures.py:85: RuntimeWarning: Signature diverged on MLP-adam_iris_acc betwen [-0.52290909 -0.27918182 -0.34166667 -0.725      -0.91715152] and [-0.41666667 -0.275      -0.26133333 -0.68915152 -0.875     ]
  warnings.warn(

Signature errors:
                          0         1         2         3         4       max
MLP-adam_iris_acc  0.106242  0.004182  0.080333  0.035848  0.042152  0.106242
max                0.106242  0.004182  0.080333  0.035848  0.042152  0.106242
starting sklearn study random-search MLP-adam iris acc 15 1
with data root: None
suggestion time taken 0.002476 iter 0 next_points [{'alpha': 0.0027259996048143668, 'batch_size': 165, 'beta_1': 0.9592163243118565, 'beta_2': 0.9999526599988718, 'epsilon': 5.461324186092585e-07, 'hidden_layer_sizes': 114, 'learning_rate_init': 0.00961289442897597, 'tol': 4.037241587730193e-05, 'validation_fraction': 0.19915499844539883}]
/home/ryedida/.local/lib/python3.9/site-packages/sklearn/neural_network/_multilayer_perceptron.py:605: UserWarning: Got `batch_size` less than 1 or larger than sample size. It is going to be clipped
  warnings.warn(

function_evaluation time 0.069381 value -0.833333 suggestion {'alpha': 0.0027259996048143668, 'batch_size': 165, 'beta_1': 0.9592163243118565, 'beta_2': 0.9999526599988718, 'epsilon': 5.461324186092585e-07, 'hidden_layer_sizes': 114, 'learning_rate_init': 0.00961289442897597, 'tol': 4.037241587730193e-05, 'validation_fraction': 0.19915499844539883}
observation time 0.000006, current best -0.833333 at iter 0
suggestion time taken 0.002444 iter 1 next_points [{'alpha': 0.6797731513787656, 'batch_size': 218, 'beta_1': 0.7302067652288473, 'beta_2': 0.9999986116488206, 'epsilon': 6.418126380473351e-07, 'hidden_layer_sizes': 184, 'learning_rate_init': 0.005946512376409548, 'tol': 1.3852903362459465e-05, 'validation_fraction': 0.8287029338860099}]
/home/ryedida/.local/lib/python3.9/site-packages/sklearn/neural_network/_multilayer_perceptron.py:605: UserWarning: Got `batch_size` less than 1 or larger than sample size. It is going to be clipped
  warnings.warn(

function_evaluation time 0.092541 value -0.900000 suggestion {'alpha': 0.6797731513787656, 'batch_size': 218, 'beta_1': 0.7302067652288473, 'beta_2': 0.9999986116488206, 'epsilon': 6.418126380473351e-07, 'hidden_layer_sizes': 184, 'learning_rate_init': 0.005946512376409548, 'tol': 1.3852903362459465e-05, 'validation_fraction': 0.8287029338860099}
observation time 0.000004, current best -0.900000 at iter 1
suggestion time taken 0.002391 iter 2 next_points [{'alpha': 2.505701455340148, 'batch_size': 50, 'beta_1': 0.6204086291769445, 'beta_2': 0.9999931732469088, 'epsilon': 9.530887822463024e-09, 'hidden_layer_sizes': 118, 'learning_rate_init': 0.0002887526843659317, 'tol': 0.011854820101319778, 'validation_fraction': 0.22050377370751206}]
function_evaluation time 0.064521 value -0.333333 suggestion {'alpha': 2.505701455340148, 'batch_size': 50, 'beta_1': 0.6204086291769445, 'beta_2': 0.9999931732469088, 'epsilon': 9.530887822463024e-09, 'hidden_layer_sizes': 118, 'learning_rate_init': 0.0002887526843659317, 'tol': 0.011854820101319778, 'validation_fraction': 0.22050377370751206}
observation time 0.000004, current best -0.900000 at iter 2
suggestion time taken 0.002722 iter 3 next_points [{'alpha': 1.0347716867431869, 'batch_size': 220, 'beta_1': 0.9681118728205996, 'beta_2': 0.9888126359632303, 'epsilon': 6.140481742537693e-08, 'hidden_layer_sizes': 199, 'learning_rate_init': 0.07930951713594817, 'tol': 0.0003496056583026729, 'validation_fraction': 0.11502134341942959}]
/home/ryedida/.local/lib/python3.9/site-packages/sklearn/neural_network/_multilayer_perceptron.py:605: UserWarning: Got `batch_size` less than 1 or larger than sample size. It is going to be clipped
  warnings.warn(

function_evaluation time 0.085651 value -0.891667 suggestion {'alpha': 1.0347716867431869, 'batch_size': 220, 'beta_1': 0.9681118728205996, 'beta_2': 0.9888126359632303, 'epsilon': 6.140481742537693e-08, 'hidden_layer_sizes': 199, 'learning_rate_init': 0.07930951713594817, 'tol': 0.0003496056583026729, 'validation_fraction': 0.11502134341942959}
observation time 0.000005, current best -0.900000 at iter 3
suggestion time taken 0.002508 iter 4 next_points [{'alpha': 0.0002060448497967952, 'batch_size': 68, 'beta_1': 0.7808149956837308, 'beta_2': 0.9999871096040753, 'epsilon': 4.753774054275256e-09, 'hidden_layer_sizes': 116, 'learning_rate_init': 0.00022158338743456292, 'tol': 0.07385774192432217, 'validation_fraction': 0.14738024986384793}]
function_evaluation time 0.057958 value -0.341667 suggestion {'alpha': 0.0002060448497967952, 'batch_size': 68, 'beta_1': 0.7808149956837308, 'beta_2': 0.9999871096040753, 'epsilon': 4.753774054275256e-09, 'hidden_layer_sizes': 116, 'learning_rate_init': 0.00022158338743456292, 'tol': 0.07385774192432217, 'validation_fraction': 0.14738024986384793}
observation time 0.000005, current best -0.900000 at iter 4
suggestion time taken 0.002469 iter 5 next_points [{'alpha': 0.33910222913150856, 'batch_size': 59, 'beta_1': 0.985438325838018, 'beta_2': 0.9997886971873666, 'epsilon': 5.354685401526343e-09, 'hidden_layer_sizes': 83, 'learning_rate_init': 0.0008413804057094728, 'tol': 0.0006244835003356678, 'validation_fraction': 0.22837046594985017}]
function_evaluation time 0.077140 value -0.566667 suggestion {'alpha': 0.33910222913150856, 'batch_size': 59, 'beta_1': 0.985438325838018, 'beta_2': 0.9997886971873666, 'epsilon': 5.354685401526343e-09, 'hidden_layer_sizes': 83, 'learning_rate_init': 0.0008413804057094728, 'tol': 0.0006244835003356678, 'validation_fraction': 0.22837046594985017}
observation time 0.000005, current best -0.900000 at iter 5
suggestion time taken 0.002457 iter 6 next_points [{'alpha': 0.04506749030417979, 'batch_size': 139, 'beta_1': 0.8336827188743778, 'beta_2': 0.9999878256922751, 'epsilon': 6.954724814785706e-09, 'hidden_layer_sizes': 168, 'learning_rate_init': 0.03042431514232478, 'tol': 0.07780945724678404, 'validation_fraction': 0.48291404821694583}]
/home/ryedida/.local/lib/python3.9/site-packages/sklearn/neural_network/_multilayer_perceptron.py:605: UserWarning: Got `batch_size` less than 1 or larger than sample size. It is going to be clipped
  warnings.warn(

function_evaluation time 0.069999 value -0.958333 suggestion {'alpha': 0.04506749030417979, 'batch_size': 139, 'beta_1': 0.8336827188743778, 'beta_2': 0.9999878256922751, 'epsilon': 6.954724814785706e-09, 'hidden_layer_sizes': 168, 'learning_rate_init': 0.03042431514232478, 'tol': 0.07780945724678404, 'validation_fraction': 0.48291404821694583}
observation time 0.000005, current best -0.958333 at iter 6
suggestion time taken 0.002488 iter 7 next_points [{'alpha': 1.8003937713643554e-05, 'batch_size': 21, 'beta_1': 0.8143078832993598, 'beta_2': 0.9999978612320861, 'epsilon': 3.097340025825617e-07, 'hidden_layer_sizes': 160, 'learning_rate_init': 0.05155944319545499, 'tol': 0.002728025864510887, 'validation_fraction': 0.7363742591583969}]
function_evaluation time 0.105045 value -0.950000 suggestion {'alpha': 1.8003937713643554e-05, 'batch_size': 21, 'beta_1': 0.8143078832993598, 'beta_2': 0.9999978612320861, 'epsilon': 3.097340025825617e-07, 'hidden_layer_sizes': 160, 'learning_rate_init': 0.05155944319545499, 'tol': 0.002728025864510887, 'validation_fraction': 0.7363742591583969}
observation time 0.000005, current best -0.958333 at iter 7
suggestion time taken 0.002467 iter 8 next_points [{'alpha': 0.028652209985088092, 'batch_size': 132, 'beta_1': 0.9824158452090311, 'beta_2': 0.9999779571129344, 'epsilon': 4.995355828995454e-07, 'hidden_layer_sizes': 200, 'learning_rate_init': 0.01890830840513512, 'tol': 7.716004633474847e-05, 'validation_fraction': 0.4725188505781834}]
/home/ryedida/.local/lib/python3.9/site-packages/sklearn/neural_network/_multilayer_perceptron.py:605: UserWarning: Got `batch_size` less than 1 or larger than sample size. It is going to be clipped
  warnings.warn(

function_evaluation time 0.091299 value -0.941667 suggestion {'alpha': 0.028652209985088092, 'batch_size': 132, 'beta_1': 0.9824158452090311, 'beta_2': 0.9999779571129344, 'epsilon': 4.995355828995454e-07, 'hidden_layer_sizes': 200, 'learning_rate_init': 0.01890830840513512, 'tol': 7.716004633474847e-05, 'validation_fraction': 0.4725188505781834}
observation time 0.000004, current best -0.958333 at iter 8
suggestion time taken 0.002719 iter 9 next_points [{'alpha': 0.0034900993738277894, 'batch_size': 35, 'beta_1': 0.5603196131593138, 'beta_2': 0.9997405097098453, 'epsilon': 7.409562475202881e-08, 'hidden_layer_sizes': 140, 'learning_rate_init': 0.05383936905494319, 'tol': 1.1912740881173552e-05, 'validation_fraction': 0.7477375980558416}]
/home/ryedida/.local/lib/python3.9/site-packages/sklearn/neural_network/_multilayer_perceptron.py:605: UserWarning: Got `batch_size` less than 1 or larger than sample size. It is going to be clipped
  warnings.warn(

function_evaluation time 0.075269 value -0.941667 suggestion {'alpha': 0.0034900993738277894, 'batch_size': 35, 'beta_1': 0.5603196131593138, 'beta_2': 0.9997405097098453, 'epsilon': 7.409562475202881e-08, 'hidden_layer_sizes': 140, 'learning_rate_init': 0.05383936905494319, 'tol': 1.1912740881173552e-05, 'validation_fraction': 0.7477375980558416}
observation time 0.000005, current best -0.958333 at iter 9
suggestion time taken 0.002494 iter 10 next_points [{'alpha': 0.0002043999006815649, 'batch_size': 47, 'beta_1': 0.786796694613332, 'beta_2': 0.9533068885882289, 'epsilon': 2.2541598501149494e-08, 'hidden_layer_sizes': 140, 'learning_rate_init': 0.0012563603462505985, 'tol': 0.05049044966473446, 'validation_fraction': 0.2015613091037826}]
function_evaluation time 0.093659 value -0.700000 suggestion {'alpha': 0.0002043999006815649, 'batch_size': 47, 'beta_1': 0.786796694613332, 'beta_2': 0.9533068885882289, 'epsilon': 2.2541598501149494e-08, 'hidden_layer_sizes': 140, 'learning_rate_init': 0.0012563603462505985, 'tol': 0.05049044966473446, 'validation_fraction': 0.2015613091037826}
observation time 0.000005, current best -0.958333 at iter 10
suggestion time taken 0.002498 iter 11 next_points [{'alpha': 0.7614449421358702, 'batch_size': 164, 'beta_1': 0.9772363301989125, 'beta_2': 0.9997159124762984, 'epsilon': 6.573239522757788e-07, 'hidden_layer_sizes': 165, 'learning_rate_init': 1.266534093741525e-05, 'tol': 0.00047817387508268126, 'validation_fraction': 0.11036092397208701}]
/home/ryedida/.local/lib/python3.9/site-packages/sklearn/neural_network/_multilayer_perceptron.py:605: UserWarning: Got `batch_size` less than 1 or larger than sample size. It is going to be clipped
  warnings.warn(

function_evaluation time 0.045368 value -0.383333 suggestion {'alpha': 0.7614449421358702, 'batch_size': 164, 'beta_1': 0.9772363301989125, 'beta_2': 0.9997159124762984, 'epsilon': 6.573239522757788e-07, 'hidden_layer_sizes': 165, 'learning_rate_init': 1.266534093741525e-05, 'tol': 0.00047817387508268126, 'validation_fraction': 0.11036092397208701}
observation time 0.000004, current best -0.958333 at iter 11
suggestion time taken 0.002510 iter 12 next_points [{'alpha': 0.16800564677982738, 'batch_size': 43, 'beta_1': 0.7383345304066163, 'beta_2': 0.9999981484025806, 'epsilon': 1.1106820621550863e-08, 'hidden_layer_sizes': 149, 'learning_rate_init': 0.056500991226624026, 'tol': 0.0701700626846379, 'validation_fraction': 0.7640808349655794}]
/home/ryedida/.local/lib/python3.9/site-packages/sklearn/neural_network/_multilayer_perceptron.py:605: UserWarning: Got `batch_size` less than 1 or larger than sample size. It is going to be clipped
  warnings.warn(

function_evaluation time 0.060992 value -0.891667 suggestion {'alpha': 0.16800564677982738, 'batch_size': 43, 'beta_1': 0.7383345304066163, 'beta_2': 0.9999981484025806, 'epsilon': 1.1106820621550863e-08, 'hidden_layer_sizes': 149, 'learning_rate_init': 0.056500991226624026, 'tol': 0.0701700626846379, 'validation_fraction': 0.7640808349655794}
observation time 0.000005, current best -0.958333 at iter 12
suggestion time taken 0.002743 iter 13 next_points [{'alpha': 0.06819707963286309, 'batch_size': 142, 'beta_1': 0.9785350770239509, 'beta_2': 0.9978722660355251, 'epsilon': 5.339823592592858e-09, 'hidden_layer_sizes': 73, 'learning_rate_init': 0.004008716601202808, 'tol': 0.011631867020149924, 'validation_fraction': 0.33390156937715176}]
/home/ryedida/.local/lib/python3.9/site-packages/sklearn/neural_network/_multilayer_perceptron.py:605: UserWarning: Got `batch_size` less than 1 or larger than sample size. It is going to be clipped
  warnings.warn(

function_evaluation time 0.073494 value -0.766667 suggestion {'alpha': 0.06819707963286309, 'batch_size': 142, 'beta_1': 0.9785350770239509, 'beta_2': 0.9978722660355251, 'epsilon': 5.339823592592858e-09, 'hidden_layer_sizes': 73, 'learning_rate_init': 0.004008716601202808, 'tol': 0.011631867020149924, 'validation_fraction': 0.33390156937715176}
observation time 0.000005, current best -0.958333 at iter 13
suggestion time taken 0.002468 iter 14 next_points [{'alpha': 0.05119554853165209, 'batch_size': 194, 'beta_1': 0.8550287794438282, 'beta_2': 0.9996988070673325, 'epsilon': 2.0305806479816024e-09, 'hidden_layer_sizes': 176, 'learning_rate_init': 1.2590630921394181e-05, 'tol': 2.617735834193827e-05, 'validation_fraction': 0.10614190972497921}]
/home/ryedida/.local/lib/python3.9/site-packages/sklearn/neural_network/_multilayer_perceptron.py:605: UserWarning: Got `batch_size` less than 1 or larger than sample size. It is going to be clipped
  warnings.warn(

function_evaluation time 0.046714 value -0.383333 suggestion {'alpha': 0.05119554853165209, 'batch_size': 194, 'beta_1': 0.8550287794438282, 'beta_2': 0.9996988070673325, 'epsilon': 2.0305806479816024e-09, 'hidden_layer_sizes': 176, 'learning_rate_init': 1.2590630921394181e-05, 'tol': 2.617735834193827e-05, 'validation_fraction': 0.10614190972497921}
observation time 0.000005, current best -0.958333 at iter 14
saving meta data: {'args': {'--uuid': '79b2337219905ca0ae10d17200c7ed2e', '-db-root': '/home/ryedida/bbo_challenge_starter_kit/output', '--opt-root': '/home/ryedida/bbo_challenge_starter_kit/example_submissions', '--data-root': None, '--db': 'run_20230424_015942', '--opt': 'random-search', '--data': 'iris', '--classifier': 'MLP-adam', '--metric': 'acc', '--calls': 15, '--suggestions': 1, '--jobs-file': None, '--verbose': False, 'dry_run': False, 'rev': 'a376313', 'opt_rev': '0.0.8'}, 'signature': ([{'alpha': 0.019628224813442792, 'batch_size': 182, 'beta_1': 0.9410202200271762, 'beta_2': 0.9998021557676793, 'epsilon': 1.8662266976518e-08, 'hidden_layer_sizes': 147, 'learning_rate_init': 0.0005627932047415167, 'tol': 0.03690557729213761, 'validation_fraction': 0.8846827852548593}, {'alpha': 0.0019982467392329444, 'batch_size': 200, 'beta_1': 0.919111482530466, 'beta_2': 0.9998488260436156, 'epsilon': 5.981221901152555e-07, 'hidden_layer_sizes': 61, 'learning_rate_init': 2.2310905607443014e-05, 'tol': 1.2046852412030316e-05, 'validation_fraction': 0.8117896445826539}, {'alpha': 0.46659545670218433, 'batch_size': 219, 'beta_1': 0.9889789783750891, 'beta_2': 0.9999896868093284, 'epsilon': 2.4234724484675948e-08, 'hidden_layer_sizes': 167, 'learning_rate_init': 2.972334644335654e-05, 'tol': 0.0036281404040243792, 'validation_fraction': 0.17260651658522078}, {'alpha': 4.656005689076002, 'batch_size': 135, 'beta_1': 0.870503881627747, 'beta_2': 0.9948873266941017, 'epsilon': 2.1023308743480125e-07, 'hidden_layer_sizes': 118, 'learning_rate_init': 0.0018781738757161913, 'tol': 1.1889379831773004e-05, 'validation_fraction': 0.6264327093752792}, {'alpha': 0.04705159350400542, 'batch_size': 158, 'beta_1': 0.9870884262730957, 'beta_2': 0.9999596874382349, 'epsilon': 1.1981845126013875e-08, 'hidden_layer_sizes': 116, 'learning_rate_init': 0.00617340520407431, 'tol': 1.741413418158619e-05, 'validation_fraction': 0.6754299026638921}], [-0.41666666666666663, -0.275, -0.3416666666666667, -0.725, -0.875])}
saving results
saving timing
saving suggest log
done
