running: {'--uuid': '7b4a4bb5a6c3562bb7cbb8df11fa3477', '-db-root': '/home/ryedida/bbo_challenge_starter_kit/output', '--opt-root': '/home/ryedida/bbo_challenge_starter_kit/example_submissions', '--data-root': None, '--db': 'run_20230424_015942', '--opt': 'skopt', '--data': 'iris', '--classifier': 'MLP-adam', '--metric': 'acc', '--calls': 15, '--suggestions': 1, '--jobs-file': None, '--verbose': False, 'dry_run': False, 'rev': 'a376313', 'opt_rev': '0.9.0'}
cmd: python skopt/optimizer.py -c MLP-adam -d iris -o skopt -u 7b4a4bb5a6c3562bb7cbb8df11fa3477 -m acc -n 15 -p 1 -dir /home/ryedida/bbo_challenge_starter_kit/output -b run_20230424_015942
/home/ryedida/.local/lib/python3.9/site-packages/sklearn/neural_network/_multilayer_perceptron.py:605: UserWarning: Got `batch_size` less than 1 or larger than sample size. It is going to be clipped
  warnings.warn(

/home/ryedida/.local/lib/python3.9/site-packages/sklearn/neural_network/_multilayer_perceptron.py:605: UserWarning: Got `batch_size` less than 1 or larger than sample size. It is going to be clipped
  warnings.warn(

/home/ryedida/.local/lib/python3.9/site-packages/sklearn/neural_network/_multilayer_perceptron.py:605: UserWarning: Got `batch_size` less than 1 or larger than sample size. It is going to be clipped
  warnings.warn(

/home/ryedida/.local/lib/python3.9/site-packages/sklearn/neural_network/_multilayer_perceptron.py:605: UserWarning: Got `batch_size` less than 1 or larger than sample size. It is going to be clipped
  warnings.warn(

/home/ryedida/.local/lib/python3.9/site-packages/sklearn/neural_network/_multilayer_perceptron.py:605: UserWarning: Got `batch_size` less than 1 or larger than sample size. It is going to be clipped
  warnings.warn(

computed signature: ([{'alpha': 0.019628224813442792, 'batch_size': 182, 'beta_1': 0.9410202200271762, 'beta_2': 0.9998021557676793, 'epsilon': 1.8662266976518e-08, 'hidden_layer_sizes': 147, 'learning_rate_init': 0.0005627932047415167, 'tol': 0.03690557729213761, 'validation_fraction': 0.8846827852548593}, {'alpha': 0.0019982467392329444, 'batch_size': 200, 'beta_1': 0.919111482530466, 'beta_2': 0.9998488260436156, 'epsilon': 5.981221901152555e-07, 'hidden_layer_sizes': 61, 'learning_rate_init': 2.2310905607443014e-05, 'tol': 1.2046852412030316e-05, 'validation_fraction': 0.8117896445826539}, {'alpha': 0.46659545670218433, 'batch_size': 219, 'beta_1': 0.9889789783750891, 'beta_2': 0.9999896868093284, 'epsilon': 2.4234724484675948e-08, 'hidden_layer_sizes': 167, 'learning_rate_init': 2.972334644335654e-05, 'tol': 0.0036281404040243792, 'validation_fraction': 0.17260651658522078}, {'alpha': 4.656005689076002, 'batch_size': 135, 'beta_1': 0.870503881627747, 'beta_2': 0.9948873266941017, 'epsilon': 2.1023308743480125e-07, 'hidden_layer_sizes': 118, 'learning_rate_init': 0.0018781738757161913, 'tol': 1.1889379831773004e-05, 'validation_fraction': 0.6264327093752792}, {'alpha': 0.04705159350400542, 'batch_size': 158, 'beta_1': 0.9870884262730957, 'beta_2': 0.9999596874382349, 'epsilon': 1.1981845126013875e-08, 'hidden_layer_sizes': 116, 'learning_rate_init': 0.00617340520407431, 'tol': 1.741413418158619e-05, 'validation_fraction': 0.6754299026638921}], [-0.41666666666666663, -0.275, -0.3416666666666667, -0.725, -0.875])
/home/ryedida/.local/lib/python3.9/site-packages/bayesmark/signatures.py:85: RuntimeWarning: Signature diverged on MLP-adam_iris_acc betwen [-0.52290909 -0.27918182 -0.34166667 -0.725      -0.91715152] and [-0.41666667 -0.275      -0.26133333 -0.68915152 -0.875     ]
  warnings.warn(

Signature errors:
                          0         1         2         3         4       max
MLP-adam_iris_acc  0.106242  0.004182  0.080333  0.035848  0.042152  0.106242
max                0.106242  0.004182  0.080333  0.035848  0.042152  0.106242
starting sklearn study skopt MLP-adam iris acc 15 1
with data root: None
Failure in optimizer suggest. Falling back to random search.
module 'numpy' has no attribute 'int'.
`np.int` was a deprecated alias for the builtin `int`. To avoid this error in existing code, use `int` by itself. Doing this will not modify any behavior and is safe. When replacing `np.int`, you may wish to use e.g. `np.int64` or `np.int32` to specify the precision. If you wish to review your current use, check the release note link for additional information.
The aliases was originally deprecated in NumPy 1.20; for more details and guidance see the original release note at:
    https://numpy.org/devdocs/release/1.20.0-notes.html#deprecations
Traceback (most recent call last):
  File "/home/ryedida/.local/lib/python3.9/site-packages/bayesmark/experiment.py", line 126, in run_study
    next_points = optimizer.suggest(n_suggestions)
  File "/home/ryedida/bbo_challenge_starter_kit/example_submissions/skopt/optimizer.py", line 116, in suggest
    next_guess = self.skopt.ask(n_points=n_suggestions)
  File "/home/ryedida/.local/lib/python3.9/site-packages/skopt/optimizer/optimizer.py", line 395, in ask
    x = opt.ask()
  File "/home/ryedida/.local/lib/python3.9/site-packages/skopt/optimizer/optimizer.py", line 367, in ask
    return self._ask()
  File "/home/ryedida/.local/lib/python3.9/site-packages/skopt/optimizer/optimizer.py", line 434, in _ask
    return self.space.rvs(random_state=self.rng)[0]
  File "/home/ryedida/.local/lib/python3.9/site-packages/skopt/space/space.py", line 900, in rvs
    columns.append(dim.rvs(n_samples=n_samples, random_state=rng))
  File "/home/ryedida/.local/lib/python3.9/site-packages/skopt/space/space.py", line 158, in rvs
    return self.inverse_transform(samples)
  File "/home/ryedida/.local/lib/python3.9/site-packages/skopt/space/space.py", line 528, in inverse_transform
    inv_transform = super(Integer, self).inverse_transform(Xt)
  File "/home/ryedida/.local/lib/python3.9/site-packages/skopt/space/space.py", line 168, in inverse_transform
    return self.transformer.inverse_transform(Xt)
  File "/home/ryedida/.local/lib/python3.9/site-packages/skopt/space/transformers.py", line 309, in inverse_transform
    X = transformer.inverse_transform(X)
  File "/home/ryedida/.local/lib/python3.9/site-packages/skopt/space/transformers.py", line 275, in inverse_transform
    return np.round(X_orig).astype(np.int)
  File "/home/ryedida/.local/lib/python3.9/site-packages/numpy/__init__.py", line 305, in __getattr__
    raise AttributeError(__former_attrs__[attr])
AttributeError: module 'numpy' has no attribute 'int'.
`np.int` was a deprecated alias for the builtin `int`. To avoid this error in existing code, use `int` by itself. Doing this will not modify any behavior and is safe. When replacing `np.int`, you may wish to use e.g. `np.int64` or `np.int32` to specify the precision. If you wish to review your current use, check the release note link for additional information.
The aliases was originally deprecated in NumPy 1.20; for more details and guidance see the original release note at:
    https://numpy.org/devdocs/release/1.20.0-notes.html#deprecations
suggestion time taken 0.004736 iter 0 next_points [{'alpha': 0.0012172389485687876, 'batch_size': 112, 'beta_1': 0.5041816517538955, 'beta_2': 0.9998163153232877, 'epsilon': 1.5664817831256447e-07, 'hidden_layer_sizes': 144, 'learning_rate_init': 0.025425989675057936, 'tol': 0.010380467694311385, 'validation_fraction': 0.28702951683689165}]
/home/ryedida/.local/lib/python3.9/site-packages/sklearn/neural_network/_multilayer_perceptron.py:605: UserWarning: Got `batch_size` less than 1 or larger than sample size. It is going to be clipped
  warnings.warn(

function_evaluation time 0.070457 value -0.941667 suggestion {'alpha': 0.0012172389485687876, 'batch_size': 112, 'beta_1': 0.5041816517538955, 'beta_2': 0.9998163153232877, 'epsilon': 1.5664817831256447e-07, 'hidden_layer_sizes': 144, 'learning_rate_init': 0.025425989675057936, 'tol': 0.010380467694311385, 'validation_fraction': 0.28702951683689165}
observation time 0.000172, current best -0.941667 at iter 0
Failure in optimizer suggest. Falling back to random search.
module 'numpy' has no attribute 'int'.
`np.int` was a deprecated alias for the builtin `int`. To avoid this error in existing code, use `int` by itself. Doing this will not modify any behavior and is safe. When replacing `np.int`, you may wish to use e.g. `np.int64` or `np.int32` to specify the precision. If you wish to review your current use, check the release note link for additional information.
The aliases was originally deprecated in NumPy 1.20; for more details and guidance see the original release note at:
    https://numpy.org/devdocs/release/1.20.0-notes.html#deprecations
Traceback (most recent call last):
  File "/home/ryedida/.local/lib/python3.9/site-packages/bayesmark/experiment.py", line 126, in run_study
    next_points = optimizer.suggest(n_suggestions)
  File "/home/ryedida/bbo_challenge_starter_kit/example_submissions/skopt/optimizer.py", line 116, in suggest
    next_guess = self.skopt.ask(n_points=n_suggestions)
  File "/home/ryedida/.local/lib/python3.9/site-packages/skopt/optimizer/optimizer.py", line 395, in ask
    x = opt.ask()
  File "/home/ryedida/.local/lib/python3.9/site-packages/skopt/optimizer/optimizer.py", line 367, in ask
    return self._ask()
  File "/home/ryedida/.local/lib/python3.9/site-packages/skopt/optimizer/optimizer.py", line 434, in _ask
    return self.space.rvs(random_state=self.rng)[0]
  File "/home/ryedida/.local/lib/python3.9/site-packages/skopt/space/space.py", line 900, in rvs
    columns.append(dim.rvs(n_samples=n_samples, random_state=rng))
  File "/home/ryedida/.local/lib/python3.9/site-packages/skopt/space/space.py", line 158, in rvs
    return self.inverse_transform(samples)
  File "/home/ryedida/.local/lib/python3.9/site-packages/skopt/space/space.py", line 528, in inverse_transform
    inv_transform = super(Integer, self).inverse_transform(Xt)
  File "/home/ryedida/.local/lib/python3.9/site-packages/skopt/space/space.py", line 168, in inverse_transform
    return self.transformer.inverse_transform(Xt)
  File "/home/ryedida/.local/lib/python3.9/site-packages/skopt/space/transformers.py", line 309, in inverse_transform
    X = transformer.inverse_transform(X)
  File "/home/ryedida/.local/lib/python3.9/site-packages/skopt/space/transformers.py", line 275, in inverse_transform
    return np.round(X_orig).astype(np.int)
  File "/home/ryedida/.local/lib/python3.9/site-packages/numpy/__init__.py", line 305, in __getattr__
    raise AttributeError(__former_attrs__[attr])
AttributeError: module 'numpy' has no attribute 'int'.
`np.int` was a deprecated alias for the builtin `int`. To avoid this error in existing code, use `int` by itself. Doing this will not modify any behavior and is safe. When replacing `np.int`, you may wish to use e.g. `np.int64` or `np.int32` to specify the precision. If you wish to review your current use, check the release note link for additional information.
The aliases was originally deprecated in NumPy 1.20; for more details and guidance see the original release note at:
    https://numpy.org/devdocs/release/1.20.0-notes.html#deprecations
suggestion time taken 0.003270 iter 1 next_points [{'alpha': 0.00042453158084260304, 'batch_size': 37, 'beta_1': 0.976078874311534, 'beta_2': 0.9999969287381336, 'epsilon': 4.473573304579783e-09, 'hidden_layer_sizes': 166, 'learning_rate_init': 0.00020823798638469938, 'tol': 0.0028592620994606407, 'validation_fraction': 0.7011391544434455}]
/home/ryedida/.local/lib/python3.9/site-packages/sklearn/neural_network/_multilayer_perceptron.py:605: UserWarning: Got `batch_size` less than 1 or larger than sample size. It is going to be clipped
  warnings.warn(

function_evaluation time 0.042524 value -0.325000 suggestion {'alpha': 0.00042453158084260304, 'batch_size': 37, 'beta_1': 0.976078874311534, 'beta_2': 0.9999969287381336, 'epsilon': 4.473573304579783e-09, 'hidden_layer_sizes': 166, 'learning_rate_init': 0.00020823798638469938, 'tol': 0.0028592620994606407, 'validation_fraction': 0.7011391544434455}
observation time 0.000161, current best -0.941667 at iter 1
Failure in optimizer suggest. Falling back to random search.
module 'numpy' has no attribute 'int'.
`np.int` was a deprecated alias for the builtin `int`. To avoid this error in existing code, use `int` by itself. Doing this will not modify any behavior and is safe. When replacing `np.int`, you may wish to use e.g. `np.int64` or `np.int32` to specify the precision. If you wish to review your current use, check the release note link for additional information.
The aliases was originally deprecated in NumPy 1.20; for more details and guidance see the original release note at:
    https://numpy.org/devdocs/release/1.20.0-notes.html#deprecations
Traceback (most recent call last):
  File "/home/ryedida/.local/lib/python3.9/site-packages/bayesmark/experiment.py", line 126, in run_study
    next_points = optimizer.suggest(n_suggestions)
  File "/home/ryedida/bbo_challenge_starter_kit/example_submissions/skopt/optimizer.py", line 116, in suggest
    next_guess = self.skopt.ask(n_points=n_suggestions)
  File "/home/ryedida/.local/lib/python3.9/site-packages/skopt/optimizer/optimizer.py", line 395, in ask
    x = opt.ask()
  File "/home/ryedida/.local/lib/python3.9/site-packages/skopt/optimizer/optimizer.py", line 367, in ask
    return self._ask()
  File "/home/ryedida/.local/lib/python3.9/site-packages/skopt/optimizer/optimizer.py", line 434, in _ask
    return self.space.rvs(random_state=self.rng)[0]
  File "/home/ryedida/.local/lib/python3.9/site-packages/skopt/space/space.py", line 900, in rvs
    columns.append(dim.rvs(n_samples=n_samples, random_state=rng))
  File "/home/ryedida/.local/lib/python3.9/site-packages/skopt/space/space.py", line 158, in rvs
    return self.inverse_transform(samples)
  File "/home/ryedida/.local/lib/python3.9/site-packages/skopt/space/space.py", line 528, in inverse_transform
    inv_transform = super(Integer, self).inverse_transform(Xt)
  File "/home/ryedida/.local/lib/python3.9/site-packages/skopt/space/space.py", line 168, in inverse_transform
    return self.transformer.inverse_transform(Xt)
  File "/home/ryedida/.local/lib/python3.9/site-packages/skopt/space/transformers.py", line 309, in inverse_transform
    X = transformer.inverse_transform(X)
  File "/home/ryedida/.local/lib/python3.9/site-packages/skopt/space/transformers.py", line 275, in inverse_transform
    return np.round(X_orig).astype(np.int)
  File "/home/ryedida/.local/lib/python3.9/site-packages/numpy/__init__.py", line 305, in __getattr__
    raise AttributeError(__former_attrs__[attr])
AttributeError: module 'numpy' has no attribute 'int'.
`np.int` was a deprecated alias for the builtin `int`. To avoid this error in existing code, use `int` by itself. Doing this will not modify any behavior and is safe. When replacing `np.int`, you may wish to use e.g. `np.int64` or `np.int32` to specify the precision. If you wish to review your current use, check the release note link for additional information.
The aliases was originally deprecated in NumPy 1.20; for more details and guidance see the original release note at:
    https://numpy.org/devdocs/release/1.20.0-notes.html#deprecations
suggestion time taken 0.003162 iter 2 next_points [{'alpha': 9.495161784092617e-05, 'batch_size': 236, 'beta_1': 0.8109933754454626, 'beta_2': 0.9961639050308023, 'epsilon': 1.9509079026567107e-08, 'hidden_layer_sizes': 79, 'learning_rate_init': 0.027138810224313036, 'tol': 0.0008897005863314986, 'validation_fraction': 0.7862412430797556}]
/home/ryedida/.local/lib/python3.9/site-packages/sklearn/neural_network/_multilayer_perceptron.py:605: UserWarning: Got `batch_size` less than 1 or larger than sample size. It is going to be clipped
  warnings.warn(

function_evaluation time 0.075086 value -0.966667 suggestion {'alpha': 9.495161784092617e-05, 'batch_size': 236, 'beta_1': 0.8109933754454626, 'beta_2': 0.9961639050308023, 'epsilon': 1.9509079026567107e-08, 'hidden_layer_sizes': 79, 'learning_rate_init': 0.027138810224313036, 'tol': 0.0008897005863314986, 'validation_fraction': 0.7862412430797556}
observation time 0.000156, current best -0.966667 at iter 2
Failure in optimizer suggest. Falling back to random search.
module 'numpy' has no attribute 'int'.
`np.int` was a deprecated alias for the builtin `int`. To avoid this error in existing code, use `int` by itself. Doing this will not modify any behavior and is safe. When replacing `np.int`, you may wish to use e.g. `np.int64` or `np.int32` to specify the precision. If you wish to review your current use, check the release note link for additional information.
The aliases was originally deprecated in NumPy 1.20; for more details and guidance see the original release note at:
    https://numpy.org/devdocs/release/1.20.0-notes.html#deprecations
Traceback (most recent call last):
  File "/home/ryedida/.local/lib/python3.9/site-packages/bayesmark/experiment.py", line 126, in run_study
    next_points = optimizer.suggest(n_suggestions)
  File "/home/ryedida/bbo_challenge_starter_kit/example_submissions/skopt/optimizer.py", line 116, in suggest
    next_guess = self.skopt.ask(n_points=n_suggestions)
  File "/home/ryedida/.local/lib/python3.9/site-packages/skopt/optimizer/optimizer.py", line 395, in ask
    x = opt.ask()
  File "/home/ryedida/.local/lib/python3.9/site-packages/skopt/optimizer/optimizer.py", line 367, in ask
    return self._ask()
  File "/home/ryedida/.local/lib/python3.9/site-packages/skopt/optimizer/optimizer.py", line 434, in _ask
    return self.space.rvs(random_state=self.rng)[0]
  File "/home/ryedida/.local/lib/python3.9/site-packages/skopt/space/space.py", line 900, in rvs
    columns.append(dim.rvs(n_samples=n_samples, random_state=rng))
  File "/home/ryedida/.local/lib/python3.9/site-packages/skopt/space/space.py", line 158, in rvs
    return self.inverse_transform(samples)
  File "/home/ryedida/.local/lib/python3.9/site-packages/skopt/space/space.py", line 528, in inverse_transform
    inv_transform = super(Integer, self).inverse_transform(Xt)
  File "/home/ryedida/.local/lib/python3.9/site-packages/skopt/space/space.py", line 168, in inverse_transform
    return self.transformer.inverse_transform(Xt)
  File "/home/ryedida/.local/lib/python3.9/site-packages/skopt/space/transformers.py", line 309, in inverse_transform
    X = transformer.inverse_transform(X)
  File "/home/ryedida/.local/lib/python3.9/site-packages/skopt/space/transformers.py", line 275, in inverse_transform
    return np.round(X_orig).astype(np.int)
  File "/home/ryedida/.local/lib/python3.9/site-packages/numpy/__init__.py", line 305, in __getattr__
    raise AttributeError(__former_attrs__[attr])
AttributeError: module 'numpy' has no attribute 'int'.
`np.int` was a deprecated alias for the builtin `int`. To avoid this error in existing code, use `int` by itself. Doing this will not modify any behavior and is safe. When replacing `np.int`, you may wish to use e.g. `np.int64` or `np.int32` to specify the precision. If you wish to review your current use, check the release note link for additional information.
The aliases was originally deprecated in NumPy 1.20; for more details and guidance see the original release note at:
    https://numpy.org/devdocs/release/1.20.0-notes.html#deprecations
suggestion time taken 0.003186 iter 3 next_points [{'alpha': 7.957120095980502e-05, 'batch_size': 227, 'beta_1': 0.7930297003938424, 'beta_2': 0.9965722941691812, 'epsilon': 4.5746450403356665e-09, 'hidden_layer_sizes': 120, 'learning_rate_init': 0.00011771319001509097, 'tol': 0.00023993046252651404, 'validation_fraction': 0.6085203976308982}]
/home/ryedida/.local/lib/python3.9/site-packages/sklearn/neural_network/_multilayer_perceptron.py:605: UserWarning: Got `batch_size` less than 1 or larger than sample size. It is going to be clipped
  warnings.warn(

function_evaluation time 0.048356 value -0.325000 suggestion {'alpha': 7.957120095980502e-05, 'batch_size': 227, 'beta_1': 0.7930297003938424, 'beta_2': 0.9965722941691812, 'epsilon': 4.5746450403356665e-09, 'hidden_layer_sizes': 120, 'learning_rate_init': 0.00011771319001509097, 'tol': 0.00023993046252651404, 'validation_fraction': 0.6085203976308982}
observation time 0.000153, current best -0.966667 at iter 3
Failure in optimizer suggest. Falling back to random search.
module 'numpy' has no attribute 'int'.
`np.int` was a deprecated alias for the builtin `int`. To avoid this error in existing code, use `int` by itself. Doing this will not modify any behavior and is safe. When replacing `np.int`, you may wish to use e.g. `np.int64` or `np.int32` to specify the precision. If you wish to review your current use, check the release note link for additional information.
The aliases was originally deprecated in NumPy 1.20; for more details and guidance see the original release note at:
    https://numpy.org/devdocs/release/1.20.0-notes.html#deprecations
Traceback (most recent call last):
  File "/home/ryedida/.local/lib/python3.9/site-packages/bayesmark/experiment.py", line 126, in run_study
    next_points = optimizer.suggest(n_suggestions)
  File "/home/ryedida/bbo_challenge_starter_kit/example_submissions/skopt/optimizer.py", line 116, in suggest
    next_guess = self.skopt.ask(n_points=n_suggestions)
  File "/home/ryedida/.local/lib/python3.9/site-packages/skopt/optimizer/optimizer.py", line 395, in ask
    x = opt.ask()
  File "/home/ryedida/.local/lib/python3.9/site-packages/skopt/optimizer/optimizer.py", line 367, in ask
    return self._ask()
  File "/home/ryedida/.local/lib/python3.9/site-packages/skopt/optimizer/optimizer.py", line 434, in _ask
    return self.space.rvs(random_state=self.rng)[0]
  File "/home/ryedida/.local/lib/python3.9/site-packages/skopt/space/space.py", line 900, in rvs
    columns.append(dim.rvs(n_samples=n_samples, random_state=rng))
  File "/home/ryedida/.local/lib/python3.9/site-packages/skopt/space/space.py", line 158, in rvs
    return self.inverse_transform(samples)
  File "/home/ryedida/.local/lib/python3.9/site-packages/skopt/space/space.py", line 528, in inverse_transform
    inv_transform = super(Integer, self).inverse_transform(Xt)
  File "/home/ryedida/.local/lib/python3.9/site-packages/skopt/space/space.py", line 168, in inverse_transform
    return self.transformer.inverse_transform(Xt)
  File "/home/ryedida/.local/lib/python3.9/site-packages/skopt/space/transformers.py", line 309, in inverse_transform
    X = transformer.inverse_transform(X)
  File "/home/ryedida/.local/lib/python3.9/site-packages/skopt/space/transformers.py", line 275, in inverse_transform
    return np.round(X_orig).astype(np.int)
  File "/home/ryedida/.local/lib/python3.9/site-packages/numpy/__init__.py", line 305, in __getattr__
    raise AttributeError(__former_attrs__[attr])
AttributeError: module 'numpy' has no attribute 'int'.
`np.int` was a deprecated alias for the builtin `int`. To avoid this error in existing code, use `int` by itself. Doing this will not modify any behavior and is safe. When replacing `np.int`, you may wish to use e.g. `np.int64` or `np.int32` to specify the precision. If you wish to review your current use, check the release note link for additional information.
The aliases was originally deprecated in NumPy 1.20; for more details and guidance see the original release note at:
    https://numpy.org/devdocs/release/1.20.0-notes.html#deprecations
suggestion time taken 0.003196 iter 4 next_points [{'alpha': 0.16142960968553588, 'batch_size': 248, 'beta_1': 0.8867476309080661, 'beta_2': 0.9908712524729618, 'epsilon': 4.2878727958247836e-08, 'hidden_layer_sizes': 141, 'learning_rate_init': 0.09410796799724185, 'tol': 0.0005767950753215429, 'validation_fraction': 0.8706730097271235}]
/home/ryedida/.local/lib/python3.9/site-packages/sklearn/neural_network/_multilayer_perceptron.py:605: UserWarning: Got `batch_size` less than 1 or larger than sample size. It is going to be clipped
  warnings.warn(

function_evaluation time 0.071504 value -0.841667 suggestion {'alpha': 0.16142960968553588, 'batch_size': 248, 'beta_1': 0.8867476309080661, 'beta_2': 0.9908712524729618, 'epsilon': 4.2878727958247836e-08, 'hidden_layer_sizes': 141, 'learning_rate_init': 0.09410796799724185, 'tol': 0.0005767950753215429, 'validation_fraction': 0.8706730097271235}
Failure in optimizer observe. Ignoring these observations.
module 'numpy' has no attribute 'int'.
`np.int` was a deprecated alias for the builtin `int`. To avoid this error in existing code, use `int` by itself. Doing this will not modify any behavior and is safe. When replacing `np.int`, you may wish to use e.g. `np.int64` or `np.int32` to specify the precision. If you wish to review your current use, check the release note link for additional information.
The aliases was originally deprecated in NumPy 1.20; for more details and guidance see the original release note at:
    https://numpy.org/devdocs/release/1.20.0-notes.html#deprecations
Traceback (most recent call last):
  File "/home/ryedida/.local/lib/python3.9/site-packages/bayesmark/experiment.py", line 172, in run_study
    optimizer.observe(next_points, eval_list)
  File "/home/ryedida/bbo_challenge_starter_kit/example_submissions/skopt/optimizer.py", line 146, in observe
    self.skopt.tell(xx, yy)
  File "/home/ryedida/.local/lib/python3.9/site-packages/skopt/optimizer/optimizer.py", line 493, in tell
    return self._tell(x, y, fit=fit)
  File "/home/ryedida/.local/lib/python3.9/site-packages/skopt/optimizer/optimizer.py", line 536, in _tell
    est.fit(self.space.transform(self.Xi), self.yi)
  File "/home/ryedida/.local/lib/python3.9/site-packages/skopt/space/space.py", line 969, in transform
    columns[j] = self.dimensions[j].transform(columns[j])
  File "/home/ryedida/.local/lib/python3.9/site-packages/skopt/space/space.py", line 162, in transform
    return self.transformer.transform(X)
  File "/home/ryedida/.local/lib/python3.9/site-packages/skopt/space/transformers.py", line 304, in transform
    X = transformer.transform(X)
  File "/home/ryedida/.local/lib/python3.9/site-packages/skopt/space/transformers.py", line 262, in transform
    return (np.round(X).astype(np.int) - self.low) /\
  File "/home/ryedida/.local/lib/python3.9/site-packages/numpy/__init__.py", line 305, in __getattr__
    raise AttributeError(__former_attrs__[attr])
AttributeError: module 'numpy' has no attribute 'int'.
`np.int` was a deprecated alias for the builtin `int`. To avoid this error in existing code, use `int` by itself. Doing this will not modify any behavior and is safe. When replacing `np.int`, you may wish to use e.g. `np.int64` or `np.int32` to specify the precision. If you wish to review your current use, check the release note link for additional information.
The aliases was originally deprecated in NumPy 1.20; for more details and guidance see the original release note at:
    https://numpy.org/devdocs/release/1.20.0-notes.html#deprecations
observation time 0.000831, current best -0.966667 at iter 4
Failure in optimizer suggest. Falling back to random search.
module 'numpy' has no attribute 'int'.
`np.int` was a deprecated alias for the builtin `int`. To avoid this error in existing code, use `int` by itself. Doing this will not modify any behavior and is safe. When replacing `np.int`, you may wish to use e.g. `np.int64` or `np.int32` to specify the precision. If you wish to review your current use, check the release note link for additional information.
The aliases was originally deprecated in NumPy 1.20; for more details and guidance see the original release note at:
    https://numpy.org/devdocs/release/1.20.0-notes.html#deprecations
Traceback (most recent call last):
  File "/home/ryedida/.local/lib/python3.9/site-packages/bayesmark/experiment.py", line 126, in run_study
    next_points = optimizer.suggest(n_suggestions)
  File "/home/ryedida/bbo_challenge_starter_kit/example_submissions/skopt/optimizer.py", line 116, in suggest
    next_guess = self.skopt.ask(n_points=n_suggestions)
  File "/home/ryedida/.local/lib/python3.9/site-packages/skopt/optimizer/optimizer.py", line 390, in ask
    opt = self.copy(random_state=self.rng.randint(0,
  File "/home/ryedida/.local/lib/python3.9/site-packages/skopt/optimizer/optimizer.py", line 331, in copy
    optimizer._tell(self.Xi, self.yi)
  File "/home/ryedida/.local/lib/python3.9/site-packages/skopt/optimizer/optimizer.py", line 536, in _tell
    est.fit(self.space.transform(self.Xi), self.yi)
  File "/home/ryedida/.local/lib/python3.9/site-packages/skopt/space/space.py", line 969, in transform
    columns[j] = self.dimensions[j].transform(columns[j])
  File "/home/ryedida/.local/lib/python3.9/site-packages/skopt/space/space.py", line 162, in transform
    return self.transformer.transform(X)
  File "/home/ryedida/.local/lib/python3.9/site-packages/skopt/space/transformers.py", line 304, in transform
    X = transformer.transform(X)
  File "/home/ryedida/.local/lib/python3.9/site-packages/skopt/space/transformers.py", line 262, in transform
    return (np.round(X).astype(np.int) - self.low) /\
  File "/home/ryedida/.local/lib/python3.9/site-packages/numpy/__init__.py", line 305, in __getattr__
    raise AttributeError(__former_attrs__[attr])
AttributeError: module 'numpy' has no attribute 'int'.
`np.int` was a deprecated alias for the builtin `int`. To avoid this error in existing code, use `int` by itself. Doing this will not modify any behavior and is safe. When replacing `np.int`, you may wish to use e.g. `np.int64` or `np.int32` to specify the precision. If you wish to review your current use, check the release note link for additional information.
The aliases was originally deprecated in NumPy 1.20; for more details and guidance see the original release note at:
    https://numpy.org/devdocs/release/1.20.0-notes.html#deprecations
suggestion time taken 0.003060 iter 5 next_points [{'alpha': 0.010924619503566522, 'batch_size': 224, 'beta_1': 0.9669736157650944, 'beta_2': 0.9813045483873849, 'epsilon': 1.9356061930475428e-08, 'hidden_layer_sizes': 175, 'learning_rate_init': 0.018344989147224745, 'tol': 4.2475368886728695e-05, 'validation_fraction': 0.4125150621145714}]
/home/ryedida/.local/lib/python3.9/site-packages/sklearn/neural_network/_multilayer_perceptron.py:605: UserWarning: Got `batch_size` less than 1 or larger than sample size. It is going to be clipped
  warnings.warn(

function_evaluation time 0.083864 value -0.941667 suggestion {'alpha': 0.010924619503566522, 'batch_size': 224, 'beta_1': 0.9669736157650944, 'beta_2': 0.9813045483873849, 'epsilon': 1.9356061930475428e-08, 'hidden_layer_sizes': 175, 'learning_rate_init': 0.018344989147224745, 'tol': 4.2475368886728695e-05, 'validation_fraction': 0.4125150621145714}
Failure in optimizer observe. Ignoring these observations.
module 'numpy' has no attribute 'int'.
`np.int` was a deprecated alias for the builtin `int`. To avoid this error in existing code, use `int` by itself. Doing this will not modify any behavior and is safe. When replacing `np.int`, you may wish to use e.g. `np.int64` or `np.int32` to specify the precision. If you wish to review your current use, check the release note link for additional information.
The aliases was originally deprecated in NumPy 1.20; for more details and guidance see the original release note at:
    https://numpy.org/devdocs/release/1.20.0-notes.html#deprecations
Traceback (most recent call last):
  File "/home/ryedida/.local/lib/python3.9/site-packages/bayesmark/experiment.py", line 172, in run_study
    optimizer.observe(next_points, eval_list)
  File "/home/ryedida/bbo_challenge_starter_kit/example_submissions/skopt/optimizer.py", line 146, in observe
    self.skopt.tell(xx, yy)
  File "/home/ryedida/.local/lib/python3.9/site-packages/skopt/optimizer/optimizer.py", line 493, in tell
    return self._tell(x, y, fit=fit)
  File "/home/ryedida/.local/lib/python3.9/site-packages/skopt/optimizer/optimizer.py", line 536, in _tell
    est.fit(self.space.transform(self.Xi), self.yi)
  File "/home/ryedida/.local/lib/python3.9/site-packages/skopt/space/space.py", line 969, in transform
    columns[j] = self.dimensions[j].transform(columns[j])
  File "/home/ryedida/.local/lib/python3.9/site-packages/skopt/space/space.py", line 162, in transform
    return self.transformer.transform(X)
  File "/home/ryedida/.local/lib/python3.9/site-packages/skopt/space/transformers.py", line 304, in transform
    X = transformer.transform(X)
  File "/home/ryedida/.local/lib/python3.9/site-packages/skopt/space/transformers.py", line 262, in transform
    return (np.round(X).astype(np.int) - self.low) /\
  File "/home/ryedida/.local/lib/python3.9/site-packages/numpy/__init__.py", line 305, in __getattr__
    raise AttributeError(__former_attrs__[attr])
AttributeError: module 'numpy' has no attribute 'int'.
`np.int` was a deprecated alias for the builtin `int`. To avoid this error in existing code, use `int` by itself. Doing this will not modify any behavior and is safe. When replacing `np.int`, you may wish to use e.g. `np.int64` or `np.int32` to specify the precision. If you wish to review your current use, check the release note link for additional information.
The aliases was originally deprecated in NumPy 1.20; for more details and guidance see the original release note at:
    https://numpy.org/devdocs/release/1.20.0-notes.html#deprecations
observation time 0.000834, current best -0.966667 at iter 5
Failure in optimizer suggest. Falling back to random search.
module 'numpy' has no attribute 'int'.
`np.int` was a deprecated alias for the builtin `int`. To avoid this error in existing code, use `int` by itself. Doing this will not modify any behavior and is safe. When replacing `np.int`, you may wish to use e.g. `np.int64` or `np.int32` to specify the precision. If you wish to review your current use, check the release note link for additional information.
The aliases was originally deprecated in NumPy 1.20; for more details and guidance see the original release note at:
    https://numpy.org/devdocs/release/1.20.0-notes.html#deprecations
Traceback (most recent call last):
  File "/home/ryedida/.local/lib/python3.9/site-packages/bayesmark/experiment.py", line 126, in run_study
    next_points = optimizer.suggest(n_suggestions)
  File "/home/ryedida/bbo_challenge_starter_kit/example_submissions/skopt/optimizer.py", line 116, in suggest
    next_guess = self.skopt.ask(n_points=n_suggestions)
  File "/home/ryedida/.local/lib/python3.9/site-packages/skopt/optimizer/optimizer.py", line 390, in ask
    opt = self.copy(random_state=self.rng.randint(0,
  File "/home/ryedida/.local/lib/python3.9/site-packages/skopt/optimizer/optimizer.py", line 331, in copy
    optimizer._tell(self.Xi, self.yi)
  File "/home/ryedida/.local/lib/python3.9/site-packages/skopt/optimizer/optimizer.py", line 536, in _tell
    est.fit(self.space.transform(self.Xi), self.yi)
  File "/home/ryedida/.local/lib/python3.9/site-packages/skopt/space/space.py", line 969, in transform
    columns[j] = self.dimensions[j].transform(columns[j])
  File "/home/ryedida/.local/lib/python3.9/site-packages/skopt/space/space.py", line 162, in transform
    return self.transformer.transform(X)
  File "/home/ryedida/.local/lib/python3.9/site-packages/skopt/space/transformers.py", line 304, in transform
    X = transformer.transform(X)
  File "/home/ryedida/.local/lib/python3.9/site-packages/skopt/space/transformers.py", line 262, in transform
    return (np.round(X).astype(np.int) - self.low) /\
  File "/home/ryedida/.local/lib/python3.9/site-packages/numpy/__init__.py", line 305, in __getattr__
    raise AttributeError(__former_attrs__[attr])
AttributeError: module 'numpy' has no attribute 'int'.
`np.int` was a deprecated alias for the builtin `int`. To avoid this error in existing code, use `int` by itself. Doing this will not modify any behavior and is safe. When replacing `np.int`, you may wish to use e.g. `np.int64` or `np.int32` to specify the precision. If you wish to review your current use, check the release note link for additional information.
The aliases was originally deprecated in NumPy 1.20; for more details and guidance see the original release note at:
    https://numpy.org/devdocs/release/1.20.0-notes.html#deprecations
suggestion time taken 0.003077 iter 6 next_points [{'alpha': 0.004077752545156217, 'batch_size': 149, 'beta_1': 0.7732171778430844, 'beta_2': 0.9994669221118158, 'epsilon': 1.7841173032134233e-07, 'hidden_layer_sizes': 126, 'learning_rate_init': 0.018753831367524478, 'tol': 0.06960673317845421, 'validation_fraction': 0.38131891945147145}]
/home/ryedida/.local/lib/python3.9/site-packages/sklearn/neural_network/_multilayer_perceptron.py:605: UserWarning: Got `batch_size` less than 1 or larger than sample size. It is going to be clipped
  warnings.warn(

function_evaluation time 0.056721 value -0.925000 suggestion {'alpha': 0.004077752545156217, 'batch_size': 149, 'beta_1': 0.7732171778430844, 'beta_2': 0.9994669221118158, 'epsilon': 1.7841173032134233e-07, 'hidden_layer_sizes': 126, 'learning_rate_init': 0.018753831367524478, 'tol': 0.06960673317845421, 'validation_fraction': 0.38131891945147145}
Failure in optimizer observe. Ignoring these observations.
module 'numpy' has no attribute 'int'.
`np.int` was a deprecated alias for the builtin `int`. To avoid this error in existing code, use `int` by itself. Doing this will not modify any behavior and is safe. When replacing `np.int`, you may wish to use e.g. `np.int64` or `np.int32` to specify the precision. If you wish to review your current use, check the release note link for additional information.
The aliases was originally deprecated in NumPy 1.20; for more details and guidance see the original release note at:
    https://numpy.org/devdocs/release/1.20.0-notes.html#deprecations
Traceback (most recent call last):
  File "/home/ryedida/.local/lib/python3.9/site-packages/bayesmark/experiment.py", line 172, in run_study
    optimizer.observe(next_points, eval_list)
  File "/home/ryedida/bbo_challenge_starter_kit/example_submissions/skopt/optimizer.py", line 146, in observe
    self.skopt.tell(xx, yy)
  File "/home/ryedida/.local/lib/python3.9/site-packages/skopt/optimizer/optimizer.py", line 493, in tell
    return self._tell(x, y, fit=fit)
  File "/home/ryedida/.local/lib/python3.9/site-packages/skopt/optimizer/optimizer.py", line 536, in _tell
    est.fit(self.space.transform(self.Xi), self.yi)
  File "/home/ryedida/.local/lib/python3.9/site-packages/skopt/space/space.py", line 969, in transform
    columns[j] = self.dimensions[j].transform(columns[j])
  File "/home/ryedida/.local/lib/python3.9/site-packages/skopt/space/space.py", line 162, in transform
    return self.transformer.transform(X)
  File "/home/ryedida/.local/lib/python3.9/site-packages/skopt/space/transformers.py", line 304, in transform
    X = transformer.transform(X)
  File "/home/ryedida/.local/lib/python3.9/site-packages/skopt/space/transformers.py", line 262, in transform
    return (np.round(X).astype(np.int) - self.low) /\
  File "/home/ryedida/.local/lib/python3.9/site-packages/numpy/__init__.py", line 305, in __getattr__
    raise AttributeError(__former_attrs__[attr])
AttributeError: module 'numpy' has no attribute 'int'.
`np.int` was a deprecated alias for the builtin `int`. To avoid this error in existing code, use `int` by itself. Doing this will not modify any behavior and is safe. When replacing `np.int`, you may wish to use e.g. `np.int64` or `np.int32` to specify the precision. If you wish to review your current use, check the release note link for additional information.
The aliases was originally deprecated in NumPy 1.20; for more details and guidance see the original release note at:
    https://numpy.org/devdocs/release/1.20.0-notes.html#deprecations
observation time 0.000806, current best -0.966667 at iter 6
Failure in optimizer suggest. Falling back to random search.
module 'numpy' has no attribute 'int'.
`np.int` was a deprecated alias for the builtin `int`. To avoid this error in existing code, use `int` by itself. Doing this will not modify any behavior and is safe. When replacing `np.int`, you may wish to use e.g. `np.int64` or `np.int32` to specify the precision. If you wish to review your current use, check the release note link for additional information.
The aliases was originally deprecated in NumPy 1.20; for more details and guidance see the original release note at:
    https://numpy.org/devdocs/release/1.20.0-notes.html#deprecations
Traceback (most recent call last):
  File "/home/ryedida/.local/lib/python3.9/site-packages/bayesmark/experiment.py", line 126, in run_study
    next_points = optimizer.suggest(n_suggestions)
  File "/home/ryedida/bbo_challenge_starter_kit/example_submissions/skopt/optimizer.py", line 116, in suggest
    next_guess = self.skopt.ask(n_points=n_suggestions)
  File "/home/ryedida/.local/lib/python3.9/site-packages/skopt/optimizer/optimizer.py", line 390, in ask
    opt = self.copy(random_state=self.rng.randint(0,
  File "/home/ryedida/.local/lib/python3.9/site-packages/skopt/optimizer/optimizer.py", line 331, in copy
    optimizer._tell(self.Xi, self.yi)
  File "/home/ryedida/.local/lib/python3.9/site-packages/skopt/optimizer/optimizer.py", line 536, in _tell
    est.fit(self.space.transform(self.Xi), self.yi)
  File "/home/ryedida/.local/lib/python3.9/site-packages/skopt/space/space.py", line 969, in transform
    columns[j] = self.dimensions[j].transform(columns[j])
  File "/home/ryedida/.local/lib/python3.9/site-packages/skopt/space/space.py", line 162, in transform
    return self.transformer.transform(X)
  File "/home/ryedida/.local/lib/python3.9/site-packages/skopt/space/transformers.py", line 304, in transform
    X = transformer.transform(X)
  File "/home/ryedida/.local/lib/python3.9/site-packages/skopt/space/transformers.py", line 262, in transform
    return (np.round(X).astype(np.int) - self.low) /\
  File "/home/ryedida/.local/lib/python3.9/site-packages/numpy/__init__.py", line 305, in __getattr__
    raise AttributeError(__former_attrs__[attr])
AttributeError: module 'numpy' has no attribute 'int'.
`np.int` was a deprecated alias for the builtin `int`. To avoid this error in existing code, use `int` by itself. Doing this will not modify any behavior and is safe. When replacing `np.int`, you may wish to use e.g. `np.int64` or `np.int32` to specify the precision. If you wish to review your current use, check the release note link for additional information.
The aliases was originally deprecated in NumPy 1.20; for more details and guidance see the original release note at:
    https://numpy.org/devdocs/release/1.20.0-notes.html#deprecations
suggestion time taken 0.003011 iter 7 next_points [{'alpha': 5.811872534093843e-05, 'batch_size': 236, 'beta_1': 0.9270391171368079, 'beta_2': 0.9998296143385577, 'epsilon': 2.8611057340849164e-08, 'hidden_layer_sizes': 137, 'learning_rate_init': 0.016295833801341246, 'tol': 9.174828681671392e-05, 'validation_fraction': 0.6529405030209084}]
/home/ryedida/.local/lib/python3.9/site-packages/sklearn/neural_network/_multilayer_perceptron.py:605: UserWarning: Got `batch_size` less than 1 or larger than sample size. It is going to be clipped
  warnings.warn(

function_evaluation time 0.093405 value -0.950000 suggestion {'alpha': 5.811872534093843e-05, 'batch_size': 236, 'beta_1': 0.9270391171368079, 'beta_2': 0.9998296143385577, 'epsilon': 2.8611057340849164e-08, 'hidden_layer_sizes': 137, 'learning_rate_init': 0.016295833801341246, 'tol': 9.174828681671392e-05, 'validation_fraction': 0.6529405030209084}
Failure in optimizer observe. Ignoring these observations.
module 'numpy' has no attribute 'int'.
`np.int` was a deprecated alias for the builtin `int`. To avoid this error in existing code, use `int` by itself. Doing this will not modify any behavior and is safe. When replacing `np.int`, you may wish to use e.g. `np.int64` or `np.int32` to specify the precision. If you wish to review your current use, check the release note link for additional information.
The aliases was originally deprecated in NumPy 1.20; for more details and guidance see the original release note at:
    https://numpy.org/devdocs/release/1.20.0-notes.html#deprecations
Traceback (most recent call last):
  File "/home/ryedida/.local/lib/python3.9/site-packages/bayesmark/experiment.py", line 172, in run_study
    optimizer.observe(next_points, eval_list)
  File "/home/ryedida/bbo_challenge_starter_kit/example_submissions/skopt/optimizer.py", line 146, in observe
    self.skopt.tell(xx, yy)
  File "/home/ryedida/.local/lib/python3.9/site-packages/skopt/optimizer/optimizer.py", line 493, in tell
    return self._tell(x, y, fit=fit)
  File "/home/ryedida/.local/lib/python3.9/site-packages/skopt/optimizer/optimizer.py", line 536, in _tell
    est.fit(self.space.transform(self.Xi), self.yi)
  File "/home/ryedida/.local/lib/python3.9/site-packages/skopt/space/space.py", line 969, in transform
    columns[j] = self.dimensions[j].transform(columns[j])
  File "/home/ryedida/.local/lib/python3.9/site-packages/skopt/space/space.py", line 162, in transform
    return self.transformer.transform(X)
  File "/home/ryedida/.local/lib/python3.9/site-packages/skopt/space/transformers.py", line 304, in transform
    X = transformer.transform(X)
  File "/home/ryedida/.local/lib/python3.9/site-packages/skopt/space/transformers.py", line 262, in transform
    return (np.round(X).astype(np.int) - self.low) /\
  File "/home/ryedida/.local/lib/python3.9/site-packages/numpy/__init__.py", line 305, in __getattr__
    raise AttributeError(__former_attrs__[attr])
AttributeError: module 'numpy' has no attribute 'int'.
`np.int` was a deprecated alias for the builtin `int`. To avoid this error in existing code, use `int` by itself. Doing this will not modify any behavior and is safe. When replacing `np.int`, you may wish to use e.g. `np.int64` or `np.int32` to specify the precision. If you wish to review your current use, check the release note link for additional information.
The aliases was originally deprecated in NumPy 1.20; for more details and guidance see the original release note at:
    https://numpy.org/devdocs/release/1.20.0-notes.html#deprecations
observation time 0.000859, current best -0.966667 at iter 7
Failure in optimizer suggest. Falling back to random search.
module 'numpy' has no attribute 'int'.
`np.int` was a deprecated alias for the builtin `int`. To avoid this error in existing code, use `int` by itself. Doing this will not modify any behavior and is safe. When replacing `np.int`, you may wish to use e.g. `np.int64` or `np.int32` to specify the precision. If you wish to review your current use, check the release note link for additional information.
The aliases was originally deprecated in NumPy 1.20; for more details and guidance see the original release note at:
    https://numpy.org/devdocs/release/1.20.0-notes.html#deprecations
Traceback (most recent call last):
  File "/home/ryedida/.local/lib/python3.9/site-packages/bayesmark/experiment.py", line 126, in run_study
    next_points = optimizer.suggest(n_suggestions)
  File "/home/ryedida/bbo_challenge_starter_kit/example_submissions/skopt/optimizer.py", line 116, in suggest
    next_guess = self.skopt.ask(n_points=n_suggestions)
  File "/home/ryedida/.local/lib/python3.9/site-packages/skopt/optimizer/optimizer.py", line 390, in ask
    opt = self.copy(random_state=self.rng.randint(0,
  File "/home/ryedida/.local/lib/python3.9/site-packages/skopt/optimizer/optimizer.py", line 331, in copy
    optimizer._tell(self.Xi, self.yi)
  File "/home/ryedida/.local/lib/python3.9/site-packages/skopt/optimizer/optimizer.py", line 536, in _tell
    est.fit(self.space.transform(self.Xi), self.yi)
  File "/home/ryedida/.local/lib/python3.9/site-packages/skopt/space/space.py", line 969, in transform
    columns[j] = self.dimensions[j].transform(columns[j])
  File "/home/ryedida/.local/lib/python3.9/site-packages/skopt/space/space.py", line 162, in transform
    return self.transformer.transform(X)
  File "/home/ryedida/.local/lib/python3.9/site-packages/skopt/space/transformers.py", line 304, in transform
    X = transformer.transform(X)
  File "/home/ryedida/.local/lib/python3.9/site-packages/skopt/space/transformers.py", line 262, in transform
    return (np.round(X).astype(np.int) - self.low) /\
  File "/home/ryedida/.local/lib/python3.9/site-packages/numpy/__init__.py", line 305, in __getattr__
    raise AttributeError(__former_attrs__[attr])
AttributeError: module 'numpy' has no attribute 'int'.
`np.int` was a deprecated alias for the builtin `int`. To avoid this error in existing code, use `int` by itself. Doing this will not modify any behavior and is safe. When replacing `np.int`, you may wish to use e.g. `np.int64` or `np.int32` to specify the precision. If you wish to review your current use, check the release note link for additional information.
The aliases was originally deprecated in NumPy 1.20; for more details and guidance see the original release note at:
    https://numpy.org/devdocs/release/1.20.0-notes.html#deprecations
suggestion time taken 0.003007 iter 8 next_points [{'alpha': 0.3147068382775304, 'batch_size': 213, 'beta_1': 0.7023128926566341, 'beta_2': 0.9998051955963371, 'epsilon': 9.158090475984969e-08, 'hidden_layer_sizes': 78, 'learning_rate_init': 0.023967576434334073, 'tol': 0.0006342747095937115, 'validation_fraction': 0.2743102803253553}]
/home/ryedida/.local/lib/python3.9/site-packages/sklearn/neural_network/_multilayer_perceptron.py:605: UserWarning: Got `batch_size` less than 1 or larger than sample size. It is going to be clipped
  warnings.warn(

function_evaluation time 0.075906 value -0.933333 suggestion {'alpha': 0.3147068382775304, 'batch_size': 213, 'beta_1': 0.7023128926566341, 'beta_2': 0.9998051955963371, 'epsilon': 9.158090475984969e-08, 'hidden_layer_sizes': 78, 'learning_rate_init': 0.023967576434334073, 'tol': 0.0006342747095937115, 'validation_fraction': 0.2743102803253553}
Failure in optimizer observe. Ignoring these observations.
module 'numpy' has no attribute 'int'.
`np.int` was a deprecated alias for the builtin `int`. To avoid this error in existing code, use `int` by itself. Doing this will not modify any behavior and is safe. When replacing `np.int`, you may wish to use e.g. `np.int64` or `np.int32` to specify the precision. If you wish to review your current use, check the release note link for additional information.
The aliases was originally deprecated in NumPy 1.20; for more details and guidance see the original release note at:
    https://numpy.org/devdocs/release/1.20.0-notes.html#deprecations
Traceback (most recent call last):
  File "/home/ryedida/.local/lib/python3.9/site-packages/bayesmark/experiment.py", line 172, in run_study
    optimizer.observe(next_points, eval_list)
  File "/home/ryedida/bbo_challenge_starter_kit/example_submissions/skopt/optimizer.py", line 146, in observe
    self.skopt.tell(xx, yy)
  File "/home/ryedida/.local/lib/python3.9/site-packages/skopt/optimizer/optimizer.py", line 493, in tell
    return self._tell(x, y, fit=fit)
  File "/home/ryedida/.local/lib/python3.9/site-packages/skopt/optimizer/optimizer.py", line 536, in _tell
    est.fit(self.space.transform(self.Xi), self.yi)
  File "/home/ryedida/.local/lib/python3.9/site-packages/skopt/space/space.py", line 969, in transform
    columns[j] = self.dimensions[j].transform(columns[j])
  File "/home/ryedida/.local/lib/python3.9/site-packages/skopt/space/space.py", line 162, in transform
    return self.transformer.transform(X)
  File "/home/ryedida/.local/lib/python3.9/site-packages/skopt/space/transformers.py", line 304, in transform
    X = transformer.transform(X)
  File "/home/ryedida/.local/lib/python3.9/site-packages/skopt/space/transformers.py", line 262, in transform
    return (np.round(X).astype(np.int) - self.low) /\
  File "/home/ryedida/.local/lib/python3.9/site-packages/numpy/__init__.py", line 305, in __getattr__
    raise AttributeError(__former_attrs__[attr])
AttributeError: module 'numpy' has no attribute 'int'.
`np.int` was a deprecated alias for the builtin `int`. To avoid this error in existing code, use `int` by itself. Doing this will not modify any behavior and is safe. When replacing `np.int`, you may wish to use e.g. `np.int64` or `np.int32` to specify the precision. If you wish to review your current use, check the release note link for additional information.
The aliases was originally deprecated in NumPy 1.20; for more details and guidance see the original release note at:
    https://numpy.org/devdocs/release/1.20.0-notes.html#deprecations
observation time 0.000823, current best -0.966667 at iter 8
Failure in optimizer suggest. Falling back to random search.
module 'numpy' has no attribute 'int'.
`np.int` was a deprecated alias for the builtin `int`. To avoid this error in existing code, use `int` by itself. Doing this will not modify any behavior and is safe. When replacing `np.int`, you may wish to use e.g. `np.int64` or `np.int32` to specify the precision. If you wish to review your current use, check the release note link for additional information.
The aliases was originally deprecated in NumPy 1.20; for more details and guidance see the original release note at:
    https://numpy.org/devdocs/release/1.20.0-notes.html#deprecations
Traceback (most recent call last):
  File "/home/ryedida/.local/lib/python3.9/site-packages/bayesmark/experiment.py", line 126, in run_study
    next_points = optimizer.suggest(n_suggestions)
  File "/home/ryedida/bbo_challenge_starter_kit/example_submissions/skopt/optimizer.py", line 116, in suggest
    next_guess = self.skopt.ask(n_points=n_suggestions)
  File "/home/ryedida/.local/lib/python3.9/site-packages/skopt/optimizer/optimizer.py", line 390, in ask
    opt = self.copy(random_state=self.rng.randint(0,
  File "/home/ryedida/.local/lib/python3.9/site-packages/skopt/optimizer/optimizer.py", line 331, in copy
    optimizer._tell(self.Xi, self.yi)
  File "/home/ryedida/.local/lib/python3.9/site-packages/skopt/optimizer/optimizer.py", line 536, in _tell
    est.fit(self.space.transform(self.Xi), self.yi)
  File "/home/ryedida/.local/lib/python3.9/site-packages/skopt/space/space.py", line 969, in transform
    columns[j] = self.dimensions[j].transform(columns[j])
  File "/home/ryedida/.local/lib/python3.9/site-packages/skopt/space/space.py", line 162, in transform
    return self.transformer.transform(X)
  File "/home/ryedida/.local/lib/python3.9/site-packages/skopt/space/transformers.py", line 304, in transform
    X = transformer.transform(X)
  File "/home/ryedida/.local/lib/python3.9/site-packages/skopt/space/transformers.py", line 262, in transform
    return (np.round(X).astype(np.int) - self.low) /\
  File "/home/ryedida/.local/lib/python3.9/site-packages/numpy/__init__.py", line 305, in __getattr__
    raise AttributeError(__former_attrs__[attr])
AttributeError: module 'numpy' has no attribute 'int'.
`np.int` was a deprecated alias for the builtin `int`. To avoid this error in existing code, use `int` by itself. Doing this will not modify any behavior and is safe. When replacing `np.int`, you may wish to use e.g. `np.int64` or `np.int32` to specify the precision. If you wish to review your current use, check the release note link for additional information.
The aliases was originally deprecated in NumPy 1.20; for more details and guidance see the original release note at:
    https://numpy.org/devdocs/release/1.20.0-notes.html#deprecations
suggestion time taken 0.003038 iter 9 next_points [{'alpha': 0.00042953176640375245, 'batch_size': 111, 'beta_1': 0.7598678130423794, 'beta_2': 0.9928915146525735, 'epsilon': 2.2660416701859045e-07, 'hidden_layer_sizes': 60, 'learning_rate_init': 1.1708683702704439e-05, 'tol': 9.157156655109657e-05, 'validation_fraction': 0.6453311517974528}]
/home/ryedida/.local/lib/python3.9/site-packages/sklearn/neural_network/_multilayer_perceptron.py:605: UserWarning: Got `batch_size` less than 1 or larger than sample size. It is going to be clipped
  warnings.warn(

function_evaluation time 0.039292 value -0.333333 suggestion {'alpha': 0.00042953176640375245, 'batch_size': 111, 'beta_1': 0.7598678130423794, 'beta_2': 0.9928915146525735, 'epsilon': 2.2660416701859045e-07, 'hidden_layer_sizes': 60, 'learning_rate_init': 1.1708683702704439e-05, 'tol': 9.157156655109657e-05, 'validation_fraction': 0.6453311517974528}
Failure in optimizer observe. Ignoring these observations.
module 'numpy' has no attribute 'int'.
`np.int` was a deprecated alias for the builtin `int`. To avoid this error in existing code, use `int` by itself. Doing this will not modify any behavior and is safe. When replacing `np.int`, you may wish to use e.g. `np.int64` or `np.int32` to specify the precision. If you wish to review your current use, check the release note link for additional information.
The aliases was originally deprecated in NumPy 1.20; for more details and guidance see the original release note at:
    https://numpy.org/devdocs/release/1.20.0-notes.html#deprecations
Traceback (most recent call last):
  File "/home/ryedida/.local/lib/python3.9/site-packages/bayesmark/experiment.py", line 172, in run_study
    optimizer.observe(next_points, eval_list)
  File "/home/ryedida/bbo_challenge_starter_kit/example_submissions/skopt/optimizer.py", line 146, in observe
    self.skopt.tell(xx, yy)
  File "/home/ryedida/.local/lib/python3.9/site-packages/skopt/optimizer/optimizer.py", line 493, in tell
    return self._tell(x, y, fit=fit)
  File "/home/ryedida/.local/lib/python3.9/site-packages/skopt/optimizer/optimizer.py", line 536, in _tell
    est.fit(self.space.transform(self.Xi), self.yi)
  File "/home/ryedida/.local/lib/python3.9/site-packages/skopt/space/space.py", line 969, in transform
    columns[j] = self.dimensions[j].transform(columns[j])
  File "/home/ryedida/.local/lib/python3.9/site-packages/skopt/space/space.py", line 162, in transform
    return self.transformer.transform(X)
  File "/home/ryedida/.local/lib/python3.9/site-packages/skopt/space/transformers.py", line 304, in transform
    X = transformer.transform(X)
  File "/home/ryedida/.local/lib/python3.9/site-packages/skopt/space/transformers.py", line 262, in transform
    return (np.round(X).astype(np.int) - self.low) /\
  File "/home/ryedida/.local/lib/python3.9/site-packages/numpy/__init__.py", line 305, in __getattr__
    raise AttributeError(__former_attrs__[attr])
AttributeError: module 'numpy' has no attribute 'int'.
`np.int` was a deprecated alias for the builtin `int`. To avoid this error in existing code, use `int` by itself. Doing this will not modify any behavior and is safe. When replacing `np.int`, you may wish to use e.g. `np.int64` or `np.int32` to specify the precision. If you wish to review your current use, check the release note link for additional information.
The aliases was originally deprecated in NumPy 1.20; for more details and guidance see the original release note at:
    https://numpy.org/devdocs/release/1.20.0-notes.html#deprecations
observation time 0.000873, current best -0.966667 at iter 9
Failure in optimizer suggest. Falling back to random search.
module 'numpy' has no attribute 'int'.
`np.int` was a deprecated alias for the builtin `int`. To avoid this error in existing code, use `int` by itself. Doing this will not modify any behavior and is safe. When replacing `np.int`, you may wish to use e.g. `np.int64` or `np.int32` to specify the precision. If you wish to review your current use, check the release note link for additional information.
The aliases was originally deprecated in NumPy 1.20; for more details and guidance see the original release note at:
    https://numpy.org/devdocs/release/1.20.0-notes.html#deprecations
Traceback (most recent call last):
  File "/home/ryedida/.local/lib/python3.9/site-packages/bayesmark/experiment.py", line 126, in run_study
    next_points = optimizer.suggest(n_suggestions)
  File "/home/ryedida/bbo_challenge_starter_kit/example_submissions/skopt/optimizer.py", line 116, in suggest
    next_guess = self.skopt.ask(n_points=n_suggestions)
  File "/home/ryedida/.local/lib/python3.9/site-packages/skopt/optimizer/optimizer.py", line 390, in ask
    opt = self.copy(random_state=self.rng.randint(0,
  File "/home/ryedida/.local/lib/python3.9/site-packages/skopt/optimizer/optimizer.py", line 331, in copy
    optimizer._tell(self.Xi, self.yi)
  File "/home/ryedida/.local/lib/python3.9/site-packages/skopt/optimizer/optimizer.py", line 536, in _tell
    est.fit(self.space.transform(self.Xi), self.yi)
  File "/home/ryedida/.local/lib/python3.9/site-packages/skopt/space/space.py", line 969, in transform
    columns[j] = self.dimensions[j].transform(columns[j])
  File "/home/ryedida/.local/lib/python3.9/site-packages/skopt/space/space.py", line 162, in transform
    return self.transformer.transform(X)
  File "/home/ryedida/.local/lib/python3.9/site-packages/skopt/space/transformers.py", line 304, in transform
    X = transformer.transform(X)
  File "/home/ryedida/.local/lib/python3.9/site-packages/skopt/space/transformers.py", line 262, in transform
    return (np.round(X).astype(np.int) - self.low) /\
  File "/home/ryedida/.local/lib/python3.9/site-packages/numpy/__init__.py", line 305, in __getattr__
    raise AttributeError(__former_attrs__[attr])
AttributeError: module 'numpy' has no attribute 'int'.
`np.int` was a deprecated alias for the builtin `int`. To avoid this error in existing code, use `int` by itself. Doing this will not modify any behavior and is safe. When replacing `np.int`, you may wish to use e.g. `np.int64` or `np.int32` to specify the precision. If you wish to review your current use, check the release note link for additional information.
The aliases was originally deprecated in NumPy 1.20; for more details and guidance see the original release note at:
    https://numpy.org/devdocs/release/1.20.0-notes.html#deprecations
suggestion time taken 0.003271 iter 10 next_points [{'alpha': 1.299506527260733, 'batch_size': 146, 'beta_1': 0.7872176160815376, 'beta_2': 0.9998637030263453, 'epsilon': 3.996704201635792e-08, 'hidden_layer_sizes': 184, 'learning_rate_init': 0.01342381102504926, 'tol': 0.0006491777364695163, 'validation_fraction': 0.24665469220031153}]
/home/ryedida/.local/lib/python3.9/site-packages/sklearn/neural_network/_multilayer_perceptron.py:605: UserWarning: Got `batch_size` less than 1 or larger than sample size. It is going to be clipped
  warnings.warn(

function_evaluation time 0.076680 value -0.908333 suggestion {'alpha': 1.299506527260733, 'batch_size': 146, 'beta_1': 0.7872176160815376, 'beta_2': 0.9998637030263453, 'epsilon': 3.996704201635792e-08, 'hidden_layer_sizes': 184, 'learning_rate_init': 0.01342381102504926, 'tol': 0.0006491777364695163, 'validation_fraction': 0.24665469220031153}
Failure in optimizer observe. Ignoring these observations.
module 'numpy' has no attribute 'int'.
`np.int` was a deprecated alias for the builtin `int`. To avoid this error in existing code, use `int` by itself. Doing this will not modify any behavior and is safe. When replacing `np.int`, you may wish to use e.g. `np.int64` or `np.int32` to specify the precision. If you wish to review your current use, check the release note link for additional information.
The aliases was originally deprecated in NumPy 1.20; for more details and guidance see the original release note at:
    https://numpy.org/devdocs/release/1.20.0-notes.html#deprecations
Traceback (most recent call last):
  File "/home/ryedida/.local/lib/python3.9/site-packages/bayesmark/experiment.py", line 172, in run_study
    optimizer.observe(next_points, eval_list)
  File "/home/ryedida/bbo_challenge_starter_kit/example_submissions/skopt/optimizer.py", line 146, in observe
    self.skopt.tell(xx, yy)
  File "/home/ryedida/.local/lib/python3.9/site-packages/skopt/optimizer/optimizer.py", line 493, in tell
    return self._tell(x, y, fit=fit)
  File "/home/ryedida/.local/lib/python3.9/site-packages/skopt/optimizer/optimizer.py", line 536, in _tell
    est.fit(self.space.transform(self.Xi), self.yi)
  File "/home/ryedida/.local/lib/python3.9/site-packages/skopt/space/space.py", line 969, in transform
    columns[j] = self.dimensions[j].transform(columns[j])
  File "/home/ryedida/.local/lib/python3.9/site-packages/skopt/space/space.py", line 162, in transform
    return self.transformer.transform(X)
  File "/home/ryedida/.local/lib/python3.9/site-packages/skopt/space/transformers.py", line 304, in transform
    X = transformer.transform(X)
  File "/home/ryedida/.local/lib/python3.9/site-packages/skopt/space/transformers.py", line 262, in transform
    return (np.round(X).astype(np.int) - self.low) /\
  File "/home/ryedida/.local/lib/python3.9/site-packages/numpy/__init__.py", line 305, in __getattr__
    raise AttributeError(__former_attrs__[attr])
AttributeError: module 'numpy' has no attribute 'int'.
`np.int` was a deprecated alias for the builtin `int`. To avoid this error in existing code, use `int` by itself. Doing this will not modify any behavior and is safe. When replacing `np.int`, you may wish to use e.g. `np.int64` or `np.int32` to specify the precision. If you wish to review your current use, check the release note link for additional information.
The aliases was originally deprecated in NumPy 1.20; for more details and guidance see the original release note at:
    https://numpy.org/devdocs/release/1.20.0-notes.html#deprecations
observation time 0.000885, current best -0.966667 at iter 10
Failure in optimizer suggest. Falling back to random search.
module 'numpy' has no attribute 'int'.
`np.int` was a deprecated alias for the builtin `int`. To avoid this error in existing code, use `int` by itself. Doing this will not modify any behavior and is safe. When replacing `np.int`, you may wish to use e.g. `np.int64` or `np.int32` to specify the precision. If you wish to review your current use, check the release note link for additional information.
The aliases was originally deprecated in NumPy 1.20; for more details and guidance see the original release note at:
    https://numpy.org/devdocs/release/1.20.0-notes.html#deprecations
Traceback (most recent call last):
  File "/home/ryedida/.local/lib/python3.9/site-packages/bayesmark/experiment.py", line 126, in run_study
    next_points = optimizer.suggest(n_suggestions)
  File "/home/ryedida/bbo_challenge_starter_kit/example_submissions/skopt/optimizer.py", line 116, in suggest
    next_guess = self.skopt.ask(n_points=n_suggestions)
  File "/home/ryedida/.local/lib/python3.9/site-packages/skopt/optimizer/optimizer.py", line 390, in ask
    opt = self.copy(random_state=self.rng.randint(0,
  File "/home/ryedida/.local/lib/python3.9/site-packages/skopt/optimizer/optimizer.py", line 331, in copy
    optimizer._tell(self.Xi, self.yi)
  File "/home/ryedida/.local/lib/python3.9/site-packages/skopt/optimizer/optimizer.py", line 536, in _tell
    est.fit(self.space.transform(self.Xi), self.yi)
  File "/home/ryedida/.local/lib/python3.9/site-packages/skopt/space/space.py", line 969, in transform
    columns[j] = self.dimensions[j].transform(columns[j])
  File "/home/ryedida/.local/lib/python3.9/site-packages/skopt/space/space.py", line 162, in transform
    return self.transformer.transform(X)
  File "/home/ryedida/.local/lib/python3.9/site-packages/skopt/space/transformers.py", line 304, in transform
    X = transformer.transform(X)
  File "/home/ryedida/.local/lib/python3.9/site-packages/skopt/space/transformers.py", line 262, in transform
    return (np.round(X).astype(np.int) - self.low) /\
  File "/home/ryedida/.local/lib/python3.9/site-packages/numpy/__init__.py", line 305, in __getattr__
    raise AttributeError(__former_attrs__[attr])
AttributeError: module 'numpy' has no attribute 'int'.
`np.int` was a deprecated alias for the builtin `int`. To avoid this error in existing code, use `int` by itself. Doing this will not modify any behavior and is safe. When replacing `np.int`, you may wish to use e.g. `np.int64` or `np.int32` to specify the precision. If you wish to review your current use, check the release note link for additional information.
The aliases was originally deprecated in NumPy 1.20; for more details and guidance see the original release note at:
    https://numpy.org/devdocs/release/1.20.0-notes.html#deprecations
suggestion time taken 0.003026 iter 11 next_points [{'alpha': 1.1688202839439576, 'batch_size': 133, 'beta_1': 0.9848886322817174, 'beta_2': 0.9991778434254602, 'epsilon': 6.50360547443926e-07, 'hidden_layer_sizes': 186, 'learning_rate_init': 0.0011308263121186234, 'tol': 0.0003627634343670818, 'validation_fraction': 0.5314726719954214}]
/home/ryedida/.local/lib/python3.9/site-packages/sklearn/neural_network/_multilayer_perceptron.py:605: UserWarning: Got `batch_size` less than 1 or larger than sample size. It is going to be clipped
  warnings.warn(

function_evaluation time 0.051861 value -0.550000 suggestion {'alpha': 1.1688202839439576, 'batch_size': 133, 'beta_1': 0.9848886322817174, 'beta_2': 0.9991778434254602, 'epsilon': 6.50360547443926e-07, 'hidden_layer_sizes': 186, 'learning_rate_init': 0.0011308263121186234, 'tol': 0.0003627634343670818, 'validation_fraction': 0.5314726719954214}
Failure in optimizer observe. Ignoring these observations.
module 'numpy' has no attribute 'int'.
`np.int` was a deprecated alias for the builtin `int`. To avoid this error in existing code, use `int` by itself. Doing this will not modify any behavior and is safe. When replacing `np.int`, you may wish to use e.g. `np.int64` or `np.int32` to specify the precision. If you wish to review your current use, check the release note link for additional information.
The aliases was originally deprecated in NumPy 1.20; for more details and guidance see the original release note at:
    https://numpy.org/devdocs/release/1.20.0-notes.html#deprecations
Traceback (most recent call last):
  File "/home/ryedida/.local/lib/python3.9/site-packages/bayesmark/experiment.py", line 172, in run_study
    optimizer.observe(next_points, eval_list)
  File "/home/ryedida/bbo_challenge_starter_kit/example_submissions/skopt/optimizer.py", line 146, in observe
    self.skopt.tell(xx, yy)
  File "/home/ryedida/.local/lib/python3.9/site-packages/skopt/optimizer/optimizer.py", line 493, in tell
    return self._tell(x, y, fit=fit)
  File "/home/ryedida/.local/lib/python3.9/site-packages/skopt/optimizer/optimizer.py", line 536, in _tell
    est.fit(self.space.transform(self.Xi), self.yi)
  File "/home/ryedida/.local/lib/python3.9/site-packages/skopt/space/space.py", line 969, in transform
    columns[j] = self.dimensions[j].transform(columns[j])
  File "/home/ryedida/.local/lib/python3.9/site-packages/skopt/space/space.py", line 162, in transform
    return self.transformer.transform(X)
  File "/home/ryedida/.local/lib/python3.9/site-packages/skopt/space/transformers.py", line 304, in transform
    X = transformer.transform(X)
  File "/home/ryedida/.local/lib/python3.9/site-packages/skopt/space/transformers.py", line 262, in transform
    return (np.round(X).astype(np.int) - self.low) /\
  File "/home/ryedida/.local/lib/python3.9/site-packages/numpy/__init__.py", line 305, in __getattr__
    raise AttributeError(__former_attrs__[attr])
AttributeError: module 'numpy' has no attribute 'int'.
`np.int` was a deprecated alias for the builtin `int`. To avoid this error in existing code, use `int` by itself. Doing this will not modify any behavior and is safe. When replacing `np.int`, you may wish to use e.g. `np.int64` or `np.int32` to specify the precision. If you wish to review your current use, check the release note link for additional information.
The aliases was originally deprecated in NumPy 1.20; for more details and guidance see the original release note at:
    https://numpy.org/devdocs/release/1.20.0-notes.html#deprecations
observation time 0.000835, current best -0.966667 at iter 11
Failure in optimizer suggest. Falling back to random search.
module 'numpy' has no attribute 'int'.
`np.int` was a deprecated alias for the builtin `int`. To avoid this error in existing code, use `int` by itself. Doing this will not modify any behavior and is safe. When replacing `np.int`, you may wish to use e.g. `np.int64` or `np.int32` to specify the precision. If you wish to review your current use, check the release note link for additional information.
The aliases was originally deprecated in NumPy 1.20; for more details and guidance see the original release note at:
    https://numpy.org/devdocs/release/1.20.0-notes.html#deprecations
Traceback (most recent call last):
  File "/home/ryedida/.local/lib/python3.9/site-packages/bayesmark/experiment.py", line 126, in run_study
    next_points = optimizer.suggest(n_suggestions)
  File "/home/ryedida/bbo_challenge_starter_kit/example_submissions/skopt/optimizer.py", line 116, in suggest
    next_guess = self.skopt.ask(n_points=n_suggestions)
  File "/home/ryedida/.local/lib/python3.9/site-packages/skopt/optimizer/optimizer.py", line 390, in ask
    opt = self.copy(random_state=self.rng.randint(0,
  File "/home/ryedida/.local/lib/python3.9/site-packages/skopt/optimizer/optimizer.py", line 331, in copy
    optimizer._tell(self.Xi, self.yi)
  File "/home/ryedida/.local/lib/python3.9/site-packages/skopt/optimizer/optimizer.py", line 536, in _tell
    est.fit(self.space.transform(self.Xi), self.yi)
  File "/home/ryedida/.local/lib/python3.9/site-packages/skopt/space/space.py", line 969, in transform
    columns[j] = self.dimensions[j].transform(columns[j])
  File "/home/ryedida/.local/lib/python3.9/site-packages/skopt/space/space.py", line 162, in transform
    return self.transformer.transform(X)
  File "/home/ryedida/.local/lib/python3.9/site-packages/skopt/space/transformers.py", line 304, in transform
    X = transformer.transform(X)
  File "/home/ryedida/.local/lib/python3.9/site-packages/skopt/space/transformers.py", line 262, in transform
    return (np.round(X).astype(np.int) - self.low) /\
  File "/home/ryedida/.local/lib/python3.9/site-packages/numpy/__init__.py", line 305, in __getattr__
    raise AttributeError(__former_attrs__[attr])
AttributeError: module 'numpy' has no attribute 'int'.
`np.int` was a deprecated alias for the builtin `int`. To avoid this error in existing code, use `int` by itself. Doing this will not modify any behavior and is safe. When replacing `np.int`, you may wish to use e.g. `np.int64` or `np.int32` to specify the precision. If you wish to review your current use, check the release note link for additional information.
The aliases was originally deprecated in NumPy 1.20; for more details and guidance see the original release note at:
    https://numpy.org/devdocs/release/1.20.0-notes.html#deprecations
suggestion time taken 0.003121 iter 12 next_points [{'alpha': 0.0163290675077026, 'batch_size': 142, 'beta_1': 0.790305142256451, 'beta_2': 0.9999973406895537, 'epsilon': 7.371390924884409e-09, 'hidden_layer_sizes': 92, 'learning_rate_init': 0.010751419079148576, 'tol': 2.323340756596003e-05, 'validation_fraction': 0.3202115728797965}]
/home/ryedida/.local/lib/python3.9/site-packages/sklearn/neural_network/_multilayer_perceptron.py:605: UserWarning: Got `batch_size` less than 1 or larger than sample size. It is going to be clipped
  warnings.warn(

function_evaluation time 0.067450 value -0.966667 suggestion {'alpha': 0.0163290675077026, 'batch_size': 142, 'beta_1': 0.790305142256451, 'beta_2': 0.9999973406895537, 'epsilon': 7.371390924884409e-09, 'hidden_layer_sizes': 92, 'learning_rate_init': 0.010751419079148576, 'tol': 2.323340756596003e-05, 'validation_fraction': 0.3202115728797965}
Failure in optimizer observe. Ignoring these observations.
module 'numpy' has no attribute 'int'.
`np.int` was a deprecated alias for the builtin `int`. To avoid this error in existing code, use `int` by itself. Doing this will not modify any behavior and is safe. When replacing `np.int`, you may wish to use e.g. `np.int64` or `np.int32` to specify the precision. If you wish to review your current use, check the release note link for additional information.
The aliases was originally deprecated in NumPy 1.20; for more details and guidance see the original release note at:
    https://numpy.org/devdocs/release/1.20.0-notes.html#deprecations
Traceback (most recent call last):
  File "/home/ryedida/.local/lib/python3.9/site-packages/bayesmark/experiment.py", line 172, in run_study
    optimizer.observe(next_points, eval_list)
  File "/home/ryedida/bbo_challenge_starter_kit/example_submissions/skopt/optimizer.py", line 146, in observe
    self.skopt.tell(xx, yy)
  File "/home/ryedida/.local/lib/python3.9/site-packages/skopt/optimizer/optimizer.py", line 493, in tell
    return self._tell(x, y, fit=fit)
  File "/home/ryedida/.local/lib/python3.9/site-packages/skopt/optimizer/optimizer.py", line 536, in _tell
    est.fit(self.space.transform(self.Xi), self.yi)
  File "/home/ryedida/.local/lib/python3.9/site-packages/skopt/space/space.py", line 969, in transform
    columns[j] = self.dimensions[j].transform(columns[j])
  File "/home/ryedida/.local/lib/python3.9/site-packages/skopt/space/space.py", line 162, in transform
    return self.transformer.transform(X)
  File "/home/ryedida/.local/lib/python3.9/site-packages/skopt/space/transformers.py", line 304, in transform
    X = transformer.transform(X)
  File "/home/ryedida/.local/lib/python3.9/site-packages/skopt/space/transformers.py", line 262, in transform
    return (np.round(X).astype(np.int) - self.low) /\
  File "/home/ryedida/.local/lib/python3.9/site-packages/numpy/__init__.py", line 305, in __getattr__
    raise AttributeError(__former_attrs__[attr])
AttributeError: module 'numpy' has no attribute 'int'.
`np.int` was a deprecated alias for the builtin `int`. To avoid this error in existing code, use `int` by itself. Doing this will not modify any behavior and is safe. When replacing `np.int`, you may wish to use e.g. `np.int64` or `np.int32` to specify the precision. If you wish to review your current use, check the release note link for additional information.
The aliases was originally deprecated in NumPy 1.20; for more details and guidance see the original release note at:
    https://numpy.org/devdocs/release/1.20.0-notes.html#deprecations
observation time 0.000825, current best -0.966667 at iter 12
Failure in optimizer suggest. Falling back to random search.
module 'numpy' has no attribute 'int'.
`np.int` was a deprecated alias for the builtin `int`. To avoid this error in existing code, use `int` by itself. Doing this will not modify any behavior and is safe. When replacing `np.int`, you may wish to use e.g. `np.int64` or `np.int32` to specify the precision. If you wish to review your current use, check the release note link for additional information.
The aliases was originally deprecated in NumPy 1.20; for more details and guidance see the original release note at:
    https://numpy.org/devdocs/release/1.20.0-notes.html#deprecations
Traceback (most recent call last):
  File "/home/ryedida/.local/lib/python3.9/site-packages/bayesmark/experiment.py", line 126, in run_study
    next_points = optimizer.suggest(n_suggestions)
  File "/home/ryedida/bbo_challenge_starter_kit/example_submissions/skopt/optimizer.py", line 116, in suggest
    next_guess = self.skopt.ask(n_points=n_suggestions)
  File "/home/ryedida/.local/lib/python3.9/site-packages/skopt/optimizer/optimizer.py", line 390, in ask
    opt = self.copy(random_state=self.rng.randint(0,
  File "/home/ryedida/.local/lib/python3.9/site-packages/skopt/optimizer/optimizer.py", line 331, in copy
    optimizer._tell(self.Xi, self.yi)
  File "/home/ryedida/.local/lib/python3.9/site-packages/skopt/optimizer/optimizer.py", line 536, in _tell
    est.fit(self.space.transform(self.Xi), self.yi)
  File "/home/ryedida/.local/lib/python3.9/site-packages/skopt/space/space.py", line 969, in transform
    columns[j] = self.dimensions[j].transform(columns[j])
  File "/home/ryedida/.local/lib/python3.9/site-packages/skopt/space/space.py", line 162, in transform
    return self.transformer.transform(X)
  File "/home/ryedida/.local/lib/python3.9/site-packages/skopt/space/transformers.py", line 304, in transform
    X = transformer.transform(X)
  File "/home/ryedida/.local/lib/python3.9/site-packages/skopt/space/transformers.py", line 262, in transform
    return (np.round(X).astype(np.int) - self.low) /\
  File "/home/ryedida/.local/lib/python3.9/site-packages/numpy/__init__.py", line 305, in __getattr__
    raise AttributeError(__former_attrs__[attr])
AttributeError: module 'numpy' has no attribute 'int'.
`np.int` was a deprecated alias for the builtin `int`. To avoid this error in existing code, use `int` by itself. Doing this will not modify any behavior and is safe. When replacing `np.int`, you may wish to use e.g. `np.int64` or `np.int32` to specify the precision. If you wish to review your current use, check the release note link for additional information.
The aliases was originally deprecated in NumPy 1.20; for more details and guidance see the original release note at:
    https://numpy.org/devdocs/release/1.20.0-notes.html#deprecations
suggestion time taken 0.003086 iter 13 next_points [{'alpha': 0.001511726966856562, 'batch_size': 182, 'beta_1': 0.9653685403966461, 'beta_2': 0.9999988573349367, 'epsilon': 1.2166465163480802e-07, 'hidden_layer_sizes': 100, 'learning_rate_init': 1.0751897898643171e-05, 'tol': 0.031348435400092176, 'validation_fraction': 0.10593837953682836}]
/home/ryedida/.local/lib/python3.9/site-packages/sklearn/neural_network/_multilayer_perceptron.py:605: UserWarning: Got `batch_size` less than 1 or larger than sample size. It is going to be clipped
  warnings.warn(

function_evaluation time 0.041774 value -0.341667 suggestion {'alpha': 0.001511726966856562, 'batch_size': 182, 'beta_1': 0.9653685403966461, 'beta_2': 0.9999988573349367, 'epsilon': 1.2166465163480802e-07, 'hidden_layer_sizes': 100, 'learning_rate_init': 1.0751897898643171e-05, 'tol': 0.031348435400092176, 'validation_fraction': 0.10593837953682836}
Failure in optimizer observe. Ignoring these observations.
module 'numpy' has no attribute 'int'.
`np.int` was a deprecated alias for the builtin `int`. To avoid this error in existing code, use `int` by itself. Doing this will not modify any behavior and is safe. When replacing `np.int`, you may wish to use e.g. `np.int64` or `np.int32` to specify the precision. If you wish to review your current use, check the release note link for additional information.
The aliases was originally deprecated in NumPy 1.20; for more details and guidance see the original release note at:
    https://numpy.org/devdocs/release/1.20.0-notes.html#deprecations
Traceback (most recent call last):
  File "/home/ryedida/.local/lib/python3.9/site-packages/bayesmark/experiment.py", line 172, in run_study
    optimizer.observe(next_points, eval_list)
  File "/home/ryedida/bbo_challenge_starter_kit/example_submissions/skopt/optimizer.py", line 146, in observe
    self.skopt.tell(xx, yy)
  File "/home/ryedida/.local/lib/python3.9/site-packages/skopt/optimizer/optimizer.py", line 493, in tell
    return self._tell(x, y, fit=fit)
  File "/home/ryedida/.local/lib/python3.9/site-packages/skopt/optimizer/optimizer.py", line 536, in _tell
    est.fit(self.space.transform(self.Xi), self.yi)
  File "/home/ryedida/.local/lib/python3.9/site-packages/skopt/space/space.py", line 969, in transform
    columns[j] = self.dimensions[j].transform(columns[j])
  File "/home/ryedida/.local/lib/python3.9/site-packages/skopt/space/space.py", line 162, in transform
    return self.transformer.transform(X)
  File "/home/ryedida/.local/lib/python3.9/site-packages/skopt/space/transformers.py", line 304, in transform
    X = transformer.transform(X)
  File "/home/ryedida/.local/lib/python3.9/site-packages/skopt/space/transformers.py", line 262, in transform
    return (np.round(X).astype(np.int) - self.low) /\
  File "/home/ryedida/.local/lib/python3.9/site-packages/numpy/__init__.py", line 305, in __getattr__
    raise AttributeError(__former_attrs__[attr])
AttributeError: module 'numpy' has no attribute 'int'.
`np.int` was a deprecated alias for the builtin `int`. To avoid this error in existing code, use `int` by itself. Doing this will not modify any behavior and is safe. When replacing `np.int`, you may wish to use e.g. `np.int64` or `np.int32` to specify the precision. If you wish to review your current use, check the release note link for additional information.
The aliases was originally deprecated in NumPy 1.20; for more details and guidance see the original release note at:
    https://numpy.org/devdocs/release/1.20.0-notes.html#deprecations
observation time 0.000804, current best -0.966667 at iter 13
Failure in optimizer suggest. Falling back to random search.
module 'numpy' has no attribute 'int'.
`np.int` was a deprecated alias for the builtin `int`. To avoid this error in existing code, use `int` by itself. Doing this will not modify any behavior and is safe. When replacing `np.int`, you may wish to use e.g. `np.int64` or `np.int32` to specify the precision. If you wish to review your current use, check the release note link for additional information.
The aliases was originally deprecated in NumPy 1.20; for more details and guidance see the original release note at:
    https://numpy.org/devdocs/release/1.20.0-notes.html#deprecations
Traceback (most recent call last):
  File "/home/ryedida/.local/lib/python3.9/site-packages/bayesmark/experiment.py", line 126, in run_study
    next_points = optimizer.suggest(n_suggestions)
  File "/home/ryedida/bbo_challenge_starter_kit/example_submissions/skopt/optimizer.py", line 116, in suggest
    next_guess = self.skopt.ask(n_points=n_suggestions)
  File "/home/ryedida/.local/lib/python3.9/site-packages/skopt/optimizer/optimizer.py", line 390, in ask
    opt = self.copy(random_state=self.rng.randint(0,
  File "/home/ryedida/.local/lib/python3.9/site-packages/skopt/optimizer/optimizer.py", line 331, in copy
    optimizer._tell(self.Xi, self.yi)
  File "/home/ryedida/.local/lib/python3.9/site-packages/skopt/optimizer/optimizer.py", line 536, in _tell
    est.fit(self.space.transform(self.Xi), self.yi)
  File "/home/ryedida/.local/lib/python3.9/site-packages/skopt/space/space.py", line 969, in transform
    columns[j] = self.dimensions[j].transform(columns[j])
  File "/home/ryedida/.local/lib/python3.9/site-packages/skopt/space/space.py", line 162, in transform
    return self.transformer.transform(X)
  File "/home/ryedida/.local/lib/python3.9/site-packages/skopt/space/transformers.py", line 304, in transform
    X = transformer.transform(X)
  File "/home/ryedida/.local/lib/python3.9/site-packages/skopt/space/transformers.py", line 262, in transform
    return (np.round(X).astype(np.int) - self.low) /\
  File "/home/ryedida/.local/lib/python3.9/site-packages/numpy/__init__.py", line 305, in __getattr__
    raise AttributeError(__former_attrs__[attr])
AttributeError: module 'numpy' has no attribute 'int'.
`np.int` was a deprecated alias for the builtin `int`. To avoid this error in existing code, use `int` by itself. Doing this will not modify any behavior and is safe. When replacing `np.int`, you may wish to use e.g. `np.int64` or `np.int32` to specify the precision. If you wish to review your current use, check the release note link for additional information.
The aliases was originally deprecated in NumPy 1.20; for more details and guidance see the original release note at:
    https://numpy.org/devdocs/release/1.20.0-notes.html#deprecations
suggestion time taken 0.003385 iter 14 next_points [{'alpha': 0.033589213697336494, 'batch_size': 65, 'beta_1': 0.8634594902965067, 'beta_2': 0.9968267953458657, 'epsilon': 5.441569371349752e-09, 'hidden_layer_sizes': 164, 'learning_rate_init': 0.0021972019413933883, 'tol': 0.00025778686135031716, 'validation_fraction': 0.4695116571537455}]
/home/ryedida/.local/lib/python3.9/site-packages/sklearn/neural_network/_multilayer_perceptron.py:605: UserWarning: Got `batch_size` less than 1 or larger than sample size. It is going to be clipped
  warnings.warn(

function_evaluation time 0.065633 value -0.850000 suggestion {'alpha': 0.033589213697336494, 'batch_size': 65, 'beta_1': 0.8634594902965067, 'beta_2': 0.9968267953458657, 'epsilon': 5.441569371349752e-09, 'hidden_layer_sizes': 164, 'learning_rate_init': 0.0021972019413933883, 'tol': 0.00025778686135031716, 'validation_fraction': 0.4695116571537455}
Failure in optimizer observe. Ignoring these observations.
module 'numpy' has no attribute 'int'.
`np.int` was a deprecated alias for the builtin `int`. To avoid this error in existing code, use `int` by itself. Doing this will not modify any behavior and is safe. When replacing `np.int`, you may wish to use e.g. `np.int64` or `np.int32` to specify the precision. If you wish to review your current use, check the release note link for additional information.
The aliases was originally deprecated in NumPy 1.20; for more details and guidance see the original release note at:
    https://numpy.org/devdocs/release/1.20.0-notes.html#deprecations
Traceback (most recent call last):
  File "/home/ryedida/.local/lib/python3.9/site-packages/bayesmark/experiment.py", line 172, in run_study
    optimizer.observe(next_points, eval_list)
  File "/home/ryedida/bbo_challenge_starter_kit/example_submissions/skopt/optimizer.py", line 146, in observe
    self.skopt.tell(xx, yy)
  File "/home/ryedida/.local/lib/python3.9/site-packages/skopt/optimizer/optimizer.py", line 493, in tell
    return self._tell(x, y, fit=fit)
  File "/home/ryedida/.local/lib/python3.9/site-packages/skopt/optimizer/optimizer.py", line 536, in _tell
    est.fit(self.space.transform(self.Xi), self.yi)
  File "/home/ryedida/.local/lib/python3.9/site-packages/skopt/space/space.py", line 969, in transform
    columns[j] = self.dimensions[j].transform(columns[j])
  File "/home/ryedida/.local/lib/python3.9/site-packages/skopt/space/space.py", line 162, in transform
    return self.transformer.transform(X)
  File "/home/ryedida/.local/lib/python3.9/site-packages/skopt/space/transformers.py", line 304, in transform
    X = transformer.transform(X)
  File "/home/ryedida/.local/lib/python3.9/site-packages/skopt/space/transformers.py", line 262, in transform
    return (np.round(X).astype(np.int) - self.low) /\
  File "/home/ryedida/.local/lib/python3.9/site-packages/numpy/__init__.py", line 305, in __getattr__
    raise AttributeError(__former_attrs__[attr])
AttributeError: module 'numpy' has no attribute 'int'.
`np.int` was a deprecated alias for the builtin `int`. To avoid this error in existing code, use `int` by itself. Doing this will not modify any behavior and is safe. When replacing `np.int`, you may wish to use e.g. `np.int64` or `np.int32` to specify the precision. If you wish to review your current use, check the release note link for additional information.
The aliases was originally deprecated in NumPy 1.20; for more details and guidance see the original release note at:
    https://numpy.org/devdocs/release/1.20.0-notes.html#deprecations
observation time 0.001569, current best -0.966667 at iter 14
saving meta data: {'args': {'--uuid': '7b4a4bb5a6c3562bb7cbb8df11fa3477', '-db-root': '/home/ryedida/bbo_challenge_starter_kit/output', '--opt-root': '/home/ryedida/bbo_challenge_starter_kit/example_submissions', '--data-root': None, '--db': 'run_20230424_015942', '--opt': 'skopt', '--data': 'iris', '--classifier': 'MLP-adam', '--metric': 'acc', '--calls': 15, '--suggestions': 1, '--jobs-file': None, '--verbose': False, 'dry_run': False, 'rev': 'a376313', 'opt_rev': '0.9.0'}, 'signature': ([{'alpha': 0.019628224813442792, 'batch_size': 182, 'beta_1': 0.9410202200271762, 'beta_2': 0.9998021557676793, 'epsilon': 1.8662266976518e-08, 'hidden_layer_sizes': 147, 'learning_rate_init': 0.0005627932047415167, 'tol': 0.03690557729213761, 'validation_fraction': 0.8846827852548593}, {'alpha': 0.0019982467392329444, 'batch_size': 200, 'beta_1': 0.919111482530466, 'beta_2': 0.9998488260436156, 'epsilon': 5.981221901152555e-07, 'hidden_layer_sizes': 61, 'learning_rate_init': 2.2310905607443014e-05, 'tol': 1.2046852412030316e-05, 'validation_fraction': 0.8117896445826539}, {'alpha': 0.46659545670218433, 'batch_size': 219, 'beta_1': 0.9889789783750891, 'beta_2': 0.9999896868093284, 'epsilon': 2.4234724484675948e-08, 'hidden_layer_sizes': 167, 'learning_rate_init': 2.972334644335654e-05, 'tol': 0.0036281404040243792, 'validation_fraction': 0.17260651658522078}, {'alpha': 4.656005689076002, 'batch_size': 135, 'beta_1': 0.870503881627747, 'beta_2': 0.9948873266941017, 'epsilon': 2.1023308743480125e-07, 'hidden_layer_sizes': 118, 'learning_rate_init': 0.0018781738757161913, 'tol': 1.1889379831773004e-05, 'validation_fraction': 0.6264327093752792}, {'alpha': 0.04705159350400542, 'batch_size': 158, 'beta_1': 0.9870884262730957, 'beta_2': 0.9999596874382349, 'epsilon': 1.1981845126013875e-08, 'hidden_layer_sizes': 116, 'learning_rate_init': 0.00617340520407431, 'tol': 1.741413418158619e-05, 'validation_fraction': 0.6754299026638921}], [-0.41666666666666663, -0.275, -0.3416666666666667, -0.725, -0.875])}
saving results
saving timing
saving suggest log
done
