running: {'--uuid': '001bf310b57552b9835625aa42fc275b', '-db-root': '/home/ryedida/bbo_challenge_starter_kit/output', '--opt-root': '/home/ryedida/bbo_challenge_starter_kit/example_submissions', '--data-root': None, '--db': 'run_20230425_034200', '--opt': 'random-search', '--data': 'diabetes', '--classifier': 'MLP-adam', '--metric': 'mse', '--calls': 15, '--suggestions': 1, '--jobs-file': None, '--verbose': False, 'dry_run': False, 'rev': 'a376313', 'opt_rev': '0.0.8'}
cmd: python random-search/optimizer.py -c MLP-adam -d diabetes -o random-search -u 001bf310b57552b9835625aa42fc275b -m mse -n 15 -p 1 -dir /home/ryedida/bbo_challenge_starter_kit/output -b run_20230425_034200
/home/ryedida/.local/lib/python3.9/site-packages/sklearn/neural_network/_multilayer_perceptron.py:605: UserWarning: Got `batch_size` less than 1 or larger than sample size. It is going to be clipped
  warnings.warn(

/home/ryedida/.local/lib/python3.9/site-packages/sklearn/neural_network/_multilayer_perceptron.py:605: UserWarning: Got `batch_size` less than 1 or larger than sample size. It is going to be clipped
  warnings.warn(

/home/ryedida/.local/lib/python3.9/site-packages/sklearn/neural_network/_multilayer_perceptron.py:605: UserWarning: Got `batch_size` less than 1 or larger than sample size. It is going to be clipped
  warnings.warn(

/home/ryedida/.local/lib/python3.9/site-packages/sklearn/neural_network/_multilayer_perceptron.py:686: ConvergenceWarning: Stochastic Optimizer: Maximum iterations (200) reached and the optimization hasn't converged yet.
  warnings.warn(

/home/ryedida/.local/lib/python3.9/site-packages/sklearn/neural_network/_multilayer_perceptron.py:605: UserWarning: Got `batch_size` less than 1 or larger than sample size. It is going to be clipped
  warnings.warn(

/home/ryedida/.local/lib/python3.9/site-packages/sklearn/neural_network/_multilayer_perceptron.py:686: ConvergenceWarning: Stochastic Optimizer: Maximum iterations (200) reached and the optimization hasn't converged yet.
  warnings.warn(

computed signature: ([{'alpha': 0.019628224813442792, 'batch_size': 182, 'beta_1': 0.9410202200271762, 'beta_2': 0.9998021557676793, 'epsilon': 1.8662266976518e-08, 'hidden_layer_sizes': 147, 'learning_rate_init': 0.0005627932047415167, 'tol': 0.03690557729213761, 'validation_fraction': 0.8846827852548593}, {'alpha': 0.0019982467392329444, 'batch_size': 200, 'beta_1': 0.919111482530466, 'beta_2': 0.9998488260436156, 'epsilon': 5.981221901152555e-07, 'hidden_layer_sizes': 61, 'learning_rate_init': 2.2310905607443014e-05, 'tol': 1.2046852412030316e-05, 'validation_fraction': 0.8117896445826539}, {'alpha': 0.46659545670218433, 'batch_size': 219, 'beta_1': 0.9889789783750891, 'beta_2': 0.9999896868093284, 'epsilon': 2.4234724484675948e-08, 'hidden_layer_sizes': 167, 'learning_rate_init': 2.972334644335654e-05, 'tol': 0.0036281404040243792, 'validation_fraction': 0.17260651658522078}, {'alpha': 4.656005689076002, 'batch_size': 135, 'beta_1': 0.870503881627747, 'beta_2': 0.9948873266941017, 'epsilon': 2.1023308743480125e-07, 'hidden_layer_sizes': 118, 'learning_rate_init': 0.0018781738757161913, 'tol': 1.1889379831773004e-05, 'validation_fraction': 0.6264327093752792}, {'alpha': 0.04705159350400542, 'batch_size': 158, 'beta_1': 0.9870884262730957, 'beta_2': 0.9999596874382349, 'epsilon': 1.1981845126013875e-08, 'hidden_layer_sizes': 116, 'learning_rate_init': 0.00617340520407431, 'tol': 1.741413418158619e-05, 'validation_fraction': 0.6754299026638921}], [29083.993548572587, 29062.423277324073, 29075.78987471409, 24626.32866834337, 9584.226858493177])
Signature errors:
                              0         1         2         3         4       max
MLP-adam_diabetes_mse  0.000007  0.000008  0.000003  0.003558  0.004952  0.004952
max                    0.000007  0.000008  0.000003  0.003558  0.004952  0.004952
starting sklearn study random-search MLP-adam diabetes mse 15 1
with data root: None
suggestion time taken 0.002539 iter 0 next_points [{'alpha': 5.718706534743268, 'batch_size': 74, 'beta_1': 0.9810370428830161, 'beta_2': 0.9996767969628274, 'epsilon': 5.076387120593341e-08, 'hidden_layer_sizes': 146, 'learning_rate_init': 0.04020227837200363, 'tol': 0.013200251050191767, 'validation_fraction': 0.11916119800437801}]
function_evaluation time 0.251221 value 3582.414639 suggestion {'alpha': 5.718706534743268, 'batch_size': 74, 'beta_1': 0.9810370428830161, 'beta_2': 0.9996767969628274, 'epsilon': 5.076387120593341e-08, 'hidden_layer_sizes': 146, 'learning_rate_init': 0.04020227837200363, 'tol': 0.013200251050191767, 'validation_fraction': 0.11916119800437801}
observation time 0.000006, current best 3582.414639 at iter 0
suggestion time taken 0.002485 iter 1 next_points [{'alpha': 0.017253605912905288, 'batch_size': 213, 'beta_1': 0.9357025691893832, 'beta_2': 0.9999781979554252, 'epsilon': 3.4391767822076725e-09, 'hidden_layer_sizes': 169, 'learning_rate_init': 0.013563873942699181, 'tol': 0.0009307936948877788, 'validation_fraction': 0.5920895779295965}]
/home/ryedida/.local/lib/python3.9/site-packages/sklearn/neural_network/_multilayer_perceptron.py:605: UserWarning: Got `batch_size` less than 1 or larger than sample size. It is going to be clipped
  warnings.warn(

function_evaluation time 0.627339 value 3619.473261 suggestion {'alpha': 0.017253605912905288, 'batch_size': 213, 'beta_1': 0.9357025691893832, 'beta_2': 0.9999781979554252, 'epsilon': 3.4391767822076725e-09, 'hidden_layer_sizes': 169, 'learning_rate_init': 0.013563873942699181, 'tol': 0.0009307936948877788, 'validation_fraction': 0.5920895779295965}
observation time 0.000004, current best 3582.414639 at iter 1
suggestion time taken 0.002515 iter 2 next_points [{'alpha': 0.6120990889056781, 'batch_size': 237, 'beta_1': 0.9447859207920031, 'beta_2': 0.9999760593728776, 'epsilon': 7.230425622293989e-09, 'hidden_layer_sizes': 194, 'learning_rate_init': 0.0009573352450416607, 'tol': 0.00017755871440684311, 'validation_fraction': 0.22758476216276874}]
/home/ryedida/.local/lib/python3.9/site-packages/sklearn/neural_network/_multilayer_perceptron.py:686: ConvergenceWarning: Stochastic Optimizer: Maximum iterations (200) reached and the optimization hasn't converged yet.
  warnings.warn(

function_evaluation time 1.141016 value 26929.147749 suggestion {'alpha': 0.6120990889056781, 'batch_size': 237, 'beta_1': 0.9447859207920031, 'beta_2': 0.9999760593728776, 'epsilon': 7.230425622293989e-09, 'hidden_layer_sizes': 194, 'learning_rate_init': 0.0009573352450416607, 'tol': 0.00017755871440684311, 'validation_fraction': 0.22758476216276874}
observation time 0.000004, current best 3582.414639 at iter 2
suggestion time taken 0.002453 iter 3 next_points [{'alpha': 0.005709631562423157, 'batch_size': 16, 'beta_1': 0.7610738815941959, 'beta_2': 0.9999911914131168, 'epsilon': 8.906793143103356e-08, 'hidden_layer_sizes': 172, 'learning_rate_init': 0.011160327206412126, 'tol': 3.341460160153803e-05, 'validation_fraction': 0.3885403929166341}]
function_evaluation time 1.606471 value 2834.651221 suggestion {'alpha': 0.005709631562423157, 'batch_size': 16, 'beta_1': 0.7610738815941959, 'beta_2': 0.9999911914131168, 'epsilon': 8.906793143103356e-08, 'hidden_layer_sizes': 172, 'learning_rate_init': 0.011160327206412126, 'tol': 3.341460160153803e-05, 'validation_fraction': 0.3885403929166341}
observation time 0.000003, current best 2834.651221 at iter 3
suggestion time taken 0.002721 iter 4 next_points [{'alpha': 0.16043010903038435, 'batch_size': 208, 'beta_1': 0.7517794523963927, 'beta_2': 0.9668638053352759, 'epsilon': 4.327695726044464e-08, 'hidden_layer_sizes': 146, 'learning_rate_init': 1.3918325737888487e-05, 'tol': 1.3899573761187026e-05, 'validation_fraction': 0.44636725604671085}]
/home/ryedida/.local/lib/python3.9/site-packages/sklearn/neural_network/_multilayer_perceptron.py:605: UserWarning: Got `batch_size` less than 1 or larger than sample size. It is going to be clipped
  warnings.warn(

function_evaluation time 0.063535 value 29107.165910 suggestion {'alpha': 0.16043010903038435, 'batch_size': 208, 'beta_1': 0.7517794523963927, 'beta_2': 0.9668638053352759, 'epsilon': 4.327695726044464e-08, 'hidden_layer_sizes': 146, 'learning_rate_init': 1.3918325737888487e-05, 'tol': 1.3899573761187026e-05, 'validation_fraction': 0.44636725604671085}
observation time 0.000004, current best 2834.651221 at iter 4
suggestion time taken 0.002450 iter 5 next_points [{'alpha': 0.13098916175221267, 'batch_size': 182, 'beta_1': 0.6809553964885509, 'beta_2': 0.9925797345864199, 'epsilon': 3.47029018203795e-08, 'hidden_layer_sizes': 153, 'learning_rate_init': 6.518744010860826e-05, 'tol': 0.0005164519154244712, 'validation_fraction': 0.8830800852437625}]
/home/ryedida/.local/lib/python3.9/site-packages/sklearn/neural_network/_multilayer_perceptron.py:605: UserWarning: Got `batch_size` less than 1 or larger than sample size. It is going to be clipped
  warnings.warn(

function_evaluation time 0.052722 value 29145.630843 suggestion {'alpha': 0.13098916175221267, 'batch_size': 182, 'beta_1': 0.6809553964885509, 'beta_2': 0.9925797345864199, 'epsilon': 3.47029018203795e-08, 'hidden_layer_sizes': 153, 'learning_rate_init': 6.518744010860826e-05, 'tol': 0.0005164519154244712, 'validation_fraction': 0.8830800852437625}
observation time 0.000004, current best 2834.651221 at iter 5
suggestion time taken 0.002473 iter 6 next_points [{'alpha': 4.386686228217111, 'batch_size': 146, 'beta_1': 0.983634780540156, 'beta_2': 0.9996174888418545, 'epsilon': 1.0049124684837037e-07, 'hidden_layer_sizes': 171, 'learning_rate_init': 1.8900348370793186e-05, 'tol': 0.04727061505196943, 'validation_fraction': 0.5655179406796516}]
function_evaluation time 0.066155 value 29139.444338 suggestion {'alpha': 4.386686228217111, 'batch_size': 146, 'beta_1': 0.983634780540156, 'beta_2': 0.9996174888418545, 'epsilon': 1.0049124684837037e-07, 'hidden_layer_sizes': 171, 'learning_rate_init': 1.8900348370793186e-05, 'tol': 0.04727061505196943, 'validation_fraction': 0.5655179406796516}
observation time 0.000004, current best 2834.651221 at iter 6
suggestion time taken 0.002473 iter 7 next_points [{'alpha': 0.0025772363720528556, 'batch_size': 203, 'beta_1': 0.8988458079182506, 'beta_2': 0.9975855674502428, 'epsilon': 9.258990303769253e-09, 'hidden_layer_sizes': 81, 'learning_rate_init': 4.3882541299494104e-05, 'tol': 0.00018422063061706345, 'validation_fraction': 0.35369836966485696}]
function_evaluation time 0.056072 value 29124.898025 suggestion {'alpha': 0.0025772363720528556, 'batch_size': 203, 'beta_1': 0.8988458079182506, 'beta_2': 0.9975855674502428, 'epsilon': 9.258990303769253e-09, 'hidden_layer_sizes': 81, 'learning_rate_init': 4.3882541299494104e-05, 'tol': 0.00018422063061706345, 'validation_fraction': 0.35369836966485696}
observation time 0.000004, current best 2834.651221 at iter 7
suggestion time taken 0.002496 iter 8 next_points [{'alpha': 0.0012870026872286832, 'batch_size': 19, 'beta_1': 0.7202713255664983, 'beta_2': 0.999959395060586, 'epsilon': 2.1504438907573683e-08, 'hidden_layer_sizes': 122, 'learning_rate_init': 0.0049454727341432395, 'tol': 0.001124804644371042, 'validation_fraction': 0.18643165074052015}]
function_evaluation time 1.194487 value 3001.421490 suggestion {'alpha': 0.0012870026872286832, 'batch_size': 19, 'beta_1': 0.7202713255664983, 'beta_2': 0.999959395060586, 'epsilon': 2.1504438907573683e-08, 'hidden_layer_sizes': 122, 'learning_rate_init': 0.0049454727341432395, 'tol': 0.001124804644371042, 'validation_fraction': 0.18643165074052015}
observation time 0.000004, current best 2834.651221 at iter 8
suggestion time taken 0.002427 iter 9 next_points [{'alpha': 0.23508897736811352, 'batch_size': 111, 'beta_1': 0.9397263466920966, 'beta_2': 0.9999981112584155, 'epsilon': 1.577021065290515e-07, 'hidden_layer_sizes': 74, 'learning_rate_init': 1.393147303208216e-05, 'tol': 0.0036880632198253386, 'validation_fraction': 0.4414485211762742}]
function_evaluation time 0.062616 value 29129.165897 suggestion {'alpha': 0.23508897736811352, 'batch_size': 111, 'beta_1': 0.9397263466920966, 'beta_2': 0.9999981112584155, 'epsilon': 1.577021065290515e-07, 'hidden_layer_sizes': 74, 'learning_rate_init': 1.393147303208216e-05, 'tol': 0.0036880632198253386, 'validation_fraction': 0.4414485211762742}
observation time 0.000004, current best 2834.651221 at iter 9
suggestion time taken 0.002725 iter 10 next_points [{'alpha': 4.255812221249489, 'batch_size': 79, 'beta_1': 0.8048478227950618, 'beta_2': 0.9532422110695251, 'epsilon': 5.8401966500640814e-08, 'hidden_layer_sizes': 118, 'learning_rate_init': 0.00438525612361168, 'tol': 0.008474784181510495, 'validation_fraction': 0.41477873872899435}]
function_evaluation time 0.829330 value 4221.189687 suggestion {'alpha': 4.255812221249489, 'batch_size': 79, 'beta_1': 0.8048478227950618, 'beta_2': 0.9532422110695251, 'epsilon': 5.8401966500640814e-08, 'hidden_layer_sizes': 118, 'learning_rate_init': 0.00438525612361168, 'tol': 0.008474784181510495, 'validation_fraction': 0.41477873872899435}
observation time 0.000005, current best 2834.651221 at iter 10
suggestion time taken 0.002459 iter 11 next_points [{'alpha': 0.00017202960573111227, 'batch_size': 17, 'beta_1': 0.8830899976867741, 'beta_2': 0.999934517557638, 'epsilon': 2.7658467172634774e-09, 'hidden_layer_sizes': 137, 'learning_rate_init': 0.0006345290821878721, 'tol': 0.00015749608040777945, 'validation_fraction': 0.1074024848261037}]
function_evaluation time 2.597911 value 3692.870226 suggestion {'alpha': 0.00017202960573111227, 'batch_size': 17, 'beta_1': 0.8830899976867741, 'beta_2': 0.999934517557638, 'epsilon': 2.7658467172634774e-09, 'hidden_layer_sizes': 137, 'learning_rate_init': 0.0006345290821878721, 'tol': 0.00015749608040777945, 'validation_fraction': 0.1074024848261037}
observation time 0.000004, current best 2834.651221 at iter 11
suggestion time taken 0.002452 iter 12 next_points [{'alpha': 5.980633683328658e-05, 'batch_size': 92, 'beta_1': 0.9591373105999642, 'beta_2': 0.9999612298629463, 'epsilon': 1.968647433369777e-08, 'hidden_layer_sizes': 106, 'learning_rate_init': 0.0017778425755285597, 'tol': 0.030808477992651323, 'validation_fraction': 0.5913563238438733}]
function_evaluation time 0.066466 value 28938.443893 suggestion {'alpha': 5.980633683328658e-05, 'batch_size': 92, 'beta_1': 0.9591373105999642, 'beta_2': 0.9999612298629463, 'epsilon': 1.968647433369777e-08, 'hidden_layer_sizes': 106, 'learning_rate_init': 0.0017778425755285597, 'tol': 0.030808477992651323, 'validation_fraction': 0.5913563238438733}
observation time 0.000004, current best 2834.651221 at iter 12
suggestion time taken 0.002431 iter 13 next_points [{'alpha': 3.402987995578211, 'batch_size': 26, 'beta_1': 0.725142284772446, 'beta_2': 0.9999422999854277, 'epsilon': 5.115890980269432e-07, 'hidden_layer_sizes': 178, 'learning_rate_init': 0.06970407101674204, 'tol': 0.00013753586810047761, 'validation_fraction': 0.6025515135390116}]
function_evaluation time 0.412230 value 2977.383955 suggestion {'alpha': 3.402987995578211, 'batch_size': 26, 'beta_1': 0.725142284772446, 'beta_2': 0.9999422999854277, 'epsilon': 5.115890980269432e-07, 'hidden_layer_sizes': 178, 'learning_rate_init': 0.06970407101674204, 'tol': 0.00013753586810047761, 'validation_fraction': 0.6025515135390116}
observation time 0.000004, current best 2834.651221 at iter 13
suggestion time taken 0.002447 iter 14 next_points [{'alpha': 2.6670909107244833, 'batch_size': 170, 'beta_1': 0.7959272227965762, 'beta_2': 0.9999412904681634, 'epsilon': 2.9247821254562867e-07, 'hidden_layer_sizes': 63, 'learning_rate_init': 0.0003518690857497994, 'tol': 0.0011051451729469682, 'validation_fraction': 0.5960986432571443}]
/home/ryedida/.local/lib/python3.9/site-packages/sklearn/neural_network/_multilayer_perceptron.py:605: UserWarning: Got `batch_size` less than 1 or larger than sample size. It is going to be clipped
  warnings.warn(

function_evaluation time 0.045897 value 29100.454839 suggestion {'alpha': 2.6670909107244833, 'batch_size': 170, 'beta_1': 0.7959272227965762, 'beta_2': 0.9999412904681634, 'epsilon': 2.9247821254562867e-07, 'hidden_layer_sizes': 63, 'learning_rate_init': 0.0003518690857497994, 'tol': 0.0011051451729469682, 'validation_fraction': 0.5960986432571443}
observation time 0.000004, current best 2834.651221 at iter 14
saving meta data: {'args': {'--uuid': '001bf310b57552b9835625aa42fc275b', '-db-root': '/home/ryedida/bbo_challenge_starter_kit/output', '--opt-root': '/home/ryedida/bbo_challenge_starter_kit/example_submissions', '--data-root': None, '--db': 'run_20230425_034200', '--opt': 'random-search', '--data': 'diabetes', '--classifier': 'MLP-adam', '--metric': 'mse', '--calls': 15, '--suggestions': 1, '--jobs-file': None, '--verbose': False, 'dry_run': False, 'rev': 'a376313', 'opt_rev': '0.0.8'}, 'signature': ([{'alpha': 0.019628224813442792, 'batch_size': 182, 'beta_1': 0.9410202200271762, 'beta_2': 0.9998021557676793, 'epsilon': 1.8662266976518e-08, 'hidden_layer_sizes': 147, 'learning_rate_init': 0.0005627932047415167, 'tol': 0.03690557729213761, 'validation_fraction': 0.8846827852548593}, {'alpha': 0.0019982467392329444, 'batch_size': 200, 'beta_1': 0.919111482530466, 'beta_2': 0.9998488260436156, 'epsilon': 5.981221901152555e-07, 'hidden_layer_sizes': 61, 'learning_rate_init': 2.2310905607443014e-05, 'tol': 1.2046852412030316e-05, 'validation_fraction': 0.8117896445826539}, {'alpha': 0.46659545670218433, 'batch_size': 219, 'beta_1': 0.9889789783750891, 'beta_2': 0.9999896868093284, 'epsilon': 2.4234724484675948e-08, 'hidden_layer_sizes': 167, 'learning_rate_init': 2.972334644335654e-05, 'tol': 0.0036281404040243792, 'validation_fraction': 0.17260651658522078}, {'alpha': 4.656005689076002, 'batch_size': 135, 'beta_1': 0.870503881627747, 'beta_2': 0.9948873266941017, 'epsilon': 2.1023308743480125e-07, 'hidden_layer_sizes': 118, 'learning_rate_init': 0.0018781738757161913, 'tol': 1.1889379831773004e-05, 'validation_fraction': 0.6264327093752792}, {'alpha': 0.04705159350400542, 'batch_size': 158, 'beta_1': 0.9870884262730957, 'beta_2': 0.9999596874382349, 'epsilon': 1.1981845126013875e-08, 'hidden_layer_sizes': 116, 'learning_rate_init': 0.00617340520407431, 'tol': 1.741413418158619e-05, 'validation_fraction': 0.6754299026638921}], [29083.993548572587, 29062.423277324073, 29075.78987471409, 24626.32866834337, 9584.226858493177])}
saving results
saving timing
saving suggest log
done
