running: {'--uuid': '02f6c03a6aca5e33895b49403dd8b48a', '-db-root': '/home/ryedida/bbo_challenge_starter_kit/output', '--opt-root': '/home/ryedida/bbo_challenge_starter_kit/example_submissions', '--data-root': None, '--db': 'run_20230425_034200', '--opt': 'random-search', '--data': 'diabetes', '--classifier': 'MLP-adam', '--metric': 'mae', '--calls': 15, '--suggestions': 1, '--jobs-file': None, '--verbose': False, 'dry_run': False, 'rev': 'a376313', 'opt_rev': '0.0.8'}
cmd: python random-search/optimizer.py -c MLP-adam -d diabetes -o random-search -u 02f6c03a6aca5e33895b49403dd8b48a -m mae -n 15 -p 1 -dir /home/ryedida/bbo_challenge_starter_kit/output -b run_20230425_034200
/home/ryedida/.local/lib/python3.9/site-packages/sklearn/neural_network/_multilayer_perceptron.py:605: UserWarning: Got `batch_size` less than 1 or larger than sample size. It is going to be clipped
  warnings.warn(

/home/ryedida/.local/lib/python3.9/site-packages/sklearn/neural_network/_multilayer_perceptron.py:605: UserWarning: Got `batch_size` less than 1 or larger than sample size. It is going to be clipped
  warnings.warn(

/home/ryedida/.local/lib/python3.9/site-packages/sklearn/neural_network/_multilayer_perceptron.py:605: UserWarning: Got `batch_size` less than 1 or larger than sample size. It is going to be clipped
  warnings.warn(

/home/ryedida/.local/lib/python3.9/site-packages/sklearn/neural_network/_multilayer_perceptron.py:686: ConvergenceWarning: Stochastic Optimizer: Maximum iterations (200) reached and the optimization hasn't converged yet.
  warnings.warn(

/home/ryedida/.local/lib/python3.9/site-packages/sklearn/neural_network/_multilayer_perceptron.py:605: UserWarning: Got `batch_size` less than 1 or larger than sample size. It is going to be clipped
  warnings.warn(

/home/ryedida/.local/lib/python3.9/site-packages/sklearn/neural_network/_multilayer_perceptron.py:686: ConvergenceWarning: Stochastic Optimizer: Maximum iterations (200) reached and the optimization hasn't converged yet.
  warnings.warn(

computed signature: ([{'alpha': 0.019628224813442792, 'batch_size': 182, 'beta_1': 0.9410202200271762, 'beta_2': 0.9998021557676793, 'epsilon': 1.8662266976518e-08, 'hidden_layer_sizes': 147, 'learning_rate_init': 0.0005627932047415167, 'tol': 0.03690557729213761, 'validation_fraction': 0.8846827852548593}, {'alpha': 0.0019982467392329444, 'batch_size': 200, 'beta_1': 0.919111482530466, 'beta_2': 0.9998488260436156, 'epsilon': 5.981221901152555e-07, 'hidden_layer_sizes': 61, 'learning_rate_init': 2.2310905607443014e-05, 'tol': 1.2046852412030316e-05, 'validation_fraction': 0.8117896445826539}, {'alpha': 0.46659545670218433, 'batch_size': 219, 'beta_1': 0.9889789783750891, 'beta_2': 0.9999896868093284, 'epsilon': 2.4234724484675948e-08, 'hidden_layer_sizes': 167, 'learning_rate_init': 2.972334644335654e-05, 'tol': 0.0036281404040243792, 'validation_fraction': 0.17260651658522078}, {'alpha': 4.656005689076002, 'batch_size': 135, 'beta_1': 0.870503881627747, 'beta_2': 0.9948873266941017, 'epsilon': 2.1023308743480125e-07, 'hidden_layer_sizes': 118, 'learning_rate_init': 0.0018781738757161913, 'tol': 1.1889379831773004e-05, 'validation_fraction': 0.6264327093752792}, {'alpha': 0.04705159350400542, 'batch_size': 158, 'beta_1': 0.9870884262730957, 'beta_2': 0.9999596874382349, 'epsilon': 1.1981845126013875e-08, 'hidden_layer_sizes': 116, 'learning_rate_init': 0.00617340520407431, 'tol': 1.741413418158619e-05, 'validation_fraction': 0.6754299026638921}], [151.4971925380264, 151.42763539278994, 151.47026299046811, 136.86202504264318, 75.2055865763391])
Signature errors:
                                  0             1             2         3         4       max
MLP-adam_diabetes_mae  1.919244e-08  6.198704e-08  7.624578e-09  0.000007  0.000034  0.000034
max                    1.919244e-08  6.198704e-08  7.624578e-09  0.000007  0.000034  0.000034
starting sklearn study random-search MLP-adam diabetes mae 15 1
with data root: None
suggestion time taken 0.002958 iter 0 next_points [{'alpha': 0.00015339140778831915, 'batch_size': 92, 'beta_1': 0.9490873550526051, 'beta_2': 0.9999870978300722, 'epsilon': 4.604813995076558e-09, 'hidden_layer_sizes': 63, 'learning_rate_init': 0.05529925956575, 'tol': 0.0009468470873183039, 'validation_fraction': 0.4072175632335968}]
function_evaluation time 0.137259 value 51.455006 suggestion {'alpha': 0.00015339140778831915, 'batch_size': 92, 'beta_1': 0.9490873550526051, 'beta_2': 0.9999870978300722, 'epsilon': 4.604813995076558e-09, 'hidden_layer_sizes': 63, 'learning_rate_init': 0.05529925956575, 'tol': 0.0009468470873183039, 'validation_fraction': 0.4072175632335968}
observation time 0.000006, current best 51.455006 at iter 0
suggestion time taken 0.002477 iter 1 next_points [{'alpha': 0.1702980431170391, 'batch_size': 100, 'beta_1': 0.9002160006717977, 'beta_2': 0.9999588517537962, 'epsilon': 8.672697932024583e-09, 'hidden_layer_sizes': 58, 'learning_rate_init': 0.0005519410142657148, 'tol': 0.042718701276917605, 'validation_fraction': 0.7471884996063839}]
/home/ryedida/.local/lib/python3.9/site-packages/sklearn/neural_network/_multilayer_perceptron.py:605: UserWarning: Got `batch_size` less than 1 or larger than sample size. It is going to be clipped
  warnings.warn(

function_evaluation time 0.044950 value 151.482053 suggestion {'alpha': 0.1702980431170391, 'batch_size': 100, 'beta_1': 0.9002160006717977, 'beta_2': 0.9999588517537962, 'epsilon': 8.672697932024583e-09, 'hidden_layer_sizes': 58, 'learning_rate_init': 0.0005519410142657148, 'tol': 0.042718701276917605, 'validation_fraction': 0.7471884996063839}
observation time 0.000004, current best 51.455006 at iter 1
suggestion time taken 0.002491 iter 2 next_points [{'alpha': 1.298689644463089, 'batch_size': 219, 'beta_1': 0.8004624263354692, 'beta_2': 0.999890379934288, 'epsilon': 2.2205840220202006e-08, 'hidden_layer_sizes': 50, 'learning_rate_init': 2.335991669891623e-05, 'tol': 0.0001625295998757103, 'validation_fraction': 0.7201901400398203}]
/home/ryedida/.local/lib/python3.9/site-packages/sklearn/neural_network/_multilayer_perceptron.py:605: UserWarning: Got `batch_size` less than 1 or larger than sample size. It is going to be clipped
  warnings.warn(

function_evaluation time 0.044012 value 151.693388 suggestion {'alpha': 1.298689644463089, 'batch_size': 219, 'beta_1': 0.8004624263354692, 'beta_2': 0.999890379934288, 'epsilon': 2.2205840220202006e-08, 'hidden_layer_sizes': 50, 'learning_rate_init': 2.335991669891623e-05, 'tol': 0.0001625295998757103, 'validation_fraction': 0.7201901400398203}
observation time 0.000004, current best 51.455006 at iter 2
suggestion time taken 0.002455 iter 3 next_points [{'alpha': 0.15771948637324398, 'batch_size': 165, 'beta_1': 0.958002492028663, 'beta_2': 0.9999430900718447, 'epsilon': 2.2213146406097777e-09, 'hidden_layer_sizes': 89, 'learning_rate_init': 0.0006560931662101712, 'tol': 8.21049120299548e-05, 'validation_fraction': 0.5821714852110005}]
/home/ryedida/.local/lib/python3.9/site-packages/sklearn/neural_network/_multilayer_perceptron.py:605: UserWarning: Got `batch_size` less than 1 or larger than sample size. It is going to be clipped
  warnings.warn(

/home/ryedida/.local/lib/python3.9/site-packages/sklearn/neural_network/_multilayer_perceptron.py:686: ConvergenceWarning: Stochastic Optimizer: Maximum iterations (200) reached and the optimization hasn't converged yet.
  warnings.warn(

function_evaluation time 0.706064 value 149.387789 suggestion {'alpha': 0.15771948637324398, 'batch_size': 165, 'beta_1': 0.958002492028663, 'beta_2': 0.9999430900718447, 'epsilon': 2.2213146406097777e-09, 'hidden_layer_sizes': 89, 'learning_rate_init': 0.0006560931662101712, 'tol': 8.21049120299548e-05, 'validation_fraction': 0.5821714852110005}
observation time 0.000004, current best 51.455006 at iter 3
suggestion time taken 0.002721 iter 4 next_points [{'alpha': 7.134569379509364e-05, 'batch_size': 220, 'beta_1': 0.6452789599410426, 'beta_2': 0.9394478962920371, 'epsilon': 5.861589117082745e-08, 'hidden_layer_sizes': 153, 'learning_rate_init': 0.00029364425946278705, 'tol': 0.0017391142196488938, 'validation_fraction': 0.21085866239792045}]
function_evaluation time 0.085820 value 151.546776 suggestion {'alpha': 7.134569379509364e-05, 'batch_size': 220, 'beta_1': 0.6452789599410426, 'beta_2': 0.9394478962920371, 'epsilon': 5.861589117082745e-08, 'hidden_layer_sizes': 153, 'learning_rate_init': 0.00029364425946278705, 'tol': 0.0017391142196488938, 'validation_fraction': 0.21085866239792045}
observation time 0.000005, current best 51.455006 at iter 4
suggestion time taken 0.002429 iter 5 next_points [{'alpha': 0.00013840513750661192, 'batch_size': 171, 'beta_1': 0.5513267610417989, 'beta_2': 0.999950280699944, 'epsilon': 2.222249368530413e-07, 'hidden_layer_sizes': 183, 'learning_rate_init': 0.00011796702235734586, 'tol': 1.2417843490177254e-05, 'validation_fraction': 0.6853067315963661}]
/home/ryedida/.local/lib/python3.9/site-packages/sklearn/neural_network/_multilayer_perceptron.py:605: UserWarning: Got `batch_size` less than 1 or larger than sample size. It is going to be clipped
  warnings.warn(

/home/ryedida/.local/lib/python3.9/site-packages/sklearn/neural_network/_multilayer_perceptron.py:686: ConvergenceWarning: Stochastic Optimizer: Maximum iterations (200) reached and the optimization hasn't converged yet.
  warnings.warn(

function_evaluation time 0.863301 value 151.178304 suggestion {'alpha': 0.00013840513750661192, 'batch_size': 171, 'beta_1': 0.5513267610417989, 'beta_2': 0.999950280699944, 'epsilon': 2.222249368530413e-07, 'hidden_layer_sizes': 183, 'learning_rate_init': 0.00011796702235734586, 'tol': 1.2417843490177254e-05, 'validation_fraction': 0.6853067315963661}
observation time 0.000004, current best 51.455006 at iter 5
suggestion time taken 0.002513 iter 6 next_points [{'alpha': 2.8148129216603765e-05, 'batch_size': 221, 'beta_1': 0.5157035255127949, 'beta_2': 0.9999063904652424, 'epsilon': 5.996995357946572e-07, 'hidden_layer_sizes': 157, 'learning_rate_init': 0.0009869427365412817, 'tol': 1.2005218885211613e-05, 'validation_fraction': 0.8405412603547293}]
/home/ryedida/.local/lib/python3.9/site-packages/sklearn/neural_network/_multilayer_perceptron.py:605: UserWarning: Got `batch_size` less than 1 or larger than sample size. It is going to be clipped
  warnings.warn(

/home/ryedida/.local/lib/python3.9/site-packages/sklearn/neural_network/_multilayer_perceptron.py:686: ConvergenceWarning: Stochastic Optimizer: Maximum iterations (200) reached and the optimization hasn't converged yet.
  warnings.warn(

function_evaluation time 0.739311 value 143.623879 suggestion {'alpha': 2.8148129216603765e-05, 'batch_size': 221, 'beta_1': 0.5157035255127949, 'beta_2': 0.9999063904652424, 'epsilon': 5.996995357946572e-07, 'hidden_layer_sizes': 157, 'learning_rate_init': 0.0009869427365412817, 'tol': 1.2005218885211613e-05, 'validation_fraction': 0.8405412603547293}
observation time 0.000005, current best 51.455006 at iter 6
suggestion time taken 0.002938 iter 7 next_points [{'alpha': 2.758928768404526, 'batch_size': 45, 'beta_1': 0.912875056668982, 'beta_2': 0.9953212359670042, 'epsilon': 7.194767812118132e-07, 'hidden_layer_sizes': 106, 'learning_rate_init': 0.0007318088999924739, 'tol': 0.000422950554128512, 'validation_fraction': 0.4347442232155706}]
/home/ryedida/.local/lib/python3.9/site-packages/sklearn/neural_network/_multilayer_perceptron.py:686: ConvergenceWarning: Stochastic Optimizer: Maximum iterations (200) reached and the optimization hasn't converged yet.
  warnings.warn(

function_evaluation time 1.455356 value 121.317316 suggestion {'alpha': 2.758928768404526, 'batch_size': 45, 'beta_1': 0.912875056668982, 'beta_2': 0.9953212359670042, 'epsilon': 7.194767812118132e-07, 'hidden_layer_sizes': 106, 'learning_rate_init': 0.0007318088999924739, 'tol': 0.000422950554128512, 'validation_fraction': 0.4347442232155706}
observation time 0.000004, current best 51.455006 at iter 7
suggestion time taken 0.002465 iter 8 next_points [{'alpha': 1.469512819665237, 'batch_size': 182, 'beta_1': 0.9636688291393029, 'beta_2': 0.9998579861983445, 'epsilon': 5.76807549277606e-08, 'hidden_layer_sizes': 197, 'learning_rate_init': 9.18312475145889e-05, 'tol': 0.0008136248431036798, 'validation_fraction': 0.8854867154297533}]
/home/ryedida/.local/lib/python3.9/site-packages/sklearn/neural_network/_multilayer_perceptron.py:605: UserWarning: Got `batch_size` less than 1 or larger than sample size. It is going to be clipped
  warnings.warn(

function_evaluation time 0.055856 value 151.540087 suggestion {'alpha': 1.469512819665237, 'batch_size': 182, 'beta_1': 0.9636688291393029, 'beta_2': 0.9998579861983445, 'epsilon': 5.76807549277606e-08, 'hidden_layer_sizes': 197, 'learning_rate_init': 9.18312475145889e-05, 'tol': 0.0008136248431036798, 'validation_fraction': 0.8854867154297533}
observation time 0.000005, current best 51.455006 at iter 8
suggestion time taken 0.002524 iter 9 next_points [{'alpha': 1.6906525280240998, 'batch_size': 74, 'beta_1': 0.6456596672266692, 'beta_2': 0.9999988443868019, 'epsilon': 2.2177277534909885e-07, 'hidden_layer_sizes': 136, 'learning_rate_init': 0.03668539620767116, 'tol': 5.296968712016954e-05, 'validation_fraction': 0.6613651494159954}]
function_evaluation time 0.431221 value 45.613981 suggestion {'alpha': 1.6906525280240998, 'batch_size': 74, 'beta_1': 0.6456596672266692, 'beta_2': 0.9999988443868019, 'epsilon': 2.2177277534909885e-07, 'hidden_layer_sizes': 136, 'learning_rate_init': 0.03668539620767116, 'tol': 5.296968712016954e-05, 'validation_fraction': 0.6613651494159954}
observation time 0.000005, current best 45.613981 at iter 9
suggestion time taken 0.002462 iter 10 next_points [{'alpha': 0.013022481608705639, 'batch_size': 180, 'beta_1': 0.9461977324946936, 'beta_2': 0.9999423028902217, 'epsilon': 1.0289631073366343e-09, 'hidden_layer_sizes': 130, 'learning_rate_init': 0.0002623042550771679, 'tol': 0.00027919899676159354, 'validation_fraction': 0.5877073105756133}]
/home/ryedida/.local/lib/python3.9/site-packages/sklearn/neural_network/_multilayer_perceptron.py:605: UserWarning: Got `batch_size` less than 1 or larger than sample size. It is going to be clipped
  warnings.warn(

function_evaluation time 0.057620 value 151.602566 suggestion {'alpha': 0.013022481608705639, 'batch_size': 180, 'beta_1': 0.9461977324946936, 'beta_2': 0.9999423028902217, 'epsilon': 1.0289631073366343e-09, 'hidden_layer_sizes': 130, 'learning_rate_init': 0.0002623042550771679, 'tol': 0.00027919899676159354, 'validation_fraction': 0.5877073105756133}
observation time 0.000005, current best 45.613981 at iter 10
suggestion time taken 0.002521 iter 11 next_points [{'alpha': 9.369871250905304e-05, 'batch_size': 89, 'beta_1': 0.5140424535115683, 'beta_2': 0.9999944523314158, 'epsilon': 1.7717559424752267e-08, 'hidden_layer_sizes': 70, 'learning_rate_init': 3.60328464746721e-05, 'tol': 0.036680714904683935, 'validation_fraction': 0.33072267002421973}]
function_evaluation time 0.050568 value 151.736379 suggestion {'alpha': 9.369871250905304e-05, 'batch_size': 89, 'beta_1': 0.5140424535115683, 'beta_2': 0.9999944523314158, 'epsilon': 1.7717559424752267e-08, 'hidden_layer_sizes': 70, 'learning_rate_init': 3.60328464746721e-05, 'tol': 0.036680714904683935, 'validation_fraction': 0.33072267002421973}
observation time 0.000005, current best 45.613981 at iter 11
suggestion time taken 0.002523 iter 12 next_points [{'alpha': 0.0010418184399102056, 'batch_size': 200, 'beta_1': 0.9897264934012764, 'beta_2': 0.9999906942244687, 'epsilon': 5.225154541343905e-09, 'hidden_layer_sizes': 94, 'learning_rate_init': 0.0003165102561310565, 'tol': 0.01111865618537519, 'validation_fraction': 0.5705256853261547}]
/home/ryedida/.local/lib/python3.9/site-packages/sklearn/neural_network/_multilayer_perceptron.py:605: UserWarning: Got `batch_size` less than 1 or larger than sample size. It is going to be clipped
  warnings.warn(

function_evaluation time 0.051990 value 151.535176 suggestion {'alpha': 0.0010418184399102056, 'batch_size': 200, 'beta_1': 0.9897264934012764, 'beta_2': 0.9999906942244687, 'epsilon': 5.225154541343905e-09, 'hidden_layer_sizes': 94, 'learning_rate_init': 0.0003165102561310565, 'tol': 0.01111865618537519, 'validation_fraction': 0.5705256853261547}
observation time 0.000004, current best 45.613981 at iter 12
suggestion time taken 0.002476 iter 13 next_points [{'alpha': 0.00022950473943189378, 'batch_size': 26, 'beta_1': 0.9526707607549981, 'beta_2': 0.9997078410212387, 'epsilon': 5.180859866591555e-09, 'hidden_layer_sizes': 61, 'learning_rate_init': 0.01463216516117614, 'tol': 0.006029520897689882, 'validation_fraction': 0.13553110845109992}]
function_evaluation time 0.385104 value 46.504492 suggestion {'alpha': 0.00022950473943189378, 'batch_size': 26, 'beta_1': 0.9526707607549981, 'beta_2': 0.9997078410212387, 'epsilon': 5.180859866591555e-09, 'hidden_layer_sizes': 61, 'learning_rate_init': 0.01463216516117614, 'tol': 0.006029520897689882, 'validation_fraction': 0.13553110845109992}
observation time 0.000005, current best 45.613981 at iter 13
suggestion time taken 0.002477 iter 14 next_points [{'alpha': 0.0007171213345544265, 'batch_size': 163, 'beta_1': 0.9816325320856149, 'beta_2': 0.9999971615298959, 'epsilon': 1.1239118782212034e-08, 'hidden_layer_sizes': 155, 'learning_rate_init': 0.03766434040581977, 'tol': 1.7939969993488664e-05, 'validation_fraction': 0.11433809012782105}]
function_evaluation time 0.219066 value 55.543755 suggestion {'alpha': 0.0007171213345544265, 'batch_size': 163, 'beta_1': 0.9816325320856149, 'beta_2': 0.9999971615298959, 'epsilon': 1.1239118782212034e-08, 'hidden_layer_sizes': 155, 'learning_rate_init': 0.03766434040581977, 'tol': 1.7939969993488664e-05, 'validation_fraction': 0.11433809012782105}
observation time 0.000005, current best 45.613981 at iter 14
saving meta data: {'args': {'--uuid': '02f6c03a6aca5e33895b49403dd8b48a', '-db-root': '/home/ryedida/bbo_challenge_starter_kit/output', '--opt-root': '/home/ryedida/bbo_challenge_starter_kit/example_submissions', '--data-root': None, '--db': 'run_20230425_034200', '--opt': 'random-search', '--data': 'diabetes', '--classifier': 'MLP-adam', '--metric': 'mae', '--calls': 15, '--suggestions': 1, '--jobs-file': None, '--verbose': False, 'dry_run': False, 'rev': 'a376313', 'opt_rev': '0.0.8'}, 'signature': ([{'alpha': 0.019628224813442792, 'batch_size': 182, 'beta_1': 0.9410202200271762, 'beta_2': 0.9998021557676793, 'epsilon': 1.8662266976518e-08, 'hidden_layer_sizes': 147, 'learning_rate_init': 0.0005627932047415167, 'tol': 0.03690557729213761, 'validation_fraction': 0.8846827852548593}, {'alpha': 0.0019982467392329444, 'batch_size': 200, 'beta_1': 0.919111482530466, 'beta_2': 0.9998488260436156, 'epsilon': 5.981221901152555e-07, 'hidden_layer_sizes': 61, 'learning_rate_init': 2.2310905607443014e-05, 'tol': 1.2046852412030316e-05, 'validation_fraction': 0.8117896445826539}, {'alpha': 0.46659545670218433, 'batch_size': 219, 'beta_1': 0.9889789783750891, 'beta_2': 0.9999896868093284, 'epsilon': 2.4234724484675948e-08, 'hidden_layer_sizes': 167, 'learning_rate_init': 2.972334644335654e-05, 'tol': 0.0036281404040243792, 'validation_fraction': 0.17260651658522078}, {'alpha': 4.656005689076002, 'batch_size': 135, 'beta_1': 0.870503881627747, 'beta_2': 0.9948873266941017, 'epsilon': 2.1023308743480125e-07, 'hidden_layer_sizes': 118, 'learning_rate_init': 0.0018781738757161913, 'tol': 1.1889379831773004e-05, 'validation_fraction': 0.6264327093752792}, {'alpha': 0.04705159350400542, 'batch_size': 158, 'beta_1': 0.9870884262730957, 'beta_2': 0.9999596874382349, 'epsilon': 1.1981845126013875e-08, 'hidden_layer_sizes': 116, 'learning_rate_init': 0.00617340520407431, 'tol': 1.741413418158619e-05, 'validation_fraction': 0.6754299026638921}], [151.4971925380264, 151.42763539278994, 151.47026299046811, 136.86202504264318, 75.2055865763391])}
saving results
saving timing
saving suggest log
done
