running: {'--uuid': '054b359f78eb565c9d9b7a68920de1d9', '-db-root': '/home/ryedida/bbo_challenge_starter_kit/output', '--opt-root': '/home/ryedida/bbo_challenge_starter_kit/example_submissions', '--data-root': None, '--db': 'run_20230425_034200', '--opt': 'hyperopt', '--data': 'diabetes', '--classifier': 'MLP-adam', '--metric': 'mse', '--calls': 15, '--suggestions': 1, '--jobs-file': None, '--verbose': False, 'dry_run': False, 'rev': 'a376313', 'opt_rev': '0.2.7'}
cmd: python hyperopt/optimizer.py -c MLP-adam -d diabetes -o hyperopt -u 054b359f78eb565c9d9b7a68920de1d9 -m mse -n 15 -p 1 -dir /home/ryedida/bbo_challenge_starter_kit/output -b run_20230425_034200
/home/ryedida/.local/lib/python3.9/site-packages/sklearn/neural_network/_multilayer_perceptron.py:605: UserWarning: Got `batch_size` less than 1 or larger than sample size. It is going to be clipped
  warnings.warn(

/home/ryedida/.local/lib/python3.9/site-packages/sklearn/neural_network/_multilayer_perceptron.py:605: UserWarning: Got `batch_size` less than 1 or larger than sample size. It is going to be clipped
  warnings.warn(

/home/ryedida/.local/lib/python3.9/site-packages/sklearn/neural_network/_multilayer_perceptron.py:605: UserWarning: Got `batch_size` less than 1 or larger than sample size. It is going to be clipped
  warnings.warn(

/home/ryedida/.local/lib/python3.9/site-packages/sklearn/neural_network/_multilayer_perceptron.py:686: ConvergenceWarning: Stochastic Optimizer: Maximum iterations (200) reached and the optimization hasn't converged yet.
  warnings.warn(

/home/ryedida/.local/lib/python3.9/site-packages/sklearn/neural_network/_multilayer_perceptron.py:605: UserWarning: Got `batch_size` less than 1 or larger than sample size. It is going to be clipped
  warnings.warn(

/home/ryedida/.local/lib/python3.9/site-packages/sklearn/neural_network/_multilayer_perceptron.py:686: ConvergenceWarning: Stochastic Optimizer: Maximum iterations (200) reached and the optimization hasn't converged yet.
  warnings.warn(

computed signature: ([{'alpha': 0.019628224813442792, 'batch_size': 182, 'beta_1': 0.9410202200271762, 'beta_2': 0.9998021557676793, 'epsilon': 1.8662266976518e-08, 'hidden_layer_sizes': 147, 'learning_rate_init': 0.0005627932047415167, 'tol': 0.03690557729213761, 'validation_fraction': 0.8846827852548593}, {'alpha': 0.0019982467392329444, 'batch_size': 200, 'beta_1': 0.919111482530466, 'beta_2': 0.9998488260436156, 'epsilon': 5.981221901152555e-07, 'hidden_layer_sizes': 61, 'learning_rate_init': 2.2310905607443014e-05, 'tol': 1.2046852412030316e-05, 'validation_fraction': 0.8117896445826539}, {'alpha': 0.46659545670218433, 'batch_size': 219, 'beta_1': 0.9889789783750891, 'beta_2': 0.9999896868093284, 'epsilon': 2.4234724484675948e-08, 'hidden_layer_sizes': 167, 'learning_rate_init': 2.972334644335654e-05, 'tol': 0.0036281404040243792, 'validation_fraction': 0.17260651658522078}, {'alpha': 4.656005689076002, 'batch_size': 135, 'beta_1': 0.870503881627747, 'beta_2': 0.9948873266941017, 'epsilon': 2.1023308743480125e-07, 'hidden_layer_sizes': 118, 'learning_rate_init': 0.0018781738757161913, 'tol': 1.1889379831773004e-05, 'validation_fraction': 0.6264327093752792}, {'alpha': 0.04705159350400542, 'batch_size': 158, 'beta_1': 0.9870884262730957, 'beta_2': 0.9999596874382349, 'epsilon': 1.1981845126013875e-08, 'hidden_layer_sizes': 116, 'learning_rate_init': 0.00617340520407431, 'tol': 1.741413418158619e-05, 'validation_fraction': 0.6754299026638921}], [29083.993548572587, 29062.423277324073, 29075.78987471409, 24626.32866834337, 9584.226858493177])
Signature errors:
                              0         1         2         3         4       max
MLP-adam_diabetes_mse  0.000007  0.000008  0.000003  0.003558  0.004952  0.004952
max                    0.000007  0.000008  0.000003  0.003558  0.004952  0.004952
starting sklearn study hyperopt MLP-adam diabetes mse 15 1
with data root: None
suggestion time taken 0.002322 iter 0 next_points [{'alpha': 0.0004919736418193462, 'batch_size': 88, 'beta_1': 0.759495205873615, 'beta_2': 0.997845997597557, 'epsilon': 1.3671502068362279e-08, 'hidden_layer_sizes': 152, 'learning_rate_init': 0.0003144776240273066, 'tol': 0.0015854059284795912, 'validation_fraction': 0.2077678866498324}]
function_evaluation time 0.099268 value 29095.422334 suggestion {'alpha': 0.0004919736418193462, 'batch_size': 88, 'beta_1': 0.759495205873615, 'beta_2': 0.997845997597557, 'epsilon': 1.3671502068362279e-08, 'hidden_layer_sizes': 152, 'learning_rate_init': 0.0003144776240273066, 'tol': 0.0015854059284795912, 'validation_fraction': 0.2077678866498324}
observation time 0.000071, current best 29095.422334 at iter 0
suggestion time taken 0.002428 iter 1 next_points [{'alpha': 0.0009269899319382118, 'batch_size': 153, 'beta_1': 0.9069907078349866, 'beta_2': 0.9337717163380083, 'epsilon': 2.0474619411031503e-08, 'hidden_layer_sizes': 101, 'learning_rate_init': 0.00012405937837517978, 'tol': 0.0008104039820718849, 'validation_fraction': 0.5569537556379834}]
function_evaluation time 0.056344 value 29102.149547 suggestion {'alpha': 0.0009269899319382118, 'batch_size': 153, 'beta_1': 0.9069907078349866, 'beta_2': 0.9337717163380083, 'epsilon': 2.0474619411031503e-08, 'hidden_layer_sizes': 101, 'learning_rate_init': 0.00012405937837517978, 'tol': 0.0008104039820718849, 'validation_fraction': 0.5569537556379834}
observation time 0.000070, current best 29095.422334 at iter 1
suggestion time taken 0.002158 iter 2 next_points [{'alpha': 3.387377665966798e-05, 'batch_size': 172, 'beta_1': 0.916110311637137, 'beta_2': 0.9216679558949356, 'epsilon': 5.392081184395548e-09, 'hidden_layer_sizes': 197, 'learning_rate_init': 0.0013363302827469606, 'tol': 4.2301217336144965e-05, 'validation_fraction': 0.3323306603021039}]
/home/ryedida/.local/lib/python3.9/site-packages/sklearn/neural_network/_multilayer_perceptron.py:686: ConvergenceWarning: Stochastic Optimizer: Maximum iterations (200) reached and the optimization hasn't converged yet.
  warnings.warn(

function_evaluation time 1.327042 value 21107.387953 suggestion {'alpha': 3.387377665966798e-05, 'batch_size': 172, 'beta_1': 0.916110311637137, 'beta_2': 0.9216679558949356, 'epsilon': 5.392081184395548e-09, 'hidden_layer_sizes': 197, 'learning_rate_init': 0.0013363302827469606, 'tol': 4.2301217336144965e-05, 'validation_fraction': 0.3323306603021039}
observation time 0.000067, current best 21107.387953 at iter 2
suggestion time taken 0.002178 iter 3 next_points [{'alpha': 0.014276259417268395, 'batch_size': 116, 'beta_1': 0.6414134770286523, 'beta_2': 0.989321601147373, 'epsilon': 1.098955144335706e-08, 'hidden_layer_sizes': 61, 'learning_rate_init': 2.0173831753267428e-05, 'tol': 0.018988401923961205, 'validation_fraction': 0.45841029559942365}]
function_evaluation time 0.045583 value 29121.362137 suggestion {'alpha': 0.014276259417268395, 'batch_size': 116, 'beta_1': 0.6414134770286523, 'beta_2': 0.989321601147373, 'epsilon': 1.098955144335706e-08, 'hidden_layer_sizes': 61, 'learning_rate_init': 2.0173831753267428e-05, 'tol': 0.018988401923961205, 'validation_fraction': 0.45841029559942365}
observation time 0.000071, current best 21107.387953 at iter 3
suggestion time taken 0.002151 iter 4 next_points [{'alpha': 0.16463573286051417, 'batch_size': 65, 'beta_1': 0.6486428726679316, 'beta_2': 0.9671352183468948, 'epsilon': 4.899948684559134e-09, 'hidden_layer_sizes': 111, 'learning_rate_init': 0.0011911169503246968, 'tol': 3.7856890896954344e-05, 'validation_fraction': 0.2752060243462514}]
/home/ryedida/.local/lib/python3.9/site-packages/sklearn/neural_network/_multilayer_perceptron.py:686: ConvergenceWarning: Stochastic Optimizer: Maximum iterations (200) reached and the optimization hasn't converged yet.
  warnings.warn(

function_evaluation time 1.061395 value 14758.271041 suggestion {'alpha': 0.16463573286051417, 'batch_size': 65, 'beta_1': 0.6486428726679316, 'beta_2': 0.9671352183468948, 'epsilon': 4.899948684559134e-09, 'hidden_layer_sizes': 111, 'learning_rate_init': 0.0011911169503246968, 'tol': 3.7856890896954344e-05, 'validation_fraction': 0.2752060243462514}
observation time 0.000058, current best 14758.271041 at iter 4
suggestion time taken 0.002324 iter 5 next_points [{'alpha': 2.0528125052549093, 'batch_size': 96, 'beta_1': 0.7418122487939086, 'beta_2': 0.9479546934648132, 'epsilon': 4.241419825497955e-08, 'hidden_layer_sizes': 95, 'learning_rate_init': 1.036806642904581e-05, 'tol': 0.0004039130556371612, 'validation_fraction': 0.7952933983239451}]
/home/ryedida/.local/lib/python3.9/site-packages/sklearn/neural_network/_multilayer_perceptron.py:605: UserWarning: Got `batch_size` less than 1 or larger than sample size. It is going to be clipped
  warnings.warn(

function_evaluation time 0.048383 value 29162.583695 suggestion {'alpha': 2.0528125052549093, 'batch_size': 96, 'beta_1': 0.7418122487939086, 'beta_2': 0.9479546934648132, 'epsilon': 4.241419825497955e-08, 'hidden_layer_sizes': 95, 'learning_rate_init': 1.036806642904581e-05, 'tol': 0.0004039130556371612, 'validation_fraction': 0.7952933983239451}
observation time 0.000067, current best 14758.271041 at iter 5
suggestion time taken 0.002162 iter 6 next_points [{'alpha': 5.4055801290322936e-05, 'batch_size': 215, 'beta_1': 0.7566565695771635, 'beta_2': 0.9021608255034581, 'epsilon': 4.2279937711485886e-08, 'hidden_layer_sizes': 176, 'learning_rate_init': 0.0009361422629902505, 'tol': 0.00056115921149295, 'validation_fraction': 0.8353529563420229}]
/home/ryedida/.local/lib/python3.9/site-packages/sklearn/neural_network/_multilayer_perceptron.py:605: UserWarning: Got `batch_size` less than 1 or larger than sample size. It is going to be clipped
  warnings.warn(

/home/ryedida/.local/lib/python3.9/site-packages/sklearn/neural_network/_multilayer_perceptron.py:686: ConvergenceWarning: Stochastic Optimizer: Maximum iterations (200) reached and the optimization hasn't converged yet.
  warnings.warn(

function_evaluation time 0.759620 value 27660.700244 suggestion {'alpha': 5.4055801290322936e-05, 'batch_size': 215, 'beta_1': 0.7566565695771635, 'beta_2': 0.9021608255034581, 'epsilon': 4.2279937711485886e-08, 'hidden_layer_sizes': 176, 'learning_rate_init': 0.0009361422629902505, 'tol': 0.00056115921149295, 'validation_fraction': 0.8353529563420229}
observation time 0.000071, current best 14758.271041 at iter 6
suggestion time taken 0.002212 iter 7 next_points [{'alpha': 0.003806055180459761, 'batch_size': 179, 'beta_1': 0.7314296236111983, 'beta_2': 0.9163589549481801, 'epsilon': 4.512558761860248e-09, 'hidden_layer_sizes': 195, 'learning_rate_init': 0.0031851585792328344, 'tol': 0.0005810361262812947, 'validation_fraction': 0.11522877528432715}]
/home/ryedida/.local/lib/python3.9/site-packages/sklearn/neural_network/_multilayer_perceptron.py:686: ConvergenceWarning: Stochastic Optimizer: Maximum iterations (200) reached and the optimization hasn't converged yet.
  warnings.warn(

function_evaluation time 1.423107 value 4020.268113 suggestion {'alpha': 0.003806055180459761, 'batch_size': 179, 'beta_1': 0.7314296236111983, 'beta_2': 0.9163589549481801, 'epsilon': 4.512558761860248e-09, 'hidden_layer_sizes': 195, 'learning_rate_init': 0.0031851585792328344, 'tol': 0.0005810361262812947, 'validation_fraction': 0.11522877528432715}
observation time 0.000069, current best 4020.268113 at iter 7
suggestion time taken 0.002141 iter 8 next_points [{'alpha': 0.018325896498366155, 'batch_size': 39, 'beta_1': 0.7828973273294622, 'beta_2': 0.9879155940071928, 'epsilon': 2.1398747273964897e-09, 'hidden_layer_sizes': 81, 'learning_rate_init': 1.1040479091028742e-05, 'tol': 0.00016627243913744721, 'validation_fraction': 0.1173546249420424}]
function_evaluation time 0.086835 value 29131.177731 suggestion {'alpha': 0.018325896498366155, 'batch_size': 39, 'beta_1': 0.7828973273294622, 'beta_2': 0.9879155940071928, 'epsilon': 2.1398747273964897e-09, 'hidden_layer_sizes': 81, 'learning_rate_init': 1.1040479091028742e-05, 'tol': 0.00016627243913744721, 'validation_fraction': 0.1173546249420424}
observation time 0.000070, current best 4020.268113 at iter 8
suggestion time taken 0.002142 iter 9 next_points [{'alpha': 2.823034256608397e-05, 'batch_size': 179, 'beta_1': 0.7817382549595304, 'beta_2': 0.92181636488422, 'epsilon': 3.3457458459084086e-07, 'hidden_layer_sizes': 97, 'learning_rate_init': 0.004238352970892318, 'tol': 0.0005227245261365307, 'validation_fraction': 0.2660648868875691}]
/home/ryedida/.local/lib/python3.9/site-packages/sklearn/neural_network/_multilayer_perceptron.py:686: ConvergenceWarning: Stochastic Optimizer: Maximum iterations (200) reached and the optimization hasn't converged yet.
  warnings.warn(

function_evaluation time 1.030982 value 4302.478874 suggestion {'alpha': 2.823034256608397e-05, 'batch_size': 179, 'beta_1': 0.7817382549595304, 'beta_2': 0.92181636488422, 'epsilon': 3.3457458459084086e-07, 'hidden_layer_sizes': 97, 'learning_rate_init': 0.004238352970892318, 'tol': 0.0005227245261365307, 'validation_fraction': 0.2660648868875691}
observation time 0.000072, current best 4020.268113 at iter 9
suggestion time taken 0.002176 iter 10 next_points [{'alpha': 8.001460283795707, 'batch_size': 84, 'beta_1': 0.6907237059118486, 'beta_2': 0.9776521947488562, 'epsilon': 2.676052644196932e-07, 'hidden_layer_sizes': 78, 'learning_rate_init': 0.014464627916191852, 'tol': 0.0812643704257906, 'validation_fraction': 0.1322239598191132}]
function_evaluation time 0.168507 value 4184.803531 suggestion {'alpha': 8.001460283795707, 'batch_size': 84, 'beta_1': 0.6907237059118486, 'beta_2': 0.9776521947488562, 'epsilon': 2.676052644196932e-07, 'hidden_layer_sizes': 78, 'learning_rate_init': 0.014464627916191852, 'tol': 0.0812643704257906, 'validation_fraction': 0.1322239598191132}
observation time 0.000075, current best 4020.268113 at iter 10
suggestion time taken 0.002394 iter 11 next_points [{'alpha': 0.002731795287565182, 'batch_size': 142, 'beta_1': 0.8449838212386512, 'beta_2': 0.9562739072885414, 'epsilon': 9.962759556329253e-09, 'hidden_layer_sizes': 159, 'learning_rate_init': 0.00011971759520804773, 'tol': 0.00044075496869789893, 'validation_fraction': 0.14182683071111638}]
function_evaluation time 0.090972 value 29126.798145 suggestion {'alpha': 0.002731795287565182, 'batch_size': 142, 'beta_1': 0.8449838212386512, 'beta_2': 0.9562739072885414, 'epsilon': 9.962759556329253e-09, 'hidden_layer_sizes': 159, 'learning_rate_init': 0.00011971759520804773, 'tol': 0.00044075496869789893, 'validation_fraction': 0.14182683071111638}
observation time 0.000070, current best 4020.268113 at iter 11
suggestion time taken 0.002150 iter 12 next_points [{'alpha': 0.0002786089650581315, 'batch_size': 156, 'beta_1': 0.7516689508730364, 'beta_2': 0.9212058633222414, 'epsilon': 3.512581017249274e-08, 'hidden_layer_sizes': 108, 'learning_rate_init': 0.00015634541856539817, 'tol': 0.04033803990594576, 'validation_fraction': 0.5339111438588722}]
function_evaluation time 0.057132 value 29107.941488 suggestion {'alpha': 0.0002786089650581315, 'batch_size': 156, 'beta_1': 0.7516689508730364, 'beta_2': 0.9212058633222414, 'epsilon': 3.512581017249274e-08, 'hidden_layer_sizes': 108, 'learning_rate_init': 0.00015634541856539817, 'tol': 0.04033803990594576, 'validation_fraction': 0.5339111438588722}
observation time 0.000071, current best 4020.268113 at iter 12
suggestion time taken 0.002580 iter 13 next_points [{'alpha': 2.1599825839442746, 'batch_size': 161, 'beta_1': 0.949162348813621, 'beta_2': 0.916543106106334, 'epsilon': 3.098434713548573e-09, 'hidden_layer_sizes': 78, 'learning_rate_init': 0.02888789619930385, 'tol': 0.0005526563583589662, 'validation_fraction': 0.11559058696722754}]
function_evaluation time 0.259457 value 4186.283430 suggestion {'alpha': 2.1599825839442746, 'batch_size': 161, 'beta_1': 0.949162348813621, 'beta_2': 0.916543106106334, 'epsilon': 3.098434713548573e-09, 'hidden_layer_sizes': 78, 'learning_rate_init': 0.02888789619930385, 'tol': 0.0005526563583589662, 'validation_fraction': 0.11559058696722754}
observation time 0.000075, current best 4020.268113 at iter 13
suggestion time taken 0.002147 iter 14 next_points [{'alpha': 0.000572891216759837, 'batch_size': 112, 'beta_1': 0.509818114312507, 'beta_2': 0.9777748269758103, 'epsilon': 6.309328965388086e-08, 'hidden_layer_sizes': 167, 'learning_rate_init': 7.633589445974341e-05, 'tol': 0.048679977800355795, 'validation_fraction': 0.10752809155371909}]
function_evaluation time 0.103623 value 29105.102926 suggestion {'alpha': 0.000572891216759837, 'batch_size': 112, 'beta_1': 0.509818114312507, 'beta_2': 0.9777748269758103, 'epsilon': 6.309328965388086e-08, 'hidden_layer_sizes': 167, 'learning_rate_init': 7.633589445974341e-05, 'tol': 0.048679977800355795, 'validation_fraction': 0.10752809155371909}
observation time 0.000074, current best 4020.268113 at iter 14
saving meta data: {'args': {'--uuid': '054b359f78eb565c9d9b7a68920de1d9', '-db-root': '/home/ryedida/bbo_challenge_starter_kit/output', '--opt-root': '/home/ryedida/bbo_challenge_starter_kit/example_submissions', '--data-root': None, '--db': 'run_20230425_034200', '--opt': 'hyperopt', '--data': 'diabetes', '--classifier': 'MLP-adam', '--metric': 'mse', '--calls': 15, '--suggestions': 1, '--jobs-file': None, '--verbose': False, 'dry_run': False, 'rev': 'a376313', 'opt_rev': '0.2.7'}, 'signature': ([{'alpha': 0.019628224813442792, 'batch_size': 182, 'beta_1': 0.9410202200271762, 'beta_2': 0.9998021557676793, 'epsilon': 1.8662266976518e-08, 'hidden_layer_sizes': 147, 'learning_rate_init': 0.0005627932047415167, 'tol': 0.03690557729213761, 'validation_fraction': 0.8846827852548593}, {'alpha': 0.0019982467392329444, 'batch_size': 200, 'beta_1': 0.919111482530466, 'beta_2': 0.9998488260436156, 'epsilon': 5.981221901152555e-07, 'hidden_layer_sizes': 61, 'learning_rate_init': 2.2310905607443014e-05, 'tol': 1.2046852412030316e-05, 'validation_fraction': 0.8117896445826539}, {'alpha': 0.46659545670218433, 'batch_size': 219, 'beta_1': 0.9889789783750891, 'beta_2': 0.9999896868093284, 'epsilon': 2.4234724484675948e-08, 'hidden_layer_sizes': 167, 'learning_rate_init': 2.972334644335654e-05, 'tol': 0.0036281404040243792, 'validation_fraction': 0.17260651658522078}, {'alpha': 4.656005689076002, 'batch_size': 135, 'beta_1': 0.870503881627747, 'beta_2': 0.9948873266941017, 'epsilon': 2.1023308743480125e-07, 'hidden_layer_sizes': 118, 'learning_rate_init': 0.0018781738757161913, 'tol': 1.1889379831773004e-05, 'validation_fraction': 0.6264327093752792}, {'alpha': 0.04705159350400542, 'batch_size': 158, 'beta_1': 0.9870884262730957, 'beta_2': 0.9999596874382349, 'epsilon': 1.1981845126013875e-08, 'hidden_layer_sizes': 116, 'learning_rate_init': 0.00617340520407431, 'tol': 1.741413418158619e-05, 'validation_fraction': 0.6754299026638921}], [29083.993548572587, 29062.423277324073, 29075.78987471409, 24626.32866834337, 9584.226858493177])}
saving results
saving timing
saving suggest log
done
