running: {'--uuid': '10e378567ba15c3c8bda68cd7a4f3e0e', '-db-root': '/home/ryedida/bbo_challenge_starter_kit/output', '--opt-root': '/home/ryedida/bbo_challenge_starter_kit/example_submissions', '--data-root': None, '--db': 'run_20230425_034200', '--opt': 'hyperopt', '--data': 'diabetes', '--classifier': 'MLP-adam', '--metric': 'mse', '--calls': 15, '--suggestions': 1, '--jobs-file': None, '--verbose': False, 'dry_run': False, 'rev': 'a376313', 'opt_rev': '0.2.7'}
cmd: python hyperopt/optimizer.py -c MLP-adam -d diabetes -o hyperopt -u 10e378567ba15c3c8bda68cd7a4f3e0e -m mse -n 15 -p 1 -dir /home/ryedida/bbo_challenge_starter_kit/output -b run_20230425_034200
/home/ryedida/.local/lib/python3.9/site-packages/sklearn/neural_network/_multilayer_perceptron.py:605: UserWarning: Got `batch_size` less than 1 or larger than sample size. It is going to be clipped
  warnings.warn(

/home/ryedida/.local/lib/python3.9/site-packages/sklearn/neural_network/_multilayer_perceptron.py:605: UserWarning: Got `batch_size` less than 1 or larger than sample size. It is going to be clipped
  warnings.warn(

/home/ryedida/.local/lib/python3.9/site-packages/sklearn/neural_network/_multilayer_perceptron.py:605: UserWarning: Got `batch_size` less than 1 or larger than sample size. It is going to be clipped
  warnings.warn(

/home/ryedida/.local/lib/python3.9/site-packages/sklearn/neural_network/_multilayer_perceptron.py:686: ConvergenceWarning: Stochastic Optimizer: Maximum iterations (200) reached and the optimization hasn't converged yet.
  warnings.warn(

/home/ryedida/.local/lib/python3.9/site-packages/sklearn/neural_network/_multilayer_perceptron.py:605: UserWarning: Got `batch_size` less than 1 or larger than sample size. It is going to be clipped
  warnings.warn(

/home/ryedida/.local/lib/python3.9/site-packages/sklearn/neural_network/_multilayer_perceptron.py:686: ConvergenceWarning: Stochastic Optimizer: Maximum iterations (200) reached and the optimization hasn't converged yet.
  warnings.warn(

computed signature: ([{'alpha': 0.019628224813442792, 'batch_size': 182, 'beta_1': 0.9410202200271762, 'beta_2': 0.9998021557676793, 'epsilon': 1.8662266976518e-08, 'hidden_layer_sizes': 147, 'learning_rate_init': 0.0005627932047415167, 'tol': 0.03690557729213761, 'validation_fraction': 0.8846827852548593}, {'alpha': 0.0019982467392329444, 'batch_size': 200, 'beta_1': 0.919111482530466, 'beta_2': 0.9998488260436156, 'epsilon': 5.981221901152555e-07, 'hidden_layer_sizes': 61, 'learning_rate_init': 2.2310905607443014e-05, 'tol': 1.2046852412030316e-05, 'validation_fraction': 0.8117896445826539}, {'alpha': 0.46659545670218433, 'batch_size': 219, 'beta_1': 0.9889789783750891, 'beta_2': 0.9999896868093284, 'epsilon': 2.4234724484675948e-08, 'hidden_layer_sizes': 167, 'learning_rate_init': 2.972334644335654e-05, 'tol': 0.0036281404040243792, 'validation_fraction': 0.17260651658522078}, {'alpha': 4.656005689076002, 'batch_size': 135, 'beta_1': 0.870503881627747, 'beta_2': 0.9948873266941017, 'epsilon': 2.1023308743480125e-07, 'hidden_layer_sizes': 118, 'learning_rate_init': 0.0018781738757161913, 'tol': 1.1889379831773004e-05, 'validation_fraction': 0.6264327093752792}, {'alpha': 0.04705159350400542, 'batch_size': 158, 'beta_1': 0.9870884262730957, 'beta_2': 0.9999596874382349, 'epsilon': 1.1981845126013875e-08, 'hidden_layer_sizes': 116, 'learning_rate_init': 0.00617340520407431, 'tol': 1.741413418158619e-05, 'validation_fraction': 0.6754299026638921}], [29083.993548572587, 29062.423277324073, 29075.78987471409, 24626.32866834337, 9584.226858493177])
Signature errors:
                              0         1         2         3         4       max
MLP-adam_diabetes_mse  0.000007  0.000008  0.000003  0.003558  0.004952  0.004952
max                    0.000007  0.000008  0.000003  0.003558  0.004952  0.004952
starting sklearn study hyperopt MLP-adam diabetes mse 15 1
with data root: None
suggestion time taken 0.002347 iter 0 next_points [{'alpha': 0.2414928392163124, 'batch_size': 215, 'beta_1': 0.5922464082637368, 'beta_2': 0.9014735078195416, 'epsilon': 1.37587400491214e-09, 'hidden_layer_sizes': 192, 'learning_rate_init': 1.001973895533081e-05, 'tol': 0.002188847115117066, 'validation_fraction': 0.16517516203865276}]
function_evaluation time 0.091710 value 29136.241835 suggestion {'alpha': 0.2414928392163124, 'batch_size': 215, 'beta_1': 0.5922464082637368, 'beta_2': 0.9014735078195416, 'epsilon': 1.37587400491214e-09, 'hidden_layer_sizes': 192, 'learning_rate_init': 1.001973895533081e-05, 'tol': 0.002188847115117066, 'validation_fraction': 0.16517516203865276}
observation time 0.000070, current best 29136.241835 at iter 0
suggestion time taken 0.002410 iter 1 next_points [{'alpha': 7.98941251084357e-05, 'batch_size': 31, 'beta_1': 0.6434211540393452, 'beta_2': 0.9292529514675752, 'epsilon': 1.080099066864302e-08, 'hidden_layer_sizes': 71, 'learning_rate_init': 0.04186923619132074, 'tol': 0.00017753906903380243, 'validation_fraction': 0.18299451626006927}]
function_evaluation time 0.324739 value 2903.190524 suggestion {'alpha': 7.98941251084357e-05, 'batch_size': 31, 'beta_1': 0.6434211540393452, 'beta_2': 0.9292529514675752, 'epsilon': 1.080099066864302e-08, 'hidden_layer_sizes': 71, 'learning_rate_init': 0.04186923619132074, 'tol': 0.00017753906903380243, 'validation_fraction': 0.18299451626006927}
observation time 0.000069, current best 2903.190524 at iter 1
suggestion time taken 0.002120 iter 2 next_points [{'alpha': 0.05251687197446138, 'batch_size': 250, 'beta_1': 0.8199491281831076, 'beta_2': 0.9591758924111257, 'epsilon': 4.569257460063795e-09, 'hidden_layer_sizes': 98, 'learning_rate_init': 0.0026930228950999367, 'tol': 0.0009333030265658754, 'validation_fraction': 0.10599201154321886}]
/home/ryedida/.local/lib/python3.9/site-packages/sklearn/neural_network/_multilayer_perceptron.py:686: ConvergenceWarning: Stochastic Optimizer: Maximum iterations (200) reached and the optimization hasn't converged yet.
  warnings.warn(

function_evaluation time 1.072325 value 14986.304999 suggestion {'alpha': 0.05251687197446138, 'batch_size': 250, 'beta_1': 0.8199491281831076, 'beta_2': 0.9591758924111257, 'epsilon': 4.569257460063795e-09, 'hidden_layer_sizes': 98, 'learning_rate_init': 0.0026930228950999367, 'tol': 0.0009333030265658754, 'validation_fraction': 0.10599201154321886}
observation time 0.000068, current best 2903.190524 at iter 2
suggestion time taken 0.002161 iter 3 next_points [{'alpha': 0.003326021549768528, 'batch_size': 160, 'beta_1': 0.9457399667801616, 'beta_2': 0.9892143712268701, 'epsilon': 1.8440093253301118e-08, 'hidden_layer_sizes': 83, 'learning_rate_init': 0.00432822300107637, 'tol': 0.07386444183029112, 'validation_fraction': 0.5674148577646231}]
/home/ryedida/.local/lib/python3.9/site-packages/sklearn/neural_network/_multilayer_perceptron.py:605: UserWarning: Got `batch_size` less than 1 or larger than sample size. It is going to be clipped
  warnings.warn(

function_evaluation time 0.050947 value 28983.685603 suggestion {'alpha': 0.003326021549768528, 'batch_size': 160, 'beta_1': 0.9457399667801616, 'beta_2': 0.9892143712268701, 'epsilon': 1.8440093253301118e-08, 'hidden_layer_sizes': 83, 'learning_rate_init': 0.00432822300107637, 'tol': 0.07386444183029112, 'validation_fraction': 0.5674148577646231}
observation time 0.000068, current best 2903.190524 at iter 3
suggestion time taken 0.002141 iter 4 next_points [{'alpha': 9.566072155101005e-05, 'batch_size': 171, 'beta_1': 0.7543955830143977, 'beta_2': 0.9108380162171426, 'epsilon': 4.208686085051967e-07, 'hidden_layer_sizes': 135, 'learning_rate_init': 2.6534772983936455e-05, 'tol': 5.868745804256993e-05, 'validation_fraction': 0.692268209769356}]
/home/ryedida/.local/lib/python3.9/site-packages/sklearn/neural_network/_multilayer_perceptron.py:605: UserWarning: Got `batch_size` less than 1 or larger than sample size. It is going to be clipped
  warnings.warn(

function_evaluation time 0.055832 value 29128.960510 suggestion {'alpha': 9.566072155101005e-05, 'batch_size': 171, 'beta_1': 0.7543955830143977, 'beta_2': 0.9108380162171426, 'epsilon': 4.208686085051967e-07, 'hidden_layer_sizes': 135, 'learning_rate_init': 2.6534772983936455e-05, 'tol': 5.868745804256993e-05, 'validation_fraction': 0.692268209769356}
observation time 0.000069, current best 2903.190524 at iter 4
suggestion time taken 0.002151 iter 5 next_points [{'alpha': 0.8333475349910728, 'batch_size': 230, 'beta_1': 0.7647072520928182, 'beta_2': 0.9530211524111025, 'epsilon': 5.539649868954413e-08, 'hidden_layer_sizes': 184, 'learning_rate_init': 0.054320795563665446, 'tol': 0.031876467614772246, 'validation_fraction': 0.8369699638994484}]
/home/ryedida/.local/lib/python3.9/site-packages/sklearn/neural_network/_multilayer_perceptron.py:605: UserWarning: Got `batch_size` less than 1 or larger than sample size. It is going to be clipped
  warnings.warn(

function_evaluation time 0.143425 value 3661.845307 suggestion {'alpha': 0.8333475349910728, 'batch_size': 230, 'beta_1': 0.7647072520928182, 'beta_2': 0.9530211524111025, 'epsilon': 5.539649868954413e-08, 'hidden_layer_sizes': 184, 'learning_rate_init': 0.054320795563665446, 'tol': 0.031876467614772246, 'validation_fraction': 0.8369699638994484}
observation time 0.000066, current best 2903.190524 at iter 5
suggestion time taken 0.002146 iter 6 next_points [{'alpha': 0.0003112678359000118, 'batch_size': 62, 'beta_1': 0.8667404190078032, 'beta_2': 0.9844895183306278, 'epsilon': 5.666071129755963e-07, 'hidden_layer_sizes': 166, 'learning_rate_init': 0.0060462535523436445, 'tol': 1.2959619371090166e-05, 'validation_fraction': 0.12442393211887469}]
function_evaluation time 1.717542 value 2874.578015 suggestion {'alpha': 0.0003112678359000118, 'batch_size': 62, 'beta_1': 0.8667404190078032, 'beta_2': 0.9844895183306278, 'epsilon': 5.666071129755963e-07, 'hidden_layer_sizes': 166, 'learning_rate_init': 0.0060462535523436445, 'tol': 1.2959619371090166e-05, 'validation_fraction': 0.12442393211887469}
observation time 0.000069, current best 2874.578015 at iter 6
suggestion time taken 0.002157 iter 7 next_points [{'alpha': 0.15503469403144857, 'batch_size': 235, 'beta_1': 0.5815633835289088, 'beta_2': 0.9654843154199367, 'epsilon': 5.837725892908028e-07, 'hidden_layer_sizes': 123, 'learning_rate_init': 0.0009156195992315541, 'tol': 3.891314103055279e-05, 'validation_fraction': 0.21698954668974182}]
/home/ryedida/.local/lib/python3.9/site-packages/sklearn/neural_network/_multilayer_perceptron.py:686: ConvergenceWarning: Stochastic Optimizer: Maximum iterations (200) reached and the optimization hasn't converged yet.
  warnings.warn(

function_evaluation time 0.932682 value 27794.529510 suggestion {'alpha': 0.15503469403144857, 'batch_size': 235, 'beta_1': 0.5815633835289088, 'beta_2': 0.9654843154199367, 'epsilon': 5.837725892908028e-07, 'hidden_layer_sizes': 123, 'learning_rate_init': 0.0009156195992315541, 'tol': 3.891314103055279e-05, 'validation_fraction': 0.21698954668974182}
observation time 0.000072, current best 2874.578015 at iter 7
suggestion time taken 0.002118 iter 8 next_points [{'alpha': 0.003812717270180924, 'batch_size': 248, 'beta_1': 0.6299996510379465, 'beta_2': 0.9652481955515553, 'epsilon': 1.0624198536137731e-09, 'hidden_layer_sizes': 90, 'learning_rate_init': 0.000379562691967148, 'tol': 0.06455854322964343, 'validation_fraction': 0.31065071376850933}]
/home/ryedida/.local/lib/python3.9/site-packages/sklearn/neural_network/_multilayer_perceptron.py:605: UserWarning: Got `batch_size` less than 1 or larger than sample size. It is going to be clipped
  warnings.warn(

function_evaluation time 0.057247 value 29116.374863 suggestion {'alpha': 0.003812717270180924, 'batch_size': 248, 'beta_1': 0.6299996510379465, 'beta_2': 0.9652481955515553, 'epsilon': 1.0624198536137731e-09, 'hidden_layer_sizes': 90, 'learning_rate_init': 0.000379562691967148, 'tol': 0.06455854322964343, 'validation_fraction': 0.31065071376850933}
observation time 0.000072, current best 2874.578015 at iter 8
suggestion time taken 0.002137 iter 9 next_points [{'alpha': 0.3940531588919094, 'batch_size': 235, 'beta_1': 0.8062419696676421, 'beta_2': 0.9163356861737451, 'epsilon': 2.3714097980361073e-08, 'hidden_layer_sizes': 186, 'learning_rate_init': 0.019945372469341607, 'tol': 0.0002565404939203299, 'validation_fraction': 0.23411775651983427}]
function_evaluation time 0.938414 value 2921.084171 suggestion {'alpha': 0.3940531588919094, 'batch_size': 235, 'beta_1': 0.8062419696676421, 'beta_2': 0.9163356861737451, 'epsilon': 2.3714097980361073e-08, 'hidden_layer_sizes': 186, 'learning_rate_init': 0.019945372469341607, 'tol': 0.0002565404939203299, 'validation_fraction': 0.23411775651983427}
observation time 0.000069, current best 2874.578015 at iter 9
suggestion time taken 0.002180 iter 10 next_points [{'alpha': 0.0018866489932203422, 'batch_size': 65, 'beta_1': 0.5420611165523066, 'beta_2': 0.992623706430659, 'epsilon': 4.6206416404112743e-07, 'hidden_layer_sizes': 78, 'learning_rate_init': 7.428847913483331e-05, 'tol': 0.00011657314689041746, 'validation_fraction': 0.626285322100636}]
/home/ryedida/.local/lib/python3.9/site-packages/sklearn/neural_network/_multilayer_perceptron.py:686: ConvergenceWarning: Stochastic Optimizer: Maximum iterations (200) reached and the optimization hasn't converged yet.
  warnings.warn(

function_evaluation time 0.239006 value 29086.026203 suggestion {'alpha': 0.0018866489932203422, 'batch_size': 65, 'beta_1': 0.5420611165523066, 'beta_2': 0.992623706430659, 'epsilon': 4.6206416404112743e-07, 'hidden_layer_sizes': 78, 'learning_rate_init': 7.428847913483331e-05, 'tol': 0.00011657314689041746, 'validation_fraction': 0.626285322100636}
observation time 0.000072, current best 2874.578015 at iter 10
suggestion time taken 0.002145 iter 11 next_points [{'alpha': 0.005381228880196009, 'batch_size': 128, 'beta_1': 0.5069629989929536, 'beta_2': 0.9330094859037414, 'epsilon': 8.493020725952018e-08, 'hidden_layer_sizes': 166, 'learning_rate_init': 0.09808205834632198, 'tol': 0.03822475063911411, 'validation_fraction': 0.26540942214290647}]
function_evaluation time 0.126973 value 2997.257446 suggestion {'alpha': 0.005381228880196009, 'batch_size': 128, 'beta_1': 0.5069629989929536, 'beta_2': 0.9330094859037414, 'epsilon': 8.493020725952018e-08, 'hidden_layer_sizes': 166, 'learning_rate_init': 0.09808205834632198, 'tol': 0.03822475063911411, 'validation_fraction': 0.26540942214290647}
observation time 0.000088, current best 2874.578015 at iter 11
suggestion time taken 0.002150 iter 12 next_points [{'alpha': 2.70321131215386e-05, 'batch_size': 57, 'beta_1': 0.5432830078594503, 'beta_2': 0.9951533936960227, 'epsilon': 2.0332792468825104e-08, 'hidden_layer_sizes': 156, 'learning_rate_init': 0.00030887764347692343, 'tol': 0.03666702610242045, 'validation_fraction': 0.2711968329747299}]
function_evaluation time 0.109409 value 29001.915372 suggestion {'alpha': 2.70321131215386e-05, 'batch_size': 57, 'beta_1': 0.5432830078594503, 'beta_2': 0.9951533936960227, 'epsilon': 2.0332792468825104e-08, 'hidden_layer_sizes': 156, 'learning_rate_init': 0.00030887764347692343, 'tol': 0.03666702610242045, 'validation_fraction': 0.2711968329747299}
observation time 0.000073, current best 2874.578015 at iter 12
suggestion time taken 0.002198 iter 13 next_points [{'alpha': 0.00014945631143355593, 'batch_size': 248, 'beta_1': 0.7090888485523966, 'beta_2': 0.99290657102444, 'epsilon': 3.4746168823229634e-08, 'hidden_layer_sizes': 116, 'learning_rate_init': 0.0013871764910522685, 'tol': 0.03893126450830495, 'validation_fraction': 0.3675591540848276}]
/home/ryedida/.local/lib/python3.9/site-packages/sklearn/neural_network/_multilayer_perceptron.py:605: UserWarning: Got `batch_size` less than 1 or larger than sample size. It is going to be clipped
  warnings.warn(

function_evaluation time 0.059857 value 29010.618332 suggestion {'alpha': 0.00014945631143355593, 'batch_size': 248, 'beta_1': 0.7090888485523966, 'beta_2': 0.99290657102444, 'epsilon': 3.4746168823229634e-08, 'hidden_layer_sizes': 116, 'learning_rate_init': 0.0013871764910522685, 'tol': 0.03893126450830495, 'validation_fraction': 0.3675591540848276}
observation time 0.000065, current best 2874.578015 at iter 13
suggestion time taken 0.002104 iter 14 next_points [{'alpha': 0.02002167834592979, 'batch_size': 220, 'beta_1': 0.6660896678737441, 'beta_2': 0.9199134639816644, 'epsilon': 9.77927124117432e-09, 'hidden_layer_sizes': 190, 'learning_rate_init': 0.024479501593253166, 'tol': 0.006157602404992543, 'validation_fraction': 0.6412820040120977}]
/home/ryedida/.local/lib/python3.9/site-packages/sklearn/neural_network/_multilayer_perceptron.py:605: UserWarning: Got `batch_size` less than 1 or larger than sample size. It is going to be clipped
  warnings.warn(

function_evaluation time 0.299013 value 3650.135298 suggestion {'alpha': 0.02002167834592979, 'batch_size': 220, 'beta_1': 0.6660896678737441, 'beta_2': 0.9199134639816644, 'epsilon': 9.77927124117432e-09, 'hidden_layer_sizes': 190, 'learning_rate_init': 0.024479501593253166, 'tol': 0.006157602404992543, 'validation_fraction': 0.6412820040120977}
observation time 0.000072, current best 2874.578015 at iter 14
saving meta data: {'args': {'--uuid': '10e378567ba15c3c8bda68cd7a4f3e0e', '-db-root': '/home/ryedida/bbo_challenge_starter_kit/output', '--opt-root': '/home/ryedida/bbo_challenge_starter_kit/example_submissions', '--data-root': None, '--db': 'run_20230425_034200', '--opt': 'hyperopt', '--data': 'diabetes', '--classifier': 'MLP-adam', '--metric': 'mse', '--calls': 15, '--suggestions': 1, '--jobs-file': None, '--verbose': False, 'dry_run': False, 'rev': 'a376313', 'opt_rev': '0.2.7'}, 'signature': ([{'alpha': 0.019628224813442792, 'batch_size': 182, 'beta_1': 0.9410202200271762, 'beta_2': 0.9998021557676793, 'epsilon': 1.8662266976518e-08, 'hidden_layer_sizes': 147, 'learning_rate_init': 0.0005627932047415167, 'tol': 0.03690557729213761, 'validation_fraction': 0.8846827852548593}, {'alpha': 0.0019982467392329444, 'batch_size': 200, 'beta_1': 0.919111482530466, 'beta_2': 0.9998488260436156, 'epsilon': 5.981221901152555e-07, 'hidden_layer_sizes': 61, 'learning_rate_init': 2.2310905607443014e-05, 'tol': 1.2046852412030316e-05, 'validation_fraction': 0.8117896445826539}, {'alpha': 0.46659545670218433, 'batch_size': 219, 'beta_1': 0.9889789783750891, 'beta_2': 0.9999896868093284, 'epsilon': 2.4234724484675948e-08, 'hidden_layer_sizes': 167, 'learning_rate_init': 2.972334644335654e-05, 'tol': 0.0036281404040243792, 'validation_fraction': 0.17260651658522078}, {'alpha': 4.656005689076002, 'batch_size': 135, 'beta_1': 0.870503881627747, 'beta_2': 0.9948873266941017, 'epsilon': 2.1023308743480125e-07, 'hidden_layer_sizes': 118, 'learning_rate_init': 0.0018781738757161913, 'tol': 1.1889379831773004e-05, 'validation_fraction': 0.6264327093752792}, {'alpha': 0.04705159350400542, 'batch_size': 158, 'beta_1': 0.9870884262730957, 'beta_2': 0.9999596874382349, 'epsilon': 1.1981845126013875e-08, 'hidden_layer_sizes': 116, 'learning_rate_init': 0.00617340520407431, 'tol': 1.741413418158619e-05, 'validation_fraction': 0.6754299026638921}], [29083.993548572587, 29062.423277324073, 29075.78987471409, 24626.32866834337, 9584.226858493177])}
saving results
saving timing
saving suggest log
done
