running: {'--uuid': '1892ac528513531597ea03473dbca818', '-db-root': '/home/ryedida/bbo_challenge_starter_kit/output', '--opt-root': '/home/ryedida/bbo_challenge_starter_kit/example_submissions', '--data-root': None, '--db': 'run_20230425_034200', '--opt': 'turbo', '--data': 'diabetes', '--classifier': 'MLP-adam', '--metric': 'mae', '--calls': 15, '--suggestions': 1, '--jobs-file': None, '--verbose': False, 'dry_run': False, 'rev': 'a376313', 'opt_rev': '0.0.1'}
cmd: python turbo/optimizer.py -c MLP-adam -d diabetes -o turbo -u 1892ac528513531597ea03473dbca818 -m mae -n 15 -p 1 -dir /home/ryedida/bbo_challenge_starter_kit/output -b run_20230425_034200
/home/ryedida/.local/lib/python3.9/site-packages/sklearn/neural_network/_multilayer_perceptron.py:605: UserWarning: Got `batch_size` less than 1 or larger than sample size. It is going to be clipped
  warnings.warn(

/home/ryedida/.local/lib/python3.9/site-packages/sklearn/neural_network/_multilayer_perceptron.py:605: UserWarning: Got `batch_size` less than 1 or larger than sample size. It is going to be clipped
  warnings.warn(

/home/ryedida/.local/lib/python3.9/site-packages/sklearn/neural_network/_multilayer_perceptron.py:605: UserWarning: Got `batch_size` less than 1 or larger than sample size. It is going to be clipped
  warnings.warn(

/home/ryedida/.local/lib/python3.9/site-packages/sklearn/neural_network/_multilayer_perceptron.py:686: ConvergenceWarning: Stochastic Optimizer: Maximum iterations (200) reached and the optimization hasn't converged yet.
  warnings.warn(

/home/ryedida/.local/lib/python3.9/site-packages/sklearn/neural_network/_multilayer_perceptron.py:605: UserWarning: Got `batch_size` less than 1 or larger than sample size. It is going to be clipped
  warnings.warn(

/home/ryedida/.local/lib/python3.9/site-packages/sklearn/neural_network/_multilayer_perceptron.py:686: ConvergenceWarning: Stochastic Optimizer: Maximum iterations (200) reached and the optimization hasn't converged yet.
  warnings.warn(

computed signature: ([{'alpha': 0.019628224813442792, 'batch_size': 182, 'beta_1': 0.9410202200271762, 'beta_2': 0.9998021557676793, 'epsilon': 1.8662266976518e-08, 'hidden_layer_sizes': 147, 'learning_rate_init': 0.0005627932047415167, 'tol': 0.03690557729213761, 'validation_fraction': 0.8846827852548593}, {'alpha': 0.0019982467392329444, 'batch_size': 200, 'beta_1': 0.919111482530466, 'beta_2': 0.9998488260436156, 'epsilon': 5.981221901152555e-07, 'hidden_layer_sizes': 61, 'learning_rate_init': 2.2310905607443014e-05, 'tol': 1.2046852412030316e-05, 'validation_fraction': 0.8117896445826539}, {'alpha': 0.46659545670218433, 'batch_size': 219, 'beta_1': 0.9889789783750891, 'beta_2': 0.9999896868093284, 'epsilon': 2.4234724484675948e-08, 'hidden_layer_sizes': 167, 'learning_rate_init': 2.972334644335654e-05, 'tol': 0.0036281404040243792, 'validation_fraction': 0.17260651658522078}, {'alpha': 4.656005689076002, 'batch_size': 135, 'beta_1': 0.870503881627747, 'beta_2': 0.9948873266941017, 'epsilon': 2.1023308743480125e-07, 'hidden_layer_sizes': 118, 'learning_rate_init': 0.0018781738757161913, 'tol': 1.1889379831773004e-05, 'validation_fraction': 0.6264327093752792}, {'alpha': 0.04705159350400542, 'batch_size': 158, 'beta_1': 0.9870884262730957, 'beta_2': 0.9999596874382349, 'epsilon': 1.1981845126013875e-08, 'hidden_layer_sizes': 116, 'learning_rate_init': 0.00617340520407431, 'tol': 1.741413418158619e-05, 'validation_fraction': 0.6754299026638921}], [151.4971925380264, 151.42763539278994, 151.47026299046811, 136.86202504264318, 75.2055865763391])
Signature errors:
                                  0             1             2         3         4       max
MLP-adam_diabetes_mae  1.919244e-08  6.198704e-08  7.624578e-09  0.000007  0.000034  0.000034
max                    1.919244e-08  6.198704e-08  7.624578e-09  0.000007  0.000034  0.000034
starting sklearn study turbo MLP-adam diabetes mae 15 1
with data root: None
suggestion time taken 0.002164 iter 0 next_points [{'alpha': 0.0003279649162551056, 'batch_size': 245, 'beta_1': 0.8858021088786432, 'beta_2': 0.9999883326817914, 'epsilon': 5.889279660319437e-09, 'hidden_layer_sizes': 102, 'learning_rate_init': 1.90654214736807e-05, 'tol': 0.004779310264222983, 'validation_fraction': 0.6588572050469202}]
/home/ryedida/.local/lib/python3.9/site-packages/sklearn/neural_network/_multilayer_perceptron.py:605: UserWarning: Got `batch_size` less than 1 or larger than sample size. It is going to be clipped
  warnings.warn(

function_evaluation time 0.053020 value 151.505015 suggestion {'alpha': 0.0003279649162551056, 'batch_size': 245, 'beta_1': 0.8858021088786432, 'beta_2': 0.9999883326817914, 'epsilon': 5.889279660319437e-09, 'hidden_layer_sizes': 102, 'learning_rate_init': 1.90654214736807e-05, 'tol': 0.004779310264222983, 'validation_fraction': 0.6588572050469202}
observation time 0.001398, current best 151.505015 at iter 0
suggestion time taken 0.001804 iter 1 next_points [{'alpha': 3.885690966114936, 'batch_size': 226, 'beta_1': 0.9874951375802586, 'beta_2': 0.998269403729556, 'epsilon': 2.482254620718478e-07, 'hidden_layer_sizes': 139, 'learning_rate_init': 0.03732652315806301, 'tol': 0.007305955502892658, 'validation_fraction': 0.7786436664967676}]
/home/ryedida/.local/lib/python3.9/site-packages/sklearn/neural_network/_multilayer_perceptron.py:605: UserWarning: Got `batch_size` less than 1 or larger than sample size. It is going to be clipped
  warnings.warn(

function_evaluation time 0.219954 value 56.231739 suggestion {'alpha': 3.885690966114936, 'batch_size': 226, 'beta_1': 0.9874951375802586, 'beta_2': 0.998269403729556, 'epsilon': 2.482254620718478e-07, 'hidden_layer_sizes': 139, 'learning_rate_init': 0.03732652315806301, 'tol': 0.007305955502892658, 'validation_fraction': 0.7786436664967676}
observation time 0.001394, current best 56.231739 at iter 1
suggestion time taken 0.001760 iter 2 next_points [{'alpha': 1.8098708858927626e-05, 'batch_size': 72, 'beta_1': 0.9762082438686491, 'beta_2': 0.9997766742644562, 'epsilon': 9.053483368498822e-09, 'hidden_layer_sizes': 186, 'learning_rate_init': 0.00289575951806172, 'tol': 0.011797739211456658, 'validation_fraction': 0.3498452251942916}]
function_evaluation time 0.559276 value 110.651642 suggestion {'alpha': 1.8098708858927626e-05, 'batch_size': 72, 'beta_1': 0.9762082438686491, 'beta_2': 0.9997766742644562, 'epsilon': 9.053483368498822e-09, 'hidden_layer_sizes': 186, 'learning_rate_init': 0.00289575951806172, 'tol': 0.011797739211456658, 'validation_fraction': 0.3498452251942916}
observation time 0.001411, current best 56.231739 at iter 2
suggestion time taken 0.001759 iter 3 next_points [{'alpha': 0.0004175182356930524, 'batch_size': 125, 'beta_1': 0.9801925743495015, 'beta_2': 0.9956703426879308, 'epsilon': 1.3409146384100465e-08, 'hidden_layer_sizes': 121, 'learning_rate_init': 0.0006150265798739463, 'tol': 1.0138513552086177e-05, 'validation_fraction': 0.7245535538062076}]
/home/ryedida/.local/lib/python3.9/site-packages/sklearn/neural_network/_multilayer_perceptron.py:605: UserWarning: Got `batch_size` less than 1 or larger than sample size. It is going to be clipped
  warnings.warn(

/home/ryedida/.local/lib/python3.9/site-packages/sklearn/neural_network/_multilayer_perceptron.py:686: ConvergenceWarning: Stochastic Optimizer: Maximum iterations (200) reached and the optimization hasn't converged yet.
  warnings.warn(

function_evaluation time 0.742087 value 149.638260 suggestion {'alpha': 0.0004175182356930524, 'batch_size': 125, 'beta_1': 0.9801925743495015, 'beta_2': 0.9956703426879308, 'epsilon': 1.3409146384100465e-08, 'hidden_layer_sizes': 121, 'learning_rate_init': 0.0006150265798739463, 'tol': 1.0138513552086177e-05, 'validation_fraction': 0.7245535538062076}
observation time 0.001480, current best 56.231739 at iter 3
suggestion time taken 0.001718 iter 4 next_points [{'alpha': 7.417317200259852, 'batch_size': 51, 'beta_1': 0.9716567977248498, 'beta_2': 0.9544230472186697, 'epsilon': 9.067350490355629e-08, 'hidden_layer_sizes': 82, 'learning_rate_init': 0.0010503784330182192, 'tol': 0.00018105187545810607, 'validation_fraction': 0.460118451133857}]
/home/ryedida/.local/lib/python3.9/site-packages/sklearn/neural_network/_multilayer_perceptron.py:686: ConvergenceWarning: Stochastic Optimizer: Maximum iterations (200) reached and the optimization hasn't converged yet.
  warnings.warn(

function_evaluation time 1.142898 value 134.581321 suggestion {'alpha': 7.417317200259852, 'batch_size': 51, 'beta_1': 0.9716567977248498, 'beta_2': 0.9544230472186697, 'epsilon': 9.067350490355629e-08, 'hidden_layer_sizes': 82, 'learning_rate_init': 0.0010503784330182192, 'tol': 0.00018105187545810607, 'validation_fraction': 0.460118451133857}
observation time 0.001371, current best 56.231739 at iter 4
suggestion time taken 0.001753 iter 5 next_points [{'alpha': 0.24638291416087557, 'batch_size': 87, 'beta_1': 0.9454123806117917, 'beta_2': 0.999610021376584, 'epsilon': 6.646801662309771e-07, 'hidden_layer_sizes': 81, 'learning_rate_init': 0.052826139466453315, 'tol': 0.017020384053752315, 'validation_fraction': 0.5907529356424654}]
function_evaluation time 0.164154 value 53.428608 suggestion {'alpha': 0.24638291416087557, 'batch_size': 87, 'beta_1': 0.9454123806117917, 'beta_2': 0.999610021376584, 'epsilon': 6.646801662309771e-07, 'hidden_layer_sizes': 81, 'learning_rate_init': 0.052826139466453315, 'tol': 0.017020384053752315, 'validation_fraction': 0.5907529356424654}
observation time 0.001454, current best 53.428608 at iter 5
suggestion time taken 0.001713 iter 6 next_points [{'alpha': 0.0018843977043798029, 'batch_size': 189, 'beta_1': 0.905171134741069, 'beta_2': 0.9987062875180258, 'epsilon': 4.308161341165845e-07, 'hidden_layer_sizes': 131, 'learning_rate_init': 0.008399520433097161, 'tol': 2.2142747806464422e-05, 'validation_fraction': 0.18293340131120056}]
/home/ryedida/.local/lib/python3.9/site-packages/sklearn/neural_network/_multilayer_perceptron.py:686: ConvergenceWarning: Stochastic Optimizer: Maximum iterations (200) reached and the optimization hasn't converged yet.
  warnings.warn(

function_evaluation time 1.176939 value 46.318417 suggestion {'alpha': 0.0018843977043798029, 'batch_size': 189, 'beta_1': 0.905171134741069, 'beta_2': 0.9987062875180258, 'epsilon': 4.308161341165845e-07, 'hidden_layer_sizes': 131, 'learning_rate_init': 0.008399520433097161, 'tol': 2.2142747806464422e-05, 'validation_fraction': 0.18293340131120056}
observation time 0.001380, current best 46.318417 at iter 6
suggestion time taken 0.001805 iter 7 next_points [{'alpha': 2.2405433044747942e-05, 'batch_size': 164, 'beta_1': 0.7899112757729552, 'beta_2': 0.9940748543815532, 'epsilon': 6.6481345901825e-08, 'hidden_layer_sizes': 90, 'learning_rate_init': 0.00044610347505695015, 'tol': 0.0010603811806747022, 'validation_fraction': 0.48296321760296135}]
function_evaluation time 0.056434 value 151.493329 suggestion {'alpha': 2.2405433044747942e-05, 'batch_size': 164, 'beta_1': 0.7899112757729552, 'beta_2': 0.9940748543815532, 'epsilon': 6.6481345901825e-08, 'hidden_layer_sizes': 90, 'learning_rate_init': 0.00044610347505695015, 'tol': 0.0010603811806747022, 'validation_fraction': 0.48296321760296135}
observation time 0.001395, current best 46.318417 at iter 7
suggestion time taken 0.001766 iter 8 next_points [{'alpha': 0.006083357092831553, 'batch_size': 161, 'beta_1': 0.858002153657726, 'beta_2': 0.9999965152402663, 'epsilon': 3.1744067983995125e-08, 'hidden_layer_sizes': 180, 'learning_rate_init': 3.666083170374997e-05, 'tol': 2.748113698612618e-05, 'validation_fraction': 0.8346614225768412}]
/home/ryedida/.local/lib/python3.9/site-packages/sklearn/neural_network/_multilayer_perceptron.py:605: UserWarning: Got `batch_size` less than 1 or larger than sample size. It is going to be clipped
  warnings.warn(

/home/ryedida/.local/lib/python3.9/site-packages/sklearn/neural_network/_multilayer_perceptron.py:686: ConvergenceWarning: Stochastic Optimizer: Maximum iterations (200) reached and the optimization hasn't converged yet.
  warnings.warn(

function_evaluation time 0.765734 value 151.379758 suggestion {'alpha': 0.006083357092831553, 'batch_size': 161, 'beta_1': 0.858002153657726, 'beta_2': 0.9999965152402663, 'epsilon': 3.1744067983995125e-08, 'hidden_layer_sizes': 180, 'learning_rate_init': 3.666083170374997e-05, 'tol': 2.748113698612618e-05, 'validation_fraction': 0.8346614225768412}
observation time 0.001439, current best 46.318417 at iter 8
suggestion time taken 0.001744 iter 9 next_points [{'alpha': 0.029177773977004683, 'batch_size': 146, 'beta_1': 0.9518621882005379, 'beta_2': 0.9998968352017205, 'epsilon': 2.1508059213106368e-07, 'hidden_layer_sizes': 53, 'learning_rate_init': 0.0037944446551347864, 'tol': 0.04235218401700434, 'validation_fraction': 0.1442276325189043}]
function_evaluation time 0.044789 value 150.549126 suggestion {'alpha': 0.029177773977004683, 'batch_size': 146, 'beta_1': 0.9518621882005379, 'beta_2': 0.9998968352017205, 'epsilon': 2.1508059213106368e-07, 'hidden_layer_sizes': 53, 'learning_rate_init': 0.0037944446551347864, 'tol': 0.04235218401700434, 'validation_fraction': 0.1442276325189043}
observation time 0.001390, current best 46.318417 at iter 9
suggestion time taken 0.001720 iter 10 next_points [{'alpha': 1.3793077827567537, 'batch_size': 184, 'beta_1': 0.9848375541987754, 'beta_2': 0.9999988947418309, 'epsilon': 6.598597697116741e-09, 'hidden_layer_sizes': 106, 'learning_rate_init': 0.00020726118808683572, 'tol': 7.842278358537598e-05, 'validation_fraction': 0.23821848675198543}]
/home/ryedida/.local/lib/python3.9/site-packages/sklearn/neural_network/_multilayer_perceptron.py:686: ConvergenceWarning: Stochastic Optimizer: Maximum iterations (200) reached and the optimization hasn't converged yet.
  warnings.warn(

function_evaluation time 1.081838 value 150.279646 suggestion {'alpha': 1.3793077827567537, 'batch_size': 184, 'beta_1': 0.9848375541987754, 'beta_2': 0.9999988947418309, 'epsilon': 6.598597697116741e-09, 'hidden_layer_sizes': 106, 'learning_rate_init': 0.00020726118808683572, 'tol': 7.842278358537598e-05, 'validation_fraction': 0.23821848675198543}
observation time 0.001375, current best 46.318417 at iter 10
suggestion time taken 0.001876 iter 11 next_points [{'alpha': 0.8705624303171297, 'batch_size': 222, 'beta_1': 0.8186954567586864, 'beta_2': 0.942534899248851, 'epsilon': 1.4039442984226897e-07, 'hidden_layer_sizes': 59, 'learning_rate_init': 5.785154616097246e-05, 'tol': 0.06533096021883882, 'validation_fraction': 0.8808188327673036}]
/home/ryedida/.local/lib/python3.9/site-packages/sklearn/neural_network/_multilayer_perceptron.py:605: UserWarning: Got `batch_size` less than 1 or larger than sample size. It is going to be clipped
  warnings.warn(

function_evaluation time 0.043314 value 151.362188 suggestion {'alpha': 0.8705624303171297, 'batch_size': 222, 'beta_1': 0.8186954567586864, 'beta_2': 0.942534899248851, 'epsilon': 1.4039442984226897e-07, 'hidden_layer_sizes': 59, 'learning_rate_init': 5.785154616097246e-05, 'tol': 0.06533096021883882, 'validation_fraction': 0.8808188327673036}
observation time 0.001379, current best 46.318417 at iter 11
suggestion time taken 0.001827 iter 12 next_points [{'alpha': 0.4030697466366245, 'batch_size': 33, 'beta_1': 0.5160806151516091, 'beta_2': 0.9801633529310829, 'epsilon': 8.202245831389233e-07, 'hidden_layer_sizes': 194, 'learning_rate_init': 7.200895007091855e-05, 'tol': 4.5515615984565744e-05, 'validation_fraction': 0.5717316306742807}]
/home/ryedida/.local/lib/python3.9/site-packages/sklearn/neural_network/_multilayer_perceptron.py:686: ConvergenceWarning: Stochastic Optimizer: Maximum iterations (200) reached and the optimization hasn't converged yet.
  warnings.warn(

function_evaluation time 1.636791 value 150.468237 suggestion {'alpha': 0.4030697466366245, 'batch_size': 33, 'beta_1': 0.5160806151516091, 'beta_2': 0.9801633529310829, 'epsilon': 8.202245831389233e-07, 'hidden_layer_sizes': 194, 'learning_rate_init': 7.200895007091855e-05, 'tol': 4.5515615984565744e-05, 'validation_fraction': 0.5717316306742807}
observation time 0.001412, current best 46.318417 at iter 12
suggestion time taken 0.001753 iter 13 next_points [{'alpha': 0.00014766510447068279, 'batch_size': 12, 'beta_1': 0.7178138616774244, 'beta_2': 0.9999979370006302, 'epsilon': 1.6980003870422393e-09, 'hidden_layer_sizes': 157, 'learning_rate_init': 1.5627806769041273e-05, 'tol': 0.0002003208414439521, 'validation_fraction': 0.2745475024852386}]
/home/ryedida/.local/lib/python3.9/site-packages/sklearn/neural_network/_multilayer_perceptron.py:686: ConvergenceWarning: Stochastic Optimizer: Maximum iterations (200) reached and the optimization hasn't converged yet.
  warnings.warn(

function_evaluation time 2.056244 value 151.270212 suggestion {'alpha': 0.00014766510447068279, 'batch_size': 12, 'beta_1': 0.7178138616774244, 'beta_2': 0.9999979370006302, 'epsilon': 1.6980003870422393e-09, 'hidden_layer_sizes': 157, 'learning_rate_init': 1.5627806769041273e-05, 'tol': 0.0002003208414439521, 'validation_fraction': 0.2745475024852386}
observation time 0.001410, current best 46.318417 at iter 13
suggestion time taken 0.001740 iter 14 next_points [{'alpha': 0.0012447687141988897, 'batch_size': 100, 'beta_1': 0.7290130788501447, 'beta_2': 0.9854987062481516, 'epsilon': 3.752203942930357e-09, 'hidden_layer_sizes': 69, 'learning_rate_init': 0.002018518741608755, 'tol': 0.025597506225476626, 'validation_fraction': 0.11169640859264707}]
function_evaluation time 0.053788 value 150.738190 suggestion {'alpha': 0.0012447687141988897, 'batch_size': 100, 'beta_1': 0.7290130788501447, 'beta_2': 0.9854987062481516, 'epsilon': 3.752203942930357e-09, 'hidden_layer_sizes': 69, 'learning_rate_init': 0.002018518741608755, 'tol': 0.025597506225476626, 'validation_fraction': 0.11169640859264707}
observation time 0.001400, current best 46.318417 at iter 14
saving meta data: {'args': {'--uuid': '1892ac528513531597ea03473dbca818', '-db-root': '/home/ryedida/bbo_challenge_starter_kit/output', '--opt-root': '/home/ryedida/bbo_challenge_starter_kit/example_submissions', '--data-root': None, '--db': 'run_20230425_034200', '--opt': 'turbo', '--data': 'diabetes', '--classifier': 'MLP-adam', '--metric': 'mae', '--calls': 15, '--suggestions': 1, '--jobs-file': None, '--verbose': False, 'dry_run': False, 'rev': 'a376313', 'opt_rev': '0.0.1'}, 'signature': ([{'alpha': 0.019628224813442792, 'batch_size': 182, 'beta_1': 0.9410202200271762, 'beta_2': 0.9998021557676793, 'epsilon': 1.8662266976518e-08, 'hidden_layer_sizes': 147, 'learning_rate_init': 0.0005627932047415167, 'tol': 0.03690557729213761, 'validation_fraction': 0.8846827852548593}, {'alpha': 0.0019982467392329444, 'batch_size': 200, 'beta_1': 0.919111482530466, 'beta_2': 0.9998488260436156, 'epsilon': 5.981221901152555e-07, 'hidden_layer_sizes': 61, 'learning_rate_init': 2.2310905607443014e-05, 'tol': 1.2046852412030316e-05, 'validation_fraction': 0.8117896445826539}, {'alpha': 0.46659545670218433, 'batch_size': 219, 'beta_1': 0.9889789783750891, 'beta_2': 0.9999896868093284, 'epsilon': 2.4234724484675948e-08, 'hidden_layer_sizes': 167, 'learning_rate_init': 2.972334644335654e-05, 'tol': 0.0036281404040243792, 'validation_fraction': 0.17260651658522078}, {'alpha': 4.656005689076002, 'batch_size': 135, 'beta_1': 0.870503881627747, 'beta_2': 0.9948873266941017, 'epsilon': 2.1023308743480125e-07, 'hidden_layer_sizes': 118, 'learning_rate_init': 0.0018781738757161913, 'tol': 1.1889379831773004e-05, 'validation_fraction': 0.6264327093752792}, {'alpha': 0.04705159350400542, 'batch_size': 158, 'beta_1': 0.9870884262730957, 'beta_2': 0.9999596874382349, 'epsilon': 1.1981845126013875e-08, 'hidden_layer_sizes': 116, 'learning_rate_init': 0.00617340520407431, 'tol': 1.741413418158619e-05, 'validation_fraction': 0.6754299026638921}], [151.4971925380264, 151.42763539278994, 151.47026299046811, 136.86202504264318, 75.2055865763391])}
saving results
saving timing
saving suggest log
done
