running: {'--uuid': '1bb0472f3ccd5ed29d7d6ae3830ac1d0', '-db-root': '/home/ryedida/bbo_challenge_starter_kit/output', '--opt-root': '/home/ryedida/bbo_challenge_starter_kit/example_submissions', '--data-root': None, '--db': 'run_20230425_034200', '--opt': 'opentuner', '--data': 'diabetes', '--classifier': 'MLP-adam', '--metric': 'mae', '--calls': 15, '--suggestions': 1, '--jobs-file': None, '--verbose': False, 'dry_run': False, 'rev': 'a376313', 'opt_rev': '0.8.8'}
cmd: python opentuner/optimizer.py -c MLP-adam -d diabetes -o opentuner -u 1bb0472f3ccd5ed29d7d6ae3830ac1d0 -m mae -n 15 -p 1 -dir /home/ryedida/bbo_challenge_starter_kit/output -b run_20230425_034200
/home/ryedida/.local/lib/python3.9/site-packages/sklearn/neural_network/_multilayer_perceptron.py:605: UserWarning: Got `batch_size` less than 1 or larger than sample size. It is going to be clipped
  warnings.warn(

/home/ryedida/.local/lib/python3.9/site-packages/sklearn/neural_network/_multilayer_perceptron.py:605: UserWarning: Got `batch_size` less than 1 or larger than sample size. It is going to be clipped
  warnings.warn(

/home/ryedida/.local/lib/python3.9/site-packages/sklearn/neural_network/_multilayer_perceptron.py:605: UserWarning: Got `batch_size` less than 1 or larger than sample size. It is going to be clipped
  warnings.warn(

/home/ryedida/.local/lib/python3.9/site-packages/sklearn/neural_network/_multilayer_perceptron.py:686: ConvergenceWarning: Stochastic Optimizer: Maximum iterations (200) reached and the optimization hasn't converged yet.
  warnings.warn(

/home/ryedida/.local/lib/python3.9/site-packages/sklearn/neural_network/_multilayer_perceptron.py:605: UserWarning: Got `batch_size` less than 1 or larger than sample size. It is going to be clipped
  warnings.warn(

/home/ryedida/.local/lib/python3.9/site-packages/sklearn/neural_network/_multilayer_perceptron.py:686: ConvergenceWarning: Stochastic Optimizer: Maximum iterations (200) reached and the optimization hasn't converged yet.
  warnings.warn(

computed signature: ([{'alpha': 0.019628224813442792, 'batch_size': 182, 'beta_1': 0.9410202200271762, 'beta_2': 0.9998021557676793, 'epsilon': 1.8662266976518e-08, 'hidden_layer_sizes': 147, 'learning_rate_init': 0.0005627932047415167, 'tol': 0.03690557729213761, 'validation_fraction': 0.8846827852548593}, {'alpha': 0.0019982467392329444, 'batch_size': 200, 'beta_1': 0.919111482530466, 'beta_2': 0.9998488260436156, 'epsilon': 5.981221901152555e-07, 'hidden_layer_sizes': 61, 'learning_rate_init': 2.2310905607443014e-05, 'tol': 1.2046852412030316e-05, 'validation_fraction': 0.8117896445826539}, {'alpha': 0.46659545670218433, 'batch_size': 219, 'beta_1': 0.9889789783750891, 'beta_2': 0.9999896868093284, 'epsilon': 2.4234724484675948e-08, 'hidden_layer_sizes': 167, 'learning_rate_init': 2.972334644335654e-05, 'tol': 0.0036281404040243792, 'validation_fraction': 0.17260651658522078}, {'alpha': 4.656005689076002, 'batch_size': 135, 'beta_1': 0.870503881627747, 'beta_2': 0.9948873266941017, 'epsilon': 2.1023308743480125e-07, 'hidden_layer_sizes': 118, 'learning_rate_init': 0.0018781738757161913, 'tol': 1.1889379831773004e-05, 'validation_fraction': 0.6264327093752792}, {'alpha': 0.04705159350400542, 'batch_size': 158, 'beta_1': 0.9870884262730957, 'beta_2': 0.9999596874382349, 'epsilon': 1.1981845126013875e-08, 'hidden_layer_sizes': 116, 'learning_rate_init': 0.00617340520407431, 'tol': 1.741413418158619e-05, 'validation_fraction': 0.6754299026638921}], [151.4971925380264, 151.42763539278994, 151.47026299046811, 136.86202504264318, 75.2055865763391])
Signature errors:
                                  0             1             2         3         4       max
MLP-adam_diabetes_mae  1.919244e-08  6.198704e-08  7.624578e-09  0.000007  0.000034  0.000034
max                    1.919244e-08  6.198704e-08  7.624578e-09  0.000007  0.000034  0.000034
starting sklearn study opentuner MLP-adam diabetes mae 15 1
with data root: None
suggestion time taken 0.017725 iter 0 next_points [{'hidden_layer_sizes': 62, 'alpha': 0.35047084977707427, 'batch_size': 137, 'learning_rate_init': 0.027447010579418386, 'tol': 0.0853461181716441, 'validation_fraction': 0.3518071159189209, 'beta_1': 0.632746552137374, 'beta_2': 0.9592939957607987, 'epsilon': 1.2964117615585257e-07}]
function_evaluation time 0.128116 value 53.266386 suggestion {'hidden_layer_sizes': 62, 'alpha': 0.35047084977707427, 'batch_size': 137, 'learning_rate_init': 0.027447010579418386, 'tol': 0.0853461181716441, 'validation_fraction': 0.3518071159189209, 'beta_1': 0.632746552137374, 'beta_2': 0.9592939957607987, 'epsilon': 1.2964117615585257e-07}
observation time 0.004252, current best 53.266386 at iter 0
suggestion time taken 0.046531 iter 1 next_points [{'learning_rate_init': 0.0784313940442866, 'beta_2': 0.9560470190517133, 'batch_size': 154, 'validation_fraction': 0.15512942194435742, 'tol': 0.0311751683276295, 'beta_1': 0.8701591202605745, 'alpha': 7.86677271756527, 'hidden_layer_sizes': 194, 'epsilon': 9.634771801775012e-07}]
function_evaluation time 0.212397 value 44.763546 suggestion {'learning_rate_init': 0.0784313940442866, 'beta_2': 0.9560470190517133, 'batch_size': 154, 'validation_fraction': 0.15512942194435742, 'tol': 0.0311751683276295, 'beta_1': 0.8701591202605745, 'alpha': 7.86677271756527, 'hidden_layer_sizes': 194, 'epsilon': 9.634771801775012e-07}
observation time 0.001870, current best 44.763546 at iter 1
suggestion time taken 0.021565 iter 2 next_points [{'learning_rate_init': 0.0861512823816543, 'beta_2': 0.9430313615825304, 'batch_size': 231, 'validation_fraction': 0.5977177027789259, 'tol': 0.043791975419496136, 'beta_1': 0.8692832334341833, 'alpha': 0.7783424381964587, 'hidden_layer_sizes': 174, 'epsilon': 1.923631002548044e-07}]
/home/ryedida/.local/lib/python3.9/site-packages/sklearn/neural_network/_multilayer_perceptron.py:605: UserWarning: Got `batch_size` less than 1 or larger than sample size. It is going to be clipped
  warnings.warn(

function_evaluation time 0.145613 value 50.915739 suggestion {'learning_rate_init': 0.0861512823816543, 'beta_2': 0.9430313615825304, 'batch_size': 231, 'validation_fraction': 0.5977177027789259, 'tol': 0.043791975419496136, 'beta_1': 0.8692832334341833, 'alpha': 0.7783424381964587, 'hidden_layer_sizes': 174, 'epsilon': 1.923631002548044e-07}
observation time 0.001897, current best 44.763546 at iter 2
suggestion time taken 0.006850 iter 3 next_points [{'learning_rate_init': 0.0784313940442866, 'beta_2': 0.9560470190517133, 'batch_size': 154, 'validation_fraction': 0.1408145443321489, 'tol': 0.0311751683276295, 'beta_1': 0.8701591202605745, 'alpha': 7.86677271756527, 'hidden_layer_sizes': 118, 'epsilon': 9.634771801775012e-07}]
function_evaluation time 0.173207 value 46.576044 suggestion {'learning_rate_init': 0.0784313940442866, 'beta_2': 0.9560470190517133, 'batch_size': 154, 'validation_fraction': 0.1408145443321489, 'tol': 0.0311751683276295, 'beta_1': 0.8701591202605745, 'alpha': 7.86677271756527, 'hidden_layer_sizes': 118, 'epsilon': 9.634771801775012e-07}
observation time 0.001848, current best 44.763546 at iter 3
suggestion time taken 0.006983 iter 4 next_points [{'learning_rate_init': 0.0784313940442866, 'beta_2': 0.9560470190517133, 'batch_size': 154, 'validation_fraction': 0.16538876597292249, 'tol': 0.0311751683276295, 'beta_1': 0.8083562589607871, 'alpha': 8.374204756165796, 'hidden_layer_sizes': 194, 'epsilon': 9.634771801775012e-07}]
function_evaluation time 0.182883 value 45.528773 suggestion {'learning_rate_init': 0.0784313940442866, 'beta_2': 0.9560470190517133, 'batch_size': 154, 'validation_fraction': 0.16538876597292249, 'tol': 0.0311751683276295, 'beta_1': 0.8083562589607871, 'alpha': 8.374204756165796, 'hidden_layer_sizes': 194, 'epsilon': 9.634771801775012e-07}
observation time 0.001884, current best 44.763546 at iter 4
suggestion time taken 0.005094 iter 5 next_points [{'learning_rate_init': 0.004075050438553319, 'beta_2': 0.9572690218745907, 'batch_size': 136, 'validation_fraction': 0.45727252795617834, 'tol': 0.0855147516746652, 'beta_1': 0.6356113199956518, 'alpha': 3.2199570389172245, 'hidden_layer_sizes': 69, 'epsilon': 6.278170575918219e-07}]
function_evaluation time 0.062922 value 150.143526 suggestion {'learning_rate_init': 0.004075050438553319, 'beta_2': 0.9572690218745907, 'batch_size': 136, 'validation_fraction': 0.45727252795617834, 'tol': 0.0855147516746652, 'beta_1': 0.6356113199956518, 'alpha': 3.2199570389172245, 'hidden_layer_sizes': 69, 'epsilon': 6.278170575918219e-07}
observation time 0.002017, current best 44.763546 at iter 5
suggestion time taken 0.007055 iter 6 next_points [{'learning_rate_init': 0.07216448666679202, 'beta_2': 0.9546164854690994, 'batch_size': 139, 'validation_fraction': 0.15512942194435742, 'tol': 0.0311751683276295, 'beta_1': 0.8701591202605745, 'alpha': 5.354881853951153, 'hidden_layer_sizes': 189, 'epsilon': 9.634771801775012e-07}]
function_evaluation time 0.208271 value 45.036106 suggestion {'learning_rate_init': 0.07216448666679202, 'beta_2': 0.9546164854690994, 'batch_size': 139, 'validation_fraction': 0.15512942194435742, 'tol': 0.0311751683276295, 'beta_1': 0.8701591202605745, 'alpha': 5.354881853951153, 'hidden_layer_sizes': 189, 'epsilon': 9.634771801775012e-07}
observation time 0.001836, current best 44.763546 at iter 6
suggestion time taken 0.005035 iter 7 next_points [{'learning_rate_init': 0.08652046978403509, 'beta_2': 0.9401599210920155, 'batch_size': 29, 'validation_fraction': 0.6637895368940775, 'tol': 0.060155392372828125, 'beta_1': 0.6936497696840078, 'alpha': 8.327882769489802, 'hidden_layer_sizes': 77, 'epsilon': 7.984199396354464e-07}]
function_evaluation time 0.118361 value 50.082630 suggestion {'learning_rate_init': 0.08652046978403509, 'beta_2': 0.9401599210920155, 'batch_size': 29, 'validation_fraction': 0.6637895368940775, 'tol': 0.060155392372828125, 'beta_1': 0.6936497696840078, 'alpha': 8.327882769489802, 'hidden_layer_sizes': 77, 'epsilon': 7.984199396354464e-07}
observation time 0.001867, current best 44.763546 at iter 7
suggestion time taken 0.005122 iter 8 next_points [{'learning_rate_init': 0.018939676580028198, 'beta_2': 0.9685454898987057, 'batch_size': 21, 'validation_fraction': 0.13618211113112216, 'tol': 0.08125867696129145, 'beta_1': 0.5357158985872895, 'alpha': 6.912517863734243, 'hidden_layer_sizes': 59, 'epsilon': 8.130965560021176e-07}]
function_evaluation time 0.198725 value 49.883217 suggestion {'learning_rate_init': 0.018939676580028198, 'beta_2': 0.9685454898987057, 'batch_size': 21, 'validation_fraction': 0.13618211113112216, 'tol': 0.08125867696129145, 'beta_1': 0.5357158985872895, 'alpha': 6.912517863734243, 'hidden_layer_sizes': 59, 'epsilon': 8.130965560021176e-07}
observation time 0.001838, current best 44.763546 at iter 8
suggestion time taken 0.007102 iter 9 next_points [{'learning_rate_init': 0.0784313940442866, 'beta_2': 0.9525912772180994, 'batch_size': 154, 'validation_fraction': 0.15512942194435742, 'tol': 0.008440545533316902, 'beta_1': 0.8078158868948819, 'alpha': 3.2157705128508174, 'hidden_layer_sizes': 184, 'epsilon': 9.634771801775012e-07}]
function_evaluation time 0.234760 value 44.394106 suggestion {'learning_rate_init': 0.0784313940442866, 'beta_2': 0.9525912772180994, 'batch_size': 154, 'validation_fraction': 0.15512942194435742, 'tol': 0.008440545533316902, 'beta_1': 0.8078158868948819, 'alpha': 3.2157705128508174, 'hidden_layer_sizes': 184, 'epsilon': 9.634771801775012e-07}
observation time 0.001849, current best 44.394106 at iter 9
suggestion time taken 0.006987 iter 10 next_points [{'learning_rate_init': 0.07980937915102874, 'beta_2': 0.9691929799255589, 'batch_size': 154, 'validation_fraction': 0.15512942194435742, 'tol': 0.008440545533316902, 'beta_1': 0.7487501758675229, 'alpha': 3.2157705128508174, 'hidden_layer_sizes': 184, 'epsilon': 9.634771801775012e-07}]
function_evaluation time 0.216222 value 44.881699 suggestion {'learning_rate_init': 0.07980937915102874, 'beta_2': 0.9691929799255589, 'batch_size': 154, 'validation_fraction': 0.15512942194435742, 'tol': 0.008440545533316902, 'beta_1': 0.7487501758675229, 'alpha': 3.2157705128508174, 'hidden_layer_sizes': 184, 'epsilon': 9.634771801775012e-07}
observation time 0.002752, current best 44.394106 at iter 10
suggestion time taken 0.006867 iter 11 next_points [{'learning_rate_init': 0.08402285822569804, 'beta_2': 0.9629351974579313, 'batch_size': 154, 'validation_fraction': 0.1382676814968974, 'tol': 0.008440545533316902, 'beta_1': 0.8078158868948819, 'alpha': 3.2157705128508174, 'hidden_layer_sizes': 184, 'epsilon': 9.634771801775012e-07}]
function_evaluation time 0.214800 value 44.659648 suggestion {'learning_rate_init': 0.08402285822569804, 'beta_2': 0.9629351974579313, 'batch_size': 154, 'validation_fraction': 0.1382676814968974, 'tol': 0.008440545533316902, 'beta_1': 0.8078158868948819, 'alpha': 3.2157705128508174, 'hidden_layer_sizes': 184, 'epsilon': 9.634771801775012e-07}
observation time 0.001875, current best 44.394106 at iter 11
suggestion time taken 0.007041 iter 12 next_points [{'learning_rate_init': 0.0784313940442866, 'beta_2': 0.9560078007466019, 'batch_size': 168, 'validation_fraction': 0.15512942194435742, 'tol': 0.006600871318340241, 'beta_1': 0.8677016038211287, 'alpha': 3.2157705128508174, 'hidden_layer_sizes': 184, 'epsilon': 9.634771801775012e-07}]
function_evaluation time 0.245862 value 44.066169 suggestion {'learning_rate_init': 0.0784313940442866, 'beta_2': 0.9560078007466019, 'batch_size': 168, 'validation_fraction': 0.15512942194435742, 'tol': 0.006600871318340241, 'beta_1': 0.8677016038211287, 'alpha': 3.2157705128508174, 'hidden_layer_sizes': 184, 'epsilon': 9.634771801775012e-07}
observation time 0.001833, current best 44.066169 at iter 12
suggestion time taken 0.007140 iter 13 next_points [{'learning_rate_init': 0.0784313940442866, 'beta_2': 0.9560078007466019, 'batch_size': 201, 'validation_fraction': 0.15512942194435742, 'tol': 0.006600871318340241, 'beta_1': 0.9035228473662548, 'alpha': 3.2157705128508174, 'hidden_layer_sizes': 184, 'epsilon': 8.352342188161211e-07}]
function_evaluation time 0.303498 value 44.416188 suggestion {'learning_rate_init': 0.0784313940442866, 'beta_2': 0.9560078007466019, 'batch_size': 201, 'validation_fraction': 0.15512942194435742, 'tol': 0.006600871318340241, 'beta_1': 0.9035228473662548, 'alpha': 3.2157705128508174, 'hidden_layer_sizes': 184, 'epsilon': 8.352342188161211e-07}
observation time 0.001893, current best 44.066169 at iter 13
suggestion time taken 0.006919 iter 14 next_points [{'learning_rate_init': 0.0784313940442866, 'beta_2': 0.9560078007466019, 'batch_size': 168, 'validation_fraction': 0.15512942194435742, 'tol': 0.006600871318340241, 'beta_1': 0.8770498256847796, 'alpha': 4.176300487094839, 'hidden_layer_sizes': 184, 'epsilon': 9.634771801775012e-07}]
function_evaluation time 0.257799 value 44.988994 suggestion {'learning_rate_init': 0.0784313940442866, 'beta_2': 0.9560078007466019, 'batch_size': 168, 'validation_fraction': 0.15512942194435742, 'tol': 0.006600871318340241, 'beta_1': 0.8770498256847796, 'alpha': 4.176300487094839, 'hidden_layer_sizes': 184, 'epsilon': 9.634771801775012e-07}
observation time 0.001842, current best 44.066169 at iter 14
saving meta data: {'args': {'--uuid': '1bb0472f3ccd5ed29d7d6ae3830ac1d0', '-db-root': '/home/ryedida/bbo_challenge_starter_kit/output', '--opt-root': '/home/ryedida/bbo_challenge_starter_kit/example_submissions', '--data-root': None, '--db': 'run_20230425_034200', '--opt': 'opentuner', '--data': 'diabetes', '--classifier': 'MLP-adam', '--metric': 'mae', '--calls': 15, '--suggestions': 1, '--jobs-file': None, '--verbose': False, 'dry_run': False, 'rev': 'a376313', 'opt_rev': '0.8.8'}, 'signature': ([{'alpha': 0.019628224813442792, 'batch_size': 182, 'beta_1': 0.9410202200271762, 'beta_2': 0.9998021557676793, 'epsilon': 1.8662266976518e-08, 'hidden_layer_sizes': 147, 'learning_rate_init': 0.0005627932047415167, 'tol': 0.03690557729213761, 'validation_fraction': 0.8846827852548593}, {'alpha': 0.0019982467392329444, 'batch_size': 200, 'beta_1': 0.919111482530466, 'beta_2': 0.9998488260436156, 'epsilon': 5.981221901152555e-07, 'hidden_layer_sizes': 61, 'learning_rate_init': 2.2310905607443014e-05, 'tol': 1.2046852412030316e-05, 'validation_fraction': 0.8117896445826539}, {'alpha': 0.46659545670218433, 'batch_size': 219, 'beta_1': 0.9889789783750891, 'beta_2': 0.9999896868093284, 'epsilon': 2.4234724484675948e-08, 'hidden_layer_sizes': 167, 'learning_rate_init': 2.972334644335654e-05, 'tol': 0.0036281404040243792, 'validation_fraction': 0.17260651658522078}, {'alpha': 4.656005689076002, 'batch_size': 135, 'beta_1': 0.870503881627747, 'beta_2': 0.9948873266941017, 'epsilon': 2.1023308743480125e-07, 'hidden_layer_sizes': 118, 'learning_rate_init': 0.0018781738757161913, 'tol': 1.1889379831773004e-05, 'validation_fraction': 0.6264327093752792}, {'alpha': 0.04705159350400542, 'batch_size': 158, 'beta_1': 0.9870884262730957, 'beta_2': 0.9999596874382349, 'epsilon': 1.1981845126013875e-08, 'hidden_layer_sizes': 116, 'learning_rate_init': 0.00617340520407431, 'tol': 1.741413418158619e-05, 'validation_fraction': 0.6754299026638921}], [151.4971925380264, 151.42763539278994, 151.47026299046811, 136.86202504264318, 75.2055865763391])}
saving results
saving timing
saving suggest log
done
