running: {'--uuid': '25caaa59432b5da1bbaf17b56ed7294d', '-db-root': '/home/ryedida/bbo_challenge_starter_kit/output', '--opt-root': '/home/ryedida/bbo_challenge_starter_kit/example_submissions', '--data-root': None, '--db': 'run_20230425_034200', '--opt': 'random-search', '--data': 'diabetes', '--classifier': 'MLP-adam', '--metric': 'mae', '--calls': 15, '--suggestions': 1, '--jobs-file': None, '--verbose': False, 'dry_run': False, 'rev': 'a376313', 'opt_rev': '0.0.8'}
cmd: python random-search/optimizer.py -c MLP-adam -d diabetes -o random-search -u 25caaa59432b5da1bbaf17b56ed7294d -m mae -n 15 -p 1 -dir /home/ryedida/bbo_challenge_starter_kit/output -b run_20230425_034200
/home/ryedida/.local/lib/python3.9/site-packages/sklearn/neural_network/_multilayer_perceptron.py:605: UserWarning: Got `batch_size` less than 1 or larger than sample size. It is going to be clipped
  warnings.warn(

/home/ryedida/.local/lib/python3.9/site-packages/sklearn/neural_network/_multilayer_perceptron.py:605: UserWarning: Got `batch_size` less than 1 or larger than sample size. It is going to be clipped
  warnings.warn(

/home/ryedida/.local/lib/python3.9/site-packages/sklearn/neural_network/_multilayer_perceptron.py:605: UserWarning: Got `batch_size` less than 1 or larger than sample size. It is going to be clipped
  warnings.warn(

/home/ryedida/.local/lib/python3.9/site-packages/sklearn/neural_network/_multilayer_perceptron.py:686: ConvergenceWarning: Stochastic Optimizer: Maximum iterations (200) reached and the optimization hasn't converged yet.
  warnings.warn(

/home/ryedida/.local/lib/python3.9/site-packages/sklearn/neural_network/_multilayer_perceptron.py:605: UserWarning: Got `batch_size` less than 1 or larger than sample size. It is going to be clipped
  warnings.warn(

/home/ryedida/.local/lib/python3.9/site-packages/sklearn/neural_network/_multilayer_perceptron.py:686: ConvergenceWarning: Stochastic Optimizer: Maximum iterations (200) reached and the optimization hasn't converged yet.
  warnings.warn(

computed signature: ([{'alpha': 0.019628224813442792, 'batch_size': 182, 'beta_1': 0.9410202200271762, 'beta_2': 0.9998021557676793, 'epsilon': 1.8662266976518e-08, 'hidden_layer_sizes': 147, 'learning_rate_init': 0.0005627932047415167, 'tol': 0.03690557729213761, 'validation_fraction': 0.8846827852548593}, {'alpha': 0.0019982467392329444, 'batch_size': 200, 'beta_1': 0.919111482530466, 'beta_2': 0.9998488260436156, 'epsilon': 5.981221901152555e-07, 'hidden_layer_sizes': 61, 'learning_rate_init': 2.2310905607443014e-05, 'tol': 1.2046852412030316e-05, 'validation_fraction': 0.8117896445826539}, {'alpha': 0.46659545670218433, 'batch_size': 219, 'beta_1': 0.9889789783750891, 'beta_2': 0.9999896868093284, 'epsilon': 2.4234724484675948e-08, 'hidden_layer_sizes': 167, 'learning_rate_init': 2.972334644335654e-05, 'tol': 0.0036281404040243792, 'validation_fraction': 0.17260651658522078}, {'alpha': 4.656005689076002, 'batch_size': 135, 'beta_1': 0.870503881627747, 'beta_2': 0.9948873266941017, 'epsilon': 2.1023308743480125e-07, 'hidden_layer_sizes': 118, 'learning_rate_init': 0.0018781738757161913, 'tol': 1.1889379831773004e-05, 'validation_fraction': 0.6264327093752792}, {'alpha': 0.04705159350400542, 'batch_size': 158, 'beta_1': 0.9870884262730957, 'beta_2': 0.9999596874382349, 'epsilon': 1.1981845126013875e-08, 'hidden_layer_sizes': 116, 'learning_rate_init': 0.00617340520407431, 'tol': 1.741413418158619e-05, 'validation_fraction': 0.6754299026638921}], [151.4971925380264, 151.42763539278994, 151.47026299046811, 136.86202504264318, 75.2055865763391])
Signature errors:
                                  0             1             2         3         4       max
MLP-adam_diabetes_mae  1.919244e-08  6.198704e-08  7.624578e-09  0.000007  0.000034  0.000034
max                    1.919244e-08  6.198704e-08  7.624578e-09  0.000007  0.000034  0.000034
starting sklearn study random-search MLP-adam diabetes mae 15 1
with data root: None
suggestion time taken 0.002525 iter 0 next_points [{'alpha': 0.051060240338860724, 'batch_size': 35, 'beta_1': 0.9644509794141413, 'beta_2': 0.9968933906081126, 'epsilon': 9.625760532350204e-09, 'hidden_layer_sizes': 103, 'learning_rate_init': 0.05011859782308044, 'tol': 0.0030251419967599487, 'validation_fraction': 0.5523116634827744}]
function_evaluation time 0.358840 value 44.164953 suggestion {'alpha': 0.051060240338860724, 'batch_size': 35, 'beta_1': 0.9644509794141413, 'beta_2': 0.9968933906081126, 'epsilon': 9.625760532350204e-09, 'hidden_layer_sizes': 103, 'learning_rate_init': 0.05011859782308044, 'tol': 0.0030251419967599487, 'validation_fraction': 0.5523116634827744}
observation time 0.000005, current best 44.164953 at iter 0
suggestion time taken 0.002544 iter 1 next_points [{'alpha': 0.0013016562778389784, 'batch_size': 56, 'beta_1': 0.9626018895410507, 'beta_2': 0.9727831453962404, 'epsilon': 7.518837427979108e-09, 'hidden_layer_sizes': 176, 'learning_rate_init': 2.4802873079738556e-05, 'tol': 0.00015714420779639558, 'validation_fraction': 0.7150160034324594}]
function_evaluation time 0.073121 value 151.429495 suggestion {'alpha': 0.0013016562778389784, 'batch_size': 56, 'beta_1': 0.9626018895410507, 'beta_2': 0.9727831453962404, 'epsilon': 7.518837427979108e-09, 'hidden_layer_sizes': 176, 'learning_rate_init': 2.4802873079738556e-05, 'tol': 0.00015714420779639558, 'validation_fraction': 0.7150160034324594}
observation time 0.000004, current best 44.164953 at iter 1
suggestion time taken 0.002517 iter 2 next_points [{'alpha': 0.009059664112501368, 'batch_size': 79, 'beta_1': 0.9822753577164272, 'beta_2': 0.9974728562747608, 'epsilon': 2.6397926301522006e-08, 'hidden_layer_sizes': 186, 'learning_rate_init': 0.0010587187369617607, 'tol': 1.3853074687558651e-05, 'validation_fraction': 0.885011247424824}]
/home/ryedida/.local/lib/python3.9/site-packages/sklearn/neural_network/_multilayer_perceptron.py:605: UserWarning: Got `batch_size` less than 1 or larger than sample size. It is going to be clipped
  warnings.warn(

/home/ryedida/.local/lib/python3.9/site-packages/sklearn/neural_network/_multilayer_perceptron.py:686: ConvergenceWarning: Stochastic Optimizer: Maximum iterations (200) reached and the optimization hasn't converged yet.
  warnings.warn(

function_evaluation time 0.744809 value 146.023894 suggestion {'alpha': 0.009059664112501368, 'batch_size': 79, 'beta_1': 0.9822753577164272, 'beta_2': 0.9974728562747608, 'epsilon': 2.6397926301522006e-08, 'hidden_layer_sizes': 186, 'learning_rate_init': 0.0010587187369617607, 'tol': 1.3853074687558651e-05, 'validation_fraction': 0.885011247424824}
observation time 0.000004, current best 44.164953 at iter 2
suggestion time taken 0.002752 iter 3 next_points [{'alpha': 4.654013585741931, 'batch_size': 200, 'beta_1': 0.9792888048187427, 'beta_2': 0.9133334451314061, 'epsilon': 7.009177679700307e-09, 'hidden_layer_sizes': 149, 'learning_rate_init': 0.00836033589220601, 'tol': 7.883856676116755e-05, 'validation_fraction': 0.8308828638633219}]
/home/ryedida/.local/lib/python3.9/site-packages/sklearn/neural_network/_multilayer_perceptron.py:605: UserWarning: Got `batch_size` less than 1 or larger than sample size. It is going to be clipped
  warnings.warn(

/home/ryedida/.local/lib/python3.9/site-packages/sklearn/neural_network/_multilayer_perceptron.py:686: ConvergenceWarning: Stochastic Optimizer: Maximum iterations (200) reached and the optimization hasn't converged yet.
  warnings.warn(

function_evaluation time 0.718380 value 58.676391 suggestion {'alpha': 4.654013585741931, 'batch_size': 200, 'beta_1': 0.9792888048187427, 'beta_2': 0.9133334451314061, 'epsilon': 7.009177679700307e-09, 'hidden_layer_sizes': 149, 'learning_rate_init': 0.00836033589220601, 'tol': 7.883856676116755e-05, 'validation_fraction': 0.8308828638633219}
observation time 0.000004, current best 44.164953 at iter 3
suggestion time taken 0.002492 iter 4 next_points [{'alpha': 0.005191015260815848, 'batch_size': 163, 'beta_1': 0.5965773524052611, 'beta_2': 0.9788950304521263, 'epsilon': 2.7402229133348626e-07, 'hidden_layer_sizes': 171, 'learning_rate_init': 0.0029239018693025865, 'tol': 0.00552493326834911, 'validation_fraction': 0.16348329010031268}]
/home/ryedida/.local/lib/python3.9/site-packages/sklearn/neural_network/_multilayer_perceptron.py:686: ConvergenceWarning: Stochastic Optimizer: Maximum iterations (200) reached and the optimization hasn't converged yet.
  warnings.warn(

function_evaluation time 1.324541 value 56.036307 suggestion {'alpha': 0.005191015260815848, 'batch_size': 163, 'beta_1': 0.5965773524052611, 'beta_2': 0.9788950304521263, 'epsilon': 2.7402229133348626e-07, 'hidden_layer_sizes': 171, 'learning_rate_init': 0.0029239018693025865, 'tol': 0.00552493326834911, 'validation_fraction': 0.16348329010031268}
observation time 0.000004, current best 44.164953 at iter 4
suggestion time taken 0.002504 iter 5 next_points [{'alpha': 0.05052029961426224, 'batch_size': 102, 'beta_1': 0.9891778440703357, 'beta_2': 0.9999335884400842, 'epsilon': 1.3263721974984802e-08, 'hidden_layer_sizes': 54, 'learning_rate_init': 0.00116033567960298, 'tol': 3.8851062923208525e-05, 'validation_fraction': 0.8971806336316439}]
/home/ryedida/.local/lib/python3.9/site-packages/sklearn/neural_network/_multilayer_perceptron.py:605: UserWarning: Got `batch_size` less than 1 or larger than sample size. It is going to be clipped
  warnings.warn(

/home/ryedida/.local/lib/python3.9/site-packages/sklearn/neural_network/_multilayer_perceptron.py:686: ConvergenceWarning: Stochastic Optimizer: Maximum iterations (200) reached and the optimization hasn't converged yet.
  warnings.warn(

function_evaluation time 0.556737 value 148.864727 suggestion {'alpha': 0.05052029961426224, 'batch_size': 102, 'beta_1': 0.9891778440703357, 'beta_2': 0.9999335884400842, 'epsilon': 1.3263721974984802e-08, 'hidden_layer_sizes': 54, 'learning_rate_init': 0.00116033567960298, 'tol': 3.8851062923208525e-05, 'validation_fraction': 0.8971806336316439}
observation time 0.000004, current best 44.164953 at iter 5
suggestion time taken 0.002539 iter 6 next_points [{'alpha': 0.0004505093713548067, 'batch_size': 83, 'beta_1': 0.7687806485540455, 'beta_2': 0.9998411148948758, 'epsilon': 1.950604467461596e-09, 'hidden_layer_sizes': 139, 'learning_rate_init': 0.028660389418766127, 'tol': 0.0007301349256091051, 'validation_fraction': 0.42537234376728733}]
function_evaluation time 0.485832 value 43.722768 suggestion {'alpha': 0.0004505093713548067, 'batch_size': 83, 'beta_1': 0.7687806485540455, 'beta_2': 0.9998411148948758, 'epsilon': 1.950604467461596e-09, 'hidden_layer_sizes': 139, 'learning_rate_init': 0.028660389418766127, 'tol': 0.0007301349256091051, 'validation_fraction': 0.42537234376728733}
observation time 0.000004, current best 43.722768 at iter 6
suggestion time taken 0.002481 iter 7 next_points [{'alpha': 0.0001856270485942737, 'batch_size': 29, 'beta_1': 0.8537774792066919, 'beta_2': 0.9542767715924766, 'epsilon': 2.2333527691556596e-09, 'hidden_layer_sizes': 134, 'learning_rate_init': 0.009562666459978303, 'tol': 0.01200831298883851, 'validation_fraction': 0.37267425645294133}]
function_evaluation time 0.532211 value 49.575241 suggestion {'alpha': 0.0001856270485942737, 'batch_size': 29, 'beta_1': 0.8537774792066919, 'beta_2': 0.9542767715924766, 'epsilon': 2.2333527691556596e-09, 'hidden_layer_sizes': 134, 'learning_rate_init': 0.009562666459978303, 'tol': 0.01200831298883851, 'validation_fraction': 0.37267425645294133}
observation time 0.000005, current best 43.722768 at iter 7
suggestion time taken 0.002437 iter 8 next_points [{'alpha': 0.0012666671463637843, 'batch_size': 231, 'beta_1': 0.9801653396646285, 'beta_2': 0.9999981763604463, 'epsilon': 2.181624173116376e-09, 'hidden_layer_sizes': 113, 'learning_rate_init': 0.004564225870268436, 'tol': 0.04750000933565545, 'validation_fraction': 0.7399446251934345}]
/home/ryedida/.local/lib/python3.9/site-packages/sklearn/neural_network/_multilayer_perceptron.py:605: UserWarning: Got `batch_size` less than 1 or larger than sample size. It is going to be clipped
  warnings.warn(

function_evaluation time 0.051676 value 150.634849 suggestion {'alpha': 0.0012666671463637843, 'batch_size': 231, 'beta_1': 0.9801653396646285, 'beta_2': 0.9999981763604463, 'epsilon': 2.181624173116376e-09, 'hidden_layer_sizes': 113, 'learning_rate_init': 0.004564225870268436, 'tol': 0.04750000933565545, 'validation_fraction': 0.7399446251934345}
observation time 0.000003, current best 43.722768 at iter 8
suggestion time taken 0.002385 iter 9 next_points [{'alpha': 0.007203519917029938, 'batch_size': 193, 'beta_1': 0.5392634829328481, 'beta_2': 0.9999929667363603, 'epsilon': 2.3805704404628615e-08, 'hidden_layer_sizes': 176, 'learning_rate_init': 0.026464862618944054, 'tol': 0.02432582399650406, 'validation_fraction': 0.6132167065486329}]
/home/ryedida/.local/lib/python3.9/site-packages/sklearn/neural_network/_multilayer_perceptron.py:605: UserWarning: Got `batch_size` less than 1 or larger than sample size. It is going to be clipped
  warnings.warn(

function_evaluation time 0.231227 value 52.162064 suggestion {'alpha': 0.007203519917029938, 'batch_size': 193, 'beta_1': 0.5392634829328481, 'beta_2': 0.9999929667363603, 'epsilon': 2.3805704404628615e-08, 'hidden_layer_sizes': 176, 'learning_rate_init': 0.026464862618944054, 'tol': 0.02432582399650406, 'validation_fraction': 0.6132167065486329}
observation time 0.000004, current best 43.722768 at iter 9
suggestion time taken 0.002453 iter 10 next_points [{'alpha': 0.00015088558690986813, 'batch_size': 155, 'beta_1': 0.6712742400318793, 'beta_2': 0.9999985073641113, 'epsilon': 5.2506813968049165e-08, 'hidden_layer_sizes': 117, 'learning_rate_init': 0.05102588983082492, 'tol': 0.008170366374585666, 'validation_fraction': 0.8888790774015715}]
/home/ryedida/.local/lib/python3.9/site-packages/sklearn/neural_network/_multilayer_perceptron.py:605: UserWarning: Got `batch_size` less than 1 or larger than sample size. It is going to be clipped
  warnings.warn(

function_evaluation time 0.155783 value 51.139961 suggestion {'alpha': 0.00015088558690986813, 'batch_size': 155, 'beta_1': 0.6712742400318793, 'beta_2': 0.9999985073641113, 'epsilon': 5.2506813968049165e-08, 'hidden_layer_sizes': 117, 'learning_rate_init': 0.05102588983082492, 'tol': 0.008170366374585666, 'validation_fraction': 0.8888790774015715}
observation time 0.000009, current best 43.722768 at iter 10
suggestion time taken 0.002419 iter 11 next_points [{'alpha': 0.0029970699964557857, 'batch_size': 242, 'beta_1': 0.9746109402463407, 'beta_2': 0.9888756655296445, 'epsilon': 6.047573898504473e-08, 'hidden_layer_sizes': 99, 'learning_rate_init': 0.023721221742353936, 'tol': 0.012503622733988237, 'validation_fraction': 0.3565262587869827}]
/home/ryedida/.local/lib/python3.9/site-packages/sklearn/neural_network/_multilayer_perceptron.py:605: UserWarning: Got `batch_size` less than 1 or larger than sample size. It is going to be clipped
  warnings.warn(

function_evaluation time 0.346313 value 54.712457 suggestion {'alpha': 0.0029970699964557857, 'batch_size': 242, 'beta_1': 0.9746109402463407, 'beta_2': 0.9888756655296445, 'epsilon': 6.047573898504473e-08, 'hidden_layer_sizes': 99, 'learning_rate_init': 0.023721221742353936, 'tol': 0.012503622733988237, 'validation_fraction': 0.3565262587869827}
observation time 0.000004, current best 43.722768 at iter 11
suggestion time taken 0.002403 iter 12 next_points [{'alpha': 4.602197714169243e-05, 'batch_size': 213, 'beta_1': 0.9551483461268416, 'beta_2': 0.9020560597540307, 'epsilon': 2.0554263275923813e-07, 'hidden_layer_sizes': 85, 'learning_rate_init': 1.6112197434307595e-05, 'tol': 0.0019059456547909249, 'validation_fraction': 0.5499199766810478}]
/home/ryedida/.local/lib/python3.9/site-packages/sklearn/neural_network/_multilayer_perceptron.py:605: UserWarning: Got `batch_size` less than 1 or larger than sample size. It is going to be clipped
  warnings.warn(

function_evaluation time 0.052979 value 151.544660 suggestion {'alpha': 4.602197714169243e-05, 'batch_size': 213, 'beta_1': 0.9551483461268416, 'beta_2': 0.9020560597540307, 'epsilon': 2.0554263275923813e-07, 'hidden_layer_sizes': 85, 'learning_rate_init': 1.6112197434307595e-05, 'tol': 0.0019059456547909249, 'validation_fraction': 0.5499199766810478}
observation time 0.000004, current best 43.722768 at iter 12
suggestion time taken 0.002415 iter 13 next_points [{'alpha': 0.000122546341085322, 'batch_size': 106, 'beta_1': 0.872144903796162, 'beta_2': 0.9211596597381074, 'epsilon': 1.4369184242952254e-07, 'hidden_layer_sizes': 124, 'learning_rate_init': 0.013591793998133886, 'tol': 1.4486605198706164e-05, 'validation_fraction': 0.4872075492914012}]
function_evaluation time 0.871881 value 44.585870 suggestion {'alpha': 0.000122546341085322, 'batch_size': 106, 'beta_1': 0.872144903796162, 'beta_2': 0.9211596597381074, 'epsilon': 1.4369184242952254e-07, 'hidden_layer_sizes': 124, 'learning_rate_init': 0.013591793998133886, 'tol': 1.4486605198706164e-05, 'validation_fraction': 0.4872075492914012}
observation time 0.000004, current best 43.722768 at iter 13
suggestion time taken 0.002604 iter 14 next_points [{'alpha': 0.008355692015536799, 'batch_size': 249, 'beta_1': 0.9622383128082449, 'beta_2': 0.9999912777394824, 'epsilon': 1.8339350985527458e-09, 'hidden_layer_sizes': 119, 'learning_rate_init': 0.0004747017814311342, 'tol': 0.002676801684731048, 'validation_fraction': 0.2760098259284135}]
function_evaluation time 0.064716 value 151.382749 suggestion {'alpha': 0.008355692015536799, 'batch_size': 249, 'beta_1': 0.9622383128082449, 'beta_2': 0.9999912777394824, 'epsilon': 1.8339350985527458e-09, 'hidden_layer_sizes': 119, 'learning_rate_init': 0.0004747017814311342, 'tol': 0.002676801684731048, 'validation_fraction': 0.2760098259284135}
observation time 0.000004, current best 43.722768 at iter 14
saving meta data: {'args': {'--uuid': '25caaa59432b5da1bbaf17b56ed7294d', '-db-root': '/home/ryedida/bbo_challenge_starter_kit/output', '--opt-root': '/home/ryedida/bbo_challenge_starter_kit/example_submissions', '--data-root': None, '--db': 'run_20230425_034200', '--opt': 'random-search', '--data': 'diabetes', '--classifier': 'MLP-adam', '--metric': 'mae', '--calls': 15, '--suggestions': 1, '--jobs-file': None, '--verbose': False, 'dry_run': False, 'rev': 'a376313', 'opt_rev': '0.0.8'}, 'signature': ([{'alpha': 0.019628224813442792, 'batch_size': 182, 'beta_1': 0.9410202200271762, 'beta_2': 0.9998021557676793, 'epsilon': 1.8662266976518e-08, 'hidden_layer_sizes': 147, 'learning_rate_init': 0.0005627932047415167, 'tol': 0.03690557729213761, 'validation_fraction': 0.8846827852548593}, {'alpha': 0.0019982467392329444, 'batch_size': 200, 'beta_1': 0.919111482530466, 'beta_2': 0.9998488260436156, 'epsilon': 5.981221901152555e-07, 'hidden_layer_sizes': 61, 'learning_rate_init': 2.2310905607443014e-05, 'tol': 1.2046852412030316e-05, 'validation_fraction': 0.8117896445826539}, {'alpha': 0.46659545670218433, 'batch_size': 219, 'beta_1': 0.9889789783750891, 'beta_2': 0.9999896868093284, 'epsilon': 2.4234724484675948e-08, 'hidden_layer_sizes': 167, 'learning_rate_init': 2.972334644335654e-05, 'tol': 0.0036281404040243792, 'validation_fraction': 0.17260651658522078}, {'alpha': 4.656005689076002, 'batch_size': 135, 'beta_1': 0.870503881627747, 'beta_2': 0.9948873266941017, 'epsilon': 2.1023308743480125e-07, 'hidden_layer_sizes': 118, 'learning_rate_init': 0.0018781738757161913, 'tol': 1.1889379831773004e-05, 'validation_fraction': 0.6264327093752792}, {'alpha': 0.04705159350400542, 'batch_size': 158, 'beta_1': 0.9870884262730957, 'beta_2': 0.9999596874382349, 'epsilon': 1.1981845126013875e-08, 'hidden_layer_sizes': 116, 'learning_rate_init': 0.00617340520407431, 'tol': 1.741413418158619e-05, 'validation_fraction': 0.6754299026638921}], [151.4971925380264, 151.42763539278994, 151.47026299046811, 136.86202504264318, 75.2055865763391])}
saving results
saving timing
saving suggest log
done
