running: {'--uuid': '2eb90424d82c5d1782d3c1ccc82e1910', '-db-root': '/home/ryedida/bbo_challenge_starter_kit/output', '--opt-root': '/home/ryedida/bbo_challenge_starter_kit/example_submissions', '--data-root': None, '--db': 'run_20230425_034200', '--opt': 'random-search', '--data': 'diabetes', '--classifier': 'MLP-adam', '--metric': 'mse', '--calls': 15, '--suggestions': 1, '--jobs-file': None, '--verbose': False, 'dry_run': False, 'rev': 'a376313', 'opt_rev': '0.0.8'}
cmd: python random-search/optimizer.py -c MLP-adam -d diabetes -o random-search -u 2eb90424d82c5d1782d3c1ccc82e1910 -m mse -n 15 -p 1 -dir /home/ryedida/bbo_challenge_starter_kit/output -b run_20230425_034200
/home/ryedida/.local/lib/python3.9/site-packages/sklearn/neural_network/_multilayer_perceptron.py:605: UserWarning: Got `batch_size` less than 1 or larger than sample size. It is going to be clipped
  warnings.warn(

/home/ryedida/.local/lib/python3.9/site-packages/sklearn/neural_network/_multilayer_perceptron.py:605: UserWarning: Got `batch_size` less than 1 or larger than sample size. It is going to be clipped
  warnings.warn(

/home/ryedida/.local/lib/python3.9/site-packages/sklearn/neural_network/_multilayer_perceptron.py:605: UserWarning: Got `batch_size` less than 1 or larger than sample size. It is going to be clipped
  warnings.warn(

/home/ryedida/.local/lib/python3.9/site-packages/sklearn/neural_network/_multilayer_perceptron.py:686: ConvergenceWarning: Stochastic Optimizer: Maximum iterations (200) reached and the optimization hasn't converged yet.
  warnings.warn(

/home/ryedida/.local/lib/python3.9/site-packages/sklearn/neural_network/_multilayer_perceptron.py:605: UserWarning: Got `batch_size` less than 1 or larger than sample size. It is going to be clipped
  warnings.warn(

/home/ryedida/.local/lib/python3.9/site-packages/sklearn/neural_network/_multilayer_perceptron.py:686: ConvergenceWarning: Stochastic Optimizer: Maximum iterations (200) reached and the optimization hasn't converged yet.
  warnings.warn(

computed signature: ([{'alpha': 0.019628224813442792, 'batch_size': 182, 'beta_1': 0.9410202200271762, 'beta_2': 0.9998021557676793, 'epsilon': 1.8662266976518e-08, 'hidden_layer_sizes': 147, 'learning_rate_init': 0.0005627932047415167, 'tol': 0.03690557729213761, 'validation_fraction': 0.8846827852548593}, {'alpha': 0.0019982467392329444, 'batch_size': 200, 'beta_1': 0.919111482530466, 'beta_2': 0.9998488260436156, 'epsilon': 5.981221901152555e-07, 'hidden_layer_sizes': 61, 'learning_rate_init': 2.2310905607443014e-05, 'tol': 1.2046852412030316e-05, 'validation_fraction': 0.8117896445826539}, {'alpha': 0.46659545670218433, 'batch_size': 219, 'beta_1': 0.9889789783750891, 'beta_2': 0.9999896868093284, 'epsilon': 2.4234724484675948e-08, 'hidden_layer_sizes': 167, 'learning_rate_init': 2.972334644335654e-05, 'tol': 0.0036281404040243792, 'validation_fraction': 0.17260651658522078}, {'alpha': 4.656005689076002, 'batch_size': 135, 'beta_1': 0.870503881627747, 'beta_2': 0.9948873266941017, 'epsilon': 2.1023308743480125e-07, 'hidden_layer_sizes': 118, 'learning_rate_init': 0.0018781738757161913, 'tol': 1.1889379831773004e-05, 'validation_fraction': 0.6264327093752792}, {'alpha': 0.04705159350400542, 'batch_size': 158, 'beta_1': 0.9870884262730957, 'beta_2': 0.9999596874382349, 'epsilon': 1.1981845126013875e-08, 'hidden_layer_sizes': 116, 'learning_rate_init': 0.00617340520407431, 'tol': 1.741413418158619e-05, 'validation_fraction': 0.6754299026638921}], [29083.993548572587, 29062.423277324073, 29075.78987471409, 24626.32866834337, 9584.226858493177])
Signature errors:
                              0         1         2         3         4       max
MLP-adam_diabetes_mse  0.000007  0.000008  0.000003  0.003558  0.004952  0.004952
max                    0.000007  0.000008  0.000003  0.003558  0.004952  0.004952
starting sklearn study random-search MLP-adam diabetes mse 15 1
with data root: None
suggestion time taken 0.002514 iter 0 next_points [{'alpha': 0.0012152094479277447, 'batch_size': 218, 'beta_1': 0.7452428463633243, 'beta_2': 0.9991840231934968, 'epsilon': 5.319693373130506e-07, 'hidden_layer_sizes': 64, 'learning_rate_init': 0.0033895235986425238, 'tol': 2.0851511964140408e-05, 'validation_fraction': 0.4162545764614545}]
/home/ryedida/.local/lib/python3.9/site-packages/sklearn/neural_network/_multilayer_perceptron.py:605: UserWarning: Got `batch_size` less than 1 or larger than sample size. It is going to be clipped
  warnings.warn(

/home/ryedida/.local/lib/python3.9/site-packages/sklearn/neural_network/_multilayer_perceptron.py:686: ConvergenceWarning: Stochastic Optimizer: Maximum iterations (200) reached and the optimization hasn't converged yet.
  warnings.warn(

function_evaluation time 0.675867 value 19476.884841 suggestion {'alpha': 0.0012152094479277447, 'batch_size': 218, 'beta_1': 0.7452428463633243, 'beta_2': 0.9991840231934968, 'epsilon': 5.319693373130506e-07, 'hidden_layer_sizes': 64, 'learning_rate_init': 0.0033895235986425238, 'tol': 2.0851511964140408e-05, 'validation_fraction': 0.4162545764614545}
observation time 0.000005, current best 19476.884841 at iter 0
suggestion time taken 0.002466 iter 1 next_points [{'alpha': 0.02255962698062779, 'batch_size': 33, 'beta_1': 0.5206494574160188, 'beta_2': 0.9999968830508817, 'epsilon': 1.318081008042268e-08, 'hidden_layer_sizes': 69, 'learning_rate_init': 0.0006199248396187607, 'tol': 0.000859784652201851, 'validation_fraction': 0.47850773053246054}]
/home/ryedida/.local/lib/python3.9/site-packages/sklearn/neural_network/_multilayer_perceptron.py:686: ConvergenceWarning: Stochastic Optimizer: Maximum iterations (200) reached and the optimization hasn't converged yet.
  warnings.warn(

function_evaluation time 1.466722 value 20316.431904 suggestion {'alpha': 0.02255962698062779, 'batch_size': 33, 'beta_1': 0.5206494574160188, 'beta_2': 0.9999968830508817, 'epsilon': 1.318081008042268e-08, 'hidden_layer_sizes': 69, 'learning_rate_init': 0.0006199248396187607, 'tol': 0.000859784652201851, 'validation_fraction': 0.47850773053246054}
observation time 0.000003, current best 19476.884841 at iter 1
suggestion time taken 0.002480 iter 2 next_points [{'alpha': 0.4158761502804451, 'batch_size': 53, 'beta_1': 0.982680233674406, 'beta_2': 0.9999729285054547, 'epsilon': 1.333889007294956e-08, 'hidden_layer_sizes': 199, 'learning_rate_init': 0.0006064260842229141, 'tol': 0.09999511299982666, 'validation_fraction': 0.10415302570425579}]
function_evaluation time 0.139421 value 28851.713985 suggestion {'alpha': 0.4158761502804451, 'batch_size': 53, 'beta_1': 0.982680233674406, 'beta_2': 0.9999729285054547, 'epsilon': 1.333889007294956e-08, 'hidden_layer_sizes': 199, 'learning_rate_init': 0.0006064260842229141, 'tol': 0.09999511299982666, 'validation_fraction': 0.10415302570425579}
observation time 0.000005, current best 19476.884841 at iter 2
suggestion time taken 0.002466 iter 3 next_points [{'alpha': 0.28188762184627103, 'batch_size': 79, 'beta_1': 0.9357570120203784, 'beta_2': 0.9984655343462662, 'epsilon': 3.087402467869582e-09, 'hidden_layer_sizes': 89, 'learning_rate_init': 0.05351762710848134, 'tol': 0.051399918088284875, 'validation_fraction': 0.6571621463051686}]
function_evaluation time 0.139843 value 3991.591202 suggestion {'alpha': 0.28188762184627103, 'batch_size': 79, 'beta_1': 0.9357570120203784, 'beta_2': 0.9984655343462662, 'epsilon': 3.087402467869582e-09, 'hidden_layer_sizes': 89, 'learning_rate_init': 0.05351762710848134, 'tol': 0.051399918088284875, 'validation_fraction': 0.6571621463051686}
observation time 0.000004, current best 3991.591202 at iter 3
suggestion time taken 0.002402 iter 4 next_points [{'alpha': 1.244913849963817, 'batch_size': 110, 'beta_1': 0.7106214053790475, 'beta_2': 0.9999776482356635, 'epsilon': 5.279178272282322e-08, 'hidden_layer_sizes': 104, 'learning_rate_init': 0.0050257519181306385, 'tol': 0.04394877080218714, 'validation_fraction': 0.1765697706304027}]
function_evaluation time 0.084879 value 27929.379792 suggestion {'alpha': 1.244913849963817, 'batch_size': 110, 'beta_1': 0.7106214053790475, 'beta_2': 0.9999776482356635, 'epsilon': 5.279178272282322e-08, 'hidden_layer_sizes': 104, 'learning_rate_init': 0.0050257519181306385, 'tol': 0.04394877080218714, 'validation_fraction': 0.1765697706304027}
observation time 0.000004, current best 3991.591202 at iter 4
suggestion time taken 0.002463 iter 5 next_points [{'alpha': 0.23587179059705704, 'batch_size': 129, 'beta_1': 0.7113235627315475, 'beta_2': 0.9992078917722351, 'epsilon': 8.463034426338965e-08, 'hidden_layer_sizes': 87, 'learning_rate_init': 0.08817323423959167, 'tol': 0.043698603745427715, 'validation_fraction': 0.1334371966144803}]
function_evaluation time 0.119146 value 3140.271019 suggestion {'alpha': 0.23587179059705704, 'batch_size': 129, 'beta_1': 0.7113235627315475, 'beta_2': 0.9992078917722351, 'epsilon': 8.463034426338965e-08, 'hidden_layer_sizes': 87, 'learning_rate_init': 0.08817323423959167, 'tol': 0.043698603745427715, 'validation_fraction': 0.1334371966144803}
observation time 0.000004, current best 3140.271019 at iter 5
suggestion time taken 0.002496 iter 6 next_points [{'alpha': 0.09256498256832398, 'batch_size': 214, 'beta_1': 0.9714068135712095, 'beta_2': 0.9985555188237522, 'epsilon': 3.053113070182032e-07, 'hidden_layer_sizes': 165, 'learning_rate_init': 7.465727681190406e-05, 'tol': 0.005083609976233901, 'validation_fraction': 0.7475019152644099}]
/home/ryedida/.local/lib/python3.9/site-packages/sklearn/neural_network/_multilayer_perceptron.py:605: UserWarning: Got `batch_size` less than 1 or larger than sample size. It is going to be clipped
  warnings.warn(

function_evaluation time 0.056868 value 29098.647578 suggestion {'alpha': 0.09256498256832398, 'batch_size': 214, 'beta_1': 0.9714068135712095, 'beta_2': 0.9985555188237522, 'epsilon': 3.053113070182032e-07, 'hidden_layer_sizes': 165, 'learning_rate_init': 7.465727681190406e-05, 'tol': 0.005083609976233901, 'validation_fraction': 0.7475019152644099}
observation time 0.000004, current best 3140.271019 at iter 6
suggestion time taken 0.002521 iter 7 next_points [{'alpha': 0.0187182141338559, 'batch_size': 171, 'beta_1': 0.651505639103355, 'beta_2': 0.9999807499759418, 'epsilon': 1.0039549812128755e-07, 'hidden_layer_sizes': 189, 'learning_rate_init': 0.0015846125436983819, 'tol': 4.834507245286974e-05, 'validation_fraction': 0.17027650231247932}]
/home/ryedida/.local/lib/python3.9/site-packages/sklearn/neural_network/_multilayer_perceptron.py:686: ConvergenceWarning: Stochastic Optimizer: Maximum iterations (200) reached and the optimization hasn't converged yet.
  warnings.warn(

function_evaluation time 1.389472 value 10555.264934 suggestion {'alpha': 0.0187182141338559, 'batch_size': 171, 'beta_1': 0.651505639103355, 'beta_2': 0.9999807499759418, 'epsilon': 1.0039549812128755e-07, 'hidden_layer_sizes': 189, 'learning_rate_init': 0.0015846125436983819, 'tol': 4.834507245286974e-05, 'validation_fraction': 0.17027650231247932}
observation time 0.000005, current best 3140.271019 at iter 7
suggestion time taken 0.002453 iter 8 next_points [{'alpha': 1.1881647099763852, 'batch_size': 125, 'beta_1': 0.9363884338670733, 'beta_2': 0.9999722039269375, 'epsilon': 1.2451820000791025e-08, 'hidden_layer_sizes': 157, 'learning_rate_init': 0.0006553195675875605, 'tol': 0.0002605472140268722, 'validation_fraction': 0.7246353536875539}]
/home/ryedida/.local/lib/python3.9/site-packages/sklearn/neural_network/_multilayer_perceptron.py:605: UserWarning: Got `batch_size` less than 1 or larger than sample size. It is going to be clipped
  warnings.warn(

/home/ryedida/.local/lib/python3.9/site-packages/sklearn/neural_network/_multilayer_perceptron.py:686: ConvergenceWarning: Stochastic Optimizer: Maximum iterations (200) reached and the optimization hasn't converged yet.
  warnings.warn(

function_evaluation time 0.792642 value 28083.094716 suggestion {'alpha': 1.1881647099763852, 'batch_size': 125, 'beta_1': 0.9363884338670733, 'beta_2': 0.9999722039269375, 'epsilon': 1.2451820000791025e-08, 'hidden_layer_sizes': 157, 'learning_rate_init': 0.0006553195675875605, 'tol': 0.0002605472140268722, 'validation_fraction': 0.7246353536875539}
observation time 0.000005, current best 3140.271019 at iter 8
suggestion time taken 0.002530 iter 9 next_points [{'alpha': 0.0004682042904492159, 'batch_size': 135, 'beta_1': 0.962737249057431, 'beta_2': 0.9999422479835053, 'epsilon': 4.896501909276365e-09, 'hidden_layer_sizes': 106, 'learning_rate_init': 0.0007808759753107953, 'tol': 0.0001489003613976054, 'validation_fraction': 0.43394152760274457}]
/home/ryedida/.local/lib/python3.9/site-packages/sklearn/neural_network/_multilayer_perceptron.py:686: ConvergenceWarning: Stochastic Optimizer: Maximum iterations (200) reached and the optimization hasn't converged yet.
  warnings.warn(

function_evaluation time 0.998839 value 26259.406263 suggestion {'alpha': 0.0004682042904492159, 'batch_size': 135, 'beta_1': 0.962737249057431, 'beta_2': 0.9999422479835053, 'epsilon': 4.896501909276365e-09, 'hidden_layer_sizes': 106, 'learning_rate_init': 0.0007808759753107953, 'tol': 0.0001489003613976054, 'validation_fraction': 0.43394152760274457}
observation time 0.000003, current best 3140.271019 at iter 9
suggestion time taken 0.002457 iter 10 next_points [{'alpha': 2.6461134828009322e-05, 'batch_size': 123, 'beta_1': 0.6993815204804472, 'beta_2': 0.9999945414641345, 'epsilon': 1.1336237771950373e-09, 'hidden_layer_sizes': 109, 'learning_rate_init': 0.05991409555348476, 'tol': 0.07677332224391065, 'validation_fraction': 0.35843464948133646}]
function_evaluation time 0.126611 value 3365.044901 suggestion {'alpha': 2.6461134828009322e-05, 'batch_size': 123, 'beta_1': 0.6993815204804472, 'beta_2': 0.9999945414641345, 'epsilon': 1.1336237771950373e-09, 'hidden_layer_sizes': 109, 'learning_rate_init': 0.05991409555348476, 'tol': 0.07677332224391065, 'validation_fraction': 0.35843464948133646}
observation time 0.000004, current best 3140.271019 at iter 10
suggestion time taken 0.002745 iter 11 next_points [{'alpha': 2.9467108005760034e-05, 'batch_size': 99, 'beta_1': 0.9633023715253909, 'beta_2': 0.999996918729945, 'epsilon': 6.282937371236021e-07, 'hidden_layer_sizes': 147, 'learning_rate_init': 1.2471293375763576e-05, 'tol': 0.0005435126990929844, 'validation_fraction': 0.2360795096013284}]
function_evaluation time 0.097371 value 29085.654854 suggestion {'alpha': 2.9467108005760034e-05, 'batch_size': 99, 'beta_1': 0.9633023715253909, 'beta_2': 0.999996918729945, 'epsilon': 6.282937371236021e-07, 'hidden_layer_sizes': 147, 'learning_rate_init': 1.2471293375763576e-05, 'tol': 0.0005435126990929844, 'validation_fraction': 0.2360795096013284}
observation time 0.000004, current best 3140.271019 at iter 11
suggestion time taken 0.002756 iter 12 next_points [{'alpha': 0.0002695727925703267, 'batch_size': 49, 'beta_1': 0.5129253419996121, 'beta_2': 0.9924308966775205, 'epsilon': 8.671164470208961e-09, 'hidden_layer_sizes': 63, 'learning_rate_init': 0.0017334677926596914, 'tol': 1.4011585630598986e-05, 'validation_fraction': 0.1938116259923012}]
/home/ryedida/.local/lib/python3.9/site-packages/sklearn/neural_network/_multilayer_perceptron.py:686: ConvergenceWarning: Stochastic Optimizer: Maximum iterations (200) reached and the optimization hasn't converged yet.
  warnings.warn(

function_evaluation time 0.990213 value 5977.460981 suggestion {'alpha': 0.0002695727925703267, 'batch_size': 49, 'beta_1': 0.5129253419996121, 'beta_2': 0.9924308966775205, 'epsilon': 8.671164470208961e-09, 'hidden_layer_sizes': 63, 'learning_rate_init': 0.0017334677926596914, 'tol': 1.4011585630598986e-05, 'validation_fraction': 0.1938116259923012}
observation time 0.000004, current best 3140.271019 at iter 12
suggestion time taken 0.002428 iter 13 next_points [{'alpha': 0.07634877595780498, 'batch_size': 34, 'beta_1': 0.7711563110302396, 'beta_2': 0.962155926540531, 'epsilon': 3.623274055525508e-09, 'hidden_layer_sizes': 159, 'learning_rate_init': 8.15958567074294e-05, 'tol': 0.00031236027248597234, 'validation_fraction': 0.3181700004532565}]
/home/ryedida/.local/lib/python3.9/site-packages/sklearn/neural_network/_multilayer_perceptron.py:686: ConvergenceWarning: Stochastic Optimizer: Maximum iterations (200) reached and the optimization hasn't converged yet.
  warnings.warn(

function_evaluation time 2.094553 value 28525.531998 suggestion {'alpha': 0.07634877595780498, 'batch_size': 34, 'beta_1': 0.7711563110302396, 'beta_2': 0.962155926540531, 'epsilon': 3.623274055525508e-09, 'hidden_layer_sizes': 159, 'learning_rate_init': 8.15958567074294e-05, 'tol': 0.00031236027248597234, 'validation_fraction': 0.3181700004532565}
observation time 0.000005, current best 3140.271019 at iter 13
suggestion time taken 0.002463 iter 14 next_points [{'alpha': 3.045724033675938, 'batch_size': 82, 'beta_1': 0.6170770787013503, 'beta_2': 0.9999973787611167, 'epsilon': 3.038379377062788e-09, 'hidden_layer_sizes': 190, 'learning_rate_init': 1.208313564484418e-05, 'tol': 0.0006933232285810668, 'validation_fraction': 0.25867262954762954}]
function_evaluation time 0.104475 value 29114.699558 suggestion {'alpha': 3.045724033675938, 'batch_size': 82, 'beta_1': 0.6170770787013503, 'beta_2': 0.9999973787611167, 'epsilon': 3.038379377062788e-09, 'hidden_layer_sizes': 190, 'learning_rate_init': 1.208313564484418e-05, 'tol': 0.0006933232285810668, 'validation_fraction': 0.25867262954762954}
observation time 0.000004, current best 3140.271019 at iter 14
saving meta data: {'args': {'--uuid': '2eb90424d82c5d1782d3c1ccc82e1910', '-db-root': '/home/ryedida/bbo_challenge_starter_kit/output', '--opt-root': '/home/ryedida/bbo_challenge_starter_kit/example_submissions', '--data-root': None, '--db': 'run_20230425_034200', '--opt': 'random-search', '--data': 'diabetes', '--classifier': 'MLP-adam', '--metric': 'mse', '--calls': 15, '--suggestions': 1, '--jobs-file': None, '--verbose': False, 'dry_run': False, 'rev': 'a376313', 'opt_rev': '0.0.8'}, 'signature': ([{'alpha': 0.019628224813442792, 'batch_size': 182, 'beta_1': 0.9410202200271762, 'beta_2': 0.9998021557676793, 'epsilon': 1.8662266976518e-08, 'hidden_layer_sizes': 147, 'learning_rate_init': 0.0005627932047415167, 'tol': 0.03690557729213761, 'validation_fraction': 0.8846827852548593}, {'alpha': 0.0019982467392329444, 'batch_size': 200, 'beta_1': 0.919111482530466, 'beta_2': 0.9998488260436156, 'epsilon': 5.981221901152555e-07, 'hidden_layer_sizes': 61, 'learning_rate_init': 2.2310905607443014e-05, 'tol': 1.2046852412030316e-05, 'validation_fraction': 0.8117896445826539}, {'alpha': 0.46659545670218433, 'batch_size': 219, 'beta_1': 0.9889789783750891, 'beta_2': 0.9999896868093284, 'epsilon': 2.4234724484675948e-08, 'hidden_layer_sizes': 167, 'learning_rate_init': 2.972334644335654e-05, 'tol': 0.0036281404040243792, 'validation_fraction': 0.17260651658522078}, {'alpha': 4.656005689076002, 'batch_size': 135, 'beta_1': 0.870503881627747, 'beta_2': 0.9948873266941017, 'epsilon': 2.1023308743480125e-07, 'hidden_layer_sizes': 118, 'learning_rate_init': 0.0018781738757161913, 'tol': 1.1889379831773004e-05, 'validation_fraction': 0.6264327093752792}, {'alpha': 0.04705159350400542, 'batch_size': 158, 'beta_1': 0.9870884262730957, 'beta_2': 0.9999596874382349, 'epsilon': 1.1981845126013875e-08, 'hidden_layer_sizes': 116, 'learning_rate_init': 0.00617340520407431, 'tol': 1.741413418158619e-05, 'validation_fraction': 0.6754299026638921}], [29083.993548572587, 29062.423277324073, 29075.78987471409, 24626.32866834337, 9584.226858493177])}
saving results
saving timing
saving suggest log
done
