running: {'--uuid': '4e14008ec4625f2c83d952acc0c91542', '-db-root': '/home/ryedida/bbo_challenge_starter_kit/output', '--opt-root': '/home/ryedida/bbo_challenge_starter_kit/example_submissions', '--data-root': None, '--db': 'run_20230425_034200', '--opt': 'turbo', '--data': 'diabetes', '--classifier': 'MLP-adam', '--metric': 'mse', '--calls': 15, '--suggestions': 1, '--jobs-file': None, '--verbose': False, 'dry_run': False, 'rev': 'a376313', 'opt_rev': '0.0.1'}
cmd: python turbo/optimizer.py -c MLP-adam -d diabetes -o turbo -u 4e14008ec4625f2c83d952acc0c91542 -m mse -n 15 -p 1 -dir /home/ryedida/bbo_challenge_starter_kit/output -b run_20230425_034200
/home/ryedida/.local/lib/python3.9/site-packages/sklearn/neural_network/_multilayer_perceptron.py:605: UserWarning: Got `batch_size` less than 1 or larger than sample size. It is going to be clipped
  warnings.warn(

/home/ryedida/.local/lib/python3.9/site-packages/sklearn/neural_network/_multilayer_perceptron.py:605: UserWarning: Got `batch_size` less than 1 or larger than sample size. It is going to be clipped
  warnings.warn(

/home/ryedida/.local/lib/python3.9/site-packages/sklearn/neural_network/_multilayer_perceptron.py:605: UserWarning: Got `batch_size` less than 1 or larger than sample size. It is going to be clipped
  warnings.warn(

/home/ryedida/.local/lib/python3.9/site-packages/sklearn/neural_network/_multilayer_perceptron.py:686: ConvergenceWarning: Stochastic Optimizer: Maximum iterations (200) reached and the optimization hasn't converged yet.
  warnings.warn(

/home/ryedida/.local/lib/python3.9/site-packages/sklearn/neural_network/_multilayer_perceptron.py:605: UserWarning: Got `batch_size` less than 1 or larger than sample size. It is going to be clipped
  warnings.warn(

/home/ryedida/.local/lib/python3.9/site-packages/sklearn/neural_network/_multilayer_perceptron.py:686: ConvergenceWarning: Stochastic Optimizer: Maximum iterations (200) reached and the optimization hasn't converged yet.
  warnings.warn(

computed signature: ([{'alpha': 0.019628224813442792, 'batch_size': 182, 'beta_1': 0.9410202200271762, 'beta_2': 0.9998021557676793, 'epsilon': 1.8662266976518e-08, 'hidden_layer_sizes': 147, 'learning_rate_init': 0.0005627932047415167, 'tol': 0.03690557729213761, 'validation_fraction': 0.8846827852548593}, {'alpha': 0.0019982467392329444, 'batch_size': 200, 'beta_1': 0.919111482530466, 'beta_2': 0.9998488260436156, 'epsilon': 5.981221901152555e-07, 'hidden_layer_sizes': 61, 'learning_rate_init': 2.2310905607443014e-05, 'tol': 1.2046852412030316e-05, 'validation_fraction': 0.8117896445826539}, {'alpha': 0.46659545670218433, 'batch_size': 219, 'beta_1': 0.9889789783750891, 'beta_2': 0.9999896868093284, 'epsilon': 2.4234724484675948e-08, 'hidden_layer_sizes': 167, 'learning_rate_init': 2.972334644335654e-05, 'tol': 0.0036281404040243792, 'validation_fraction': 0.17260651658522078}, {'alpha': 4.656005689076002, 'batch_size': 135, 'beta_1': 0.870503881627747, 'beta_2': 0.9948873266941017, 'epsilon': 2.1023308743480125e-07, 'hidden_layer_sizes': 118, 'learning_rate_init': 0.0018781738757161913, 'tol': 1.1889379831773004e-05, 'validation_fraction': 0.6264327093752792}, {'alpha': 0.04705159350400542, 'batch_size': 158, 'beta_1': 0.9870884262730957, 'beta_2': 0.9999596874382349, 'epsilon': 1.1981845126013875e-08, 'hidden_layer_sizes': 116, 'learning_rate_init': 0.00617340520407431, 'tol': 1.741413418158619e-05, 'validation_fraction': 0.6754299026638921}], [29083.993548572587, 29062.423277324073, 29075.78987471409, 24626.32866834337, 9584.226858493177])
Signature errors:
                              0         1         2         3         4       max
MLP-adam_diabetes_mse  0.000007  0.000008  0.000003  0.003558  0.004952  0.004952
max                    0.000007  0.000008  0.000003  0.003558  0.004952  0.004952
starting sklearn study turbo MLP-adam diabetes mse 15 1
with data root: None
suggestion time taken 0.002423 iter 0 next_points [{'alpha': 0.024002530895894936, 'batch_size': 105, 'beta_1': 0.7276672999556184, 'beta_2': 0.9723633513928327, 'epsilon': 1.5641472664408523e-07, 'hidden_layer_sizes': 83, 'learning_rate_init': 0.008529550284270824, 'tol': 1.625817191512262e-05, 'validation_fraction': 0.3686039847845752}]
/home/ryedida/.local/lib/python3.9/site-packages/sklearn/neural_network/_multilayer_perceptron.py:686: ConvergenceWarning: Stochastic Optimizer: Maximum iterations (200) reached and the optimization hasn't converged yet.
  warnings.warn(

function_evaluation time 0.733463 value 3186.157928 suggestion {'alpha': 0.024002530895894936, 'batch_size': 105, 'beta_1': 0.7276672999556184, 'beta_2': 0.9723633513928327, 'epsilon': 1.5641472664408523e-07, 'hidden_layer_sizes': 83, 'learning_rate_init': 0.008529550284270824, 'tol': 1.625817191512262e-05, 'validation_fraction': 0.3686039847845752}
observation time 0.001344, current best 3186.157928 at iter 0
suggestion time taken 0.001724 iter 1 next_points [{'alpha': 3.080327110885411e-05, 'batch_size': 151, 'beta_1': 0.9451471924845654, 'beta_2': 0.9999946135726309, 'epsilon': 2.499539069730799e-07, 'hidden_layer_sizes': 133, 'learning_rate_init': 0.0003498782276329611, 'tol': 0.0003343242334362171, 'validation_fraction': 0.6612210041624684}]
/home/ryedida/.local/lib/python3.9/site-packages/sklearn/neural_network/_multilayer_perceptron.py:605: UserWarning: Got `batch_size` less than 1 or larger than sample size. It is going to be clipped
  warnings.warn(

function_evaluation time 0.056759 value 29092.070628 suggestion {'alpha': 3.080327110885411e-05, 'batch_size': 151, 'beta_1': 0.9451471924845654, 'beta_2': 0.9999946135726309, 'epsilon': 2.499539069730799e-07, 'hidden_layer_sizes': 133, 'learning_rate_init': 0.0003498782276329611, 'tol': 0.0003343242334362171, 'validation_fraction': 0.6612210041624684}
observation time 0.001356, current best 3186.157928 at iter 1
suggestion time taken 0.001768 iter 2 next_points [{'alpha': 0.006267945013425033, 'batch_size': 247, 'beta_1': 0.5833885160761846, 'beta_2': 0.9995253349610859, 'epsilon': 4.189028692296604e-08, 'hidden_layer_sizes': 68, 'learning_rate_init': 0.02067206910489406, 'tol': 0.02080810498070172, 'validation_fraction': 0.1087548618270566}]
function_evaluation time 0.260885 value 4328.767892 suggestion {'alpha': 0.006267945013425033, 'batch_size': 247, 'beta_1': 0.5833885160761846, 'beta_2': 0.9995253349610859, 'epsilon': 4.189028692296604e-08, 'hidden_layer_sizes': 68, 'learning_rate_init': 0.02067206910489406, 'tol': 0.02080810498070172, 'validation_fraction': 0.1087548618270566}
observation time 0.001398, current best 3186.157928 at iter 2
suggestion time taken 0.001940 iter 3 next_points [{'alpha': 0.0014428260086316196, 'batch_size': 48, 'beta_1': 0.9624329847346784, 'beta_2': 0.9999935317849844, 'epsilon': 2.110499567695968e-09, 'hidden_layer_sizes': 183, 'learning_rate_init': 7.325160510136191e-05, 'tol': 0.00028755633738033006, 'validation_fraction': 0.5141387847280171}]
function_evaluation time 0.094268 value 29093.912511 suggestion {'alpha': 0.0014428260086316196, 'batch_size': 48, 'beta_1': 0.9624329847346784, 'beta_2': 0.9999935317849844, 'epsilon': 2.110499567695968e-09, 'hidden_layer_sizes': 183, 'learning_rate_init': 7.325160510136191e-05, 'tol': 0.00028755633738033006, 'validation_fraction': 0.5141387847280171}
observation time 0.001446, current best 3186.157928 at iter 3
suggestion time taken 0.001708 iter 4 next_points [{'alpha': 9.233266074535027, 'batch_size': 122, 'beta_1': 0.970145297920936, 'beta_2': 0.9999976725587587, 'epsilon': 1.0493442367070887e-07, 'hidden_layer_sizes': 158, 'learning_rate_init': 0.001060420666999969, 'tol': 4.172111155191531e-05, 'validation_fraction': 0.7401082469518468}]
/home/ryedida/.local/lib/python3.9/site-packages/sklearn/neural_network/_multilayer_perceptron.py:605: UserWarning: Got `batch_size` less than 1 or larger than sample size. It is going to be clipped
  warnings.warn(

/home/ryedida/.local/lib/python3.9/site-packages/sklearn/neural_network/_multilayer_perceptron.py:686: ConvergenceWarning: Stochastic Optimizer: Maximum iterations (200) reached and the optimization hasn't converged yet.
  warnings.warn(

function_evaluation time 0.786932 value 27376.378589 suggestion {'alpha': 9.233266074535027, 'batch_size': 122, 'beta_1': 0.970145297920936, 'beta_2': 0.9999976725587587, 'epsilon': 1.0493442367070887e-07, 'hidden_layer_sizes': 158, 'learning_rate_init': 0.001060420666999969, 'tol': 4.172111155191531e-05, 'validation_fraction': 0.7401082469518468}
observation time 0.001412, current best 3186.157928 at iter 4
suggestion time taken 0.001689 iter 5 next_points [{'alpha': 0.32686240198956795, 'batch_size': 14, 'beta_1': 0.7227249424797942, 'beta_2': 0.9999988399520628, 'epsilon': 1.59417344946698e-08, 'hidden_layer_sizes': 125, 'learning_rate_init': 1.517870290602041e-05, 'tol': 0.06291843700378566, 'validation_fraction': 0.3583178185558488}]
function_evaluation time 0.207200 value 29121.891251 suggestion {'alpha': 0.32686240198956795, 'batch_size': 14, 'beta_1': 0.7227249424797942, 'beta_2': 0.9999988399520628, 'epsilon': 1.59417344946698e-08, 'hidden_layer_sizes': 125, 'learning_rate_init': 1.517870290602041e-05, 'tol': 0.06291843700378566, 'validation_fraction': 0.3583178185558488}
observation time 0.001390, current best 3186.157928 at iter 5
suggestion time taken 0.001733 iter 6 next_points [{'alpha': 1.1936400016258382, 'batch_size': 88, 'beta_1': 0.9803981754569618, 'beta_2': 0.9999864749053463, 'epsilon': 2.014811918124063e-08, 'hidden_layer_sizes': 168, 'learning_rate_init': 3.2567830547777155e-05, 'tol': 0.00016997210335991257, 'validation_fraction': 0.8945851712088488}]
/home/ryedida/.local/lib/python3.9/site-packages/sklearn/neural_network/_multilayer_perceptron.py:605: UserWarning: Got `batch_size` less than 1 or larger than sample size. It is going to be clipped
  warnings.warn(

function_evaluation time 0.052432 value 29143.607703 suggestion {'alpha': 1.1936400016258382, 'batch_size': 88, 'beta_1': 0.9803981754569618, 'beta_2': 0.9999864749053463, 'epsilon': 2.014811918124063e-08, 'hidden_layer_sizes': 168, 'learning_rate_init': 3.2567830547777155e-05, 'tol': 0.00016997210335991257, 'validation_fraction': 0.8945851712088488}
observation time 0.001374, current best 3186.157928 at iter 6
suggestion time taken 0.002028 iter 7 next_points [{'alpha': 5.067255512004544e-05, 'batch_size': 34, 'beta_1': 0.8759133280580517, 'beta_2': 0.999962726162369, 'epsilon': 2.8372556324287758e-08, 'hidden_layer_sizes': 65, 'learning_rate_init': 0.00023736036456757645, 'tol': 0.05744144532016372, 'validation_fraction': 0.25427015406446357}]
function_evaluation time 0.081870 value 29067.178673 suggestion {'alpha': 5.067255512004544e-05, 'batch_size': 34, 'beta_1': 0.8759133280580517, 'beta_2': 0.999962726162369, 'epsilon': 2.8372556324287758e-08, 'hidden_layer_sizes': 65, 'learning_rate_init': 0.00023736036456757645, 'tol': 0.05744144532016372, 'validation_fraction': 0.25427015406446357}
observation time 0.001351, current best 3186.157928 at iter 7
suggestion time taken 0.001718 iter 8 next_points [{'alpha': 0.0003039792696010238, 'batch_size': 199, 'beta_1': 0.9874100117669457, 'beta_2': 0.9991292839166946, 'epsilon': 9.473914718037181e-09, 'hidden_layer_sizes': 104, 'learning_rate_init': 0.0015201726030611453, 'tol': 0.03480190293178571, 'validation_fraction': 0.7112406684191271}]
/home/ryedida/.local/lib/python3.9/site-packages/sklearn/neural_network/_multilayer_perceptron.py:605: UserWarning: Got `batch_size` less than 1 or larger than sample size. It is going to be clipped
  warnings.warn(

function_evaluation time 0.051037 value 29081.453729 suggestion {'alpha': 0.0003039792696010238, 'batch_size': 199, 'beta_1': 0.9874100117669457, 'beta_2': 0.9991292839166946, 'epsilon': 9.473914718037181e-09, 'hidden_layer_sizes': 104, 'learning_rate_init': 0.0015201726030611453, 'tol': 0.03480190293178571, 'validation_fraction': 0.7112406684191271}
observation time 0.001390, current best 3186.157928 at iter 8
suggestion time taken 0.001716 iter 9 next_points [{'alpha': 0.010797910183697242, 'batch_size': 171, 'beta_1': 0.9083415743799472, 'beta_2': 0.9995963808608153, 'epsilon': 1.8115203815166658e-07, 'hidden_layer_sizes': 195, 'learning_rate_init': 0.0032340240568420773, 'tol': 0.0051423260585767945, 'validation_fraction': 0.30630811825644016}]
function_evaluation time 1.103095 value 4163.231193 suggestion {'alpha': 0.010797910183697242, 'batch_size': 171, 'beta_1': 0.9083415743799472, 'beta_2': 0.9995963808608153, 'epsilon': 1.8115203815166658e-07, 'hidden_layer_sizes': 195, 'learning_rate_init': 0.0032340240568420773, 'tol': 0.0051423260585767945, 'validation_fraction': 0.30630811825644016}
observation time 0.001416, current best 3186.157928 at iter 9
suggestion time taken 0.001694 iter 10 next_points [{'alpha': 0.07521240810792951, 'batch_size': 139, 'beta_1': 0.5520044079324198, 'beta_2': 0.9999419322680014, 'epsilon': 7.109126498275206e-09, 'hidden_layer_sizes': 116, 'learning_rate_init': 0.00497698913078427, 'tol': 0.0030088949932796953, 'validation_fraction': 0.4523040415390313}]
function_evaluation time 0.838759 value 3989.589256 suggestion {'alpha': 0.07521240810792951, 'batch_size': 139, 'beta_1': 0.5520044079324198, 'beta_2': 0.9999419322680014, 'epsilon': 7.109126498275206e-09, 'hidden_layer_sizes': 116, 'learning_rate_init': 0.00497698913078427, 'tol': 0.0030088949932796953, 'validation_fraction': 0.4523040415390313}
observation time 0.001367, current best 3186.157928 at iter 10
suggestion time taken 0.001711 iter 11 next_points [{'alpha': 0.047678657005039156, 'batch_size': 234, 'beta_1': 0.8133526871597868, 'beta_2': 0.9210870567300202, 'epsilon': 1.3839846830772558e-09, 'hidden_layer_sizes': 95, 'learning_rate_init': 0.0869206980605996, 'tol': 0.006104076507095034, 'validation_fraction': 0.21386364720693088}]
function_evaluation time 0.190255 value 3755.887032 suggestion {'alpha': 0.047678657005039156, 'batch_size': 234, 'beta_1': 0.8133526871597868, 'beta_2': 0.9210870567300202, 'epsilon': 1.3839846830772558e-09, 'hidden_layer_sizes': 95, 'learning_rate_init': 0.0869206980605996, 'tol': 0.006104076507095034, 'validation_fraction': 0.21386364720693088}
observation time 0.001336, current best 3186.157928 at iter 11
suggestion time taken 0.001929 iter 12 next_points [{'alpha': 0.6432194413808908, 'batch_size': 62, 'beta_1': 0.9864701782108909, 'beta_2': 0.994113006047651, 'epsilon': 5.170340732123968e-07, 'hidden_layer_sizes': 169, 'learning_rate_init': 0.00012329350906983242, 'tol': 8.255291270837218e-05, 'validation_fraction': 0.8715146691706512}]
/home/ryedida/.local/lib/python3.9/site-packages/sklearn/neural_network/_multilayer_perceptron.py:605: UserWarning: Got `batch_size` less than 1 or larger than sample size. It is going to be clipped
  warnings.warn(

/home/ryedida/.local/lib/python3.9/site-packages/sklearn/neural_network/_multilayer_perceptron.py:686: ConvergenceWarning: Stochastic Optimizer: Maximum iterations (200) reached and the optimization hasn't converged yet.
  warnings.warn(

function_evaluation time 0.737180 value 28987.233205 suggestion {'alpha': 0.6432194413808908, 'batch_size': 62, 'beta_1': 0.9864701782108909, 'beta_2': 0.994113006047651, 'epsilon': 5.170340732123968e-07, 'hidden_layer_sizes': 169, 'learning_rate_init': 0.00012329350906983242, 'tol': 8.255291270837218e-05, 'validation_fraction': 0.8715146691706512}
observation time 0.001369, current best 3186.157928 at iter 12
suggestion time taken 0.001766 iter 13 next_points [{'alpha': 0.1859030438094306, 'batch_size': 39, 'beta_1': 0.9509896504136323, 'beta_2': 0.9999043149352607, 'epsilon': 5.530754890863207e-09, 'hidden_layer_sizes': 188, 'learning_rate_init': 5.3152520678436885e-05, 'tol': 0.013961733583606691, 'validation_fraction': 0.5941661330860719}]
function_evaluation time 0.092548 value 29062.969825 suggestion {'alpha': 0.1859030438094306, 'batch_size': 39, 'beta_1': 0.9509896504136323, 'beta_2': 0.9999043149352607, 'epsilon': 5.530754890863207e-09, 'hidden_layer_sizes': 188, 'learning_rate_init': 5.3152520678436885e-05, 'tol': 0.013961733583606691, 'validation_fraction': 0.5941661330860719}
observation time 0.001386, current best 3186.157928 at iter 13
suggestion time taken 0.001738 iter 14 next_points [{'alpha': 0.0003877622595932668, 'batch_size': 181, 'beta_1': 0.6385391215359103, 'beta_2': 0.9959073553776884, 'epsilon': 7.529888259947592e-08, 'hidden_layer_sizes': 105, 'learning_rate_init': 0.012218032687915633, 'tol': 0.0008074875988161326, 'validation_fraction': 0.16018175591014722}]
function_evaluation time 0.730143 value 3466.178552 suggestion {'alpha': 0.0003877622595932668, 'batch_size': 181, 'beta_1': 0.6385391215359103, 'beta_2': 0.9959073553776884, 'epsilon': 7.529888259947592e-08, 'hidden_layer_sizes': 105, 'learning_rate_init': 0.012218032687915633, 'tol': 0.0008074875988161326, 'validation_fraction': 0.16018175591014722}
observation time 0.001418, current best 3186.157928 at iter 14
saving meta data: {'args': {'--uuid': '4e14008ec4625f2c83d952acc0c91542', '-db-root': '/home/ryedida/bbo_challenge_starter_kit/output', '--opt-root': '/home/ryedida/bbo_challenge_starter_kit/example_submissions', '--data-root': None, '--db': 'run_20230425_034200', '--opt': 'turbo', '--data': 'diabetes', '--classifier': 'MLP-adam', '--metric': 'mse', '--calls': 15, '--suggestions': 1, '--jobs-file': None, '--verbose': False, 'dry_run': False, 'rev': 'a376313', 'opt_rev': '0.0.1'}, 'signature': ([{'alpha': 0.019628224813442792, 'batch_size': 182, 'beta_1': 0.9410202200271762, 'beta_2': 0.9998021557676793, 'epsilon': 1.8662266976518e-08, 'hidden_layer_sizes': 147, 'learning_rate_init': 0.0005627932047415167, 'tol': 0.03690557729213761, 'validation_fraction': 0.8846827852548593}, {'alpha': 0.0019982467392329444, 'batch_size': 200, 'beta_1': 0.919111482530466, 'beta_2': 0.9998488260436156, 'epsilon': 5.981221901152555e-07, 'hidden_layer_sizes': 61, 'learning_rate_init': 2.2310905607443014e-05, 'tol': 1.2046852412030316e-05, 'validation_fraction': 0.8117896445826539}, {'alpha': 0.46659545670218433, 'batch_size': 219, 'beta_1': 0.9889789783750891, 'beta_2': 0.9999896868093284, 'epsilon': 2.4234724484675948e-08, 'hidden_layer_sizes': 167, 'learning_rate_init': 2.972334644335654e-05, 'tol': 0.0036281404040243792, 'validation_fraction': 0.17260651658522078}, {'alpha': 4.656005689076002, 'batch_size': 135, 'beta_1': 0.870503881627747, 'beta_2': 0.9948873266941017, 'epsilon': 2.1023308743480125e-07, 'hidden_layer_sizes': 118, 'learning_rate_init': 0.0018781738757161913, 'tol': 1.1889379831773004e-05, 'validation_fraction': 0.6264327093752792}, {'alpha': 0.04705159350400542, 'batch_size': 158, 'beta_1': 0.9870884262730957, 'beta_2': 0.9999596874382349, 'epsilon': 1.1981845126013875e-08, 'hidden_layer_sizes': 116, 'learning_rate_init': 0.00617340520407431, 'tol': 1.741413418158619e-05, 'validation_fraction': 0.6754299026638921}], [29083.993548572587, 29062.423277324073, 29075.78987471409, 24626.32866834337, 9584.226858493177])}
saving results
saving timing
saving suggest log
done
