running: {'--uuid': '5d0197fa3df358fd8ea4f5204e9e8d65', '-db-root': '/home/ryedida/bbo_challenge_starter_kit/output', '--opt-root': '/home/ryedida/bbo_challenge_starter_kit/example_submissions', '--data-root': None, '--db': 'run_20230425_034200', '--opt': 'opentuner', '--data': 'diabetes', '--classifier': 'MLP-adam', '--metric': 'mae', '--calls': 15, '--suggestions': 1, '--jobs-file': None, '--verbose': False, 'dry_run': False, 'rev': 'a376313', 'opt_rev': '0.8.8'}
cmd: python opentuner/optimizer.py -c MLP-adam -d diabetes -o opentuner -u 5d0197fa3df358fd8ea4f5204e9e8d65 -m mae -n 15 -p 1 -dir /home/ryedida/bbo_challenge_starter_kit/output -b run_20230425_034200
/home/ryedida/.local/lib/python3.9/site-packages/sklearn/neural_network/_multilayer_perceptron.py:605: UserWarning: Got `batch_size` less than 1 or larger than sample size. It is going to be clipped
  warnings.warn(

/home/ryedida/.local/lib/python3.9/site-packages/sklearn/neural_network/_multilayer_perceptron.py:605: UserWarning: Got `batch_size` less than 1 or larger than sample size. It is going to be clipped
  warnings.warn(

/home/ryedida/.local/lib/python3.9/site-packages/sklearn/neural_network/_multilayer_perceptron.py:605: UserWarning: Got `batch_size` less than 1 or larger than sample size. It is going to be clipped
  warnings.warn(

/home/ryedida/.local/lib/python3.9/site-packages/sklearn/neural_network/_multilayer_perceptron.py:686: ConvergenceWarning: Stochastic Optimizer: Maximum iterations (200) reached and the optimization hasn't converged yet.
  warnings.warn(

/home/ryedida/.local/lib/python3.9/site-packages/sklearn/neural_network/_multilayer_perceptron.py:605: UserWarning: Got `batch_size` less than 1 or larger than sample size. It is going to be clipped
  warnings.warn(

/home/ryedida/.local/lib/python3.9/site-packages/sklearn/neural_network/_multilayer_perceptron.py:686: ConvergenceWarning: Stochastic Optimizer: Maximum iterations (200) reached and the optimization hasn't converged yet.
  warnings.warn(

computed signature: ([{'alpha': 0.019628224813442792, 'batch_size': 182, 'beta_1': 0.9410202200271762, 'beta_2': 0.9998021557676793, 'epsilon': 1.8662266976518e-08, 'hidden_layer_sizes': 147, 'learning_rate_init': 0.0005627932047415167, 'tol': 0.03690557729213761, 'validation_fraction': 0.8846827852548593}, {'alpha': 0.0019982467392329444, 'batch_size': 200, 'beta_1': 0.919111482530466, 'beta_2': 0.9998488260436156, 'epsilon': 5.981221901152555e-07, 'hidden_layer_sizes': 61, 'learning_rate_init': 2.2310905607443014e-05, 'tol': 1.2046852412030316e-05, 'validation_fraction': 0.8117896445826539}, {'alpha': 0.46659545670218433, 'batch_size': 219, 'beta_1': 0.9889789783750891, 'beta_2': 0.9999896868093284, 'epsilon': 2.4234724484675948e-08, 'hidden_layer_sizes': 167, 'learning_rate_init': 2.972334644335654e-05, 'tol': 0.0036281404040243792, 'validation_fraction': 0.17260651658522078}, {'alpha': 4.656005689076002, 'batch_size': 135, 'beta_1': 0.870503881627747, 'beta_2': 0.9948873266941017, 'epsilon': 2.1023308743480125e-07, 'hidden_layer_sizes': 118, 'learning_rate_init': 0.0018781738757161913, 'tol': 1.1889379831773004e-05, 'validation_fraction': 0.6264327093752792}, {'alpha': 0.04705159350400542, 'batch_size': 158, 'beta_1': 0.9870884262730957, 'beta_2': 0.9999596874382349, 'epsilon': 1.1981845126013875e-08, 'hidden_layer_sizes': 116, 'learning_rate_init': 0.00617340520407431, 'tol': 1.741413418158619e-05, 'validation_fraction': 0.6754299026638921}], [151.4971925380264, 151.42763539278994, 151.47026299046811, 136.86202504264318, 75.2055865763391])
Signature errors:
                                  0             1             2         3         4       max
MLP-adam_diabetes_mae  1.919244e-08  6.198704e-08  7.624578e-09  0.000007  0.000034  0.000034
max                    1.919244e-08  6.198704e-08  7.624578e-09  0.000007  0.000034  0.000034
starting sklearn study opentuner MLP-adam diabetes mae 15 1
with data root: None
suggestion time taken 0.017499 iter 0 next_points [{'hidden_layer_sizes': 84, 'alpha': 8.473950426958401, 'batch_size': 140, 'learning_rate_init': 0.009162370829268452, 'tol': 0.06584270490186366, 'validation_fraction': 0.37766736393316, 'beta_1': 0.7615618632927963, 'beta_2': 0.9204224205015505, 'epsilon': 4.425406975599723e-07}]
function_evaluation time 0.065356 value 148.181401 suggestion {'hidden_layer_sizes': 84, 'alpha': 8.473950426958401, 'batch_size': 140, 'learning_rate_init': 0.009162370829268452, 'tol': 0.06584270490186366, 'validation_fraction': 0.37766736393316, 'beta_1': 0.7615618632927963, 'beta_2': 0.9204224205015505, 'epsilon': 4.425406975599723e-07}
observation time 0.004263, current best 148.181401 at iter 0
suggestion time taken 0.007196 iter 1 next_points [{'hidden_layer_sizes': 191, 'alpha': 8.473950426958401, 'batch_size': 192, 'learning_rate_init': 0.04788761273917446, 'tol': 0.005389288904043599, 'validation_fraction': 0.37766736393316, 'beta_1': 0.7615618632927963, 'beta_2': 0.924443369700624, 'epsilon': 4.425406975599723e-07}]
function_evaluation time 0.286863 value 47.738916 suggestion {'hidden_layer_sizes': 191, 'alpha': 8.473950426958401, 'batch_size': 192, 'learning_rate_init': 0.04788761273917446, 'tol': 0.005389288904043599, 'validation_fraction': 0.37766736393316, 'beta_1': 0.7615618632927963, 'beta_2': 0.924443369700624, 'epsilon': 4.425406975599723e-07}
observation time 0.001843, current best 47.738916 at iter 1
suggestion time taken 0.021187 iter 2 next_points [{'batch_size': 24, 'validation_fraction': 0.4062822195810307, 'epsilon': 3.502839195651243e-07, 'beta_2': 0.9375692039683057, 'beta_1': 0.845114391228279, 'alpha': 8.89101380102003, 'learning_rate_init': 0.08727401837242137, 'hidden_layer_sizes': 146, 'tol': 0.09913394356493448}]
function_evaluation time 0.175682 value 46.065563 suggestion {'batch_size': 24, 'validation_fraction': 0.4062822195810307, 'epsilon': 3.502839195651243e-07, 'beta_2': 0.9375692039683057, 'beta_1': 0.845114391228279, 'alpha': 8.89101380102003, 'learning_rate_init': 0.08727401837242137, 'hidden_layer_sizes': 146, 'tol': 0.09913394356493448}
observation time 0.001830, current best 46.065563 at iter 2
suggestion time taken 0.046124 iter 3 next_points [{'batch_size': 99, 'validation_fraction': 0.8482096271445404, 'epsilon': 3.905311497803533e-07, 'beta_2': 0.9978028296194453, 'beta_1': 0.8249827179796039, 'alpha': 1.005511013866653, 'learning_rate_init': 0.06457760116276894, 'hidden_layer_sizes': 133, 'tol': 0.07496592834251962}]
/home/ryedida/.local/lib/python3.9/site-packages/sklearn/neural_network/_multilayer_perceptron.py:605: UserWarning: Got `batch_size` less than 1 or larger than sample size. It is going to be clipped
  warnings.warn(

function_evaluation time 0.127237 value 53.621987 suggestion {'batch_size': 99, 'validation_fraction': 0.8482096271445404, 'epsilon': 3.905311497803533e-07, 'beta_2': 0.9978028296194453, 'beta_1': 0.8249827179796039, 'alpha': 1.005511013866653, 'learning_rate_init': 0.06457760116276894, 'hidden_layer_sizes': 133, 'tol': 0.07496592834251962}
observation time 0.001841, current best 46.065563 at iter 3
suggestion time taken 0.006351 iter 4 next_points [{'batch_size': 44, 'validation_fraction': 0.884689412462718, 'epsilon': 8.769110017297899e-07, 'beta_2': 0.9807073138820469, 'beta_1': 0.9472365527896558, 'alpha': 4.929844357839925, 'learning_rate_init': 0.03237570271023043, 'hidden_layer_sizes': 196, 'tol': 0.014454800508038202}]
/home/ryedida/.local/lib/python3.9/site-packages/sklearn/neural_network/_multilayer_perceptron.py:605: UserWarning: Got `batch_size` less than 1 or larger than sample size. It is going to be clipped
  warnings.warn(

function_evaluation time 0.218211 value 54.882161 suggestion {'batch_size': 44, 'validation_fraction': 0.884689412462718, 'epsilon': 8.769110017297899e-07, 'beta_2': 0.9807073138820469, 'beta_1': 0.9472365527896558, 'alpha': 4.929844357839925, 'learning_rate_init': 0.03237570271023043, 'hidden_layer_sizes': 196, 'tol': 0.014454800508038202}
observation time 0.001827, current best 46.065563 at iter 4
suggestion time taken 0.007029 iter 5 next_points [{'batch_size': 24, 'validation_fraction': 0.4062822195810307, 'epsilon': 3.502839195651243e-07, 'beta_2': 0.9375692039683057, 'beta_1': 0.845114391228279, 'alpha': 8.89101380102003, 'learning_rate_init': 0.09203010986027575, 'hidden_layer_sizes': 131, 'tol': 0.09986637168290684}]
function_evaluation time 0.169009 value 46.099887 suggestion {'batch_size': 24, 'validation_fraction': 0.4062822195810307, 'epsilon': 3.502839195651243e-07, 'beta_2': 0.9375692039683057, 'beta_1': 0.845114391228279, 'alpha': 8.89101380102003, 'learning_rate_init': 0.09203010986027575, 'hidden_layer_sizes': 131, 'tol': 0.09986637168290684}
observation time 0.001969, current best 46.065563 at iter 5
suggestion time taken 0.006657 iter 6 next_points [{'batch_size': 24, 'validation_fraction': 0.4062822195810307, 'epsilon': 3.502839195651243e-07, 'beta_2': 0.9375692039683057, 'beta_1': 0.845114391228279, 'alpha': 8.89101380102003, 'learning_rate_init': 0.08727401837242137, 'hidden_layer_sizes': 175, 'tol': 0.09913394356493448}]
function_evaluation time 0.187629 value 45.868190 suggestion {'batch_size': 24, 'validation_fraction': 0.4062822195810307, 'epsilon': 3.502839195651243e-07, 'beta_2': 0.9375692039683057, 'beta_1': 0.845114391228279, 'alpha': 8.89101380102003, 'learning_rate_init': 0.08727401837242137, 'hidden_layer_sizes': 175, 'tol': 0.09913394356493448}
observation time 0.001945, current best 45.868190 at iter 6
suggestion time taken 0.007012 iter 7 next_points [{'batch_size': 24, 'validation_fraction': 0.4062822195810307, 'epsilon': 3.502839195651243e-07, 'beta_2': 0.9343026405930596, 'beta_1': 0.845114391228279, 'alpha': 8.89101380102003, 'learning_rate_init': 0.08727401837242137, 'hidden_layer_sizes': 175, 'tol': 0.09913394356493448}]
function_evaluation time 0.179953 value 45.993796 suggestion {'batch_size': 24, 'validation_fraction': 0.4062822195810307, 'epsilon': 3.502839195651243e-07, 'beta_2': 0.9343026405930596, 'beta_1': 0.845114391228279, 'alpha': 8.89101380102003, 'learning_rate_init': 0.08727401837242137, 'hidden_layer_sizes': 175, 'tol': 0.09913394356493448}
observation time 0.001879, current best 45.868190 at iter 7
suggestion time taken 0.007110 iter 8 next_points [{'batch_size': 78, 'validation_fraction': 0.4062822195810307, 'epsilon': 3.502839195651243e-07, 'beta_2': 0.9375692039683057, 'beta_1': 0.845114391228279, 'alpha': 8.89101380102003, 'learning_rate_init': 0.08727401837242137, 'hidden_layer_sizes': 175, 'tol': 0.017579358246126265}]
function_evaluation time 0.180369 value 46.141141 suggestion {'batch_size': 78, 'validation_fraction': 0.4062822195810307, 'epsilon': 3.502839195651243e-07, 'beta_2': 0.9375692039683057, 'beta_1': 0.845114391228279, 'alpha': 8.89101380102003, 'learning_rate_init': 0.08727401837242137, 'hidden_layer_sizes': 175, 'tol': 0.017579358246126265}
observation time 0.001852, current best 45.868190 at iter 8
suggestion time taken 0.005963 iter 9 next_points [{'batch_size': 14, 'validation_fraction': 0.413463437664485, 'epsilon': 7.152524947045814e-07, 'beta_2': 0.9654892522190963, 'beta_1': 0.8882990168496505, 'alpha': 5.856619670271401, 'learning_rate_init': 0.003331953751023621, 'hidden_layer_sizes': 124, 'tol': 0.04175965019799437}]
function_evaluation time 0.741967 value 55.459125 suggestion {'batch_size': 14, 'validation_fraction': 0.413463437664485, 'epsilon': 7.152524947045814e-07, 'beta_2': 0.9654892522190963, 'beta_1': 0.8882990168496505, 'alpha': 5.856619670271401, 'learning_rate_init': 0.003331953751023621, 'hidden_layer_sizes': 124, 'tol': 0.04175965019799437}
observation time 0.001868, current best 45.868190 at iter 9
suggestion time taken 0.007002 iter 10 next_points [{'batch_size': 24, 'validation_fraction': 0.43167410615973334, 'epsilon': 3.690103608516561e-07, 'beta_2': 0.9375692039683057, 'beta_1': 0.845114391228279, 'alpha': 8.89101380102003, 'learning_rate_init': 0.08727401837242137, 'hidden_layer_sizes': 175, 'tol': 0.08875309544114167}]
function_evaluation time 0.184444 value 46.895126 suggestion {'batch_size': 24, 'validation_fraction': 0.43167410615973334, 'epsilon': 3.690103608516561e-07, 'beta_2': 0.9375692039683057, 'beta_1': 0.845114391228279, 'alpha': 8.89101380102003, 'learning_rate_init': 0.08727401837242137, 'hidden_layer_sizes': 175, 'tol': 0.08875309544114167}
observation time 0.002682, current best 45.868190 at iter 10
suggestion time taken 0.006628 iter 11 next_points [{'batch_size': 24, 'validation_fraction': 0.23108014131300872, 'epsilon': 3.502839195651243e-07, 'beta_2': 0.9375692039683057, 'beta_1': 0.845114391228279, 'alpha': 8.89101380102003, 'learning_rate_init': 0.08727401837242137, 'hidden_layer_sizes': 175, 'tol': 0.09913394356493448}]
function_evaluation time 0.210066 value 47.931550 suggestion {'batch_size': 24, 'validation_fraction': 0.23108014131300872, 'epsilon': 3.502839195651243e-07, 'beta_2': 0.9375692039683057, 'beta_1': 0.845114391228279, 'alpha': 8.89101380102003, 'learning_rate_init': 0.08727401837242137, 'hidden_layer_sizes': 175, 'tol': 0.09913394356493448}
observation time 0.001848, current best 45.868190 at iter 11
suggestion time taken 0.006949 iter 12 next_points [{'batch_size': 44, 'validation_fraction': 0.4062822195810307, 'epsilon': 3.502839195651243e-07, 'beta_2': 0.9375692039683057, 'beta_1': 0.845114391228279, 'alpha': 8.89101380102003, 'learning_rate_init': 0.024419834601539115, 'hidden_layer_sizes': 175, 'tol': 0.09913394356493448}]
function_evaluation time 0.204671 value 50.238669 suggestion {'batch_size': 44, 'validation_fraction': 0.4062822195810307, 'epsilon': 3.502839195651243e-07, 'beta_2': 0.9375692039683057, 'beta_1': 0.845114391228279, 'alpha': 8.89101380102003, 'learning_rate_init': 0.024419834601539115, 'hidden_layer_sizes': 175, 'tol': 0.09913394356493448}
observation time 0.001845, current best 45.868190 at iter 12
suggestion time taken 0.006064 iter 13 next_points [{'batch_size': 212, 'validation_fraction': 0.7089576327499089, 'epsilon': 1.4210165835745647e-07, 'beta_2': 0.9211094538123287, 'beta_1': 0.6438199594720859, 'alpha': 2.6422041055855057, 'learning_rate_init': 0.038422308517591146, 'hidden_layer_sizes': 82, 'tol': 0.088565819909649}]
/home/ryedida/.local/lib/python3.9/site-packages/sklearn/neural_network/_multilayer_perceptron.py:605: UserWarning: Got `batch_size` less than 1 or larger than sample size. It is going to be clipped
  warnings.warn(

function_evaluation time 0.119334 value 87.276797 suggestion {'batch_size': 212, 'validation_fraction': 0.7089576327499089, 'epsilon': 1.4210165835745647e-07, 'beta_2': 0.9211094538123287, 'beta_1': 0.6438199594720859, 'alpha': 2.6422041055855057, 'learning_rate_init': 0.038422308517591146, 'hidden_layer_sizes': 82, 'tol': 0.088565819909649}
observation time 0.001987, current best 45.868190 at iter 13
suggestion time taken 0.006699 iter 14 next_points [{'batch_size': 51, 'validation_fraction': 0.5833880558020196, 'epsilon': 3.502839195651243e-07, 'beta_2': 0.9375692039683057, 'beta_1': 0.845114391228279, 'alpha': 8.89101380102003, 'learning_rate_init': 0.08727401837242137, 'hidden_layer_sizes': 175, 'tol': 0.09913394356493448}]
function_evaluation time 0.121378 value 48.571812 suggestion {'batch_size': 51, 'validation_fraction': 0.5833880558020196, 'epsilon': 3.502839195651243e-07, 'beta_2': 0.9375692039683057, 'beta_1': 0.845114391228279, 'alpha': 8.89101380102003, 'learning_rate_init': 0.08727401837242137, 'hidden_layer_sizes': 175, 'tol': 0.09913394356493448}
observation time 0.001807, current best 45.868190 at iter 14
saving meta data: {'args': {'--uuid': '5d0197fa3df358fd8ea4f5204e9e8d65', '-db-root': '/home/ryedida/bbo_challenge_starter_kit/output', '--opt-root': '/home/ryedida/bbo_challenge_starter_kit/example_submissions', '--data-root': None, '--db': 'run_20230425_034200', '--opt': 'opentuner', '--data': 'diabetes', '--classifier': 'MLP-adam', '--metric': 'mae', '--calls': 15, '--suggestions': 1, '--jobs-file': None, '--verbose': False, 'dry_run': False, 'rev': 'a376313', 'opt_rev': '0.8.8'}, 'signature': ([{'alpha': 0.019628224813442792, 'batch_size': 182, 'beta_1': 0.9410202200271762, 'beta_2': 0.9998021557676793, 'epsilon': 1.8662266976518e-08, 'hidden_layer_sizes': 147, 'learning_rate_init': 0.0005627932047415167, 'tol': 0.03690557729213761, 'validation_fraction': 0.8846827852548593}, {'alpha': 0.0019982467392329444, 'batch_size': 200, 'beta_1': 0.919111482530466, 'beta_2': 0.9998488260436156, 'epsilon': 5.981221901152555e-07, 'hidden_layer_sizes': 61, 'learning_rate_init': 2.2310905607443014e-05, 'tol': 1.2046852412030316e-05, 'validation_fraction': 0.8117896445826539}, {'alpha': 0.46659545670218433, 'batch_size': 219, 'beta_1': 0.9889789783750891, 'beta_2': 0.9999896868093284, 'epsilon': 2.4234724484675948e-08, 'hidden_layer_sizes': 167, 'learning_rate_init': 2.972334644335654e-05, 'tol': 0.0036281404040243792, 'validation_fraction': 0.17260651658522078}, {'alpha': 4.656005689076002, 'batch_size': 135, 'beta_1': 0.870503881627747, 'beta_2': 0.9948873266941017, 'epsilon': 2.1023308743480125e-07, 'hidden_layer_sizes': 118, 'learning_rate_init': 0.0018781738757161913, 'tol': 1.1889379831773004e-05, 'validation_fraction': 0.6264327093752792}, {'alpha': 0.04705159350400542, 'batch_size': 158, 'beta_1': 0.9870884262730957, 'beta_2': 0.9999596874382349, 'epsilon': 1.1981845126013875e-08, 'hidden_layer_sizes': 116, 'learning_rate_init': 0.00617340520407431, 'tol': 1.741413418158619e-05, 'validation_fraction': 0.6754299026638921}], [151.4971925380264, 151.42763539278994, 151.47026299046811, 136.86202504264318, 75.2055865763391])}
saving results
saving timing
saving suggest log
done
