running: {'--uuid': '668315ec2f485698ae93466666e45aa6', '-db-root': '/home/ryedida/bbo_challenge_starter_kit/output', '--opt-root': '/home/ryedida/bbo_challenge_starter_kit/example_submissions', '--data-root': None, '--db': 'run_20230425_034200', '--opt': 'hyperopt', '--data': 'diabetes', '--classifier': 'MLP-adam', '--metric': 'mse', '--calls': 15, '--suggestions': 1, '--jobs-file': None, '--verbose': False, 'dry_run': False, 'rev': 'a376313', 'opt_rev': '0.2.7'}
cmd: python hyperopt/optimizer.py -c MLP-adam -d diabetes -o hyperopt -u 668315ec2f485698ae93466666e45aa6 -m mse -n 15 -p 1 -dir /home/ryedida/bbo_challenge_starter_kit/output -b run_20230425_034200
/home/ryedida/.local/lib/python3.9/site-packages/sklearn/neural_network/_multilayer_perceptron.py:605: UserWarning: Got `batch_size` less than 1 or larger than sample size. It is going to be clipped
  warnings.warn(

/home/ryedida/.local/lib/python3.9/site-packages/sklearn/neural_network/_multilayer_perceptron.py:605: UserWarning: Got `batch_size` less than 1 or larger than sample size. It is going to be clipped
  warnings.warn(

/home/ryedida/.local/lib/python3.9/site-packages/sklearn/neural_network/_multilayer_perceptron.py:605: UserWarning: Got `batch_size` less than 1 or larger than sample size. It is going to be clipped
  warnings.warn(

/home/ryedida/.local/lib/python3.9/site-packages/sklearn/neural_network/_multilayer_perceptron.py:686: ConvergenceWarning: Stochastic Optimizer: Maximum iterations (200) reached and the optimization hasn't converged yet.
  warnings.warn(

/home/ryedida/.local/lib/python3.9/site-packages/sklearn/neural_network/_multilayer_perceptron.py:605: UserWarning: Got `batch_size` less than 1 or larger than sample size. It is going to be clipped
  warnings.warn(

/home/ryedida/.local/lib/python3.9/site-packages/sklearn/neural_network/_multilayer_perceptron.py:686: ConvergenceWarning: Stochastic Optimizer: Maximum iterations (200) reached and the optimization hasn't converged yet.
  warnings.warn(

computed signature: ([{'alpha': 0.019628224813442792, 'batch_size': 182, 'beta_1': 0.9410202200271762, 'beta_2': 0.9998021557676793, 'epsilon': 1.8662266976518e-08, 'hidden_layer_sizes': 147, 'learning_rate_init': 0.0005627932047415167, 'tol': 0.03690557729213761, 'validation_fraction': 0.8846827852548593}, {'alpha': 0.0019982467392329444, 'batch_size': 200, 'beta_1': 0.919111482530466, 'beta_2': 0.9998488260436156, 'epsilon': 5.981221901152555e-07, 'hidden_layer_sizes': 61, 'learning_rate_init': 2.2310905607443014e-05, 'tol': 1.2046852412030316e-05, 'validation_fraction': 0.8117896445826539}, {'alpha': 0.46659545670218433, 'batch_size': 219, 'beta_1': 0.9889789783750891, 'beta_2': 0.9999896868093284, 'epsilon': 2.4234724484675948e-08, 'hidden_layer_sizes': 167, 'learning_rate_init': 2.972334644335654e-05, 'tol': 0.0036281404040243792, 'validation_fraction': 0.17260651658522078}, {'alpha': 4.656005689076002, 'batch_size': 135, 'beta_1': 0.870503881627747, 'beta_2': 0.9948873266941017, 'epsilon': 2.1023308743480125e-07, 'hidden_layer_sizes': 118, 'learning_rate_init': 0.0018781738757161913, 'tol': 1.1889379831773004e-05, 'validation_fraction': 0.6264327093752792}, {'alpha': 0.04705159350400542, 'batch_size': 158, 'beta_1': 0.9870884262730957, 'beta_2': 0.9999596874382349, 'epsilon': 1.1981845126013875e-08, 'hidden_layer_sizes': 116, 'learning_rate_init': 0.00617340520407431, 'tol': 1.741413418158619e-05, 'validation_fraction': 0.6754299026638921}], [29083.993548572587, 29062.423277324073, 29075.78987471409, 24626.32866834337, 9584.226858493177])
Signature errors:
                              0         1         2         3         4       max
MLP-adam_diabetes_mse  0.000007  0.000008  0.000003  0.003558  0.004952  0.004952
max                    0.000007  0.000008  0.000003  0.003558  0.004952  0.004952
starting sklearn study hyperopt MLP-adam diabetes mse 15 1
with data root: None
suggestion time taken 0.002392 iter 0 next_points [{'alpha': 0.5621979677751188, 'batch_size': 105, 'beta_1': 0.6630624170423138, 'beta_2': 0.9213035496431061, 'epsilon': 5.8990124763217284e-08, 'hidden_layer_sizes': 175, 'learning_rate_init': 0.00048451244603046385, 'tol': 0.0015719655017715091, 'validation_fraction': 0.5527261243525816}]
function_evaluation time 0.078681 value 29028.583290 suggestion {'alpha': 0.5621979677751188, 'batch_size': 105, 'beta_1': 0.6630624170423138, 'beta_2': 0.9213035496431061, 'epsilon': 5.8990124763217284e-08, 'hidden_layer_sizes': 175, 'learning_rate_init': 0.00048451244603046385, 'tol': 0.0015719655017715091, 'validation_fraction': 0.5527261243525816}
observation time 0.000069, current best 29028.583290 at iter 0
suggestion time taken 0.002386 iter 1 next_points [{'alpha': 1.4480663307263095, 'batch_size': 127, 'beta_1': 0.6997305961932588, 'beta_2': 0.9749113719763899, 'epsilon': 3.769536265994973e-09, 'hidden_layer_sizes': 187, 'learning_rate_init': 1.7288426136474118e-05, 'tol': 0.0032481032751272274, 'validation_fraction': 0.2814365333279569}]
function_evaluation time 0.090232 value 29113.425245 suggestion {'alpha': 1.4480663307263095, 'batch_size': 127, 'beta_1': 0.6997305961932588, 'beta_2': 0.9749113719763899, 'epsilon': 3.769536265994973e-09, 'hidden_layer_sizes': 187, 'learning_rate_init': 1.7288426136474118e-05, 'tol': 0.0032481032751272274, 'validation_fraction': 0.2814365333279569}
observation time 0.000064, current best 29028.583290 at iter 1
suggestion time taken 0.002350 iter 2 next_points [{'alpha': 0.05493062278228763, 'batch_size': 109, 'beta_1': 0.7589930228909282, 'beta_2': 0.9012367335759058, 'epsilon': 1.220510108746434e-08, 'hidden_layer_sizes': 70, 'learning_rate_init': 0.00014354982285414103, 'tol': 0.007533700830170536, 'validation_fraction': 0.1025477095861751}]
function_evaluation time 0.053051 value 29040.811913 suggestion {'alpha': 0.05493062278228763, 'batch_size': 109, 'beta_1': 0.7589930228909282, 'beta_2': 0.9012367335759058, 'epsilon': 1.220510108746434e-08, 'hidden_layer_sizes': 70, 'learning_rate_init': 0.00014354982285414103, 'tol': 0.007533700830170536, 'validation_fraction': 0.1025477095861751}
observation time 0.000071, current best 29028.583290 at iter 2
suggestion time taken 0.002112 iter 3 next_points [{'alpha': 0.022034736764718548, 'batch_size': 40, 'beta_1': 0.9071705014847755, 'beta_2': 0.9846212291921266, 'epsilon': 1.1216704445128886e-09, 'hidden_layer_sizes': 69, 'learning_rate_init': 0.0031146966951948506, 'tol': 2.559770825723758e-05, 'validation_fraction': 0.49299556144493534}]
/home/ryedida/.local/lib/python3.9/site-packages/sklearn/neural_network/_multilayer_perceptron.py:686: ConvergenceWarning: Stochastic Optimizer: Maximum iterations (200) reached and the optimization hasn't converged yet.
  warnings.warn(

function_evaluation time 1.290113 value 3906.507536 suggestion {'alpha': 0.022034736764718548, 'batch_size': 40, 'beta_1': 0.9071705014847755, 'beta_2': 0.9846212291921266, 'epsilon': 1.1216704445128886e-09, 'hidden_layer_sizes': 69, 'learning_rate_init': 0.0031146966951948506, 'tol': 2.559770825723758e-05, 'validation_fraction': 0.49299556144493534}
observation time 0.000068, current best 3906.507536 at iter 3
suggestion time taken 0.002102 iter 4 next_points [{'alpha': 0.6631379491338996, 'batch_size': 208, 'beta_1': 0.5421930668966853, 'beta_2': 0.9400273625171939, 'epsilon': 2.346295328298234e-08, 'hidden_layer_sizes': 187, 'learning_rate_init': 3.1488376969149846e-05, 'tol': 0.008384762577187992, 'validation_fraction': 0.25830412238283196}]
function_evaluation time 0.088484 value 29091.906583 suggestion {'alpha': 0.6631379491338996, 'batch_size': 208, 'beta_1': 0.5421930668966853, 'beta_2': 0.9400273625171939, 'epsilon': 2.346295328298234e-08, 'hidden_layer_sizes': 187, 'learning_rate_init': 3.1488376969149846e-05, 'tol': 0.008384762577187992, 'validation_fraction': 0.25830412238283196}
observation time 0.000071, current best 3906.507536 at iter 4
suggestion time taken 0.002123 iter 5 next_points [{'alpha': 0.0001801378268101018, 'batch_size': 103, 'beta_1': 0.911871585855019, 'beta_2': 0.9232730827339698, 'epsilon': 1.1407645446624544e-07, 'hidden_layer_sizes': 157, 'learning_rate_init': 2.7936708137402546e-05, 'tol': 0.0006623218038140473, 'validation_fraction': 0.4233689983195337}]
function_evaluation time 0.079586 value 29108.271604 suggestion {'alpha': 0.0001801378268101018, 'batch_size': 103, 'beta_1': 0.911871585855019, 'beta_2': 0.9232730827339698, 'epsilon': 1.1407645446624544e-07, 'hidden_layer_sizes': 157, 'learning_rate_init': 2.7936708137402546e-05, 'tol': 0.0006623218038140473, 'validation_fraction': 0.4233689983195337}
observation time 0.000066, current best 3906.507536 at iter 5
suggestion time taken 0.002302 iter 6 next_points [{'alpha': 0.03153719788477255, 'batch_size': 204, 'beta_1': 0.622900511715827, 'beta_2': 0.9583425498495768, 'epsilon': 7.299789594131582e-08, 'hidden_layer_sizes': 194, 'learning_rate_init': 0.08854779234817232, 'tol': 0.00024127199998369737, 'validation_fraction': 0.5613551659168425}]
/home/ryedida/.local/lib/python3.9/site-packages/sklearn/neural_network/_multilayer_perceptron.py:605: UserWarning: Got `batch_size` less than 1 or larger than sample size. It is going to be clipped
  warnings.warn(

function_evaluation time 0.377773 value 2884.029883 suggestion {'alpha': 0.03153719788477255, 'batch_size': 204, 'beta_1': 0.622900511715827, 'beta_2': 0.9583425498495768, 'epsilon': 7.299789594131582e-08, 'hidden_layer_sizes': 194, 'learning_rate_init': 0.08854779234817232, 'tol': 0.00024127199998369737, 'validation_fraction': 0.5613551659168425}
observation time 0.000071, current best 2884.029883 at iter 6
suggestion time taken 0.002194 iter 7 next_points [{'alpha': 1.5929869635863372, 'batch_size': 142, 'beta_1': 0.7577521512486298, 'beta_2': 0.9043370867882425, 'epsilon': 9.157878910281513e-07, 'hidden_layer_sizes': 147, 'learning_rate_init': 0.000688572852811534, 'tol': 0.03610036992514667, 'validation_fraction': 0.14920333770726044}]
function_evaluation time 0.087793 value 29067.388950 suggestion {'alpha': 1.5929869635863372, 'batch_size': 142, 'beta_1': 0.7577521512486298, 'beta_2': 0.9043370867882425, 'epsilon': 9.157878910281513e-07, 'hidden_layer_sizes': 147, 'learning_rate_init': 0.000688572852811534, 'tol': 0.03610036992514667, 'validation_fraction': 0.14920333770726044}
observation time 0.000069, current best 2884.029883 at iter 7
suggestion time taken 0.002296 iter 8 next_points [{'alpha': 0.43016499438720174, 'batch_size': 90, 'beta_1': 0.7331300348401266, 'beta_2': 0.9903882324993156, 'epsilon': 1.6166352003588282e-07, 'hidden_layer_sizes': 136, 'learning_rate_init': 5.720544406600822e-05, 'tol': 0.00026925298232079425, 'validation_fraction': 0.24213730753814408}]
function_evaluation time 0.091983 value 29101.322530 suggestion {'alpha': 0.43016499438720174, 'batch_size': 90, 'beta_1': 0.7331300348401266, 'beta_2': 0.9903882324993156, 'epsilon': 1.6166352003588282e-07, 'hidden_layer_sizes': 136, 'learning_rate_init': 5.720544406600822e-05, 'tol': 0.00026925298232079425, 'validation_fraction': 0.24213730753814408}
observation time 0.000069, current best 2884.029883 at iter 8
suggestion time taken 0.002116 iter 9 next_points [{'alpha': 0.9266700417900635, 'batch_size': 67, 'beta_1': 0.5224928722425665, 'beta_2': 0.9759331334668767, 'epsilon': 6.925912846953661e-08, 'hidden_layer_sizes': 94, 'learning_rate_init': 0.0017782754836436236, 'tol': 0.0867017568027518, 'validation_fraction': 0.2630220185487363}]
function_evaluation time 0.061987 value 28762.864467 suggestion {'alpha': 0.9266700417900635, 'batch_size': 67, 'beta_1': 0.5224928722425665, 'beta_2': 0.9759331334668767, 'epsilon': 6.925912846953661e-08, 'hidden_layer_sizes': 94, 'learning_rate_init': 0.0017782754836436236, 'tol': 0.0867017568027518, 'validation_fraction': 0.2630220185487363}
observation time 0.000069, current best 2884.029883 at iter 9
suggestion time taken 0.002138 iter 10 next_points [{'alpha': 0.0002415937393691837, 'batch_size': 38, 'beta_1': 0.5242865310814361, 'beta_2': 0.9156676056592269, 'epsilon': 2.1107238697128058e-07, 'hidden_layer_sizes': 67, 'learning_rate_init': 0.0033964239682244316, 'tol': 0.00018089705542534564, 'validation_fraction': 0.2356507828334712}]
/home/ryedida/.local/lib/python3.9/site-packages/sklearn/neural_network/_multilayer_perceptron.py:686: ConvergenceWarning: Stochastic Optimizer: Maximum iterations (200) reached and the optimization hasn't converged yet.
  warnings.warn(

function_evaluation time 1.143789 value 3274.582181 suggestion {'alpha': 0.0002415937393691837, 'batch_size': 38, 'beta_1': 0.5242865310814361, 'beta_2': 0.9156676056592269, 'epsilon': 2.1107238697128058e-07, 'hidden_layer_sizes': 67, 'learning_rate_init': 0.0033964239682244316, 'tol': 0.00018089705542534564, 'validation_fraction': 0.2356507828334712}
observation time 0.000071, current best 2884.029883 at iter 10
suggestion time taken 0.002329 iter 11 next_points [{'alpha': 0.0003265593709255729, 'batch_size': 104, 'beta_1': 0.7804444050501688, 'beta_2': 0.984553555376691, 'epsilon': 1.7694427338425482e-09, 'hidden_layer_sizes': 119, 'learning_rate_init': 0.00014821006851760743, 'tol': 6.861954096069872e-05, 'validation_fraction': 0.8425420666261333}]
/home/ryedida/.local/lib/python3.9/site-packages/sklearn/neural_network/_multilayer_perceptron.py:605: UserWarning: Got `batch_size` less than 1 or larger than sample size. It is going to be clipped
  warnings.warn(

/home/ryedida/.local/lib/python3.9/site-packages/sklearn/neural_network/_multilayer_perceptron.py:686: ConvergenceWarning: Stochastic Optimizer: Maximum iterations (200) reached and the optimization hasn't converged yet.
  warnings.warn(

function_evaluation time 0.663869 value 29005.023850 suggestion {'alpha': 0.0003265593709255729, 'batch_size': 104, 'beta_1': 0.7804444050501688, 'beta_2': 0.984553555376691, 'epsilon': 1.7694427338425482e-09, 'hidden_layer_sizes': 119, 'learning_rate_init': 0.00014821006851760743, 'tol': 6.861954096069872e-05, 'validation_fraction': 0.8425420666261333}
observation time 0.000069, current best 2884.029883 at iter 11
suggestion time taken 0.002144 iter 12 next_points [{'alpha': 0.29094569063900727, 'batch_size': 228, 'beta_1': 0.6090311032464221, 'beta_2': 0.9507272979147391, 'epsilon': 3.7318399707318215e-09, 'hidden_layer_sizes': 145, 'learning_rate_init': 0.0007771882637889463, 'tol': 0.0008590967815065173, 'validation_fraction': 0.7487370885821258}]
/home/ryedida/.local/lib/python3.9/site-packages/sklearn/neural_network/_multilayer_perceptron.py:605: UserWarning: Got `batch_size` less than 1 or larger than sample size. It is going to be clipped
  warnings.warn(

function_evaluation time 0.055322 value 29062.571849 suggestion {'alpha': 0.29094569063900727, 'batch_size': 228, 'beta_1': 0.6090311032464221, 'beta_2': 0.9507272979147391, 'epsilon': 3.7318399707318215e-09, 'hidden_layer_sizes': 145, 'learning_rate_init': 0.0007771882637889463, 'tol': 0.0008590967815065173, 'validation_fraction': 0.7487370885821258}
observation time 0.000075, current best 2884.029883 at iter 12
suggestion time taken 0.002166 iter 13 next_points [{'alpha': 0.13220824861065084, 'batch_size': 58, 'beta_1': 0.9607215913866085, 'beta_2': 0.9178948290134682, 'epsilon': 5.315378142808152e-08, 'hidden_layer_sizes': 88, 'learning_rate_init': 0.022314518455399, 'tol': 0.0016051770781400421, 'validation_fraction': 0.5799604265906841}]
function_evaluation time 0.374435 value 4066.188865 suggestion {'alpha': 0.13220824861065084, 'batch_size': 58, 'beta_1': 0.9607215913866085, 'beta_2': 0.9178948290134682, 'epsilon': 5.315378142808152e-08, 'hidden_layer_sizes': 88, 'learning_rate_init': 0.022314518455399, 'tol': 0.0016051770781400421, 'validation_fraction': 0.5799604265906841}
observation time 0.000073, current best 2884.029883 at iter 13
suggestion time taken 0.002135 iter 14 next_points [{'alpha': 0.00042083257446134985, 'batch_size': 201, 'beta_1': 0.526279590203078, 'beta_2': 0.9951921826460989, 'epsilon': 1.147703215143244e-08, 'hidden_layer_sizes': 192, 'learning_rate_init': 1.5324432377397504e-05, 'tol': 0.010680698130610709, 'validation_fraction': 0.26028846467383326}]
function_evaluation time 0.088826 value 29086.831766 suggestion {'alpha': 0.00042083257446134985, 'batch_size': 201, 'beta_1': 0.526279590203078, 'beta_2': 0.9951921826460989, 'epsilon': 1.147703215143244e-08, 'hidden_layer_sizes': 192, 'learning_rate_init': 1.5324432377397504e-05, 'tol': 0.010680698130610709, 'validation_fraction': 0.26028846467383326}
observation time 0.000071, current best 2884.029883 at iter 14
saving meta data: {'args': {'--uuid': '668315ec2f485698ae93466666e45aa6', '-db-root': '/home/ryedida/bbo_challenge_starter_kit/output', '--opt-root': '/home/ryedida/bbo_challenge_starter_kit/example_submissions', '--data-root': None, '--db': 'run_20230425_034200', '--opt': 'hyperopt', '--data': 'diabetes', '--classifier': 'MLP-adam', '--metric': 'mse', '--calls': 15, '--suggestions': 1, '--jobs-file': None, '--verbose': False, 'dry_run': False, 'rev': 'a376313', 'opt_rev': '0.2.7'}, 'signature': ([{'alpha': 0.019628224813442792, 'batch_size': 182, 'beta_1': 0.9410202200271762, 'beta_2': 0.9998021557676793, 'epsilon': 1.8662266976518e-08, 'hidden_layer_sizes': 147, 'learning_rate_init': 0.0005627932047415167, 'tol': 0.03690557729213761, 'validation_fraction': 0.8846827852548593}, {'alpha': 0.0019982467392329444, 'batch_size': 200, 'beta_1': 0.919111482530466, 'beta_2': 0.9998488260436156, 'epsilon': 5.981221901152555e-07, 'hidden_layer_sizes': 61, 'learning_rate_init': 2.2310905607443014e-05, 'tol': 1.2046852412030316e-05, 'validation_fraction': 0.8117896445826539}, {'alpha': 0.46659545670218433, 'batch_size': 219, 'beta_1': 0.9889789783750891, 'beta_2': 0.9999896868093284, 'epsilon': 2.4234724484675948e-08, 'hidden_layer_sizes': 167, 'learning_rate_init': 2.972334644335654e-05, 'tol': 0.0036281404040243792, 'validation_fraction': 0.17260651658522078}, {'alpha': 4.656005689076002, 'batch_size': 135, 'beta_1': 0.870503881627747, 'beta_2': 0.9948873266941017, 'epsilon': 2.1023308743480125e-07, 'hidden_layer_sizes': 118, 'learning_rate_init': 0.0018781738757161913, 'tol': 1.1889379831773004e-05, 'validation_fraction': 0.6264327093752792}, {'alpha': 0.04705159350400542, 'batch_size': 158, 'beta_1': 0.9870884262730957, 'beta_2': 0.9999596874382349, 'epsilon': 1.1981845126013875e-08, 'hidden_layer_sizes': 116, 'learning_rate_init': 0.00617340520407431, 'tol': 1.741413418158619e-05, 'validation_fraction': 0.6754299026638921}], [29083.993548572587, 29062.423277324073, 29075.78987471409, 24626.32866834337, 9584.226858493177])}
saving results
saving timing
saving suggest log
done
