running: {'--uuid': '9d72c99eb8765ff490a035555c3befc3', '-db-root': '/home/ryedida/bbo_challenge_starter_kit/output', '--opt-root': '/home/ryedida/bbo_challenge_starter_kit/example_submissions', '--data-root': None, '--db': 'run_20230425_034200', '--opt': 'turbo', '--data': 'diabetes', '--classifier': 'MLP-adam', '--metric': 'mse', '--calls': 15, '--suggestions': 1, '--jobs-file': None, '--verbose': False, 'dry_run': False, 'rev': 'a376313', 'opt_rev': '0.0.1'}
cmd: python turbo/optimizer.py -c MLP-adam -d diabetes -o turbo -u 9d72c99eb8765ff490a035555c3befc3 -m mse -n 15 -p 1 -dir /home/ryedida/bbo_challenge_starter_kit/output -b run_20230425_034200
/home/ryedida/.local/lib/python3.9/site-packages/sklearn/neural_network/_multilayer_perceptron.py:605: UserWarning: Got `batch_size` less than 1 or larger than sample size. It is going to be clipped
  warnings.warn(

/home/ryedida/.local/lib/python3.9/site-packages/sklearn/neural_network/_multilayer_perceptron.py:605: UserWarning: Got `batch_size` less than 1 or larger than sample size. It is going to be clipped
  warnings.warn(

/home/ryedida/.local/lib/python3.9/site-packages/sklearn/neural_network/_multilayer_perceptron.py:605: UserWarning: Got `batch_size` less than 1 or larger than sample size. It is going to be clipped
  warnings.warn(

/home/ryedida/.local/lib/python3.9/site-packages/sklearn/neural_network/_multilayer_perceptron.py:686: ConvergenceWarning: Stochastic Optimizer: Maximum iterations (200) reached and the optimization hasn't converged yet.
  warnings.warn(

/home/ryedida/.local/lib/python3.9/site-packages/sklearn/neural_network/_multilayer_perceptron.py:605: UserWarning: Got `batch_size` less than 1 or larger than sample size. It is going to be clipped
  warnings.warn(

/home/ryedida/.local/lib/python3.9/site-packages/sklearn/neural_network/_multilayer_perceptron.py:686: ConvergenceWarning: Stochastic Optimizer: Maximum iterations (200) reached and the optimization hasn't converged yet.
  warnings.warn(

computed signature: ([{'alpha': 0.019628224813442792, 'batch_size': 182, 'beta_1': 0.9410202200271762, 'beta_2': 0.9998021557676793, 'epsilon': 1.8662266976518e-08, 'hidden_layer_sizes': 147, 'learning_rate_init': 0.0005627932047415167, 'tol': 0.03690557729213761, 'validation_fraction': 0.8846827852548593}, {'alpha': 0.0019982467392329444, 'batch_size': 200, 'beta_1': 0.919111482530466, 'beta_2': 0.9998488260436156, 'epsilon': 5.981221901152555e-07, 'hidden_layer_sizes': 61, 'learning_rate_init': 2.2310905607443014e-05, 'tol': 1.2046852412030316e-05, 'validation_fraction': 0.8117896445826539}, {'alpha': 0.46659545670218433, 'batch_size': 219, 'beta_1': 0.9889789783750891, 'beta_2': 0.9999896868093284, 'epsilon': 2.4234724484675948e-08, 'hidden_layer_sizes': 167, 'learning_rate_init': 2.972334644335654e-05, 'tol': 0.0036281404040243792, 'validation_fraction': 0.17260651658522078}, {'alpha': 4.656005689076002, 'batch_size': 135, 'beta_1': 0.870503881627747, 'beta_2': 0.9948873266941017, 'epsilon': 2.1023308743480125e-07, 'hidden_layer_sizes': 118, 'learning_rate_init': 0.0018781738757161913, 'tol': 1.1889379831773004e-05, 'validation_fraction': 0.6264327093752792}, {'alpha': 0.04705159350400542, 'batch_size': 158, 'beta_1': 0.9870884262730957, 'beta_2': 0.9999596874382349, 'epsilon': 1.1981845126013875e-08, 'hidden_layer_sizes': 116, 'learning_rate_init': 0.00617340520407431, 'tol': 1.741413418158619e-05, 'validation_fraction': 0.6754299026638921}], [29083.993548572587, 29062.423277324073, 29075.78987471409, 24626.32866834337, 9584.226858493177])
Signature errors:
                              0         1         2         3         4       max
MLP-adam_diabetes_mse  0.000007  0.000008  0.000003  0.003558  0.004952  0.004952
max                    0.000007  0.000008  0.000003  0.003558  0.004952  0.004952
starting sklearn study turbo MLP-adam diabetes mse 15 1
with data root: None
suggestion time taken 0.002141 iter 0 next_points [{'alpha': 1.4317089831679727e-05, 'batch_size': 154, 'beta_1': 0.9075494094876803, 'beta_2': 0.9999000699394895, 'epsilon': 1.366691544135797e-09, 'hidden_layer_sizes': 103, 'learning_rate_init': 1.4568301951006328e-05, 'tol': 0.002786925241770701, 'validation_fraction': 0.7614642028068432}]
/home/ryedida/.local/lib/python3.9/site-packages/sklearn/neural_network/_multilayer_perceptron.py:605: UserWarning: Got `batch_size` less than 1 or larger than sample size. It is going to be clipped
  warnings.warn(

function_evaluation time 0.050035 value 29108.215238 suggestion {'alpha': 1.4317089831679727e-05, 'batch_size': 154, 'beta_1': 0.9075494094876803, 'beta_2': 0.9999000699394895, 'epsilon': 1.366691544135797e-09, 'hidden_layer_sizes': 103, 'learning_rate_init': 1.4568301951006328e-05, 'tol': 0.002786925241770701, 'validation_fraction': 0.7614642028068432}
observation time 0.001449, current best 29108.215238 at iter 0
suggestion time taken 0.001782 iter 1 next_points [{'alpha': 0.0011124281179094985, 'batch_size': 194, 'beta_1': 0.5567608784914844, 'beta_2': 0.999950407232731, 'epsilon': 1.9293348272393373e-07, 'hidden_layer_sizes': 92, 'learning_rate_init': 0.0026852009675411175, 'tol': 0.000519647561217444, 'validation_fraction': 0.28181084765293174}]
/home/ryedida/.local/lib/python3.9/site-packages/sklearn/neural_network/_multilayer_perceptron.py:686: ConvergenceWarning: Stochastic Optimizer: Maximum iterations (200) reached and the optimization hasn't converged yet.
  warnings.warn(

function_evaluation time 1.004840 value 7979.815138 suggestion {'alpha': 0.0011124281179094985, 'batch_size': 194, 'beta_1': 0.5567608784914844, 'beta_2': 0.999950407232731, 'epsilon': 1.9293348272393373e-07, 'hidden_layer_sizes': 92, 'learning_rate_init': 0.0026852009675411175, 'tol': 0.000519647561217444, 'validation_fraction': 0.28181084765293174}
observation time 0.001372, current best 7979.815138 at iter 1
suggestion time taken 0.001727 iter 2 next_points [{'alpha': 0.012797773464063675, 'batch_size': 98, 'beta_1': 0.5759002502855053, 'beta_2': 0.999989301106099, 'epsilon': 2.981971758229033e-07, 'hidden_layer_sizes': 52, 'learning_rate_init': 0.03395612062677953, 'tol': 1.1932293307111699e-05, 'validation_fraction': 0.4251472774350118}]
function_evaluation time 0.381346 value 2939.021423 suggestion {'alpha': 0.012797773464063675, 'batch_size': 98, 'beta_1': 0.5759002502855053, 'beta_2': 0.999989301106099, 'epsilon': 2.981971758229033e-07, 'hidden_layer_sizes': 52, 'learning_rate_init': 0.03395612062677953, 'tol': 1.1932293307111699e-05, 'validation_fraction': 0.4251472774350118}
observation time 0.001395, current best 2939.021423 at iter 2
suggestion time taken 0.001763 iter 3 next_points [{'alpha': 0.00012226697800011102, 'batch_size': 185, 'beta_1': 0.970801129369467, 'beta_2': 0.9995961619776084, 'epsilon': 3.864426972196266e-09, 'hidden_layer_sizes': 131, 'learning_rate_init': 0.020409807924235277, 'tol': 0.01142128110746059, 'validation_fraction': 0.47635489534259323}]
/home/ryedida/.local/lib/python3.9/site-packages/sklearn/neural_network/_multilayer_perceptron.py:605: UserWarning: Got `batch_size` less than 1 or larger than sample size. It is going to be clipped
  warnings.warn(

function_evaluation time 0.382566 value 4001.104729 suggestion {'alpha': 0.00012226697800011102, 'batch_size': 185, 'beta_1': 0.970801129369467, 'beta_2': 0.9995961619776084, 'epsilon': 3.864426972196266e-09, 'hidden_layer_sizes': 131, 'learning_rate_init': 0.020409807924235277, 'tol': 0.01142128110746059, 'validation_fraction': 0.47635489534259323}
observation time 0.001396, current best 2939.021423 at iter 3
suggestion time taken 0.001746 iter 4 next_points [{'alpha': 6.847996827413619, 'batch_size': 42, 'beta_1': 0.8573869416543554, 'beta_2': 0.9999983004982107, 'epsilon': 5.2093104725969826e-08, 'hidden_layer_sizes': 174, 'learning_rate_init': 0.010529171395859386, 'tol': 9.168012134659753e-05, 'validation_fraction': 0.6789465663230825}]
/home/ryedida/.local/lib/python3.9/site-packages/sklearn/neural_network/_multilayer_perceptron.py:686: ConvergenceWarning: Stochastic Optimizer: Maximum iterations (200) reached and the optimization hasn't converged yet.
  warnings.warn(

function_evaluation time 0.946075 value 3457.423853 suggestion {'alpha': 6.847996827413619, 'batch_size': 42, 'beta_1': 0.8573869416543554, 'beta_2': 0.9999983004982107, 'epsilon': 5.2093104725969826e-08, 'hidden_layer_sizes': 174, 'learning_rate_init': 0.010529171395859386, 'tol': 9.168012134659753e-05, 'validation_fraction': 0.6789465663230825}
observation time 0.001386, current best 2939.021423 at iter 4
suggestion time taken 0.001746 iter 5 next_points [{'alpha': 0.004140389962232332, 'batch_size': 62, 'beta_1': 0.672097192853006, 'beta_2': 0.9840671594206872, 'epsilon': 2.7090395165662287e-08, 'hidden_layer_sizes': 73, 'learning_rate_init': 0.004789932936064301, 'tol': 0.0010640977729731542, 'validation_fraction': 0.8467807344551895}]
/home/ryedida/.local/lib/python3.9/site-packages/sklearn/neural_network/_multilayer_perceptron.py:605: UserWarning: Got `batch_size` less than 1 or larger than sample size. It is going to be clipped
  warnings.warn(

/home/ryedida/.local/lib/python3.9/site-packages/sklearn/neural_network/_multilayer_perceptron.py:686: ConvergenceWarning: Stochastic Optimizer: Maximum iterations (200) reached and the optimization hasn't converged yet.
  warnings.warn(

function_evaluation time 0.615759 value 14714.053025 suggestion {'alpha': 0.004140389962232332, 'batch_size': 62, 'beta_1': 0.672097192853006, 'beta_2': 0.9840671594206872, 'epsilon': 2.7090395165662287e-08, 'hidden_layer_sizes': 73, 'learning_rate_init': 0.004789932936064301, 'tol': 0.0010640977729731542, 'validation_fraction': 0.8467807344551895}
observation time 0.001392, current best 2939.021423 at iter 5
suggestion time taken 0.001771 iter 6 next_points [{'alpha': 0.8038232825641285, 'batch_size': 233, 'beta_1': 0.9788557084935287, 'beta_2': 0.9998420298784475, 'epsilon': 1.858371860634507e-08, 'hidden_layer_sizes': 74, 'learning_rate_init': 0.0019663879589927515, 'tol': 0.004350743602774754, 'validation_fraction': 0.3159771970860287}]
function_evaluation time 0.055201 value 29024.494173 suggestion {'alpha': 0.8038232825641285, 'batch_size': 233, 'beta_1': 0.9788557084935287, 'beta_2': 0.9998420298784475, 'epsilon': 1.858371860634507e-08, 'hidden_layer_sizes': 74, 'learning_rate_init': 0.0019663879589927515, 'tol': 0.004350743602774754, 'validation_fraction': 0.3159771970860287}
observation time 0.001447, current best 2939.021423 at iter 6
suggestion time taken 0.001750 iter 7 next_points [{'alpha': 0.00042358952474253885, 'batch_size': 221, 'beta_1': 0.9858208492913084, 'beta_2': 0.9047793743552704, 'epsilon': 9.704157361872565e-09, 'hidden_layer_sizes': 153, 'learning_rate_init': 0.00019762906868803714, 'tol': 0.04791962795458113, 'validation_fraction': 0.5971987868672723}]
/home/ryedida/.local/lib/python3.9/site-packages/sklearn/neural_network/_multilayer_perceptron.py:605: UserWarning: Got `batch_size` less than 1 or larger than sample size. It is going to be clipped
  warnings.warn(

function_evaluation time 0.060758 value 29100.718683 suggestion {'alpha': 0.00042358952474253885, 'batch_size': 221, 'beta_1': 0.9858208492913084, 'beta_2': 0.9047793743552704, 'epsilon': 9.704157361872565e-09, 'hidden_layer_sizes': 153, 'learning_rate_init': 0.00019762906868803714, 'tol': 0.04791962795458113, 'validation_fraction': 0.5971987868672723}
observation time 0.001395, current best 2939.021423 at iter 7
suggestion time taken 0.001767 iter 8 next_points [{'alpha': 0.04307140920267864, 'batch_size': 124, 'beta_1': 0.9669840292384982, 'beta_2': 0.9999979860512124, 'epsilon': 1.5649949067296467e-07, 'hidden_layer_sizes': 83, 'learning_rate_init': 0.0003075627423825658, 'tol': 0.00022283819767256877, 'validation_fraction': 0.8142756618454332}]
/home/ryedida/.local/lib/python3.9/site-packages/sklearn/neural_network/_multilayer_perceptron.py:605: UserWarning: Got `batch_size` less than 1 or larger than sample size. It is going to be clipped
  warnings.warn(

function_evaluation time 0.057187 value 29082.856470 suggestion {'alpha': 0.04307140920267864, 'batch_size': 124, 'beta_1': 0.9669840292384982, 'beta_2': 0.9999979860512124, 'epsilon': 1.5649949067296467e-07, 'hidden_layer_sizes': 83, 'learning_rate_init': 0.0003075627423825658, 'tol': 0.00022283819767256877, 'validation_fraction': 0.8142756618454332}
observation time 0.001382, current best 2939.021423 at iter 8
suggestion time taken 0.001757 iter 9 next_points [{'alpha': 2.7167059999861944e-05, 'batch_size': 101, 'beta_1': 0.9795698381586044, 'beta_2': 0.998363569447828, 'epsilon': 5.628310932044954e-09, 'hidden_layer_sizes': 112, 'learning_rate_init': 0.0507168354532036, 'tol': 4.0880796358694844e-05, 'validation_fraction': 0.25510121892449467}]
function_evaluation time 0.214366 value 3689.982382 suggestion {'alpha': 2.7167059999861944e-05, 'batch_size': 101, 'beta_1': 0.9795698381586044, 'beta_2': 0.998363569447828, 'epsilon': 5.628310932044954e-09, 'hidden_layer_sizes': 112, 'learning_rate_init': 0.0507168354532036, 'tol': 4.0880796358694844e-05, 'validation_fraction': 0.25510121892449467}
observation time 0.001388, current best 2939.021423 at iter 9
suggestion time taken 0.001740 iter 10 next_points [{'alpha': 6.609184641068835e-05, 'batch_size': 168, 'beta_1': 0.775942314258844, 'beta_2': 0.9999938235669161, 'epsilon': 1.6677397741412857e-08, 'hidden_layer_sizes': 180, 'learning_rate_init': 0.0007929994796630939, 'tol': 0.00037834465154136537, 'validation_fraction': 0.12657714628507366}]
/home/ryedida/.local/lib/python3.9/site-packages/sklearn/neural_network/_multilayer_perceptron.py:686: ConvergenceWarning: Stochastic Optimizer: Maximum iterations (200) reached and the optimization hasn't converged yet.
  warnings.warn(

function_evaluation time 1.384741 value 22961.484000 suggestion {'alpha': 6.609184641068835e-05, 'batch_size': 168, 'beta_1': 0.775942314258844, 'beta_2': 0.9999938235669161, 'epsilon': 1.6677397741412857e-08, 'hidden_layer_sizes': 180, 'learning_rate_init': 0.0007929994796630939, 'tol': 0.00037834465154136537, 'validation_fraction': 0.12657714628507366}
observation time 0.001337, current best 2939.021423 at iter 10
suggestion time taken 0.001741 iter 11 next_points [{'alpha': 0.23725927026920027, 'batch_size': 210, 'beta_1': 0.874080085235581, 'beta_2': 0.9804525861419925, 'epsilon': 1.7292979045351544e-09, 'hidden_layer_sizes': 195, 'learning_rate_init': 0.0006197418341339437, 'tol': 0.019058312458872025, 'validation_fraction': 0.8587577798324018}]
/home/ryedida/.local/lib/python3.9/site-packages/sklearn/neural_network/_multilayer_perceptron.py:605: UserWarning: Got `batch_size` less than 1 or larger than sample size. It is going to be clipped
  warnings.warn(

function_evaluation time 0.056878 value 29093.177308 suggestion {'alpha': 0.23725927026920027, 'batch_size': 210, 'beta_1': 0.874080085235581, 'beta_2': 0.9804525861419925, 'epsilon': 1.7292979045351544e-09, 'hidden_layer_sizes': 195, 'learning_rate_init': 0.0006197418341339437, 'tol': 0.019058312458872025, 'validation_fraction': 0.8587577798324018}
observation time 0.001347, current best 2939.021423 at iter 11
suggestion time taken 0.001770 iter 12 next_points [{'alpha': 1.1423787612753937, 'batch_size': 82, 'beta_1': 0.9242374466714154, 'beta_2': 0.9470786441353524, 'epsilon': 8.864887419636762e-08, 'hidden_layer_sizes': 58, 'learning_rate_init': 0.0662788613095592, 'tol': 0.06263342260718044, 'validation_fraction': 0.17581198498659226}]
function_evaluation time 0.101144 value 3482.773544 suggestion {'alpha': 1.1423787612753937, 'batch_size': 82, 'beta_1': 0.9242374466714154, 'beta_2': 0.9470786441353524, 'epsilon': 8.864887419636762e-08, 'hidden_layer_sizes': 58, 'learning_rate_init': 0.0662788613095592, 'tol': 0.06263342260718044, 'validation_fraction': 0.17581198498659226}
observation time 0.001328, current best 2939.021423 at iter 12
suggestion time taken 0.001682 iter 13 next_points [{'alpha': 0.1083328185231436, 'batch_size': 33, 'beta_1': 0.9489182322935619, 'beta_2': 0.9971648888421091, 'epsilon': 5.6467279362529094e-08, 'hidden_layer_sizes': 190, 'learning_rate_init': 6.451291952563845e-05, 'tol': 0.00017058224488371087, 'validation_fraction': 0.6925937833089634}]
/home/ryedida/.local/lib/python3.9/site-packages/sklearn/neural_network/_multilayer_perceptron.py:686: ConvergenceWarning: Stochastic Optimizer: Maximum iterations (200) reached and the optimization hasn't converged yet.
  warnings.warn(

function_evaluation time 0.944902 value 28915.361643 suggestion {'alpha': 0.1083328185231436, 'batch_size': 33, 'beta_1': 0.9489182322935619, 'beta_2': 0.9971648888421091, 'epsilon': 5.6467279362529094e-08, 'hidden_layer_sizes': 190, 'learning_rate_init': 6.451291952563845e-05, 'tol': 0.00017058224488371087, 'validation_fraction': 0.6925937833089634}
observation time 0.001388, current best 2939.021423 at iter 13
suggestion time taken 0.001714 iter 14 next_points [{'alpha': 0.01629591197268702, 'batch_size': 12, 'beta_1': 0.8174672281597686, 'beta_2': 0.9999784608457434, 'epsilon': 5.549162683697507e-07, 'hidden_layer_sizes': 115, 'learning_rate_init': 2.5399831642211756e-05, 'tol': 0.02672701706629075, 'validation_fraction': 0.5691357369642942}]
function_evaluation time 0.180335 value 29133.517959 suggestion {'alpha': 0.01629591197268702, 'batch_size': 12, 'beta_1': 0.8174672281597686, 'beta_2': 0.9999784608457434, 'epsilon': 5.549162683697507e-07, 'hidden_layer_sizes': 115, 'learning_rate_init': 2.5399831642211756e-05, 'tol': 0.02672701706629075, 'validation_fraction': 0.5691357369642942}
observation time 0.001349, current best 2939.021423 at iter 14
saving meta data: {'args': {'--uuid': '9d72c99eb8765ff490a035555c3befc3', '-db-root': '/home/ryedida/bbo_challenge_starter_kit/output', '--opt-root': '/home/ryedida/bbo_challenge_starter_kit/example_submissions', '--data-root': None, '--db': 'run_20230425_034200', '--opt': 'turbo', '--data': 'diabetes', '--classifier': 'MLP-adam', '--metric': 'mse', '--calls': 15, '--suggestions': 1, '--jobs-file': None, '--verbose': False, 'dry_run': False, 'rev': 'a376313', 'opt_rev': '0.0.1'}, 'signature': ([{'alpha': 0.019628224813442792, 'batch_size': 182, 'beta_1': 0.9410202200271762, 'beta_2': 0.9998021557676793, 'epsilon': 1.8662266976518e-08, 'hidden_layer_sizes': 147, 'learning_rate_init': 0.0005627932047415167, 'tol': 0.03690557729213761, 'validation_fraction': 0.8846827852548593}, {'alpha': 0.0019982467392329444, 'batch_size': 200, 'beta_1': 0.919111482530466, 'beta_2': 0.9998488260436156, 'epsilon': 5.981221901152555e-07, 'hidden_layer_sizes': 61, 'learning_rate_init': 2.2310905607443014e-05, 'tol': 1.2046852412030316e-05, 'validation_fraction': 0.8117896445826539}, {'alpha': 0.46659545670218433, 'batch_size': 219, 'beta_1': 0.9889789783750891, 'beta_2': 0.9999896868093284, 'epsilon': 2.4234724484675948e-08, 'hidden_layer_sizes': 167, 'learning_rate_init': 2.972334644335654e-05, 'tol': 0.0036281404040243792, 'validation_fraction': 0.17260651658522078}, {'alpha': 4.656005689076002, 'batch_size': 135, 'beta_1': 0.870503881627747, 'beta_2': 0.9948873266941017, 'epsilon': 2.1023308743480125e-07, 'hidden_layer_sizes': 118, 'learning_rate_init': 0.0018781738757161913, 'tol': 1.1889379831773004e-05, 'validation_fraction': 0.6264327093752792}, {'alpha': 0.04705159350400542, 'batch_size': 158, 'beta_1': 0.9870884262730957, 'beta_2': 0.9999596874382349, 'epsilon': 1.1981845126013875e-08, 'hidden_layer_sizes': 116, 'learning_rate_init': 0.00617340520407431, 'tol': 1.741413418158619e-05, 'validation_fraction': 0.6754299026638921}], [29083.993548572587, 29062.423277324073, 29075.78987471409, 24626.32866834337, 9584.226858493177])}
saving results
saving timing
saving suggest log
done
