running: {'--uuid': 'a27c921bce1b58058ac79e898da600d3', '-db-root': '/home/ryedida/bbo_challenge_starter_kit/output', '--opt-root': '/home/ryedida/bbo_challenge_starter_kit/example_submissions', '--data-root': None, '--db': 'run_20230425_034200', '--opt': 'turbo', '--data': 'diabetes', '--classifier': 'MLP-adam', '--metric': 'mse', '--calls': 15, '--suggestions': 1, '--jobs-file': None, '--verbose': False, 'dry_run': False, 'rev': 'a376313', 'opt_rev': '0.0.1'}
cmd: python turbo/optimizer.py -c MLP-adam -d diabetes -o turbo -u a27c921bce1b58058ac79e898da600d3 -m mse -n 15 -p 1 -dir /home/ryedida/bbo_challenge_starter_kit/output -b run_20230425_034200
/home/ryedida/.local/lib/python3.9/site-packages/sklearn/neural_network/_multilayer_perceptron.py:605: UserWarning: Got `batch_size` less than 1 or larger than sample size. It is going to be clipped
  warnings.warn(

/home/ryedida/.local/lib/python3.9/site-packages/sklearn/neural_network/_multilayer_perceptron.py:605: UserWarning: Got `batch_size` less than 1 or larger than sample size. It is going to be clipped
  warnings.warn(

/home/ryedida/.local/lib/python3.9/site-packages/sklearn/neural_network/_multilayer_perceptron.py:605: UserWarning: Got `batch_size` less than 1 or larger than sample size. It is going to be clipped
  warnings.warn(

/home/ryedida/.local/lib/python3.9/site-packages/sklearn/neural_network/_multilayer_perceptron.py:686: ConvergenceWarning: Stochastic Optimizer: Maximum iterations (200) reached and the optimization hasn't converged yet.
  warnings.warn(

/home/ryedida/.local/lib/python3.9/site-packages/sklearn/neural_network/_multilayer_perceptron.py:605: UserWarning: Got `batch_size` less than 1 or larger than sample size. It is going to be clipped
  warnings.warn(

/home/ryedida/.local/lib/python3.9/site-packages/sklearn/neural_network/_multilayer_perceptron.py:686: ConvergenceWarning: Stochastic Optimizer: Maximum iterations (200) reached and the optimization hasn't converged yet.
  warnings.warn(

computed signature: ([{'alpha': 0.019628224813442792, 'batch_size': 182, 'beta_1': 0.9410202200271762, 'beta_2': 0.9998021557676793, 'epsilon': 1.8662266976518e-08, 'hidden_layer_sizes': 147, 'learning_rate_init': 0.0005627932047415167, 'tol': 0.03690557729213761, 'validation_fraction': 0.8846827852548593}, {'alpha': 0.0019982467392329444, 'batch_size': 200, 'beta_1': 0.919111482530466, 'beta_2': 0.9998488260436156, 'epsilon': 5.981221901152555e-07, 'hidden_layer_sizes': 61, 'learning_rate_init': 2.2310905607443014e-05, 'tol': 1.2046852412030316e-05, 'validation_fraction': 0.8117896445826539}, {'alpha': 0.46659545670218433, 'batch_size': 219, 'beta_1': 0.9889789783750891, 'beta_2': 0.9999896868093284, 'epsilon': 2.4234724484675948e-08, 'hidden_layer_sizes': 167, 'learning_rate_init': 2.972334644335654e-05, 'tol': 0.0036281404040243792, 'validation_fraction': 0.17260651658522078}, {'alpha': 4.656005689076002, 'batch_size': 135, 'beta_1': 0.870503881627747, 'beta_2': 0.9948873266941017, 'epsilon': 2.1023308743480125e-07, 'hidden_layer_sizes': 118, 'learning_rate_init': 0.0018781738757161913, 'tol': 1.1889379831773004e-05, 'validation_fraction': 0.6264327093752792}, {'alpha': 0.04705159350400542, 'batch_size': 158, 'beta_1': 0.9870884262730957, 'beta_2': 0.9999596874382349, 'epsilon': 1.1981845126013875e-08, 'hidden_layer_sizes': 116, 'learning_rate_init': 0.00617340520407431, 'tol': 1.741413418158619e-05, 'validation_fraction': 0.6754299026638921}], [29083.993548572587, 29062.423277324073, 29075.78987471409, 24626.32866834337, 9584.226858493177])
Signature errors:
                              0         1         2         3         4       max
MLP-adam_diabetes_mse  0.000007  0.000008  0.000003  0.003558  0.004952  0.004952
max                    0.000007  0.000008  0.000003  0.003558  0.004952  0.004952
starting sklearn study turbo MLP-adam diabetes mse 15 1
with data root: None
suggestion time taken 0.002065 iter 0 next_points [{'alpha': 0.0939778785400433, 'batch_size': 145, 'beta_1': 0.9619903672491602, 'beta_2': 0.9591274224209364, 'epsilon': 4.36396442192754e-07, 'hidden_layer_sizes': 167, 'learning_rate_init': 0.005546490297285224, 'tol': 7.282539293484556e-05, 'validation_fraction': 0.23415518617806946}]
function_evaluation time 1.051955 value 3868.521719 suggestion {'alpha': 0.0939778785400433, 'batch_size': 145, 'beta_1': 0.9619903672491602, 'beta_2': 0.9591274224209364, 'epsilon': 4.36396442192754e-07, 'hidden_layer_sizes': 167, 'learning_rate_init': 0.005546490297285224, 'tol': 7.282539293484556e-05, 'validation_fraction': 0.23415518617806946}
observation time 0.001402, current best 3868.521719 at iter 0
suggestion time taken 0.002066 iter 1 next_points [{'alpha': 0.5992834327793969, 'batch_size': 78, 'beta_1': 0.5558709615017872, 'beta_2': 0.9983255147017954, 'epsilon': 8.052099518112046e-09, 'hidden_layer_sizes': 142, 'learning_rate_init': 0.0028286059684735315, 'tol': 0.007324816728271039, 'validation_fraction': 0.41392577685024706}]
function_evaluation time 1.027916 value 4380.662124 suggestion {'alpha': 0.5992834327793969, 'batch_size': 78, 'beta_1': 0.5558709615017872, 'beta_2': 0.9983255147017954, 'epsilon': 8.052099518112046e-09, 'hidden_layer_sizes': 142, 'learning_rate_init': 0.0028286059684735315, 'tol': 0.007324816728271039, 'validation_fraction': 0.41392577685024706}
observation time 0.001606, current best 3868.521719 at iter 1
suggestion time taken 0.001854 iter 2 next_points [{'alpha': 0.0025916695631517986, 'batch_size': 33, 'beta_1': 0.9818103516211347, 'beta_2': 0.9995126986768387, 'epsilon': 1.1136309000086395e-08, 'hidden_layer_sizes': 170, 'learning_rate_init': 0.0009275160681107642, 'tol': 0.00048380012353249526, 'validation_fraction': 0.14799688955273652}]
/home/ryedida/.local/lib/python3.9/site-packages/sklearn/neural_network/_multilayer_perceptron.py:686: ConvergenceWarning: Stochastic Optimizer: Maximum iterations (200) reached and the optimization hasn't converged yet.
  warnings.warn(

function_evaluation time 1.836571 value 3888.233023 suggestion {'alpha': 0.0025916695631517986, 'batch_size': 33, 'beta_1': 0.9818103516211347, 'beta_2': 0.9995126986768387, 'epsilon': 1.1136309000086395e-08, 'hidden_layer_sizes': 170, 'learning_rate_init': 0.0009275160681107642, 'tol': 0.00048380012353249526, 'validation_fraction': 0.14799688955273652}
observation time 0.001452, current best 3868.521719 at iter 2
suggestion time taken 0.001731 iter 3 next_points [{'alpha': 0.00015818110747469643, 'batch_size': 246, 'beta_1': 0.9477760526020829, 'beta_2': 0.9905321664612872, 'epsilon': 2.154329015991618e-08, 'hidden_layer_sizes': 92, 'learning_rate_init': 7.737892108955957e-05, 'tol': 0.013650066226268706, 'validation_fraction': 0.10606125023838042}]
function_evaluation time 0.073817 value 29090.708424 suggestion {'alpha': 0.00015818110747469643, 'batch_size': 246, 'beta_1': 0.9477760526020829, 'beta_2': 0.9905321664612872, 'epsilon': 2.154329015991618e-08, 'hidden_layer_sizes': 92, 'learning_rate_init': 7.737892108955957e-05, 'tol': 0.013650066226268706, 'validation_fraction': 0.10606125023838042}
observation time 0.001473, current best 3868.521719 at iter 3
suggestion time taken 0.001768 iter 4 next_points [{'alpha': 3.944872417247652, 'batch_size': 201, 'beta_1': 0.8591437866609946, 'beta_2': 0.9999912710709797, 'epsilon': 3.304130122978655e-08, 'hidden_layer_sizes': 190, 'learning_rate_init': 3.5316146900696074e-05, 'tol': 0.0008463263589454264, 'validation_fraction': 0.7733246455452921}]
/home/ryedida/.local/lib/python3.9/site-packages/sklearn/neural_network/_multilayer_perceptron.py:605: UserWarning: Got `batch_size` less than 1 or larger than sample size. It is going to be clipped
  warnings.warn(

function_evaluation time 0.065088 value 29094.058073 suggestion {'alpha': 3.944872417247652, 'batch_size': 201, 'beta_1': 0.8591437866609946, 'beta_2': 0.9999912710709797, 'epsilon': 3.304130122978655e-08, 'hidden_layer_sizes': 190, 'learning_rate_init': 3.5316146900696074e-05, 'tol': 0.0008463263589454264, 'validation_fraction': 0.7733246455452921}
observation time 0.001369, current best 3868.521719 at iter 4
suggestion time taken 0.001752 iter 5 next_points [{'alpha': 0.001436345364935847, 'batch_size': 12, 'beta_1': 0.9712866856526092, 'beta_2': 0.9998698916293332, 'epsilon': 5.8212044633888235e-09, 'hidden_layer_sizes': 99, 'learning_rate_init': 4.372031989521841e-05, 'tol': 0.06661196055779373, 'validation_fraction': 0.6327832577898659}]
function_evaluation time 0.151170 value 29078.784134 suggestion {'alpha': 0.001436345364935847, 'batch_size': 12, 'beta_1': 0.9712866856526092, 'beta_2': 0.9998698916293332, 'epsilon': 5.8212044633888235e-09, 'hidden_layer_sizes': 99, 'learning_rate_init': 4.372031989521841e-05, 'tol': 0.06661196055779373, 'validation_fraction': 0.6327832577898659}
observation time 0.001399, current best 3868.521719 at iter 5
suggestion time taken 0.001788 iter 6 next_points [{'alpha': 1.5344214528132503e-05, 'batch_size': 219, 'beta_1': 0.7693471676625473, 'beta_2': 0.9002348659797825, 'epsilon': 9.957236460531577e-07, 'hidden_layer_sizes': 181, 'learning_rate_init': 0.0006958034964497186, 'tol': 0.002947451661739389, 'validation_fraction': 0.8068585645183068}]
/home/ryedida/.local/lib/python3.9/site-packages/sklearn/neural_network/_multilayer_perceptron.py:605: UserWarning: Got `batch_size` less than 1 or larger than sample size. It is going to be clipped
  warnings.warn(

function_evaluation time 0.057573 value 29058.681858 suggestion {'alpha': 1.5344214528132503e-05, 'batch_size': 219, 'beta_1': 0.7693471676625473, 'beta_2': 0.9002348659797825, 'epsilon': 9.957236460531577e-07, 'hidden_layer_sizes': 181, 'learning_rate_init': 0.0006958034964497186, 'tol': 0.002947451661739389, 'validation_fraction': 0.8068585645183068}
observation time 0.001371, current best 3868.521719 at iter 6
suggestion time taken 0.001797 iter 7 next_points [{'alpha': 0.04537518068519079, 'batch_size': 183, 'beta_1': 0.9263043068144136, 'beta_2': 0.9998586921035572, 'epsilon': 1.9269101545540333e-09, 'hidden_layer_sizes': 114, 'learning_rate_init': 0.003905757296757708, 'tol': 3.8241129953655925e-05, 'validation_fraction': 0.8660022592363735}]
/home/ryedida/.local/lib/python3.9/site-packages/sklearn/neural_network/_multilayer_perceptron.py:605: UserWarning: Got `batch_size` less than 1 or larger than sample size. It is going to be clipped
  warnings.warn(

/home/ryedida/.local/lib/python3.9/site-packages/sklearn/neural_network/_multilayer_perceptron.py:686: ConvergenceWarning: Stochastic Optimizer: Maximum iterations (200) reached and the optimization hasn't converged yet.
  warnings.warn(

function_evaluation time 0.661606 value 14238.355573 suggestion {'alpha': 0.04537518068519079, 'batch_size': 183, 'beta_1': 0.9263043068144136, 'beta_2': 0.9998586921035572, 'epsilon': 1.9269101545540333e-09, 'hidden_layer_sizes': 114, 'learning_rate_init': 0.003905757296757708, 'tol': 3.8241129953655925e-05, 'validation_fraction': 0.8660022592363735}
observation time 0.001380, current best 3868.521719 at iter 7
suggestion time taken 0.001765 iter 8 next_points [{'alpha': 1.3219335225193762, 'batch_size': 191, 'beta_1': 0.9867531458968015, 'beta_2': 0.9824559700037292, 'epsilon': 1.2163332887447076e-09, 'hidden_layer_sizes': 112, 'learning_rate_init': 0.0016841652345116356, 'tol': 2.1720463888991346e-05, 'validation_fraction': 0.6607357460149351}]
/home/ryedida/.local/lib/python3.9/site-packages/sklearn/neural_network/_multilayer_perceptron.py:605: UserWarning: Got `batch_size` less than 1 or larger than sample size. It is going to be clipped
  warnings.warn(

/home/ryedida/.local/lib/python3.9/site-packages/sklearn/neural_network/_multilayer_perceptron.py:686: ConvergenceWarning: Stochastic Optimizer: Maximum iterations (200) reached and the optimization hasn't converged yet.
  warnings.warn(

function_evaluation time 0.696910 value 26890.748705 suggestion {'alpha': 1.3219335225193762, 'batch_size': 191, 'beta_1': 0.9867531458968015, 'beta_2': 0.9824559700037292, 'epsilon': 1.2163332887447076e-09, 'hidden_layer_sizes': 112, 'learning_rate_init': 0.0016841652345116356, 'tol': 2.1720463888991346e-05, 'validation_fraction': 0.6607357460149351}
observation time 0.001430, current best 3868.521719 at iter 8
suggestion time taken 0.001744 iter 9 next_points [{'alpha': 0.00552319875967193, 'batch_size': 104, 'beta_1': 0.7781765351306207, 'beta_2': 0.9984666432596601, 'epsilon': 2.2891110071882178e-07, 'hidden_layer_sizes': 54, 'learning_rate_init': 0.00013993963728927677, 'tol': 0.00011354836331767817, 'validation_fraction': 0.33624123195005573}]
/home/ryedida/.local/lib/python3.9/site-packages/sklearn/neural_network/_multilayer_perceptron.py:686: ConvergenceWarning: Stochastic Optimizer: Maximum iterations (200) reached and the optimization hasn't converged yet.
  warnings.warn(

function_evaluation time 0.586427 value 28980.853548 suggestion {'alpha': 0.00552319875967193, 'batch_size': 104, 'beta_1': 0.7781765351306207, 'beta_2': 0.9984666432596601, 'epsilon': 2.2891110071882178e-07, 'hidden_layer_sizes': 54, 'learning_rate_init': 0.00013993963728927677, 'tol': 0.00011354836331767817, 'validation_fraction': 0.33624123195005573}
observation time 0.001350, current best 3868.521719 at iter 9
suggestion time taken 0.001796 iter 10 next_points [{'alpha': 4.6875277920936774e-05, 'batch_size': 63, 'beta_1': 0.9496573312180224, 'beta_2': 0.9999783087731137, 'epsilon': 3.069456946137709e-07, 'hidden_layer_sizes': 145, 'learning_rate_init': 0.0001879528196158175, 'tol': 0.034622335876606604, 'validation_fraction': 0.5328435428567103}]
function_evaluation time 0.087811 value 29102.752842 suggestion {'alpha': 4.6875277920936774e-05, 'batch_size': 63, 'beta_1': 0.9496573312180224, 'beta_2': 0.9999783087731137, 'epsilon': 3.069456946137709e-07, 'hidden_layer_sizes': 145, 'learning_rate_init': 0.0001879528196158175, 'tol': 0.034622335876606604, 'validation_fraction': 0.5328435428567103}
observation time 0.001369, current best 3868.521719 at iter 10
suggestion time taken 0.001732 iter 11 next_points [{'alpha': 0.019569156751432965, 'batch_size': 135, 'beta_1': 0.9170817039292218, 'beta_2': 0.9950888013407787, 'epsilon': 5.304578713402879e-07, 'hidden_layer_sizes': 197, 'learning_rate_init': 0.017461781761354194, 'tol': 0.0019164115120145434, 'validation_fraction': 0.8357605500984557}]
/home/ryedida/.local/lib/python3.9/site-packages/sklearn/neural_network/_multilayer_perceptron.py:605: UserWarning: Got `batch_size` less than 1 or larger than sample size. It is going to be clipped
  warnings.warn(

function_evaluation time 0.353348 value 3871.348440 suggestion {'alpha': 0.019569156751432965, 'batch_size': 135, 'beta_1': 0.9170817039292218, 'beta_2': 0.9950888013407787, 'epsilon': 5.304578713402879e-07, 'hidden_layer_sizes': 197, 'learning_rate_init': 0.017461781761354194, 'tol': 0.0019164115120145434, 'validation_fraction': 0.8357605500984557}
observation time 0.001395, current best 3868.521719 at iter 11
suggestion time taken 0.001723 iter 12 next_points [{'alpha': 7.809122842490905, 'batch_size': 36, 'beta_1': 0.6996524943603836, 'beta_2': 0.9855049109486781, 'epsilon': 3.165448907033205e-09, 'hidden_layer_sizes': 128, 'learning_rate_init': 1.6855844755275612e-05, 'tol': 0.018595691189591673, 'validation_fraction': 0.713518766240451}]
function_evaluation time 0.078403 value 29119.612760 suggestion {'alpha': 7.809122842490905, 'batch_size': 36, 'beta_1': 0.6996524943603836, 'beta_2': 0.9855049109486781, 'epsilon': 3.165448907033205e-09, 'hidden_layer_sizes': 128, 'learning_rate_init': 1.6855844755275612e-05, 'tol': 0.018595691189591673, 'validation_fraction': 0.713518766240451}
observation time 0.001347, current best 3868.521719 at iter 12
suggestion time taken 0.001824 iter 13 next_points [{'alpha': 3.902936124858619e-05, 'batch_size': 166, 'beta_1': 0.5666435553546777, 'beta_2': 0.9999941763575039, 'epsilon': 4.108098011641512e-08, 'hidden_layer_sizes': 81, 'learning_rate_init': 1.2345248980131527e-05, 'tol': 0.0037818373848564216, 'validation_fraction': 0.1599095639312863}]
function_evaluation time 0.067511 value 29102.389346 suggestion {'alpha': 3.902936124858619e-05, 'batch_size': 166, 'beta_1': 0.5666435553546777, 'beta_2': 0.9999941763575039, 'epsilon': 4.108098011641512e-08, 'hidden_layer_sizes': 81, 'learning_rate_init': 1.2345248980131527e-05, 'tol': 0.0037818373848564216, 'validation_fraction': 0.1599095639312863}
observation time 0.001380, current best 3868.521719 at iter 13
suggestion time taken 0.001760 iter 14 next_points [{'alpha': 0.31978942719237624, 'batch_size': 225, 'beta_1': 0.9898905886099139, 'beta_2': 0.9999546316615799, 'epsilon': 2.1187716986115524e-09, 'hidden_layer_sizes': 60, 'learning_rate_init': 0.052138017290323864, 'tol': 0.03864823247451747, 'validation_fraction': 0.21270366178021546}]
function_evaluation time 0.200438 value 4239.417459 suggestion {'alpha': 0.31978942719237624, 'batch_size': 225, 'beta_1': 0.9898905886099139, 'beta_2': 0.9999546316615799, 'epsilon': 2.1187716986115524e-09, 'hidden_layer_sizes': 60, 'learning_rate_init': 0.052138017290323864, 'tol': 0.03864823247451747, 'validation_fraction': 0.21270366178021546}
observation time 0.001345, current best 3868.521719 at iter 14
saving meta data: {'args': {'--uuid': 'a27c921bce1b58058ac79e898da600d3', '-db-root': '/home/ryedida/bbo_challenge_starter_kit/output', '--opt-root': '/home/ryedida/bbo_challenge_starter_kit/example_submissions', '--data-root': None, '--db': 'run_20230425_034200', '--opt': 'turbo', '--data': 'diabetes', '--classifier': 'MLP-adam', '--metric': 'mse', '--calls': 15, '--suggestions': 1, '--jobs-file': None, '--verbose': False, 'dry_run': False, 'rev': 'a376313', 'opt_rev': '0.0.1'}, 'signature': ([{'alpha': 0.019628224813442792, 'batch_size': 182, 'beta_1': 0.9410202200271762, 'beta_2': 0.9998021557676793, 'epsilon': 1.8662266976518e-08, 'hidden_layer_sizes': 147, 'learning_rate_init': 0.0005627932047415167, 'tol': 0.03690557729213761, 'validation_fraction': 0.8846827852548593}, {'alpha': 0.0019982467392329444, 'batch_size': 200, 'beta_1': 0.919111482530466, 'beta_2': 0.9998488260436156, 'epsilon': 5.981221901152555e-07, 'hidden_layer_sizes': 61, 'learning_rate_init': 2.2310905607443014e-05, 'tol': 1.2046852412030316e-05, 'validation_fraction': 0.8117896445826539}, {'alpha': 0.46659545670218433, 'batch_size': 219, 'beta_1': 0.9889789783750891, 'beta_2': 0.9999896868093284, 'epsilon': 2.4234724484675948e-08, 'hidden_layer_sizes': 167, 'learning_rate_init': 2.972334644335654e-05, 'tol': 0.0036281404040243792, 'validation_fraction': 0.17260651658522078}, {'alpha': 4.656005689076002, 'batch_size': 135, 'beta_1': 0.870503881627747, 'beta_2': 0.9948873266941017, 'epsilon': 2.1023308743480125e-07, 'hidden_layer_sizes': 118, 'learning_rate_init': 0.0018781738757161913, 'tol': 1.1889379831773004e-05, 'validation_fraction': 0.6264327093752792}, {'alpha': 0.04705159350400542, 'batch_size': 158, 'beta_1': 0.9870884262730957, 'beta_2': 0.9999596874382349, 'epsilon': 1.1981845126013875e-08, 'hidden_layer_sizes': 116, 'learning_rate_init': 0.00617340520407431, 'tol': 1.741413418158619e-05, 'validation_fraction': 0.6754299026638921}], [29083.993548572587, 29062.423277324073, 29075.78987471409, 24626.32866834337, 9584.226858493177])}
saving results
saving timing
saving suggest log
done
