running: {'--uuid': 'b1b13641fee95707a56d88ce3fd26dba', '-db-root': '/home/ryedida/bbo_challenge_starter_kit/output', '--opt-root': '/home/ryedida/bbo_challenge_starter_kit/example_submissions', '--data-root': None, '--db': 'run_20230425_034200', '--opt': 'random-search', '--data': 'diabetes', '--classifier': 'MLP-adam', '--metric': 'mse', '--calls': 15, '--suggestions': 1, '--jobs-file': None, '--verbose': False, 'dry_run': False, 'rev': 'a376313', 'opt_rev': '0.0.8'}
cmd: python random-search/optimizer.py -c MLP-adam -d diabetes -o random-search -u b1b13641fee95707a56d88ce3fd26dba -m mse -n 15 -p 1 -dir /home/ryedida/bbo_challenge_starter_kit/output -b run_20230425_034200
/home/ryedida/.local/lib/python3.9/site-packages/sklearn/neural_network/_multilayer_perceptron.py:605: UserWarning: Got `batch_size` less than 1 or larger than sample size. It is going to be clipped
  warnings.warn(

/home/ryedida/.local/lib/python3.9/site-packages/sklearn/neural_network/_multilayer_perceptron.py:605: UserWarning: Got `batch_size` less than 1 or larger than sample size. It is going to be clipped
  warnings.warn(

/home/ryedida/.local/lib/python3.9/site-packages/sklearn/neural_network/_multilayer_perceptron.py:605: UserWarning: Got `batch_size` less than 1 or larger than sample size. It is going to be clipped
  warnings.warn(

/home/ryedida/.local/lib/python3.9/site-packages/sklearn/neural_network/_multilayer_perceptron.py:686: ConvergenceWarning: Stochastic Optimizer: Maximum iterations (200) reached and the optimization hasn't converged yet.
  warnings.warn(

/home/ryedida/.local/lib/python3.9/site-packages/sklearn/neural_network/_multilayer_perceptron.py:605: UserWarning: Got `batch_size` less than 1 or larger than sample size. It is going to be clipped
  warnings.warn(

/home/ryedida/.local/lib/python3.9/site-packages/sklearn/neural_network/_multilayer_perceptron.py:686: ConvergenceWarning: Stochastic Optimizer: Maximum iterations (200) reached and the optimization hasn't converged yet.
  warnings.warn(

computed signature: ([{'alpha': 0.019628224813442792, 'batch_size': 182, 'beta_1': 0.9410202200271762, 'beta_2': 0.9998021557676793, 'epsilon': 1.8662266976518e-08, 'hidden_layer_sizes': 147, 'learning_rate_init': 0.0005627932047415167, 'tol': 0.03690557729213761, 'validation_fraction': 0.8846827852548593}, {'alpha': 0.0019982467392329444, 'batch_size': 200, 'beta_1': 0.919111482530466, 'beta_2': 0.9998488260436156, 'epsilon': 5.981221901152555e-07, 'hidden_layer_sizes': 61, 'learning_rate_init': 2.2310905607443014e-05, 'tol': 1.2046852412030316e-05, 'validation_fraction': 0.8117896445826539}, {'alpha': 0.46659545670218433, 'batch_size': 219, 'beta_1': 0.9889789783750891, 'beta_2': 0.9999896868093284, 'epsilon': 2.4234724484675948e-08, 'hidden_layer_sizes': 167, 'learning_rate_init': 2.972334644335654e-05, 'tol': 0.0036281404040243792, 'validation_fraction': 0.17260651658522078}, {'alpha': 4.656005689076002, 'batch_size': 135, 'beta_1': 0.870503881627747, 'beta_2': 0.9948873266941017, 'epsilon': 2.1023308743480125e-07, 'hidden_layer_sizes': 118, 'learning_rate_init': 0.0018781738757161913, 'tol': 1.1889379831773004e-05, 'validation_fraction': 0.6264327093752792}, {'alpha': 0.04705159350400542, 'batch_size': 158, 'beta_1': 0.9870884262730957, 'beta_2': 0.9999596874382349, 'epsilon': 1.1981845126013875e-08, 'hidden_layer_sizes': 116, 'learning_rate_init': 0.00617340520407431, 'tol': 1.741413418158619e-05, 'validation_fraction': 0.6754299026638921}], [29083.993548572587, 29062.423277324073, 29075.78987471409, 24626.32866834337, 9584.226858493177])
Signature errors:
                              0         1         2         3         4       max
MLP-adam_diabetes_mse  0.000007  0.000008  0.000003  0.003558  0.004952  0.004952
max                    0.000007  0.000008  0.000003  0.003558  0.004952  0.004952
starting sklearn study random-search MLP-adam diabetes mse 15 1
with data root: None
suggestion time taken 0.002608 iter 0 next_points [{'alpha': 4.6262555475593825e-05, 'batch_size': 111, 'beta_1': 0.9775594663977604, 'beta_2': 0.9847822344675509, 'epsilon': 5.5136407665301576e-09, 'hidden_layer_sizes': 149, 'learning_rate_init': 0.007635584711866603, 'tol': 0.08151878652665467, 'validation_fraction': 0.8668417775149246}]
/home/ryedida/.local/lib/python3.9/site-packages/sklearn/neural_network/_multilayer_perceptron.py:605: UserWarning: Got `batch_size` less than 1 or larger than sample size. It is going to be clipped
  warnings.warn(

function_evaluation time 0.055288 value 28630.571723 suggestion {'alpha': 4.6262555475593825e-05, 'batch_size': 111, 'beta_1': 0.9775594663977604, 'beta_2': 0.9847822344675509, 'epsilon': 5.5136407665301576e-09, 'hidden_layer_sizes': 149, 'learning_rate_init': 0.007635584711866603, 'tol': 0.08151878652665467, 'validation_fraction': 0.8668417775149246}
observation time 0.000005, current best 28630.571723 at iter 0
suggestion time taken 0.002589 iter 1 next_points [{'alpha': 0.004351498474073454, 'batch_size': 114, 'beta_1': 0.7525516402646897, 'beta_2': 0.9999985349792289, 'epsilon': 2.2703800685368112e-07, 'hidden_layer_sizes': 65, 'learning_rate_init': 0.030256289141081635, 'tol': 9.290890649839917e-05, 'validation_fraction': 0.2184855484956491}]
function_evaluation time 0.423578 value 2918.821664 suggestion {'alpha': 0.004351498474073454, 'batch_size': 114, 'beta_1': 0.7525516402646897, 'beta_2': 0.9999985349792289, 'epsilon': 2.2703800685368112e-07, 'hidden_layer_sizes': 65, 'learning_rate_init': 0.030256289141081635, 'tol': 9.290890649839917e-05, 'validation_fraction': 0.2184855484956491}
observation time 0.000005, current best 2918.821664 at iter 1
suggestion time taken 0.002601 iter 2 next_points [{'alpha': 1.7726578046006995e-05, 'batch_size': 89, 'beta_1': 0.8382739021905918, 'beta_2': 0.9999954189231011, 'epsilon': 1.3139680310658777e-09, 'hidden_layer_sizes': 81, 'learning_rate_init': 0.002882119790827616, 'tol': 0.00014147963062020776, 'validation_fraction': 0.763151657638885}]
/home/ryedida/.local/lib/python3.9/site-packages/sklearn/neural_network/_multilayer_perceptron.py:605: UserWarning: Got `batch_size` less than 1 or larger than sample size. It is going to be clipped
  warnings.warn(

/home/ryedida/.local/lib/python3.9/site-packages/sklearn/neural_network/_multilayer_perceptron.py:686: ConvergenceWarning: Stochastic Optimizer: Maximum iterations (200) reached and the optimization hasn't converged yet.
  warnings.warn(

function_evaluation time 0.652601 value 21691.620911 suggestion {'alpha': 1.7726578046006995e-05, 'batch_size': 89, 'beta_1': 0.8382739021905918, 'beta_2': 0.9999954189231011, 'epsilon': 1.3139680310658777e-09, 'hidden_layer_sizes': 81, 'learning_rate_init': 0.002882119790827616, 'tol': 0.00014147963062020776, 'validation_fraction': 0.763151657638885}
observation time 0.000004, current best 2918.821664 at iter 2
suggestion time taken 0.002613 iter 3 next_points [{'alpha': 2.4420899080344767, 'batch_size': 190, 'beta_1': 0.8439849423693979, 'beta_2': 0.9906536529163129, 'epsilon': 2.93383758614176e-08, 'hidden_layer_sizes': 71, 'learning_rate_init': 0.00015364546822855472, 'tol': 0.0484802581693173, 'validation_fraction': 0.8266775872047064}]
/home/ryedida/.local/lib/python3.9/site-packages/sklearn/neural_network/_multilayer_perceptron.py:605: UserWarning: Got `batch_size` less than 1 or larger than sample size. It is going to be clipped
  warnings.warn(

function_evaluation time 0.046718 value 29100.068089 suggestion {'alpha': 2.4420899080344767, 'batch_size': 190, 'beta_1': 0.8439849423693979, 'beta_2': 0.9906536529163129, 'epsilon': 2.93383758614176e-08, 'hidden_layer_sizes': 71, 'learning_rate_init': 0.00015364546822855472, 'tol': 0.0484802581693173, 'validation_fraction': 0.8266775872047064}
observation time 0.000005, current best 2918.821664 at iter 3
suggestion time taken 0.002622 iter 4 next_points [{'alpha': 3.736607612715459, 'batch_size': 154, 'beta_1': 0.8287027276711668, 'beta_2': 0.9999753180677265, 'epsilon': 5.017864902243522e-07, 'hidden_layer_sizes': 131, 'learning_rate_init': 1.3777004760502709e-05, 'tol': 2.9866082964839515e-05, 'validation_fraction': 0.35426606572172586}]
function_evaluation time 0.251212 value 29122.023902 suggestion {'alpha': 3.736607612715459, 'batch_size': 154, 'beta_1': 0.8287027276711668, 'beta_2': 0.9999753180677265, 'epsilon': 5.017864902243522e-07, 'hidden_layer_sizes': 131, 'learning_rate_init': 1.3777004760502709e-05, 'tol': 2.9866082964839515e-05, 'validation_fraction': 0.35426606572172586}
observation time 0.000005, current best 2918.821664 at iter 4
suggestion time taken 0.002573 iter 5 next_points [{'alpha': 0.21235236139612398, 'batch_size': 205, 'beta_1': 0.9865623257129066, 'beta_2': 0.9969405848440702, 'epsilon': 1.3488351639465488e-07, 'hidden_layer_sizes': 52, 'learning_rate_init': 0.0016050350244540572, 'tol': 4.877553091384212e-05, 'validation_fraction': 0.11975260138737893}]
/home/ryedida/.local/lib/python3.9/site-packages/sklearn/neural_network/_multilayer_perceptron.py:686: ConvergenceWarning: Stochastic Optimizer: Maximum iterations (200) reached and the optimization hasn't converged yet.
  warnings.warn(

function_evaluation time 0.866364 value 24905.123316 suggestion {'alpha': 0.21235236139612398, 'batch_size': 205, 'beta_1': 0.9865623257129066, 'beta_2': 0.9969405848440702, 'epsilon': 1.3488351639465488e-07, 'hidden_layer_sizes': 52, 'learning_rate_init': 0.0016050350244540572, 'tol': 4.877553091384212e-05, 'validation_fraction': 0.11975260138737893}
observation time 0.000004, current best 2918.821664 at iter 5
suggestion time taken 0.002546 iter 6 next_points [{'alpha': 0.009385203521948101, 'batch_size': 42, 'beta_1': 0.8310026149360503, 'beta_2': 0.9983168044789408, 'epsilon': 1.2842338355638532e-07, 'hidden_layer_sizes': 96, 'learning_rate_init': 0.00014323294252609355, 'tol': 0.03876930499345087, 'validation_fraction': 0.11578912486426055}]
function_evaluation time 0.085859 value 29026.545446 suggestion {'alpha': 0.009385203521948101, 'batch_size': 42, 'beta_1': 0.8310026149360503, 'beta_2': 0.9983168044789408, 'epsilon': 1.2842338355638532e-07, 'hidden_layer_sizes': 96, 'learning_rate_init': 0.00014323294252609355, 'tol': 0.03876930499345087, 'validation_fraction': 0.11578912486426055}
observation time 0.000005, current best 2918.821664 at iter 6
suggestion time taken 0.002561 iter 7 next_points [{'alpha': 3.0192680388929576, 'batch_size': 185, 'beta_1': 0.7741061018560755, 'beta_2': 0.999994582796113, 'epsilon': 2.6461672971401166e-09, 'hidden_layer_sizes': 114, 'learning_rate_init': 0.0035993899586246408, 'tol': 0.018296277446087243, 'validation_fraction': 0.8136715402021091}]
/home/ryedida/.local/lib/python3.9/site-packages/sklearn/neural_network/_multilayer_perceptron.py:605: UserWarning: Got `batch_size` less than 1 or larger than sample size. It is going to be clipped
  warnings.warn(

function_evaluation time 0.050962 value 28902.466847 suggestion {'alpha': 3.0192680388929576, 'batch_size': 185, 'beta_1': 0.7741061018560755, 'beta_2': 0.999994582796113, 'epsilon': 2.6461672971401166e-09, 'hidden_layer_sizes': 114, 'learning_rate_init': 0.0035993899586246408, 'tol': 0.018296277446087243, 'validation_fraction': 0.8136715402021091}
observation time 0.000004, current best 2918.821664 at iter 7
suggestion time taken 0.002561 iter 8 next_points [{'alpha': 0.013603334089239966, 'batch_size': 116, 'beta_1': 0.9684471669736338, 'beta_2': 0.9999967702581871, 'epsilon': 4.335552218267957e-08, 'hidden_layer_sizes': 74, 'learning_rate_init': 0.005963453297503185, 'tol': 0.02824001834498898, 'validation_fraction': 0.6808188710906391}]
/home/ryedida/.local/lib/python3.9/site-packages/sklearn/neural_network/_multilayer_perceptron.py:605: UserWarning: Got `batch_size` less than 1 or larger than sample size. It is going to be clipped
  warnings.warn(

function_evaluation time 0.047646 value 28776.877925 suggestion {'alpha': 0.013603334089239966, 'batch_size': 116, 'beta_1': 0.9684471669736338, 'beta_2': 0.9999967702581871, 'epsilon': 4.335552218267957e-08, 'hidden_layer_sizes': 74, 'learning_rate_init': 0.005963453297503185, 'tol': 0.02824001834498898, 'validation_fraction': 0.6808188710906391}
observation time 0.000004, current best 2918.821664 at iter 8
suggestion time taken 0.002590 iter 9 next_points [{'alpha': 0.06220042402975634, 'batch_size': 108, 'beta_1': 0.8615454137825119, 'beta_2': 0.9981900535540036, 'epsilon': 1.0355969087669603e-08, 'hidden_layer_sizes': 190, 'learning_rate_init': 0.0001621240692508689, 'tol': 0.0005311918309490704, 'validation_fraction': 0.8351604562875118}]
/home/ryedida/.local/lib/python3.9/site-packages/sklearn/neural_network/_multilayer_perceptron.py:605: UserWarning: Got `batch_size` less than 1 or larger than sample size. It is going to be clipped
  warnings.warn(

function_evaluation time 0.056587 value 29119.004052 suggestion {'alpha': 0.06220042402975634, 'batch_size': 108, 'beta_1': 0.8615454137825119, 'beta_2': 0.9981900535540036, 'epsilon': 1.0355969087669603e-08, 'hidden_layer_sizes': 190, 'learning_rate_init': 0.0001621240692508689, 'tol': 0.0005311918309490704, 'validation_fraction': 0.8351604562875118}
observation time 0.000004, current best 2918.821664 at iter 9
suggestion time taken 0.002536 iter 10 next_points [{'alpha': 4.24162193792264, 'batch_size': 224, 'beta_1': 0.9878886429556102, 'beta_2': 0.9997928206454771, 'epsilon': 1.1464850593751397e-07, 'hidden_layer_sizes': 98, 'learning_rate_init': 0.0009176160911121855, 'tol': 0.08536010038034728, 'validation_fraction': 0.12561769594245129}]
function_evaluation time 0.075651 value 29029.551465 suggestion {'alpha': 4.24162193792264, 'batch_size': 224, 'beta_1': 0.9878886429556102, 'beta_2': 0.9997928206454771, 'epsilon': 1.1464850593751397e-07, 'hidden_layer_sizes': 98, 'learning_rate_init': 0.0009176160911121855, 'tol': 0.08536010038034728, 'validation_fraction': 0.12561769594245129}
observation time 0.000004, current best 2918.821664 at iter 10
suggestion time taken 0.002568 iter 11 next_points [{'alpha': 0.1210730680378801, 'batch_size': 218, 'beta_1': 0.851509379416246, 'beta_2': 0.9663969989065309, 'epsilon': 1.774786443986969e-09, 'hidden_layer_sizes': 177, 'learning_rate_init': 0.0001434479795413914, 'tol': 8.711365292722195e-05, 'validation_fraction': 0.6562600470899483}]
/home/ryedida/.local/lib/python3.9/site-packages/sklearn/neural_network/_multilayer_perceptron.py:605: UserWarning: Got `batch_size` less than 1 or larger than sample size. It is going to be clipped
  warnings.warn(

/home/ryedida/.local/lib/python3.9/site-packages/sklearn/neural_network/_multilayer_perceptron.py:686: ConvergenceWarning: Stochastic Optimizer: Maximum iterations (200) reached and the optimization hasn't converged yet.
  warnings.warn(

function_evaluation time 0.877309 value 28926.053293 suggestion {'alpha': 0.1210730680378801, 'batch_size': 218, 'beta_1': 0.851509379416246, 'beta_2': 0.9663969989065309, 'epsilon': 1.774786443986969e-09, 'hidden_layer_sizes': 177, 'learning_rate_init': 0.0001434479795413914, 'tol': 8.711365292722195e-05, 'validation_fraction': 0.6562600470899483}
observation time 0.000005, current best 2918.821664 at iter 11
suggestion time taken 0.002570 iter 12 next_points [{'alpha': 9.267062355399947, 'batch_size': 178, 'beta_1': 0.8907691003981942, 'beta_2': 0.9930877288225369, 'epsilon': 4.570976855680668e-09, 'hidden_layer_sizes': 188, 'learning_rate_init': 0.00039493080312711894, 'tol': 0.007650382115031519, 'validation_fraction': 0.6640328059935104}]
/home/ryedida/.local/lib/python3.9/site-packages/sklearn/neural_network/_multilayer_perceptron.py:605: UserWarning: Got `batch_size` less than 1 or larger than sample size. It is going to be clipped
  warnings.warn(

function_evaluation time 0.063242 value 29088.013658 suggestion {'alpha': 9.267062355399947, 'batch_size': 178, 'beta_1': 0.8907691003981942, 'beta_2': 0.9930877288225369, 'epsilon': 4.570976855680668e-09, 'hidden_layer_sizes': 188, 'learning_rate_init': 0.00039493080312711894, 'tol': 0.007650382115031519, 'validation_fraction': 0.6640328059935104}
observation time 0.000004, current best 2918.821664 at iter 12
suggestion time taken 0.002556 iter 13 next_points [{'alpha': 1.3023343152218496e-05, 'batch_size': 112, 'beta_1': 0.7572904528187552, 'beta_2': 0.9961935431163391, 'epsilon': 1.940348466601691e-08, 'hidden_layer_sizes': 126, 'learning_rate_init': 3.878386033341321e-05, 'tol': 0.014187210164011177, 'validation_fraction': 0.43274168098272137}]
function_evaluation time 0.071477 value 29117.292334 suggestion {'alpha': 1.3023343152218496e-05, 'batch_size': 112, 'beta_1': 0.7572904528187552, 'beta_2': 0.9961935431163391, 'epsilon': 1.940348466601691e-08, 'hidden_layer_sizes': 126, 'learning_rate_init': 3.878386033341321e-05, 'tol': 0.014187210164011177, 'validation_fraction': 0.43274168098272137}
observation time 0.000005, current best 2918.821664 at iter 13
suggestion time taken 0.002560 iter 14 next_points [{'alpha': 2.013426248493813e-05, 'batch_size': 19, 'beta_1': 0.6697814142849268, 'beta_2': 0.9999824873592269, 'epsilon': 3.2462795322524387e-09, 'hidden_layer_sizes': 117, 'learning_rate_init': 0.00024042574384223312, 'tol': 3.7150830425488474e-05, 'validation_fraction': 0.31155640886939784}]
/home/ryedida/.local/lib/python3.9/site-packages/sklearn/neural_network/_multilayer_perceptron.py:686: ConvergenceWarning: Stochastic Optimizer: Maximum iterations (200) reached and the optimization hasn't converged yet.
  warnings.warn(

function_evaluation time 2.996815 value 19185.843013 suggestion {'alpha': 2.013426248493813e-05, 'batch_size': 19, 'beta_1': 0.6697814142849268, 'beta_2': 0.9999824873592269, 'epsilon': 3.2462795322524387e-09, 'hidden_layer_sizes': 117, 'learning_rate_init': 0.00024042574384223312, 'tol': 3.7150830425488474e-05, 'validation_fraction': 0.31155640886939784}
observation time 0.000005, current best 2918.821664 at iter 14
saving meta data: {'args': {'--uuid': 'b1b13641fee95707a56d88ce3fd26dba', '-db-root': '/home/ryedida/bbo_challenge_starter_kit/output', '--opt-root': '/home/ryedida/bbo_challenge_starter_kit/example_submissions', '--data-root': None, '--db': 'run_20230425_034200', '--opt': 'random-search', '--data': 'diabetes', '--classifier': 'MLP-adam', '--metric': 'mse', '--calls': 15, '--suggestions': 1, '--jobs-file': None, '--verbose': False, 'dry_run': False, 'rev': 'a376313', 'opt_rev': '0.0.8'}, 'signature': ([{'alpha': 0.019628224813442792, 'batch_size': 182, 'beta_1': 0.9410202200271762, 'beta_2': 0.9998021557676793, 'epsilon': 1.8662266976518e-08, 'hidden_layer_sizes': 147, 'learning_rate_init': 0.0005627932047415167, 'tol': 0.03690557729213761, 'validation_fraction': 0.8846827852548593}, {'alpha': 0.0019982467392329444, 'batch_size': 200, 'beta_1': 0.919111482530466, 'beta_2': 0.9998488260436156, 'epsilon': 5.981221901152555e-07, 'hidden_layer_sizes': 61, 'learning_rate_init': 2.2310905607443014e-05, 'tol': 1.2046852412030316e-05, 'validation_fraction': 0.8117896445826539}, {'alpha': 0.46659545670218433, 'batch_size': 219, 'beta_1': 0.9889789783750891, 'beta_2': 0.9999896868093284, 'epsilon': 2.4234724484675948e-08, 'hidden_layer_sizes': 167, 'learning_rate_init': 2.972334644335654e-05, 'tol': 0.0036281404040243792, 'validation_fraction': 0.17260651658522078}, {'alpha': 4.656005689076002, 'batch_size': 135, 'beta_1': 0.870503881627747, 'beta_2': 0.9948873266941017, 'epsilon': 2.1023308743480125e-07, 'hidden_layer_sizes': 118, 'learning_rate_init': 0.0018781738757161913, 'tol': 1.1889379831773004e-05, 'validation_fraction': 0.6264327093752792}, {'alpha': 0.04705159350400542, 'batch_size': 158, 'beta_1': 0.9870884262730957, 'beta_2': 0.9999596874382349, 'epsilon': 1.1981845126013875e-08, 'hidden_layer_sizes': 116, 'learning_rate_init': 0.00617340520407431, 'tol': 1.741413418158619e-05, 'validation_fraction': 0.6754299026638921}], [29083.993548572587, 29062.423277324073, 29075.78987471409, 24626.32866834337, 9584.226858493177])}
saving results
saving timing
saving suggest log
done
