running: {'--uuid': 'b35a554a3606546f942baa8cc8ddfe48', '-db-root': '/home/ryedida/bbo_challenge_starter_kit/output', '--opt-root': '/home/ryedida/bbo_challenge_starter_kit/example_submissions', '--data-root': None, '--db': 'run_20230425_034200', '--opt': 'opentuner', '--data': 'diabetes', '--classifier': 'MLP-adam', '--metric': 'mse', '--calls': 15, '--suggestions': 1, '--jobs-file': None, '--verbose': False, 'dry_run': False, 'rev': 'a376313', 'opt_rev': '0.8.8'}
cmd: python opentuner/optimizer.py -c MLP-adam -d diabetes -o opentuner -u b35a554a3606546f942baa8cc8ddfe48 -m mse -n 15 -p 1 -dir /home/ryedida/bbo_challenge_starter_kit/output -b run_20230425_034200
/home/ryedida/.local/lib/python3.9/site-packages/sklearn/neural_network/_multilayer_perceptron.py:605: UserWarning: Got `batch_size` less than 1 or larger than sample size. It is going to be clipped
  warnings.warn(

/home/ryedida/.local/lib/python3.9/site-packages/sklearn/neural_network/_multilayer_perceptron.py:605: UserWarning: Got `batch_size` less than 1 or larger than sample size. It is going to be clipped
  warnings.warn(

/home/ryedida/.local/lib/python3.9/site-packages/sklearn/neural_network/_multilayer_perceptron.py:605: UserWarning: Got `batch_size` less than 1 or larger than sample size. It is going to be clipped
  warnings.warn(

/home/ryedida/.local/lib/python3.9/site-packages/sklearn/neural_network/_multilayer_perceptron.py:686: ConvergenceWarning: Stochastic Optimizer: Maximum iterations (200) reached and the optimization hasn't converged yet.
  warnings.warn(

/home/ryedida/.local/lib/python3.9/site-packages/sklearn/neural_network/_multilayer_perceptron.py:605: UserWarning: Got `batch_size` less than 1 or larger than sample size. It is going to be clipped
  warnings.warn(

/home/ryedida/.local/lib/python3.9/site-packages/sklearn/neural_network/_multilayer_perceptron.py:686: ConvergenceWarning: Stochastic Optimizer: Maximum iterations (200) reached and the optimization hasn't converged yet.
  warnings.warn(

computed signature: ([{'alpha': 0.019628224813442792, 'batch_size': 182, 'beta_1': 0.9410202200271762, 'beta_2': 0.9998021557676793, 'epsilon': 1.8662266976518e-08, 'hidden_layer_sizes': 147, 'learning_rate_init': 0.0005627932047415167, 'tol': 0.03690557729213761, 'validation_fraction': 0.8846827852548593}, {'alpha': 0.0019982467392329444, 'batch_size': 200, 'beta_1': 0.919111482530466, 'beta_2': 0.9998488260436156, 'epsilon': 5.981221901152555e-07, 'hidden_layer_sizes': 61, 'learning_rate_init': 2.2310905607443014e-05, 'tol': 1.2046852412030316e-05, 'validation_fraction': 0.8117896445826539}, {'alpha': 0.46659545670218433, 'batch_size': 219, 'beta_1': 0.9889789783750891, 'beta_2': 0.9999896868093284, 'epsilon': 2.4234724484675948e-08, 'hidden_layer_sizes': 167, 'learning_rate_init': 2.972334644335654e-05, 'tol': 0.0036281404040243792, 'validation_fraction': 0.17260651658522078}, {'alpha': 4.656005689076002, 'batch_size': 135, 'beta_1': 0.870503881627747, 'beta_2': 0.9948873266941017, 'epsilon': 2.1023308743480125e-07, 'hidden_layer_sizes': 118, 'learning_rate_init': 0.0018781738757161913, 'tol': 1.1889379831773004e-05, 'validation_fraction': 0.6264327093752792}, {'alpha': 0.04705159350400542, 'batch_size': 158, 'beta_1': 0.9870884262730957, 'beta_2': 0.9999596874382349, 'epsilon': 1.1981845126013875e-08, 'hidden_layer_sizes': 116, 'learning_rate_init': 0.00617340520407431, 'tol': 1.741413418158619e-05, 'validation_fraction': 0.6754299026638921}], [29083.993548572587, 29062.423277324073, 29075.78987471409, 24626.32866834337, 9584.226858493177])
Signature errors:
                              0         1         2         3         4       max
MLP-adam_diabetes_mse  0.000007  0.000008  0.000003  0.003558  0.004952  0.004952
max                    0.000007  0.000008  0.000003  0.003558  0.004952  0.004952
starting sklearn study opentuner MLP-adam diabetes mse 15 1
with data root: None
suggestion time taken 0.057141 iter 0 next_points [{'hidden_layer_sizes': 65, 'alpha': 0.1552898574394001, 'batch_size': 140, 'learning_rate_init': 0.0030965786138465357, 'tol': 0.08623933140226507, 'validation_fraction': 0.15119189746970962, 'beta_1': 0.8331906993508369, 'beta_2': 0.9984242003468065, 'epsilon': 4.7328525956732883e-07}]
function_evaluation time 0.047511 value 28842.365328 suggestion {'hidden_layer_sizes': 65, 'alpha': 0.1552898574394001, 'batch_size': 140, 'learning_rate_init': 0.0030965786138465357, 'tol': 0.08623933140226507, 'validation_fraction': 0.15119189746970962, 'beta_1': 0.8331906993508369, 'beta_2': 0.9984242003468065, 'epsilon': 4.7328525956732883e-07}
observation time 0.004136, current best 28842.365328 at iter 0
suggestion time taken 0.007832 iter 1 next_points [{'hidden_layer_sizes': 73, 'alpha': 0.1552898574394001, 'batch_size': 140, 'learning_rate_init': 0.0030965786138465357, 'tol': 0.08623933140226507, 'validation_fraction': 0.18852406497989058, 'beta_1': 0.8331906993508369, 'beta_2': 0.9984242003468065, 'epsilon': 4.2876159614454914e-07}]
function_evaluation time 0.068168 value 28767.028187 suggestion {'hidden_layer_sizes': 73, 'alpha': 0.1552898574394001, 'batch_size': 140, 'learning_rate_init': 0.0030965786138465357, 'tol': 0.08623933140226507, 'validation_fraction': 0.18852406497989058, 'beta_1': 0.8331906993508369, 'beta_2': 0.9984242003468065, 'epsilon': 4.2876159614454914e-07}
observation time 0.001863, current best 28767.028187 at iter 1
suggestion time taken 0.007159 iter 2 next_points [{'hidden_layer_sizes': 115, 'alpha': 0.1552898574394001, 'batch_size': 140, 'learning_rate_init': 0.018643646107734325, 'tol': 0.08623933140226507, 'validation_fraction': 0.29488522640740267, 'beta_1': 0.8331906993508369, 'beta_2': 0.9984242003468065, 'epsilon': 4.2876159614454914e-07}]
function_evaluation time 0.234031 value 3865.104389 suggestion {'hidden_layer_sizes': 115, 'alpha': 0.1552898574394001, 'batch_size': 140, 'learning_rate_init': 0.018643646107734325, 'tol': 0.08623933140226507, 'validation_fraction': 0.29488522640740267, 'beta_1': 0.8331906993508369, 'beta_2': 0.9984242003468065, 'epsilon': 4.2876159614454914e-07}
observation time 0.001991, current best 3865.104389 at iter 2
suggestion time taken 0.021442 iter 3 next_points [{'learning_rate_init': 0.029124934775096967, 'tol': 0.07582326246375441, 'batch_size': 110, 'hidden_layer_sizes': 116, 'validation_fraction': 0.32780160647475115, 'alpha': 0.09610034294631091, 'epsilon': 3.046795568345241e-07, 'beta_1': 0.850982154799284, 'beta_2': 0.9843314425955044}]
function_evaluation time 0.195407 value 3844.602254 suggestion {'learning_rate_init': 0.029124934775096967, 'tol': 0.07582326246375441, 'batch_size': 110, 'hidden_layer_sizes': 116, 'validation_fraction': 0.32780160647475115, 'alpha': 0.09610034294631091, 'epsilon': 3.046795568345241e-07, 'beta_1': 0.850982154799284, 'beta_2': 0.9843314425955044}
observation time 0.001982, current best 3844.602254 at iter 3
suggestion time taken 0.006949 iter 4 next_points [{'learning_rate_init': 0.029124934775096967, 'tol': 0.07582326246375441, 'batch_size': 110, 'hidden_layer_sizes': 116, 'validation_fraction': 0.32780160647475115, 'alpha': 0.09610034294631091, 'epsilon': 2.526429704613188e-07, 'beta_1': 0.850982154799284, 'beta_2': 0.9843314425955044}]
function_evaluation time 0.194422 value 3734.174032 suggestion {'learning_rate_init': 0.029124934775096967, 'tol': 0.07582326246375441, 'batch_size': 110, 'hidden_layer_sizes': 116, 'validation_fraction': 0.32780160647475115, 'alpha': 0.09610034294631091, 'epsilon': 2.526429704613188e-07, 'beta_1': 0.850982154799284, 'beta_2': 0.9843314425955044}
observation time 0.002099, current best 3734.174032 at iter 4
suggestion time taken 0.007065 iter 5 next_points [{'learning_rate_init': 0.02438613414952211, 'tol': 0.07582326246375441, 'batch_size': 122, 'hidden_layer_sizes': 116, 'validation_fraction': 0.32780160647475115, 'alpha': 0.09610034294631091, 'epsilon': 2.526429704613188e-07, 'beta_1': 0.850982154799284, 'beta_2': 0.9843314425955044}]
function_evaluation time 0.213405 value 3700.635927 suggestion {'learning_rate_init': 0.02438613414952211, 'tol': 0.07582326246375441, 'batch_size': 122, 'hidden_layer_sizes': 116, 'validation_fraction': 0.32780160647475115, 'alpha': 0.09610034294631091, 'epsilon': 2.526429704613188e-07, 'beta_1': 0.850982154799284, 'beta_2': 0.9843314425955044}
observation time 0.002034, current best 3700.635927 at iter 5
suggestion time taken 0.005166 iter 6 next_points [{'hidden_layer_sizes': 55, 'alpha': 5.840629105302315, 'batch_size': 68, 'learning_rate_init': 0.03146986291976022, 'tol': 0.0909451595134964, 'validation_fraction': 0.3556730434060378, 'beta_1': 0.7664676044028714, 'beta_2': 0.9963692069406811, 'epsilon': 5.432582400882447e-07}]
function_evaluation time 0.112902 value 3665.889978 suggestion {'hidden_layer_sizes': 55, 'alpha': 5.840629105302315, 'batch_size': 68, 'learning_rate_init': 0.03146986291976022, 'tol': 0.0909451595134964, 'validation_fraction': 0.3556730434060378, 'beta_1': 0.7664676044028714, 'beta_2': 0.9963692069406811, 'epsilon': 5.432582400882447e-07}
observation time 0.001838, current best 3665.889978 at iter 6
suggestion time taken 0.006269 iter 7 next_points [{'learning_rate_init': 0.05767986001526409, 'tol': 0.03431383613156596, 'batch_size': 10, 'hidden_layer_sizes': 52, 'validation_fraction': 0.801738151637465, 'alpha': 7.661278384019541, 'epsilon': 5.163296396276374e-07, 'beta_1': 0.7398826881316125, 'beta_2': 0.9184344048008376}]
function_evaluation time 0.152399 value 3990.716668 suggestion {'learning_rate_init': 0.05767986001526409, 'tol': 0.03431383613156596, 'batch_size': 10, 'hidden_layer_sizes': 52, 'validation_fraction': 0.801738151637465, 'alpha': 7.661278384019541, 'epsilon': 5.163296396276374e-07, 'beta_1': 0.7398826881316125, 'beta_2': 0.9184344048008376}
observation time 0.001894, current best 3665.889978 at iter 7
suggestion time taken 0.007118 iter 8 next_points [{'hidden_layer_sizes': 55, 'alpha': 6.881105204598718, 'batch_size': 68, 'learning_rate_init': 0.03146986291976022, 'tol': 0.0909451595134964, 'validation_fraction': 0.2752795319453068, 'beta_1': 0.7664676044028714, 'beta_2': 0.9963692069406811, 'epsilon': 5.432582400882447e-07}]
function_evaluation time 0.114364 value 4062.957685 suggestion {'hidden_layer_sizes': 55, 'alpha': 6.881105204598718, 'batch_size': 68, 'learning_rate_init': 0.03146986291976022, 'tol': 0.0909451595134964, 'validation_fraction': 0.2752795319453068, 'beta_1': 0.7664676044028714, 'beta_2': 0.9963692069406811, 'epsilon': 5.432582400882447e-07}
observation time 0.001796, current best 3665.889978 at iter 8
suggestion time taken 0.007006 iter 9 next_points [{'hidden_layer_sizes': 55, 'alpha': 5.840629105302315, 'batch_size': 68, 'learning_rate_init': 0.03146986291976022, 'tol': 0.023350829159116838, 'validation_fraction': 0.3556730434060378, 'beta_1': 0.7664676044028714, 'beta_2': 0.9963692069406811, 'epsilon': 5.432582400882447e-07}]
function_evaluation time 0.124934 value 3628.279264 suggestion {'hidden_layer_sizes': 55, 'alpha': 5.840629105302315, 'batch_size': 68, 'learning_rate_init': 0.03146986291976022, 'tol': 0.023350829159116838, 'validation_fraction': 0.3556730434060378, 'beta_1': 0.7664676044028714, 'beta_2': 0.9963692069406811, 'epsilon': 5.432582400882447e-07}
observation time 0.002063, current best 3628.279264 at iter 9
suggestion time taken 0.005230 iter 10 next_points [{'hidden_layer_sizes': 106, 'alpha': 1.3453358458124924, 'batch_size': 148, 'learning_rate_init': 0.04912071113727728, 'tol': 0.0032538475825866675, 'validation_fraction': 0.367519823785868, 'beta_1': 0.5152243083569741, 'beta_2': 0.9474345605504072, 'epsilon': 2.709659606975047e-07}]
function_evaluation time 0.309458 value 2966.254645 suggestion {'hidden_layer_sizes': 106, 'alpha': 1.3453358458124924, 'batch_size': 148, 'learning_rate_init': 0.04912071113727728, 'tol': 0.0032538475825866675, 'validation_fraction': 0.367519823785868, 'beta_1': 0.5152243083569741, 'beta_2': 0.9474345605504072, 'epsilon': 2.709659606975047e-07}
observation time 0.002648, current best 2966.254645 at iter 10
suggestion time taken 0.004997 iter 11 next_points [{'hidden_layer_sizes': 126, 'alpha': 1.2532016266656352, 'batch_size': 18, 'learning_rate_init': 0.014957797694963682, 'tol': 0.08383825532620597, 'validation_fraction': 0.8218077487775128, 'beta_1': 0.9484923329518333, 'beta_2': 0.9554952887381083, 'epsilon': 3.6448214349501975e-07}]
function_evaluation time 0.257392 value 4511.073095 suggestion {'hidden_layer_sizes': 126, 'alpha': 1.2532016266656352, 'batch_size': 18, 'learning_rate_init': 0.014957797694963682, 'tol': 0.08383825532620597, 'validation_fraction': 0.8218077487775128, 'beta_1': 0.9484923329518333, 'beta_2': 0.9554952887381083, 'epsilon': 3.6448214349501975e-07}
observation time 0.001828, current best 2966.254645 at iter 11
suggestion time taken 0.006728 iter 12 next_points [{'hidden_layer_sizes': 106, 'alpha': 1.3453358458124924, 'batch_size': 148, 'learning_rate_init': 0.04912071113727728, 'tol': 0.0032538475825866675, 'validation_fraction': 0.367519823785868, 'beta_1': 0.8430990116669699, 'beta_2': 0.9474345605504072, 'epsilon': 2.709659606975047e-07}]
function_evaluation time 0.311943 value 2976.964227 suggestion {'hidden_layer_sizes': 106, 'alpha': 1.3453358458124924, 'batch_size': 148, 'learning_rate_init': 0.04912071113727728, 'tol': 0.0032538475825866675, 'validation_fraction': 0.367519823785868, 'beta_1': 0.8430990116669699, 'beta_2': 0.9474345605504072, 'epsilon': 2.709659606975047e-07}
observation time 0.001809, current best 2966.254645 at iter 12
suggestion time taken 0.007098 iter 13 next_points [{'hidden_layer_sizes': 176, 'alpha': 1.3453358458124924, 'batch_size': 148, 'learning_rate_init': 0.04912071113727728, 'tol': 0.0032538475825866675, 'validation_fraction': 0.367519823785868, 'beta_1': 0.5152243083569741, 'beta_2': 0.9474345605504072, 'epsilon': 3.984593349997946e-07}]
function_evaluation time 0.404075 value 2845.710325 suggestion {'hidden_layer_sizes': 176, 'alpha': 1.3453358458124924, 'batch_size': 148, 'learning_rate_init': 0.04912071113727728, 'tol': 0.0032538475825866675, 'validation_fraction': 0.367519823785868, 'beta_1': 0.5152243083569741, 'beta_2': 0.9474345605504072, 'epsilon': 3.984593349997946e-07}
observation time 0.001828, current best 2845.710325 at iter 13
suggestion time taken 0.007107 iter 14 next_points [{'hidden_layer_sizes': 176, 'alpha': 1.3453358458124924, 'batch_size': 148, 'learning_rate_init': 0.04912071113727728, 'tol': 0.0032538475825866675, 'validation_fraction': 0.367519823785868, 'beta_1': 0.5152243083569741, 'beta_2': 0.9469187296336979, 'epsilon': 3.984593349997946e-07}]
function_evaluation time 0.313220 value 3015.653710 suggestion {'hidden_layer_sizes': 176, 'alpha': 1.3453358458124924, 'batch_size': 148, 'learning_rate_init': 0.04912071113727728, 'tol': 0.0032538475825866675, 'validation_fraction': 0.367519823785868, 'beta_1': 0.5152243083569741, 'beta_2': 0.9469187296336979, 'epsilon': 3.984593349997946e-07}
observation time 0.001848, current best 2845.710325 at iter 14
saving meta data: {'args': {'--uuid': 'b35a554a3606546f942baa8cc8ddfe48', '-db-root': '/home/ryedida/bbo_challenge_starter_kit/output', '--opt-root': '/home/ryedida/bbo_challenge_starter_kit/example_submissions', '--data-root': None, '--db': 'run_20230425_034200', '--opt': 'opentuner', '--data': 'diabetes', '--classifier': 'MLP-adam', '--metric': 'mse', '--calls': 15, '--suggestions': 1, '--jobs-file': None, '--verbose': False, 'dry_run': False, 'rev': 'a376313', 'opt_rev': '0.8.8'}, 'signature': ([{'alpha': 0.019628224813442792, 'batch_size': 182, 'beta_1': 0.9410202200271762, 'beta_2': 0.9998021557676793, 'epsilon': 1.8662266976518e-08, 'hidden_layer_sizes': 147, 'learning_rate_init': 0.0005627932047415167, 'tol': 0.03690557729213761, 'validation_fraction': 0.8846827852548593}, {'alpha': 0.0019982467392329444, 'batch_size': 200, 'beta_1': 0.919111482530466, 'beta_2': 0.9998488260436156, 'epsilon': 5.981221901152555e-07, 'hidden_layer_sizes': 61, 'learning_rate_init': 2.2310905607443014e-05, 'tol': 1.2046852412030316e-05, 'validation_fraction': 0.8117896445826539}, {'alpha': 0.46659545670218433, 'batch_size': 219, 'beta_1': 0.9889789783750891, 'beta_2': 0.9999896868093284, 'epsilon': 2.4234724484675948e-08, 'hidden_layer_sizes': 167, 'learning_rate_init': 2.972334644335654e-05, 'tol': 0.0036281404040243792, 'validation_fraction': 0.17260651658522078}, {'alpha': 4.656005689076002, 'batch_size': 135, 'beta_1': 0.870503881627747, 'beta_2': 0.9948873266941017, 'epsilon': 2.1023308743480125e-07, 'hidden_layer_sizes': 118, 'learning_rate_init': 0.0018781738757161913, 'tol': 1.1889379831773004e-05, 'validation_fraction': 0.6264327093752792}, {'alpha': 0.04705159350400542, 'batch_size': 158, 'beta_1': 0.9870884262730957, 'beta_2': 0.9999596874382349, 'epsilon': 1.1981845126013875e-08, 'hidden_layer_sizes': 116, 'learning_rate_init': 0.00617340520407431, 'tol': 1.741413418158619e-05, 'validation_fraction': 0.6754299026638921}], [29083.993548572587, 29062.423277324073, 29075.78987471409, 24626.32866834337, 9584.226858493177])}
saving results
saving timing
saving suggest log
done
