running: {'--uuid': 'bc4c5242d8ef5228948884913be78520', '-db-root': '/home/ryedida/bbo_challenge_starter_kit/output', '--opt-root': '/home/ryedida/bbo_challenge_starter_kit/example_submissions', '--data-root': None, '--db': 'run_20230425_034200', '--opt': 'opentuner', '--data': 'diabetes', '--classifier': 'MLP-adam', '--metric': 'mae', '--calls': 15, '--suggestions': 1, '--jobs-file': None, '--verbose': False, 'dry_run': False, 'rev': 'a376313', 'opt_rev': '0.8.8'}
cmd: python opentuner/optimizer.py -c MLP-adam -d diabetes -o opentuner -u bc4c5242d8ef5228948884913be78520 -m mae -n 15 -p 1 -dir /home/ryedida/bbo_challenge_starter_kit/output -b run_20230425_034200
/home/ryedida/.local/lib/python3.9/site-packages/sklearn/neural_network/_multilayer_perceptron.py:605: UserWarning: Got `batch_size` less than 1 or larger than sample size. It is going to be clipped
  warnings.warn(

/home/ryedida/.local/lib/python3.9/site-packages/sklearn/neural_network/_multilayer_perceptron.py:605: UserWarning: Got `batch_size` less than 1 or larger than sample size. It is going to be clipped
  warnings.warn(

/home/ryedida/.local/lib/python3.9/site-packages/sklearn/neural_network/_multilayer_perceptron.py:605: UserWarning: Got `batch_size` less than 1 or larger than sample size. It is going to be clipped
  warnings.warn(

/home/ryedida/.local/lib/python3.9/site-packages/sklearn/neural_network/_multilayer_perceptron.py:686: ConvergenceWarning: Stochastic Optimizer: Maximum iterations (200) reached and the optimization hasn't converged yet.
  warnings.warn(

/home/ryedida/.local/lib/python3.9/site-packages/sklearn/neural_network/_multilayer_perceptron.py:605: UserWarning: Got `batch_size` less than 1 or larger than sample size. It is going to be clipped
  warnings.warn(

/home/ryedida/.local/lib/python3.9/site-packages/sklearn/neural_network/_multilayer_perceptron.py:686: ConvergenceWarning: Stochastic Optimizer: Maximum iterations (200) reached and the optimization hasn't converged yet.
  warnings.warn(

computed signature: ([{'alpha': 0.019628224813442792, 'batch_size': 182, 'beta_1': 0.9410202200271762, 'beta_2': 0.9998021557676793, 'epsilon': 1.8662266976518e-08, 'hidden_layer_sizes': 147, 'learning_rate_init': 0.0005627932047415167, 'tol': 0.03690557729213761, 'validation_fraction': 0.8846827852548593}, {'alpha': 0.0019982467392329444, 'batch_size': 200, 'beta_1': 0.919111482530466, 'beta_2': 0.9998488260436156, 'epsilon': 5.981221901152555e-07, 'hidden_layer_sizes': 61, 'learning_rate_init': 2.2310905607443014e-05, 'tol': 1.2046852412030316e-05, 'validation_fraction': 0.8117896445826539}, {'alpha': 0.46659545670218433, 'batch_size': 219, 'beta_1': 0.9889789783750891, 'beta_2': 0.9999896868093284, 'epsilon': 2.4234724484675948e-08, 'hidden_layer_sizes': 167, 'learning_rate_init': 2.972334644335654e-05, 'tol': 0.0036281404040243792, 'validation_fraction': 0.17260651658522078}, {'alpha': 4.656005689076002, 'batch_size': 135, 'beta_1': 0.870503881627747, 'beta_2': 0.9948873266941017, 'epsilon': 2.1023308743480125e-07, 'hidden_layer_sizes': 118, 'learning_rate_init': 0.0018781738757161913, 'tol': 1.1889379831773004e-05, 'validation_fraction': 0.6264327093752792}, {'alpha': 0.04705159350400542, 'batch_size': 158, 'beta_1': 0.9870884262730957, 'beta_2': 0.9999596874382349, 'epsilon': 1.1981845126013875e-08, 'hidden_layer_sizes': 116, 'learning_rate_init': 0.00617340520407431, 'tol': 1.741413418158619e-05, 'validation_fraction': 0.6754299026638921}], [151.4971925380264, 151.42763539278994, 151.47026299046811, 136.86202504264318, 75.2055865763391])
Signature errors:
                                  0             1             2         3         4       max
MLP-adam_diabetes_mae  1.919244e-08  6.198704e-08  7.624578e-09  0.000007  0.000034  0.000034
max                    1.919244e-08  6.198704e-08  7.624578e-09  0.000007  0.000034  0.000034
starting sklearn study opentuner MLP-adam diabetes mae 15 1
with data root: None
suggestion time taken 0.018300 iter 0 next_points [{'hidden_layer_sizes': 162, 'alpha': 7.601987122409019, 'batch_size': 126, 'learning_rate_init': 0.05774134088994292, 'tol': 0.09107668310924681, 'validation_fraction': 0.43854193975366396, 'beta_1': 0.539878137008983, 'beta_2': 0.9206624886849786, 'epsilon': 6.62896601972245e-07}]
function_evaluation time 0.133579 value 48.871021 suggestion {'hidden_layer_sizes': 162, 'alpha': 7.601987122409019, 'batch_size': 126, 'learning_rate_init': 0.05774134088994292, 'tol': 0.09107668310924681, 'validation_fraction': 0.43854193975366396, 'beta_1': 0.539878137008983, 'beta_2': 0.9206624886849786, 'epsilon': 6.62896601972245e-07}
observation time 0.004316, current best 48.871021 at iter 0
suggestion time taken 0.022229 iter 1 next_points [{'hidden_layer_sizes': 81, 'alpha': 6.2698657767723605, 'tol': 0.013095218854378633, 'beta_1': 0.8632760353826092, 'batch_size': 76, 'validation_fraction': 0.7386241996388703, 'epsilon': 3.8006433281165166e-07, 'beta_2': 0.9035742476426581, 'learning_rate_init': 0.026890206631498815}]
function_evaluation time 0.272672 value 53.112292 suggestion {'hidden_layer_sizes': 81, 'alpha': 6.2698657767723605, 'tol': 0.013095218854378633, 'beta_1': 0.8632760353826092, 'batch_size': 76, 'validation_fraction': 0.7386241996388703, 'epsilon': 3.8006433281165166e-07, 'beta_2': 0.9035742476426581, 'learning_rate_init': 0.026890206631498815}
observation time 0.002028, current best 48.871021 at iter 1
suggestion time taken 0.007408 iter 2 next_points [{'hidden_layer_sizes': 162, 'alpha': 7.000753720538299, 'batch_size': 175, 'learning_rate_init': 0.055370194115765096, 'tol': 0.09893009258822054, 'validation_fraction': 0.43854193975366396, 'beta_1': 0.5196219703290114, 'beta_2': 0.9206624886849786, 'epsilon': 6.085802181371159e-07}]
function_evaluation time 0.149240 value 50.396601 suggestion {'hidden_layer_sizes': 162, 'alpha': 7.000753720538299, 'batch_size': 175, 'learning_rate_init': 0.055370194115765096, 'tol': 0.09893009258822054, 'validation_fraction': 0.43854193975366396, 'beta_1': 0.5196219703290114, 'beta_2': 0.9206624886849786, 'epsilon': 6.085802181371159e-07}
observation time 0.001864, current best 48.871021 at iter 2
suggestion time taken 0.050280 iter 3 next_points [{'tol': 0.0669381453471251, 'hidden_layer_sizes': 84, 'alpha': 1.1711462636918042, 'beta_2': 0.9098408834408656, 'batch_size': 16, 'beta_1': 0.5155156937242378, 'epsilon': 8.753670347755028e-07, 'learning_rate_init': 0.011159290456922367, 'validation_fraction': 0.4534433104222423}]
function_evaluation time 0.347200 value 51.974882 suggestion {'tol': 0.0669381453471251, 'hidden_layer_sizes': 84, 'alpha': 1.1711462636918042, 'beta_2': 0.9098408834408656, 'batch_size': 16, 'beta_1': 0.5155156937242378, 'epsilon': 8.753670347755028e-07, 'learning_rate_init': 0.011159290456922367, 'validation_fraction': 0.4534433104222423}
observation time 0.001995, current best 48.871021 at iter 3
suggestion time taken 0.006984 iter 4 next_points [{'hidden_layer_sizes': 149, 'alpha': 7.601987122409019, 'batch_size': 126, 'learning_rate_init': 0.05774134088994292, 'tol': 0.09107668310924681, 'validation_fraction': 0.43854193975366396, 'beta_1': 0.539878137008983, 'beta_2': 0.9811819855773711, 'epsilon': 8.194976236780272e-07}]
function_evaluation time 0.132793 value 48.703156 suggestion {'hidden_layer_sizes': 149, 'alpha': 7.601987122409019, 'batch_size': 126, 'learning_rate_init': 0.05774134088994292, 'tol': 0.09107668310924681, 'validation_fraction': 0.43854193975366396, 'beta_1': 0.539878137008983, 'beta_2': 0.9811819855773711, 'epsilon': 8.194976236780272e-07}
observation time 0.001831, current best 48.703156 at iter 4
suggestion time taken 0.006889 iter 5 next_points [{'hidden_layer_sizes': 149, 'alpha': 7.601987122409019, 'batch_size': 126, 'learning_rate_init': 0.05774134088994292, 'tol': 0.09107668310924681, 'validation_fraction': 0.43854193975366396, 'beta_1': 0.539878137008983, 'beta_2': 0.9811819855773711, 'epsilon': 1.787493141563724e-07}]
function_evaluation time 0.131418 value 48.613253 suggestion {'hidden_layer_sizes': 149, 'alpha': 7.601987122409019, 'batch_size': 126, 'learning_rate_init': 0.05774134088994292, 'tol': 0.09107668310924681, 'validation_fraction': 0.43854193975366396, 'beta_1': 0.539878137008983, 'beta_2': 0.9811819855773711, 'epsilon': 1.787493141563724e-07}
observation time 0.001967, current best 48.613253 at iter 5
suggestion time taken 0.006890 iter 6 next_points [{'hidden_layer_sizes': 149, 'alpha': 7.601987122409019, 'batch_size': 126, 'learning_rate_init': 0.05774134088994292, 'tol': 0.09107668310924681, 'validation_fraction': 0.43854193975366396, 'beta_1': 0.539878137008983, 'beta_2': 0.9811819855773711, 'epsilon': 4.304555162598357e-07}]
function_evaluation time 0.131530 value 48.927651 suggestion {'hidden_layer_sizes': 149, 'alpha': 7.601987122409019, 'batch_size': 126, 'learning_rate_init': 0.05774134088994292, 'tol': 0.09107668310924681, 'validation_fraction': 0.43854193975366396, 'beta_1': 0.539878137008983, 'beta_2': 0.9811819855773711, 'epsilon': 4.304555162598357e-07}
observation time 0.001829, current best 48.613253 at iter 6
suggestion time taken 0.006953 iter 7 next_points [{'hidden_layer_sizes': 149, 'alpha': 7.601987122409019, 'batch_size': 126, 'learning_rate_init': 0.059731568801135, 'tol': 0.09107668310924681, 'validation_fraction': 0.43854193975366396, 'beta_1': 0.539878137008983, 'beta_2': 0.9811819855773711, 'epsilon': 1.787493141563724e-07}]
function_evaluation time 0.129918 value 49.533911 suggestion {'hidden_layer_sizes': 149, 'alpha': 7.601987122409019, 'batch_size': 126, 'learning_rate_init': 0.059731568801135, 'tol': 0.09107668310924681, 'validation_fraction': 0.43854193975366396, 'beta_1': 0.539878137008983, 'beta_2': 0.9811819855773711, 'epsilon': 1.787493141563724e-07}
observation time 0.002305, current best 48.613253 at iter 7
suggestion time taken 0.007152 iter 8 next_points [{'hidden_layer_sizes': 149, 'alpha': 7.601987122409019, 'batch_size': 126, 'learning_rate_init': 0.05774134088994292, 'tol': 0.09107668310924681, 'validation_fraction': 0.43854193975366396, 'beta_1': 0.539878137008983, 'beta_2': 0.9811819855773711, 'epsilon': 6.968366591813813e-07}]
function_evaluation time 0.130002 value 48.962441 suggestion {'hidden_layer_sizes': 149, 'alpha': 7.601987122409019, 'batch_size': 126, 'learning_rate_init': 0.05774134088994292, 'tol': 0.09107668310924681, 'validation_fraction': 0.43854193975366396, 'beta_1': 0.539878137008983, 'beta_2': 0.9811819855773711, 'epsilon': 6.968366591813813e-07}
observation time 0.001787, current best 48.613253 at iter 8
suggestion time taken 0.006937 iter 9 next_points [{'hidden_layer_sizes': 186, 'alpha': 7.601987122409019, 'batch_size': 126, 'learning_rate_init': 0.05774134088994292, 'tol': 0.04082811156170212, 'validation_fraction': 0.43854193975366396, 'beta_1': 0.539878137008983, 'beta_2': 0.9811819855773711, 'epsilon': 1.787493141563724e-07}]
function_evaluation time 0.138679 value 48.472390 suggestion {'hidden_layer_sizes': 186, 'alpha': 7.601987122409019, 'batch_size': 126, 'learning_rate_init': 0.05774134088994292, 'tol': 0.04082811156170212, 'validation_fraction': 0.43854193975366396, 'beta_1': 0.539878137008983, 'beta_2': 0.9811819855773711, 'epsilon': 1.787493141563724e-07}
observation time 0.001821, current best 48.472390 at iter 9
suggestion time taken 0.007643 iter 10 next_points [{'hidden_layer_sizes': 186, 'alpha': 7.601987122409019, 'batch_size': 126, 'learning_rate_init': 0.05774134088994292, 'tol': 0.04082811156170212, 'validation_fraction': 0.819673175323837, 'beta_1': 0.90021746584028, 'beta_2': 0.9811819855773711, 'epsilon': 1.787493141563724e-07}]
/home/ryedida/.local/lib/python3.9/site-packages/sklearn/neural_network/_multilayer_perceptron.py:605: UserWarning: Got `batch_size` less than 1 or larger than sample size. It is going to be clipped
  warnings.warn(

function_evaluation time 0.146388 value 55.119035 suggestion {'hidden_layer_sizes': 186, 'alpha': 7.601987122409019, 'batch_size': 126, 'learning_rate_init': 0.05774134088994292, 'tol': 0.04082811156170212, 'validation_fraction': 0.819673175323837, 'beta_1': 0.90021746584028, 'beta_2': 0.9811819855773711, 'epsilon': 1.787493141563724e-07}
observation time 0.001810, current best 48.472390 at iter 10
suggestion time taken 0.007064 iter 11 next_points [{'hidden_layer_sizes': 186, 'alpha': 0.7469793335528273, 'batch_size': 126, 'learning_rate_init': 0.037226507897170684, 'tol': 0.0249557988595132, 'validation_fraction': 0.43854193975366396, 'beta_1': 0.539878137008983, 'beta_2': 0.9811819855773711, 'epsilon': 1.787493141563724e-07}]
function_evaluation time 0.166299 value 48.421038 suggestion {'hidden_layer_sizes': 186, 'alpha': 0.7469793335528273, 'batch_size': 126, 'learning_rate_init': 0.037226507897170684, 'tol': 0.0249557988595132, 'validation_fraction': 0.43854193975366396, 'beta_1': 0.539878137008983, 'beta_2': 0.9811819855773711, 'epsilon': 1.787493141563724e-07}
observation time 0.002057, current best 48.421038 at iter 11
suggestion time taken 0.006934 iter 12 next_points [{'hidden_layer_sizes': 186, 'alpha': 0.7469793335528273, 'batch_size': 126, 'learning_rate_init': 0.037226507897170684, 'tol': 0.0249557988595132, 'validation_fraction': 0.346614539124637, 'beta_1': 0.539878137008983, 'beta_2': 0.9811819855773711, 'epsilon': 1.787493141563724e-07}]
function_evaluation time 0.181839 value 49.125767 suggestion {'hidden_layer_sizes': 186, 'alpha': 0.7469793335528273, 'batch_size': 126, 'learning_rate_init': 0.037226507897170684, 'tol': 0.0249557988595132, 'validation_fraction': 0.346614539124637, 'beta_1': 0.539878137008983, 'beta_2': 0.9811819855773711, 'epsilon': 1.787493141563724e-07}
observation time 0.001812, current best 48.421038 at iter 12
suggestion time taken 0.006677 iter 13 next_points [{'hidden_layer_sizes': 72, 'alpha': 0.7469793335528273, 'batch_size': 126, 'learning_rate_init': 0.037226507897170684, 'tol': 0.0249557988595132, 'validation_fraction': 0.43854193975366396, 'beta_1': 0.539878137008983, 'beta_2': 0.9811819855773711, 'epsilon': 1.787493141563724e-07}]
function_evaluation time 0.123045 value 51.170377 suggestion {'hidden_layer_sizes': 72, 'alpha': 0.7469793335528273, 'batch_size': 126, 'learning_rate_init': 0.037226507897170684, 'tol': 0.0249557988595132, 'validation_fraction': 0.43854193975366396, 'beta_1': 0.539878137008983, 'beta_2': 0.9811819855773711, 'epsilon': 1.787493141563724e-07}
observation time 0.001795, current best 48.421038 at iter 13
suggestion time taken 0.006890 iter 14 next_points [{'hidden_layer_sizes': 186, 'alpha': 2.3174340367134594, 'batch_size': 126, 'learning_rate_init': 0.037226507897170684, 'tol': 0.0249557988595132, 'validation_fraction': 0.43854193975366396, 'beta_1': 0.539878137008983, 'beta_2': 0.9367139484450623, 'epsilon': 1.787493141563724e-07}]
function_evaluation time 0.172678 value 49.661044 suggestion {'hidden_layer_sizes': 186, 'alpha': 2.3174340367134594, 'batch_size': 126, 'learning_rate_init': 0.037226507897170684, 'tol': 0.0249557988595132, 'validation_fraction': 0.43854193975366396, 'beta_1': 0.539878137008983, 'beta_2': 0.9367139484450623, 'epsilon': 1.787493141563724e-07}
observation time 0.001884, current best 48.421038 at iter 14
saving meta data: {'args': {'--uuid': 'bc4c5242d8ef5228948884913be78520', '-db-root': '/home/ryedida/bbo_challenge_starter_kit/output', '--opt-root': '/home/ryedida/bbo_challenge_starter_kit/example_submissions', '--data-root': None, '--db': 'run_20230425_034200', '--opt': 'opentuner', '--data': 'diabetes', '--classifier': 'MLP-adam', '--metric': 'mae', '--calls': 15, '--suggestions': 1, '--jobs-file': None, '--verbose': False, 'dry_run': False, 'rev': 'a376313', 'opt_rev': '0.8.8'}, 'signature': ([{'alpha': 0.019628224813442792, 'batch_size': 182, 'beta_1': 0.9410202200271762, 'beta_2': 0.9998021557676793, 'epsilon': 1.8662266976518e-08, 'hidden_layer_sizes': 147, 'learning_rate_init': 0.0005627932047415167, 'tol': 0.03690557729213761, 'validation_fraction': 0.8846827852548593}, {'alpha': 0.0019982467392329444, 'batch_size': 200, 'beta_1': 0.919111482530466, 'beta_2': 0.9998488260436156, 'epsilon': 5.981221901152555e-07, 'hidden_layer_sizes': 61, 'learning_rate_init': 2.2310905607443014e-05, 'tol': 1.2046852412030316e-05, 'validation_fraction': 0.8117896445826539}, {'alpha': 0.46659545670218433, 'batch_size': 219, 'beta_1': 0.9889789783750891, 'beta_2': 0.9999896868093284, 'epsilon': 2.4234724484675948e-08, 'hidden_layer_sizes': 167, 'learning_rate_init': 2.972334644335654e-05, 'tol': 0.0036281404040243792, 'validation_fraction': 0.17260651658522078}, {'alpha': 4.656005689076002, 'batch_size': 135, 'beta_1': 0.870503881627747, 'beta_2': 0.9948873266941017, 'epsilon': 2.1023308743480125e-07, 'hidden_layer_sizes': 118, 'learning_rate_init': 0.0018781738757161913, 'tol': 1.1889379831773004e-05, 'validation_fraction': 0.6264327093752792}, {'alpha': 0.04705159350400542, 'batch_size': 158, 'beta_1': 0.9870884262730957, 'beta_2': 0.9999596874382349, 'epsilon': 1.1981845126013875e-08, 'hidden_layer_sizes': 116, 'learning_rate_init': 0.00617340520407431, 'tol': 1.741413418158619e-05, 'validation_fraction': 0.6754299026638921}], [151.4971925380264, 151.42763539278994, 151.47026299046811, 136.86202504264318, 75.2055865763391])}
saving results
saving timing
saving suggest log
done
