running: {'--uuid': '1c08b02e48f95dce9d17cd75ffdde964', '-db-root': '/home/ryedida/bbo_challenge_starter_kit/output', '--opt-root': '/home/ryedida/bbo_challenge_starter_kit/example_submissions', '--data-root': None, '--db': 'run_20230424_041950', '--opt': 'random-search', '--data': 'digits', '--classifier': 'MLP-adam', '--metric': 'acc', '--calls': 15, '--suggestions': 1, '--jobs-file': None, '--verbose': False, 'dry_run': False, 'rev': 'a376313', 'opt_rev': '0.0.8'}
cmd: python random-search/optimizer.py -c MLP-adam -d digits -o random-search -u 1c08b02e48f95dce9d17cd75ffdde964 -m acc -n 15 -p 1 -dir /home/ryedida/bbo_challenge_starter_kit/output -b run_20230424_041950
/home/ryedida/.local/lib/python3.9/site-packages/sklearn/neural_network/_multilayer_perceptron.py:605: UserWarning: Got `batch_size` less than 1 or larger than sample size. It is going to be clipped
  warnings.warn(

/home/ryedida/.local/lib/python3.9/site-packages/sklearn/neural_network/_multilayer_perceptron.py:686: ConvergenceWarning: Stochastic Optimizer: Maximum iterations (200) reached and the optimization hasn't converged yet.
  warnings.warn(

computed signature: ([{'alpha': 0.019628224813442792, 'batch_size': 182, 'beta_1': 0.9410202200271762, 'beta_2': 0.9998021557676793, 'epsilon': 1.8662266976518e-08, 'hidden_layer_sizes': 147, 'learning_rate_init': 0.0005627932047415167, 'tol': 0.03690557729213761, 'validation_fraction': 0.8846827852548593}, {'alpha': 0.0019982467392329444, 'batch_size': 200, 'beta_1': 0.919111482530466, 'beta_2': 0.9998488260436156, 'epsilon': 5.981221901152555e-07, 'hidden_layer_sizes': 61, 'learning_rate_init': 2.2310905607443014e-05, 'tol': 1.2046852412030316e-05, 'validation_fraction': 0.8117896445826539}, {'alpha': 0.46659545670218433, 'batch_size': 219, 'beta_1': 0.9889789783750891, 'beta_2': 0.9999896868093284, 'epsilon': 2.4234724484675948e-08, 'hidden_layer_sizes': 167, 'learning_rate_init': 2.972334644335654e-05, 'tol': 0.0036281404040243792, 'validation_fraction': 0.17260651658522078}, {'alpha': 4.656005689076002, 'batch_size': 135, 'beta_1': 0.870503881627747, 'beta_2': 0.9948873266941017, 'epsilon': 2.1023308743480125e-07, 'hidden_layer_sizes': 118, 'learning_rate_init': 0.0018781738757161913, 'tol': 1.1889379831773004e-05, 'validation_fraction': 0.6264327093752792}, {'alpha': 0.04705159350400542, 'batch_size': 158, 'beta_1': 0.9870884262730957, 'beta_2': 0.9999596874382349, 'epsilon': 1.1981845126013875e-08, 'hidden_layer_sizes': 116, 'learning_rate_init': 0.00617340520407431, 'tol': 1.741413418158619e-05, 'validation_fraction': 0.6754299026638921}], [-0.21081107239643826, -0.1295489740611692, -0.27999177313201706, -0.9422522260936896, -0.9332050909794812])
/home/ryedida/.local/lib/python3.9/site-packages/bayesmark/signatures.py:85: RuntimeWarning: Signature diverged on MLP-adam_digits_acc betwen [-0.2181506  -0.12954897 -0.42701514 -0.94997127 -0.93320509] and [-0.21081107 -0.11575494 -0.27999177 -0.94225223 -0.93253861]
  warnings.warn(

Signature errors:
                           0         1         2         3         4       max
MLP-adam_digits_acc  0.00734  0.013794  0.147023  0.007719  0.000666  0.147023
max                  0.00734  0.013794  0.147023  0.007719  0.000666  0.147023
starting sklearn study random-search MLP-adam digits acc 15 1
with data root: None
suggestion time taken 0.002609 iter 0 next_points [{'alpha': 0.0012799608559647029, 'batch_size': 167, 'beta_1': 0.5540251044814519, 'beta_2': 0.9996833278007028, 'epsilon': 2.52707156346363e-07, 'hidden_layer_sizes': 149, 'learning_rate_init': 0.004247358389258941, 'tol': 0.0009197375649431617, 'validation_fraction': 0.8112744122384818}]
function_evaluation time 0.823846 value -0.917189 suggestion {'alpha': 0.0012799608559647029, 'batch_size': 167, 'beta_1': 0.5540251044814519, 'beta_2': 0.9996833278007028, 'epsilon': 2.52707156346363e-07, 'hidden_layer_sizes': 149, 'learning_rate_init': 0.004247358389258941, 'tol': 0.0009197375649431617, 'validation_fraction': 0.8112744122384818}
observation time 0.000006, current best -0.917189 at iter 0
suggestion time taken 0.002487 iter 1 next_points [{'alpha': 6.5199433062816565, 'batch_size': 233, 'beta_1': 0.9627304795853269, 'beta_2': 0.9984171328744867, 'epsilon': 1.5000874678976186e-07, 'hidden_layer_sizes': 87, 'learning_rate_init': 2.77791090004621e-05, 'tol': 7.28524301986395e-05, 'validation_fraction': 0.2069820093196655}]
/home/ryedida/.local/lib/python3.9/site-packages/sklearn/neural_network/_multilayer_perceptron.py:686: ConvergenceWarning: Stochastic Optimizer: Maximum iterations (200) reached and the optimization hasn't converged yet.
  warnings.warn(

function_evaluation time 1.865317 value -0.226592 suggestion {'alpha': 6.5199433062816565, 'batch_size': 233, 'beta_1': 0.9627304795853269, 'beta_2': 0.9984171328744867, 'epsilon': 1.5000874678976186e-07, 'hidden_layer_sizes': 87, 'learning_rate_init': 2.77791090004621e-05, 'tol': 7.28524301986395e-05, 'validation_fraction': 0.2069820093196655}
observation time 0.000006, current best -0.917189 at iter 1
suggestion time taken 0.002487 iter 2 next_points [{'alpha': 6.7688107389881065, 'batch_size': 64, 'beta_1': 0.8587567087349351, 'beta_2': 0.9999970581784311, 'epsilon': 6.07862085182685e-08, 'hidden_layer_sizes': 145, 'learning_rate_init': 0.00048744810499782144, 'tol': 0.00015717574809280988, 'validation_fraction': 0.4425006607274865}]
function_evaluation time 2.331013 value -0.942230 suggestion {'alpha': 6.7688107389881065, 'batch_size': 64, 'beta_1': 0.8587567087349351, 'beta_2': 0.9999970581784311, 'epsilon': 6.07862085182685e-08, 'hidden_layer_sizes': 145, 'learning_rate_init': 0.00048744810499782144, 'tol': 0.00015717574809280988, 'validation_fraction': 0.4425006607274865}
observation time 0.000005, current best -0.942230 at iter 2
suggestion time taken 0.002493 iter 3 next_points [{'alpha': 4.527226855170928e-05, 'batch_size': 33, 'beta_1': 0.8569913814570297, 'beta_2': 0.9999853355356388, 'epsilon': 6.76970501614159e-08, 'hidden_layer_sizes': 178, 'learning_rate_init': 0.00527240775073793, 'tol': 0.0004110564432482208, 'validation_fraction': 0.46317832046451346}]
function_evaluation time 1.826687 value -0.965212 suggestion {'alpha': 4.527226855170928e-05, 'batch_size': 33, 'beta_1': 0.8569913814570297, 'beta_2': 0.9999853355356388, 'epsilon': 6.76970501614159e-08, 'hidden_layer_sizes': 178, 'learning_rate_init': 0.00527240775073793, 'tol': 0.0004110564432482208, 'validation_fraction': 0.46317832046451346}
observation time 0.000006, current best -0.965212 at iter 3
suggestion time taken 0.002817 iter 4 next_points [{'alpha': 0.00032648014432284423, 'batch_size': 238, 'beta_1': 0.8353241630759493, 'beta_2': 0.9946943655186218, 'epsilon': 2.557194654920853e-08, 'hidden_layer_sizes': 161, 'learning_rate_init': 0.003295481612100277, 'tol': 2.8198530186919416e-05, 'validation_fraction': 0.1427751068849595}]
function_evaluation time 1.049181 value -0.956848 suggestion {'alpha': 0.00032648014432284423, 'batch_size': 238, 'beta_1': 0.8353241630759493, 'beta_2': 0.9946943655186218, 'epsilon': 2.557194654920853e-08, 'hidden_layer_sizes': 161, 'learning_rate_init': 0.003295481612100277, 'tol': 2.8198530186919416e-05, 'validation_fraction': 0.1427751068849595}
observation time 0.000005, current best -0.965212 at iter 4
suggestion time taken 0.002685 iter 5 next_points [{'alpha': 6.113354525631151e-05, 'batch_size': 54, 'beta_1': 0.9877681419029294, 'beta_2': 0.9964207634235211, 'epsilon': 1.0140184516114396e-07, 'hidden_layer_sizes': 183, 'learning_rate_init': 0.0014854787752216422, 'tol': 0.008044752846431686, 'validation_fraction': 0.46155618407407106}]
function_evaluation time 0.939251 value -0.945037 suggestion {'alpha': 6.113354525631151e-05, 'batch_size': 54, 'beta_1': 0.9877681419029294, 'beta_2': 0.9964207634235211, 'epsilon': 1.0140184516114396e-07, 'hidden_layer_sizes': 183, 'learning_rate_init': 0.0014854787752216422, 'tol': 0.008044752846431686, 'validation_fraction': 0.46155618407407106}
observation time 0.000004, current best -0.965212 at iter 5
suggestion time taken 0.002450 iter 6 next_points [{'alpha': 1.1246114556495201, 'batch_size': 240, 'beta_1': 0.6129370771552779, 'beta_2': 0.9998660398359921, 'epsilon': 5.4221865354722536e-08, 'hidden_layer_sizes': 185, 'learning_rate_init': 0.0003211051174161429, 'tol': 0.06313421000809936, 'validation_fraction': 0.36756540897819645}]
function_evaluation time 0.552046 value -0.686034 suggestion {'alpha': 1.1246114556495201, 'batch_size': 240, 'beta_1': 0.6129370771552779, 'beta_2': 0.9998660398359921, 'epsilon': 5.4221865354722536e-08, 'hidden_layer_sizes': 185, 'learning_rate_init': 0.0003211051174161429, 'tol': 0.06313421000809936, 'validation_fraction': 0.36756540897819645}
observation time 0.000006, current best -0.965212 at iter 6
suggestion time taken 0.002479 iter 7 next_points [{'alpha': 0.002512554581285832, 'batch_size': 238, 'beta_1': 0.7754078373076592, 'beta_2': 0.9948689842877929, 'epsilon': 5.584497634969723e-08, 'hidden_layer_sizes': 162, 'learning_rate_init': 0.0007356028777869419, 'tol': 0.0003200461351710616, 'validation_fraction': 0.8174044707888697}]
function_evaluation time 1.777389 value -0.887236 suggestion {'alpha': 0.002512554581285832, 'batch_size': 238, 'beta_1': 0.7754078373076592, 'beta_2': 0.9948689842877929, 'epsilon': 5.584497634969723e-08, 'hidden_layer_sizes': 162, 'learning_rate_init': 0.0007356028777869419, 'tol': 0.0003200461351710616, 'validation_fraction': 0.8174044707888697}
observation time 0.000005, current best -0.965212 at iter 7
suggestion time taken 0.002728 iter 8 next_points [{'alpha': 0.00038633438287281993, 'batch_size': 180, 'beta_1': 0.8877083654151302, 'beta_2': 0.981821135439205, 'epsilon': 7.942505160037541e-07, 'hidden_layer_sizes': 87, 'learning_rate_init': 0.00015179919643301722, 'tol': 1.970254283797157e-05, 'validation_fraction': 0.8191392963378527}]
/home/ryedida/.local/lib/python3.9/site-packages/sklearn/neural_network/_multilayer_perceptron.py:686: ConvergenceWarning: Stochastic Optimizer: Maximum iterations (200) reached and the optimization hasn't converged yet.
  warnings.warn(

function_evaluation time 2.092642 value -0.682281 suggestion {'alpha': 0.00038633438287281993, 'batch_size': 180, 'beta_1': 0.8877083654151302, 'beta_2': 0.981821135439205, 'epsilon': 7.942505160037541e-07, 'hidden_layer_sizes': 87, 'learning_rate_init': 0.00015179919643301722, 'tol': 1.970254283797157e-05, 'validation_fraction': 0.8191392963378527}
observation time 0.000005, current best -0.965212 at iter 8
suggestion time taken 0.002532 iter 9 next_points [{'alpha': 5.635187808318438, 'batch_size': 228, 'beta_1': 0.7912171500366101, 'beta_2': 0.9999134616338972, 'epsilon': 2.859425365273286e-08, 'hidden_layer_sizes': 180, 'learning_rate_init': 0.00011523064394527523, 'tol': 0.008320445330987558, 'validation_fraction': 0.8073275375763674}]
function_evaluation time 0.218683 value -0.095991 suggestion {'alpha': 5.635187808318438, 'batch_size': 228, 'beta_1': 0.7912171500366101, 'beta_2': 0.9999134616338972, 'epsilon': 2.859425365273286e-08, 'hidden_layer_sizes': 180, 'learning_rate_init': 0.00011523064394527523, 'tol': 0.008320445330987558, 'validation_fraction': 0.8073275375763674}
observation time 0.000005, current best -0.965212 at iter 9
suggestion time taken 0.002542 iter 10 next_points [{'alpha': 3.7672212886234684, 'batch_size': 83, 'beta_1': 0.9871048898244673, 'beta_2': 0.9999842746191012, 'epsilon': 3.9980631717673616e-08, 'hidden_layer_sizes': 59, 'learning_rate_init': 3.807191584264802e-05, 'tol': 8.244535774688416e-05, 'validation_fraction': 0.15110036848916125}]
function_evaluation time 2.930689 value -0.540798 suggestion {'alpha': 3.7672212886234684, 'batch_size': 83, 'beta_1': 0.9871048898244673, 'beta_2': 0.9999842746191012, 'epsilon': 3.9980631717673616e-08, 'hidden_layer_sizes': 59, 'learning_rate_init': 3.807191584264802e-05, 'tol': 8.244535774688416e-05, 'validation_fraction': 0.15110036848916125}
observation time 0.000005, current best -0.965212 at iter 10
suggestion time taken 0.002489 iter 11 next_points [{'alpha': 4.748134743392965, 'batch_size': 164, 'beta_1': 0.5861291080960848, 'beta_2': 0.9961461065276198, 'epsilon': 5.009513464793694e-09, 'hidden_layer_sizes': 147, 'learning_rate_init': 0.0004418689644723939, 'tol': 0.00027853143905115307, 'validation_fraction': 0.5763205101242073}]
function_evaluation time 2.293449 value -0.936685 suggestion {'alpha': 4.748134743392965, 'batch_size': 164, 'beta_1': 0.5861291080960848, 'beta_2': 0.9961461065276198, 'epsilon': 5.009513464793694e-09, 'hidden_layer_sizes': 147, 'learning_rate_init': 0.0004418689644723939, 'tol': 0.00027853143905115307, 'validation_fraction': 0.5763205101242073}
observation time 0.000005, current best -0.965212 at iter 11
suggestion time taken 0.002454 iter 12 next_points [{'alpha': 0.0016686124195170785, 'batch_size': 223, 'beta_1': 0.9876418592038203, 'beta_2': 0.9823487717832942, 'epsilon': 9.926562138449778e-09, 'hidden_layer_sizes': 77, 'learning_rate_init': 2.13126545205372e-05, 'tol': 0.00035589804306824824, 'validation_fraction': 0.8487817434989203}]
/home/ryedida/.local/lib/python3.9/site-packages/sklearn/neural_network/_multilayer_perceptron.py:605: UserWarning: Got `batch_size` less than 1 or larger than sample size. It is going to be clipped
  warnings.warn(

function_evaluation time 0.239719 value -0.120466 suggestion {'alpha': 0.0016686124195170785, 'batch_size': 223, 'beta_1': 0.9876418592038203, 'beta_2': 0.9823487717832942, 'epsilon': 9.926562138449778e-09, 'hidden_layer_sizes': 77, 'learning_rate_init': 2.13126545205372e-05, 'tol': 0.00035589804306824824, 'validation_fraction': 0.8487817434989203}
observation time 0.000005, current best -0.965212 at iter 12
suggestion time taken 0.002633 iter 13 next_points [{'alpha': 4.193227423428632, 'batch_size': 32, 'beta_1': 0.6495398065985989, 'beta_2': 0.9999843025587045, 'epsilon': 6.488853995386472e-09, 'hidden_layer_sizes': 182, 'learning_rate_init': 9.351897619660082e-05, 'tol': 0.00031951837203372585, 'validation_fraction': 0.8860840193466335}]
function_evaluation time 4.031017 value -0.823943 suggestion {'alpha': 4.193227423428632, 'batch_size': 32, 'beta_1': 0.6495398065985989, 'beta_2': 0.9999843025587045, 'epsilon': 6.488853995386472e-09, 'hidden_layer_sizes': 182, 'learning_rate_init': 9.351897619660082e-05, 'tol': 0.00031951837203372585, 'validation_fraction': 0.8860840193466335}
observation time 0.000005, current best -0.965212 at iter 13
suggestion time taken 0.002445 iter 14 next_points [{'alpha': 0.25622982816593814, 'batch_size': 238, 'beta_1': 0.7840771434346533, 'beta_2': 0.9581613165224008, 'epsilon': 1.6196895692901352e-08, 'hidden_layer_sizes': 191, 'learning_rate_init': 0.049692090709072274, 'tol': 0.0013933095994859074, 'validation_fraction': 0.8982785917950795}]
/home/ryedida/.local/lib/python3.9/site-packages/sklearn/neural_network/_multilayer_perceptron.py:605: UserWarning: Got `batch_size` less than 1 or larger than sample size. It is going to be clipped
  warnings.warn(

function_evaluation time 0.907035 value -0.874719 suggestion {'alpha': 0.25622982816593814, 'batch_size': 238, 'beta_1': 0.7840771434346533, 'beta_2': 0.9581613165224008, 'epsilon': 1.6196895692901352e-08, 'hidden_layer_sizes': 191, 'learning_rate_init': 0.049692090709072274, 'tol': 0.0013933095994859074, 'validation_fraction': 0.8982785917950795}
observation time 0.000005, current best -0.965212 at iter 14
saving meta data: {'args': {'--uuid': '1c08b02e48f95dce9d17cd75ffdde964', '-db-root': '/home/ryedida/bbo_challenge_starter_kit/output', '--opt-root': '/home/ryedida/bbo_challenge_starter_kit/example_submissions', '--data-root': None, '--db': 'run_20230424_041950', '--opt': 'random-search', '--data': 'digits', '--classifier': 'MLP-adam', '--metric': 'acc', '--calls': 15, '--suggestions': 1, '--jobs-file': None, '--verbose': False, 'dry_run': False, 'rev': 'a376313', 'opt_rev': '0.0.8'}, 'signature': ([{'alpha': 0.019628224813442792, 'batch_size': 182, 'beta_1': 0.9410202200271762, 'beta_2': 0.9998021557676793, 'epsilon': 1.8662266976518e-08, 'hidden_layer_sizes': 147, 'learning_rate_init': 0.0005627932047415167, 'tol': 0.03690557729213761, 'validation_fraction': 0.8846827852548593}, {'alpha': 0.0019982467392329444, 'batch_size': 200, 'beta_1': 0.919111482530466, 'beta_2': 0.9998488260436156, 'epsilon': 5.981221901152555e-07, 'hidden_layer_sizes': 61, 'learning_rate_init': 2.2310905607443014e-05, 'tol': 1.2046852412030316e-05, 'validation_fraction': 0.8117896445826539}, {'alpha': 0.46659545670218433, 'batch_size': 219, 'beta_1': 0.9889789783750891, 'beta_2': 0.9999896868093284, 'epsilon': 2.4234724484675948e-08, 'hidden_layer_sizes': 167, 'learning_rate_init': 2.972334644335654e-05, 'tol': 0.0036281404040243792, 'validation_fraction': 0.17260651658522078}, {'alpha': 4.656005689076002, 'batch_size': 135, 'beta_1': 0.870503881627747, 'beta_2': 0.9948873266941017, 'epsilon': 2.1023308743480125e-07, 'hidden_layer_sizes': 118, 'learning_rate_init': 0.0018781738757161913, 'tol': 1.1889379831773004e-05, 'validation_fraction': 0.6264327093752792}, {'alpha': 0.04705159350400542, 'batch_size': 158, 'beta_1': 0.9870884262730957, 'beta_2': 0.9999596874382349, 'epsilon': 1.1981845126013875e-08, 'hidden_layer_sizes': 116, 'learning_rate_init': 0.00617340520407431, 'tol': 1.741413418158619e-05, 'validation_fraction': 0.6754299026638921}], [-0.21081107239643826, -0.1295489740611692, -0.27999177313201706, -0.9422522260936896, -0.9332050909794812])}
saving results
saving timing
saving suggest log
done
