running: {'--uuid': '301cd4c5a15f563f886b6fd3b50452e4', '-db-root': '/home/ryedida/bbo_challenge_starter_kit/output', '--opt-root': '/home/ryedida/bbo_challenge_starter_kit/example_submissions', '--data-root': None, '--db': 'run_20230424_041950', '--opt': 'hyperopt', '--data': 'digits', '--classifier': 'MLP-adam', '--metric': 'acc', '--calls': 15, '--suggestions': 1, '--jobs-file': None, '--verbose': False, 'dry_run': False, 'rev': 'a376313', 'opt_rev': '0.2.7'}
cmd: python hyperopt/optimizer.py -c MLP-adam -d digits -o hyperopt -u 301cd4c5a15f563f886b6fd3b50452e4 -m acc -n 15 -p 1 -dir /home/ryedida/bbo_challenge_starter_kit/output -b run_20230424_041950
/home/ryedida/.local/lib/python3.9/site-packages/sklearn/neural_network/_multilayer_perceptron.py:605: UserWarning: Got `batch_size` less than 1 or larger than sample size. It is going to be clipped
  warnings.warn(

/home/ryedida/.local/lib/python3.9/site-packages/sklearn/neural_network/_multilayer_perceptron.py:686: ConvergenceWarning: Stochastic Optimizer: Maximum iterations (200) reached and the optimization hasn't converged yet.
  warnings.warn(

computed signature: ([{'alpha': 0.019628224813442792, 'batch_size': 182, 'beta_1': 0.9410202200271762, 'beta_2': 0.9998021557676793, 'epsilon': 1.8662266976518e-08, 'hidden_layer_sizes': 147, 'learning_rate_init': 0.0005627932047415167, 'tol': 0.03690557729213761, 'validation_fraction': 0.8846827852548593}, {'alpha': 0.0019982467392329444, 'batch_size': 200, 'beta_1': 0.919111482530466, 'beta_2': 0.9998488260436156, 'epsilon': 5.981221901152555e-07, 'hidden_layer_sizes': 61, 'learning_rate_init': 2.2310905607443014e-05, 'tol': 1.2046852412030316e-05, 'validation_fraction': 0.8117896445826539}, {'alpha': 0.46659545670218433, 'batch_size': 219, 'beta_1': 0.9889789783750891, 'beta_2': 0.9999896868093284, 'epsilon': 2.4234724484675948e-08, 'hidden_layer_sizes': 167, 'learning_rate_init': 2.972334644335654e-05, 'tol': 0.0036281404040243792, 'validation_fraction': 0.17260651658522078}, {'alpha': 4.656005689076002, 'batch_size': 135, 'beta_1': 0.870503881627747, 'beta_2': 0.9948873266941017, 'epsilon': 2.1023308743480125e-07, 'hidden_layer_sizes': 118, 'learning_rate_init': 0.0018781738757161913, 'tol': 1.1889379831773004e-05, 'validation_fraction': 0.6264327093752792}, {'alpha': 0.04705159350400542, 'batch_size': 158, 'beta_1': 0.9870884262730957, 'beta_2': 0.9999596874382349, 'epsilon': 1.1981845126013875e-08, 'hidden_layer_sizes': 116, 'learning_rate_init': 0.00617340520407431, 'tol': 1.741413418158619e-05, 'validation_fraction': 0.6754299026638921}], [-0.21081107239643826, -0.1295489740611692, -0.27999177313201706, -0.9422522260936896, -0.9332050909794812])
/home/ryedida/.local/lib/python3.9/site-packages/bayesmark/signatures.py:85: RuntimeWarning: Signature diverged on MLP-adam_digits_acc betwen [-0.2181506  -0.12954897 -0.42701514 -0.94997127 -0.93320509] and [-0.21081107 -0.11575494 -0.27999177 -0.94225223 -0.93253861]
  warnings.warn(

Signature errors:
                           0         1         2         3         4       max
MLP-adam_digits_acc  0.00734  0.013794  0.147023  0.007719  0.000666  0.147023
max                  0.00734  0.013794  0.147023  0.007719  0.000666  0.147023
starting sklearn study hyperopt MLP-adam digits acc 15 1
with data root: None
suggestion time taken 0.002398 iter 0 next_points [{'alpha': 0.00040919235047171123, 'batch_size': 122, 'beta_1': 0.5111915483981118, 'beta_2': 0.9011975193975272, 'epsilon': 8.16182950134179e-09, 'hidden_layer_sizes': 154, 'learning_rate_init': 0.0002647323348598533, 'tol': 0.0011210593981039723, 'validation_fraction': 0.5964048607093639}]
function_evaluation time 2.421466 value -0.956872 suggestion {'alpha': 0.00040919235047171123, 'batch_size': 122, 'beta_1': 0.5111915483981118, 'beta_2': 0.9011975193975272, 'epsilon': 8.16182950134179e-09, 'hidden_layer_sizes': 154, 'learning_rate_init': 0.0002647323348598533, 'tol': 0.0011210593981039723, 'validation_fraction': 0.5964048607093639}
observation time 0.000067, current best -0.956872 at iter 0
suggestion time taken 0.002614 iter 1 next_points [{'alpha': 0.0018993966386006173, 'batch_size': 244, 'beta_1': 0.6513672347646424, 'beta_2': 0.9732858423586507, 'epsilon': 1.3638993984401943e-08, 'hidden_layer_sizes': 182, 'learning_rate_init': 0.0005001017499842262, 'tol': 4.368393501633513e-05, 'validation_fraction': 0.45182881485691095}]
function_evaluation time 2.099373 value -0.951292 suggestion {'alpha': 0.0018993966386006173, 'batch_size': 244, 'beta_1': 0.6513672347646424, 'beta_2': 0.9732858423586507, 'epsilon': 1.3638993984401943e-08, 'hidden_layer_sizes': 182, 'learning_rate_init': 0.0005001017499842262, 'tol': 4.368393501633513e-05, 'validation_fraction': 0.45182881485691095}
observation time 0.000066, current best -0.956872 at iter 1
suggestion time taken 0.002159 iter 2 next_points [{'alpha': 0.0002842407651927602, 'batch_size': 185, 'beta_1': 0.628031088048844, 'beta_2': 0.907752514070119, 'epsilon': 4.331725337331963e-09, 'hidden_layer_sizes': 66, 'learning_rate_init': 0.06484985857348964, 'tol': 0.06246085747779859, 'validation_fraction': 0.5064831639012227}]
function_evaluation time 0.315690 value -0.709635 suggestion {'alpha': 0.0002842407651927602, 'batch_size': 185, 'beta_1': 0.628031088048844, 'beta_2': 0.907752514070119, 'epsilon': 4.331725337331963e-09, 'hidden_layer_sizes': 66, 'learning_rate_init': 0.06484985857348964, 'tol': 0.06246085747779859, 'validation_fraction': 0.5064831639012227}
observation time 0.000078, current best -0.956872 at iter 2
suggestion time taken 0.002368 iter 3 next_points [{'alpha': 0.11578480829733274, 'batch_size': 66, 'beta_1': 0.5526857826549807, 'beta_2': 0.9209892731221025, 'epsilon': 6.848076158041699e-07, 'hidden_layer_sizes': 106, 'learning_rate_init': 0.003770332457803197, 'tol': 0.000924757592454811, 'validation_fraction': 0.10672862047898761}]
function_evaluation time 1.069714 value -0.961024 suggestion {'alpha': 0.11578480829733274, 'batch_size': 66, 'beta_1': 0.5526857826549807, 'beta_2': 0.9209892731221025, 'epsilon': 6.848076158041699e-07, 'hidden_layer_sizes': 106, 'learning_rate_init': 0.003770332457803197, 'tol': 0.000924757592454811, 'validation_fraction': 0.10672862047898761}
observation time 0.000070, current best -0.961024 at iter 3
suggestion time taken 0.002117 iter 4 next_points [{'alpha': 0.02151162132996527, 'batch_size': 229, 'beta_1': 0.7685061704832007, 'beta_2': 0.9249088596607, 'epsilon': 1.7270325212862152e-08, 'hidden_layer_sizes': 68, 'learning_rate_init': 0.000522398601782454, 'tol': 3.42924542558944e-05, 'validation_fraction': 0.2690003179197788}]
function_evaluation time 1.745131 value -0.956860 suggestion {'alpha': 0.02151162132996527, 'batch_size': 229, 'beta_1': 0.7685061704832007, 'beta_2': 0.9249088596607, 'epsilon': 1.7270325212862152e-08, 'hidden_layer_sizes': 68, 'learning_rate_init': 0.000522398601782454, 'tol': 3.42924542558944e-05, 'validation_fraction': 0.2690003179197788}
observation time 0.000067, current best -0.961024 at iter 4
suggestion time taken 0.002126 iter 5 next_points [{'alpha': 7.609461084348205e-05, 'batch_size': 219, 'beta_1': 0.5335529090300846, 'beta_2': 0.9039478634746424, 'epsilon': 1.5073232916289018e-08, 'hidden_layer_sizes': 174, 'learning_rate_init': 2.9074027890675944e-05, 'tol': 1.0117027747902339e-05, 'validation_fraction': 0.7717611536402164}]
/home/ryedida/.local/lib/python3.9/site-packages/sklearn/neural_network/_multilayer_perceptron.py:686: ConvergenceWarning: Stochastic Optimizer: Maximum iterations (200) reached and the optimization hasn't converged yet.
  warnings.warn(

function_evaluation time 2.896679 value -0.477241 suggestion {'alpha': 7.609461084348205e-05, 'batch_size': 219, 'beta_1': 0.5335529090300846, 'beta_2': 0.9039478634746424, 'epsilon': 1.5073232916289018e-08, 'hidden_layer_sizes': 174, 'learning_rate_init': 2.9074027890675944e-05, 'tol': 1.0117027747902339e-05, 'validation_fraction': 0.7717611536402164}
observation time 0.000069, current best -0.961024 at iter 5
suggestion time taken 0.002346 iter 6 next_points [{'alpha': 0.005389276152791865, 'batch_size': 225, 'beta_1': 0.8327914761054239, 'beta_2': 0.9597864283756185, 'epsilon': 2.967596605938466e-07, 'hidden_layer_sizes': 195, 'learning_rate_init': 0.002772356087313723, 'tol': 6.261445077233445e-05, 'validation_fraction': 0.3881485252319879}]
function_evaluation time 1.293489 value -0.965907 suggestion {'alpha': 0.005389276152791865, 'batch_size': 225, 'beta_1': 0.8327914761054239, 'beta_2': 0.9597864283756185, 'epsilon': 2.967596605938466e-07, 'hidden_layer_sizes': 195, 'learning_rate_init': 0.002772356087313723, 'tol': 6.261445077233445e-05, 'validation_fraction': 0.3881485252319879}
observation time 0.000071, current best -0.965907 at iter 6
suggestion time taken 0.002422 iter 7 next_points [{'alpha': 0.0014682697192372619, 'batch_size': 144, 'beta_1': 0.6260802217332905, 'beta_2': 0.9577049000394264, 'epsilon': 2.909527871842278e-09, 'hidden_layer_sizes': 168, 'learning_rate_init': 5.0654143945163054e-05, 'tol': 0.0003025854905214173, 'validation_fraction': 0.23808259865050713}]
function_evaluation time 5.151177 value -0.924843 suggestion {'alpha': 0.0014682697192372619, 'batch_size': 144, 'beta_1': 0.6260802217332905, 'beta_2': 0.9577049000394264, 'epsilon': 2.909527871842278e-09, 'hidden_layer_sizes': 168, 'learning_rate_init': 5.0654143945163054e-05, 'tol': 0.0003025854905214173, 'validation_fraction': 0.23808259865050713}
observation time 0.000073, current best -0.965907 at iter 7
suggestion time taken 0.002166 iter 8 next_points [{'alpha': 0.6349036307672679, 'batch_size': 108, 'beta_1': 0.7812971326466255, 'beta_2': 0.9703010333826276, 'epsilon': 1.6134751620366443e-07, 'hidden_layer_sizes': 176, 'learning_rate_init': 0.009155141766464904, 'tol': 0.07755878784232172, 'validation_fraction': 0.24391504117486065}]
function_evaluation time 0.534261 value -0.964506 suggestion {'alpha': 0.6349036307672679, 'batch_size': 108, 'beta_1': 0.7812971326466255, 'beta_2': 0.9703010333826276, 'epsilon': 1.6134751620366443e-07, 'hidden_layer_sizes': 176, 'learning_rate_init': 0.009155141766464904, 'tol': 0.07755878784232172, 'validation_fraction': 0.24391504117486065}
observation time 0.000072, current best -0.965907 at iter 8
suggestion time taken 0.002138 iter 9 next_points [{'alpha': 0.15317331006320142, 'batch_size': 87, 'beta_1': 0.7564530671152336, 'beta_2': 0.9914047069249248, 'epsilon': 6.548909660067666e-08, 'hidden_layer_sizes': 59, 'learning_rate_init': 0.004042696123563721, 'tol': 3.06998982415151e-05, 'validation_fraction': 0.22623273042247233}]
function_evaluation time 1.028230 value -0.963122 suggestion {'alpha': 0.15317331006320142, 'batch_size': 87, 'beta_1': 0.7564530671152336, 'beta_2': 0.9914047069249248, 'epsilon': 6.548909660067666e-08, 'hidden_layer_sizes': 59, 'learning_rate_init': 0.004042696123563721, 'tol': 3.06998982415151e-05, 'validation_fraction': 0.22623273042247233}
observation time 0.000073, current best -0.965907 at iter 9
suggestion time taken 0.002368 iter 10 next_points [{'alpha': 0.013872279727152485, 'batch_size': 74, 'beta_1': 0.5920299587494555, 'beta_2': 0.9739800151584092, 'epsilon': 5.8170253022628533e-08, 'hidden_layer_sizes': 190, 'learning_rate_init': 0.00038041353465193293, 'tol': 0.03455705129734457, 'validation_fraction': 0.14902290965908396}]
function_evaluation time 1.026492 value -0.940858 suggestion {'alpha': 0.013872279727152485, 'batch_size': 74, 'beta_1': 0.5920299587494555, 'beta_2': 0.9739800151584092, 'epsilon': 5.8170253022628533e-08, 'hidden_layer_sizes': 190, 'learning_rate_init': 0.00038041353465193293, 'tol': 0.03455705129734457, 'validation_fraction': 0.14902290965908396}
observation time 0.000070, current best -0.965907 at iter 10
suggestion time taken 0.002120 iter 11 next_points [{'alpha': 0.00019779565732378748, 'batch_size': 194, 'beta_1': 0.5809657201824204, 'beta_2': 0.991559131977316, 'epsilon': 3.290912620896652e-09, 'hidden_layer_sizes': 171, 'learning_rate_init': 0.00010434928136734025, 'tol': 0.026708905339808537, 'validation_fraction': 0.17360044471637429}]
function_evaluation time 1.275788 value -0.778025 suggestion {'alpha': 0.00019779565732378748, 'batch_size': 194, 'beta_1': 0.5809657201824204, 'beta_2': 0.991559131977316, 'epsilon': 3.290912620896652e-09, 'hidden_layer_sizes': 171, 'learning_rate_init': 0.00010434928136734025, 'tol': 0.026708905339808537, 'validation_fraction': 0.17360044471637429}
observation time 0.000068, current best -0.965907 at iter 11
suggestion time taken 0.002113 iter 12 next_points [{'alpha': 2.4688800587528603, 'batch_size': 82, 'beta_1': 0.7869977280674271, 'beta_2': 0.9758971144862402, 'epsilon': 1.9945748884082263e-09, 'hidden_layer_sizes': 76, 'learning_rate_init': 0.0004923721021088494, 'tol': 0.05879795834948044, 'validation_fraction': 0.48896739299222475}]
function_evaluation time 0.500670 value -0.854566 suggestion {'alpha': 2.4688800587528603, 'batch_size': 82, 'beta_1': 0.7869977280674271, 'beta_2': 0.9758971144862402, 'epsilon': 1.9945748884082263e-09, 'hidden_layer_sizes': 76, 'learning_rate_init': 0.0004923721021088494, 'tol': 0.05879795834948044, 'validation_fraction': 0.48896739299222475}
observation time 0.000090, current best -0.965907 at iter 12
suggestion time taken 0.002433 iter 13 next_points [{'alpha': 0.2970231740705099, 'batch_size': 212, 'beta_1': 0.6802907576307586, 'beta_2': 0.9971345800386271, 'epsilon': 1.5717583756194202e-09, 'hidden_layer_sizes': 181, 'learning_rate_init': 2.6164337797849777e-05, 'tol': 0.014705559904937663, 'validation_fraction': 0.1739637443217369}]
function_evaluation time 0.426324 value -0.089784 suggestion {'alpha': 0.2970231740705099, 'batch_size': 212, 'beta_1': 0.6802907576307586, 'beta_2': 0.9971345800386271, 'epsilon': 1.5717583756194202e-09, 'hidden_layer_sizes': 181, 'learning_rate_init': 2.6164337797849777e-05, 'tol': 0.014705559904937663, 'validation_fraction': 0.1739637443217369}
observation time 0.000073, current best -0.965907 at iter 13
suggestion time taken 0.002134 iter 14 next_points [{'alpha': 1.0750708802618736, 'batch_size': 41, 'beta_1': 0.8085530195238503, 'beta_2': 0.9434679738913411, 'epsilon': 7.959087495860699e-07, 'hidden_layer_sizes': 139, 'learning_rate_init': 0.002260161563972493, 'tol': 8.106148432952796e-05, 'validation_fraction': 0.18109609521911482}]
function_evaluation time 1.902281 value -0.962408 suggestion {'alpha': 1.0750708802618736, 'batch_size': 41, 'beta_1': 0.8085530195238503, 'beta_2': 0.9434679738913411, 'epsilon': 7.959087495860699e-07, 'hidden_layer_sizes': 139, 'learning_rate_init': 0.002260161563972493, 'tol': 8.106148432952796e-05, 'validation_fraction': 0.18109609521911482}
observation time 0.000084, current best -0.965907 at iter 14
saving meta data: {'args': {'--uuid': '301cd4c5a15f563f886b6fd3b50452e4', '-db-root': '/home/ryedida/bbo_challenge_starter_kit/output', '--opt-root': '/home/ryedida/bbo_challenge_starter_kit/example_submissions', '--data-root': None, '--db': 'run_20230424_041950', '--opt': 'hyperopt', '--data': 'digits', '--classifier': 'MLP-adam', '--metric': 'acc', '--calls': 15, '--suggestions': 1, '--jobs-file': None, '--verbose': False, 'dry_run': False, 'rev': 'a376313', 'opt_rev': '0.2.7'}, 'signature': ([{'alpha': 0.019628224813442792, 'batch_size': 182, 'beta_1': 0.9410202200271762, 'beta_2': 0.9998021557676793, 'epsilon': 1.8662266976518e-08, 'hidden_layer_sizes': 147, 'learning_rate_init': 0.0005627932047415167, 'tol': 0.03690557729213761, 'validation_fraction': 0.8846827852548593}, {'alpha': 0.0019982467392329444, 'batch_size': 200, 'beta_1': 0.919111482530466, 'beta_2': 0.9998488260436156, 'epsilon': 5.981221901152555e-07, 'hidden_layer_sizes': 61, 'learning_rate_init': 2.2310905607443014e-05, 'tol': 1.2046852412030316e-05, 'validation_fraction': 0.8117896445826539}, {'alpha': 0.46659545670218433, 'batch_size': 219, 'beta_1': 0.9889789783750891, 'beta_2': 0.9999896868093284, 'epsilon': 2.4234724484675948e-08, 'hidden_layer_sizes': 167, 'learning_rate_init': 2.972334644335654e-05, 'tol': 0.0036281404040243792, 'validation_fraction': 0.17260651658522078}, {'alpha': 4.656005689076002, 'batch_size': 135, 'beta_1': 0.870503881627747, 'beta_2': 0.9948873266941017, 'epsilon': 2.1023308743480125e-07, 'hidden_layer_sizes': 118, 'learning_rate_init': 0.0018781738757161913, 'tol': 1.1889379831773004e-05, 'validation_fraction': 0.6264327093752792}, {'alpha': 0.04705159350400542, 'batch_size': 158, 'beta_1': 0.9870884262730957, 'beta_2': 0.9999596874382349, 'epsilon': 1.1981845126013875e-08, 'hidden_layer_sizes': 116, 'learning_rate_init': 0.00617340520407431, 'tol': 1.741413418158619e-05, 'validation_fraction': 0.6754299026638921}], [-0.21081107239643826, -0.1295489740611692, -0.27999177313201706, -0.9422522260936896, -0.9332050909794812])}
saving results
saving timing
saving suggest log
done
