running: {'--uuid': '344a59b46be7556081186dd1dee87d8d', '-db-root': '/home/ryedida/bbo_challenge_starter_kit/output', '--opt-root': '/home/ryedida/bbo_challenge_starter_kit/example_submissions', '--data-root': None, '--db': 'run_20230424_041950', '--opt': 'smoothness', '--data': 'digits', '--classifier': 'MLP-adam', '--metric': 'nll', '--calls': 15, '--suggestions': 1, '--jobs-file': None, '--verbose': False, 'dry_run': False, 'rev': 'a376313', 'opt_rev': 'x.x.x'}
cmd: python smoothness/optimizer.py -c MLP-adam -d digits -o smoothness -u 344a59b46be7556081186dd1dee87d8d -m nll -n 15 -p 1 -dir /home/ryedida/bbo_challenge_starter_kit/output -b run_20230424_041950
/home/ryedida/.local/lib/python3.9/site-packages/sklearn/neural_network/_multilayer_perceptron.py:605: UserWarning: Got `batch_size` less than 1 or larger than sample size. It is going to be clipped
  warnings.warn(

/home/ryedida/.local/lib/python3.9/site-packages/sklearn/neural_network/_multilayer_perceptron.py:686: ConvergenceWarning: Stochastic Optimizer: Maximum iterations (200) reached and the optimization hasn't converged yet.
  warnings.warn(

computed signature: ([{'alpha': 0.019628224813442792, 'batch_size': 182, 'beta_1': 0.9410202200271762, 'beta_2': 0.9998021557676793, 'epsilon': 1.8662266976518e-08, 'hidden_layer_sizes': 147, 'learning_rate_init': 0.0005627932047415167, 'tol': 0.03690557729213761, 'validation_fraction': 0.8846827852548593}, {'alpha': 0.0019982467392329444, 'batch_size': 200, 'beta_1': 0.919111482530466, 'beta_2': 0.9998488260436156, 'epsilon': 5.981221901152555e-07, 'hidden_layer_sizes': 61, 'learning_rate_init': 2.2310905607443014e-05, 'tol': 1.2046852412030316e-05, 'validation_fraction': 0.8117896445826539}, {'alpha': 0.46659545670218433, 'batch_size': 219, 'beta_1': 0.9889789783750891, 'beta_2': 0.9999896868093284, 'epsilon': 2.4234724484675948e-08, 'hidden_layer_sizes': 167, 'learning_rate_init': 2.972334644335654e-05, 'tol': 0.0036281404040243792, 'validation_fraction': 0.17260651658522078}, {'alpha': 4.656005689076002, 'batch_size': 135, 'beta_1': 0.870503881627747, 'beta_2': 0.9948873266941017, 'epsilon': 2.1023308743480125e-07, 'hidden_layer_sizes': 118, 'learning_rate_init': 0.0018781738757161913, 'tol': 1.1889379831773004e-05, 'validation_fraction': 0.6264327093752792}, {'alpha': 0.04705159350400542, 'batch_size': 158, 'beta_1': 0.9870884262730957, 'beta_2': 0.9999596874382349, 'epsilon': 1.1981845126013875e-08, 'hidden_layer_sizes': 116, 'learning_rate_init': 0.00617340520407431, 'tol': 1.741413418158619e-05, 'validation_fraction': 0.6754299026638921}], [4.8709522768835765, 9.712622772033223, 5.950791832993735, 0.19438427080405424, 0.251902166999456])
/home/ryedida/.local/lib/python3.9/site-packages/bayesmark/signatures.py:85: RuntimeWarning: Signature diverged on MLP-adam_digits_nll betwen [4.71022664 9.71262277 5.92543888 0.18972466 0.25190217] and [ 4.87095228 10.02890359  5.95079183  0.19438427  0.26094505]
  warnings.warn(

Signature errors:
                            0         1         2        3         4       max
MLP-adam_digits_nll  0.160726  0.316281  0.025353  0.00466  0.009043  0.316281
max                  0.160726  0.316281  0.025353  0.00466  0.009043  0.316281
starting sklearn study smoothness MLP-adam digits nll 15 1
with data root: None
suggestion time taken 11.805987 iter 0 next_points [{'alpha': 0.002237768196109581, 'batch_size': 78, 'beta_1': 0.9839546546747175, 'beta_2': 0.999998577921187, 'epsilon': 1.0961336915580461e-07, 'hidden_layer_sizes': 75, 'learning_rate_init': 2.242507082298597e-05, 'tol': 2.635481852757712e-05, 'validation_fraction': 0.43400541411431487}]
/home/ryedida/.local/lib/python3.9/site-packages/sklearn/neural_network/_multilayer_perceptron.py:686: ConvergenceWarning: Stochastic Optimizer: Maximum iterations (200) reached and the optimization hasn't converged yet.
  warnings.warn(

function_evaluation time 4.220665 value 4.013796 suggestion {'alpha': 0.002237768196109581, 'batch_size': 78, 'beta_1': 0.9839546546747175, 'beta_2': 0.999998577921187, 'epsilon': 1.0961336915580461e-07, 'hidden_layer_sizes': 75, 'learning_rate_init': 2.242507082298597e-05, 'tol': 2.635481852757712e-05, 'validation_fraction': 0.43400541411431487}
observation time 0.000006, current best 4.013796 at iter 0
suggestion time taken 11.533991 iter 1 next_points [{'alpha': 6.821451744562246e-05, 'batch_size': 112, 'beta_1': 0.8298106420471129, 'beta_2': 0.9987171736001249, 'epsilon': 1.1852704503714028e-09, 'hidden_layer_sizes': 52, 'learning_rate_init': 0.04290589911796611, 'tol': 9.977595790897627e-05, 'validation_fraction': 0.6647348121627529}]
function_evaluation time 0.729540 value 0.331359 suggestion {'alpha': 6.821451744562246e-05, 'batch_size': 112, 'beta_1': 0.8298106420471129, 'beta_2': 0.9987171736001249, 'epsilon': 1.1852704503714028e-09, 'hidden_layer_sizes': 52, 'learning_rate_init': 0.04290589911796611, 'tol': 9.977595790897627e-05, 'validation_fraction': 0.6647348121627529}
observation time 0.000006, current best 0.331359 at iter 1
suggestion time taken 11.541860 iter 2 next_points [{'alpha': 3.9650045092803787, 'batch_size': 87, 'beta_1': 0.8284349781758066, 'beta_2': 0.9986171241750281, 'epsilon': 1.4709130176148851e-09, 'hidden_layer_sizes': 94, 'learning_rate_init': 0.042781886654638335, 'tol': 0.00062881959043954, 'validation_fraction': 0.1149865140778596}]
function_evaluation time 0.709479 value 0.171554 suggestion {'alpha': 3.9650045092803787, 'batch_size': 87, 'beta_1': 0.8284349781758066, 'beta_2': 0.9986171241750281, 'epsilon': 1.4709130176148851e-09, 'hidden_layer_sizes': 94, 'learning_rate_init': 0.042781886654638335, 'tol': 0.00062881959043954, 'validation_fraction': 0.1149865140778596}
observation time 0.000005, current best 0.171554 at iter 2
suggestion time taken 12.312469 iter 3 next_points [{'alpha': 0.009588579552209299, 'batch_size': 139, 'beta_1': 0.9800376879383192, 'beta_2': 0.9998449850094804, 'epsilon': 3.4967791144537086e-07, 'hidden_layer_sizes': 62, 'learning_rate_init': 1.2619188171724148e-05, 'tol': 8.04769761730055e-05, 'validation_fraction': 0.8487051514493097}]
function_evaluation time 0.263217 value 9.412569 suggestion {'alpha': 0.009588579552209299, 'batch_size': 139, 'beta_1': 0.9800376879383192, 'beta_2': 0.9998449850094804, 'epsilon': 3.4967791144537086e-07, 'hidden_layer_sizes': 62, 'learning_rate_init': 1.2619188171724148e-05, 'tol': 8.04769761730055e-05, 'validation_fraction': 0.8487051514493097}
observation time 0.000005, current best 0.171554 at iter 3
suggestion time taken 11.314840 iter 4 next_points [{'alpha': 0.008994141115632187, 'batch_size': 86, 'beta_1': 0.666643741149642, 'beta_2': 0.9999050512384215, 'epsilon': 1.5274779761649186e-08, 'hidden_layer_sizes': 55, 'learning_rate_init': 8.299726095867671e-05, 'tol': 0.013111002217930897, 'validation_fraction': 0.7317438617725613}]
function_evaluation time 0.208864 value 9.472688 suggestion {'alpha': 0.008994141115632187, 'batch_size': 86, 'beta_1': 0.666643741149642, 'beta_2': 0.9999050512384215, 'epsilon': 1.5274779761649186e-08, 'hidden_layer_sizes': 55, 'learning_rate_init': 8.299726095867671e-05, 'tol': 0.013111002217930897, 'validation_fraction': 0.7317438617725613}
observation time 0.000006, current best 0.171554 at iter 4
suggestion time taken 11.435092 iter 5 next_points [{'alpha': 0.005023843120858399, 'batch_size': 76, 'beta_1': 0.5243715286675096, 'beta_2': 0.9979752170005303, 'epsilon': 2.2490590436996312e-07, 'hidden_layer_sizes': 97, 'learning_rate_init': 0.005186877563651291, 'tol': 0.013303917123394432, 'validation_fraction': 0.8494463344245283}]
function_evaluation time 0.323796 value 0.479760 suggestion {'alpha': 0.005023843120858399, 'batch_size': 76, 'beta_1': 0.5243715286675096, 'beta_2': 0.9979752170005303, 'epsilon': 2.2490590436996312e-07, 'hidden_layer_sizes': 97, 'learning_rate_init': 0.005186877563651291, 'tol': 0.013303917123394432, 'validation_fraction': 0.8494463344245283}
observation time 0.000006, current best 0.171554 at iter 5
suggestion time taken 12.254564 iter 6 next_points [{'alpha': 0.021267351428908832, 'batch_size': 57, 'beta_1': 0.6756591898401084, 'beta_2': 0.9991998706358287, 'epsilon': 4.6840553923351855e-08, 'hidden_layer_sizes': 52, 'learning_rate_init': 0.002173324981621906, 'tol': 0.001015696893083224, 'validation_fraction': 0.3929853212598405}]
function_evaluation time 1.329785 value 0.178785 suggestion {'alpha': 0.021267351428908832, 'batch_size': 57, 'beta_1': 0.6756591898401084, 'beta_2': 0.9991998706358287, 'epsilon': 4.6840553923351855e-08, 'hidden_layer_sizes': 52, 'learning_rate_init': 0.002173324981621906, 'tol': 0.001015696893083224, 'validation_fraction': 0.3929853212598405}
observation time 0.000006, current best 0.171554 at iter 6
suggestion time taken 11.611348 iter 7 next_points [{'alpha': 2.4285193039165096e-05, 'batch_size': 121, 'beta_1': 0.6124499806631577, 'beta_2': 0.9977913508109066, 'epsilon': 1.7626996065767075e-09, 'hidden_layer_sizes': 56, 'learning_rate_init': 0.004027139498812446, 'tol': 0.008288018390077416, 'validation_fraction': 0.6819360753012804}]
function_evaluation time 0.511655 value 0.302548 suggestion {'alpha': 2.4285193039165096e-05, 'batch_size': 121, 'beta_1': 0.6124499806631577, 'beta_2': 0.9977913508109066, 'epsilon': 1.7626996065767075e-09, 'hidden_layer_sizes': 56, 'learning_rate_init': 0.004027139498812446, 'tol': 0.008288018390077416, 'validation_fraction': 0.6819360753012804}
observation time 0.000005, current best 0.171554 at iter 7
suggestion time taken 11.651081 iter 8 next_points [{'alpha': 0.4356882818212734, 'batch_size': 30, 'beta_1': 0.9892557338152207, 'beta_2': 0.9999273640788308, 'epsilon': 3.6325092224565804e-08, 'hidden_layer_sizes': 55, 'learning_rate_init': 0.023189669933203337, 'tol': 4.347475241211322e-05, 'validation_fraction': 0.38693424906520696}]
function_evaluation time 1.604020 value 0.156056 suggestion {'alpha': 0.4356882818212734, 'batch_size': 30, 'beta_1': 0.9892557338152207, 'beta_2': 0.9999273640788308, 'epsilon': 3.6325092224565804e-08, 'hidden_layer_sizes': 55, 'learning_rate_init': 0.023189669933203337, 'tol': 4.347475241211322e-05, 'validation_fraction': 0.38693424906520696}
observation time 0.000005, current best 0.156056 at iter 8
suggestion time taken 11.922730 iter 9 next_points [{'alpha': 0.4881493180434096, 'batch_size': 216, 'beta_1': 0.9445380381669094, 'beta_2': 0.9999922696055873, 'epsilon': 2.935681748122573e-08, 'hidden_layer_sizes': 59, 'learning_rate_init': 0.01375747801187305, 'tol': 4.453207331550752e-05, 'validation_fraction': 0.4655197515704943}]
function_evaluation time 0.754261 value 0.187390 suggestion {'alpha': 0.4881493180434096, 'batch_size': 216, 'beta_1': 0.9445380381669094, 'beta_2': 0.9999922696055873, 'epsilon': 2.935681748122573e-08, 'hidden_layer_sizes': 59, 'learning_rate_init': 0.01375747801187305, 'tol': 4.453207331550752e-05, 'validation_fraction': 0.4655197515704943}
observation time 0.000006, current best 0.156056 at iter 9
suggestion time taken 11.622361 iter 10 next_points [{'alpha': 0.003222878986319087, 'batch_size': 133, 'beta_1': 0.9372446917492524, 'beta_2': 0.9999343222860401, 'epsilon': 5.035536675129288e-09, 'hidden_layer_sizes': 76, 'learning_rate_init': 0.0005518990198469479, 'tol': 0.07442971997331914, 'validation_fraction': 0.3799434084487135}]
function_evaluation time 0.418095 value 0.741074 suggestion {'alpha': 0.003222878986319087, 'batch_size': 133, 'beta_1': 0.9372446917492524, 'beta_2': 0.9999343222860401, 'epsilon': 5.035536675129288e-09, 'hidden_layer_sizes': 76, 'learning_rate_init': 0.0005518990198469479, 'tol': 0.07442971997331914, 'validation_fraction': 0.3799434084487135}
observation time 0.000006, current best 0.156056 at iter 10
suggestion time taken 12.017910 iter 11 next_points [{'alpha': 7.377037634271186e-05, 'batch_size': 134, 'beta_1': 0.9132246203529661, 'beta_2': 0.9993811170727084, 'epsilon': 2.1527863140584466e-07, 'hidden_layer_sizes': 50, 'learning_rate_init': 0.00034604474340954686, 'tol': 2.8466732487093602e-05, 'validation_fraction': 0.10850170154020083}]
function_evaluation time 1.380933 value 0.305286 suggestion {'alpha': 7.377037634271186e-05, 'batch_size': 134, 'beta_1': 0.9132246203529661, 'beta_2': 0.9993811170727084, 'epsilon': 2.1527863140584466e-07, 'hidden_layer_sizes': 50, 'learning_rate_init': 0.00034604474340954686, 'tol': 2.8466732487093602e-05, 'validation_fraction': 0.10850170154020083}
observation time 0.000005, current best 0.156056 at iter 11
suggestion time taken 11.942550 iter 12 next_points [{'alpha': 0.011082151180292845, 'batch_size': 75, 'beta_1': 0.9501483953167751, 'beta_2': 0.9972041600835077, 'epsilon': 8.913668441869109e-08, 'hidden_layer_sizes': 72, 'learning_rate_init': 0.001111477726640857, 'tol': 1.1930076644609095e-05, 'validation_fraction': 0.8886073189791075}]
function_evaluation time 1.245625 value 0.540213 suggestion {'alpha': 0.011082151180292845, 'batch_size': 75, 'beta_1': 0.9501483953167751, 'beta_2': 0.9972041600835077, 'epsilon': 8.913668441869109e-08, 'hidden_layer_sizes': 72, 'learning_rate_init': 0.001111477726640857, 'tol': 1.1930076644609095e-05, 'validation_fraction': 0.8886073189791075}
observation time 0.000006, current best 0.156056 at iter 12
suggestion time taken 11.593462 iter 13 next_points [{'alpha': 6.4103902330487985, 'batch_size': 75, 'beta_1': 0.874081053919913, 'beta_2': 0.9990779035657492, 'epsilon': 1.4239202132123504e-07, 'hidden_layer_sizes': 52, 'learning_rate_init': 0.0009911642725479715, 'tol': 0.0017357949207600137, 'validation_fraction': 0.811062895417861}]
function_evaluation time 1.472555 value 0.344879 suggestion {'alpha': 6.4103902330487985, 'batch_size': 75, 'beta_1': 0.874081053919913, 'beta_2': 0.9990779035657492, 'epsilon': 1.4239202132123504e-07, 'hidden_layer_sizes': 52, 'learning_rate_init': 0.0009911642725479715, 'tol': 0.0017357949207600137, 'validation_fraction': 0.811062895417861}
observation time 0.000005, current best 0.156056 at iter 13
suggestion time taken 11.694825 iter 14 next_points [{'alpha': 1.183811874207179, 'batch_size': 47, 'beta_1': 0.9028821858372911, 'beta_2': 0.9999758969672867, 'epsilon': 2.2767349404803412e-09, 'hidden_layer_sizes': 51, 'learning_rate_init': 0.0010563830233791497, 'tol': 0.08336790725548236, 'validation_fraction': 0.8156622709809471}]
function_evaluation time 0.213443 value 1.310679 suggestion {'alpha': 1.183811874207179, 'batch_size': 47, 'beta_1': 0.9028821858372911, 'beta_2': 0.9999758969672867, 'epsilon': 2.2767349404803412e-09, 'hidden_layer_sizes': 51, 'learning_rate_init': 0.0010563830233791497, 'tol': 0.08336790725548236, 'validation_fraction': 0.8156622709809471}
observation time 0.000006, current best 0.156056 at iter 14
saving meta data: {'args': {'--uuid': '344a59b46be7556081186dd1dee87d8d', '-db-root': '/home/ryedida/bbo_challenge_starter_kit/output', '--opt-root': '/home/ryedida/bbo_challenge_starter_kit/example_submissions', '--data-root': None, '--db': 'run_20230424_041950', '--opt': 'smoothness', '--data': 'digits', '--classifier': 'MLP-adam', '--metric': 'nll', '--calls': 15, '--suggestions': 1, '--jobs-file': None, '--verbose': False, 'dry_run': False, 'rev': 'a376313', 'opt_rev': 'x.x.x'}, 'signature': ([{'alpha': 0.019628224813442792, 'batch_size': 182, 'beta_1': 0.9410202200271762, 'beta_2': 0.9998021557676793, 'epsilon': 1.8662266976518e-08, 'hidden_layer_sizes': 147, 'learning_rate_init': 0.0005627932047415167, 'tol': 0.03690557729213761, 'validation_fraction': 0.8846827852548593}, {'alpha': 0.0019982467392329444, 'batch_size': 200, 'beta_1': 0.919111482530466, 'beta_2': 0.9998488260436156, 'epsilon': 5.981221901152555e-07, 'hidden_layer_sizes': 61, 'learning_rate_init': 2.2310905607443014e-05, 'tol': 1.2046852412030316e-05, 'validation_fraction': 0.8117896445826539}, {'alpha': 0.46659545670218433, 'batch_size': 219, 'beta_1': 0.9889789783750891, 'beta_2': 0.9999896868093284, 'epsilon': 2.4234724484675948e-08, 'hidden_layer_sizes': 167, 'learning_rate_init': 2.972334644335654e-05, 'tol': 0.0036281404040243792, 'validation_fraction': 0.17260651658522078}, {'alpha': 4.656005689076002, 'batch_size': 135, 'beta_1': 0.870503881627747, 'beta_2': 0.9948873266941017, 'epsilon': 2.1023308743480125e-07, 'hidden_layer_sizes': 118, 'learning_rate_init': 0.0018781738757161913, 'tol': 1.1889379831773004e-05, 'validation_fraction': 0.6264327093752792}, {'alpha': 0.04705159350400542, 'batch_size': 158, 'beta_1': 0.9870884262730957, 'beta_2': 0.9999596874382349, 'epsilon': 1.1981845126013875e-08, 'hidden_layer_sizes': 116, 'learning_rate_init': 0.00617340520407431, 'tol': 1.741413418158619e-05, 'validation_fraction': 0.6754299026638921}], [4.8709522768835765, 9.712622772033223, 5.950791832993735, 0.19438427080405424, 0.251902166999456])}
saving results
saving timing
saving suggest log
done
