running: {'--uuid': '441deb59d6725624ae6793928916264d', '-db-root': '/home/ryedida/bbo_challenge_starter_kit/output', '--opt-root': '/home/ryedida/bbo_challenge_starter_kit/example_submissions', '--data-root': None, '--db': 'run_20230424_041950', '--opt': 'turbo', '--data': 'digits', '--classifier': 'MLP-adam', '--metric': 'nll', '--calls': 15, '--suggestions': 1, '--jobs-file': None, '--verbose': False, 'dry_run': False, 'rev': 'a376313', 'opt_rev': '0.0.1'}
cmd: python turbo/optimizer.py -c MLP-adam -d digits -o turbo -u 441deb59d6725624ae6793928916264d -m nll -n 15 -p 1 -dir /home/ryedida/bbo_challenge_starter_kit/output -b run_20230424_041950
/home/ryedida/.local/lib/python3.9/site-packages/sklearn/neural_network/_multilayer_perceptron.py:605: UserWarning: Got `batch_size` less than 1 or larger than sample size. It is going to be clipped
  warnings.warn(

/home/ryedida/.local/lib/python3.9/site-packages/sklearn/neural_network/_multilayer_perceptron.py:686: ConvergenceWarning: Stochastic Optimizer: Maximum iterations (200) reached and the optimization hasn't converged yet.
  warnings.warn(

computed signature: ([{'alpha': 0.019628224813442792, 'batch_size': 182, 'beta_1': 0.9410202200271762, 'beta_2': 0.9998021557676793, 'epsilon': 1.8662266976518e-08, 'hidden_layer_sizes': 147, 'learning_rate_init': 0.0005627932047415167, 'tol': 0.03690557729213761, 'validation_fraction': 0.8846827852548593}, {'alpha': 0.0019982467392329444, 'batch_size': 200, 'beta_1': 0.919111482530466, 'beta_2': 0.9998488260436156, 'epsilon': 5.981221901152555e-07, 'hidden_layer_sizes': 61, 'learning_rate_init': 2.2310905607443014e-05, 'tol': 1.2046852412030316e-05, 'validation_fraction': 0.8117896445826539}, {'alpha': 0.46659545670218433, 'batch_size': 219, 'beta_1': 0.9889789783750891, 'beta_2': 0.9999896868093284, 'epsilon': 2.4234724484675948e-08, 'hidden_layer_sizes': 167, 'learning_rate_init': 2.972334644335654e-05, 'tol': 0.0036281404040243792, 'validation_fraction': 0.17260651658522078}, {'alpha': 4.656005689076002, 'batch_size': 135, 'beta_1': 0.870503881627747, 'beta_2': 0.9948873266941017, 'epsilon': 2.1023308743480125e-07, 'hidden_layer_sizes': 118, 'learning_rate_init': 0.0018781738757161913, 'tol': 1.1889379831773004e-05, 'validation_fraction': 0.6264327093752792}, {'alpha': 0.04705159350400542, 'batch_size': 158, 'beta_1': 0.9870884262730957, 'beta_2': 0.9999596874382349, 'epsilon': 1.1981845126013875e-08, 'hidden_layer_sizes': 116, 'learning_rate_init': 0.00617340520407431, 'tol': 1.741413418158619e-05, 'validation_fraction': 0.6754299026638921}], [4.8709522768835765, 9.712622772033223, 5.950791832993735, 0.19438427080405424, 0.251902166999456])
/home/ryedida/.local/lib/python3.9/site-packages/bayesmark/signatures.py:85: RuntimeWarning: Signature diverged on MLP-adam_digits_nll betwen [4.71022664 9.71262277 5.92543888 0.18972466 0.25190217] and [ 4.87095228 10.02890359  5.95079183  0.19438427  0.26094505]
  warnings.warn(

Signature errors:
                            0         1         2        3         4       max
MLP-adam_digits_nll  0.160726  0.316281  0.025353  0.00466  0.009043  0.316281
max                  0.160726  0.316281  0.025353  0.00466  0.009043  0.316281
starting sklearn study turbo MLP-adam digits nll 15 1
with data root: None
suggestion time taken 0.002450 iter 0 next_points [{'alpha': 0.5369192784551591, 'batch_size': 116, 'beta_1': 0.9832752960417338, 'beta_2': 0.9630084317444866, 'epsilon': 3.323063721713939e-08, 'hidden_layer_sizes': 82, 'learning_rate_init': 0.00010679497946544394, 'tol': 2.5489743829654577e-05, 'validation_fraction': 0.425278428925818}]
function_evaluation time 2.841324 value 3.858671 suggestion {'alpha': 0.5369192784551591, 'batch_size': 116, 'beta_1': 0.9832752960417338, 'beta_2': 0.9630084317444866, 'epsilon': 3.323063721713939e-08, 'hidden_layer_sizes': 82, 'learning_rate_init': 0.00010679497946544394, 'tol': 2.5489743829654577e-05, 'validation_fraction': 0.425278428925818}
observation time 0.001403, current best 3.858671 at iter 0
suggestion time taken 0.001782 iter 1 next_points [{'alpha': 0.0004958069477652277, 'batch_size': 215, 'beta_1': 0.9628968212724622, 'beta_2': 0.9999473574903542, 'epsilon': 3.3379211274390677e-09, 'hidden_layer_sizes': 100, 'learning_rate_init': 0.001541680005955908, 'tol': 0.03161844236908181, 'validation_fraction': 0.3292859146191989}]
function_evaluation time 0.478159 value 0.233736 suggestion {'alpha': 0.0004958069477652277, 'batch_size': 215, 'beta_1': 0.9628968212724622, 'beta_2': 0.9999473574903542, 'epsilon': 3.3379211274390677e-09, 'hidden_layer_sizes': 100, 'learning_rate_init': 0.001541680005955908, 'tol': 0.03161844236908181, 'validation_fraction': 0.3292859146191989}
observation time 0.001384, current best 0.233736 at iter 1
suggestion time taken 0.001733 iter 2 next_points [{'alpha': 0.16716135504729504, 'batch_size': 170, 'beta_1': 0.9312333685044403, 'beta_2': 0.9933634169464028, 'epsilon': 1.3411293914380725e-08, 'hidden_layer_sizes': 124, 'learning_rate_init': 0.009611685229581194, 'tol': 0.03941400877318917, 'validation_fraction': 0.40772164899318647}]
function_evaluation time 0.390339 value 0.211592 suggestion {'alpha': 0.16716135504729504, 'batch_size': 170, 'beta_1': 0.9312333685044403, 'beta_2': 0.9933634169464028, 'epsilon': 1.3411293914380725e-08, 'hidden_layer_sizes': 124, 'learning_rate_init': 0.009611685229581194, 'tol': 0.03941400877318917, 'validation_fraction': 0.40772164899318647}
observation time 0.001390, current best 0.211592 at iter 2
suggestion time taken 0.001737 iter 3 next_points [{'alpha': 0.6617150278250437, 'batch_size': 211, 'beta_1': 0.64391828667224, 'beta_2': 0.9998688574217907, 'epsilon': 4.4167789118946e-08, 'hidden_layer_sizes': 62, 'learning_rate_init': 0.03885886338978232, 'tol': 0.002275254114024353, 'validation_fraction': 0.5438199089080653}]
function_evaluation time 0.537526 value 0.193804 suggestion {'alpha': 0.6617150278250437, 'batch_size': 211, 'beta_1': 0.64391828667224, 'beta_2': 0.9998688574217907, 'epsilon': 4.4167789118946e-08, 'hidden_layer_sizes': 62, 'learning_rate_init': 0.03885886338978232, 'tol': 0.002275254114024353, 'validation_fraction': 0.5438199089080653}
observation time 0.001498, current best 0.193804 at iter 3
suggestion time taken 0.001858 iter 4 next_points [{'alpha': 2.0793491681438265, 'batch_size': 179, 'beta_1': 0.6017840399084123, 'beta_2': 0.9999981736739095, 'epsilon': 6.8821776002209155e-09, 'hidden_layer_sizes': 143, 'learning_rate_init': 0.0008070608761862514, 'tol': 0.006957483782537107, 'validation_fraction': 0.15536145513873886}]
function_evaluation time 1.125410 value 0.161396 suggestion {'alpha': 2.0793491681438265, 'batch_size': 179, 'beta_1': 0.6017840399084123, 'beta_2': 0.9999981736739095, 'epsilon': 6.8821776002209155e-09, 'hidden_layer_sizes': 143, 'learning_rate_init': 0.0008070608761862514, 'tol': 0.006957483782537107, 'validation_fraction': 0.15536145513873886}
observation time 0.001359, current best 0.161396 at iter 4
suggestion time taken 0.001684 iter 5 next_points [{'alpha': 7.108992416860896e-05, 'batch_size': 137, 'beta_1': 0.9846407771663769, 'beta_2': 0.9982746410706972, 'epsilon': 1.8303843835898381e-07, 'hidden_layer_sizes': 109, 'learning_rate_init': 0.0026723577769775905, 'tol': 0.0012424704897124879, 'validation_fraction': 0.12579446725454227}]
function_evaluation time 1.056319 value 0.167337 suggestion {'alpha': 7.108992416860896e-05, 'batch_size': 137, 'beta_1': 0.9846407771663769, 'beta_2': 0.9982746410706972, 'epsilon': 1.8303843835898381e-07, 'hidden_layer_sizes': 109, 'learning_rate_init': 0.0026723577769775905, 'tol': 0.0012424704897124879, 'validation_fraction': 0.12579446725454227}
observation time 0.001396, current best 0.161396 at iter 5
suggestion time taken 0.001756 iter 6 next_points [{'alpha': 0.00018650693201238946, 'batch_size': 150, 'beta_1': 0.8919905214240761, 'beta_2': 0.9988368932862826, 'epsilon': 1.0055038235008037e-08, 'hidden_layer_sizes': 74, 'learning_rate_init': 2.0029216879649403e-05, 'tol': 3.821718080510458e-05, 'validation_fraction': 0.7532666121802891}]
function_evaluation time 0.441827 value 10.161070 suggestion {'alpha': 0.00018650693201238946, 'batch_size': 150, 'beta_1': 0.8919905214240761, 'beta_2': 0.9988368932862826, 'epsilon': 1.0055038235008037e-08, 'hidden_layer_sizes': 74, 'learning_rate_init': 2.0029216879649403e-05, 'tol': 3.821718080510458e-05, 'validation_fraction': 0.7532666121802891}
observation time 0.001401, current best 0.161396 at iter 6
suggestion time taken 0.001921 iter 7 next_points [{'alpha': 7.568839568676756, 'batch_size': 28, 'beta_1': 0.8416642834067695, 'beta_2': 0.9999812219516788, 'epsilon': 5.395857525305851e-07, 'hidden_layer_sizes': 171, 'learning_rate_init': 0.022150368018689595, 'tol': 9.872610372822274e-05, 'validation_fraction': 0.8592553072866878}]
function_evaluation time 0.626642 value 0.413557 suggestion {'alpha': 7.568839568676756, 'batch_size': 28, 'beta_1': 0.8416642834067695, 'beta_2': 0.9999812219516788, 'epsilon': 5.395857525305851e-07, 'hidden_layer_sizes': 171, 'learning_rate_init': 0.022150368018689595, 'tol': 9.872610372822274e-05, 'validation_fraction': 0.8592553072866878}
observation time 0.001347, current best 0.161396 at iter 7
suggestion time taken 0.001755 iter 8 next_points [{'alpha': 0.00015129451558673743, 'batch_size': 230, 'beta_1': 0.9375222924905473, 'beta_2': 0.9999741471748033, 'epsilon': 9.890166808649389e-08, 'hidden_layer_sizes': 150, 'learning_rate_init': 0.0034309941969123976, 'tol': 0.00014472939074643953, 'validation_fraction': 0.6008748178818948}]
function_evaluation time 0.861934 value 0.211726 suggestion {'alpha': 0.00015129451558673743, 'batch_size': 230, 'beta_1': 0.9375222924905473, 'beta_2': 0.9999741471748033, 'epsilon': 9.890166808649389e-08, 'hidden_layer_sizes': 150, 'learning_rate_init': 0.0034309941969123976, 'tol': 0.00014472939074643953, 'validation_fraction': 0.6008748178818948}
observation time 0.001399, current best 0.161396 at iter 8
suggestion time taken 0.001740 iter 9 next_points [{'alpha': 1.4621655915823616e-05, 'batch_size': 49, 'beta_1': 0.9118919496661353, 'beta_2': 0.9999957176908401, 'epsilon': 9.68927013740905e-07, 'hidden_layer_sizes': 184, 'learning_rate_init': 0.000652205141304186, 'tol': 0.000629301039731723, 'validation_fraction': 0.6594045577203086}]
function_evaluation time 2.672650 value 0.192733 suggestion {'alpha': 1.4621655915823616e-05, 'batch_size': 49, 'beta_1': 0.9118919496661353, 'beta_2': 0.9999957176908401, 'epsilon': 9.68927013740905e-07, 'hidden_layer_sizes': 184, 'learning_rate_init': 0.000652205141304186, 'tol': 0.000629301039731723, 'validation_fraction': 0.6594045577203086}
observation time 0.001368, current best 0.161396 at iter 9
suggestion time taken 0.001957 iter 10 next_points [{'alpha': 2.9305266960257756, 'batch_size': 44, 'beta_1': 0.7293466187545109, 'beta_2': 0.9967653770484646, 'epsilon': 1.664317866066353e-09, 'hidden_layer_sizes': 193, 'learning_rate_init': 1.397798282448743e-05, 'tol': 0.00028227374523752153, 'validation_fraction': 0.8956027835568642}]
/home/ryedida/.local/lib/python3.9/site-packages/sklearn/neural_network/_multilayer_perceptron.py:686: ConvergenceWarning: Stochastic Optimizer: Maximum iterations (200) reached and the optimization hasn't converged yet.
  warnings.warn(

function_evaluation time 2.061712 value 6.858327 suggestion {'alpha': 2.9305266960257756, 'batch_size': 44, 'beta_1': 0.7293466187545109, 'beta_2': 0.9967653770484646, 'epsilon': 1.664317866066353e-09, 'hidden_layer_sizes': 193, 'learning_rate_init': 1.397798282448743e-05, 'tol': 0.00028227374523752153, 'validation_fraction': 0.8956027835568642}
observation time 0.001578, current best 0.161396 at iter 10
suggestion time taken 0.001796 iter 11 next_points [{'alpha': 0.0022188640973031895, 'batch_size': 110, 'beta_1': 0.9684361214502969, 'beta_2': 0.9999934665684446, 'epsilon': 2.3019257990814138e-08, 'hidden_layer_sizes': 177, 'learning_rate_init': 0.00014794988038834944, 'tol': 0.07796343186047285, 'validation_fraction': 0.11325885613412495}]
function_evaluation time 0.923162 value 0.612833 suggestion {'alpha': 0.0022188640973031895, 'batch_size': 110, 'beta_1': 0.9684361214502969, 'beta_2': 0.9999934665684446, 'epsilon': 2.3019257990814138e-08, 'hidden_layer_sizes': 177, 'learning_rate_init': 0.00014794988038834944, 'tol': 0.07796343186047285, 'validation_fraction': 0.11325885613412495}
observation time 0.001349, current best 0.161396 at iter 11
suggestion time taken 0.001749 iter 12 next_points [{'alpha': 0.11928883160340645, 'batch_size': 84, 'beta_1': 0.6902029836744418, 'beta_2': 0.9825413641259704, 'epsilon': 2.7932701308015723e-07, 'hidden_layer_sizes': 155, 'learning_rate_init': 0.026969648648416562, 'tol': 5.7640065550707214e-05, 'validation_fraction': 0.477349089562874}]
function_evaluation time 0.974531 value 0.197729 suggestion {'alpha': 0.11928883160340645, 'batch_size': 84, 'beta_1': 0.6902029836744418, 'beta_2': 0.9825413641259704, 'epsilon': 2.7932701308015723e-07, 'hidden_layer_sizes': 155, 'learning_rate_init': 0.026969648648416562, 'tol': 5.7640065550707214e-05, 'validation_fraction': 0.477349089562874}
observation time 0.001386, current best 0.161396 at iter 12
suggestion time taken 0.001770 iter 13 next_points [{'alpha': 0.0009393483046518665, 'batch_size': 16, 'beta_1': 0.952151087846152, 'beta_2': 0.999388393097871, 'epsilon': 5.060203552202914e-09, 'hidden_layer_sizes': 69, 'learning_rate_init': 0.0002671453029238138, 'tol': 0.001556315702575923, 'validation_fraction': 0.7983977611974448}]
function_evaluation time 3.179988 value 0.382365 suggestion {'alpha': 0.0009393483046518665, 'batch_size': 16, 'beta_1': 0.952151087846152, 'beta_2': 0.999388393097871, 'epsilon': 5.060203552202914e-09, 'hidden_layer_sizes': 69, 'learning_rate_init': 0.0002671453029238138, 'tol': 0.001556315702575923, 'validation_fraction': 0.7983977611974448}
observation time 0.001341, current best 0.161396 at iter 13
suggestion time taken 0.001714 iter 14 next_points [{'alpha': 0.009321232174968866, 'batch_size': 133, 'beta_1': 0.8564616659978276, 'beta_2': 0.9999970132999818, 'epsilon': 4.080127549225531e-07, 'hidden_layer_sizes': 132, 'learning_rate_init': 0.06362857569965426, 'tol': 1.2419572535324816e-05, 'validation_fraction': 0.7178618502852323}]
function_evaluation time 0.933740 value 0.818775 suggestion {'alpha': 0.009321232174968866, 'batch_size': 133, 'beta_1': 0.8564616659978276, 'beta_2': 0.9999970132999818, 'epsilon': 4.080127549225531e-07, 'hidden_layer_sizes': 132, 'learning_rate_init': 0.06362857569965426, 'tol': 1.2419572535324816e-05, 'validation_fraction': 0.7178618502852323}
observation time 0.001362, current best 0.161396 at iter 14
saving meta data: {'args': {'--uuid': '441deb59d6725624ae6793928916264d', '-db-root': '/home/ryedida/bbo_challenge_starter_kit/output', '--opt-root': '/home/ryedida/bbo_challenge_starter_kit/example_submissions', '--data-root': None, '--db': 'run_20230424_041950', '--opt': 'turbo', '--data': 'digits', '--classifier': 'MLP-adam', '--metric': 'nll', '--calls': 15, '--suggestions': 1, '--jobs-file': None, '--verbose': False, 'dry_run': False, 'rev': 'a376313', 'opt_rev': '0.0.1'}, 'signature': ([{'alpha': 0.019628224813442792, 'batch_size': 182, 'beta_1': 0.9410202200271762, 'beta_2': 0.9998021557676793, 'epsilon': 1.8662266976518e-08, 'hidden_layer_sizes': 147, 'learning_rate_init': 0.0005627932047415167, 'tol': 0.03690557729213761, 'validation_fraction': 0.8846827852548593}, {'alpha': 0.0019982467392329444, 'batch_size': 200, 'beta_1': 0.919111482530466, 'beta_2': 0.9998488260436156, 'epsilon': 5.981221901152555e-07, 'hidden_layer_sizes': 61, 'learning_rate_init': 2.2310905607443014e-05, 'tol': 1.2046852412030316e-05, 'validation_fraction': 0.8117896445826539}, {'alpha': 0.46659545670218433, 'batch_size': 219, 'beta_1': 0.9889789783750891, 'beta_2': 0.9999896868093284, 'epsilon': 2.4234724484675948e-08, 'hidden_layer_sizes': 167, 'learning_rate_init': 2.972334644335654e-05, 'tol': 0.0036281404040243792, 'validation_fraction': 0.17260651658522078}, {'alpha': 4.656005689076002, 'batch_size': 135, 'beta_1': 0.870503881627747, 'beta_2': 0.9948873266941017, 'epsilon': 2.1023308743480125e-07, 'hidden_layer_sizes': 118, 'learning_rate_init': 0.0018781738757161913, 'tol': 1.1889379831773004e-05, 'validation_fraction': 0.6264327093752792}, {'alpha': 0.04705159350400542, 'batch_size': 158, 'beta_1': 0.9870884262730957, 'beta_2': 0.9999596874382349, 'epsilon': 1.1981845126013875e-08, 'hidden_layer_sizes': 116, 'learning_rate_init': 0.00617340520407431, 'tol': 1.741413418158619e-05, 'validation_fraction': 0.6754299026638921}], [4.8709522768835765, 9.712622772033223, 5.950791832993735, 0.19438427080405424, 0.251902166999456])}
saving results
saving timing
saving suggest log
done
