running: {'--uuid': '4c221181ec0e566eaec46db0114cae30', '-db-root': '/home/ryedida/bbo_challenge_starter_kit/output', '--opt-root': '/home/ryedida/bbo_challenge_starter_kit/example_submissions', '--data-root': None, '--db': 'run_20230424_041950', '--opt': 'hyperopt', '--data': 'digits', '--classifier': 'MLP-adam', '--metric': 'acc', '--calls': 15, '--suggestions': 1, '--jobs-file': None, '--verbose': False, 'dry_run': False, 'rev': 'a376313', 'opt_rev': '0.2.7'}
cmd: python hyperopt/optimizer.py -c MLP-adam -d digits -o hyperopt -u 4c221181ec0e566eaec46db0114cae30 -m acc -n 15 -p 1 -dir /home/ryedida/bbo_challenge_starter_kit/output -b run_20230424_041950
/home/ryedida/.local/lib/python3.9/site-packages/sklearn/neural_network/_multilayer_perceptron.py:605: UserWarning: Got `batch_size` less than 1 or larger than sample size. It is going to be clipped
  warnings.warn(

/home/ryedida/.local/lib/python3.9/site-packages/sklearn/neural_network/_multilayer_perceptron.py:686: ConvergenceWarning: Stochastic Optimizer: Maximum iterations (200) reached and the optimization hasn't converged yet.
  warnings.warn(

computed signature: ([{'alpha': 0.019628224813442792, 'batch_size': 182, 'beta_1': 0.9410202200271762, 'beta_2': 0.9998021557676793, 'epsilon': 1.8662266976518e-08, 'hidden_layer_sizes': 147, 'learning_rate_init': 0.0005627932047415167, 'tol': 0.03690557729213761, 'validation_fraction': 0.8846827852548593}, {'alpha': 0.0019982467392329444, 'batch_size': 200, 'beta_1': 0.919111482530466, 'beta_2': 0.9998488260436156, 'epsilon': 5.981221901152555e-07, 'hidden_layer_sizes': 61, 'learning_rate_init': 2.2310905607443014e-05, 'tol': 1.2046852412030316e-05, 'validation_fraction': 0.8117896445826539}, {'alpha': 0.46659545670218433, 'batch_size': 219, 'beta_1': 0.9889789783750891, 'beta_2': 0.9999896868093284, 'epsilon': 2.4234724484675948e-08, 'hidden_layer_sizes': 167, 'learning_rate_init': 2.972334644335654e-05, 'tol': 0.0036281404040243792, 'validation_fraction': 0.17260651658522078}, {'alpha': 4.656005689076002, 'batch_size': 135, 'beta_1': 0.870503881627747, 'beta_2': 0.9948873266941017, 'epsilon': 2.1023308743480125e-07, 'hidden_layer_sizes': 118, 'learning_rate_init': 0.0018781738757161913, 'tol': 1.1889379831773004e-05, 'validation_fraction': 0.6264327093752792}, {'alpha': 0.04705159350400542, 'batch_size': 158, 'beta_1': 0.9870884262730957, 'beta_2': 0.9999596874382349, 'epsilon': 1.1981845126013875e-08, 'hidden_layer_sizes': 116, 'learning_rate_init': 0.00617340520407431, 'tol': 1.741413418158619e-05, 'validation_fraction': 0.6754299026638921}], [-0.21081107239643826, -0.1295489740611692, -0.27999177313201706, -0.9422522260936896, -0.9332050909794812])
/home/ryedida/.local/lib/python3.9/site-packages/bayesmark/signatures.py:85: RuntimeWarning: Signature diverged on MLP-adam_digits_acc betwen [-0.2181506  -0.12954897 -0.42701514 -0.94997127 -0.93320509] and [-0.21081107 -0.11575494 -0.27999177 -0.94225223 -0.93253861]
  warnings.warn(

Signature errors:
                           0         1         2         3         4       max
MLP-adam_digits_acc  0.00734  0.013794  0.147023  0.007719  0.000666  0.147023
max                  0.00734  0.013794  0.147023  0.007719  0.000666  0.147023
starting sklearn study hyperopt MLP-adam digits acc 15 1
with data root: None
suggestion time taken 0.002360 iter 0 next_points [{'alpha': 6.912325498350802, 'batch_size': 217, 'beta_1': 0.6443653945624729, 'beta_2': 0.9251921023596422, 'epsilon': 2.0237238169283708e-08, 'hidden_layer_sizes': 70, 'learning_rate_init': 0.09375477378189409, 'tol': 3.060705643204344e-05, 'validation_fraction': 0.43802098499822895}]
function_evaluation time 0.318212 value -0.369495 suggestion {'alpha': 6.912325498350802, 'batch_size': 217, 'beta_1': 0.6443653945624729, 'beta_2': 0.9251921023596422, 'epsilon': 2.0237238169283708e-08, 'hidden_layer_sizes': 70, 'learning_rate_init': 0.09375477378189409, 'tol': 3.060705643204344e-05, 'validation_fraction': 0.43802098499822895}
observation time 0.000067, current best -0.369495 at iter 0
suggestion time taken 0.002620 iter 1 next_points [{'alpha': 0.020574218747184347, 'batch_size': 169, 'beta_1': 0.9533948007823899, 'beta_2': 0.9315088775914673, 'epsilon': 2.3776269812154195e-07, 'hidden_layer_sizes': 69, 'learning_rate_init': 1.0214455770694915e-05, 'tol': 0.03141997672232397, 'validation_fraction': 0.23456412339159566}]
function_evaluation time 0.296908 value -0.110603 suggestion {'alpha': 0.020574218747184347, 'batch_size': 169, 'beta_1': 0.9533948007823899, 'beta_2': 0.9315088775914673, 'epsilon': 2.3776269812154195e-07, 'hidden_layer_sizes': 69, 'learning_rate_init': 1.0214455770694915e-05, 'tol': 0.03141997672232397, 'validation_fraction': 0.23456412339159566}
observation time 0.000064, current best -0.369495 at iter 1
suggestion time taken 0.002116 iter 2 next_points [{'alpha': 0.004458351447548239, 'batch_size': 216, 'beta_1': 0.5661269727480314, 'beta_2': 0.9328377346927008, 'epsilon': 5.422549096985976e-09, 'hidden_layer_sizes': 153, 'learning_rate_init': 3.970801427873742e-05, 'tol': 0.001778424114819813, 'validation_fraction': 0.25983917187956046}]
/home/ryedida/.local/lib/python3.9/site-packages/sklearn/neural_network/_multilayer_perceptron.py:686: ConvergenceWarning: Stochastic Optimizer: Maximum iterations (200) reached and the optimization hasn't converged yet.
  warnings.warn(

function_evaluation time 3.668214 value -0.606223 suggestion {'alpha': 0.004458351447548239, 'batch_size': 216, 'beta_1': 0.5661269727480314, 'beta_2': 0.9328377346927008, 'epsilon': 5.422549096985976e-09, 'hidden_layer_sizes': 153, 'learning_rate_init': 3.970801427873742e-05, 'tol': 0.001778424114819813, 'validation_fraction': 0.25983917187956046}
observation time 0.000067, current best -0.606223 at iter 2
suggestion time taken 0.002096 iter 3 next_points [{'alpha': 0.0009623182549768613, 'batch_size': 12, 'beta_1': 0.5353758434444077, 'beta_2': 0.9067062007421256, 'epsilon': 1.2547041098936575e-08, 'hidden_layer_sizes': 158, 'learning_rate_init': 0.026094109722014983, 'tol': 0.00016917439919686143, 'validation_fraction': 0.17462256543412738}]
function_evaluation time 4.320398 value -0.945727 suggestion {'alpha': 0.0009623182549768613, 'batch_size': 12, 'beta_1': 0.5353758434444077, 'beta_2': 0.9067062007421256, 'epsilon': 1.2547041098936575e-08, 'hidden_layer_sizes': 158, 'learning_rate_init': 0.026094109722014983, 'tol': 0.00016917439919686143, 'validation_fraction': 0.17462256543412738}
observation time 0.000074, current best -0.945727 at iter 3
suggestion time taken 0.002103 iter 4 next_points [{'alpha': 3.7673446796713783, 'batch_size': 221, 'beta_1': 0.9201146390910891, 'beta_2': 0.9209509255915428, 'epsilon': 2.6537726106530332e-08, 'hidden_layer_sizes': 163, 'learning_rate_init': 1.0028676803989505e-05, 'tol': 0.030950693994172575, 'validation_fraction': 0.8380042894744553}]
function_evaluation time 0.201435 value -0.095388 suggestion {'alpha': 3.7673446796713783, 'batch_size': 221, 'beta_1': 0.9201146390910891, 'beta_2': 0.9209509255915428, 'epsilon': 2.6537726106530332e-08, 'hidden_layer_sizes': 163, 'learning_rate_init': 1.0028676803989505e-05, 'tol': 0.030950693994172575, 'validation_fraction': 0.8380042894744553}
observation time 0.000070, current best -0.945727 at iter 4
suggestion time taken 0.002090 iter 5 next_points [{'alpha': 0.0007213194881582317, 'batch_size': 195, 'beta_1': 0.6889673200933694, 'beta_2': 0.9404399666094918, 'epsilon': 4.1980125736428225e-09, 'hidden_layer_sizes': 82, 'learning_rate_init': 1.3584923739566791e-05, 'tol': 0.01934829327944546, 'validation_fraction': 0.4738629368742825}]
function_evaluation time 0.237751 value -0.077294 suggestion {'alpha': 0.0007213194881582317, 'batch_size': 195, 'beta_1': 0.6889673200933694, 'beta_2': 0.9404399666094918, 'epsilon': 4.1980125736428225e-09, 'hidden_layer_sizes': 82, 'learning_rate_init': 1.3584923739566791e-05, 'tol': 0.01934829327944546, 'validation_fraction': 0.4738629368742825}
observation time 0.000077, current best -0.945727 at iter 5
suggestion time taken 0.002306 iter 6 next_points [{'alpha': 0.3400585829111646, 'batch_size': 150, 'beta_1': 0.9334185370326414, 'beta_2': 0.9656948296434785, 'epsilon': 5.1990312019101155e-09, 'hidden_layer_sizes': 150, 'learning_rate_init': 0.022319625246742872, 'tol': 0.0033286111101529883, 'validation_fraction': 0.3815930811669949}]
function_evaluation time 0.885833 value -0.954772 suggestion {'alpha': 0.3400585829111646, 'batch_size': 150, 'beta_1': 0.9334185370326414, 'beta_2': 0.9656948296434785, 'epsilon': 5.1990312019101155e-09, 'hidden_layer_sizes': 150, 'learning_rate_init': 0.022319625246742872, 'tol': 0.0033286111101529883, 'validation_fraction': 0.3815930811669949}
observation time 0.000069, current best -0.954772 at iter 6
suggestion time taken 0.002186 iter 7 next_points [{'alpha': 0.023734457222043804, 'batch_size': 122, 'beta_1': 0.8988911456618404, 'beta_2': 0.9423944781131269, 'epsilon': 5.6991205278779394e-09, 'hidden_layer_sizes': 72, 'learning_rate_init': 0.011360008201077045, 'tol': 0.00028107181612298753, 'validation_fraction': 0.4081283593880676}]
function_evaluation time 0.750756 value -0.959635 suggestion {'alpha': 0.023734457222043804, 'batch_size': 122, 'beta_1': 0.8988911456618404, 'beta_2': 0.9423944781131269, 'epsilon': 5.6991205278779394e-09, 'hidden_layer_sizes': 72, 'learning_rate_init': 0.011360008201077045, 'tol': 0.00028107181612298753, 'validation_fraction': 0.4081283593880676}
observation time 0.000075, current best -0.959635 at iter 7
suggestion time taken 0.002090 iter 8 next_points [{'alpha': 0.2588764233673822, 'batch_size': 240, 'beta_1': 0.9178678891087233, 'beta_2': 0.9182890286928507, 'epsilon': 4.6850100215343924e-08, 'hidden_layer_sizes': 97, 'learning_rate_init': 0.09522149574582048, 'tol': 0.003281947245648406, 'validation_fraction': 0.6887555142007765}]
function_evaluation time 0.412344 value -0.549724 suggestion {'alpha': 0.2588764233673822, 'batch_size': 240, 'beta_1': 0.9178678891087233, 'beta_2': 0.9182890286928507, 'epsilon': 4.6850100215343924e-08, 'hidden_layer_sizes': 97, 'learning_rate_init': 0.09522149574582048, 'tol': 0.003281947245648406, 'validation_fraction': 0.6887555142007765}
observation time 0.000074, current best -0.959635 at iter 8
suggestion time taken 0.002095 iter 9 next_points [{'alpha': 0.00015424531585080573, 'batch_size': 151, 'beta_1': 0.5720630277589958, 'beta_2': 0.9942834034541768, 'epsilon': 2.6809325230468352e-09, 'hidden_layer_sizes': 109, 'learning_rate_init': 0.013127041377168662, 'tol': 0.044217158367243756, 'validation_fraction': 0.28986569488691344}]
function_evaluation time 0.401921 value -0.955476 suggestion {'alpha': 0.00015424531585080573, 'batch_size': 151, 'beta_1': 0.5720630277589958, 'beta_2': 0.9942834034541768, 'epsilon': 2.6809325230468352e-09, 'hidden_layer_sizes': 109, 'learning_rate_init': 0.013127041377168662, 'tol': 0.044217158367243756, 'validation_fraction': 0.28986569488691344}
observation time 0.000068, current best -0.959635 at iter 9
suggestion time taken 0.002068 iter 10 next_points [{'alpha': 1.180868293264883, 'batch_size': 225, 'beta_1': 0.9544611719296652, 'beta_2': 0.9105769959714116, 'epsilon': 6.03294826096654e-09, 'hidden_layer_sizes': 157, 'learning_rate_init': 0.04612483390473008, 'tol': 1.173759653315669e-05, 'validation_fraction': 0.32133761425711577}]
function_evaluation time 1.057451 value -0.945035 suggestion {'alpha': 1.180868293264883, 'batch_size': 225, 'beta_1': 0.9544611719296652, 'beta_2': 0.9105769959714116, 'epsilon': 6.03294826096654e-09, 'hidden_layer_sizes': 157, 'learning_rate_init': 0.04612483390473008, 'tol': 1.173759653315669e-05, 'validation_fraction': 0.32133761425711577}
observation time 0.000072, current best -0.959635 at iter 10
suggestion time taken 0.002110 iter 11 next_points [{'alpha': 0.0003988255957832072, 'batch_size': 41, 'beta_1': 0.6421142390805598, 'beta_2': 0.9043917919379495, 'epsilon': 1.570861851215223e-09, 'hidden_layer_sizes': 66, 'learning_rate_init': 1.312066296088168e-05, 'tol': 0.0007071185643277836, 'validation_fraction': 0.14314900522321486}]
/home/ryedida/.local/lib/python3.9/site-packages/sklearn/neural_network/_multilayer_perceptron.py:686: ConvergenceWarning: Stochastic Optimizer: Maximum iterations (200) reached and the optimization hasn't converged yet.
  warnings.warn(

function_evaluation time 4.219477 value -0.400019 suggestion {'alpha': 0.0003988255957832072, 'batch_size': 41, 'beta_1': 0.6421142390805598, 'beta_2': 0.9043917919379495, 'epsilon': 1.570861851215223e-09, 'hidden_layer_sizes': 66, 'learning_rate_init': 1.312066296088168e-05, 'tol': 0.0007071185643277836, 'validation_fraction': 0.14314900522321486}
observation time 0.000074, current best -0.959635 at iter 11
suggestion time taken 0.002089 iter 12 next_points [{'alpha': 9.472895738589568, 'batch_size': 62, 'beta_1': 0.5435653673973164, 'beta_2': 0.9189628031048178, 'epsilon': 1.0969155048877264e-07, 'hidden_layer_sizes': 117, 'learning_rate_init': 0.0010135408677204698, 'tol': 0.08234408771702321, 'validation_fraction': 0.42620468126876265}]
function_evaluation time 0.529034 value -0.945042 suggestion {'alpha': 9.472895738589568, 'batch_size': 62, 'beta_1': 0.5435653673973164, 'beta_2': 0.9189628031048178, 'epsilon': 1.0969155048877264e-07, 'hidden_layer_sizes': 117, 'learning_rate_init': 0.0010135408677204698, 'tol': 0.08234408771702321, 'validation_fraction': 0.42620468126876265}
observation time 0.000080, current best -0.959635 at iter 12
suggestion time taken 0.002316 iter 13 next_points [{'alpha': 0.04104881718156023, 'batch_size': 29, 'beta_1': 0.6055944204314752, 'beta_2': 0.9130004351549351, 'epsilon': 6.580173328763057e-08, 'hidden_layer_sizes': 102, 'learning_rate_init': 1.723352929317147e-05, 'tol': 1.1309460258828892e-05, 'validation_fraction': 0.5272985658226637}]
function_evaluation time 7.149940 value -0.881688 suggestion {'alpha': 0.04104881718156023, 'batch_size': 29, 'beta_1': 0.6055944204314752, 'beta_2': 0.9130004351549351, 'epsilon': 6.580173328763057e-08, 'hidden_layer_sizes': 102, 'learning_rate_init': 1.723352929317147e-05, 'tol': 1.1309460258828892e-05, 'validation_fraction': 0.5272985658226637}
observation time 0.000070, current best -0.959635 at iter 13
suggestion time taken 0.002097 iter 14 next_points [{'alpha': 0.054369667034409146, 'batch_size': 79, 'beta_1': 0.5359547997724388, 'beta_2': 0.9018133308731184, 'epsilon': 1.1443320044392739e-07, 'hidden_layer_sizes': 180, 'learning_rate_init': 0.0019154875905459134, 'tol': 0.005395689569330782, 'validation_fraction': 0.2565327486162424}]
function_evaluation time 1.155648 value -0.972167 suggestion {'alpha': 0.054369667034409146, 'batch_size': 79, 'beta_1': 0.5359547997724388, 'beta_2': 0.9018133308731184, 'epsilon': 1.1443320044392739e-07, 'hidden_layer_sizes': 180, 'learning_rate_init': 0.0019154875905459134, 'tol': 0.005395689569330782, 'validation_fraction': 0.2565327486162424}
observation time 0.000071, current best -0.972167 at iter 14
saving meta data: {'args': {'--uuid': '4c221181ec0e566eaec46db0114cae30', '-db-root': '/home/ryedida/bbo_challenge_starter_kit/output', '--opt-root': '/home/ryedida/bbo_challenge_starter_kit/example_submissions', '--data-root': None, '--db': 'run_20230424_041950', '--opt': 'hyperopt', '--data': 'digits', '--classifier': 'MLP-adam', '--metric': 'acc', '--calls': 15, '--suggestions': 1, '--jobs-file': None, '--verbose': False, 'dry_run': False, 'rev': 'a376313', 'opt_rev': '0.2.7'}, 'signature': ([{'alpha': 0.019628224813442792, 'batch_size': 182, 'beta_1': 0.9410202200271762, 'beta_2': 0.9998021557676793, 'epsilon': 1.8662266976518e-08, 'hidden_layer_sizes': 147, 'learning_rate_init': 0.0005627932047415167, 'tol': 0.03690557729213761, 'validation_fraction': 0.8846827852548593}, {'alpha': 0.0019982467392329444, 'batch_size': 200, 'beta_1': 0.919111482530466, 'beta_2': 0.9998488260436156, 'epsilon': 5.981221901152555e-07, 'hidden_layer_sizes': 61, 'learning_rate_init': 2.2310905607443014e-05, 'tol': 1.2046852412030316e-05, 'validation_fraction': 0.8117896445826539}, {'alpha': 0.46659545670218433, 'batch_size': 219, 'beta_1': 0.9889789783750891, 'beta_2': 0.9999896868093284, 'epsilon': 2.4234724484675948e-08, 'hidden_layer_sizes': 167, 'learning_rate_init': 2.972334644335654e-05, 'tol': 0.0036281404040243792, 'validation_fraction': 0.17260651658522078}, {'alpha': 4.656005689076002, 'batch_size': 135, 'beta_1': 0.870503881627747, 'beta_2': 0.9948873266941017, 'epsilon': 2.1023308743480125e-07, 'hidden_layer_sizes': 118, 'learning_rate_init': 0.0018781738757161913, 'tol': 1.1889379831773004e-05, 'validation_fraction': 0.6264327093752792}, {'alpha': 0.04705159350400542, 'batch_size': 158, 'beta_1': 0.9870884262730957, 'beta_2': 0.9999596874382349, 'epsilon': 1.1981845126013875e-08, 'hidden_layer_sizes': 116, 'learning_rate_init': 0.00617340520407431, 'tol': 1.741413418158619e-05, 'validation_fraction': 0.6754299026638921}], [-0.21081107239643826, -0.1295489740611692, -0.27999177313201706, -0.9422522260936896, -0.9332050909794812])}
saving results
saving timing
saving suggest log
done
