running: {'--uuid': '4c504d7ff02755d78318b6d4c63923e8', '-db-root': '/home/ryedida/bbo_challenge_starter_kit/output', '--opt-root': '/home/ryedida/bbo_challenge_starter_kit/example_submissions', '--data-root': None, '--db': 'run_20230424_041950', '--opt': 'turbo', '--data': 'digits', '--classifier': 'MLP-adam', '--metric': 'acc', '--calls': 15, '--suggestions': 1, '--jobs-file': None, '--verbose': False, 'dry_run': False, 'rev': 'a376313', 'opt_rev': '0.0.1'}
cmd: python turbo/optimizer.py -c MLP-adam -d digits -o turbo -u 4c504d7ff02755d78318b6d4c63923e8 -m acc -n 15 -p 1 -dir /home/ryedida/bbo_challenge_starter_kit/output -b run_20230424_041950
/home/ryedida/.local/lib/python3.9/site-packages/sklearn/neural_network/_multilayer_perceptron.py:605: UserWarning: Got `batch_size` less than 1 or larger than sample size. It is going to be clipped
  warnings.warn(

/home/ryedida/.local/lib/python3.9/site-packages/sklearn/neural_network/_multilayer_perceptron.py:686: ConvergenceWarning: Stochastic Optimizer: Maximum iterations (200) reached and the optimization hasn't converged yet.
  warnings.warn(

computed signature: ([{'alpha': 0.019628224813442792, 'batch_size': 182, 'beta_1': 0.9410202200271762, 'beta_2': 0.9998021557676793, 'epsilon': 1.8662266976518e-08, 'hidden_layer_sizes': 147, 'learning_rate_init': 0.0005627932047415167, 'tol': 0.03690557729213761, 'validation_fraction': 0.8846827852548593}, {'alpha': 0.0019982467392329444, 'batch_size': 200, 'beta_1': 0.919111482530466, 'beta_2': 0.9998488260436156, 'epsilon': 5.981221901152555e-07, 'hidden_layer_sizes': 61, 'learning_rate_init': 2.2310905607443014e-05, 'tol': 1.2046852412030316e-05, 'validation_fraction': 0.8117896445826539}, {'alpha': 0.46659545670218433, 'batch_size': 219, 'beta_1': 0.9889789783750891, 'beta_2': 0.9999896868093284, 'epsilon': 2.4234724484675948e-08, 'hidden_layer_sizes': 167, 'learning_rate_init': 2.972334644335654e-05, 'tol': 0.0036281404040243792, 'validation_fraction': 0.17260651658522078}, {'alpha': 4.656005689076002, 'batch_size': 135, 'beta_1': 0.870503881627747, 'beta_2': 0.9948873266941017, 'epsilon': 2.1023308743480125e-07, 'hidden_layer_sizes': 118, 'learning_rate_init': 0.0018781738757161913, 'tol': 1.1889379831773004e-05, 'validation_fraction': 0.6264327093752792}, {'alpha': 0.04705159350400542, 'batch_size': 158, 'beta_1': 0.9870884262730957, 'beta_2': 0.9999596874382349, 'epsilon': 1.1981845126013875e-08, 'hidden_layer_sizes': 116, 'learning_rate_init': 0.00617340520407431, 'tol': 1.741413418158619e-05, 'validation_fraction': 0.6754299026638921}], [-0.21081107239643826, -0.1295489740611692, -0.27999177313201706, -0.9422522260936896, -0.9332050909794812])
/home/ryedida/.local/lib/python3.9/site-packages/bayesmark/signatures.py:85: RuntimeWarning: Signature diverged on MLP-adam_digits_acc betwen [-0.2181506  -0.12954897 -0.42701514 -0.94997127 -0.93320509] and [-0.21081107 -0.11575494 -0.27999177 -0.94225223 -0.93253861]
  warnings.warn(

Signature errors:
                           0         1         2         3         4       max
MLP-adam_digits_acc  0.00734  0.013794  0.147023  0.007719  0.000666  0.147023
max                  0.00734  0.013794  0.147023  0.007719  0.000666  0.147023
starting sklearn study turbo MLP-adam digits acc 15 1
with data root: None
suggestion time taken 0.002096 iter 0 next_points [{'alpha': 6.5636171298359045, 'batch_size': 19, 'beta_1': 0.9813640685972824, 'beta_2': 0.9995451654414828, 'epsilon': 2.2235037216294855e-08, 'hidden_layer_sizes': 147, 'learning_rate_init': 0.05947791164925728, 'tol': 0.024818703075001995, 'validation_fraction': 0.7071307524175278}]
function_evaluation time 1.051053 value -0.852509 suggestion {'alpha': 6.5636171298359045, 'batch_size': 19, 'beta_1': 0.9813640685972824, 'beta_2': 0.9995451654414828, 'epsilon': 2.2235037216294855e-08, 'hidden_layer_sizes': 147, 'learning_rate_init': 0.05947791164925728, 'tol': 0.024818703075001995, 'validation_fraction': 0.7071307524175278}
observation time 0.001421, current best -0.852509 at iter 0
suggestion time taken 0.001689 iter 1 next_points [{'alpha': 2.0975129406133024, 'batch_size': 218, 'beta_1': 0.6879897145359526, 'beta_2': 0.999855400864188, 'epsilon': 1.066587693381645e-08, 'hidden_layer_sizes': 62, 'learning_rate_init': 0.006757924907493822, 'tol': 9.295966882096954e-05, 'validation_fraction': 0.6709147444289677}]
function_evaluation time 0.850349 value -0.940145 suggestion {'alpha': 2.0975129406133024, 'batch_size': 218, 'beta_1': 0.6879897145359526, 'beta_2': 0.999855400864188, 'epsilon': 1.066587693381645e-08, 'hidden_layer_sizes': 62, 'learning_rate_init': 0.006757924907493822, 'tol': 9.295966882096954e-05, 'validation_fraction': 0.6709147444289677}
observation time 0.001401, current best -0.940145 at iter 1
suggestion time taken 0.001718 iter 2 next_points [{'alpha': 0.00011210951139022976, 'batch_size': 229, 'beta_1': 0.9884688333035614, 'beta_2': 0.9990470830521214, 'epsilon': 1.8245783741995742e-07, 'hidden_layer_sizes': 92, 'learning_rate_init': 0.00040952598753302795, 'tol': 0.03897894979021769, 'validation_fraction': 0.37440041942219304}]
function_evaluation time 0.570104 value -0.777391 suggestion {'alpha': 0.00011210951139022976, 'batch_size': 229, 'beta_1': 0.9884688333035614, 'beta_2': 0.9990470830521214, 'epsilon': 1.8245783741995742e-07, 'hidden_layer_sizes': 92, 'learning_rate_init': 0.00040952598753302795, 'tol': 0.03897894979021769, 'validation_fraction': 0.37440041942219304}
observation time 0.001393, current best -0.940145 at iter 2
suggestion time taken 0.001726 iter 3 next_points [{'alpha': 0.005255782377600412, 'batch_size': 40, 'beta_1': 0.8767173489393506, 'beta_2': 0.9999974400639778, 'epsilon': 4.1945393717592334e-07, 'hidden_layer_sizes': 114, 'learning_rate_init': 0.003452399143539601, 'tol': 0.021237161566342463, 'validation_fraction': 0.23598420212375276}]
function_evaluation time 0.825924 value -0.963124 suggestion {'alpha': 0.005255782377600412, 'batch_size': 40, 'beta_1': 0.8767173489393506, 'beta_2': 0.9999974400639778, 'epsilon': 4.1945393717592334e-07, 'hidden_layer_sizes': 114, 'learning_rate_init': 0.003452399143539601, 'tol': 0.021237161566342463, 'validation_fraction': 0.23598420212375276}
observation time 0.001396, current best -0.963124 at iter 3
suggestion time taken 0.001712 iter 4 next_points [{'alpha': 0.00019012115155639348, 'batch_size': 61, 'beta_1': 0.9472202569665847, 'beta_2': 0.9999949672045422, 'epsilon': 5.586716028687632e-07, 'hidden_layer_sizes': 73, 'learning_rate_init': 0.0023005552727314027, 'tol': 0.0005454357223929114, 'validation_fraction': 0.2072252515786584}]
function_evaluation time 1.242661 value -0.953375 suggestion {'alpha': 0.00019012115155639348, 'batch_size': 61, 'beta_1': 0.9472202569665847, 'beta_2': 0.9999949672045422, 'epsilon': 5.586716028687632e-07, 'hidden_layer_sizes': 73, 'learning_rate_init': 0.0023005552727314027, 'tol': 0.0005454357223929114, 'validation_fraction': 0.2072252515786584}
observation time 0.001383, current best -0.963124 at iter 4
suggestion time taken 0.001740 iter 5 next_points [{'alpha': 3.7847708150124713, 'batch_size': 143, 'beta_1': 0.6340684047564135, 'beta_2': 0.9999458283776278, 'epsilon': 5.495296614969777e-09, 'hidden_layer_sizes': 142, 'learning_rate_init': 0.01609332936883928, 'tol': 0.001108233525759539, 'validation_fraction': 0.8900635767048415}]
function_evaluation time 0.528811 value -0.891468 suggestion {'alpha': 3.7847708150124713, 'batch_size': 143, 'beta_1': 0.6340684047564135, 'beta_2': 0.9999458283776278, 'epsilon': 5.495296614969777e-09, 'hidden_layer_sizes': 142, 'learning_rate_init': 0.01609332936883928, 'tol': 0.001108233525759539, 'validation_fraction': 0.8900635767048415}
observation time 0.001385, current best -0.963124 at iter 5
suggestion time taken 0.001724 iter 6 next_points [{'alpha': 0.0004968400758612396, 'batch_size': 242, 'beta_1': 0.7959911622930835, 'beta_2': 0.9997321589812476, 'epsilon': 4.1287115185592216e-08, 'hidden_layer_sizes': 181, 'learning_rate_init': 0.07653933588871664, 'tol': 1.714457315127009e-05, 'validation_fraction': 0.4776931289774061}]
function_evaluation time 1.040776 value -0.843419 suggestion {'alpha': 0.0004968400758612396, 'batch_size': 242, 'beta_1': 0.7959911622930835, 'beta_2': 0.9997321589812476, 'epsilon': 4.1287115185592216e-08, 'hidden_layer_sizes': 181, 'learning_rate_init': 0.07653933588871664, 'tol': 1.714457315127009e-05, 'validation_fraction': 0.4776931289774061}
observation time 0.001334, current best -0.963124 at iter 6
suggestion time taken 0.001703 iter 7 next_points [{'alpha': 1.4073555972681144e-05, 'batch_size': 24, 'beta_1': 0.9658127142554851, 'beta_2': 0.9978728862724703, 'epsilon': 1.3823189623569723e-09, 'hidden_layer_sizes': 54, 'learning_rate_init': 0.00022896387750458616, 'tol': 0.00021425455017454358, 'validation_fraction': 0.11697060361282594}]
function_evaluation time 2.660038 value -0.935983 suggestion {'alpha': 1.4073555972681144e-05, 'batch_size': 24, 'beta_1': 0.9658127142554851, 'beta_2': 0.9978728862724703, 'epsilon': 1.3823189623569723e-09, 'hidden_layer_sizes': 54, 'learning_rate_init': 0.00022896387750458616, 'tol': 0.00021425455017454358, 'validation_fraction': 0.11697060361282594}
observation time 0.001421, current best -0.963124 at iter 7
suggestion time taken 0.001731 iter 8 next_points [{'alpha': 0.0891320450333861, 'batch_size': 55, 'beta_1': 0.6106179191535304, 'beta_2': 0.9185911199133029, 'epsilon': 3.0931033156904232e-09, 'hidden_layer_sizes': 190, 'learning_rate_init': 1.5671296484998156e-05, 'tol': 1.3448587067630949e-05, 'validation_fraction': 0.8138590936553275}]
function_evaluation time 3.131429 value -0.535334 suggestion {'alpha': 0.0891320450333861, 'batch_size': 55, 'beta_1': 0.6106179191535304, 'beta_2': 0.9185911199133029, 'epsilon': 3.0931033156904232e-09, 'hidden_layer_sizes': 190, 'learning_rate_init': 1.5671296484998156e-05, 'tol': 1.3448587067630949e-05, 'validation_fraction': 0.8138590936553275}
observation time 0.001344, current best -0.963124 at iter 8
suggestion time taken 0.001899 iter 9 next_points [{'alpha': 0.17175678347192141, 'batch_size': 187, 'beta_1': 0.9732123929882243, 'beta_2': 0.9965461866483224, 'epsilon': 7.56484194994474e-09, 'hidden_layer_sizes': 129, 'learning_rate_init': 4.817248363761167e-05, 'tol': 0.00778919723978561, 'validation_fraction': 0.3153137785570743}]
function_evaluation time 0.576004 value -0.142620 suggestion {'alpha': 0.17175678347192141, 'batch_size': 187, 'beta_1': 0.9732123929882243, 'beta_2': 0.9965461866483224, 'epsilon': 7.56484194994474e-09, 'hidden_layer_sizes': 129, 'learning_rate_init': 4.817248363761167e-05, 'tol': 0.00778919723978561, 'validation_fraction': 0.3153137785570743}
observation time 0.001330, current best -0.963124 at iter 9
suggestion time taken 0.001671 iter 10 next_points [{'alpha': 0.0026227749090380003, 'batch_size': 167, 'beta_1': 0.8200895146892122, 'beta_2': 0.9998867452931248, 'epsilon': 1.5994013967629644e-09, 'hidden_layer_sizes': 121, 'learning_rate_init': 0.00016742411655455125, 'tol': 0.09869942749604861, 'validation_fraction': 0.178027330206899}]
function_evaluation time 0.381982 value -0.293619 suggestion {'alpha': 0.0026227749090380003, 'batch_size': 167, 'beta_1': 0.8200895146892122, 'beta_2': 0.9998867452931248, 'epsilon': 1.5994013967629644e-09, 'hidden_layer_sizes': 121, 'learning_rate_init': 0.00016742411655455125, 'tol': 0.09869942749604861, 'validation_fraction': 0.178027330206899}
observation time 0.001336, current best -0.963124 at iter 10
suggestion time taken 0.002028 iter 11 next_points [{'alpha': 0.05141410362344411, 'batch_size': 121, 'beta_1': 0.9019904612336609, 'beta_2': 0.9999989521204766, 'epsilon': 3.163014479595866e-08, 'hidden_layer_sizes': 153, 'learning_rate_init': 2.8465762056614165e-05, 'tol': 0.00016820431078016582, 'validation_fraction': 0.8688891932060995}]
function_evaluation time 1.630026 value -0.311140 suggestion {'alpha': 0.05141410362344411, 'batch_size': 121, 'beta_1': 0.9019904612336609, 'beta_2': 0.9999989521204766, 'epsilon': 3.163014479595866e-08, 'hidden_layer_sizes': 153, 'learning_rate_init': 2.8465762056614165e-05, 'tol': 0.00016820431078016582, 'validation_fraction': 0.8688891932060995}
observation time 0.001586, current best -0.963124 at iter 11
suggestion time taken 0.001773 iter 12 next_points [{'alpha': 0.011080456008799726, 'batch_size': 157, 'beta_1': 0.7486632891072966, 'beta_2': 0.9699384047654626, 'epsilon': 8.276267863361541e-07, 'hidden_layer_sizes': 106, 'learning_rate_init': 0.0007935152128872166, 'tol': 0.011136703570077875, 'validation_fraction': 0.7502312308363365}]
function_evaluation time 0.515789 value -0.875404 suggestion {'alpha': 0.011080456008799726, 'batch_size': 157, 'beta_1': 0.7486632891072966, 'beta_2': 0.9699384047654626, 'epsilon': 8.276267863361541e-07, 'hidden_layer_sizes': 106, 'learning_rate_init': 0.0007935152128872166, 'tol': 0.011136703570077875, 'validation_fraction': 0.7502312308363365}
observation time 0.001335, current best -0.963124 at iter 12
suggestion time taken 0.001682 iter 13 next_points [{'alpha': 0.45310038212526865, 'batch_size': 132, 'beta_1': 0.5058376102253428, 'beta_2': 0.9999683488587618, 'epsilon': 1.519550845042491e-08, 'hidden_layer_sizes': 84, 'learning_rate_init': 7.890452099639605e-05, 'tol': 0.003055133662297362, 'validation_fraction': 0.12397929226235016}]
function_evaluation time 2.660351 value -0.846245 suggestion {'alpha': 0.45310038212526865, 'batch_size': 132, 'beta_1': 0.5058376102253428, 'beta_2': 0.9999683488587618, 'epsilon': 1.519550845042491e-08, 'hidden_layer_sizes': 84, 'learning_rate_init': 7.890452099639605e-05, 'tol': 0.003055133662297362, 'validation_fraction': 0.12397929226235016}
observation time 0.001382, current best -0.963124 at iter 13
suggestion time taken 0.001716 iter 14 next_points [{'alpha': 3.782064303716062e-05, 'batch_size': 181, 'beta_1': 0.8694095853564308, 'beta_2': 0.9934204074193449, 'epsilon': 2.354251962702432e-09, 'hidden_layer_sizes': 105, 'learning_rate_init': 0.02669321360650944, 'tol': 0.0017187168006872187, 'validation_fraction': 0.6350966906781935}]
function_evaluation time 0.621877 value -0.944331 suggestion {'alpha': 3.782064303716062e-05, 'batch_size': 181, 'beta_1': 0.8694095853564308, 'beta_2': 0.9934204074193449, 'epsilon': 2.354251962702432e-09, 'hidden_layer_sizes': 105, 'learning_rate_init': 0.02669321360650944, 'tol': 0.0017187168006872187, 'validation_fraction': 0.6350966906781935}
observation time 0.001379, current best -0.963124 at iter 14
saving meta data: {'args': {'--uuid': '4c504d7ff02755d78318b6d4c63923e8', '-db-root': '/home/ryedida/bbo_challenge_starter_kit/output', '--opt-root': '/home/ryedida/bbo_challenge_starter_kit/example_submissions', '--data-root': None, '--db': 'run_20230424_041950', '--opt': 'turbo', '--data': 'digits', '--classifier': 'MLP-adam', '--metric': 'acc', '--calls': 15, '--suggestions': 1, '--jobs-file': None, '--verbose': False, 'dry_run': False, 'rev': 'a376313', 'opt_rev': '0.0.1'}, 'signature': ([{'alpha': 0.019628224813442792, 'batch_size': 182, 'beta_1': 0.9410202200271762, 'beta_2': 0.9998021557676793, 'epsilon': 1.8662266976518e-08, 'hidden_layer_sizes': 147, 'learning_rate_init': 0.0005627932047415167, 'tol': 0.03690557729213761, 'validation_fraction': 0.8846827852548593}, {'alpha': 0.0019982467392329444, 'batch_size': 200, 'beta_1': 0.919111482530466, 'beta_2': 0.9998488260436156, 'epsilon': 5.981221901152555e-07, 'hidden_layer_sizes': 61, 'learning_rate_init': 2.2310905607443014e-05, 'tol': 1.2046852412030316e-05, 'validation_fraction': 0.8117896445826539}, {'alpha': 0.46659545670218433, 'batch_size': 219, 'beta_1': 0.9889789783750891, 'beta_2': 0.9999896868093284, 'epsilon': 2.4234724484675948e-08, 'hidden_layer_sizes': 167, 'learning_rate_init': 2.972334644335654e-05, 'tol': 0.0036281404040243792, 'validation_fraction': 0.17260651658522078}, {'alpha': 4.656005689076002, 'batch_size': 135, 'beta_1': 0.870503881627747, 'beta_2': 0.9948873266941017, 'epsilon': 2.1023308743480125e-07, 'hidden_layer_sizes': 118, 'learning_rate_init': 0.0018781738757161913, 'tol': 1.1889379831773004e-05, 'validation_fraction': 0.6264327093752792}, {'alpha': 0.04705159350400542, 'batch_size': 158, 'beta_1': 0.9870884262730957, 'beta_2': 0.9999596874382349, 'epsilon': 1.1981845126013875e-08, 'hidden_layer_sizes': 116, 'learning_rate_init': 0.00617340520407431, 'tol': 1.741413418158619e-05, 'validation_fraction': 0.6754299026638921}], [-0.21081107239643826, -0.1295489740611692, -0.27999177313201706, -0.9422522260936896, -0.9332050909794812])}
saving results
saving timing
saving suggest log
done
