running: {'--uuid': '5374b3a2860d5305ac32c1c25dd55caf', '-db-root': '/home/ryedida/bbo_challenge_starter_kit/output', '--opt-root': '/home/ryedida/bbo_challenge_starter_kit/example_submissions', '--data-root': None, '--db': 'run_20230424_041950', '--opt': 'opentuner', '--data': 'digits', '--classifier': 'MLP-adam', '--metric': 'nll', '--calls': 15, '--suggestions': 1, '--jobs-file': None, '--verbose': False, 'dry_run': False, 'rev': 'a376313', 'opt_rev': '0.8.8'}
cmd: python opentuner/optimizer.py -c MLP-adam -d digits -o opentuner -u 5374b3a2860d5305ac32c1c25dd55caf -m nll -n 15 -p 1 -dir /home/ryedida/bbo_challenge_starter_kit/output -b run_20230424_041950
/home/ryedida/.local/lib/python3.9/site-packages/sklearn/neural_network/_multilayer_perceptron.py:605: UserWarning: Got `batch_size` less than 1 or larger than sample size. It is going to be clipped
  warnings.warn(

/home/ryedida/.local/lib/python3.9/site-packages/sklearn/neural_network/_multilayer_perceptron.py:686: ConvergenceWarning: Stochastic Optimizer: Maximum iterations (200) reached and the optimization hasn't converged yet.
  warnings.warn(

computed signature: ([{'alpha': 0.019628224813442792, 'batch_size': 182, 'beta_1': 0.9410202200271762, 'beta_2': 0.9998021557676793, 'epsilon': 1.8662266976518e-08, 'hidden_layer_sizes': 147, 'learning_rate_init': 0.0005627932047415167, 'tol': 0.03690557729213761, 'validation_fraction': 0.8846827852548593}, {'alpha': 0.0019982467392329444, 'batch_size': 200, 'beta_1': 0.919111482530466, 'beta_2': 0.9998488260436156, 'epsilon': 5.981221901152555e-07, 'hidden_layer_sizes': 61, 'learning_rate_init': 2.2310905607443014e-05, 'tol': 1.2046852412030316e-05, 'validation_fraction': 0.8117896445826539}, {'alpha': 0.46659545670218433, 'batch_size': 219, 'beta_1': 0.9889789783750891, 'beta_2': 0.9999896868093284, 'epsilon': 2.4234724484675948e-08, 'hidden_layer_sizes': 167, 'learning_rate_init': 2.972334644335654e-05, 'tol': 0.0036281404040243792, 'validation_fraction': 0.17260651658522078}, {'alpha': 4.656005689076002, 'batch_size': 135, 'beta_1': 0.870503881627747, 'beta_2': 0.9948873266941017, 'epsilon': 2.1023308743480125e-07, 'hidden_layer_sizes': 118, 'learning_rate_init': 0.0018781738757161913, 'tol': 1.1889379831773004e-05, 'validation_fraction': 0.6264327093752792}, {'alpha': 0.04705159350400542, 'batch_size': 158, 'beta_1': 0.9870884262730957, 'beta_2': 0.9999596874382349, 'epsilon': 1.1981845126013875e-08, 'hidden_layer_sizes': 116, 'learning_rate_init': 0.00617340520407431, 'tol': 1.741413418158619e-05, 'validation_fraction': 0.6754299026638921}], [4.8709522768835765, 9.712622772033223, 5.950791832993735, 0.19438427080405424, 0.251902166999456])
/home/ryedida/.local/lib/python3.9/site-packages/bayesmark/signatures.py:85: RuntimeWarning: Signature diverged on MLP-adam_digits_nll betwen [4.71022664 9.71262277 5.92543888 0.18972466 0.25190217] and [ 4.87095228 10.02890359  5.95079183  0.19438427  0.26094505]
  warnings.warn(

Signature errors:
                            0         1         2        3         4       max
MLP-adam_digits_nll  0.160726  0.316281  0.025353  0.00466  0.009043  0.316281
max                  0.160726  0.316281  0.025353  0.00466  0.009043  0.316281
starting sklearn study opentuner MLP-adam digits nll 15 1
with data root: None
suggestion time taken 0.017933 iter 0 next_points [{'hidden_layer_sizes': 111, 'alpha': 7.218694193162888, 'batch_size': 227, 'learning_rate_init': 0.09900367314462437, 'tol': 0.025732234271090105, 'validation_fraction': 0.49064361260943634, 'beta_1': 0.6791288778270369, 'beta_2': 0.9439564133005317, 'epsilon': 9.692665234045374e-07}]
function_evaluation time 0.301471 value 2.316777 suggestion {'hidden_layer_sizes': 111, 'alpha': 7.218694193162888, 'batch_size': 227, 'learning_rate_init': 0.09900367314462437, 'tol': 0.025732234271090105, 'validation_fraction': 0.49064361260943634, 'beta_1': 0.6791288778270369, 'beta_2': 0.9439564133005317, 'epsilon': 9.692665234045374e-07}
observation time 0.004246, current best 2.316777 at iter 0
suggestion time taken 0.021555 iter 1 next_points [{'validation_fraction': 0.22375058528511796, 'epsilon': 3.1198970287857244e-07, 'tol': 0.09432066166875479, 'alpha': 2.6318105009852557, 'beta_2': 0.9906090756335247, 'learning_rate_init': 0.0023595033531772958, 'hidden_layer_sizes': 54, 'batch_size': 70, 'beta_1': 0.6717756811207789}]
function_evaluation time 0.369140 value 0.182402 suggestion {'validation_fraction': 0.22375058528511796, 'epsilon': 3.1198970287857244e-07, 'tol': 0.09432066166875479, 'alpha': 2.6318105009852557, 'beta_2': 0.9906090756335247, 'learning_rate_init': 0.0023595033531772958, 'hidden_layer_sizes': 54, 'batch_size': 70, 'beta_1': 0.6717756811207789}
observation time 0.002022, current best 0.182402 at iter 1
suggestion time taken 0.007012 iter 2 next_points [{'validation_fraction': 0.5188975449191467, 'epsilon': 3.1198970287857244e-07, 'tol': 0.09432066166875479, 'alpha': 2.6318105009852557, 'beta_2': 0.9906090756335247, 'learning_rate_init': 0.04646029180034799, 'hidden_layer_sizes': 54, 'batch_size': 70, 'beta_1': 0.7908370025853729}]
function_evaluation time 0.336571 value 0.239010 suggestion {'validation_fraction': 0.5188975449191467, 'epsilon': 3.1198970287857244e-07, 'tol': 0.09432066166875479, 'alpha': 2.6318105009852557, 'beta_2': 0.9906090756335247, 'learning_rate_init': 0.04646029180034799, 'hidden_layer_sizes': 54, 'batch_size': 70, 'beta_1': 0.7908370025853729}
observation time 0.001841, current best 0.182402 at iter 2
suggestion time taken 0.046511 iter 3 next_points [{'beta_1': 0.9296651799231175, 'tol': 0.07069785044997016, 'hidden_layer_sizes': 147, 'epsilon': 7.820905984229066e-07, 'alpha': 2.3083852027552147, 'learning_rate_init': 0.08984498533677636, 'beta_2': 0.9755561268557528, 'batch_size': 127, 'validation_fraction': 0.21659436897737452}]
function_evaluation time 0.535455 value 0.397553 suggestion {'beta_1': 0.9296651799231175, 'tol': 0.07069785044997016, 'hidden_layer_sizes': 147, 'epsilon': 7.820905984229066e-07, 'alpha': 2.3083852027552147, 'learning_rate_init': 0.08984498533677636, 'beta_2': 0.9755561268557528, 'batch_size': 127, 'validation_fraction': 0.21659436897737452}
observation time 0.002020, current best 0.182402 at iter 3
suggestion time taken 0.006969 iter 4 next_points [{'validation_fraction': 0.22375058528511796, 'epsilon': 3.1198970287857244e-07, 'tol': 0.09432066166875479, 'alpha': 2.223007241148206, 'beta_2': 0.9906090756335247, 'learning_rate_init': 0.0023595033531772958, 'hidden_layer_sizes': 54, 'batch_size': 54, 'beta_1': 0.6124524673766484}]
function_evaluation time 0.415689 value 0.176214 suggestion {'validation_fraction': 0.22375058528511796, 'epsilon': 3.1198970287857244e-07, 'tol': 0.09432066166875479, 'alpha': 2.223007241148206, 'beta_2': 0.9906090756335247, 'learning_rate_init': 0.0023595033531772958, 'hidden_layer_sizes': 54, 'batch_size': 54, 'beta_1': 0.6124524673766484}
observation time 0.001894, current best 0.176214 at iter 4
suggestion time taken 0.006434 iter 5 next_points [{'validation_fraction': 0.11456066606275135, 'epsilon': 3.315486770965871e-07, 'tol': 0.05487585777497144, 'alpha': 1.171575724908568, 'beta_2': 0.9622290839583644, 'learning_rate_init': 0.04604630777409884, 'hidden_layer_sizes': 97, 'batch_size': 58, 'beta_1': 0.9340625477942137}]
function_evaluation time 0.648525 value 0.195125 suggestion {'validation_fraction': 0.11456066606275135, 'epsilon': 3.315486770965871e-07, 'tol': 0.05487585777497144, 'alpha': 1.171575724908568, 'beta_2': 0.9622290839583644, 'learning_rate_init': 0.04604630777409884, 'hidden_layer_sizes': 97, 'batch_size': 58, 'beta_1': 0.9340625477942137}
observation time 0.002002, current best 0.176214 at iter 5
suggestion time taken 0.006934 iter 6 next_points [{'validation_fraction': 0.22851129099307027, 'epsilon': 3.1198970287857244e-07, 'tol': 0.09432066166875479, 'alpha': 4.67206125495832, 'beta_2': 0.9906090756335247, 'learning_rate_init': 0.0023595033531772958, 'hidden_layer_sizes': 54, 'batch_size': 54, 'beta_1': 0.5945380550319993}]
function_evaluation time 0.402524 value 0.209210 suggestion {'validation_fraction': 0.22851129099307027, 'epsilon': 3.1198970287857244e-07, 'tol': 0.09432066166875479, 'alpha': 4.67206125495832, 'beta_2': 0.9906090756335247, 'learning_rate_init': 0.0023595033531772958, 'hidden_layer_sizes': 54, 'batch_size': 54, 'beta_1': 0.5945380550319993}
observation time 0.001853, current best 0.176214 at iter 6
suggestion time taken 0.007025 iter 7 next_points [{'validation_fraction': 0.23220273833184563, 'epsilon': 4.5396134776329213e-07, 'tol': 0.09432066166875479, 'alpha': 2.223007241148206, 'beta_2': 0.9978111497259763, 'learning_rate_init': 0.0023595033531772958, 'hidden_layer_sizes': 54, 'batch_size': 54, 'beta_1': 0.626880555239081}]
function_evaluation time 0.408708 value 0.159714 suggestion {'validation_fraction': 0.23220273833184563, 'epsilon': 4.5396134776329213e-07, 'tol': 0.09432066166875479, 'alpha': 2.223007241148206, 'beta_2': 0.9978111497259763, 'learning_rate_init': 0.0023595033531772958, 'hidden_layer_sizes': 54, 'batch_size': 54, 'beta_1': 0.626880555239081}
observation time 0.002022, current best 0.159714 at iter 7
suggestion time taken 0.006752 iter 8 next_points [{'validation_fraction': 0.23220273833184563, 'epsilon': 4.5396134776329213e-07, 'tol': 0.09432066166875479, 'alpha': 2.223007241148206, 'beta_2': 0.9966138555855139, 'learning_rate_init': 0.0023595033531772958, 'hidden_layer_sizes': 71, 'batch_size': 54, 'beta_1': 0.6667327151901284}]
function_evaluation time 0.568601 value 0.148822 suggestion {'validation_fraction': 0.23220273833184563, 'epsilon': 4.5396134776329213e-07, 'tol': 0.09432066166875479, 'alpha': 2.223007241148206, 'beta_2': 0.9966138555855139, 'learning_rate_init': 0.0023595033531772958, 'hidden_layer_sizes': 71, 'batch_size': 54, 'beta_1': 0.6667327151901284}
observation time 0.001847, current best 0.148822 at iter 8
suggestion time taken 0.007152 iter 9 next_points [{'validation_fraction': 0.19395080137857318, 'epsilon': 4.5396134776329213e-07, 'tol': 0.09500006976190904, 'alpha': 2.223007241148206, 'beta_2': 0.985505901203489, 'learning_rate_init': 0.00823892799037933, 'hidden_layer_sizes': 65, 'batch_size': 54, 'beta_1': 0.710249559204476}]
function_evaluation time 0.512774 value 0.170508 suggestion {'validation_fraction': 0.19395080137857318, 'epsilon': 4.5396134776329213e-07, 'tol': 0.09500006976190904, 'alpha': 2.223007241148206, 'beta_2': 0.985505901203489, 'learning_rate_init': 0.00823892799037933, 'hidden_layer_sizes': 65, 'batch_size': 54, 'beta_1': 0.710249559204476}
observation time 0.002697, current best 0.148822 at iter 9
suggestion time taken 0.006639 iter 10 next_points [{'validation_fraction': 0.3148081678897645, 'epsilon': 4.5396134776329213e-07, 'tol': 0.09432066166875479, 'alpha': 2.223007241148206, 'beta_2': 0.9966138555855139, 'learning_rate_init': 0.0023595033531772958, 'hidden_layer_sizes': 71, 'batch_size': 79, 'beta_1': 0.6667327151901284}]
function_evaluation time 0.439039 value 0.211804 suggestion {'validation_fraction': 0.3148081678897645, 'epsilon': 4.5396134776329213e-07, 'tol': 0.09432066166875479, 'alpha': 2.223007241148206, 'beta_2': 0.9966138555855139, 'learning_rate_init': 0.0023595033531772958, 'hidden_layer_sizes': 71, 'batch_size': 79, 'beta_1': 0.6667327151901284}
observation time 0.001840, current best 0.148822 at iter 10
suggestion time taken 0.007245 iter 11 next_points [{'validation_fraction': 0.23376184534246533, 'epsilon': 4.5396134776329213e-07, 'tol': 0.09432066166875479, 'alpha': 2.223007241148206, 'beta_2': 0.999115979411352, 'learning_rate_init': 0.0023595033531772958, 'hidden_layer_sizes': 67, 'batch_size': 54, 'beta_1': 0.6667327151901284}]
function_evaluation time 0.566053 value 0.168684 suggestion {'validation_fraction': 0.23376184534246533, 'epsilon': 4.5396134776329213e-07, 'tol': 0.09432066166875479, 'alpha': 2.223007241148206, 'beta_2': 0.999115979411352, 'learning_rate_init': 0.0023595033531772958, 'hidden_layer_sizes': 67, 'batch_size': 54, 'beta_1': 0.6667327151901284}
observation time 0.002045, current best 0.148822 at iter 11
suggestion time taken 0.005896 iter 12 next_points [{'validation_fraction': 0.17138957350975206, 'epsilon': 1.4454926936022138e-07, 'tol': 0.06948657568381693, 'alpha': 2.328380065068286, 'beta_2': 0.916291201386707, 'learning_rate_init': 0.012289014639197782, 'hidden_layer_sizes': 67, 'batch_size': 154, 'beta_1': 0.5027557626116124}]
function_evaluation time 0.352729 value 0.157275 suggestion {'validation_fraction': 0.17138957350975206, 'epsilon': 1.4454926936022138e-07, 'tol': 0.06948657568381693, 'alpha': 2.328380065068286, 'beta_2': 0.916291201386707, 'learning_rate_init': 0.012289014639197782, 'hidden_layer_sizes': 67, 'batch_size': 154, 'beta_1': 0.5027557626116124}
observation time 0.001825, current best 0.148822 at iter 12
suggestion time taken 0.006974 iter 13 next_points [{'validation_fraction': 0.3411818015654571, 'epsilon': 4.5396134776329213e-07, 'tol': 0.08895088885363693, 'alpha': 2.223007241148206, 'beta_2': 0.9894194854862947, 'learning_rate_init': 0.0023595033531772958, 'hidden_layer_sizes': 71, 'batch_size': 54, 'beta_1': 0.6667327151901284}]
function_evaluation time 0.516894 value 0.208553 suggestion {'validation_fraction': 0.3411818015654571, 'epsilon': 4.5396134776329213e-07, 'tol': 0.08895088885363693, 'alpha': 2.223007241148206, 'beta_2': 0.9894194854862947, 'learning_rate_init': 0.0023595033531772958, 'hidden_layer_sizes': 71, 'batch_size': 54, 'beta_1': 0.6667327151901284}
observation time 0.001958, current best 0.148822 at iter 13
suggestion time taken 0.006888 iter 14 next_points [{'validation_fraction': 0.23220273833184563, 'epsilon': 3.835971925941474e-07, 'tol': 0.09432066166875479, 'alpha': 2.223007241148206, 'beta_2': 0.9966138555855139, 'learning_rate_init': 0.0023595033531772958, 'hidden_layer_sizes': 71, 'batch_size': 54, 'beta_1': 0.6667327151901284}]
function_evaluation time 0.579873 value 0.162585 suggestion {'validation_fraction': 0.23220273833184563, 'epsilon': 3.835971925941474e-07, 'tol': 0.09432066166875479, 'alpha': 2.223007241148206, 'beta_2': 0.9966138555855139, 'learning_rate_init': 0.0023595033531772958, 'hidden_layer_sizes': 71, 'batch_size': 54, 'beta_1': 0.6667327151901284}
observation time 0.001837, current best 0.148822 at iter 14
saving meta data: {'args': {'--uuid': '5374b3a2860d5305ac32c1c25dd55caf', '-db-root': '/home/ryedida/bbo_challenge_starter_kit/output', '--opt-root': '/home/ryedida/bbo_challenge_starter_kit/example_submissions', '--data-root': None, '--db': 'run_20230424_041950', '--opt': 'opentuner', '--data': 'digits', '--classifier': 'MLP-adam', '--metric': 'nll', '--calls': 15, '--suggestions': 1, '--jobs-file': None, '--verbose': False, 'dry_run': False, 'rev': 'a376313', 'opt_rev': '0.8.8'}, 'signature': ([{'alpha': 0.019628224813442792, 'batch_size': 182, 'beta_1': 0.9410202200271762, 'beta_2': 0.9998021557676793, 'epsilon': 1.8662266976518e-08, 'hidden_layer_sizes': 147, 'learning_rate_init': 0.0005627932047415167, 'tol': 0.03690557729213761, 'validation_fraction': 0.8846827852548593}, {'alpha': 0.0019982467392329444, 'batch_size': 200, 'beta_1': 0.919111482530466, 'beta_2': 0.9998488260436156, 'epsilon': 5.981221901152555e-07, 'hidden_layer_sizes': 61, 'learning_rate_init': 2.2310905607443014e-05, 'tol': 1.2046852412030316e-05, 'validation_fraction': 0.8117896445826539}, {'alpha': 0.46659545670218433, 'batch_size': 219, 'beta_1': 0.9889789783750891, 'beta_2': 0.9999896868093284, 'epsilon': 2.4234724484675948e-08, 'hidden_layer_sizes': 167, 'learning_rate_init': 2.972334644335654e-05, 'tol': 0.0036281404040243792, 'validation_fraction': 0.17260651658522078}, {'alpha': 4.656005689076002, 'batch_size': 135, 'beta_1': 0.870503881627747, 'beta_2': 0.9948873266941017, 'epsilon': 2.1023308743480125e-07, 'hidden_layer_sizes': 118, 'learning_rate_init': 0.0018781738757161913, 'tol': 1.1889379831773004e-05, 'validation_fraction': 0.6264327093752792}, {'alpha': 0.04705159350400542, 'batch_size': 158, 'beta_1': 0.9870884262730957, 'beta_2': 0.9999596874382349, 'epsilon': 1.1981845126013875e-08, 'hidden_layer_sizes': 116, 'learning_rate_init': 0.00617340520407431, 'tol': 1.741413418158619e-05, 'validation_fraction': 0.6754299026638921}], [4.8709522768835765, 9.712622772033223, 5.950791832993735, 0.19438427080405424, 0.251902166999456])}
saving results
saving timing
saving suggest log
done
