running: {'--uuid': '5b960fa86ff4561fb6b36c25526ecfb3', '-db-root': '/home/ryedida/bbo_challenge_starter_kit/output', '--opt-root': '/home/ryedida/bbo_challenge_starter_kit/example_submissions', '--data-root': None, '--db': 'run_20230424_041950', '--opt': 'turbo', '--data': 'digits', '--classifier': 'MLP-adam', '--metric': 'nll', '--calls': 15, '--suggestions': 1, '--jobs-file': None, '--verbose': False, 'dry_run': False, 'rev': 'a376313', 'opt_rev': '0.0.1'}
cmd: python turbo/optimizer.py -c MLP-adam -d digits -o turbo -u 5b960fa86ff4561fb6b36c25526ecfb3 -m nll -n 15 -p 1 -dir /home/ryedida/bbo_challenge_starter_kit/output -b run_20230424_041950
/home/ryedida/.local/lib/python3.9/site-packages/sklearn/neural_network/_multilayer_perceptron.py:605: UserWarning: Got `batch_size` less than 1 or larger than sample size. It is going to be clipped
  warnings.warn(

/home/ryedida/.local/lib/python3.9/site-packages/sklearn/neural_network/_multilayer_perceptron.py:686: ConvergenceWarning: Stochastic Optimizer: Maximum iterations (200) reached and the optimization hasn't converged yet.
  warnings.warn(

computed signature: ([{'alpha': 0.019628224813442792, 'batch_size': 182, 'beta_1': 0.9410202200271762, 'beta_2': 0.9998021557676793, 'epsilon': 1.8662266976518e-08, 'hidden_layer_sizes': 147, 'learning_rate_init': 0.0005627932047415167, 'tol': 0.03690557729213761, 'validation_fraction': 0.8846827852548593}, {'alpha': 0.0019982467392329444, 'batch_size': 200, 'beta_1': 0.919111482530466, 'beta_2': 0.9998488260436156, 'epsilon': 5.981221901152555e-07, 'hidden_layer_sizes': 61, 'learning_rate_init': 2.2310905607443014e-05, 'tol': 1.2046852412030316e-05, 'validation_fraction': 0.8117896445826539}, {'alpha': 0.46659545670218433, 'batch_size': 219, 'beta_1': 0.9889789783750891, 'beta_2': 0.9999896868093284, 'epsilon': 2.4234724484675948e-08, 'hidden_layer_sizes': 167, 'learning_rate_init': 2.972334644335654e-05, 'tol': 0.0036281404040243792, 'validation_fraction': 0.17260651658522078}, {'alpha': 4.656005689076002, 'batch_size': 135, 'beta_1': 0.870503881627747, 'beta_2': 0.9948873266941017, 'epsilon': 2.1023308743480125e-07, 'hidden_layer_sizes': 118, 'learning_rate_init': 0.0018781738757161913, 'tol': 1.1889379831773004e-05, 'validation_fraction': 0.6264327093752792}, {'alpha': 0.04705159350400542, 'batch_size': 158, 'beta_1': 0.9870884262730957, 'beta_2': 0.9999596874382349, 'epsilon': 1.1981845126013875e-08, 'hidden_layer_sizes': 116, 'learning_rate_init': 0.00617340520407431, 'tol': 1.741413418158619e-05, 'validation_fraction': 0.6754299026638921}], [4.8709522768835765, 9.712622772033223, 5.950791832993735, 0.19438427080405424, 0.251902166999456])
/home/ryedida/.local/lib/python3.9/site-packages/bayesmark/signatures.py:85: RuntimeWarning: Signature diverged on MLP-adam_digits_nll betwen [4.71022664 9.71262277 5.92543888 0.18972466 0.25190217] and [ 4.87095228 10.02890359  5.95079183  0.19438427  0.26094505]
  warnings.warn(

Signature errors:
                            0         1         2        3         4       max
MLP-adam_digits_nll  0.160726  0.316281  0.025353  0.00466  0.009043  0.316281
max                  0.160726  0.316281  0.025353  0.00466  0.009043  0.316281
starting sklearn study turbo MLP-adam digits nll 15 1
with data root: None
suggestion time taken 0.002467 iter 0 next_points [{'alpha': 0.017027559962182463, 'batch_size': 139, 'beta_1': 0.7715494349036618, 'beta_2': 0.9998776175351838, 'epsilon': 7.271611358007419e-09, 'hidden_layer_sizes': 169, 'learning_rate_init': 0.08878465979462492, 'tol': 0.0005379423143442315, 'validation_fraction': 0.8589773768869745}]
function_evaluation time 0.559639 value 1.854683 suggestion {'alpha': 0.017027559962182463, 'batch_size': 139, 'beta_1': 0.7715494349036618, 'beta_2': 0.9998776175351838, 'epsilon': 7.271611358007419e-09, 'hidden_layer_sizes': 169, 'learning_rate_init': 0.08878465979462492, 'tol': 0.0005379423143442315, 'validation_fraction': 0.8589773768869745}
observation time 0.001412, current best 1.854683 at iter 0
suggestion time taken 0.001797 iter 1 next_points [{'alpha': 3.531451651302592, 'batch_size': 177, 'beta_1': 0.9229708617626364, 'beta_2': 0.9999974712030621, 'epsilon': 1.6977075896712486e-08, 'hidden_layer_sizes': 115, 'learning_rate_init': 1.1612228141046975e-05, 'tol': 0.032584360167709804, 'validation_fraction': 0.3319177410658628}]
function_evaluation time 0.340514 value 8.358770 suggestion {'alpha': 3.531451651302592, 'batch_size': 177, 'beta_1': 0.9229708617626364, 'beta_2': 0.9999974712030621, 'epsilon': 1.6977075896712486e-08, 'hidden_layer_sizes': 115, 'learning_rate_init': 1.1612228141046975e-05, 'tol': 0.032584360167709804, 'validation_fraction': 0.3319177410658628}
observation time 0.001650, current best 1.854683 at iter 1
suggestion time taken 0.001840 iter 2 next_points [{'alpha': 0.00012662807833884964, 'batch_size': 121, 'beta_1': 0.8632151685650711, 'beta_2': 0.9999949232947353, 'epsilon': 8.511047771397033e-08, 'hidden_layer_sizes': 190, 'learning_rate_init': 0.0003084187733963493, 'tol': 1.162632861647399e-05, 'validation_fraction': 0.2524056650273147}]
function_evaluation time 2.518483 value 0.173861 suggestion {'alpha': 0.00012662807833884964, 'batch_size': 121, 'beta_1': 0.8632151685650711, 'beta_2': 0.9999949232947353, 'epsilon': 8.511047771397033e-08, 'hidden_layer_sizes': 190, 'learning_rate_init': 0.0003084187733963493, 'tol': 1.162632861647399e-05, 'validation_fraction': 0.2524056650273147}
observation time 0.001413, current best 0.173861 at iter 2
suggestion time taken 0.002091 iter 3 next_points [{'alpha': 1.680074380486256e-05, 'batch_size': 55, 'beta_1': 0.9898063750105706, 'beta_2': 0.9940495301135551, 'epsilon': 7.906225915273649e-07, 'hidden_layer_sizes': 96, 'learning_rate_init': 2.3816026650673585e-05, 'tol': 0.0012310126763242766, 'validation_fraction': 0.1134393332753473}]
function_evaluation time 4.762963 value 2.382960 suggestion {'alpha': 1.680074380486256e-05, 'batch_size': 55, 'beta_1': 0.9898063750105706, 'beta_2': 0.9940495301135551, 'epsilon': 7.906225915273649e-07, 'hidden_layer_sizes': 96, 'learning_rate_init': 2.3816026650673585e-05, 'tol': 0.0012310126763242766, 'validation_fraction': 0.1134393332753473}
observation time 0.001377, current best 0.173861 at iter 3
suggestion time taken 0.001750 iter 4 next_points [{'alpha': 0.0017667501589729915, 'batch_size': 30, 'beta_1': 0.9423785387980274, 'beta_2': 0.9092359876526809, 'epsilon': 2.559444004690029e-07, 'hidden_layer_sizes': 103, 'learning_rate_init': 0.0028874458052833315, 'tol': 0.018521917597496444, 'validation_fraction': 0.19998013540604673}]
function_evaluation time 1.195287 value 0.157923 suggestion {'alpha': 0.0017667501589729915, 'batch_size': 30, 'beta_1': 0.9423785387980274, 'beta_2': 0.9092359876526809, 'epsilon': 2.559444004690029e-07, 'hidden_layer_sizes': 103, 'learning_rate_init': 0.0028874458052833315, 'tol': 0.018521917597496444, 'validation_fraction': 0.19998013540604673}
observation time 0.001420, current best 0.157923 at iter 4
suggestion time taken 0.001816 iter 5 next_points [{'alpha': 0.005514424008676819, 'batch_size': 241, 'beta_1': 0.9647677692888256, 'beta_2': 0.9953578784187624, 'epsilon': 4.65432165882524e-08, 'hidden_layer_sizes': 148, 'learning_rate_init': 0.0005536298692121817, 'tol': 0.01178695415940453, 'validation_fraction': 0.42176967215643996}]
function_evaluation time 0.862085 value 0.282139 suggestion {'alpha': 0.005514424008676819, 'batch_size': 241, 'beta_1': 0.9647677692888256, 'beta_2': 0.9953578784187624, 'epsilon': 4.65432165882524e-08, 'hidden_layer_sizes': 148, 'learning_rate_init': 0.0005536298692121817, 'tol': 0.01178695415940453, 'validation_fraction': 0.42176967215643996}
observation time 0.001386, current best 0.157923 at iter 5
suggestion time taken 0.001763 iter 6 next_points [{'alpha': 2.6888772537747546e-05, 'batch_size': 62, 'beta_1': 0.5442794329132727, 'beta_2': 0.9538322507312977, 'epsilon': 1.0349415445203075e-09, 'hidden_layer_sizes': 135, 'learning_rate_init': 0.0002643021263354347, 'tol': 0.04035994756290104, 'validation_fraction': 0.6282102382335198}]
function_evaluation time 0.672045 value 0.423549 suggestion {'alpha': 2.6888772537747546e-05, 'batch_size': 62, 'beta_1': 0.5442794329132727, 'beta_2': 0.9538322507312977, 'epsilon': 1.0349415445203075e-09, 'hidden_layer_sizes': 135, 'learning_rate_init': 0.0002643021263354347, 'tol': 0.04035994756290104, 'validation_fraction': 0.6282102382335198}
observation time 0.001374, current best 0.157923 at iter 6
suggestion time taken 0.001757 iter 7 next_points [{'alpha': 0.0003350714121222299, 'batch_size': 131, 'beta_1': 0.5792479994129207, 'beta_2': 0.9999334553175819, 'epsilon': 1.178578097398798e-07, 'hidden_layer_sizes': 75, 'learning_rate_init': 3.8044851835772096e-05, 'tol': 0.00022002471244467244, 'validation_fraction': 0.7802946776770249}]
function_evaluation time 0.960839 value 6.660132 suggestion {'alpha': 0.0003350714121222299, 'batch_size': 131, 'beta_1': 0.5792479994129207, 'beta_2': 0.9999334553175819, 'epsilon': 1.178578097398798e-07, 'hidden_layer_sizes': 75, 'learning_rate_init': 3.8044851835772096e-05, 'tol': 0.00022002471244467244, 'validation_fraction': 0.7802946776770249}
observation time 0.001427, current best 0.157923 at iter 7
suggestion time taken 0.001767 iter 8 next_points [{'alpha': 0.4637163723338722, 'batch_size': 215, 'beta_1': 0.91428751603724, 'beta_2': 0.9990815973166002, 'epsilon': 4.872283994456984e-09, 'hidden_layer_sizes': 84, 'learning_rate_init': 0.05808017221214453, 'tol': 0.00011223403199866039, 'validation_fraction': 0.5085077981099092}]
function_evaluation time 1.062974 value 0.321734 suggestion {'alpha': 0.4637163723338722, 'batch_size': 215, 'beta_1': 0.91428751603724, 'beta_2': 0.9990815973166002, 'epsilon': 4.872283994456984e-09, 'hidden_layer_sizes': 84, 'learning_rate_init': 0.05808017221214453, 'tol': 0.00011223403199866039, 'validation_fraction': 0.5085077981099092}
observation time 0.001429, current best 0.157923 at iter 8
suggestion time taken 0.001814 iter 9 next_points [{'alpha': 0.00046792751653906297, 'batch_size': 235, 'beta_1': 0.7654019854985766, 'beta_2': 0.9999986132414622, 'epsilon': 3.713964558574689e-09, 'hidden_layer_sizes': 108, 'learning_rate_init': 0.0010218342039360652, 'tol': 0.00012149586664673749, 'validation_fraction': 0.6740088754641556}]
function_evaluation time 1.727341 value 0.268221 suggestion {'alpha': 0.00046792751653906297, 'batch_size': 235, 'beta_1': 0.7654019854985766, 'beta_2': 0.9999986132414622, 'epsilon': 3.713964558574689e-09, 'hidden_layer_sizes': 108, 'learning_rate_init': 0.0010218342039360652, 'tol': 0.00012149586664673749, 'validation_fraction': 0.6740088754641556}
observation time 0.001494, current best 0.157923 at iter 9
suggestion time taken 0.001755 iter 10 next_points [{'alpha': 7.511534709890074e-05, 'batch_size': 188, 'beta_1': 0.956065939962364, 'beta_2': 0.9999880405263901, 'epsilon': 9.882432529507922e-09, 'hidden_layer_sizes': 183, 'learning_rate_init': 0.01801084580878772, 'tol': 6.36386175811603e-05, 'validation_fraction': 0.8855152722955689}]
/home/ryedida/.local/lib/python3.9/site-packages/sklearn/neural_network/_multilayer_perceptron.py:605: UserWarning: Got `batch_size` less than 1 or larger than sample size. It is going to be clipped
  warnings.warn(

function_evaluation time 0.662012 value 0.639581 suggestion {'alpha': 7.511534709890074e-05, 'batch_size': 188, 'beta_1': 0.956065939962364, 'beta_2': 0.9999880405263901, 'epsilon': 9.882432529507922e-09, 'hidden_layer_sizes': 183, 'learning_rate_init': 0.01801084580878772, 'tol': 6.36386175811603e-05, 'validation_fraction': 0.8855152722955689}
observation time 0.001437, current best 0.157923 at iter 10
suggestion time taken 0.001746 iter 11 next_points [{'alpha': 9.36231370808401, 'batch_size': 22, 'beta_1': 0.9698315566454303, 'beta_2': 0.9998241282562228, 'epsilon': 1.6832729706696498e-09, 'hidden_layer_sizes': 144, 'learning_rate_init': 0.003961104541381578, 'tol': 0.007385733021532757, 'validation_fraction': 0.546575298844681}]
function_evaluation time 0.960306 value 0.457466 suggestion {'alpha': 9.36231370808401, 'batch_size': 22, 'beta_1': 0.9698315566454303, 'beta_2': 0.9998241282562228, 'epsilon': 1.6832729706696498e-09, 'hidden_layer_sizes': 144, 'learning_rate_init': 0.003961104541381578, 'tol': 0.007385733021532757, 'validation_fraction': 0.546575298844681}
observation time 0.001396, current best 0.157923 at iter 11
suggestion time taken 0.001751 iter 12 next_points [{'alpha': 2.0620648896411544, 'batch_size': 36, 'beta_1': 0.8417661931592537, 'beta_2': 0.9842349254324317, 'epsilon': 4.1397071276761893e-07, 'hidden_layer_sizes': 123, 'learning_rate_init': 0.009457865078045042, 'tol': 0.001364635824188754, 'validation_fraction': 0.6973075645069542}]
function_evaluation time 0.686616 value 0.186816 suggestion {'alpha': 2.0620648896411544, 'batch_size': 36, 'beta_1': 0.8417661931592537, 'beta_2': 0.9842349254324317, 'epsilon': 4.1397071276761893e-07, 'hidden_layer_sizes': 123, 'learning_rate_init': 0.009457865078045042, 'tol': 0.001364635824188754, 'validation_fraction': 0.6973075645069542}
observation time 0.001434, current best 0.157923 at iter 12
suggestion time taken 0.001740 iter 13 next_points [{'alpha': 1.0031947295087136, 'batch_size': 79, 'beta_1': 0.9749792575960655, 'beta_2': 0.9984323531047881, 'epsilon': 6.452983599593572e-07, 'hidden_layer_sizes': 69, 'learning_rate_init': 6.81883568580535e-05, 'tol': 3.0349502488655506e-05, 'validation_fraction': 0.7885615700121426}]
/home/ryedida/.local/lib/python3.9/site-packages/sklearn/neural_network/_multilayer_perceptron.py:686: ConvergenceWarning: Stochastic Optimizer: Maximum iterations (200) reached and the optimization hasn't converged yet.
  warnings.warn(

function_evaluation time 2.251770 value 4.337162 suggestion {'alpha': 1.0031947295087136, 'batch_size': 79, 'beta_1': 0.9749792575960655, 'beta_2': 0.9984323531047881, 'epsilon': 6.452983599593572e-07, 'hidden_layer_sizes': 69, 'learning_rate_init': 6.81883568580535e-05, 'tol': 3.0349502488655506e-05, 'validation_fraction': 0.7885615700121426}
observation time 0.001452, current best 0.157923 at iter 13
suggestion time taken 0.001982 iter 14 next_points [{'alpha': 0.06126236938192562, 'batch_size': 90, 'beta_1': 0.6692142594767524, 'beta_2': 0.9999898512805999, 'epsilon': 2.6314892491907545e-09, 'hidden_layer_sizes': 194, 'learning_rate_init': 0.0015324041887010188, 'tol': 0.08766889510007192, 'validation_fraction': 0.28546985726570306}]
function_evaluation time 0.607367 value 0.167805 suggestion {'alpha': 0.06126236938192562, 'batch_size': 90, 'beta_1': 0.6692142594767524, 'beta_2': 0.9999898512805999, 'epsilon': 2.6314892491907545e-09, 'hidden_layer_sizes': 194, 'learning_rate_init': 0.0015324041887010188, 'tol': 0.08766889510007192, 'validation_fraction': 0.28546985726570306}
observation time 0.001423, current best 0.157923 at iter 14
saving meta data: {'args': {'--uuid': '5b960fa86ff4561fb6b36c25526ecfb3', '-db-root': '/home/ryedida/bbo_challenge_starter_kit/output', '--opt-root': '/home/ryedida/bbo_challenge_starter_kit/example_submissions', '--data-root': None, '--db': 'run_20230424_041950', '--opt': 'turbo', '--data': 'digits', '--classifier': 'MLP-adam', '--metric': 'nll', '--calls': 15, '--suggestions': 1, '--jobs-file': None, '--verbose': False, 'dry_run': False, 'rev': 'a376313', 'opt_rev': '0.0.1'}, 'signature': ([{'alpha': 0.019628224813442792, 'batch_size': 182, 'beta_1': 0.9410202200271762, 'beta_2': 0.9998021557676793, 'epsilon': 1.8662266976518e-08, 'hidden_layer_sizes': 147, 'learning_rate_init': 0.0005627932047415167, 'tol': 0.03690557729213761, 'validation_fraction': 0.8846827852548593}, {'alpha': 0.0019982467392329444, 'batch_size': 200, 'beta_1': 0.919111482530466, 'beta_2': 0.9998488260436156, 'epsilon': 5.981221901152555e-07, 'hidden_layer_sizes': 61, 'learning_rate_init': 2.2310905607443014e-05, 'tol': 1.2046852412030316e-05, 'validation_fraction': 0.8117896445826539}, {'alpha': 0.46659545670218433, 'batch_size': 219, 'beta_1': 0.9889789783750891, 'beta_2': 0.9999896868093284, 'epsilon': 2.4234724484675948e-08, 'hidden_layer_sizes': 167, 'learning_rate_init': 2.972334644335654e-05, 'tol': 0.0036281404040243792, 'validation_fraction': 0.17260651658522078}, {'alpha': 4.656005689076002, 'batch_size': 135, 'beta_1': 0.870503881627747, 'beta_2': 0.9948873266941017, 'epsilon': 2.1023308743480125e-07, 'hidden_layer_sizes': 118, 'learning_rate_init': 0.0018781738757161913, 'tol': 1.1889379831773004e-05, 'validation_fraction': 0.6264327093752792}, {'alpha': 0.04705159350400542, 'batch_size': 158, 'beta_1': 0.9870884262730957, 'beta_2': 0.9999596874382349, 'epsilon': 1.1981845126013875e-08, 'hidden_layer_sizes': 116, 'learning_rate_init': 0.00617340520407431, 'tol': 1.741413418158619e-05, 'validation_fraction': 0.6754299026638921}], [4.8709522768835765, 9.712622772033223, 5.950791832993735, 0.19438427080405424, 0.251902166999456])}
saving results
saving timing
saving suggest log
done
