running: {'--uuid': '64223a5fc8e055e58745d3840793ddd7', '-db-root': '/home/ryedida/bbo_challenge_starter_kit/output', '--opt-root': '/home/ryedida/bbo_challenge_starter_kit/example_submissions', '--data-root': None, '--db': 'run_20230424_041950', '--opt': 'hyperopt', '--data': 'digits', '--classifier': 'MLP-adam', '--metric': 'nll', '--calls': 15, '--suggestions': 1, '--jobs-file': None, '--verbose': False, 'dry_run': False, 'rev': 'a376313', 'opt_rev': '0.2.7'}
cmd: python hyperopt/optimizer.py -c MLP-adam -d digits -o hyperopt -u 64223a5fc8e055e58745d3840793ddd7 -m nll -n 15 -p 1 -dir /home/ryedida/bbo_challenge_starter_kit/output -b run_20230424_041950
/home/ryedida/.local/lib/python3.9/site-packages/sklearn/neural_network/_multilayer_perceptron.py:605: UserWarning: Got `batch_size` less than 1 or larger than sample size. It is going to be clipped
  warnings.warn(

/home/ryedida/.local/lib/python3.9/site-packages/sklearn/neural_network/_multilayer_perceptron.py:686: ConvergenceWarning: Stochastic Optimizer: Maximum iterations (200) reached and the optimization hasn't converged yet.
  warnings.warn(

computed signature: ([{'alpha': 0.019628224813442792, 'batch_size': 182, 'beta_1': 0.9410202200271762, 'beta_2': 0.9998021557676793, 'epsilon': 1.8662266976518e-08, 'hidden_layer_sizes': 147, 'learning_rate_init': 0.0005627932047415167, 'tol': 0.03690557729213761, 'validation_fraction': 0.8846827852548593}, {'alpha': 0.0019982467392329444, 'batch_size': 200, 'beta_1': 0.919111482530466, 'beta_2': 0.9998488260436156, 'epsilon': 5.981221901152555e-07, 'hidden_layer_sizes': 61, 'learning_rate_init': 2.2310905607443014e-05, 'tol': 1.2046852412030316e-05, 'validation_fraction': 0.8117896445826539}, {'alpha': 0.46659545670218433, 'batch_size': 219, 'beta_1': 0.9889789783750891, 'beta_2': 0.9999896868093284, 'epsilon': 2.4234724484675948e-08, 'hidden_layer_sizes': 167, 'learning_rate_init': 2.972334644335654e-05, 'tol': 0.0036281404040243792, 'validation_fraction': 0.17260651658522078}, {'alpha': 4.656005689076002, 'batch_size': 135, 'beta_1': 0.870503881627747, 'beta_2': 0.9948873266941017, 'epsilon': 2.1023308743480125e-07, 'hidden_layer_sizes': 118, 'learning_rate_init': 0.0018781738757161913, 'tol': 1.1889379831773004e-05, 'validation_fraction': 0.6264327093752792}, {'alpha': 0.04705159350400542, 'batch_size': 158, 'beta_1': 0.9870884262730957, 'beta_2': 0.9999596874382349, 'epsilon': 1.1981845126013875e-08, 'hidden_layer_sizes': 116, 'learning_rate_init': 0.00617340520407431, 'tol': 1.741413418158619e-05, 'validation_fraction': 0.6754299026638921}], [4.8709522768835765, 9.712622772033223, 5.950791832993735, 0.19438427080405424, 0.251902166999456])
/home/ryedida/.local/lib/python3.9/site-packages/bayesmark/signatures.py:85: RuntimeWarning: Signature diverged on MLP-adam_digits_nll betwen [4.71022664 9.71262277 5.92543888 0.18972466 0.25190217] and [ 4.87095228 10.02890359  5.95079183  0.19438427  0.26094505]
  warnings.warn(

Signature errors:
                            0         1         2        3         4       max
MLP-adam_digits_nll  0.160726  0.316281  0.025353  0.00466  0.009043  0.316281
max                  0.160726  0.316281  0.025353  0.00466  0.009043  0.316281
starting sklearn study hyperopt MLP-adam digits nll 15 1
with data root: None
suggestion time taken 0.002369 iter 0 next_points [{'alpha': 0.0004209237557566353, 'batch_size': 44, 'beta_1': 0.6067491776923539, 'beta_2': 0.9656649642911148, 'epsilon': 3.1775135823012483e-09, 'hidden_layer_sizes': 133, 'learning_rate_init': 1.568392945500054e-05, 'tol': 0.0026740117420540797, 'validation_fraction': 0.8446871120950855}]
function_evaluation time 0.947488 value 7.634169 suggestion {'alpha': 0.0004209237557566353, 'batch_size': 44, 'beta_1': 0.6067491776923539, 'beta_2': 0.9656649642911148, 'epsilon': 3.1775135823012483e-09, 'hidden_layer_sizes': 133, 'learning_rate_init': 1.568392945500054e-05, 'tol': 0.0026740117420540797, 'validation_fraction': 0.8446871120950855}
observation time 0.000072, current best 7.634169 at iter 0
suggestion time taken 0.002361 iter 1 next_points [{'alpha': 0.09264634481039713, 'batch_size': 148, 'beta_1': 0.674926244148469, 'beta_2': 0.9109503689330593, 'epsilon': 1.1277494156373858e-09, 'hidden_layer_sizes': 112, 'learning_rate_init': 0.019987715814534197, 'tol': 0.0007668595332439617, 'validation_fraction': 0.12430334019326156}]
function_evaluation time 0.869516 value 0.114514 suggestion {'alpha': 0.09264634481039713, 'batch_size': 148, 'beta_1': 0.674926244148469, 'beta_2': 0.9109503689330593, 'epsilon': 1.1277494156373858e-09, 'hidden_layer_sizes': 112, 'learning_rate_init': 0.019987715814534197, 'tol': 0.0007668595332439617, 'validation_fraction': 0.12430334019326156}
observation time 0.000067, current best 0.114514 at iter 1
suggestion time taken 0.002119 iter 2 next_points [{'alpha': 0.0005229102375179573, 'batch_size': 70, 'beta_1': 0.7062033788402359, 'beta_2': 0.9358998343733904, 'epsilon': 5.645919280682638e-07, 'hidden_layer_sizes': 165, 'learning_rate_init': 0.03680737636030719, 'tol': 0.00019538897126560495, 'validation_fraction': 0.35701564572270855}]
function_evaluation time 1.274273 value 0.281962 suggestion {'alpha': 0.0005229102375179573, 'batch_size': 70, 'beta_1': 0.7062033788402359, 'beta_2': 0.9358998343733904, 'epsilon': 5.645919280682638e-07, 'hidden_layer_sizes': 165, 'learning_rate_init': 0.03680737636030719, 'tol': 0.00019538897126560495, 'validation_fraction': 0.35701564572270855}
observation time 0.000062, current best 0.114514 at iter 2
suggestion time taken 0.002154 iter 3 next_points [{'alpha': 0.001801525513802752, 'batch_size': 229, 'beta_1': 0.7345606530913651, 'beta_2': 0.9057932781720761, 'epsilon': 1.930590225608183e-07, 'hidden_layer_sizes': 184, 'learning_rate_init': 0.00021487005802036229, 'tol': 0.07393287887326942, 'validation_fraction': 0.6331208619599995}]
function_evaluation time 0.289496 value 2.691741 suggestion {'alpha': 0.001801525513802752, 'batch_size': 229, 'beta_1': 0.7345606530913651, 'beta_2': 0.9057932781720761, 'epsilon': 1.930590225608183e-07, 'hidden_layer_sizes': 184, 'learning_rate_init': 0.00021487005802036229, 'tol': 0.07393287887326942, 'validation_fraction': 0.6331208619599995}
observation time 0.000079, current best 0.114514 at iter 3
suggestion time taken 0.002120 iter 4 next_points [{'alpha': 0.00015194326818749953, 'batch_size': 77, 'beta_1': 0.8177772118533368, 'beta_2': 0.9959055343109933, 'epsilon': 4.4439195501357585e-09, 'hidden_layer_sizes': 62, 'learning_rate_init': 0.008082262056368496, 'tol': 0.0004105695278491657, 'validation_fraction': 0.42440869805583614}]
function_evaluation time 0.815663 value 0.177170 suggestion {'alpha': 0.00015194326818749953, 'batch_size': 77, 'beta_1': 0.8177772118533368, 'beta_2': 0.9959055343109933, 'epsilon': 4.4439195501357585e-09, 'hidden_layer_sizes': 62, 'learning_rate_init': 0.008082262056368496, 'tol': 0.0004105695278491657, 'validation_fraction': 0.42440869805583614}
observation time 0.000068, current best 0.114514 at iter 4
suggestion time taken 0.002325 iter 5 next_points [{'alpha': 0.02570555843682834, 'batch_size': 44, 'beta_1': 0.5697246527469415, 'beta_2': 0.9983878629328601, 'epsilon': 1.4662740915749054e-08, 'hidden_layer_sizes': 195, 'learning_rate_init': 0.005527701628074301, 'tol': 0.0018823857945721736, 'validation_fraction': 0.4620752163049671}]
function_evaluation time 1.576809 value 0.108967 suggestion {'alpha': 0.02570555843682834, 'batch_size': 44, 'beta_1': 0.5697246527469415, 'beta_2': 0.9983878629328601, 'epsilon': 1.4662740915749054e-08, 'hidden_layer_sizes': 195, 'learning_rate_init': 0.005527701628074301, 'tol': 0.0018823857945721736, 'validation_fraction': 0.4620752163049671}
observation time 0.000066, current best 0.108967 at iter 5
suggestion time taken 0.002141 iter 6 next_points [{'alpha': 0.010428585187340491, 'batch_size': 83, 'beta_1': 0.5915146429970674, 'beta_2': 0.9499591917440086, 'epsilon': 1.7574230803363072e-07, 'hidden_layer_sizes': 67, 'learning_rate_init': 0.002058587858225132, 'tol': 0.0006666756752777908, 'validation_fraction': 0.47204888000589856}]
function_evaluation time 1.303640 value 0.147708 suggestion {'alpha': 0.010428585187340491, 'batch_size': 83, 'beta_1': 0.5915146429970674, 'beta_2': 0.9499591917440086, 'epsilon': 1.7574230803363072e-07, 'hidden_layer_sizes': 67, 'learning_rate_init': 0.002058587858225132, 'tol': 0.0006666756752777908, 'validation_fraction': 0.47204888000589856}
observation time 0.000068, current best 0.108967 at iter 6
suggestion time taken 0.002176 iter 7 next_points [{'alpha': 0.0001250620052231283, 'batch_size': 92, 'beta_1': 0.7593808810004161, 'beta_2': 0.9630677375288167, 'epsilon': 1.1421355896008334e-08, 'hidden_layer_sizes': 70, 'learning_rate_init': 1.7236848420269673e-05, 'tol': 0.00018928685526806155, 'validation_fraction': 0.24020941638435497}]
/home/ryedida/.local/lib/python3.9/site-packages/sklearn/neural_network/_multilayer_perceptron.py:686: ConvergenceWarning: Stochastic Optimizer: Maximum iterations (200) reached and the optimization hasn't converged yet.
  warnings.warn(

function_evaluation time 4.411510 value 4.660577 suggestion {'alpha': 0.0001250620052231283, 'batch_size': 92, 'beta_1': 0.7593808810004161, 'beta_2': 0.9630677375288167, 'epsilon': 1.1421355896008334e-08, 'hidden_layer_sizes': 70, 'learning_rate_init': 1.7236848420269673e-05, 'tol': 0.00018928685526806155, 'validation_fraction': 0.24020941638435497}
observation time 0.000074, current best 0.108967 at iter 7
suggestion time taken 0.002185 iter 8 next_points [{'alpha': 5.20001662753697, 'batch_size': 124, 'beta_1': 0.8652607071998192, 'beta_2': 0.9827933040741424, 'epsilon': 4.924339652052749e-07, 'hidden_layer_sizes': 73, 'learning_rate_init': 0.00033244335166099565, 'tol': 0.00038989258321792185, 'validation_fraction': 0.533239926201206}]
function_evaluation time 3.061611 value 0.187563 suggestion {'alpha': 5.20001662753697, 'batch_size': 124, 'beta_1': 0.8652607071998192, 'beta_2': 0.9827933040741424, 'epsilon': 4.924339652052749e-07, 'hidden_layer_sizes': 73, 'learning_rate_init': 0.00033244335166099565, 'tol': 0.00038989258321792185, 'validation_fraction': 0.533239926201206}
observation time 0.000068, current best 0.108967 at iter 8
suggestion time taken 0.002147 iter 9 next_points [{'alpha': 0.000131150582444592, 'batch_size': 240, 'beta_1': 0.9224024987636859, 'beta_2': 0.9638226045278626, 'epsilon': 4.5672498022832435e-08, 'hidden_layer_sizes': 167, 'learning_rate_init': 0.0001597558696211729, 'tol': 0.02816562959481652, 'validation_fraction': 0.3244125361656704}]
function_evaluation time 0.942061 value 1.102525 suggestion {'alpha': 0.000131150582444592, 'batch_size': 240, 'beta_1': 0.9224024987636859, 'beta_2': 0.9638226045278626, 'epsilon': 4.5672498022832435e-08, 'hidden_layer_sizes': 167, 'learning_rate_init': 0.0001597558696211729, 'tol': 0.02816562959481652, 'validation_fraction': 0.3244125361656704}
observation time 0.000076, current best 0.108967 at iter 9
suggestion time taken 0.002160 iter 10 next_points [{'alpha': 0.07349739410868406, 'batch_size': 235, 'beta_1': 0.5163624659941626, 'beta_2': 0.9829268562289923, 'epsilon': 1.7432421138231653e-09, 'hidden_layer_sizes': 125, 'learning_rate_init': 0.03735027103393794, 'tol': 0.0009749161455125312, 'validation_fraction': 0.38908449753487284}]
function_evaluation time 0.711331 value 0.157495 suggestion {'alpha': 0.07349739410868406, 'batch_size': 235, 'beta_1': 0.5163624659941626, 'beta_2': 0.9829268562289923, 'epsilon': 1.7432421138231653e-09, 'hidden_layer_sizes': 125, 'learning_rate_init': 0.03735027103393794, 'tol': 0.0009749161455125312, 'validation_fraction': 0.38908449753487284}
observation time 0.000070, current best 0.108967 at iter 10
suggestion time taken 0.002164 iter 11 next_points [{'alpha': 0.0010050273639931034, 'batch_size': 243, 'beta_1': 0.6016798160652322, 'beta_2': 0.9585696393951725, 'epsilon': 1.4723743812030044e-08, 'hidden_layer_sizes': 59, 'learning_rate_init': 0.00027172746909272987, 'tol': 0.08113213245980043, 'validation_fraction': 0.13110412727011564}]
function_evaluation time 0.274888 value 3.833651 suggestion {'alpha': 0.0010050273639931034, 'batch_size': 243, 'beta_1': 0.6016798160652322, 'beta_2': 0.9585696393951725, 'epsilon': 1.4723743812030044e-08, 'hidden_layer_sizes': 59, 'learning_rate_init': 0.00027172746909272987, 'tol': 0.08113213245980043, 'validation_fraction': 0.13110412727011564}
observation time 0.000073, current best 0.108967 at iter 11
suggestion time taken 0.002172 iter 12 next_points [{'alpha': 0.003503838037010333, 'batch_size': 231, 'beta_1': 0.9687968825386871, 'beta_2': 0.9538350004871253, 'epsilon': 5.55112712399582e-08, 'hidden_layer_sizes': 153, 'learning_rate_init': 0.0008329988717564906, 'tol': 0.015190804930416217, 'validation_fraction': 0.7992390338006734}]
function_evaluation time 0.576872 value 0.674102 suggestion {'alpha': 0.003503838037010333, 'batch_size': 231, 'beta_1': 0.9687968825386871, 'beta_2': 0.9538350004871253, 'epsilon': 5.55112712399582e-08, 'hidden_layer_sizes': 153, 'learning_rate_init': 0.0008329988717564906, 'tol': 0.015190804930416217, 'validation_fraction': 0.7992390338006734}
observation time 0.000076, current best 0.108967 at iter 12
suggestion time taken 0.002472 iter 13 next_points [{'alpha': 0.002194356654281178, 'batch_size': 239, 'beta_1': 0.7730959484003241, 'beta_2': 0.9284296410456221, 'epsilon': 1.43162445292979e-09, 'hidden_layer_sizes': 91, 'learning_rate_init': 0.00022439105142999275, 'tol': 0.04579560886026539, 'validation_fraction': 0.4803691418128743}]
function_evaluation time 0.278798 value 3.159644 suggestion {'alpha': 0.002194356654281178, 'batch_size': 239, 'beta_1': 0.7730959484003241, 'beta_2': 0.9284296410456221, 'epsilon': 1.43162445292979e-09, 'hidden_layer_sizes': 91, 'learning_rate_init': 0.00022439105142999275, 'tol': 0.04579560886026539, 'validation_fraction': 0.4803691418128743}
observation time 0.000076, current best 0.108967 at iter 13
suggestion time taken 0.002195 iter 14 next_points [{'alpha': 0.8562663787141335, 'batch_size': 202, 'beta_1': 0.6868179737386344, 'beta_2': 0.9140357914093709, 'epsilon': 2.5283980904610106e-09, 'hidden_layer_sizes': 63, 'learning_rate_init': 0.0005972081636679746, 'tol': 2.366317809364497e-05, 'validation_fraction': 0.141623001081151}]
function_evaluation time 1.094590 value 0.155076 suggestion {'alpha': 0.8562663787141335, 'batch_size': 202, 'beta_1': 0.6868179737386344, 'beta_2': 0.9140357914093709, 'epsilon': 2.5283980904610106e-09, 'hidden_layer_sizes': 63, 'learning_rate_init': 0.0005972081636679746, 'tol': 2.366317809364497e-05, 'validation_fraction': 0.141623001081151}
observation time 0.000076, current best 0.108967 at iter 14
saving meta data: {'args': {'--uuid': '64223a5fc8e055e58745d3840793ddd7', '-db-root': '/home/ryedida/bbo_challenge_starter_kit/output', '--opt-root': '/home/ryedida/bbo_challenge_starter_kit/example_submissions', '--data-root': None, '--db': 'run_20230424_041950', '--opt': 'hyperopt', '--data': 'digits', '--classifier': 'MLP-adam', '--metric': 'nll', '--calls': 15, '--suggestions': 1, '--jobs-file': None, '--verbose': False, 'dry_run': False, 'rev': 'a376313', 'opt_rev': '0.2.7'}, 'signature': ([{'alpha': 0.019628224813442792, 'batch_size': 182, 'beta_1': 0.9410202200271762, 'beta_2': 0.9998021557676793, 'epsilon': 1.8662266976518e-08, 'hidden_layer_sizes': 147, 'learning_rate_init': 0.0005627932047415167, 'tol': 0.03690557729213761, 'validation_fraction': 0.8846827852548593}, {'alpha': 0.0019982467392329444, 'batch_size': 200, 'beta_1': 0.919111482530466, 'beta_2': 0.9998488260436156, 'epsilon': 5.981221901152555e-07, 'hidden_layer_sizes': 61, 'learning_rate_init': 2.2310905607443014e-05, 'tol': 1.2046852412030316e-05, 'validation_fraction': 0.8117896445826539}, {'alpha': 0.46659545670218433, 'batch_size': 219, 'beta_1': 0.9889789783750891, 'beta_2': 0.9999896868093284, 'epsilon': 2.4234724484675948e-08, 'hidden_layer_sizes': 167, 'learning_rate_init': 2.972334644335654e-05, 'tol': 0.0036281404040243792, 'validation_fraction': 0.17260651658522078}, {'alpha': 4.656005689076002, 'batch_size': 135, 'beta_1': 0.870503881627747, 'beta_2': 0.9948873266941017, 'epsilon': 2.1023308743480125e-07, 'hidden_layer_sizes': 118, 'learning_rate_init': 0.0018781738757161913, 'tol': 1.1889379831773004e-05, 'validation_fraction': 0.6264327093752792}, {'alpha': 0.04705159350400542, 'batch_size': 158, 'beta_1': 0.9870884262730957, 'beta_2': 0.9999596874382349, 'epsilon': 1.1981845126013875e-08, 'hidden_layer_sizes': 116, 'learning_rate_init': 0.00617340520407431, 'tol': 1.741413418158619e-05, 'validation_fraction': 0.6754299026638921}], [4.8709522768835765, 9.712622772033223, 5.950791832993735, 0.19438427080405424, 0.251902166999456])}
saving results
saving timing
saving suggest log
done
