running: {'--uuid': '68f8444b866b5fb585da269d65663abd', '-db-root': '/home/ryedida/bbo_challenge_starter_kit/output', '--opt-root': '/home/ryedida/bbo_challenge_starter_kit/example_submissions', '--data-root': None, '--db': 'run_20230424_041950', '--opt': 'hebo', '--data': 'digits', '--classifier': 'MLP-adam', '--metric': 'nll', '--calls': 15, '--suggestions': 1, '--jobs-file': None, '--verbose': False, 'dry_run': False, 'rev': 'a376313', 'opt_rev': '0.0.8'}
cmd: python hebo/optimizer.py -c MLP-adam -d digits -o hebo -u 68f8444b866b5fb585da269d65663abd -m nll -n 15 -p 1 -dir /home/ryedida/bbo_challenge_starter_kit/output -b run_20230424_041950
 /home/ryedida/.local/lib/python3.9/site-packages/sklearn/neural_network/_multilayer_perceptron.py:605: UserWarning:Got `batch_size` less than 1 or larger than sample size. It is going to be clipped

 /home/ryedida/.local/lib/python3.9/site-packages/sklearn/neural_network/_multilayer_perceptron.py:686: ConvergenceWarning:Stochastic Optimizer: Maximum iterations (200) reached and the optimization hasn't converged yet.

computed signature: ([{'alpha': 0.019628224813442792, 'batch_size': 182, 'beta_1': 0.9410202200271762, 'beta_2': 0.9998021557676793, 'epsilon': 1.8662266976518e-08, 'hidden_layer_sizes': 147, 'learning_rate_init': 0.0005627932047415167, 'tol': 0.03690557729213761, 'validation_fraction': 0.8846827852548593}, {'alpha': 0.0019982467392329444, 'batch_size': 200, 'beta_1': 0.919111482530466, 'beta_2': 0.9998488260436156, 'epsilon': 5.981221901152555e-07, 'hidden_layer_sizes': 61, 'learning_rate_init': 2.2310905607443014e-05, 'tol': 1.2046852412030316e-05, 'validation_fraction': 0.8117896445826539}, {'alpha': 0.46659545670218433, 'batch_size': 219, 'beta_1': 0.9889789783750891, 'beta_2': 0.9999896868093284, 'epsilon': 2.4234724484675948e-08, 'hidden_layer_sizes': 167, 'learning_rate_init': 2.972334644335654e-05, 'tol': 0.0036281404040243792, 'validation_fraction': 0.17260651658522078}, {'alpha': 4.656005689076002, 'batch_size': 135, 'beta_1': 0.870503881627747, 'beta_2': 0.9948873266941017, 'epsilon': 2.1023308743480125e-07, 'hidden_layer_sizes': 118, 'learning_rate_init': 0.0018781738757161913, 'tol': 1.1889379831773004e-05, 'validation_fraction': 0.6264327093752792}, {'alpha': 0.04705159350400542, 'batch_size': 158, 'beta_1': 0.9870884262730957, 'beta_2': 0.9999596874382349, 'epsilon': 1.1981845126013875e-08, 'hidden_layer_sizes': 116, 'learning_rate_init': 0.00617340520407431, 'tol': 1.741413418158619e-05, 'validation_fraction': 0.6754299026638921}], [4.8709522768835765, 9.712622772033223, 5.950791832993735, 0.19438427080405424, 0.251902166999456])
 /home/ryedida/.local/lib/python3.9/site-packages/bayesmark/signatures.py:85: RuntimeWarning:Signature diverged on MLP-adam_digits_nll betwen [4.71022664 9.71262277 5.92543888 0.18972466 0.25190217] and [ 4.87095228 10.02890359  5.95079183  0.19438427  0.26094505]

Signature errors:
                            0         1         2        3         4       max
MLP-adam_digits_nll  0.160726  0.316281  0.025353  0.00466  0.009043  0.316281
max                  0.160726  0.316281  0.025353  0.00466  0.009043  0.316281
starting sklearn study hebo MLP-adam digits nll 15 1
with data root: None
suggestion time taken 0.004500 iter 0 next_points [{'hidden_layer_sizes': 50, 'alpha': 9.999999999999979e-06, 'batch_size': 10, 'learning_rate_init': 9.999999999999979e-06, 'tol': 9.999999999999979e-06, 'validation_fraction': 0.09999999999999999, 'beta_1': 0.5, 'beta_2': 0.9, 'epsilon': 9.999999999999999e-10}]
function_evaluation time 13.818859 value 0.640904 suggestion {'hidden_layer_sizes': 50, 'alpha': 9.999999999999979e-06, 'batch_size': 10, 'learning_rate_init': 9.999999999999979e-06, 'tol': 9.999999999999979e-06, 'validation_fraction': 0.09999999999999999, 'beta_1': 0.5, 'beta_2': 0.9, 'epsilon': 9.999999999999999e-10}
 /home/ryedida/bbo_challenge_starter_kit/example_submissions/hebo/optimizer_mace.py:237: FutureWarning:The frame.append method is deprecated and will be removed from pandas in a future version. Use pandas.concat instead.

observation time 0.118337, current best 0.640904 at iter 0
suggestion time taken 0.003340 iter 1 next_points [{'hidden_layer_sizes': 125, 'alpha': 0.00999999999999999, 'batch_size': 130, 'learning_rate_init': 0.000999999999999999, 'tol': 0.000999999999999999, 'validation_fraction': 0.29999999999999993, 'beta_1': 0.7035623639735143, 'beta_2': 0.9486828237087461, 'epsilon': 3.162277660168379e-08}]
function_evaluation time 1.555653 value 0.117190 suggestion {'hidden_layer_sizes': 125, 'alpha': 0.00999999999999999, 'batch_size': 130, 'learning_rate_init': 0.000999999999999999, 'tol': 0.000999999999999999, 'validation_fraction': 0.29999999999999993, 'beta_1': 0.7035623639735143, 'beta_2': 0.9486828237087461, 'epsilon': 3.162277660168379e-08}
 /home/ryedida/bbo_challenge_starter_kit/example_submissions/hebo/optimizer_mace.py:237: FutureWarning:The frame.append method is deprecated and will be removed from pandas in a future version. Use pandas.concat instead.

observation time 0.001705, current best 0.117190 at iter 1
suggestion time taken 0.003313 iter 2 next_points [{'hidden_layer_sizes': 162, 'alpha': 0.0003162277660168373, 'batch_size': 70, 'learning_rate_init': 9.999999999999979e-05, 'tol': 0.01, 'validation_fraction': 0.5196152422706632, 'beta_1': 0.5931114414566264, 'beta_2': 0.9740030159223957, 'epsilon': 1.778279410038923e-07}]
function_evaluation time 1.679655 value 0.333415 suggestion {'hidden_layer_sizes': 162, 'alpha': 0.0003162277660168373, 'batch_size': 70, 'learning_rate_init': 9.999999999999979e-05, 'tol': 0.01, 'validation_fraction': 0.5196152422706632, 'beta_1': 0.5931114414566264, 'beta_2': 0.9740030159223957, 'epsilon': 1.778279410038923e-07}
 /home/ryedida/bbo_challenge_starter_kit/example_submissions/hebo/optimizer_mace.py:237: FutureWarning:The frame.append method is deprecated and will be removed from pandas in a future version. Use pandas.concat instead.

observation time 0.001805, current best 0.117190 at iter 2
suggestion time taken 0.003504 iter 3 next_points [{'hidden_layer_sizes': 88, 'alpha': 0.31622776601683794, 'batch_size': 190, 'learning_rate_init': 0.01, 'tol': 9.999999999999979e-05, 'validation_fraction': 0.1732050807568877, 'beta_1': 0.8345817757019256, 'beta_2': 0.9240208554669486, 'epsilon': 5.623413251903491e-09}]
function_evaluation time 0.627847 value 0.119614 suggestion {'hidden_layer_sizes': 88, 'alpha': 0.31622776601683794, 'batch_size': 190, 'learning_rate_init': 0.01, 'tol': 9.999999999999979e-05, 'validation_fraction': 0.1732050807568877, 'beta_1': 0.8345817757019256, 'beta_2': 0.9240208554669486, 'epsilon': 5.623413251903491e-09}
 /home/ryedida/bbo_challenge_starter_kit/example_submissions/hebo/optimizer_mace.py:237: FutureWarning:The frame.append method is deprecated and will be removed from pandas in a future version. Use pandas.concat instead.

observation time 0.001704, current best 0.117190 at iter 3
 /home/ryedida/.local/lib/python3.9/site-packages/GPy/core/__init__.py:80: FutureWarning:In the future `np.bool` will be defined as the corresponding NumPy scalar.

 /home/ryedida/.local/lib/python3.9/site-packages/GPy/core/__init__.py:80: FutureWarning:In the future `np.bool` will be defined as the corresponding NumPy scalar.

Failure in optimizer suggest. Falling back to random search.
module 'numpy' has no attribute 'bool'.
`np.bool` was a deprecated alias for the builtin `bool`. To avoid this error in existing code, use `bool` by itself. Doing this will not modify any behavior and is safe. If you specifically wanted the numpy scalar type, use `np.bool_` here.
The aliases was originally deprecated in NumPy 1.20; for more details and guidance see the original release note at:
    https://numpy.org/devdocs/release/1.20.0-notes.html#deprecations
Traceback (most recent call last):
  File "/home/ryedida/bbo_challenge_starter_kit/example_submissions/hebo/optimizer_mace.py", line 145, in suggest
    model.fit(X, Xe, y)
  File "/home/ryedida/bbo_challenge_starter_kit/example_submissions/hebo/bo/models/gp/gpy_wgp.py", line 89, in fit
    self.gp.optimize_restarts(max_iters = self.num_epochs, messages = self.verbose, num_restarts = 10)
  File "/home/ryedida/.local/lib/python3.9/site-packages/paramz/model.py", line 182, in optimize_restarts
    raise e
  File "/home/ryedida/.local/lib/python3.9/site-packages/paramz/model.py", line 171, in optimize_restarts
    self.randomize()
  File "/home/ryedida/.local/lib/python3.9/site-packages/GPy/core/__init__.py", line 80, in randomize
    unfixlist = np.ones((self.size,),dtype=np.bool)
  File "/home/ryedida/.local/lib/python3.9/site-packages/numpy/__init__.py", line 305, in __getattr__
    raise AttributeError(__former_attrs__[attr])
AttributeError: module 'numpy' has no attribute 'bool'.
`np.bool` was a deprecated alias for the builtin `bool`. To avoid this error in existing code, use `bool` by itself. Doing this will not modify any behavior and is safe. If you specifically wanted the numpy scalar type, use `np.bool_` here.
The aliases was originally deprecated in NumPy 1.20; for more details and guidance see the original release note at:
    https://numpy.org/devdocs/release/1.20.0-notes.html#deprecations

During handling of the above exception, another exception occurred:

Traceback (most recent call last):
  File "/home/ryedida/.local/lib/python3.9/site-packages/bayesmark/experiment.py", line 126, in run_study
    next_points = optimizer.suggest(n_suggestions)
  File "/home/ryedida/bbo_challenge_starter_kit/example_submissions/hebo/optimizer_mace.py", line 155, in suggest
    model.fit(X, Xe, y)
  File "/home/ryedida/bbo_challenge_starter_kit/example_submissions/hebo/bo/models/gp/gpy_wgp.py", line 89, in fit
    self.gp.optimize_restarts(max_iters = self.num_epochs, messages = self.verbose, num_restarts = 10)
  File "/home/ryedida/.local/lib/python3.9/site-packages/paramz/model.py", line 182, in optimize_restarts
    raise e
  File "/home/ryedida/.local/lib/python3.9/site-packages/paramz/model.py", line 171, in optimize_restarts
    self.randomize()
  File "/home/ryedida/.local/lib/python3.9/site-packages/GPy/core/__init__.py", line 80, in randomize
    unfixlist = np.ones((self.size,),dtype=np.bool)
  File "/home/ryedida/.local/lib/python3.9/site-packages/numpy/__init__.py", line 305, in __getattr__
    raise AttributeError(__former_attrs__[attr])
AttributeError: module 'numpy' has no attribute 'bool'.
`np.bool` was a deprecated alias for the builtin `bool`. To avoid this error in existing code, use `bool` by itself. Doing this will not modify any behavior and is safe. If you specifically wanted the numpy scalar type, use `np.bool_` here.
The aliases was originally deprecated in NumPy 1.20; for more details and guidance see the original release note at:
    https://numpy.org/devdocs/release/1.20.0-notes.html#deprecations
suggestion time taken 0.371885 iter 4 next_points [{'alpha': 2.899527677764636, 'batch_size': 222, 'beta_1': 0.9719596619355335, 'beta_2': 0.9037957626515948, 'epsilon': 4.6700684123968534e-08, 'hidden_layer_sizes': 144, 'learning_rate_init': 0.0005346720908387412, 'tol': 2.9997903153400077e-05, 'validation_fraction': 0.685835653982103}]
function_evaluation time 1.244268 value 0.310646 suggestion {'alpha': 2.899527677764636, 'batch_size': 222, 'beta_1': 0.9719596619355335, 'beta_2': 0.9037957626515948, 'epsilon': 4.6700684123968534e-08, 'hidden_layer_sizes': 144, 'learning_rate_init': 0.0005346720908387412, 'tol': 2.9997903153400077e-05, 'validation_fraction': 0.685835653982103}
 /home/ryedida/bbo_challenge_starter_kit/example_submissions/hebo/optimizer_mace.py:237: FutureWarning:The frame.append method is deprecated and will be removed from pandas in a future version. Use pandas.concat instead.

observation time 0.002416, current best 0.117190 at iter 4
 /home/ryedida/.local/lib/python3.9/site-packages/GPy/core/__init__.py:80: FutureWarning:In the future `np.bool` will be defined as the corresponding NumPy scalar.

 /home/ryedida/.local/lib/python3.9/site-packages/GPy/core/__init__.py:80: FutureWarning:In the future `np.bool` will be defined as the corresponding NumPy scalar.

Failure in optimizer suggest. Falling back to random search.
module 'numpy' has no attribute 'bool'.
`np.bool` was a deprecated alias for the builtin `bool`. To avoid this error in existing code, use `bool` by itself. Doing this will not modify any behavior and is safe. If you specifically wanted the numpy scalar type, use `np.bool_` here.
The aliases was originally deprecated in NumPy 1.20; for more details and guidance see the original release note at:
    https://numpy.org/devdocs/release/1.20.0-notes.html#deprecations
Traceback (most recent call last):
  File "/home/ryedida/bbo_challenge_starter_kit/example_submissions/hebo/optimizer_mace.py", line 145, in suggest
    model.fit(X, Xe, y)
  File "/home/ryedida/bbo_challenge_starter_kit/example_submissions/hebo/bo/models/gp/gpy_wgp.py", line 89, in fit
    self.gp.optimize_restarts(max_iters = self.num_epochs, messages = self.verbose, num_restarts = 10)
  File "/home/ryedida/.local/lib/python3.9/site-packages/paramz/model.py", line 182, in optimize_restarts
    raise e
  File "/home/ryedida/.local/lib/python3.9/site-packages/paramz/model.py", line 171, in optimize_restarts
    self.randomize()
  File "/home/ryedida/.local/lib/python3.9/site-packages/GPy/core/__init__.py", line 80, in randomize
    unfixlist = np.ones((self.size,),dtype=np.bool)
  File "/home/ryedida/.local/lib/python3.9/site-packages/numpy/__init__.py", line 305, in __getattr__
    raise AttributeError(__former_attrs__[attr])
AttributeError: module 'numpy' has no attribute 'bool'.
`np.bool` was a deprecated alias for the builtin `bool`. To avoid this error in existing code, use `bool` by itself. Doing this will not modify any behavior and is safe. If you specifically wanted the numpy scalar type, use `np.bool_` here.
The aliases was originally deprecated in NumPy 1.20; for more details and guidance see the original release note at:
    https://numpy.org/devdocs/release/1.20.0-notes.html#deprecations

During handling of the above exception, another exception occurred:

Traceback (most recent call last):
  File "/home/ryedida/.local/lib/python3.9/site-packages/bayesmark/experiment.py", line 126, in run_study
    next_points = optimizer.suggest(n_suggestions)
  File "/home/ryedida/bbo_challenge_starter_kit/example_submissions/hebo/optimizer_mace.py", line 155, in suggest
    model.fit(X, Xe, y)
  File "/home/ryedida/bbo_challenge_starter_kit/example_submissions/hebo/bo/models/gp/gpy_wgp.py", line 89, in fit
    self.gp.optimize_restarts(max_iters = self.num_epochs, messages = self.verbose, num_restarts = 10)
  File "/home/ryedida/.local/lib/python3.9/site-packages/paramz/model.py", line 182, in optimize_restarts
    raise e
  File "/home/ryedida/.local/lib/python3.9/site-packages/paramz/model.py", line 171, in optimize_restarts
    self.randomize()
  File "/home/ryedida/.local/lib/python3.9/site-packages/GPy/core/__init__.py", line 80, in randomize
    unfixlist = np.ones((self.size,),dtype=np.bool)
  File "/home/ryedida/.local/lib/python3.9/site-packages/numpy/__init__.py", line 305, in __getattr__
    raise AttributeError(__former_attrs__[attr])
AttributeError: module 'numpy' has no attribute 'bool'.
`np.bool` was a deprecated alias for the builtin `bool`. To avoid this error in existing code, use `bool` by itself. Doing this will not modify any behavior and is safe. If you specifically wanted the numpy scalar type, use `np.bool_` here.
The aliases was originally deprecated in NumPy 1.20; for more details and guidance see the original release note at:
    https://numpy.org/devdocs/release/1.20.0-notes.html#deprecations
suggestion time taken 0.418383 iter 5 next_points [{'alpha': 4.566368628220616e-05, 'batch_size': 46, 'beta_1': 0.9205248901800246, 'beta_2': 0.9998951972776476, 'epsilon': 1.9017709877936333e-07, 'hidden_layer_sizes': 197, 'learning_rate_init': 0.0002599557716666956, 'tol': 0.0005537396619179275, 'validation_fraction': 0.15487145277032194}]
function_evaluation time 3.056070 value 0.156906 suggestion {'alpha': 4.566368628220616e-05, 'batch_size': 46, 'beta_1': 0.9205248901800246, 'beta_2': 0.9998951972776476, 'epsilon': 1.9017709877936333e-07, 'hidden_layer_sizes': 197, 'learning_rate_init': 0.0002599557716666956, 'tol': 0.0005537396619179275, 'validation_fraction': 0.15487145277032194}
 /home/ryedida/bbo_challenge_starter_kit/example_submissions/hebo/optimizer_mace.py:237: FutureWarning:The frame.append method is deprecated and will be removed from pandas in a future version. Use pandas.concat instead.

observation time 0.002414, current best 0.117190 at iter 5
 /home/ryedida/.local/lib/python3.9/site-packages/GPy/core/__init__.py:80: FutureWarning:In the future `np.bool` will be defined as the corresponding NumPy scalar.

 /home/ryedida/.local/lib/python3.9/site-packages/GPy/core/__init__.py:80: FutureWarning:In the future `np.bool` will be defined as the corresponding NumPy scalar.

Failure in optimizer suggest. Falling back to random search.
module 'numpy' has no attribute 'bool'.
`np.bool` was a deprecated alias for the builtin `bool`. To avoid this error in existing code, use `bool` by itself. Doing this will not modify any behavior and is safe. If you specifically wanted the numpy scalar type, use `np.bool_` here.
The aliases was originally deprecated in NumPy 1.20; for more details and guidance see the original release note at:
    https://numpy.org/devdocs/release/1.20.0-notes.html#deprecations
Traceback (most recent call last):
  File "/home/ryedida/bbo_challenge_starter_kit/example_submissions/hebo/optimizer_mace.py", line 145, in suggest
    model.fit(X, Xe, y)
  File "/home/ryedida/bbo_challenge_starter_kit/example_submissions/hebo/bo/models/gp/gpy_wgp.py", line 89, in fit
    self.gp.optimize_restarts(max_iters = self.num_epochs, messages = self.verbose, num_restarts = 10)
  File "/home/ryedida/.local/lib/python3.9/site-packages/paramz/model.py", line 182, in optimize_restarts
    raise e
  File "/home/ryedida/.local/lib/python3.9/site-packages/paramz/model.py", line 171, in optimize_restarts
    self.randomize()
  File "/home/ryedida/.local/lib/python3.9/site-packages/GPy/core/__init__.py", line 80, in randomize
    unfixlist = np.ones((self.size,),dtype=np.bool)
  File "/home/ryedida/.local/lib/python3.9/site-packages/numpy/__init__.py", line 305, in __getattr__
    raise AttributeError(__former_attrs__[attr])
AttributeError: module 'numpy' has no attribute 'bool'.
`np.bool` was a deprecated alias for the builtin `bool`. To avoid this error in existing code, use `bool` by itself. Doing this will not modify any behavior and is safe. If you specifically wanted the numpy scalar type, use `np.bool_` here.
The aliases was originally deprecated in NumPy 1.20; for more details and guidance see the original release note at:
    https://numpy.org/devdocs/release/1.20.0-notes.html#deprecations

During handling of the above exception, another exception occurred:

Traceback (most recent call last):
  File "/home/ryedida/.local/lib/python3.9/site-packages/bayesmark/experiment.py", line 126, in run_study
    next_points = optimizer.suggest(n_suggestions)
  File "/home/ryedida/bbo_challenge_starter_kit/example_submissions/hebo/optimizer_mace.py", line 155, in suggest
    model.fit(X, Xe, y)
  File "/home/ryedida/bbo_challenge_starter_kit/example_submissions/hebo/bo/models/gp/gpy_wgp.py", line 89, in fit
    self.gp.optimize_restarts(max_iters = self.num_epochs, messages = self.verbose, num_restarts = 10)
  File "/home/ryedida/.local/lib/python3.9/site-packages/paramz/model.py", line 182, in optimize_restarts
    raise e
  File "/home/ryedida/.local/lib/python3.9/site-packages/paramz/model.py", line 171, in optimize_restarts
    self.randomize()
  File "/home/ryedida/.local/lib/python3.9/site-packages/GPy/core/__init__.py", line 80, in randomize
    unfixlist = np.ones((self.size,),dtype=np.bool)
  File "/home/ryedida/.local/lib/python3.9/site-packages/numpy/__init__.py", line 305, in __getattr__
    raise AttributeError(__former_attrs__[attr])
AttributeError: module 'numpy' has no attribute 'bool'.
`np.bool` was a deprecated alias for the builtin `bool`. To avoid this error in existing code, use `bool` by itself. Doing this will not modify any behavior and is safe. If you specifically wanted the numpy scalar type, use `np.bool_` here.
The aliases was originally deprecated in NumPy 1.20; for more details and guidance see the original release note at:
    https://numpy.org/devdocs/release/1.20.0-notes.html#deprecations
suggestion time taken 0.385962 iter 6 next_points [{'alpha': 0.0009701926674372911, 'batch_size': 79, 'beta_1': 0.8261196636795403, 'beta_2': 0.9730538919426954, 'epsilon': 4.201121393004252e-08, 'hidden_layer_sizes': 151, 'learning_rate_init': 0.009373273525644722, 'tol': 0.03163339698356788, 'validation_fraction': 0.8610383810666022}]
function_evaluation time 0.342529 value 0.486263 suggestion {'alpha': 0.0009701926674372911, 'batch_size': 79, 'beta_1': 0.8261196636795403, 'beta_2': 0.9730538919426954, 'epsilon': 4.201121393004252e-08, 'hidden_layer_sizes': 151, 'learning_rate_init': 0.009373273525644722, 'tol': 0.03163339698356788, 'validation_fraction': 0.8610383810666022}
 /home/ryedida/bbo_challenge_starter_kit/example_submissions/hebo/optimizer_mace.py:237: FutureWarning:The frame.append method is deprecated and will be removed from pandas in a future version. Use pandas.concat instead.

observation time 0.002211, current best 0.117190 at iter 6
 /home/ryedida/.local/lib/python3.9/site-packages/GPy/core/__init__.py:80: FutureWarning:In the future `np.bool` will be defined as the corresponding NumPy scalar.

 /home/ryedida/.local/lib/python3.9/site-packages/GPy/core/__init__.py:80: FutureWarning:In the future `np.bool` will be defined as the corresponding NumPy scalar.

Failure in optimizer suggest. Falling back to random search.
module 'numpy' has no attribute 'bool'.
`np.bool` was a deprecated alias for the builtin `bool`. To avoid this error in existing code, use `bool` by itself. Doing this will not modify any behavior and is safe. If you specifically wanted the numpy scalar type, use `np.bool_` here.
The aliases was originally deprecated in NumPy 1.20; for more details and guidance see the original release note at:
    https://numpy.org/devdocs/release/1.20.0-notes.html#deprecations
Traceback (most recent call last):
  File "/home/ryedida/bbo_challenge_starter_kit/example_submissions/hebo/optimizer_mace.py", line 145, in suggest
    model.fit(X, Xe, y)
  File "/home/ryedida/bbo_challenge_starter_kit/example_submissions/hebo/bo/models/gp/gpy_wgp.py", line 89, in fit
    self.gp.optimize_restarts(max_iters = self.num_epochs, messages = self.verbose, num_restarts = 10)
  File "/home/ryedida/.local/lib/python3.9/site-packages/paramz/model.py", line 182, in optimize_restarts
    raise e
  File "/home/ryedida/.local/lib/python3.9/site-packages/paramz/model.py", line 171, in optimize_restarts
    self.randomize()
  File "/home/ryedida/.local/lib/python3.9/site-packages/GPy/core/__init__.py", line 80, in randomize
    unfixlist = np.ones((self.size,),dtype=np.bool)
  File "/home/ryedida/.local/lib/python3.9/site-packages/numpy/__init__.py", line 305, in __getattr__
    raise AttributeError(__former_attrs__[attr])
AttributeError: module 'numpy' has no attribute 'bool'.
`np.bool` was a deprecated alias for the builtin `bool`. To avoid this error in existing code, use `bool` by itself. Doing this will not modify any behavior and is safe. If you specifically wanted the numpy scalar type, use `np.bool_` here.
The aliases was originally deprecated in NumPy 1.20; for more details and guidance see the original release note at:
    https://numpy.org/devdocs/release/1.20.0-notes.html#deprecations

During handling of the above exception, another exception occurred:

Traceback (most recent call last):
  File "/home/ryedida/.local/lib/python3.9/site-packages/bayesmark/experiment.py", line 126, in run_study
    next_points = optimizer.suggest(n_suggestions)
  File "/home/ryedida/bbo_challenge_starter_kit/example_submissions/hebo/optimizer_mace.py", line 155, in suggest
    model.fit(X, Xe, y)
  File "/home/ryedida/bbo_challenge_starter_kit/example_submissions/hebo/bo/models/gp/gpy_wgp.py", line 89, in fit
    self.gp.optimize_restarts(max_iters = self.num_epochs, messages = self.verbose, num_restarts = 10)
  File "/home/ryedida/.local/lib/python3.9/site-packages/paramz/model.py", line 182, in optimize_restarts
    raise e
  File "/home/ryedida/.local/lib/python3.9/site-packages/paramz/model.py", line 171, in optimize_restarts
    self.randomize()
  File "/home/ryedida/.local/lib/python3.9/site-packages/GPy/core/__init__.py", line 80, in randomize
    unfixlist = np.ones((self.size,),dtype=np.bool)
  File "/home/ryedida/.local/lib/python3.9/site-packages/numpy/__init__.py", line 305, in __getattr__
    raise AttributeError(__former_attrs__[attr])
AttributeError: module 'numpy' has no attribute 'bool'.
`np.bool` was a deprecated alias for the builtin `bool`. To avoid this error in existing code, use `bool` by itself. Doing this will not modify any behavior and is safe. If you specifically wanted the numpy scalar type, use `np.bool_` here.
The aliases was originally deprecated in NumPy 1.20; for more details and guidance see the original release note at:
    https://numpy.org/devdocs/release/1.20.0-notes.html#deprecations
suggestion time taken 0.395198 iter 7 next_points [{'alpha': 0.00041348951428498624, 'batch_size': 65, 'beta_1': 0.6511452582073427, 'beta_2': 0.9376640426441566, 'epsilon': 6.546181837056415e-07, 'hidden_layer_sizes': 61, 'learning_rate_init': 0.002375203930591009, 'tol': 0.03131665763996191, 'validation_fraction': 0.17087114985247043}]
function_evaluation time 0.571793 value 0.167949 suggestion {'alpha': 0.00041348951428498624, 'batch_size': 65, 'beta_1': 0.6511452582073427, 'beta_2': 0.9376640426441566, 'epsilon': 6.546181837056415e-07, 'hidden_layer_sizes': 61, 'learning_rate_init': 0.002375203930591009, 'tol': 0.03131665763996191, 'validation_fraction': 0.17087114985247043}
 /home/ryedida/bbo_challenge_starter_kit/example_submissions/hebo/optimizer_mace.py:237: FutureWarning:The frame.append method is deprecated and will be removed from pandas in a future version. Use pandas.concat instead.

observation time 0.002161, current best 0.117190 at iter 7
 /home/ryedida/.local/lib/python3.9/site-packages/GPy/core/__init__.py:80: FutureWarning:In the future `np.bool` will be defined as the corresponding NumPy scalar.

 /home/ryedida/.local/lib/python3.9/site-packages/GPy/core/__init__.py:80: FutureWarning:In the future `np.bool` will be defined as the corresponding NumPy scalar.

Failure in optimizer suggest. Falling back to random search.
module 'numpy' has no attribute 'bool'.
`np.bool` was a deprecated alias for the builtin `bool`. To avoid this error in existing code, use `bool` by itself. Doing this will not modify any behavior and is safe. If you specifically wanted the numpy scalar type, use `np.bool_` here.
The aliases was originally deprecated in NumPy 1.20; for more details and guidance see the original release note at:
    https://numpy.org/devdocs/release/1.20.0-notes.html#deprecations
Traceback (most recent call last):
  File "/home/ryedida/bbo_challenge_starter_kit/example_submissions/hebo/optimizer_mace.py", line 145, in suggest
    model.fit(X, Xe, y)
  File "/home/ryedida/bbo_challenge_starter_kit/example_submissions/hebo/bo/models/gp/gpy_wgp.py", line 89, in fit
    self.gp.optimize_restarts(max_iters = self.num_epochs, messages = self.verbose, num_restarts = 10)
  File "/home/ryedida/.local/lib/python3.9/site-packages/paramz/model.py", line 182, in optimize_restarts
    raise e
  File "/home/ryedida/.local/lib/python3.9/site-packages/paramz/model.py", line 171, in optimize_restarts
    self.randomize()
  File "/home/ryedida/.local/lib/python3.9/site-packages/GPy/core/__init__.py", line 80, in randomize
    unfixlist = np.ones((self.size,),dtype=np.bool)
  File "/home/ryedida/.local/lib/python3.9/site-packages/numpy/__init__.py", line 305, in __getattr__
    raise AttributeError(__former_attrs__[attr])
AttributeError: module 'numpy' has no attribute 'bool'.
`np.bool` was a deprecated alias for the builtin `bool`. To avoid this error in existing code, use `bool` by itself. Doing this will not modify any behavior and is safe. If you specifically wanted the numpy scalar type, use `np.bool_` here.
The aliases was originally deprecated in NumPy 1.20; for more details and guidance see the original release note at:
    https://numpy.org/devdocs/release/1.20.0-notes.html#deprecations

During handling of the above exception, another exception occurred:

Traceback (most recent call last):
  File "/home/ryedida/.local/lib/python3.9/site-packages/bayesmark/experiment.py", line 126, in run_study
    next_points = optimizer.suggest(n_suggestions)
  File "/home/ryedida/bbo_challenge_starter_kit/example_submissions/hebo/optimizer_mace.py", line 155, in suggest
    model.fit(X, Xe, y)
  File "/home/ryedida/bbo_challenge_starter_kit/example_submissions/hebo/bo/models/gp/gpy_wgp.py", line 89, in fit
    self.gp.optimize_restarts(max_iters = self.num_epochs, messages = self.verbose, num_restarts = 10)
  File "/home/ryedida/.local/lib/python3.9/site-packages/paramz/model.py", line 182, in optimize_restarts
    raise e
  File "/home/ryedida/.local/lib/python3.9/site-packages/paramz/model.py", line 171, in optimize_restarts
    self.randomize()
  File "/home/ryedida/.local/lib/python3.9/site-packages/GPy/core/__init__.py", line 80, in randomize
    unfixlist = np.ones((self.size,),dtype=np.bool)
  File "/home/ryedida/.local/lib/python3.9/site-packages/numpy/__init__.py", line 305, in __getattr__
    raise AttributeError(__former_attrs__[attr])
AttributeError: module 'numpy' has no attribute 'bool'.
`np.bool` was a deprecated alias for the builtin `bool`. To avoid this error in existing code, use `bool` by itself. Doing this will not modify any behavior and is safe. If you specifically wanted the numpy scalar type, use `np.bool_` here.
The aliases was originally deprecated in NumPy 1.20; for more details and guidance see the original release note at:
    https://numpy.org/devdocs/release/1.20.0-notes.html#deprecations
suggestion time taken 0.405833 iter 8 next_points [{'alpha': 0.011438600934393278, 'batch_size': 187, 'beta_1': 0.5146957464318354, 'beta_2': 0.9999919598522966, 'epsilon': 3.3051193027056787e-07, 'hidden_layer_sizes': 111, 'learning_rate_init': 0.0017041948879304113, 'tol': 0.00015118100414563708, 'validation_fraction': 0.10568596677956096}]
function_evaluation time 0.974289 value 0.177000 suggestion {'alpha': 0.011438600934393278, 'batch_size': 187, 'beta_1': 0.5146957464318354, 'beta_2': 0.9999919598522966, 'epsilon': 3.3051193027056787e-07, 'hidden_layer_sizes': 111, 'learning_rate_init': 0.0017041948879304113, 'tol': 0.00015118100414563708, 'validation_fraction': 0.10568596677956096}
 /home/ryedida/bbo_challenge_starter_kit/example_submissions/hebo/optimizer_mace.py:237: FutureWarning:The frame.append method is deprecated and will be removed from pandas in a future version. Use pandas.concat instead.

observation time 0.002218, current best 0.117190 at iter 8
 /home/ryedida/.local/lib/python3.9/site-packages/GPy/core/__init__.py:80: FutureWarning:In the future `np.bool` will be defined as the corresponding NumPy scalar.

 /home/ryedida/.local/lib/python3.9/site-packages/GPy/core/__init__.py:80: FutureWarning:In the future `np.bool` will be defined as the corresponding NumPy scalar.

Failure in optimizer suggest. Falling back to random search.
module 'numpy' has no attribute 'bool'.
`np.bool` was a deprecated alias for the builtin `bool`. To avoid this error in existing code, use `bool` by itself. Doing this will not modify any behavior and is safe. If you specifically wanted the numpy scalar type, use `np.bool_` here.
The aliases was originally deprecated in NumPy 1.20; for more details and guidance see the original release note at:
    https://numpy.org/devdocs/release/1.20.0-notes.html#deprecations
Traceback (most recent call last):
  File "/home/ryedida/bbo_challenge_starter_kit/example_submissions/hebo/optimizer_mace.py", line 145, in suggest
    model.fit(X, Xe, y)
  File "/home/ryedida/bbo_challenge_starter_kit/example_submissions/hebo/bo/models/gp/gpy_wgp.py", line 89, in fit
    self.gp.optimize_restarts(max_iters = self.num_epochs, messages = self.verbose, num_restarts = 10)
  File "/home/ryedida/.local/lib/python3.9/site-packages/paramz/model.py", line 182, in optimize_restarts
    raise e
  File "/home/ryedida/.local/lib/python3.9/site-packages/paramz/model.py", line 171, in optimize_restarts
    self.randomize()
  File "/home/ryedida/.local/lib/python3.9/site-packages/GPy/core/__init__.py", line 80, in randomize
    unfixlist = np.ones((self.size,),dtype=np.bool)
  File "/home/ryedida/.local/lib/python3.9/site-packages/numpy/__init__.py", line 305, in __getattr__
    raise AttributeError(__former_attrs__[attr])
AttributeError: module 'numpy' has no attribute 'bool'.
`np.bool` was a deprecated alias for the builtin `bool`. To avoid this error in existing code, use `bool` by itself. Doing this will not modify any behavior and is safe. If you specifically wanted the numpy scalar type, use `np.bool_` here.
The aliases was originally deprecated in NumPy 1.20; for more details and guidance see the original release note at:
    https://numpy.org/devdocs/release/1.20.0-notes.html#deprecations

During handling of the above exception, another exception occurred:

Traceback (most recent call last):
  File "/home/ryedida/.local/lib/python3.9/site-packages/bayesmark/experiment.py", line 126, in run_study
    next_points = optimizer.suggest(n_suggestions)
  File "/home/ryedida/bbo_challenge_starter_kit/example_submissions/hebo/optimizer_mace.py", line 155, in suggest
    model.fit(X, Xe, y)
  File "/home/ryedida/bbo_challenge_starter_kit/example_submissions/hebo/bo/models/gp/gpy_wgp.py", line 89, in fit
    self.gp.optimize_restarts(max_iters = self.num_epochs, messages = self.verbose, num_restarts = 10)
  File "/home/ryedida/.local/lib/python3.9/site-packages/paramz/model.py", line 182, in optimize_restarts
    raise e
  File "/home/ryedida/.local/lib/python3.9/site-packages/paramz/model.py", line 171, in optimize_restarts
    self.randomize()
  File "/home/ryedida/.local/lib/python3.9/site-packages/GPy/core/__init__.py", line 80, in randomize
    unfixlist = np.ones((self.size,),dtype=np.bool)
  File "/home/ryedida/.local/lib/python3.9/site-packages/numpy/__init__.py", line 305, in __getattr__
    raise AttributeError(__former_attrs__[attr])
AttributeError: module 'numpy' has no attribute 'bool'.
`np.bool` was a deprecated alias for the builtin `bool`. To avoid this error in existing code, use `bool` by itself. Doing this will not modify any behavior and is safe. If you specifically wanted the numpy scalar type, use `np.bool_` here.
The aliases was originally deprecated in NumPy 1.20; for more details and guidance see the original release note at:
    https://numpy.org/devdocs/release/1.20.0-notes.html#deprecations
suggestion time taken 0.431474 iter 9 next_points [{'alpha': 4.245068971300841, 'batch_size': 105, 'beta_1': 0.9284521683183576, 'beta_2': 0.9999984221078426, 'epsilon': 5.762258629367562e-07, 'hidden_layer_sizes': 76, 'learning_rate_init': 0.03934162012403003, 'tol': 2.417340267520253e-05, 'validation_fraction': 0.8383045963621979}]
function_evaluation time 0.703366 value 0.327404 suggestion {'alpha': 4.245068971300841, 'batch_size': 105, 'beta_1': 0.9284521683183576, 'beta_2': 0.9999984221078426, 'epsilon': 5.762258629367562e-07, 'hidden_layer_sizes': 76, 'learning_rate_init': 0.03934162012403003, 'tol': 2.417340267520253e-05, 'validation_fraction': 0.8383045963621979}
 /home/ryedida/bbo_challenge_starter_kit/example_submissions/hebo/optimizer_mace.py:237: FutureWarning:The frame.append method is deprecated and will be removed from pandas in a future version. Use pandas.concat instead.

observation time 0.002648, current best 0.117190 at iter 9
 /home/ryedida/.local/lib/python3.9/site-packages/GPy/core/__init__.py:80: FutureWarning:In the future `np.bool` will be defined as the corresponding NumPy scalar.

 /home/ryedida/.local/lib/python3.9/site-packages/GPy/core/__init__.py:80: FutureWarning:In the future `np.bool` will be defined as the corresponding NumPy scalar.

Failure in optimizer suggest. Falling back to random search.
module 'numpy' has no attribute 'bool'.
`np.bool` was a deprecated alias for the builtin `bool`. To avoid this error in existing code, use `bool` by itself. Doing this will not modify any behavior and is safe. If you specifically wanted the numpy scalar type, use `np.bool_` here.
The aliases was originally deprecated in NumPy 1.20; for more details and guidance see the original release note at:
    https://numpy.org/devdocs/release/1.20.0-notes.html#deprecations
Traceback (most recent call last):
  File "/home/ryedida/bbo_challenge_starter_kit/example_submissions/hebo/optimizer_mace.py", line 145, in suggest
    model.fit(X, Xe, y)
  File "/home/ryedida/bbo_challenge_starter_kit/example_submissions/hebo/bo/models/gp/gpy_wgp.py", line 89, in fit
    self.gp.optimize_restarts(max_iters = self.num_epochs, messages = self.verbose, num_restarts = 10)
  File "/home/ryedida/.local/lib/python3.9/site-packages/paramz/model.py", line 182, in optimize_restarts
    raise e
  File "/home/ryedida/.local/lib/python3.9/site-packages/paramz/model.py", line 171, in optimize_restarts
    self.randomize()
  File "/home/ryedida/.local/lib/python3.9/site-packages/GPy/core/__init__.py", line 80, in randomize
    unfixlist = np.ones((self.size,),dtype=np.bool)
  File "/home/ryedida/.local/lib/python3.9/site-packages/numpy/__init__.py", line 305, in __getattr__
    raise AttributeError(__former_attrs__[attr])
AttributeError: module 'numpy' has no attribute 'bool'.
`np.bool` was a deprecated alias for the builtin `bool`. To avoid this error in existing code, use `bool` by itself. Doing this will not modify any behavior and is safe. If you specifically wanted the numpy scalar type, use `np.bool_` here.
The aliases was originally deprecated in NumPy 1.20; for more details and guidance see the original release note at:
    https://numpy.org/devdocs/release/1.20.0-notes.html#deprecations

During handling of the above exception, another exception occurred:

Traceback (most recent call last):
  File "/home/ryedida/.local/lib/python3.9/site-packages/bayesmark/experiment.py", line 126, in run_study
    next_points = optimizer.suggest(n_suggestions)
  File "/home/ryedida/bbo_challenge_starter_kit/example_submissions/hebo/optimizer_mace.py", line 155, in suggest
    model.fit(X, Xe, y)
  File "/home/ryedida/bbo_challenge_starter_kit/example_submissions/hebo/bo/models/gp/gpy_wgp.py", line 89, in fit
    self.gp.optimize_restarts(max_iters = self.num_epochs, messages = self.verbose, num_restarts = 10)
  File "/home/ryedida/.local/lib/python3.9/site-packages/paramz/model.py", line 182, in optimize_restarts
    raise e
  File "/home/ryedida/.local/lib/python3.9/site-packages/paramz/model.py", line 171, in optimize_restarts
    self.randomize()
  File "/home/ryedida/.local/lib/python3.9/site-packages/GPy/core/__init__.py", line 80, in randomize
    unfixlist = np.ones((self.size,),dtype=np.bool)
  File "/home/ryedida/.local/lib/python3.9/site-packages/numpy/__init__.py", line 305, in __getattr__
    raise AttributeError(__former_attrs__[attr])
AttributeError: module 'numpy' has no attribute 'bool'.
`np.bool` was a deprecated alias for the builtin `bool`. To avoid this error in existing code, use `bool` by itself. Doing this will not modify any behavior and is safe. If you specifically wanted the numpy scalar type, use `np.bool_` here.
The aliases was originally deprecated in NumPy 1.20; for more details and guidance see the original release note at:
    https://numpy.org/devdocs/release/1.20.0-notes.html#deprecations
suggestion time taken 0.503937 iter 10 next_points [{'alpha': 0.0007687400937104301, 'batch_size': 16, 'beta_1': 0.7746751060163108, 'beta_2': 0.9999602448645456, 'epsilon': 2.5757668244988563e-09, 'hidden_layer_sizes': 62, 'learning_rate_init': 0.0006614644396391847, 'tol': 0.010906052775370266, 'validation_fraction': 0.27868587861470645}]
function_evaluation time 1.699015 value 0.179160 suggestion {'alpha': 0.0007687400937104301, 'batch_size': 16, 'beta_1': 0.7746751060163108, 'beta_2': 0.9999602448645456, 'epsilon': 2.5757668244988563e-09, 'hidden_layer_sizes': 62, 'learning_rate_init': 0.0006614644396391847, 'tol': 0.010906052775370266, 'validation_fraction': 0.27868587861470645}
 /home/ryedida/bbo_challenge_starter_kit/example_submissions/hebo/optimizer_mace.py:237: FutureWarning:The frame.append method is deprecated and will be removed from pandas in a future version. Use pandas.concat instead.

observation time 0.002145, current best 0.117190 at iter 10
 /home/ryedida/.local/lib/python3.9/site-packages/GPy/core/__init__.py:80: FutureWarning:In the future `np.bool` will be defined as the corresponding NumPy scalar.

 /home/ryedida/.local/lib/python3.9/site-packages/GPy/core/__init__.py:80: FutureWarning:In the future `np.bool` will be defined as the corresponding NumPy scalar.

Failure in optimizer suggest. Falling back to random search.
module 'numpy' has no attribute 'bool'.
`np.bool` was a deprecated alias for the builtin `bool`. To avoid this error in existing code, use `bool` by itself. Doing this will not modify any behavior and is safe. If you specifically wanted the numpy scalar type, use `np.bool_` here.
The aliases was originally deprecated in NumPy 1.20; for more details and guidance see the original release note at:
    https://numpy.org/devdocs/release/1.20.0-notes.html#deprecations
Traceback (most recent call last):
  File "/home/ryedida/bbo_challenge_starter_kit/example_submissions/hebo/optimizer_mace.py", line 145, in suggest
    model.fit(X, Xe, y)
  File "/home/ryedida/bbo_challenge_starter_kit/example_submissions/hebo/bo/models/gp/gpy_wgp.py", line 89, in fit
    self.gp.optimize_restarts(max_iters = self.num_epochs, messages = self.verbose, num_restarts = 10)
  File "/home/ryedida/.local/lib/python3.9/site-packages/paramz/model.py", line 182, in optimize_restarts
    raise e
  File "/home/ryedida/.local/lib/python3.9/site-packages/paramz/model.py", line 171, in optimize_restarts
    self.randomize()
  File "/home/ryedida/.local/lib/python3.9/site-packages/GPy/core/__init__.py", line 80, in randomize
    unfixlist = np.ones((self.size,),dtype=np.bool)
  File "/home/ryedida/.local/lib/python3.9/site-packages/numpy/__init__.py", line 305, in __getattr__
    raise AttributeError(__former_attrs__[attr])
AttributeError: module 'numpy' has no attribute 'bool'.
`np.bool` was a deprecated alias for the builtin `bool`. To avoid this error in existing code, use `bool` by itself. Doing this will not modify any behavior and is safe. If you specifically wanted the numpy scalar type, use `np.bool_` here.
The aliases was originally deprecated in NumPy 1.20; for more details and guidance see the original release note at:
    https://numpy.org/devdocs/release/1.20.0-notes.html#deprecations

During handling of the above exception, another exception occurred:

Traceback (most recent call last):
  File "/home/ryedida/.local/lib/python3.9/site-packages/bayesmark/experiment.py", line 126, in run_study
    next_points = optimizer.suggest(n_suggestions)
  File "/home/ryedida/bbo_challenge_starter_kit/example_submissions/hebo/optimizer_mace.py", line 155, in suggest
    model.fit(X, Xe, y)
  File "/home/ryedida/bbo_challenge_starter_kit/example_submissions/hebo/bo/models/gp/gpy_wgp.py", line 89, in fit
    self.gp.optimize_restarts(max_iters = self.num_epochs, messages = self.verbose, num_restarts = 10)
  File "/home/ryedida/.local/lib/python3.9/site-packages/paramz/model.py", line 182, in optimize_restarts
    raise e
  File "/home/ryedida/.local/lib/python3.9/site-packages/paramz/model.py", line 171, in optimize_restarts
    self.randomize()
  File "/home/ryedida/.local/lib/python3.9/site-packages/GPy/core/__init__.py", line 80, in randomize
    unfixlist = np.ones((self.size,),dtype=np.bool)
  File "/home/ryedida/.local/lib/python3.9/site-packages/numpy/__init__.py", line 305, in __getattr__
    raise AttributeError(__former_attrs__[attr])
AttributeError: module 'numpy' has no attribute 'bool'.
`np.bool` was a deprecated alias for the builtin `bool`. To avoid this error in existing code, use `bool` by itself. Doing this will not modify any behavior and is safe. If you specifically wanted the numpy scalar type, use `np.bool_` here.
The aliases was originally deprecated in NumPy 1.20; for more details and guidance see the original release note at:
    https://numpy.org/devdocs/release/1.20.0-notes.html#deprecations
suggestion time taken 0.417736 iter 11 next_points [{'alpha': 0.015447772983988384, 'batch_size': 177, 'beta_1': 0.9851829485734157, 'beta_2': 0.9994394354242063, 'epsilon': 3.844545294980477e-07, 'hidden_layer_sizes': 134, 'learning_rate_init': 0.04687307444128106, 'tol': 0.006535494418015731, 'validation_fraction': 0.6835896091263318}]
function_evaluation time 0.595784 value 1.275512 suggestion {'alpha': 0.015447772983988384, 'batch_size': 177, 'beta_1': 0.9851829485734157, 'beta_2': 0.9994394354242063, 'epsilon': 3.844545294980477e-07, 'hidden_layer_sizes': 134, 'learning_rate_init': 0.04687307444128106, 'tol': 0.006535494418015731, 'validation_fraction': 0.6835896091263318}
 /home/ryedida/bbo_challenge_starter_kit/example_submissions/hebo/optimizer_mace.py:237: FutureWarning:The frame.append method is deprecated and will be removed from pandas in a future version. Use pandas.concat instead.

observation time 0.002511, current best 0.117190 at iter 11
 /home/ryedida/.local/lib/python3.9/site-packages/GPy/core/__init__.py:80: FutureWarning:In the future `np.bool` will be defined as the corresponding NumPy scalar.

 /home/ryedida/.local/lib/python3.9/site-packages/GPy/core/__init__.py:80: FutureWarning:In the future `np.bool` will be defined as the corresponding NumPy scalar.

Failure in optimizer suggest. Falling back to random search.
module 'numpy' has no attribute 'bool'.
`np.bool` was a deprecated alias for the builtin `bool`. To avoid this error in existing code, use `bool` by itself. Doing this will not modify any behavior and is safe. If you specifically wanted the numpy scalar type, use `np.bool_` here.
The aliases was originally deprecated in NumPy 1.20; for more details and guidance see the original release note at:
    https://numpy.org/devdocs/release/1.20.0-notes.html#deprecations
Traceback (most recent call last):
  File "/home/ryedida/bbo_challenge_starter_kit/example_submissions/hebo/optimizer_mace.py", line 145, in suggest
    model.fit(X, Xe, y)
  File "/home/ryedida/bbo_challenge_starter_kit/example_submissions/hebo/bo/models/gp/gpy_wgp.py", line 89, in fit
    self.gp.optimize_restarts(max_iters = self.num_epochs, messages = self.verbose, num_restarts = 10)
  File "/home/ryedida/.local/lib/python3.9/site-packages/paramz/model.py", line 182, in optimize_restarts
    raise e
  File "/home/ryedida/.local/lib/python3.9/site-packages/paramz/model.py", line 171, in optimize_restarts
    self.randomize()
  File "/home/ryedida/.local/lib/python3.9/site-packages/GPy/core/__init__.py", line 80, in randomize
    unfixlist = np.ones((self.size,),dtype=np.bool)
  File "/home/ryedida/.local/lib/python3.9/site-packages/numpy/__init__.py", line 305, in __getattr__
    raise AttributeError(__former_attrs__[attr])
AttributeError: module 'numpy' has no attribute 'bool'.
`np.bool` was a deprecated alias for the builtin `bool`. To avoid this error in existing code, use `bool` by itself. Doing this will not modify any behavior and is safe. If you specifically wanted the numpy scalar type, use `np.bool_` here.
The aliases was originally deprecated in NumPy 1.20; for more details and guidance see the original release note at:
    https://numpy.org/devdocs/release/1.20.0-notes.html#deprecations

During handling of the above exception, another exception occurred:

Traceback (most recent call last):
  File "/home/ryedida/.local/lib/python3.9/site-packages/bayesmark/experiment.py", line 126, in run_study
    next_points = optimizer.suggest(n_suggestions)
  File "/home/ryedida/bbo_challenge_starter_kit/example_submissions/hebo/optimizer_mace.py", line 155, in suggest
    model.fit(X, Xe, y)
  File "/home/ryedida/bbo_challenge_starter_kit/example_submissions/hebo/bo/models/gp/gpy_wgp.py", line 89, in fit
    self.gp.optimize_restarts(max_iters = self.num_epochs, messages = self.verbose, num_restarts = 10)
  File "/home/ryedida/.local/lib/python3.9/site-packages/paramz/model.py", line 182, in optimize_restarts
    raise e
  File "/home/ryedida/.local/lib/python3.9/site-packages/paramz/model.py", line 171, in optimize_restarts
    self.randomize()
  File "/home/ryedida/.local/lib/python3.9/site-packages/GPy/core/__init__.py", line 80, in randomize
    unfixlist = np.ones((self.size,),dtype=np.bool)
  File "/home/ryedida/.local/lib/python3.9/site-packages/numpy/__init__.py", line 305, in __getattr__
    raise AttributeError(__former_attrs__[attr])
AttributeError: module 'numpy' has no attribute 'bool'.
`np.bool` was a deprecated alias for the builtin `bool`. To avoid this error in existing code, use `bool` by itself. Doing this will not modify any behavior and is safe. If you specifically wanted the numpy scalar type, use `np.bool_` here.
The aliases was originally deprecated in NumPy 1.20; for more details and guidance see the original release note at:
    https://numpy.org/devdocs/release/1.20.0-notes.html#deprecations
suggestion time taken 0.359551 iter 12 next_points [{'alpha': 2.2412973676572028, 'batch_size': 188, 'beta_1': 0.8012953809467775, 'beta_2': 0.9999971229761432, 'epsilon': 3.704661056136996e-07, 'hidden_layer_sizes': 96, 'learning_rate_init': 2.9640936006795574e-05, 'tol': 7.864009926891945e-05, 'validation_fraction': 0.40762694561622925}]
 /home/ryedida/.local/lib/python3.9/site-packages/sklearn/neural_network/_multilayer_perceptron.py:686: ConvergenceWarning:Stochastic Optimizer: Maximum iterations (200) reached and the optimization hasn't converged yet.

function_evaluation time 3.029097 value 3.886677 suggestion {'alpha': 2.2412973676572028, 'batch_size': 188, 'beta_1': 0.8012953809467775, 'beta_2': 0.9999971229761432, 'epsilon': 3.704661056136996e-07, 'hidden_layer_sizes': 96, 'learning_rate_init': 2.9640936006795574e-05, 'tol': 7.864009926891945e-05, 'validation_fraction': 0.40762694561622925}
 /home/ryedida/bbo_challenge_starter_kit/example_submissions/hebo/optimizer_mace.py:237: FutureWarning:The frame.append method is deprecated and will be removed from pandas in a future version. Use pandas.concat instead.

observation time 0.002372, current best 0.117190 at iter 12
 /home/ryedida/.local/lib/python3.9/site-packages/GPy/core/__init__.py:80: FutureWarning:In the future `np.bool` will be defined as the corresponding NumPy scalar.

 /home/ryedida/.local/lib/python3.9/site-packages/GPy/core/__init__.py:80: FutureWarning:In the future `np.bool` will be defined as the corresponding NumPy scalar.

Failure in optimizer suggest. Falling back to random search.
module 'numpy' has no attribute 'bool'.
`np.bool` was a deprecated alias for the builtin `bool`. To avoid this error in existing code, use `bool` by itself. Doing this will not modify any behavior and is safe. If you specifically wanted the numpy scalar type, use `np.bool_` here.
The aliases was originally deprecated in NumPy 1.20; for more details and guidance see the original release note at:
    https://numpy.org/devdocs/release/1.20.0-notes.html#deprecations
Traceback (most recent call last):
  File "/home/ryedida/bbo_challenge_starter_kit/example_submissions/hebo/optimizer_mace.py", line 145, in suggest
    model.fit(X, Xe, y)
  File "/home/ryedida/bbo_challenge_starter_kit/example_submissions/hebo/bo/models/gp/gpy_wgp.py", line 89, in fit
    self.gp.optimize_restarts(max_iters = self.num_epochs, messages = self.verbose, num_restarts = 10)
  File "/home/ryedida/.local/lib/python3.9/site-packages/paramz/model.py", line 182, in optimize_restarts
    raise e
  File "/home/ryedida/.local/lib/python3.9/site-packages/paramz/model.py", line 171, in optimize_restarts
    self.randomize()
  File "/home/ryedida/.local/lib/python3.9/site-packages/GPy/core/__init__.py", line 80, in randomize
    unfixlist = np.ones((self.size,),dtype=np.bool)
  File "/home/ryedida/.local/lib/python3.9/site-packages/numpy/__init__.py", line 305, in __getattr__
    raise AttributeError(__former_attrs__[attr])
AttributeError: module 'numpy' has no attribute 'bool'.
`np.bool` was a deprecated alias for the builtin `bool`. To avoid this error in existing code, use `bool` by itself. Doing this will not modify any behavior and is safe. If you specifically wanted the numpy scalar type, use `np.bool_` here.
The aliases was originally deprecated in NumPy 1.20; for more details and guidance see the original release note at:
    https://numpy.org/devdocs/release/1.20.0-notes.html#deprecations

During handling of the above exception, another exception occurred:

Traceback (most recent call last):
  File "/home/ryedida/.local/lib/python3.9/site-packages/bayesmark/experiment.py", line 126, in run_study
    next_points = optimizer.suggest(n_suggestions)
  File "/home/ryedida/bbo_challenge_starter_kit/example_submissions/hebo/optimizer_mace.py", line 155, in suggest
    model.fit(X, Xe, y)
  File "/home/ryedida/bbo_challenge_starter_kit/example_submissions/hebo/bo/models/gp/gpy_wgp.py", line 89, in fit
    self.gp.optimize_restarts(max_iters = self.num_epochs, messages = self.verbose, num_restarts = 10)
  File "/home/ryedida/.local/lib/python3.9/site-packages/paramz/model.py", line 182, in optimize_restarts
    raise e
  File "/home/ryedida/.local/lib/python3.9/site-packages/paramz/model.py", line 171, in optimize_restarts
    self.randomize()
  File "/home/ryedida/.local/lib/python3.9/site-packages/GPy/core/__init__.py", line 80, in randomize
    unfixlist = np.ones((self.size,),dtype=np.bool)
  File "/home/ryedida/.local/lib/python3.9/site-packages/numpy/__init__.py", line 305, in __getattr__
    raise AttributeError(__former_attrs__[attr])
AttributeError: module 'numpy' has no attribute 'bool'.
`np.bool` was a deprecated alias for the builtin `bool`. To avoid this error in existing code, use `bool` by itself. Doing this will not modify any behavior and is safe. If you specifically wanted the numpy scalar type, use `np.bool_` here.
The aliases was originally deprecated in NumPy 1.20; for more details and guidance see the original release note at:
    https://numpy.org/devdocs/release/1.20.0-notes.html#deprecations
suggestion time taken 0.326950 iter 13 next_points [{'alpha': 0.4718133564206725, 'batch_size': 114, 'beta_1': 0.9832639377744659, 'beta_2': 0.9985086448058857, 'epsilon': 1.3850649843820198e-08, 'hidden_layer_sizes': 126, 'learning_rate_init': 0.0018031576950515483, 'tol': 0.004136038934988516, 'validation_fraction': 0.856034292032405}]
function_evaluation time 0.553870 value 0.486947 suggestion {'alpha': 0.4718133564206725, 'batch_size': 114, 'beta_1': 0.9832639377744659, 'beta_2': 0.9985086448058857, 'epsilon': 1.3850649843820198e-08, 'hidden_layer_sizes': 126, 'learning_rate_init': 0.0018031576950515483, 'tol': 0.004136038934988516, 'validation_fraction': 0.856034292032405}
 /home/ryedida/bbo_challenge_starter_kit/example_submissions/hebo/optimizer_mace.py:237: FutureWarning:The frame.append method is deprecated and will be removed from pandas in a future version. Use pandas.concat instead.

observation time 0.002193, current best 0.117190 at iter 13
 /home/ryedida/.local/lib/python3.9/site-packages/GPy/core/__init__.py:80: FutureWarning:In the future `np.bool` will be defined as the corresponding NumPy scalar.

 /home/ryedida/.local/lib/python3.9/site-packages/GPy/core/__init__.py:80: FutureWarning:In the future `np.bool` will be defined as the corresponding NumPy scalar.

Failure in optimizer suggest. Falling back to random search.
module 'numpy' has no attribute 'bool'.
`np.bool` was a deprecated alias for the builtin `bool`. To avoid this error in existing code, use `bool` by itself. Doing this will not modify any behavior and is safe. If you specifically wanted the numpy scalar type, use `np.bool_` here.
The aliases was originally deprecated in NumPy 1.20; for more details and guidance see the original release note at:
    https://numpy.org/devdocs/release/1.20.0-notes.html#deprecations
Traceback (most recent call last):
  File "/home/ryedida/bbo_challenge_starter_kit/example_submissions/hebo/optimizer_mace.py", line 145, in suggest
    model.fit(X, Xe, y)
  File "/home/ryedida/bbo_challenge_starter_kit/example_submissions/hebo/bo/models/gp/gpy_wgp.py", line 89, in fit
    self.gp.optimize_restarts(max_iters = self.num_epochs, messages = self.verbose, num_restarts = 10)
  File "/home/ryedida/.local/lib/python3.9/site-packages/paramz/model.py", line 182, in optimize_restarts
    raise e
  File "/home/ryedida/.local/lib/python3.9/site-packages/paramz/model.py", line 171, in optimize_restarts
    self.randomize()
  File "/home/ryedida/.local/lib/python3.9/site-packages/GPy/core/__init__.py", line 80, in randomize
    unfixlist = np.ones((self.size,),dtype=np.bool)
  File "/home/ryedida/.local/lib/python3.9/site-packages/numpy/__init__.py", line 305, in __getattr__
    raise AttributeError(__former_attrs__[attr])
AttributeError: module 'numpy' has no attribute 'bool'.
`np.bool` was a deprecated alias for the builtin `bool`. To avoid this error in existing code, use `bool` by itself. Doing this will not modify any behavior and is safe. If you specifically wanted the numpy scalar type, use `np.bool_` here.
The aliases was originally deprecated in NumPy 1.20; for more details and guidance see the original release note at:
    https://numpy.org/devdocs/release/1.20.0-notes.html#deprecations

During handling of the above exception, another exception occurred:

Traceback (most recent call last):
  File "/home/ryedida/.local/lib/python3.9/site-packages/bayesmark/experiment.py", line 126, in run_study
    next_points = optimizer.suggest(n_suggestions)
  File "/home/ryedida/bbo_challenge_starter_kit/example_submissions/hebo/optimizer_mace.py", line 155, in suggest
    model.fit(X, Xe, y)
  File "/home/ryedida/bbo_challenge_starter_kit/example_submissions/hebo/bo/models/gp/gpy_wgp.py", line 89, in fit
    self.gp.optimize_restarts(max_iters = self.num_epochs, messages = self.verbose, num_restarts = 10)
  File "/home/ryedida/.local/lib/python3.9/site-packages/paramz/model.py", line 182, in optimize_restarts
    raise e
  File "/home/ryedida/.local/lib/python3.9/site-packages/paramz/model.py", line 171, in optimize_restarts
    self.randomize()
  File "/home/ryedida/.local/lib/python3.9/site-packages/GPy/core/__init__.py", line 80, in randomize
    unfixlist = np.ones((self.size,),dtype=np.bool)
  File "/home/ryedida/.local/lib/python3.9/site-packages/numpy/__init__.py", line 305, in __getattr__
    raise AttributeError(__former_attrs__[attr])
AttributeError: module 'numpy' has no attribute 'bool'.
`np.bool` was a deprecated alias for the builtin `bool`. To avoid this error in existing code, use `bool` by itself. Doing this will not modify any behavior and is safe. If you specifically wanted the numpy scalar type, use `np.bool_` here.
The aliases was originally deprecated in NumPy 1.20; for more details and guidance see the original release note at:
    https://numpy.org/devdocs/release/1.20.0-notes.html#deprecations
suggestion time taken 0.318898 iter 14 next_points [{'alpha': 0.009398239493513517, 'batch_size': 210, 'beta_1': 0.9646964321592675, 'beta_2': 0.9953328200132362, 'epsilon': 3.6865097141409642e-09, 'hidden_layer_sizes': 91, 'learning_rate_init': 0.02714617794052459, 'tol': 3.418020729732702e-05, 'validation_fraction': 0.13209321182938594}]
function_evaluation time 0.931244 value 0.238723 suggestion {'alpha': 0.009398239493513517, 'batch_size': 210, 'beta_1': 0.9646964321592675, 'beta_2': 0.9953328200132362, 'epsilon': 3.6865097141409642e-09, 'hidden_layer_sizes': 91, 'learning_rate_init': 0.02714617794052459, 'tol': 3.418020729732702e-05, 'validation_fraction': 0.13209321182938594}
 /home/ryedida/bbo_challenge_starter_kit/example_submissions/hebo/optimizer_mace.py:237: FutureWarning:The frame.append method is deprecated and will be removed from pandas in a future version. Use pandas.concat instead.

observation time 0.002182, current best 0.117190 at iter 14
saving meta data: {'args': {'--uuid': '68f8444b866b5fb585da269d65663abd', '-db-root': '/home/ryedida/bbo_challenge_starter_kit/output', '--opt-root': '/home/ryedida/bbo_challenge_starter_kit/example_submissions', '--data-root': None, '--db': 'run_20230424_041950', '--opt': 'hebo', '--data': 'digits', '--classifier': 'MLP-adam', '--metric': 'nll', '--calls': 15, '--suggestions': 1, '--jobs-file': None, '--verbose': False, 'dry_run': False, 'rev': 'a376313', 'opt_rev': '0.0.8'}, 'signature': ([{'alpha': 0.019628224813442792, 'batch_size': 182, 'beta_1': 0.9410202200271762, 'beta_2': 0.9998021557676793, 'epsilon': 1.8662266976518e-08, 'hidden_layer_sizes': 147, 'learning_rate_init': 0.0005627932047415167, 'tol': 0.03690557729213761, 'validation_fraction': 0.8846827852548593}, {'alpha': 0.0019982467392329444, 'batch_size': 200, 'beta_1': 0.919111482530466, 'beta_2': 0.9998488260436156, 'epsilon': 5.981221901152555e-07, 'hidden_layer_sizes': 61, 'learning_rate_init': 2.2310905607443014e-05, 'tol': 1.2046852412030316e-05, 'validation_fraction': 0.8117896445826539}, {'alpha': 0.46659545670218433, 'batch_size': 219, 'beta_1': 0.9889789783750891, 'beta_2': 0.9999896868093284, 'epsilon': 2.4234724484675948e-08, 'hidden_layer_sizes': 167, 'learning_rate_init': 2.972334644335654e-05, 'tol': 0.0036281404040243792, 'validation_fraction': 0.17260651658522078}, {'alpha': 4.656005689076002, 'batch_size': 135, 'beta_1': 0.870503881627747, 'beta_2': 0.9948873266941017, 'epsilon': 2.1023308743480125e-07, 'hidden_layer_sizes': 118, 'learning_rate_init': 0.0018781738757161913, 'tol': 1.1889379831773004e-05, 'validation_fraction': 0.6264327093752792}, {'alpha': 0.04705159350400542, 'batch_size': 158, 'beta_1': 0.9870884262730957, 'beta_2': 0.9999596874382349, 'epsilon': 1.1981845126013875e-08, 'hidden_layer_sizes': 116, 'learning_rate_init': 0.00617340520407431, 'tol': 1.741413418158619e-05, 'validation_fraction': 0.6754299026638921}], [4.8709522768835765, 9.712622772033223, 5.950791832993735, 0.19438427080405424, 0.251902166999456])}
saving results
saving timing
saving suggest log
done
