running: {'--uuid': '6d061c5cc03355bfa756f2328264d75b', '-db-root': '/home/ryedida/bbo_challenge_starter_kit/output', '--opt-root': '/home/ryedida/bbo_challenge_starter_kit/example_submissions', '--data-root': None, '--db': 'run_20230424_041950', '--opt': 'smoothness', '--data': 'digits', '--classifier': 'MLP-adam', '--metric': 'nll', '--calls': 15, '--suggestions': 1, '--jobs-file': None, '--verbose': False, 'dry_run': False, 'rev': 'a376313', 'opt_rev': 'x.x.x'}
cmd: python smoothness/optimizer.py -c MLP-adam -d digits -o smoothness -u 6d061c5cc03355bfa756f2328264d75b -m nll -n 15 -p 1 -dir /home/ryedida/bbo_challenge_starter_kit/output -b run_20230424_041950
/home/ryedida/.local/lib/python3.9/site-packages/sklearn/neural_network/_multilayer_perceptron.py:605: UserWarning: Got `batch_size` less than 1 or larger than sample size. It is going to be clipped
  warnings.warn(

/home/ryedida/.local/lib/python3.9/site-packages/sklearn/neural_network/_multilayer_perceptron.py:686: ConvergenceWarning: Stochastic Optimizer: Maximum iterations (200) reached and the optimization hasn't converged yet.
  warnings.warn(

computed signature: ([{'alpha': 0.019628224813442792, 'batch_size': 182, 'beta_1': 0.9410202200271762, 'beta_2': 0.9998021557676793, 'epsilon': 1.8662266976518e-08, 'hidden_layer_sizes': 147, 'learning_rate_init': 0.0005627932047415167, 'tol': 0.03690557729213761, 'validation_fraction': 0.8846827852548593}, {'alpha': 0.0019982467392329444, 'batch_size': 200, 'beta_1': 0.919111482530466, 'beta_2': 0.9998488260436156, 'epsilon': 5.981221901152555e-07, 'hidden_layer_sizes': 61, 'learning_rate_init': 2.2310905607443014e-05, 'tol': 1.2046852412030316e-05, 'validation_fraction': 0.8117896445826539}, {'alpha': 0.46659545670218433, 'batch_size': 219, 'beta_1': 0.9889789783750891, 'beta_2': 0.9999896868093284, 'epsilon': 2.4234724484675948e-08, 'hidden_layer_sizes': 167, 'learning_rate_init': 2.972334644335654e-05, 'tol': 0.0036281404040243792, 'validation_fraction': 0.17260651658522078}, {'alpha': 4.656005689076002, 'batch_size': 135, 'beta_1': 0.870503881627747, 'beta_2': 0.9948873266941017, 'epsilon': 2.1023308743480125e-07, 'hidden_layer_sizes': 118, 'learning_rate_init': 0.0018781738757161913, 'tol': 1.1889379831773004e-05, 'validation_fraction': 0.6264327093752792}, {'alpha': 0.04705159350400542, 'batch_size': 158, 'beta_1': 0.9870884262730957, 'beta_2': 0.9999596874382349, 'epsilon': 1.1981845126013875e-08, 'hidden_layer_sizes': 116, 'learning_rate_init': 0.00617340520407431, 'tol': 1.741413418158619e-05, 'validation_fraction': 0.6754299026638921}], [4.8709522768835765, 9.712622772033223, 5.950791832993735, 0.19438427080405424, 0.251902166999456])
/home/ryedida/.local/lib/python3.9/site-packages/bayesmark/signatures.py:85: RuntimeWarning: Signature diverged on MLP-adam_digits_nll betwen [4.71022664 9.71262277 5.92543888 0.18972466 0.25190217] and [ 4.87095228 10.02890359  5.95079183  0.19438427  0.26094505]
  warnings.warn(

Signature errors:
                            0         1         2        3         4       max
MLP-adam_digits_nll  0.160726  0.316281  0.025353  0.00466  0.009043  0.316281
max                  0.160726  0.316281  0.025353  0.00466  0.009043  0.316281
starting sklearn study smoothness MLP-adam digits nll 15 1
with data root: None
suggestion time taken 12.156448 iter 0 next_points [{'alpha': 0.000944998661164103, 'batch_size': 90, 'beta_1': 0.9777100526114801, 'beta_2': 0.9850615114903861, 'epsilon': 1.4794319376539887e-08, 'hidden_layer_sizes': 90, 'learning_rate_init': 0.00019248862123389103, 'tol': 0.07084842741585366, 'validation_fraction': 0.5718478457220485}]
function_evaluation time 0.284397 value 3.085955 suggestion {'alpha': 0.000944998661164103, 'batch_size': 90, 'beta_1': 0.9777100526114801, 'beta_2': 0.9850615114903861, 'epsilon': 1.4794319376539887e-08, 'hidden_layer_sizes': 90, 'learning_rate_init': 0.00019248862123389103, 'tol': 0.07084842741585366, 'validation_fraction': 0.5718478457220485}
observation time 0.000007, current best 3.085955 at iter 0
suggestion time taken 12.457740 iter 1 next_points [{'alpha': 2.5520031578897666, 'batch_size': 58, 'beta_1': 0.9541598065055414, 'beta_2': 0.9902295897512152, 'epsilon': 1.07208590374283e-07, 'hidden_layer_sizes': 51, 'learning_rate_init': 0.025376397248293, 'tol': 0.06785042355081017, 'validation_fraction': 0.8633786719435274}]
function_evaluation time 0.238979 value 0.431528 suggestion {'alpha': 2.5520031578897666, 'batch_size': 58, 'beta_1': 0.9541598065055414, 'beta_2': 0.9902295897512152, 'epsilon': 1.07208590374283e-07, 'hidden_layer_sizes': 51, 'learning_rate_init': 0.025376397248293, 'tol': 0.06785042355081017, 'validation_fraction': 0.8633786719435274}
observation time 0.000007, current best 0.431528 at iter 1
suggestion time taken 11.792487 iter 2 next_points [{'alpha': 0.31375009629366385, 'batch_size': 82, 'beta_1': 0.6192638525835947, 'beta_2': 0.9999822261357499, 'epsilon': 1.58072069569863e-08, 'hidden_layer_sizes': 90, 'learning_rate_init': 0.0011848633273614084, 'tol': 0.0047340103213835754, 'validation_fraction': 0.5295742639576719}]
function_evaluation time 1.012951 value 0.221994 suggestion {'alpha': 0.31375009629366385, 'batch_size': 82, 'beta_1': 0.6192638525835947, 'beta_2': 0.9999822261357499, 'epsilon': 1.58072069569863e-08, 'hidden_layer_sizes': 90, 'learning_rate_init': 0.0011848633273614084, 'tol': 0.0047340103213835754, 'validation_fraction': 0.5295742639576719}
observation time 0.000007, current best 0.221994 at iter 2
suggestion time taken 12.355118 iter 3 next_points [{'alpha': 0.5099658440906646, 'batch_size': 48, 'beta_1': 0.7374565438111231, 'beta_2': 0.9999962229912619, 'epsilon': 5.5359694735812915e-09, 'hidden_layer_sizes': 55, 'learning_rate_init': 0.0072306579074950805, 'tol': 0.0011212051049717888, 'validation_fraction': 0.41930939369102166}]
function_evaluation time 1.188202 value 0.124717 suggestion {'alpha': 0.5099658440906646, 'batch_size': 48, 'beta_1': 0.7374565438111231, 'beta_2': 0.9999962229912619, 'epsilon': 5.5359694735812915e-09, 'hidden_layer_sizes': 55, 'learning_rate_init': 0.0072306579074950805, 'tol': 0.0011212051049717888, 'validation_fraction': 0.41930939369102166}
observation time 0.000006, current best 0.124717 at iter 3
suggestion time taken 12.140543 iter 4 next_points [{'alpha': 0.01002661989945831, 'batch_size': 74, 'beta_1': 0.895463435257364, 'beta_2': 0.9983378991918138, 'epsilon': 1.4888650830575078e-09, 'hidden_layer_sizes': 72, 'learning_rate_init': 0.0016912377714420066, 'tol': 0.006828205476086392, 'validation_fraction': 0.6754593833585522}]
function_evaluation time 0.610843 value 0.339314 suggestion {'alpha': 0.01002661989945831, 'batch_size': 74, 'beta_1': 0.895463435257364, 'beta_2': 0.9983378991918138, 'epsilon': 1.4888650830575078e-09, 'hidden_layer_sizes': 72, 'learning_rate_init': 0.0016912377714420066, 'tol': 0.006828205476086392, 'validation_fraction': 0.6754593833585522}
observation time 0.000007, current best 0.124717 at iter 4
suggestion time taken 12.229475 iter 5 next_points [{'alpha': 9.691446034831245, 'batch_size': 58, 'beta_1': 0.9857765182904524, 'beta_2': 0.9521745418816514, 'epsilon': 7.027657484931695e-07, 'hidden_layer_sizes': 83, 'learning_rate_init': 0.0012057098428308814, 'tol': 3.464207299233143e-05, 'validation_fraction': 0.6551861580210024}]
function_evaluation time 1.182702 value 0.266371 suggestion {'alpha': 9.691446034831245, 'batch_size': 58, 'beta_1': 0.9857765182904524, 'beta_2': 0.9521745418816514, 'epsilon': 7.027657484931695e-07, 'hidden_layer_sizes': 83, 'learning_rate_init': 0.0012057098428308814, 'tol': 3.464207299233143e-05, 'validation_fraction': 0.6551861580210024}
observation time 0.000006, current best 0.124717 at iter 5
suggestion time taken 12.288668 iter 6 next_points [{'alpha': 0.001857557755754981, 'batch_size': 86, 'beta_1': 0.9019460862609086, 'beta_2': 0.9887939715529377, 'epsilon': 3.6364984289606854e-08, 'hidden_layer_sizes': 71, 'learning_rate_init': 0.03881158609606484, 'tol': 4.634309535635787e-05, 'validation_fraction': 0.6258742796102301}]
function_evaluation time 0.892318 value 0.399346 suggestion {'alpha': 0.001857557755754981, 'batch_size': 86, 'beta_1': 0.9019460862609086, 'beta_2': 0.9887939715529377, 'epsilon': 3.6364984289606854e-08, 'hidden_layer_sizes': 71, 'learning_rate_init': 0.03881158609606484, 'tol': 4.634309535635787e-05, 'validation_fraction': 0.6258742796102301}
observation time 0.000006, current best 0.124717 at iter 6
suggestion time taken 11.996608 iter 7 next_points [{'alpha': 1.2834036196238103e-05, 'batch_size': 59, 'beta_1': 0.9037330098857599, 'beta_2': 0.9817853116435405, 'epsilon': 3.060161042940783e-08, 'hidden_layer_sizes': 91, 'learning_rate_init': 0.002713402412076628, 'tol': 0.09371010443418439, 'validation_fraction': 0.3228091498017906}]
function_evaluation time 0.548083 value 0.130734 suggestion {'alpha': 1.2834036196238103e-05, 'batch_size': 59, 'beta_1': 0.9037330098857599, 'beta_2': 0.9817853116435405, 'epsilon': 3.060161042940783e-08, 'hidden_layer_sizes': 91, 'learning_rate_init': 0.002713402412076628, 'tol': 0.09371010443418439, 'validation_fraction': 0.3228091498017906}
observation time 0.000006, current best 0.124717 at iter 7
suggestion time taken 12.167473 iter 8 next_points [{'alpha': 0.01758563858288655, 'batch_size': 127, 'beta_1': 0.7713348418171242, 'beta_2': 0.9999983915090029, 'epsilon': 3.548897019212117e-07, 'hidden_layer_sizes': 59, 'learning_rate_init': 3.592426383401171e-05, 'tol': 0.0029646218013116587, 'validation_fraction': 0.8782229014228276}]
function_evaluation time 0.158541 value 11.573520 suggestion {'alpha': 0.01758563858288655, 'batch_size': 127, 'beta_1': 0.7713348418171242, 'beta_2': 0.9999983915090029, 'epsilon': 3.548897019212117e-07, 'hidden_layer_sizes': 59, 'learning_rate_init': 3.592426383401171e-05, 'tol': 0.0029646218013116587, 'validation_fraction': 0.8782229014228276}
observation time 0.000007, current best 0.124717 at iter 8
suggestion time taken 12.719664 iter 9 next_points [{'alpha': 0.001350806607952737, 'batch_size': 82, 'beta_1': 0.9368831329841347, 'beta_2': 0.9416497851058604, 'epsilon': 7.920655163463477e-08, 'hidden_layer_sizes': 57, 'learning_rate_init': 0.010413096723995116, 'tol': 0.016205273068234508, 'validation_fraction': 0.1319268663165837}]
function_evaluation time 0.617008 value 0.179281 suggestion {'alpha': 0.001350806607952737, 'batch_size': 82, 'beta_1': 0.9368831329841347, 'beta_2': 0.9416497851058604, 'epsilon': 7.920655163463477e-08, 'hidden_layer_sizes': 57, 'learning_rate_init': 0.010413096723995116, 'tol': 0.016205273068234508, 'validation_fraction': 0.1319268663165837}
observation time 0.000006, current best 0.124717 at iter 9
suggestion time taken 12.461047 iter 10 next_points [{'alpha': 9.733597226284229e-05, 'batch_size': 55, 'beta_1': 0.5111321757743617, 'beta_2': 0.999812605712052, 'epsilon': 3.9808449333993827e-07, 'hidden_layer_sizes': 50, 'learning_rate_init': 8.858271029061787e-05, 'tol': 0.08776008215246807, 'validation_fraction': 0.37717445015413503}]
function_evaluation time 0.388698 value 5.562051 suggestion {'alpha': 9.733597226284229e-05, 'batch_size': 55, 'beta_1': 0.5111321757743617, 'beta_2': 0.999812605712052, 'epsilon': 3.9808449333993827e-07, 'hidden_layer_sizes': 50, 'learning_rate_init': 8.858271029061787e-05, 'tol': 0.08776008215246807, 'validation_fraction': 0.37717445015413503}
observation time 0.000006, current best 0.124717 at iter 10
suggestion time taken 12.121718 iter 11 next_points [{'alpha': 0.011752043088235352, 'batch_size': 65, 'beta_1': 0.9864117737626579, 'beta_2': 0.999987519567967, 'epsilon': 1.9573220973874935e-07, 'hidden_layer_sizes': 66, 'learning_rate_init': 3.50481883231842e-05, 'tol': 0.00014091514694186645, 'validation_fraction': 0.6033763464070827}]
function_evaluation time 3.341021 value 2.194345 suggestion {'alpha': 0.011752043088235352, 'batch_size': 65, 'beta_1': 0.9864117737626579, 'beta_2': 0.999987519567967, 'epsilon': 1.9573220973874935e-07, 'hidden_layer_sizes': 66, 'learning_rate_init': 3.50481883231842e-05, 'tol': 0.00014091514694186645, 'validation_fraction': 0.6033763464070827}
observation time 0.000006, current best 0.124717 at iter 11
suggestion time taken 12.827621 iter 12 next_points [{'alpha': 3.148070017241041, 'batch_size': 54, 'beta_1': 0.942948135603794, 'beta_2': 0.9939646684636632, 'epsilon': 4.077855388453929e-07, 'hidden_layer_sizes': 80, 'learning_rate_init': 2.5462504909334714e-05, 'tol': 0.00035732842622432685, 'validation_fraction': 0.14603487363531897}]
function_evaluation time 4.672279 value 3.147647 suggestion {'alpha': 3.148070017241041, 'batch_size': 54, 'beta_1': 0.942948135603794, 'beta_2': 0.9939646684636632, 'epsilon': 4.077855388453929e-07, 'hidden_layer_sizes': 80, 'learning_rate_init': 2.5462504909334714e-05, 'tol': 0.00035732842622432685, 'validation_fraction': 0.14603487363531897}
observation time 0.000006, current best 0.124717 at iter 12
suggestion time taken 12.513146 iter 13 next_points [{'alpha': 1.3614130532347533, 'batch_size': 35, 'beta_1': 0.9780505333818096, 'beta_2': 0.9404319970706195, 'epsilon': 1.2529052971843134e-07, 'hidden_layer_sizes': 86, 'learning_rate_init': 0.0025435164515698445, 'tol': 0.03466621170428457, 'validation_fraction': 0.3328582897167383}]
function_evaluation time 0.722635 value 0.132958 suggestion {'alpha': 1.3614130532347533, 'batch_size': 35, 'beta_1': 0.9780505333818096, 'beta_2': 0.9404319970706195, 'epsilon': 1.2529052971843134e-07, 'hidden_layer_sizes': 86, 'learning_rate_init': 0.0025435164515698445, 'tol': 0.03466621170428457, 'validation_fraction': 0.3328582897167383}
observation time 0.000006, current best 0.124717 at iter 13
suggestion time taken 12.263746 iter 14 next_points [{'alpha': 0.0050781495363873465, 'batch_size': 64, 'beta_1': 0.9567113066615691, 'beta_2': 0.9990313715692708, 'epsilon': 7.275477548527203e-08, 'hidden_layer_sizes': 69, 'learning_rate_init': 1.6093485754668226e-05, 'tol': 0.04552988229142477, 'validation_fraction': 0.5705538522973487}]
function_evaluation time 0.324357 value 9.683450 suggestion {'alpha': 0.0050781495363873465, 'batch_size': 64, 'beta_1': 0.9567113066615691, 'beta_2': 0.9990313715692708, 'epsilon': 7.275477548527203e-08, 'hidden_layer_sizes': 69, 'learning_rate_init': 1.6093485754668226e-05, 'tol': 0.04552988229142477, 'validation_fraction': 0.5705538522973487}
observation time 0.000006, current best 0.124717 at iter 14
saving meta data: {'args': {'--uuid': '6d061c5cc03355bfa756f2328264d75b', '-db-root': '/home/ryedida/bbo_challenge_starter_kit/output', '--opt-root': '/home/ryedida/bbo_challenge_starter_kit/example_submissions', '--data-root': None, '--db': 'run_20230424_041950', '--opt': 'smoothness', '--data': 'digits', '--classifier': 'MLP-adam', '--metric': 'nll', '--calls': 15, '--suggestions': 1, '--jobs-file': None, '--verbose': False, 'dry_run': False, 'rev': 'a376313', 'opt_rev': 'x.x.x'}, 'signature': ([{'alpha': 0.019628224813442792, 'batch_size': 182, 'beta_1': 0.9410202200271762, 'beta_2': 0.9998021557676793, 'epsilon': 1.8662266976518e-08, 'hidden_layer_sizes': 147, 'learning_rate_init': 0.0005627932047415167, 'tol': 0.03690557729213761, 'validation_fraction': 0.8846827852548593}, {'alpha': 0.0019982467392329444, 'batch_size': 200, 'beta_1': 0.919111482530466, 'beta_2': 0.9998488260436156, 'epsilon': 5.981221901152555e-07, 'hidden_layer_sizes': 61, 'learning_rate_init': 2.2310905607443014e-05, 'tol': 1.2046852412030316e-05, 'validation_fraction': 0.8117896445826539}, {'alpha': 0.46659545670218433, 'batch_size': 219, 'beta_1': 0.9889789783750891, 'beta_2': 0.9999896868093284, 'epsilon': 2.4234724484675948e-08, 'hidden_layer_sizes': 167, 'learning_rate_init': 2.972334644335654e-05, 'tol': 0.0036281404040243792, 'validation_fraction': 0.17260651658522078}, {'alpha': 4.656005689076002, 'batch_size': 135, 'beta_1': 0.870503881627747, 'beta_2': 0.9948873266941017, 'epsilon': 2.1023308743480125e-07, 'hidden_layer_sizes': 118, 'learning_rate_init': 0.0018781738757161913, 'tol': 1.1889379831773004e-05, 'validation_fraction': 0.6264327093752792}, {'alpha': 0.04705159350400542, 'batch_size': 158, 'beta_1': 0.9870884262730957, 'beta_2': 0.9999596874382349, 'epsilon': 1.1981845126013875e-08, 'hidden_layer_sizes': 116, 'learning_rate_init': 0.00617340520407431, 'tol': 1.741413418158619e-05, 'validation_fraction': 0.6754299026638921}], [4.8709522768835765, 9.712622772033223, 5.950791832993735, 0.19438427080405424, 0.251902166999456])}
saving results
saving timing
saving suggest log
done
