running: {'--uuid': 'b45e14247cde59f8aafecc6d504ba61f', '-db-root': '/home/ryedida/bbo_challenge_starter_kit/output', '--opt-root': '/home/ryedida/bbo_challenge_starter_kit/example_submissions', '--data-root': None, '--db': 'run_20230424_041950', '--opt': 'turbo', '--data': 'digits', '--classifier': 'MLP-adam', '--metric': 'nll', '--calls': 15, '--suggestions': 1, '--jobs-file': None, '--verbose': False, 'dry_run': False, 'rev': 'a376313', 'opt_rev': '0.0.1'}
cmd: python turbo/optimizer.py -c MLP-adam -d digits -o turbo -u b45e14247cde59f8aafecc6d504ba61f -m nll -n 15 -p 1 -dir /home/ryedida/bbo_challenge_starter_kit/output -b run_20230424_041950
/home/ryedida/.local/lib/python3.9/site-packages/sklearn/neural_network/_multilayer_perceptron.py:605: UserWarning: Got `batch_size` less than 1 or larger than sample size. It is going to be clipped
  warnings.warn(

/home/ryedida/.local/lib/python3.9/site-packages/sklearn/neural_network/_multilayer_perceptron.py:686: ConvergenceWarning: Stochastic Optimizer: Maximum iterations (200) reached and the optimization hasn't converged yet.
  warnings.warn(

computed signature: ([{'alpha': 0.019628224813442792, 'batch_size': 182, 'beta_1': 0.9410202200271762, 'beta_2': 0.9998021557676793, 'epsilon': 1.8662266976518e-08, 'hidden_layer_sizes': 147, 'learning_rate_init': 0.0005627932047415167, 'tol': 0.03690557729213761, 'validation_fraction': 0.8846827852548593}, {'alpha': 0.0019982467392329444, 'batch_size': 200, 'beta_1': 0.919111482530466, 'beta_2': 0.9998488260436156, 'epsilon': 5.981221901152555e-07, 'hidden_layer_sizes': 61, 'learning_rate_init': 2.2310905607443014e-05, 'tol': 1.2046852412030316e-05, 'validation_fraction': 0.8117896445826539}, {'alpha': 0.46659545670218433, 'batch_size': 219, 'beta_1': 0.9889789783750891, 'beta_2': 0.9999896868093284, 'epsilon': 2.4234724484675948e-08, 'hidden_layer_sizes': 167, 'learning_rate_init': 2.972334644335654e-05, 'tol': 0.0036281404040243792, 'validation_fraction': 0.17260651658522078}, {'alpha': 4.656005689076002, 'batch_size': 135, 'beta_1': 0.870503881627747, 'beta_2': 0.9948873266941017, 'epsilon': 2.1023308743480125e-07, 'hidden_layer_sizes': 118, 'learning_rate_init': 0.0018781738757161913, 'tol': 1.1889379831773004e-05, 'validation_fraction': 0.6264327093752792}, {'alpha': 0.04705159350400542, 'batch_size': 158, 'beta_1': 0.9870884262730957, 'beta_2': 0.9999596874382349, 'epsilon': 1.1981845126013875e-08, 'hidden_layer_sizes': 116, 'learning_rate_init': 0.00617340520407431, 'tol': 1.741413418158619e-05, 'validation_fraction': 0.6754299026638921}], [4.8709522768835765, 9.712622772033223, 5.950791832993735, 0.19438427080405424, 0.251902166999456])
/home/ryedida/.local/lib/python3.9/site-packages/bayesmark/signatures.py:85: RuntimeWarning: Signature diverged on MLP-adam_digits_nll betwen [4.71022664 9.71262277 5.92543888 0.18972466 0.25190217] and [ 4.87095228 10.02890359  5.95079183  0.19438427  0.26094505]
  warnings.warn(

Signature errors:
                            0         1         2        3         4       max
MLP-adam_digits_nll  0.160726  0.316281  0.025353  0.00466  0.009043  0.316281
max                  0.160726  0.316281  0.025353  0.00466  0.009043  0.316281
starting sklearn study turbo MLP-adam digits nll 15 1
with data root: None
suggestion time taken 0.002412 iter 0 next_points [{'alpha': 0.0045926879113936, 'batch_size': 183, 'beta_1': 0.8798623370694252, 'beta_2': 0.9999915877542531, 'epsilon': 3.317495312664449e-08, 'hidden_layer_sizes': 157, 'learning_rate_init': 3.303403065506508e-05, 'tol': 0.0030016574732805623, 'validation_fraction': 0.6154234420483767}]
/home/ryedida/.local/lib/python3.9/site-packages/sklearn/neural_network/_multilayer_perceptron.py:686: ConvergenceWarning: Stochastic Optimizer: Maximum iterations (200) reached and the optimization hasn't converged yet.
  warnings.warn(

function_evaluation time 1.052257 value 8.765169 suggestion {'alpha': 0.0045926879113936, 'batch_size': 183, 'beta_1': 0.8798623370694252, 'beta_2': 0.9999915877542531, 'epsilon': 3.317495312664449e-08, 'hidden_layer_sizes': 157, 'learning_rate_init': 3.303403065506508e-05, 'tol': 0.0030016574732805623, 'validation_fraction': 0.6154234420483767}
observation time 0.001418, current best 8.765169 at iter 0
suggestion time taken 0.001781 iter 1 next_points [{'alpha': 0.0001277261210118443, 'batch_size': 243, 'beta_1': 0.823042363044571, 'beta_2': 0.9977422792248826, 'epsilon': 1.2934796154598463e-09, 'hidden_layer_sizes': 144, 'learning_rate_init': 0.009313477601489106, 'tol': 0.051504712905486034, 'validation_fraction': 0.11454294524298134}]
function_evaluation time 0.463487 value 0.139314 suggestion {'alpha': 0.0001277261210118443, 'batch_size': 243, 'beta_1': 0.823042363044571, 'beta_2': 0.9977422792248826, 'epsilon': 1.2934796154598463e-09, 'hidden_layer_sizes': 144, 'learning_rate_init': 0.009313477601489106, 'tol': 0.051504712905486034, 'validation_fraction': 0.11454294524298134}
observation time 0.001403, current best 0.139314 at iter 1
suggestion time taken 0.001750 iter 2 next_points [{'alpha': 0.0003847263816210345, 'batch_size': 192, 'beta_1': 0.9891390421850694, 'beta_2': 0.9999968168032327, 'epsilon': 3.998821529035022e-09, 'hidden_layer_sizes': 146, 'learning_rate_init': 0.030512326197293403, 'tol': 0.0007793765458396091, 'validation_fraction': 0.5405124813208989}]
function_evaluation time 1.106388 value 0.619361 suggestion {'alpha': 0.0003847263816210345, 'batch_size': 192, 'beta_1': 0.9891390421850694, 'beta_2': 0.9999968168032327, 'epsilon': 3.998821529035022e-09, 'hidden_layer_sizes': 146, 'learning_rate_init': 0.030512326197293403, 'tol': 0.0007793765458396091, 'validation_fraction': 0.5405124813208989}
observation time 0.001390, current best 0.139314 at iter 2
suggestion time taken 0.001745 iter 3 next_points [{'alpha': 0.001177651894505844, 'batch_size': 234, 'beta_1': 0.978380438794742, 'beta_2': 0.9999136134338353, 'epsilon': 2.1953262513179698e-08, 'hidden_layer_sizes': 83, 'learning_rate_init': 0.005626862900043607, 'tol': 0.005234454541128226, 'validation_fraction': 0.8698684464358906}]
/home/ryedida/.local/lib/python3.9/site-packages/sklearn/neural_network/_multilayer_perceptron.py:605: UserWarning: Got `batch_size` less than 1 or larger than sample size. It is going to be clipped
  warnings.warn(

function_evaluation time 0.383055 value 0.606399 suggestion {'alpha': 0.001177651894505844, 'batch_size': 234, 'beta_1': 0.978380438794742, 'beta_2': 0.9999136134338353, 'epsilon': 2.1953262513179698e-08, 'hidden_layer_sizes': 83, 'learning_rate_init': 0.005626862900043607, 'tol': 0.005234454541128226, 'validation_fraction': 0.8698684464358906}
observation time 0.001339, current best 0.139314 at iter 3
suggestion time taken 0.001752 iter 4 next_points [{'alpha': 0.00924989344437941, 'batch_size': 116, 'beta_1': 0.7463141716108133, 'beta_2': 0.9896473904567133, 'epsilon': 5.488396095831735e-07, 'hidden_layer_sizes': 176, 'learning_rate_init': 0.0004760454235051488, 'tol': 0.0002834870633313069, 'validation_fraction': 0.13441475489111834}]
function_evaluation time 1.530765 value 0.162769 suggestion {'alpha': 0.00924989344437941, 'batch_size': 116, 'beta_1': 0.7463141716108133, 'beta_2': 0.9896473904567133, 'epsilon': 5.488396095831735e-07, 'hidden_layer_sizes': 176, 'learning_rate_init': 0.0004760454235051488, 'tol': 0.0002834870633313069, 'validation_fraction': 0.13441475489111834}
observation time 0.001360, current best 0.139314 at iter 4
suggestion time taken 0.001769 iter 5 next_points [{'alpha': 0.16410765720795803, 'batch_size': 36, 'beta_1': 0.946513057974662, 'beta_2': 0.9614838867943666, 'epsilon': 1.7616632084461758e-08, 'hidden_layer_sizes': 164, 'learning_rate_init': 0.00012930326415682707, 'tol': 6.793222998221083e-05, 'validation_fraction': 0.825128706845656}]
function_evaluation time 3.495695 value 0.251996 suggestion {'alpha': 0.16410765720795803, 'batch_size': 36, 'beta_1': 0.946513057974662, 'beta_2': 0.9614838867943666, 'epsilon': 1.7616632084461758e-08, 'hidden_layer_sizes': 164, 'learning_rate_init': 0.00012930326415682707, 'tol': 6.793222998221083e-05, 'validation_fraction': 0.825128706845656}
observation time 0.001338, current best 0.139314 at iter 5
suggestion time taken 0.002068 iter 6 next_points [{'alpha': 5.4980720292740095, 'batch_size': 165, 'beta_1': 0.9682635810096696, 'beta_2': 0.9392663887662901, 'epsilon': 1.7695389141281145e-09, 'hidden_layer_sizes': 197, 'learning_rate_init': 0.002354836188499819, 'tol': 0.00571657770061859, 'validation_fraction': 0.879252935765133}]
function_evaluation time 0.455848 value 0.551733 suggestion {'alpha': 5.4980720292740095, 'batch_size': 165, 'beta_1': 0.9682635810096696, 'beta_2': 0.9392663887662901, 'epsilon': 1.7695389141281145e-09, 'hidden_layer_sizes': 197, 'learning_rate_init': 0.002354836188499819, 'tol': 0.00571657770061859, 'validation_fraction': 0.879252935765133}
observation time 0.001379, current best 0.139314 at iter 6
suggestion time taken 0.001772 iter 7 next_points [{'alpha': 0.36836558188284124, 'batch_size': 224, 'beta_1': 0.9808517737739506, 'beta_2': 0.9999555117750455, 'epsilon': 1.1741325121623865e-08, 'hidden_layer_sizes': 135, 'learning_rate_init': 0.001611888586291652, 'tol': 0.00018212945449777273, 'validation_fraction': 0.5286323297237168}]
function_evaluation time 1.073463 value 0.204819 suggestion {'alpha': 0.36836558188284124, 'batch_size': 224, 'beta_1': 0.9808517737739506, 'beta_2': 0.9999555117750455, 'epsilon': 1.1741325121623865e-08, 'hidden_layer_sizes': 135, 'learning_rate_init': 0.001611888586291652, 'tol': 0.00018212945449777273, 'validation_fraction': 0.5286323297237168}
observation time 0.001379, current best 0.139314 at iter 7
suggestion time taken 0.001794 iter 8 next_points [{'alpha': 0.08526822653899743, 'batch_size': 94, 'beta_1': 0.9195949372969624, 'beta_2': 0.9992138655373266, 'epsilon': 8.174753409264405e-08, 'hidden_layer_sizes': 59, 'learning_rate_init': 0.014978855768509597, 'tol': 0.000848300342125867, 'validation_fraction': 0.7447766289132165}]
function_evaluation time 0.660421 value 0.295516 suggestion {'alpha': 0.08526822653899743, 'batch_size': 94, 'beta_1': 0.9195949372969624, 'beta_2': 0.9992138655373266, 'epsilon': 8.174753409264405e-08, 'hidden_layer_sizes': 59, 'learning_rate_init': 0.014978855768509597, 'tol': 0.000848300342125867, 'validation_fraction': 0.7447766289132165}
observation time 0.001391, current best 0.139314 at iter 8
suggestion time taken 0.001737 iter 9 next_points [{'alpha': 0.003156508740576149, 'batch_size': 147, 'beta_1': 0.6395277754798293, 'beta_2': 0.9997128645443611, 'epsilon': 8.645744754440807e-07, 'hidden_layer_sizes': 177, 'learning_rate_init': 0.06367627631026979, 'tol': 1.6131941859730435e-05, 'validation_fraction': 0.699650309886447}]
function_evaluation time 1.139471 value 0.440502 suggestion {'alpha': 0.003156508740576149, 'batch_size': 147, 'beta_1': 0.6395277754798293, 'beta_2': 0.9997128645443611, 'epsilon': 8.645744754440807e-07, 'hidden_layer_sizes': 177, 'learning_rate_init': 0.06367627631026979, 'tol': 1.6131941859730435e-05, 'validation_fraction': 0.699650309886447}
observation time 0.001388, current best 0.139314 at iter 9
suggestion time taken 0.001714 iter 10 next_points [{'alpha': 6.41710485593711e-05, 'batch_size': 23, 'beta_1': 0.9586984887717123, 'beta_2': 0.9998040737098493, 'epsilon': 2.9134158866009283e-07, 'hidden_layer_sizes': 79, 'learning_rate_init': 0.0009451092571693825, 'tol': 7.389361826826747e-05, 'validation_fraction': 0.349893149583059}]
function_evaluation time 3.265707 value 0.144304 suggestion {'alpha': 6.41710485593711e-05, 'batch_size': 23, 'beta_1': 0.9586984887717123, 'beta_2': 0.9998040737098493, 'epsilon': 2.9134158866009283e-07, 'hidden_layer_sizes': 79, 'learning_rate_init': 0.0009451092571693825, 'tol': 7.389361826826747e-05, 'validation_fraction': 0.349893149583059}
observation time 0.001381, current best 0.139314 at iter 10
suggestion time taken 0.001744 iter 11 next_points [{'alpha': 0.02844992095100786, 'batch_size': 82, 'beta_1': 0.7911984558738449, 'beta_2': 0.9797038307802618, 'epsilon': 5.542840794871552e-09, 'hidden_layer_sizes': 126, 'learning_rate_init': 0.0006841678980526796, 'tol': 0.09914791873461656, 'validation_fraction': 0.17587489686065877}]
function_evaluation time 0.630255 value 0.200975 suggestion {'alpha': 0.02844992095100786, 'batch_size': 82, 'beta_1': 0.7911984558738449, 'beta_2': 0.9797038307802618, 'epsilon': 5.542840794871552e-09, 'hidden_layer_sizes': 126, 'learning_rate_init': 0.0006841678980526796, 'tol': 0.09914791873461656, 'validation_fraction': 0.17587489686065877}
observation time 0.001381, current best 0.139314 at iter 11
suggestion time taken 0.001694 iter 12 next_points [{'alpha': 3.4598686569467274, 'batch_size': 49, 'beta_1': 0.5186363567057805, 'beta_2': 0.9988911779494978, 'epsilon': 2.2187089129023513e-09, 'hidden_layer_sizes': 71, 'learning_rate_init': 0.005118411922085714, 'tol': 0.03382894728885367, 'validation_fraction': 0.2501608242737391}]
function_evaluation time 0.596446 value 0.178838 suggestion {'alpha': 3.4598686569467274, 'batch_size': 49, 'beta_1': 0.5186363567057805, 'beta_2': 0.9988911779494978, 'epsilon': 2.2187089129023513e-09, 'hidden_layer_sizes': 71, 'learning_rate_init': 0.005118411922085714, 'tol': 0.03382894728885367, 'validation_fraction': 0.2501608242737391}
observation time 0.001358, current best 0.139314 at iter 12
suggestion time taken 0.001749 iter 13 next_points [{'alpha': 1.4638448286687311, 'batch_size': 66, 'beta_1': 0.8647833830769128, 'beta_2': 0.9999841815659166, 'epsilon': 3.8956737469295587e-07, 'hidden_layer_sizes': 185, 'learning_rate_init': 9.907015311991632e-05, 'tol': 0.015440657474202027, 'validation_fraction': 0.7821835184171213}]
function_evaluation time 0.829456 value 1.715729 suggestion {'alpha': 1.4638448286687311, 'batch_size': 66, 'beta_1': 0.8647833830769128, 'beta_2': 0.9999841815659166, 'epsilon': 3.8956737469295587e-07, 'hidden_layer_sizes': 185, 'learning_rate_init': 9.907015311991632e-05, 'tol': 0.015440657474202027, 'validation_fraction': 0.7821835184171213}
observation time 0.001282, current best 0.139314 at iter 13
suggestion time taken 0.001735 iter 14 next_points [{'alpha': 0.05764880350660643, 'batch_size': 208, 'beta_1': 0.7116731805323444, 'beta_2': 0.9999939628186543, 'epsilon': 6.591274967982104e-08, 'hidden_layer_sizes': 95, 'learning_rate_init': 1.5461741567430465e-05, 'tol': 0.010843557678788062, 'validation_fraction': 0.6803543305910472}]
function_evaluation time 0.194575 value 8.561421 suggestion {'alpha': 0.05764880350660643, 'batch_size': 208, 'beta_1': 0.7116731805323444, 'beta_2': 0.9999939628186543, 'epsilon': 6.591274967982104e-08, 'hidden_layer_sizes': 95, 'learning_rate_init': 1.5461741567430465e-05, 'tol': 0.010843557678788062, 'validation_fraction': 0.6803543305910472}
observation time 0.001371, current best 0.139314 at iter 14
saving meta data: {'args': {'--uuid': 'b45e14247cde59f8aafecc6d504ba61f', '-db-root': '/home/ryedida/bbo_challenge_starter_kit/output', '--opt-root': '/home/ryedida/bbo_challenge_starter_kit/example_submissions', '--data-root': None, '--db': 'run_20230424_041950', '--opt': 'turbo', '--data': 'digits', '--classifier': 'MLP-adam', '--metric': 'nll', '--calls': 15, '--suggestions': 1, '--jobs-file': None, '--verbose': False, 'dry_run': False, 'rev': 'a376313', 'opt_rev': '0.0.1'}, 'signature': ([{'alpha': 0.019628224813442792, 'batch_size': 182, 'beta_1': 0.9410202200271762, 'beta_2': 0.9998021557676793, 'epsilon': 1.8662266976518e-08, 'hidden_layer_sizes': 147, 'learning_rate_init': 0.0005627932047415167, 'tol': 0.03690557729213761, 'validation_fraction': 0.8846827852548593}, {'alpha': 0.0019982467392329444, 'batch_size': 200, 'beta_1': 0.919111482530466, 'beta_2': 0.9998488260436156, 'epsilon': 5.981221901152555e-07, 'hidden_layer_sizes': 61, 'learning_rate_init': 2.2310905607443014e-05, 'tol': 1.2046852412030316e-05, 'validation_fraction': 0.8117896445826539}, {'alpha': 0.46659545670218433, 'batch_size': 219, 'beta_1': 0.9889789783750891, 'beta_2': 0.9999896868093284, 'epsilon': 2.4234724484675948e-08, 'hidden_layer_sizes': 167, 'learning_rate_init': 2.972334644335654e-05, 'tol': 0.0036281404040243792, 'validation_fraction': 0.17260651658522078}, {'alpha': 4.656005689076002, 'batch_size': 135, 'beta_1': 0.870503881627747, 'beta_2': 0.9948873266941017, 'epsilon': 2.1023308743480125e-07, 'hidden_layer_sizes': 118, 'learning_rate_init': 0.0018781738757161913, 'tol': 1.1889379831773004e-05, 'validation_fraction': 0.6264327093752792}, {'alpha': 0.04705159350400542, 'batch_size': 158, 'beta_1': 0.9870884262730957, 'beta_2': 0.9999596874382349, 'epsilon': 1.1981845126013875e-08, 'hidden_layer_sizes': 116, 'learning_rate_init': 0.00617340520407431, 'tol': 1.741413418158619e-05, 'validation_fraction': 0.6754299026638921}], [4.8709522768835765, 9.712622772033223, 5.950791832993735, 0.19438427080405424, 0.251902166999456])}
saving results
saving timing
saving suggest log
done
