running: {'--uuid': 'f06e0bbec37d51e197eb321ddc4727f5', '-db-root': '/home/ryedida/bbo_challenge_starter_kit/output', '--opt-root': '/home/ryedida/bbo_challenge_starter_kit/example_submissions', '--data-root': None, '--db': 'run_20230424_041950', '--opt': 'hyperopt', '--data': 'digits', '--classifier': 'MLP-adam', '--metric': 'nll', '--calls': 15, '--suggestions': 1, '--jobs-file': None, '--verbose': False, 'dry_run': False, 'rev': 'a376313', 'opt_rev': '0.2.7'}
cmd: python hyperopt/optimizer.py -c MLP-adam -d digits -o hyperopt -u f06e0bbec37d51e197eb321ddc4727f5 -m nll -n 15 -p 1 -dir /home/ryedida/bbo_challenge_starter_kit/output -b run_20230424_041950
/home/ryedida/.local/lib/python3.9/site-packages/sklearn/neural_network/_multilayer_perceptron.py:605: UserWarning: Got `batch_size` less than 1 or larger than sample size. It is going to be clipped
  warnings.warn(

/home/ryedida/.local/lib/python3.9/site-packages/sklearn/neural_network/_multilayer_perceptron.py:686: ConvergenceWarning: Stochastic Optimizer: Maximum iterations (200) reached and the optimization hasn't converged yet.
  warnings.warn(

computed signature: ([{'alpha': 0.019628224813442792, 'batch_size': 182, 'beta_1': 0.9410202200271762, 'beta_2': 0.9998021557676793, 'epsilon': 1.8662266976518e-08, 'hidden_layer_sizes': 147, 'learning_rate_init': 0.0005627932047415167, 'tol': 0.03690557729213761, 'validation_fraction': 0.8846827852548593}, {'alpha': 0.0019982467392329444, 'batch_size': 200, 'beta_1': 0.919111482530466, 'beta_2': 0.9998488260436156, 'epsilon': 5.981221901152555e-07, 'hidden_layer_sizes': 61, 'learning_rate_init': 2.2310905607443014e-05, 'tol': 1.2046852412030316e-05, 'validation_fraction': 0.8117896445826539}, {'alpha': 0.46659545670218433, 'batch_size': 219, 'beta_1': 0.9889789783750891, 'beta_2': 0.9999896868093284, 'epsilon': 2.4234724484675948e-08, 'hidden_layer_sizes': 167, 'learning_rate_init': 2.972334644335654e-05, 'tol': 0.0036281404040243792, 'validation_fraction': 0.17260651658522078}, {'alpha': 4.656005689076002, 'batch_size': 135, 'beta_1': 0.870503881627747, 'beta_2': 0.9948873266941017, 'epsilon': 2.1023308743480125e-07, 'hidden_layer_sizes': 118, 'learning_rate_init': 0.0018781738757161913, 'tol': 1.1889379831773004e-05, 'validation_fraction': 0.6264327093752792}, {'alpha': 0.04705159350400542, 'batch_size': 158, 'beta_1': 0.9870884262730957, 'beta_2': 0.9999596874382349, 'epsilon': 1.1981845126013875e-08, 'hidden_layer_sizes': 116, 'learning_rate_init': 0.00617340520407431, 'tol': 1.741413418158619e-05, 'validation_fraction': 0.6754299026638921}], [4.8709522768835765, 9.712622772033223, 5.950791832993735, 0.19438427080405424, 0.251902166999456])
/home/ryedida/.local/lib/python3.9/site-packages/bayesmark/signatures.py:85: RuntimeWarning: Signature diverged on MLP-adam_digits_nll betwen [4.71022664 9.71262277 5.92543888 0.18972466 0.25190217] and [ 4.87095228 10.02890359  5.95079183  0.19438427  0.26094505]
  warnings.warn(

Signature errors:
                            0         1         2        3         4       max
MLP-adam_digits_nll  0.160726  0.316281  0.025353  0.00466  0.009043  0.316281
max                  0.160726  0.316281  0.025353  0.00466  0.009043  0.316281
starting sklearn study hyperopt MLP-adam digits nll 15 1
with data root: None
suggestion time taken 0.002380 iter 0 next_points [{'alpha': 0.15609785760855716, 'batch_size': 47, 'beta_1': 0.8046568349049457, 'beta_2': 0.9079729415881754, 'epsilon': 7.641872967434952e-08, 'hidden_layer_sizes': 176, 'learning_rate_init': 0.002592677608324917, 'tol': 0.07587873203707639, 'validation_fraction': 0.15977536918884291}]
function_evaluation time 0.894376 value 0.097467 suggestion {'alpha': 0.15609785760855716, 'batch_size': 47, 'beta_1': 0.8046568349049457, 'beta_2': 0.9079729415881754, 'epsilon': 7.641872967434952e-08, 'hidden_layer_sizes': 176, 'learning_rate_init': 0.002592677608324917, 'tol': 0.07587873203707639, 'validation_fraction': 0.15977536918884291}
observation time 0.000067, current best 0.097467 at iter 0
suggestion time taken 0.002373 iter 1 next_points [{'alpha': 0.10684053763227017, 'batch_size': 158, 'beta_1': 0.8777733307069062, 'beta_2': 0.9693278746954866, 'epsilon': 3.2503193240711376e-09, 'hidden_layer_sizes': 153, 'learning_rate_init': 0.0002368048333864003, 'tol': 2.253988498981672e-05, 'validation_fraction': 0.30088772219825005}]
function_evaluation time 2.792759 value 0.144737 suggestion {'alpha': 0.10684053763227017, 'batch_size': 158, 'beta_1': 0.8777733307069062, 'beta_2': 0.9693278746954866, 'epsilon': 3.2503193240711376e-09, 'hidden_layer_sizes': 153, 'learning_rate_init': 0.0002368048333864003, 'tol': 2.253988498981672e-05, 'validation_fraction': 0.30088772219825005}
observation time 0.000071, current best 0.097467 at iter 1
suggestion time taken 0.002139 iter 2 next_points [{'alpha': 7.289193004603153e-05, 'batch_size': 61, 'beta_1': 0.7287038484910677, 'beta_2': 0.9254723381807968, 'epsilon': 8.561435833315733e-08, 'hidden_layer_sizes': 82, 'learning_rate_init': 0.021955397237829254, 'tol': 0.006315578644998626, 'validation_fraction': 0.16660903972215654}]
function_evaluation time 0.890839 value 0.285314 suggestion {'alpha': 7.289193004603153e-05, 'batch_size': 61, 'beta_1': 0.7287038484910677, 'beta_2': 0.9254723381807968, 'epsilon': 8.561435833315733e-08, 'hidden_layer_sizes': 82, 'learning_rate_init': 0.021955397237829254, 'tol': 0.006315578644998626, 'validation_fraction': 0.16660903972215654}
observation time 0.000067, current best 0.097467 at iter 2
suggestion time taken 0.002169 iter 3 next_points [{'alpha': 6.195864452815722e-05, 'batch_size': 73, 'beta_1': 0.7514234882779985, 'beta_2': 0.9535429095502552, 'epsilon': 1.700785965431031e-07, 'hidden_layer_sizes': 194, 'learning_rate_init': 2.5816365473610632e-05, 'tol': 0.00010463038649556299, 'validation_fraction': 0.15928400590495553}]
function_evaluation time 6.947154 value 0.235005 suggestion {'alpha': 6.195864452815722e-05, 'batch_size': 73, 'beta_1': 0.7514234882779985, 'beta_2': 0.9535429095502552, 'epsilon': 1.700785965431031e-07, 'hidden_layer_sizes': 194, 'learning_rate_init': 2.5816365473610632e-05, 'tol': 0.00010463038649556299, 'validation_fraction': 0.15928400590495553}
observation time 0.000073, current best 0.097467 at iter 3
suggestion time taken 0.002122 iter 4 next_points [{'alpha': 0.004118946062727937, 'batch_size': 229, 'beta_1': 0.7515257014920922, 'beta_2': 0.9812032348825737, 'epsilon': 3.452767225060228e-09, 'hidden_layer_sizes': 82, 'learning_rate_init': 0.006106272213543611, 'tol': 0.00032265263987220485, 'validation_fraction': 0.5328025322004927}]
function_evaluation time 0.797033 value 0.175304 suggestion {'alpha': 0.004118946062727937, 'batch_size': 229, 'beta_1': 0.7515257014920922, 'beta_2': 0.9812032348825737, 'epsilon': 3.452767225060228e-09, 'hidden_layer_sizes': 82, 'learning_rate_init': 0.006106272213543611, 'tol': 0.00032265263987220485, 'validation_fraction': 0.5328025322004927}
observation time 0.000072, current best 0.097467 at iter 4
suggestion time taken 0.002131 iter 5 next_points [{'alpha': 0.0017129904979810095, 'batch_size': 247, 'beta_1': 0.7683333462657475, 'beta_2': 0.9822124299060147, 'epsilon': 9.741366664083529e-08, 'hidden_layer_sizes': 166, 'learning_rate_init': 0.0005195444730257594, 'tol': 5.454860147901938e-05, 'validation_fraction': 0.40801310804639596}]
function_evaluation time 2.044364 value 0.166489 suggestion {'alpha': 0.0017129904979810095, 'batch_size': 247, 'beta_1': 0.7683333462657475, 'beta_2': 0.9822124299060147, 'epsilon': 9.741366664083529e-08, 'hidden_layer_sizes': 166, 'learning_rate_init': 0.0005195444730257594, 'tol': 5.454860147901938e-05, 'validation_fraction': 0.40801310804639596}
observation time 0.000068, current best 0.097467 at iter 5
suggestion time taken 0.002365 iter 6 next_points [{'alpha': 0.000501310513239851, 'batch_size': 121, 'beta_1': 0.7538835416206217, 'beta_2': 0.9777956850208659, 'epsilon': 2.3876259126154154e-09, 'hidden_layer_sizes': 134, 'learning_rate_init': 1.3811533704040266e-05, 'tol': 0.006093987905962055, 'validation_fraction': 0.5488500194670235}]
function_evaluation time 0.328145 value 8.615560 suggestion {'alpha': 0.000501310513239851, 'batch_size': 121, 'beta_1': 0.7538835416206217, 'beta_2': 0.9777956850208659, 'epsilon': 2.3876259126154154e-09, 'hidden_layer_sizes': 134, 'learning_rate_init': 1.3811533704040266e-05, 'tol': 0.006093987905962055, 'validation_fraction': 0.5488500194670235}
observation time 0.000073, current best 0.097467 at iter 6
suggestion time taken 0.002202 iter 7 next_points [{'alpha': 0.004654262838002097, 'batch_size': 46, 'beta_1': 0.5276280800619557, 'beta_2': 0.9312778405410508, 'epsilon': 4.8075050065508894e-08, 'hidden_layer_sizes': 188, 'learning_rate_init': 3.261507554756996e-05, 'tol': 6.846258037403062e-05, 'validation_fraction': 0.6393856103567541}]
function_evaluation time 6.654690 value 0.247203 suggestion {'alpha': 0.004654262838002097, 'batch_size': 46, 'beta_1': 0.5276280800619557, 'beta_2': 0.9312778405410508, 'epsilon': 4.8075050065508894e-08, 'hidden_layer_sizes': 188, 'learning_rate_init': 3.261507554756996e-05, 'tol': 6.846258037403062e-05, 'validation_fraction': 0.6393856103567541}
observation time 0.000068, current best 0.097467 at iter 7
suggestion time taken 0.002124 iter 8 next_points [{'alpha': 0.25985134045058134, 'batch_size': 243, 'beta_1': 0.6533657660722435, 'beta_2': 0.9180877656090738, 'epsilon': 1.341016596264882e-08, 'hidden_layer_sizes': 168, 'learning_rate_init': 7.201637152792333e-05, 'tol': 9.033333590644567e-05, 'validation_fraction': 0.16684692816427601}]
function_evaluation time 3.227416 value 0.260661 suggestion {'alpha': 0.25985134045058134, 'batch_size': 243, 'beta_1': 0.6533657660722435, 'beta_2': 0.9180877656090738, 'epsilon': 1.341016596264882e-08, 'hidden_layer_sizes': 168, 'learning_rate_init': 7.201637152792333e-05, 'tol': 9.033333590644567e-05, 'validation_fraction': 0.16684692816427601}
observation time 0.000075, current best 0.097467 at iter 8
suggestion time taken 0.002135 iter 9 next_points [{'alpha': 4.714701445513372e-05, 'batch_size': 113, 'beta_1': 0.8805428906377281, 'beta_2': 0.9141585297449277, 'epsilon': 2.226480195896946e-09, 'hidden_layer_sizes': 141, 'learning_rate_init': 0.0002455547904535509, 'tol': 0.0006485955793155484, 'validation_fraction': 0.26359958156540403}]
function_evaluation time 2.044432 value 0.128932 suggestion {'alpha': 4.714701445513372e-05, 'batch_size': 113, 'beta_1': 0.8805428906377281, 'beta_2': 0.9141585297449277, 'epsilon': 2.226480195896946e-09, 'hidden_layer_sizes': 141, 'learning_rate_init': 0.0002455547904535509, 'tol': 0.0006485955793155484, 'validation_fraction': 0.26359958156540403}
observation time 0.000073, current best 0.097467 at iter 9
suggestion time taken 0.002399 iter 10 next_points [{'alpha': 1.146916939969212, 'batch_size': 245, 'beta_1': 0.5267781704178978, 'beta_2': 0.9040261718909249, 'epsilon': 2.0055675814789366e-07, 'hidden_layer_sizes': 192, 'learning_rate_init': 0.000703063774877337, 'tol': 0.0016176687964590667, 'validation_fraction': 0.4006670342652792}]
function_evaluation time 1.810034 value 0.105362 suggestion {'alpha': 1.146916939969212, 'batch_size': 245, 'beta_1': 0.5267781704178978, 'beta_2': 0.9040261718909249, 'epsilon': 2.0055675814789366e-07, 'hidden_layer_sizes': 192, 'learning_rate_init': 0.000703063774877337, 'tol': 0.0016176687964590667, 'validation_fraction': 0.4006670342652792}
observation time 0.000080, current best 0.097467 at iter 10
suggestion time taken 0.002158 iter 11 next_points [{'alpha': 1.2876962890662702, 'batch_size': 210, 'beta_1': 0.5889157528354529, 'beta_2': 0.9332735693189462, 'epsilon': 3.906676746359655e-07, 'hidden_layer_sizes': 80, 'learning_rate_init': 0.00010247388901220866, 'tol': 0.03823827481917518, 'validation_fraction': 0.12381363567408801}]
function_evaluation time 0.325261 value 5.838826 suggestion {'alpha': 1.2876962890662702, 'batch_size': 210, 'beta_1': 0.5889157528354529, 'beta_2': 0.9332735693189462, 'epsilon': 3.906676746359655e-07, 'hidden_layer_sizes': 80, 'learning_rate_init': 0.00010247388901220866, 'tol': 0.03823827481917518, 'validation_fraction': 0.12381363567408801}
observation time 0.000071, current best 0.097467 at iter 11
suggestion time taken 0.002169 iter 12 next_points [{'alpha': 0.06148214228865894, 'batch_size': 175, 'beta_1': 0.6022975197394651, 'beta_2': 0.9767097742417341, 'epsilon': 7.136305932637018e-07, 'hidden_layer_sizes': 105, 'learning_rate_init': 3.603626576836426e-05, 'tol': 0.00031262270330782986, 'validation_fraction': 0.49493561061348235}]
function_evaluation time 2.882919 value 2.474210 suggestion {'alpha': 0.06148214228865894, 'batch_size': 175, 'beta_1': 0.6022975197394651, 'beta_2': 0.9767097742417341, 'epsilon': 7.136305932637018e-07, 'hidden_layer_sizes': 105, 'learning_rate_init': 3.603626576836426e-05, 'tol': 0.00031262270330782986, 'validation_fraction': 0.49493561061348235}
observation time 0.000070, current best 0.097467 at iter 12
suggestion time taken 0.002172 iter 13 next_points [{'alpha': 1.3714799858403959, 'batch_size': 241, 'beta_1': 0.9747347530004365, 'beta_2': 0.9373611853472487, 'epsilon': 5.858834349240253e-07, 'hidden_layer_sizes': 186, 'learning_rate_init': 2.956413752078146e-05, 'tol': 1.1118862100846891e-05, 'validation_fraction': 0.3229619392439048}]
function_evaluation time 3.232257 value 3.172590 suggestion {'alpha': 1.3714799858403959, 'batch_size': 241, 'beta_1': 0.9747347530004365, 'beta_2': 0.9373611853472487, 'epsilon': 5.858834349240253e-07, 'hidden_layer_sizes': 186, 'learning_rate_init': 2.956413752078146e-05, 'tol': 1.1118862100846891e-05, 'validation_fraction': 0.3229619392439048}
observation time 0.000072, current best 0.097467 at iter 13
suggestion time taken 0.002094 iter 14 next_points [{'alpha': 0.00019569576033506475, 'batch_size': 129, 'beta_1': 0.9235649487971348, 'beta_2': 0.9452797710238265, 'epsilon': 3.123627972239781e-09, 'hidden_layer_sizes': 55, 'learning_rate_init': 0.00035638304039068797, 'tol': 0.004041239725241219, 'validation_fraction': 0.5274298420130099}]
function_evaluation time 1.404564 value 0.252492 suggestion {'alpha': 0.00019569576033506475, 'batch_size': 129, 'beta_1': 0.9235649487971348, 'beta_2': 0.9452797710238265, 'epsilon': 3.123627972239781e-09, 'hidden_layer_sizes': 55, 'learning_rate_init': 0.00035638304039068797, 'tol': 0.004041239725241219, 'validation_fraction': 0.5274298420130099}
observation time 0.000072, current best 0.097467 at iter 14
saving meta data: {'args': {'--uuid': 'f06e0bbec37d51e197eb321ddc4727f5', '-db-root': '/home/ryedida/bbo_challenge_starter_kit/output', '--opt-root': '/home/ryedida/bbo_challenge_starter_kit/example_submissions', '--data-root': None, '--db': 'run_20230424_041950', '--opt': 'hyperopt', '--data': 'digits', '--classifier': 'MLP-adam', '--metric': 'nll', '--calls': 15, '--suggestions': 1, '--jobs-file': None, '--verbose': False, 'dry_run': False, 'rev': 'a376313', 'opt_rev': '0.2.7'}, 'signature': ([{'alpha': 0.019628224813442792, 'batch_size': 182, 'beta_1': 0.9410202200271762, 'beta_2': 0.9998021557676793, 'epsilon': 1.8662266976518e-08, 'hidden_layer_sizes': 147, 'learning_rate_init': 0.0005627932047415167, 'tol': 0.03690557729213761, 'validation_fraction': 0.8846827852548593}, {'alpha': 0.0019982467392329444, 'batch_size': 200, 'beta_1': 0.919111482530466, 'beta_2': 0.9998488260436156, 'epsilon': 5.981221901152555e-07, 'hidden_layer_sizes': 61, 'learning_rate_init': 2.2310905607443014e-05, 'tol': 1.2046852412030316e-05, 'validation_fraction': 0.8117896445826539}, {'alpha': 0.46659545670218433, 'batch_size': 219, 'beta_1': 0.9889789783750891, 'beta_2': 0.9999896868093284, 'epsilon': 2.4234724484675948e-08, 'hidden_layer_sizes': 167, 'learning_rate_init': 2.972334644335654e-05, 'tol': 0.0036281404040243792, 'validation_fraction': 0.17260651658522078}, {'alpha': 4.656005689076002, 'batch_size': 135, 'beta_1': 0.870503881627747, 'beta_2': 0.9948873266941017, 'epsilon': 2.1023308743480125e-07, 'hidden_layer_sizes': 118, 'learning_rate_init': 0.0018781738757161913, 'tol': 1.1889379831773004e-05, 'validation_fraction': 0.6264327093752792}, {'alpha': 0.04705159350400542, 'batch_size': 158, 'beta_1': 0.9870884262730957, 'beta_2': 0.9999596874382349, 'epsilon': 1.1981845126013875e-08, 'hidden_layer_sizes': 116, 'learning_rate_init': 0.00617340520407431, 'tol': 1.741413418158619e-05, 'validation_fraction': 0.6754299026638921}], [4.8709522768835765, 9.712622772033223, 5.950791832993735, 0.19438427080405424, 0.251902166999456])}
saving results
saving timing
saving suggest log
done
