running: {'--uuid': 'f754482655895d13a64d6442fc29b020', '-db-root': '/home/ryedida/bbo_challenge_starter_kit/output', '--opt-root': '/home/ryedida/bbo_challenge_starter_kit/example_submissions', '--data-root': None, '--db': 'run_20230424_041950', '--opt': 'hyperopt', '--data': 'digits', '--classifier': 'MLP-adam', '--metric': 'nll', '--calls': 15, '--suggestions': 1, '--jobs-file': None, '--verbose': False, 'dry_run': False, 'rev': 'a376313', 'opt_rev': '0.2.7'}
cmd: python hyperopt/optimizer.py -c MLP-adam -d digits -o hyperopt -u f754482655895d13a64d6442fc29b020 -m nll -n 15 -p 1 -dir /home/ryedida/bbo_challenge_starter_kit/output -b run_20230424_041950
/home/ryedida/.local/lib/python3.9/site-packages/sklearn/neural_network/_multilayer_perceptron.py:605: UserWarning: Got `batch_size` less than 1 or larger than sample size. It is going to be clipped
  warnings.warn(

/home/ryedida/.local/lib/python3.9/site-packages/sklearn/neural_network/_multilayer_perceptron.py:686: ConvergenceWarning: Stochastic Optimizer: Maximum iterations (200) reached and the optimization hasn't converged yet.
  warnings.warn(

computed signature: ([{'alpha': 0.019628224813442792, 'batch_size': 182, 'beta_1': 0.9410202200271762, 'beta_2': 0.9998021557676793, 'epsilon': 1.8662266976518e-08, 'hidden_layer_sizes': 147, 'learning_rate_init': 0.0005627932047415167, 'tol': 0.03690557729213761, 'validation_fraction': 0.8846827852548593}, {'alpha': 0.0019982467392329444, 'batch_size': 200, 'beta_1': 0.919111482530466, 'beta_2': 0.9998488260436156, 'epsilon': 5.981221901152555e-07, 'hidden_layer_sizes': 61, 'learning_rate_init': 2.2310905607443014e-05, 'tol': 1.2046852412030316e-05, 'validation_fraction': 0.8117896445826539}, {'alpha': 0.46659545670218433, 'batch_size': 219, 'beta_1': 0.9889789783750891, 'beta_2': 0.9999896868093284, 'epsilon': 2.4234724484675948e-08, 'hidden_layer_sizes': 167, 'learning_rate_init': 2.972334644335654e-05, 'tol': 0.0036281404040243792, 'validation_fraction': 0.17260651658522078}, {'alpha': 4.656005689076002, 'batch_size': 135, 'beta_1': 0.870503881627747, 'beta_2': 0.9948873266941017, 'epsilon': 2.1023308743480125e-07, 'hidden_layer_sizes': 118, 'learning_rate_init': 0.0018781738757161913, 'tol': 1.1889379831773004e-05, 'validation_fraction': 0.6264327093752792}, {'alpha': 0.04705159350400542, 'batch_size': 158, 'beta_1': 0.9870884262730957, 'beta_2': 0.9999596874382349, 'epsilon': 1.1981845126013875e-08, 'hidden_layer_sizes': 116, 'learning_rate_init': 0.00617340520407431, 'tol': 1.741413418158619e-05, 'validation_fraction': 0.6754299026638921}], [4.8709522768835765, 9.712622772033223, 5.950791832993735, 0.19438427080405424, 0.251902166999456])
/home/ryedida/.local/lib/python3.9/site-packages/bayesmark/signatures.py:85: RuntimeWarning: Signature diverged on MLP-adam_digits_nll betwen [4.71022664 9.71262277 5.92543888 0.18972466 0.25190217] and [ 4.87095228 10.02890359  5.95079183  0.19438427  0.26094505]
  warnings.warn(

Signature errors:
                            0         1         2        3         4       max
MLP-adam_digits_nll  0.160726  0.316281  0.025353  0.00466  0.009043  0.316281
max                  0.160726  0.316281  0.025353  0.00466  0.009043  0.316281
starting sklearn study hyperopt MLP-adam digits nll 15 1
with data root: None
suggestion time taken 0.002351 iter 0 next_points [{'alpha': 0.0001153462006911529, 'batch_size': 166, 'beta_1': 0.8147820896832874, 'beta_2': 0.935249557859622, 'epsilon': 7.248384397994503e-09, 'hidden_layer_sizes': 136, 'learning_rate_init': 5.4797208455827894e-05, 'tol': 0.005000966266556049, 'validation_fraction': 0.23243983478523855}]
function_evaluation time 2.920762 value 0.387244 suggestion {'alpha': 0.0001153462006911529, 'batch_size': 166, 'beta_1': 0.8147820896832874, 'beta_2': 0.935249557859622, 'epsilon': 7.248384397994503e-09, 'hidden_layer_sizes': 136, 'learning_rate_init': 5.4797208455827894e-05, 'tol': 0.005000966266556049, 'validation_fraction': 0.23243983478523855}
observation time 0.000065, current best 0.387244 at iter 0
suggestion time taken 0.002351 iter 1 next_points [{'alpha': 0.0019559173456903615, 'batch_size': 52, 'beta_1': 0.5137025315343253, 'beta_2': 0.9991214656153007, 'epsilon': 7.063944003874842e-08, 'hidden_layer_sizes': 75, 'learning_rate_init': 0.05924083705147471, 'tol': 0.0008459023039942776, 'validation_fraction': 0.702021073466193}]
function_evaluation time 0.647021 value 0.337881 suggestion {'alpha': 0.0019559173456903615, 'batch_size': 52, 'beta_1': 0.5137025315343253, 'beta_2': 0.9991214656153007, 'epsilon': 7.063944003874842e-08, 'hidden_layer_sizes': 75, 'learning_rate_init': 0.05924083705147471, 'tol': 0.0008459023039942776, 'validation_fraction': 0.702021073466193}
observation time 0.000074, current best 0.337881 at iter 1
suggestion time taken 0.002127 iter 2 next_points [{'alpha': 0.2195984304493751, 'batch_size': 155, 'beta_1': 0.9891130841653265, 'beta_2': 0.9035578833208313, 'epsilon': 5.997842238827603e-07, 'hidden_layer_sizes': 128, 'learning_rate_init': 0.005501073532899069, 'tol': 0.000454839739650583, 'validation_fraction': 0.11123271191961596}]
function_evaluation time 0.944636 value 0.243806 suggestion {'alpha': 0.2195984304493751, 'batch_size': 155, 'beta_1': 0.9891130841653265, 'beta_2': 0.9035578833208313, 'epsilon': 5.997842238827603e-07, 'hidden_layer_sizes': 128, 'learning_rate_init': 0.005501073532899069, 'tol': 0.000454839739650583, 'validation_fraction': 0.11123271191961596}
observation time 0.000075, current best 0.243806 at iter 2
suggestion time taken 0.002139 iter 3 next_points [{'alpha': 0.8504819091185467, 'batch_size': 147, 'beta_1': 0.5311906945468072, 'beta_2': 0.9391654435956704, 'epsilon': 2.2672502547158813e-08, 'hidden_layer_sizes': 131, 'learning_rate_init': 0.0034843995059305162, 'tol': 7.699893930838143e-05, 'validation_fraction': 0.26456016382705616}]
function_evaluation time 1.116726 value 0.099398 suggestion {'alpha': 0.8504819091185467, 'batch_size': 147, 'beta_1': 0.5311906945468072, 'beta_2': 0.9391654435956704, 'epsilon': 2.2672502547158813e-08, 'hidden_layer_sizes': 131, 'learning_rate_init': 0.0034843995059305162, 'tol': 7.699893930838143e-05, 'validation_fraction': 0.26456016382705616}
observation time 0.000069, current best 0.099398 at iter 3
suggestion time taken 0.002151 iter 4 next_points [{'alpha': 0.0006650899203091097, 'batch_size': 86, 'beta_1': 0.9273711542188644, 'beta_2': 0.9292921039900273, 'epsilon': 1.5021880158862807e-07, 'hidden_layer_sizes': 88, 'learning_rate_init': 5.602891781901875e-05, 'tol': 3.13909906299326e-05, 'validation_fraction': 0.2995302836564119}]
function_evaluation time 4.831389 value 0.263538 suggestion {'alpha': 0.0006650899203091097, 'batch_size': 86, 'beta_1': 0.9273711542188644, 'beta_2': 0.9292921039900273, 'epsilon': 1.5021880158862807e-07, 'hidden_layer_sizes': 88, 'learning_rate_init': 5.602891781901875e-05, 'tol': 3.13909906299326e-05, 'validation_fraction': 0.2995302836564119}
observation time 0.000072, current best 0.099398 at iter 4
suggestion time taken 0.002298 iter 5 next_points [{'alpha': 0.00014952181499535696, 'batch_size': 26, 'beta_1': 0.6756806858656276, 'beta_2': 0.9963585292099525, 'epsilon': 1.1659430677047237e-08, 'hidden_layer_sizes': 148, 'learning_rate_init': 0.011297871525762166, 'tol': 0.0003081950434058487, 'validation_fraction': 0.1280306777450996}]
function_evaluation time 2.405204 value 0.156170 suggestion {'alpha': 0.00014952181499535696, 'batch_size': 26, 'beta_1': 0.6756806858656276, 'beta_2': 0.9963585292099525, 'epsilon': 1.1659430677047237e-08, 'hidden_layer_sizes': 148, 'learning_rate_init': 0.011297871525762166, 'tol': 0.0003081950434058487, 'validation_fraction': 0.1280306777450996}
observation time 0.000067, current best 0.099398 at iter 5
suggestion time taken 0.002144 iter 6 next_points [{'alpha': 0.024733196405371406, 'batch_size': 124, 'beta_1': 0.9104767348388213, 'beta_2': 0.9524555087230189, 'epsilon': 5.039374415348205e-09, 'hidden_layer_sizes': 174, 'learning_rate_init': 0.01256201657826649, 'tol': 0.0041698809454772615, 'validation_fraction': 0.22280013652528605}]
function_evaluation time 0.790441 value 0.136464 suggestion {'alpha': 0.024733196405371406, 'batch_size': 124, 'beta_1': 0.9104767348388213, 'beta_2': 0.9524555087230189, 'epsilon': 5.039374415348205e-09, 'hidden_layer_sizes': 174, 'learning_rate_init': 0.01256201657826649, 'tol': 0.0041698809454772615, 'validation_fraction': 0.22280013652528605}
observation time 0.000074, current best 0.099398 at iter 6
suggestion time taken 0.002417 iter 7 next_points [{'alpha': 0.5102537534774411, 'batch_size': 180, 'beta_1': 0.725487810800017, 'beta_2': 0.9033096559687113, 'epsilon': 8.633348154030965e-09, 'hidden_layer_sizes': 178, 'learning_rate_init': 8.355090085745208e-05, 'tol': 0.004202040241855088, 'validation_fraction': 0.5611731596371732}]
function_evaluation time 2.023272 value 1.737166 suggestion {'alpha': 0.5102537534774411, 'batch_size': 180, 'beta_1': 0.725487810800017, 'beta_2': 0.9033096559687113, 'epsilon': 8.633348154030965e-09, 'hidden_layer_sizes': 178, 'learning_rate_init': 8.355090085745208e-05, 'tol': 0.004202040241855088, 'validation_fraction': 0.5611731596371732}
observation time 0.000073, current best 0.099398 at iter 7
suggestion time taken 0.002163 iter 8 next_points [{'alpha': 2.6843376059057027, 'batch_size': 60, 'beta_1': 0.6777516432674038, 'beta_2': 0.9294145056045966, 'epsilon': 9.575029209394493e-07, 'hidden_layer_sizes': 198, 'learning_rate_init': 0.00015538520627880384, 'tol': 0.012103747869633788, 'validation_fraction': 0.1448533477736515}]
function_evaluation time 1.534748 value 0.180485 suggestion {'alpha': 2.6843376059057027, 'batch_size': 60, 'beta_1': 0.6777516432674038, 'beta_2': 0.9294145056045966, 'epsilon': 9.575029209394493e-07, 'hidden_layer_sizes': 198, 'learning_rate_init': 0.00015538520627880384, 'tol': 0.012103747869633788, 'validation_fraction': 0.1448533477736515}
observation time 0.000071, current best 0.099398 at iter 8
suggestion time taken 0.002126 iter 9 next_points [{'alpha': 0.021808177800454336, 'batch_size': 201, 'beta_1': 0.7264527053389566, 'beta_2': 0.9102588256072033, 'epsilon': 5.384504882848047e-07, 'hidden_layer_sizes': 113, 'learning_rate_init': 0.00011715558014400782, 'tol': 5.443880576555212e-05, 'validation_fraction': 0.8374293785003555}]
/home/ryedida/.local/lib/python3.9/site-packages/sklearn/neural_network/_multilayer_perceptron.py:686: ConvergenceWarning: Stochastic Optimizer: Maximum iterations (200) reached and the optimization hasn't converged yet.
  warnings.warn(

function_evaluation time 2.278245 value 0.631201 suggestion {'alpha': 0.021808177800454336, 'batch_size': 201, 'beta_1': 0.7264527053389566, 'beta_2': 0.9102588256072033, 'epsilon': 5.384504882848047e-07, 'hidden_layer_sizes': 113, 'learning_rate_init': 0.00011715558014400782, 'tol': 5.443880576555212e-05, 'validation_fraction': 0.8374293785003555}
observation time 0.000072, current best 0.099398 at iter 9
suggestion time taken 0.002120 iter 10 next_points [{'alpha': 8.887193779071215, 'batch_size': 170, 'beta_1': 0.6563581946684826, 'beta_2': 0.912173539103181, 'epsilon': 1.3259812260053679e-08, 'hidden_layer_sizes': 124, 'learning_rate_init': 1.2580216390481945e-05, 'tol': 0.0005579301883063784, 'validation_fraction': 0.22279655333615908}]
function_evaluation time 1.477836 value 8.778177 suggestion {'alpha': 8.887193779071215, 'batch_size': 170, 'beta_1': 0.6563581946684826, 'beta_2': 0.912173539103181, 'epsilon': 1.3259812260053679e-08, 'hidden_layer_sizes': 124, 'learning_rate_init': 1.2580216390481945e-05, 'tol': 0.0005579301883063784, 'validation_fraction': 0.22279655333615908}
observation time 0.000071, current best 0.099398 at iter 10
suggestion time taken 0.002105 iter 11 next_points [{'alpha': 0.7215480941152634, 'batch_size': 162, 'beta_1': 0.6550387622971919, 'beta_2': 0.9338464760596349, 'epsilon': 7.039855644491252e-09, 'hidden_layer_sizes': 172, 'learning_rate_init': 0.00015624885645440878, 'tol': 9.043476397452753e-05, 'validation_fraction': 0.48151624392563}]
function_evaluation time 2.907235 value 0.137890 suggestion {'alpha': 0.7215480941152634, 'batch_size': 162, 'beta_1': 0.6550387622971919, 'beta_2': 0.9338464760596349, 'epsilon': 7.039855644491252e-09, 'hidden_layer_sizes': 172, 'learning_rate_init': 0.00015624885645440878, 'tol': 9.043476397452753e-05, 'validation_fraction': 0.48151624392563}
observation time 0.000063, current best 0.099398 at iter 11
suggestion time taken 0.002120 iter 12 next_points [{'alpha': 2.074571354781422, 'batch_size': 211, 'beta_1': 0.5252110451226968, 'beta_2': 0.9864497524517502, 'epsilon': 1.002252350474727e-08, 'hidden_layer_sizes': 150, 'learning_rate_init': 0.00023094154463275377, 'tol': 3.640797507901325e-05, 'validation_fraction': 0.7291351089504058}]
/home/ryedida/.local/lib/python3.9/site-packages/sklearn/neural_network/_multilayer_perceptron.py:686: ConvergenceWarning: Stochastic Optimizer: Maximum iterations (200) reached and the optimization hasn't converged yet.
  warnings.warn(

function_evaluation time 3.110550 value 0.284855 suggestion {'alpha': 2.074571354781422, 'batch_size': 211, 'beta_1': 0.5252110451226968, 'beta_2': 0.9864497524517502, 'epsilon': 1.002252350474727e-08, 'hidden_layer_sizes': 150, 'learning_rate_init': 0.00023094154463275377, 'tol': 3.640797507901325e-05, 'validation_fraction': 0.7291351089504058}
observation time 0.000075, current best 0.099398 at iter 12
suggestion time taken 0.002177 iter 13 next_points [{'alpha': 0.0012089406299545615, 'batch_size': 95, 'beta_1': 0.5268787249709898, 'beta_2': 0.9923569295787159, 'epsilon': 2.75995487555287e-07, 'hidden_layer_sizes': 149, 'learning_rate_init': 4.506375138729448e-05, 'tol': 0.035696410213584384, 'validation_fraction': 0.6854698834210441}]
function_evaluation time 0.290293 value 6.295705 suggestion {'alpha': 0.0012089406299545615, 'batch_size': 95, 'beta_1': 0.5268787249709898, 'beta_2': 0.9923569295787159, 'epsilon': 2.75995487555287e-07, 'hidden_layer_sizes': 149, 'learning_rate_init': 4.506375138729448e-05, 'tol': 0.035696410213584384, 'validation_fraction': 0.6854698834210441}
observation time 0.000075, current best 0.099398 at iter 13
suggestion time taken 0.002112 iter 14 next_points [{'alpha': 1.4098506339524177e-05, 'batch_size': 95, 'beta_1': 0.612183664799087, 'beta_2': 0.9084898717154266, 'epsilon': 1.1624194705536022e-08, 'hidden_layer_sizes': 119, 'learning_rate_init': 0.028534481378679026, 'tol': 0.014512430106826648, 'validation_fraction': 0.4921769166791995}]
function_evaluation time 0.480927 value 0.195060 suggestion {'alpha': 1.4098506339524177e-05, 'batch_size': 95, 'beta_1': 0.612183664799087, 'beta_2': 0.9084898717154266, 'epsilon': 1.1624194705536022e-08, 'hidden_layer_sizes': 119, 'learning_rate_init': 0.028534481378679026, 'tol': 0.014512430106826648, 'validation_fraction': 0.4921769166791995}
observation time 0.000077, current best 0.099398 at iter 14
saving meta data: {'args': {'--uuid': 'f754482655895d13a64d6442fc29b020', '-db-root': '/home/ryedida/bbo_challenge_starter_kit/output', '--opt-root': '/home/ryedida/bbo_challenge_starter_kit/example_submissions', '--data-root': None, '--db': 'run_20230424_041950', '--opt': 'hyperopt', '--data': 'digits', '--classifier': 'MLP-adam', '--metric': 'nll', '--calls': 15, '--suggestions': 1, '--jobs-file': None, '--verbose': False, 'dry_run': False, 'rev': 'a376313', 'opt_rev': '0.2.7'}, 'signature': ([{'alpha': 0.019628224813442792, 'batch_size': 182, 'beta_1': 0.9410202200271762, 'beta_2': 0.9998021557676793, 'epsilon': 1.8662266976518e-08, 'hidden_layer_sizes': 147, 'learning_rate_init': 0.0005627932047415167, 'tol': 0.03690557729213761, 'validation_fraction': 0.8846827852548593}, {'alpha': 0.0019982467392329444, 'batch_size': 200, 'beta_1': 0.919111482530466, 'beta_2': 0.9998488260436156, 'epsilon': 5.981221901152555e-07, 'hidden_layer_sizes': 61, 'learning_rate_init': 2.2310905607443014e-05, 'tol': 1.2046852412030316e-05, 'validation_fraction': 0.8117896445826539}, {'alpha': 0.46659545670218433, 'batch_size': 219, 'beta_1': 0.9889789783750891, 'beta_2': 0.9999896868093284, 'epsilon': 2.4234724484675948e-08, 'hidden_layer_sizes': 167, 'learning_rate_init': 2.972334644335654e-05, 'tol': 0.0036281404040243792, 'validation_fraction': 0.17260651658522078}, {'alpha': 4.656005689076002, 'batch_size': 135, 'beta_1': 0.870503881627747, 'beta_2': 0.9948873266941017, 'epsilon': 2.1023308743480125e-07, 'hidden_layer_sizes': 118, 'learning_rate_init': 0.0018781738757161913, 'tol': 1.1889379831773004e-05, 'validation_fraction': 0.6264327093752792}, {'alpha': 0.04705159350400542, 'batch_size': 158, 'beta_1': 0.9870884262730957, 'beta_2': 0.9999596874382349, 'epsilon': 1.1981845126013875e-08, 'hidden_layer_sizes': 116, 'learning_rate_init': 0.00617340520407431, 'tol': 1.741413418158619e-05, 'validation_fraction': 0.6754299026638921}], [4.8709522768835765, 9.712622772033223, 5.950791832993735, 0.19438427080405424, 0.251902166999456])}
saving results
saving timing
saving suggest log
done
