running: {'--uuid': 'fd8db00d06df55a6b245f3576e7f2ecf', '-db-root': '/home/ryedida/bbo_challenge_starter_kit/output', '--opt-root': '/home/ryedida/bbo_challenge_starter_kit/example_submissions', '--data-root': None, '--db': 'run_20230424_041950', '--opt': 'turbo', '--data': 'digits', '--classifier': 'MLP-adam', '--metric': 'acc', '--calls': 15, '--suggestions': 1, '--jobs-file': None, '--verbose': False, 'dry_run': False, 'rev': 'a376313', 'opt_rev': '0.0.1'}
cmd: python turbo/optimizer.py -c MLP-adam -d digits -o turbo -u fd8db00d06df55a6b245f3576e7f2ecf -m acc -n 15 -p 1 -dir /home/ryedida/bbo_challenge_starter_kit/output -b run_20230424_041950
/home/ryedida/.local/lib/python3.9/site-packages/sklearn/neural_network/_multilayer_perceptron.py:605: UserWarning: Got `batch_size` less than 1 or larger than sample size. It is going to be clipped
  warnings.warn(

/home/ryedida/.local/lib/python3.9/site-packages/sklearn/neural_network/_multilayer_perceptron.py:686: ConvergenceWarning: Stochastic Optimizer: Maximum iterations (200) reached and the optimization hasn't converged yet.
  warnings.warn(

computed signature: ([{'alpha': 0.019628224813442792, 'batch_size': 182, 'beta_1': 0.9410202200271762, 'beta_2': 0.9998021557676793, 'epsilon': 1.8662266976518e-08, 'hidden_layer_sizes': 147, 'learning_rate_init': 0.0005627932047415167, 'tol': 0.03690557729213761, 'validation_fraction': 0.8846827852548593}, {'alpha': 0.0019982467392329444, 'batch_size': 200, 'beta_1': 0.919111482530466, 'beta_2': 0.9998488260436156, 'epsilon': 5.981221901152555e-07, 'hidden_layer_sizes': 61, 'learning_rate_init': 2.2310905607443014e-05, 'tol': 1.2046852412030316e-05, 'validation_fraction': 0.8117896445826539}, {'alpha': 0.46659545670218433, 'batch_size': 219, 'beta_1': 0.9889789783750891, 'beta_2': 0.9999896868093284, 'epsilon': 2.4234724484675948e-08, 'hidden_layer_sizes': 167, 'learning_rate_init': 2.972334644335654e-05, 'tol': 0.0036281404040243792, 'validation_fraction': 0.17260651658522078}, {'alpha': 4.656005689076002, 'batch_size': 135, 'beta_1': 0.870503881627747, 'beta_2': 0.9948873266941017, 'epsilon': 2.1023308743480125e-07, 'hidden_layer_sizes': 118, 'learning_rate_init': 0.0018781738757161913, 'tol': 1.1889379831773004e-05, 'validation_fraction': 0.6264327093752792}, {'alpha': 0.04705159350400542, 'batch_size': 158, 'beta_1': 0.9870884262730957, 'beta_2': 0.9999596874382349, 'epsilon': 1.1981845126013875e-08, 'hidden_layer_sizes': 116, 'learning_rate_init': 0.00617340520407431, 'tol': 1.741413418158619e-05, 'validation_fraction': 0.6754299026638921}], [-0.21081107239643826, -0.1295489740611692, -0.27999177313201706, -0.9422522260936896, -0.9332050909794812])
/home/ryedida/.local/lib/python3.9/site-packages/bayesmark/signatures.py:85: RuntimeWarning: Signature diverged on MLP-adam_digits_acc betwen [-0.2181506  -0.12954897 -0.42701514 -0.94997127 -0.93320509] and [-0.21081107 -0.11575494 -0.27999177 -0.94225223 -0.93253861]
  warnings.warn(

Signature errors:
                           0         1         2         3         4       max
MLP-adam_digits_acc  0.00734  0.013794  0.147023  0.007719  0.000666  0.147023
max                  0.00734  0.013794  0.147023  0.007719  0.000666  0.147023
starting sklearn study turbo MLP-adam digits acc 15 1
with data root: None
suggestion time taken 0.002125 iter 0 next_points [{'alpha': 2.1303033873775664e-05, 'batch_size': 108, 'beta_1': 0.892137977077663, 'beta_2': 0.9999986130447126, 'epsilon': 2.7929822180568634e-09, 'hidden_layer_sizes': 172, 'learning_rate_init': 0.042978082505668494, 'tol': 0.002752977748495465, 'validation_fraction': 0.2714496843451885}]
function_evaluation time 1.216474 value -0.944343 suggestion {'alpha': 2.1303033873775664e-05, 'batch_size': 108, 'beta_1': 0.892137977077663, 'beta_2': 0.9999986130447126, 'epsilon': 2.7929822180568634e-09, 'hidden_layer_sizes': 172, 'learning_rate_init': 0.042978082505668494, 'tol': 0.002752977748495465, 'validation_fraction': 0.2714496843451885}
observation time 0.001349, current best -0.944343 at iter 0
suggestion time taken 0.001760 iter 1 next_points [{'alpha': 0.010384070823401205, 'batch_size': 48, 'beta_1': 0.973570378528081, 'beta_2': 0.9995311166172582, 'epsilon': 1.0221900537167166e-08, 'hidden_layer_sizes': 199, 'learning_rate_init': 0.0014850808665670921, 'tol': 0.00028502095455705735, 'validation_fraction': 0.16885617671067107}]
function_evaluation time 2.300201 value -0.976343 suggestion {'alpha': 0.010384070823401205, 'batch_size': 48, 'beta_1': 0.973570378528081, 'beta_2': 0.9995311166172582, 'epsilon': 1.0221900537167166e-08, 'hidden_layer_sizes': 199, 'learning_rate_init': 0.0014850808665670921, 'tol': 0.00028502095455705735, 'validation_fraction': 0.16885617671067107}
observation time 0.001451, current best -0.976343 at iter 1
suggestion time taken 0.001770 iter 2 next_points [{'alpha': 1.1951069274776367e-05, 'batch_size': 86, 'beta_1': 0.9300467474404472, 'beta_2': 0.9931941109176359, 'epsilon': 7.5277953980407e-09, 'hidden_layer_sizes': 184, 'learning_rate_init': 0.00206965678020251, 'tol': 0.019308938725708876, 'validation_fraction': 0.11489650010303577}]
function_evaluation time 0.781703 value -0.963132 suggestion {'alpha': 1.1951069274776367e-05, 'batch_size': 86, 'beta_1': 0.9300467474404472, 'beta_2': 0.9931941109176359, 'epsilon': 7.5277953980407e-09, 'hidden_layer_sizes': 184, 'learning_rate_init': 0.00206965678020251, 'tol': 0.019308938725708876, 'validation_fraction': 0.11489650010303577}
observation time 0.001373, current best -0.976343 at iter 2
suggestion time taken 0.001745 iter 3 next_points [{'alpha': 0.05455619752480584, 'batch_size': 191, 'beta_1': 0.943883472691577, 'beta_2': 0.9725754346302432, 'epsilon': 3.355100191549345e-08, 'hidden_layer_sizes': 107, 'learning_rate_init': 0.0002850964130353737, 'tol': 0.0825883309026664, 'validation_fraction': 0.8217259462304836}]
function_evaluation time 0.175216 value -0.158633 suggestion {'alpha': 0.05455619752480584, 'batch_size': 191, 'beta_1': 0.943883472691577, 'beta_2': 0.9725754346302432, 'epsilon': 3.355100191549345e-08, 'hidden_layer_sizes': 107, 'learning_rate_init': 0.0002850964130353737, 'tol': 0.0825883309026664, 'validation_fraction': 0.8217259462304836}
observation time 0.001533, current best -0.976343 at iter 3
suggestion time taken 0.001766 iter 4 next_points [{'alpha': 0.0001370042681154001, 'batch_size': 229, 'beta_1': 0.7189486289062949, 'beta_2': 0.9963597417518235, 'epsilon': 4.927444577765609e-09, 'hidden_layer_sizes': 71, 'learning_rate_init': 7.644576273174153e-05, 'tol': 0.00015606839871979607, 'validation_fraction': 0.4166637369766518}]
/home/ryedida/.local/lib/python3.9/site-packages/sklearn/neural_network/_multilayer_perceptron.py:686: ConvergenceWarning: Stochastic Optimizer: Maximum iterations (200) reached and the optimization hasn't converged yet.
  warnings.warn(

function_evaluation time 1.972582 value -0.400547 suggestion {'alpha': 0.0001370042681154001, 'batch_size': 229, 'beta_1': 0.7189486289062949, 'beta_2': 0.9963597417518235, 'epsilon': 4.927444577765609e-09, 'hidden_layer_sizes': 71, 'learning_rate_init': 7.644576273174153e-05, 'tol': 0.00015606839871979607, 'validation_fraction': 0.4166637369766518}
observation time 0.001395, current best -0.976343 at iter 4
suggestion time taken 0.001763 iter 5 next_points [{'alpha': 0.006452156996256414, 'batch_size': 12, 'beta_1': 0.9746752742805613, 'beta_2': 0.9022559970800396, 'epsilon': 4.064056001965222e-07, 'hidden_layer_sizes': 59, 'learning_rate_init': 0.0006926662898926717, 'tol': 3.417487343940489e-05, 'validation_fraction': 0.6391623399648116}]
function_evaluation time 2.288703 value -0.950602 suggestion {'alpha': 0.006452156996256414, 'batch_size': 12, 'beta_1': 0.9746752742805613, 'beta_2': 0.9022559970800396, 'epsilon': 4.064056001965222e-07, 'hidden_layer_sizes': 59, 'learning_rate_init': 0.0006926662898926717, 'tol': 3.417487343940489e-05, 'validation_fraction': 0.6391623399648116}
observation time 0.001398, current best -0.976343 at iter 5
suggestion time taken 0.001736 iter 6 next_points [{'alpha': 0.0011161082387698906, 'batch_size': 178, 'beta_1': 0.8583244613263697, 'beta_2': 0.9996326265417201, 'epsilon': 1.1824120682310546e-09, 'hidden_layer_sizes': 98, 'learning_rate_init': 1.0066640353391484e-05, 'tol': 0.0007799976369372195, 'validation_fraction': 0.852072208241757}]
function_evaluation time 0.263929 value -0.068218 suggestion {'alpha': 0.0011161082387698906, 'batch_size': 178, 'beta_1': 0.8583244613263697, 'beta_2': 0.9996326265417201, 'epsilon': 1.1824120682310546e-09, 'hidden_layer_sizes': 98, 'learning_rate_init': 1.0066640353391484e-05, 'tol': 0.0007799976369372195, 'validation_fraction': 0.852072208241757}
observation time 0.001425, current best -0.976343 at iter 6
suggestion time taken 0.001708 iter 7 next_points [{'alpha': 0.21773280231392672, 'batch_size': 130, 'beta_1': 0.6639502645836347, 'beta_2': 0.9999975340170872, 'epsilon': 5.614788754789628e-08, 'hidden_layer_sizes': 149, 'learning_rate_init': 0.00012871768157572103, 'tol': 0.0003791452704250469, 'validation_fraction': 0.5457721073382162}]
function_evaluation time 3.968162 value -0.879631 suggestion {'alpha': 0.21773280231392672, 'batch_size': 130, 'beta_1': 0.6639502645836347, 'beta_2': 0.9999975340170872, 'epsilon': 5.614788754789628e-08, 'hidden_layer_sizes': 149, 'learning_rate_init': 0.00012871768157572103, 'tol': 0.0003791452704250469, 'validation_fraction': 0.5457721073382162}
observation time 0.001359, current best -0.976343 at iter 7
suggestion time taken 0.001768 iter 8 next_points [{'alpha': 4.4371883543492325, 'batch_size': 249, 'beta_1': 0.5533239074727586, 'beta_2': 0.9999779902272965, 'epsilon': 2.0018146676003477e-08, 'hidden_layer_sizes': 130, 'learning_rate_init': 4.018509840374386e-05, 'tol': 4.32617889879123e-05, 'validation_fraction': 0.6517631815686198}]
function_evaluation time 1.106164 value -0.223836 suggestion {'alpha': 4.4371883543492325, 'batch_size': 249, 'beta_1': 0.5533239074727586, 'beta_2': 0.9999779902272965, 'epsilon': 2.0018146676003477e-08, 'hidden_layer_sizes': 130, 'learning_rate_init': 4.018509840374386e-05, 'tol': 4.32617889879123e-05, 'validation_fraction': 0.6517631815686198}
observation time 0.001354, current best -0.976343 at iter 8
suggestion time taken 0.001758 iter 9 next_points [{'alpha': 0.12530678194306635, 'batch_size': 39, 'beta_1': 0.9858896374134611, 'beta_2': 0.9985874192643396, 'epsilon': 8.474025255284482e-07, 'hidden_layer_sizes': 120, 'learning_rate_init': 0.0009405697650997832, 'tol': 1.9637571644517897e-05, 'validation_fraction': 0.38242500388670214}]
function_evaluation time 2.095246 value -0.956177 suggestion {'alpha': 0.12530678194306635, 'batch_size': 39, 'beta_1': 0.9858896374134611, 'beta_2': 0.9985874192643396, 'epsilon': 8.474025255284482e-07, 'hidden_layer_sizes': 120, 'learning_rate_init': 0.0009405697650997832, 'tol': 1.9637571644517897e-05, 'validation_fraction': 0.38242500388670214}
observation time 0.001438, current best -0.976343 at iter 9
suggestion time taken 0.001698 iter 10 next_points [{'alpha': 0.3148339804048431, 'batch_size': 150, 'beta_1': 0.9570246685981992, 'beta_2': 0.999981150059707, 'epsilon': 1.613463472221421e-09, 'hidden_layer_sizes': 164, 'learning_rate_init': 5.3977585302726704e-05, 'tol': 0.0009065106784142214, 'validation_fraction': 0.19830519780048583}]
function_evaluation time 4.349020 value -0.871944 suggestion {'alpha': 0.3148339804048431, 'batch_size': 150, 'beta_1': 0.9570246685981992, 'beta_2': 0.999981150059707, 'epsilon': 1.613463472221421e-09, 'hidden_layer_sizes': 164, 'learning_rate_init': 5.3977585302726704e-05, 'tol': 0.0009065106784142214, 'validation_fraction': 0.19830519780048583}
observation time 0.001561, current best -0.976343 at iter 10
suggestion time taken 0.001819 iter 11 next_points [{'alpha': 5.576019986799264, 'batch_size': 205, 'beta_1': 0.9882947199922661, 'beta_2': 0.9999961618861174, 'epsilon': 3.708242369163834e-09, 'hidden_layer_sizes': 138, 'learning_rate_init': 0.007514199245715199, 'tol': 0.0016425740098370686, 'validation_fraction': 0.21961169176773304}]
function_evaluation time 0.818545 value -0.951989 suggestion {'alpha': 5.576019986799264, 'batch_size': 205, 'beta_1': 0.9882947199922661, 'beta_2': 0.9999961618861174, 'epsilon': 3.708242369163834e-09, 'hidden_layer_sizes': 138, 'learning_rate_init': 0.007514199245715199, 'tol': 0.0016425740098370686, 'validation_fraction': 0.21961169176773304}
observation time 0.001341, current best -0.976343 at iter 11
suggestion time taken 0.001751 iter 12 next_points [{'alpha': 0.002960138868657875, 'batch_size': 138, 'beta_1': 0.8987893231988414, 'beta_2': 0.9999890617016134, 'epsilon': 5.55204029733432e-07, 'hidden_layer_sizes': 74, 'learning_rate_init': 1.676166276457689e-05, 'tol': 0.006580485578369753, 'validation_fraction': 0.7701477462046256}]
function_evaluation time 0.170522 value -0.063373 suggestion {'alpha': 0.002960138868657875, 'batch_size': 138, 'beta_1': 0.8987893231988414, 'beta_2': 0.9999890617016134, 'epsilon': 5.55204029733432e-07, 'hidden_layer_sizes': 74, 'learning_rate_init': 1.676166276457689e-05, 'tol': 0.006580485578369753, 'validation_fraction': 0.7701477462046256}
observation time 0.001366, current best -0.976343 at iter 12
suggestion time taken 0.001731 iter 13 next_points [{'alpha': 1.5321096402516574, 'batch_size': 168, 'beta_1': 0.9666499061538704, 'beta_2': 0.9977814767344023, 'epsilon': 1.7869988210530423e-08, 'hidden_layer_sizes': 191, 'learning_rate_init': 0.0003082821094473815, 'tol': 0.003879835901229665, 'validation_fraction': 0.14003343103284135}]
function_evaluation time 2.275132 value -0.949214 suggestion {'alpha': 1.5321096402516574, 'batch_size': 168, 'beta_1': 0.9666499061538704, 'beta_2': 0.9977814767344023, 'epsilon': 1.7869988210530423e-08, 'hidden_layer_sizes': 191, 'learning_rate_init': 0.0003082821094473815, 'tol': 0.003879835901229665, 'validation_fraction': 0.14003343103284135}
observation time 0.001372, current best -0.976343 at iter 13
suggestion time taken 0.001708 iter 14 next_points [{'alpha': 7.579701423016793e-05, 'batch_size': 78, 'beta_1': 0.7790383023804338, 'beta_2': 0.9997691470109706, 'epsilon': 8.085605125271258e-08, 'hidden_layer_sizes': 87, 'learning_rate_init': 0.005190291719442277, 'tol': 0.03236589201353628, 'validation_fraction': 0.7210408501011677}]
function_evaluation time 0.304911 value -0.913008 suggestion {'alpha': 7.579701423016793e-05, 'batch_size': 78, 'beta_1': 0.7790383023804338, 'beta_2': 0.9997691470109706, 'epsilon': 8.085605125271258e-08, 'hidden_layer_sizes': 87, 'learning_rate_init': 0.005190291719442277, 'tol': 0.03236589201353628, 'validation_fraction': 0.7210408501011677}
observation time 0.001356, current best -0.976343 at iter 14
saving meta data: {'args': {'--uuid': 'fd8db00d06df55a6b245f3576e7f2ecf', '-db-root': '/home/ryedida/bbo_challenge_starter_kit/output', '--opt-root': '/home/ryedida/bbo_challenge_starter_kit/example_submissions', '--data-root': None, '--db': 'run_20230424_041950', '--opt': 'turbo', '--data': 'digits', '--classifier': 'MLP-adam', '--metric': 'acc', '--calls': 15, '--suggestions': 1, '--jobs-file': None, '--verbose': False, 'dry_run': False, 'rev': 'a376313', 'opt_rev': '0.0.1'}, 'signature': ([{'alpha': 0.019628224813442792, 'batch_size': 182, 'beta_1': 0.9410202200271762, 'beta_2': 0.9998021557676793, 'epsilon': 1.8662266976518e-08, 'hidden_layer_sizes': 147, 'learning_rate_init': 0.0005627932047415167, 'tol': 0.03690557729213761, 'validation_fraction': 0.8846827852548593}, {'alpha': 0.0019982467392329444, 'batch_size': 200, 'beta_1': 0.919111482530466, 'beta_2': 0.9998488260436156, 'epsilon': 5.981221901152555e-07, 'hidden_layer_sizes': 61, 'learning_rate_init': 2.2310905607443014e-05, 'tol': 1.2046852412030316e-05, 'validation_fraction': 0.8117896445826539}, {'alpha': 0.46659545670218433, 'batch_size': 219, 'beta_1': 0.9889789783750891, 'beta_2': 0.9999896868093284, 'epsilon': 2.4234724484675948e-08, 'hidden_layer_sizes': 167, 'learning_rate_init': 2.972334644335654e-05, 'tol': 0.0036281404040243792, 'validation_fraction': 0.17260651658522078}, {'alpha': 4.656005689076002, 'batch_size': 135, 'beta_1': 0.870503881627747, 'beta_2': 0.9948873266941017, 'epsilon': 2.1023308743480125e-07, 'hidden_layer_sizes': 118, 'learning_rate_init': 0.0018781738757161913, 'tol': 1.1889379831773004e-05, 'validation_fraction': 0.6264327093752792}, {'alpha': 0.04705159350400542, 'batch_size': 158, 'beta_1': 0.9870884262730957, 'beta_2': 0.9999596874382349, 'epsilon': 1.1981845126013875e-08, 'hidden_layer_sizes': 116, 'learning_rate_init': 0.00617340520407431, 'tol': 1.741413418158619e-05, 'validation_fraction': 0.6754299026638921}], [-0.21081107239643826, -0.1295489740611692, -0.27999177313201706, -0.9422522260936896, -0.9332050909794812])}
saving results
saving timing
saving suggest log
done
