running: {'--uuid': '0114dfdd97f259c49fdcaf99808ff910', '-db-root': '/home/ryedida/bbo_challenge_starter_kit/output', '--opt-root': '/home/ryedida/bbo_challenge_starter_kit/example_submissions', '--data-root': None, '--db': 'run_20230424_224500', '--opt': 'opentuner', '--data': 'wine', '--classifier': 'MLP-adam', '--metric': 'acc', '--calls': 15, '--suggestions': 1, '--jobs-file': None, '--verbose': False, 'dry_run': False, 'rev': 'a376313', 'opt_rev': '0.8.8'}
cmd: python opentuner/optimizer.py -c MLP-adam -d wine -o opentuner -u 0114dfdd97f259c49fdcaf99808ff910 -m acc -n 15 -p 1 -dir /home/ryedida/bbo_challenge_starter_kit/output -b run_20230424_224500
/home/ryedida/.local/lib/python3.9/site-packages/sklearn/neural_network/_multilayer_perceptron.py:605: UserWarning: Got `batch_size` less than 1 or larger than sample size. It is going to be clipped
  warnings.warn(

/home/ryedida/.local/lib/python3.9/site-packages/sklearn/neural_network/_multilayer_perceptron.py:605: UserWarning: Got `batch_size` less than 1 or larger than sample size. It is going to be clipped
  warnings.warn(

/home/ryedida/.local/lib/python3.9/site-packages/sklearn/neural_network/_multilayer_perceptron.py:605: UserWarning: Got `batch_size` less than 1 or larger than sample size. It is going to be clipped
  warnings.warn(

/home/ryedida/.local/lib/python3.9/site-packages/sklearn/neural_network/_multilayer_perceptron.py:605: UserWarning: Got `batch_size` less than 1 or larger than sample size. It is going to be clipped
  warnings.warn(

/home/ryedida/.local/lib/python3.9/site-packages/sklearn/neural_network/_multilayer_perceptron.py:605: UserWarning: Got `batch_size` less than 1 or larger than sample size. It is going to be clipped
  warnings.warn(

computed signature: ([{'alpha': 0.019628224813442792, 'batch_size': 182, 'beta_1': 0.9410202200271762, 'beta_2': 0.9998021557676793, 'epsilon': 1.8662266976518e-08, 'hidden_layer_sizes': 147, 'learning_rate_init': 0.0005627932047415167, 'tol': 0.03690557729213761, 'validation_fraction': 0.8846827852548593}, {'alpha': 0.0019982467392329444, 'batch_size': 200, 'beta_1': 0.919111482530466, 'beta_2': 0.9998488260436156, 'epsilon': 5.981221901152555e-07, 'hidden_layer_sizes': 61, 'learning_rate_init': 2.2310905607443014e-05, 'tol': 1.2046852412030316e-05, 'validation_fraction': 0.8117896445826539}, {'alpha': 0.46659545670218433, 'batch_size': 219, 'beta_1': 0.9889789783750891, 'beta_2': 0.9999896868093284, 'epsilon': 2.4234724484675948e-08, 'hidden_layer_sizes': 167, 'learning_rate_init': 2.972334644335654e-05, 'tol': 0.0036281404040243792, 'validation_fraction': 0.17260651658522078}, {'alpha': 4.656005689076002, 'batch_size': 135, 'beta_1': 0.870503881627747, 'beta_2': 0.9948873266941017, 'epsilon': 2.1023308743480125e-07, 'hidden_layer_sizes': 118, 'learning_rate_init': 0.0018781738757161913, 'tol': 1.1889379831773004e-05, 'validation_fraction': 0.6264327093752792}, {'alpha': 0.04705159350400542, 'batch_size': 158, 'beta_1': 0.9870884262730957, 'beta_2': 0.9999596874382349, 'epsilon': 1.1981845126013875e-08, 'hidden_layer_sizes': 116, 'learning_rate_init': 0.00617340520407431, 'tol': 1.741413418158619e-05, 'validation_fraction': 0.6754299026638921}], [-0.4359605911330049, -0.3169950738916256, -0.3312807881773399, -0.6620689655172413, -0.5017241379310344])
Signature errors:
                     0    1    2    3    4  max
MLP-adam_wine_acc  0.0  0.0  0.0  0.0  0.0  0.0
max                0.0  0.0  0.0  0.0  0.0  0.0
starting sklearn study opentuner MLP-adam wine acc 15 1
with data root: None
suggestion time taken 0.031597 iter 0 next_points [{'hidden_layer_sizes': 100, 'alpha': 0.8813595124742218, 'batch_size': 229, 'learning_rate_init': 0.08185174143859501, 'tol': 0.0031669259421724283, 'validation_fraction': 0.5755591348515898, 'beta_1': 0.6039312124695139, 'beta_2': 0.9101977913271164, 'epsilon': 1.842574418880739e-07}]
/home/ryedida/.local/lib/python3.9/site-packages/sklearn/neural_network/_multilayer_perceptron.py:605: UserWarning: Got `batch_size` less than 1 or larger than sample size. It is going to be clipped
  warnings.warn(

function_evaluation time 0.103319 value -0.747537 suggestion {'hidden_layer_sizes': 100, 'alpha': 0.8813595124742218, 'batch_size': 229, 'learning_rate_init': 0.08185174143859501, 'tol': 0.0031669259421724283, 'validation_fraction': 0.5755591348515898, 'beta_1': 0.6039312124695139, 'beta_2': 0.9101977913271164, 'epsilon': 1.842574418880739e-07}
observation time 0.004222, current best -0.747537 at iter 0
suggestion time taken 0.007723 iter 1 next_points [{'hidden_layer_sizes': 100, 'alpha': 0.8813595124742218, 'batch_size': 229, 'learning_rate_init': 0.08185174143859501, 'tol': 0.0031669259421724283, 'validation_fraction': 0.5755591348515898, 'beta_1': 0.6039312124695139, 'beta_2': 0.9224137451820211, 'epsilon': 1.6512183634351151e-07}]
/home/ryedida/.local/lib/python3.9/site-packages/sklearn/neural_network/_multilayer_perceptron.py:605: UserWarning: Got `batch_size` less than 1 or larger than sample size. It is going to be clipped
  warnings.warn(

function_evaluation time 0.096657 value -0.655419 suggestion {'hidden_layer_sizes': 100, 'alpha': 0.8813595124742218, 'batch_size': 229, 'learning_rate_init': 0.08185174143859501, 'tol': 0.0031669259421724283, 'validation_fraction': 0.5755591348515898, 'beta_1': 0.6039312124695139, 'beta_2': 0.9224137451820211, 'epsilon': 1.6512183634351151e-07}
observation time 0.001925, current best -0.747537 at iter 1
suggestion time taken 0.006847 iter 2 next_points [{'hidden_layer_sizes': 100, 'alpha': 0.8813595124742218, 'batch_size': 229, 'learning_rate_init': 0.08185174143859501, 'tol': 0.0031669259421724283, 'validation_fraction': 0.33642712196769775, 'beta_1': 0.6039312124695139, 'beta_2': 0.9101977913271164, 'epsilon': 1.842574418880739e-07}]
/home/ryedida/.local/lib/python3.9/site-packages/sklearn/neural_network/_multilayer_perceptron.py:605: UserWarning: Got `batch_size` less than 1 or larger than sample size. It is going to be clipped
  warnings.warn(

function_evaluation time 0.108914 value -0.683251 suggestion {'hidden_layer_sizes': 100, 'alpha': 0.8813595124742218, 'batch_size': 229, 'learning_rate_init': 0.08185174143859501, 'tol': 0.0031669259421724283, 'validation_fraction': 0.33642712196769775, 'beta_1': 0.6039312124695139, 'beta_2': 0.9101977913271164, 'epsilon': 1.842574418880739e-07}
observation time 0.001876, current best -0.747537 at iter 2
suggestion time taken 0.047202 iter 3 next_points [{'validation_fraction': 0.12040401128767081, 'tol': 0.041996030305843916, 'beta_2': 0.9137835462109121, 'batch_size': 14, 'alpha': 9.29498202959827, 'epsilon': 1.2411189992927007e-08, 'hidden_layer_sizes': 166, 'learning_rate_init': 0.025383632807744073, 'beta_1': 0.7082313758308744}]
function_evaluation time 0.178789 value -0.577586 suggestion {'validation_fraction': 0.12040401128767081, 'tol': 0.041996030305843916, 'beta_2': 0.9137835462109121, 'batch_size': 14, 'alpha': 9.29498202959827, 'epsilon': 1.2411189992927007e-08, 'hidden_layer_sizes': 166, 'learning_rate_init': 0.025383632807744073, 'beta_1': 0.7082313758308744}
observation time 0.002035, current best -0.747537 at iter 3
suggestion time taken 0.006457 iter 4 next_points [{'hidden_layer_sizes': 180, 'alpha': 8.925544554028098, 'batch_size': 64, 'learning_rate_init': 0.036640366142168306, 'tol': 0.07136975801520455, 'validation_fraction': 0.8729488739318415, 'beta_1': 0.5103753096507669, 'beta_2': 0.9531465501365334, 'epsilon': 3.7884918105465695e-07}]
/home/ryedida/.local/lib/python3.9/site-packages/sklearn/neural_network/_multilayer_perceptron.py:605: UserWarning: Got `batch_size` less than 1 or larger than sample size. It is going to be clipped
  warnings.warn(

function_evaluation time 0.072621 value -0.543103 suggestion {'hidden_layer_sizes': 180, 'alpha': 8.925544554028098, 'batch_size': 64, 'learning_rate_init': 0.036640366142168306, 'tol': 0.07136975801520455, 'validation_fraction': 0.8729488739318415, 'beta_1': 0.5103753096507669, 'beta_2': 0.9531465501365334, 'epsilon': 3.7884918105465695e-07}
observation time 0.001907, current best -0.747537 at iter 4
suggestion time taken 0.005943 iter 5 next_points [{'hidden_layer_sizes': 72, 'alpha': 1.8973235383515399, 'batch_size': 19, 'learning_rate_init': 0.01002204576764092, 'tol': 0.050132438992105115, 'validation_fraction': 0.5097043920459029, 'beta_1': 0.616252824236421, 'beta_2': 0.9043416088779437, 'epsilon': 6.613394056003964e-07}]
function_evaluation time 0.106306 value -0.696798 suggestion {'hidden_layer_sizes': 72, 'alpha': 1.8973235383515399, 'batch_size': 19, 'learning_rate_init': 0.01002204576764092, 'tol': 0.050132438992105115, 'validation_fraction': 0.5097043920459029, 'beta_1': 0.616252824236421, 'beta_2': 0.9043416088779437, 'epsilon': 6.613394056003964e-07}
observation time 0.001989, current best -0.747537 at iter 5
suggestion time taken 0.005985 iter 6 next_points [{'hidden_layer_sizes': 84, 'alpha': 3.2784014382005853, 'batch_size': 230, 'learning_rate_init': 0.02135374386750726, 'tol': 0.026628858265127665, 'validation_fraction': 0.15069025807681147, 'beta_1': 0.5752045390279092, 'beta_2': 0.9894267168182351, 'epsilon': 2.9464414877441904e-07}]
/home/ryedida/.local/lib/python3.9/site-packages/sklearn/neural_network/_multilayer_perceptron.py:605: UserWarning: Got `batch_size` less than 1 or larger than sample size. It is going to be clipped
  warnings.warn(

function_evaluation time 0.079004 value -0.556650 suggestion {'hidden_layer_sizes': 84, 'alpha': 3.2784014382005853, 'batch_size': 230, 'learning_rate_init': 0.02135374386750726, 'tol': 0.026628858265127665, 'validation_fraction': 0.15069025807681147, 'beta_1': 0.5752045390279092, 'beta_2': 0.9894267168182351, 'epsilon': 2.9464414877441904e-07}
observation time 0.001826, current best -0.747537 at iter 6
suggestion time taken 0.005901 iter 7 next_points [{'hidden_layer_sizes': 180, 'alpha': 2.85687361868104, 'batch_size': 81, 'learning_rate_init': 0.06830680827807016, 'tol': 0.013435694013795785, 'validation_fraction': 0.23377803512056305, 'beta_1': 0.7281023937225262, 'beta_2': 0.9219519503466956, 'epsilon': 8.360707318186177e-08}]
function_evaluation time 0.102113 value -0.647291 suggestion {'hidden_layer_sizes': 180, 'alpha': 2.85687361868104, 'batch_size': 81, 'learning_rate_init': 0.06830680827807016, 'tol': 0.013435694013795785, 'validation_fraction': 0.23377803512056305, 'beta_1': 0.7281023937225262, 'beta_2': 0.9219519503466956, 'epsilon': 8.360707318186177e-08}
observation time 0.002059, current best -0.747537 at iter 7
suggestion time taken 0.007117 iter 8 next_points [{'hidden_layer_sizes': 100, 'alpha': 0.8813595124742218, 'batch_size': 229, 'learning_rate_init': 0.08185174143859501, 'tol': 0.0031669259421724283, 'validation_fraction': 0.22835913894074844, 'beta_1': 0.6039312124695139, 'beta_2': 0.9101977913271164, 'epsilon': 6.599094110331928e-07}]
/home/ryedida/.local/lib/python3.9/site-packages/sklearn/neural_network/_multilayer_perceptron.py:605: UserWarning: Got `batch_size` less than 1 or larger than sample size. It is going to be clipped
  warnings.warn(

function_evaluation time 0.112194 value -0.739409 suggestion {'hidden_layer_sizes': 100, 'alpha': 0.8813595124742218, 'batch_size': 229, 'learning_rate_init': 0.08185174143859501, 'tol': 0.0031669259421724283, 'validation_fraction': 0.22835913894074844, 'beta_1': 0.6039312124695139, 'beta_2': 0.9101977913271164, 'epsilon': 6.599094110331928e-07}
observation time 0.001869, current best -0.747537 at iter 8
suggestion time taken 0.007181 iter 9 next_points [{'hidden_layer_sizes': 100, 'alpha': 0.8813595124742218, 'batch_size': 229, 'learning_rate_init': 0.0769687648846326, 'tol': 0.0042288089963279825, 'validation_fraction': 0.5661510643625571, 'beta_1': 0.6039312124695139, 'beta_2': 0.9101977913271164, 'epsilon': 1.842574418880739e-07}]
/home/ryedida/.local/lib/python3.9/site-packages/sklearn/neural_network/_multilayer_perceptron.py:605: UserWarning: Got `batch_size` less than 1 or larger than sample size. It is going to be clipped
  warnings.warn(

function_evaluation time 0.103836 value -0.706404 suggestion {'hidden_layer_sizes': 100, 'alpha': 0.8813595124742218, 'batch_size': 229, 'learning_rate_init': 0.0769687648846326, 'tol': 0.0042288089963279825, 'validation_fraction': 0.5661510643625571, 'beta_1': 0.6039312124695139, 'beta_2': 0.9101977913271164, 'epsilon': 1.842574418880739e-07}
observation time 0.001896, current best -0.747537 at iter 9
suggestion time taken 0.005989 iter 10 next_points [{'validation_fraction': 0.44538066985102576, 'tol': 0.0702832608575407, 'beta_2': 0.9023259513818452, 'batch_size': 110, 'alpha': 2.6772242576617327, 'epsilon': 4.1285601817872455e-07, 'hidden_layer_sizes': 128, 'learning_rate_init': 0.03530981560627449, 'beta_1': 0.6948149654413097}]
/home/ryedida/.local/lib/python3.9/site-packages/sklearn/neural_network/_multilayer_perceptron.py:605: UserWarning: Got `batch_size` less than 1 or larger than sample size. It is going to be clipped
  warnings.warn(

function_evaluation time 0.075490 value -0.537192 suggestion {'validation_fraction': 0.44538066985102576, 'tol': 0.0702832608575407, 'beta_2': 0.9023259513818452, 'batch_size': 110, 'alpha': 2.6772242576617327, 'epsilon': 4.1285601817872455e-07, 'hidden_layer_sizes': 128, 'learning_rate_init': 0.03530981560627449, 'beta_1': 0.6948149654413097}
observation time 0.001854, current best -0.747537 at iter 10
suggestion time taken 0.005971 iter 11 next_points [{'hidden_layer_sizes': 128, 'alpha': 4.3805939333333965, 'batch_size': 215, 'learning_rate_init': 0.043070377796156016, 'tol': 0.07221168216004019, 'validation_fraction': 0.3191020056989958, 'beta_1': 0.6147446225463714, 'beta_2': 0.9445167377722948, 'epsilon': 1.8933018403581967e-08}]
/home/ryedida/.local/lib/python3.9/site-packages/sklearn/neural_network/_multilayer_perceptron.py:605: UserWarning: Got `batch_size` less than 1 or larger than sample size. It is going to be clipped
  warnings.warn(

function_evaluation time 0.088746 value -0.684483 suggestion {'hidden_layer_sizes': 128, 'alpha': 4.3805939333333965, 'batch_size': 215, 'learning_rate_init': 0.043070377796156016, 'tol': 0.07221168216004019, 'validation_fraction': 0.3191020056989958, 'beta_1': 0.6147446225463714, 'beta_2': 0.9445167377722948, 'epsilon': 1.8933018403581967e-08}
observation time 0.001923, current best -0.747537 at iter 11
suggestion time taken 0.005975 iter 12 next_points [{'hidden_layer_sizes': 148, 'alpha': 1.8357916268091765, 'batch_size': 206, 'learning_rate_init': 0.01686733448653104, 'tol': 0.06540368173945403, 'validation_fraction': 0.17038767540510558, 'beta_1': 0.6035054324565919, 'beta_2': 0.9151548080111562, 'epsilon': 7.888013832396391e-07}]
/home/ryedida/.local/lib/python3.9/site-packages/sklearn/neural_network/_multilayer_perceptron.py:605: UserWarning: Got `batch_size` less than 1 or larger than sample size. It is going to be clipped
  warnings.warn(

function_evaluation time 0.062384 value -0.430296 suggestion {'hidden_layer_sizes': 148, 'alpha': 1.8357916268091765, 'batch_size': 206, 'learning_rate_init': 0.01686733448653104, 'tol': 0.06540368173945403, 'validation_fraction': 0.17038767540510558, 'beta_1': 0.6035054324565919, 'beta_2': 0.9151548080111562, 'epsilon': 7.888013832396391e-07}
observation time 0.001930, current best -0.747537 at iter 12
suggestion time taken 0.007183 iter 13 next_points [{'hidden_layer_sizes': 100, 'alpha': 0.886814512627096, 'batch_size': 229, 'learning_rate_init': 0.08185174143859501, 'tol': 0.004872990455379856, 'validation_fraction': 0.5755591348515898, 'beta_1': 0.6039312124695139, 'beta_2': 0.9101977913271164, 'epsilon': 1.842574418880739e-07}]
/home/ryedida/.local/lib/python3.9/site-packages/sklearn/neural_network/_multilayer_perceptron.py:605: UserWarning: Got `batch_size` less than 1 or larger than sample size. It is going to be clipped
  warnings.warn(

function_evaluation time 0.111836 value -0.713793 suggestion {'hidden_layer_sizes': 100, 'alpha': 0.886814512627096, 'batch_size': 229, 'learning_rate_init': 0.08185174143859501, 'tol': 0.004872990455379856, 'validation_fraction': 0.5755591348515898, 'beta_1': 0.6039312124695139, 'beta_2': 0.9101977913271164, 'epsilon': 1.842574418880739e-07}
observation time 0.001931, current best -0.747537 at iter 13
suggestion time taken 0.005233 iter 14 next_points [{'validation_fraction': 0.1332028406717498, 'tol': 0.04265365199798759, 'beta_2': 0.9898593723661105, 'batch_size': 190, 'alpha': 0.08556917160879667, 'epsilon': 9.513190230297775e-07, 'hidden_layer_sizes': 61, 'learning_rate_init': 0.003400155046657073, 'beta_1': 0.9212773316557095}]
/home/ryedida/.local/lib/python3.9/site-packages/sklearn/neural_network/_multilayer_perceptron.py:605: UserWarning: Got `batch_size` less than 1 or larger than sample size. It is going to be clipped
  warnings.warn(

function_evaluation time 0.056473 value -0.472414 suggestion {'validation_fraction': 0.1332028406717498, 'tol': 0.04265365199798759, 'beta_2': 0.9898593723661105, 'batch_size': 190, 'alpha': 0.08556917160879667, 'epsilon': 9.513190230297775e-07, 'hidden_layer_sizes': 61, 'learning_rate_init': 0.003400155046657073, 'beta_1': 0.9212773316557095}
observation time 0.002022, current best -0.747537 at iter 14
saving meta data: {'args': {'--uuid': '0114dfdd97f259c49fdcaf99808ff910', '-db-root': '/home/ryedida/bbo_challenge_starter_kit/output', '--opt-root': '/home/ryedida/bbo_challenge_starter_kit/example_submissions', '--data-root': None, '--db': 'run_20230424_224500', '--opt': 'opentuner', '--data': 'wine', '--classifier': 'MLP-adam', '--metric': 'acc', '--calls': 15, '--suggestions': 1, '--jobs-file': None, '--verbose': False, 'dry_run': False, 'rev': 'a376313', 'opt_rev': '0.8.8'}, 'signature': ([{'alpha': 0.019628224813442792, 'batch_size': 182, 'beta_1': 0.9410202200271762, 'beta_2': 0.9998021557676793, 'epsilon': 1.8662266976518e-08, 'hidden_layer_sizes': 147, 'learning_rate_init': 0.0005627932047415167, 'tol': 0.03690557729213761, 'validation_fraction': 0.8846827852548593}, {'alpha': 0.0019982467392329444, 'batch_size': 200, 'beta_1': 0.919111482530466, 'beta_2': 0.9998488260436156, 'epsilon': 5.981221901152555e-07, 'hidden_layer_sizes': 61, 'learning_rate_init': 2.2310905607443014e-05, 'tol': 1.2046852412030316e-05, 'validation_fraction': 0.8117896445826539}, {'alpha': 0.46659545670218433, 'batch_size': 219, 'beta_1': 0.9889789783750891, 'beta_2': 0.9999896868093284, 'epsilon': 2.4234724484675948e-08, 'hidden_layer_sizes': 167, 'learning_rate_init': 2.972334644335654e-05, 'tol': 0.0036281404040243792, 'validation_fraction': 0.17260651658522078}, {'alpha': 4.656005689076002, 'batch_size': 135, 'beta_1': 0.870503881627747, 'beta_2': 0.9948873266941017, 'epsilon': 2.1023308743480125e-07, 'hidden_layer_sizes': 118, 'learning_rate_init': 0.0018781738757161913, 'tol': 1.1889379831773004e-05, 'validation_fraction': 0.6264327093752792}, {'alpha': 0.04705159350400542, 'batch_size': 158, 'beta_1': 0.9870884262730957, 'beta_2': 0.9999596874382349, 'epsilon': 1.1981845126013875e-08, 'hidden_layer_sizes': 116, 'learning_rate_init': 0.00617340520407431, 'tol': 1.741413418158619e-05, 'validation_fraction': 0.6754299026638921}], [-0.4359605911330049, -0.3169950738916256, -0.3312807881773399, -0.6620689655172413, -0.5017241379310344])}
saving results
saving timing
saving suggest log
done
