running: {'--uuid': '0622ef5226065e37b848d8f9855398e1', '-db-root': '/home/ryedida/bbo_challenge_starter_kit/output', '--opt-root': '/home/ryedida/bbo_challenge_starter_kit/example_submissions', '--data-root': None, '--db': 'run_20230424_224500', '--opt': 'smoothness', '--data': 'wine', '--classifier': 'MLP-adam', '--metric': 'nll', '--calls': 15, '--suggestions': 1, '--jobs-file': None, '--verbose': False, 'dry_run': False, 'rev': 'a376313', 'opt_rev': 'x.x.x'}
cmd: python smoothness/optimizer.py -c MLP-adam -d wine -o smoothness -u 0622ef5226065e37b848d8f9855398e1 -m nll -n 15 -p 1 -dir /home/ryedida/bbo_challenge_starter_kit/output -b run_20230424_224500
/home/ryedida/.local/lib/python3.9/site-packages/sklearn/neural_network/_multilayer_perceptron.py:605: UserWarning: Got `batch_size` less than 1 or larger than sample size. It is going to be clipped
  warnings.warn(

/home/ryedida/.local/lib/python3.9/site-packages/sklearn/neural_network/_multilayer_perceptron.py:605: UserWarning: Got `batch_size` less than 1 or larger than sample size. It is going to be clipped
  warnings.warn(

/home/ryedida/.local/lib/python3.9/site-packages/sklearn/neural_network/_multilayer_perceptron.py:605: UserWarning: Got `batch_size` less than 1 or larger than sample size. It is going to be clipped
  warnings.warn(

/home/ryedida/.local/lib/python3.9/site-packages/sklearn/neural_network/_multilayer_perceptron.py:605: UserWarning: Got `batch_size` less than 1 or larger than sample size. It is going to be clipped
  warnings.warn(

/home/ryedida/.local/lib/python3.9/site-packages/sklearn/neural_network/_multilayer_perceptron.py:605: UserWarning: Got `batch_size` less than 1 or larger than sample size. It is going to be clipped
  warnings.warn(

computed signature: ([{'alpha': 0.019628224813442792, 'batch_size': 182, 'beta_1': 0.9410202200271762, 'beta_2': 0.9998021557676793, 'epsilon': 1.8662266976518e-08, 'hidden_layer_sizes': 147, 'learning_rate_init': 0.0005627932047415167, 'tol': 0.03690557729213761, 'validation_fraction': 0.8846827852548593}, {'alpha': 0.0019982467392329444, 'batch_size': 200, 'beta_1': 0.919111482530466, 'beta_2': 0.9998488260436156, 'epsilon': 5.981221901152555e-07, 'hidden_layer_sizes': 61, 'learning_rate_init': 2.2310905607443014e-05, 'tol': 1.2046852412030316e-05, 'validation_fraction': 0.8117896445826539}, {'alpha': 0.46659545670218433, 'batch_size': 219, 'beta_1': 0.9889789783750891, 'beta_2': 0.9999896868093284, 'epsilon': 2.4234724484675948e-08, 'hidden_layer_sizes': 167, 'learning_rate_init': 2.972334644335654e-05, 'tol': 0.0036281404040243792, 'validation_fraction': 0.17260651658522078}, {'alpha': 4.656005689076002, 'batch_size': 135, 'beta_1': 0.870503881627747, 'beta_2': 0.9948873266941017, 'epsilon': 2.1023308743480125e-07, 'hidden_layer_sizes': 118, 'learning_rate_init': 0.0018781738757161913, 'tol': 1.1889379831773004e-05, 'validation_fraction': 0.6264327093752792}, {'alpha': 0.04705159350400542, 'batch_size': 158, 'beta_1': 0.9870884262730957, 'beta_2': 0.9999596874382349, 'epsilon': 1.1981845126013875e-08, 'hidden_layer_sizes': 116, 'learning_rate_init': 0.00617340520407431, 'tol': 1.741413418158619e-05, 'validation_fraction': 0.6754299026638921}], [16.063962273407764, 23.274250254613083, 19.80193088400322, 3.463918210725012, 15.210579700922176])
/home/ryedida/.local/lib/python3.9/site-packages/bayesmark/signatures.py:85: RuntimeWarning: Signature diverged on MLP-adam_wine_nll betwen [15.51998549 22.35390307 19.16402613  3.37792524 14.64310022] and [16.06396227 23.27425025 19.80193088  3.46391821 15.2105797 ]
  warnings.warn(

Signature errors:
                          0         1         2         3         4       max
MLP-adam_wine_nll  0.543977  0.920347  0.637905  0.085993  0.567479  0.920347
max                0.543977  0.920347  0.637905  0.085993  0.567479  0.920347
starting sklearn study smoothness MLP-adam wine nll 15 1
with data root: None
suggestion time taken 11.006349 iter 0 next_points [{'alpha': 3.09148054813967e-05, 'batch_size': 12, 'beta_1': 0.8283889637634086, 'beta_2': 0.9928774827425834, 'epsilon': 7.923698202319937e-07, 'hidden_layer_sizes': 115, 'learning_rate_init': 0.0006840653679720099, 'tol': 0.009823856019269167, 'validation_fraction': 0.10761853607529688}]
function_evaluation time 0.241899 value 0.712823 suggestion {'alpha': 3.09148054813967e-05, 'batch_size': 12, 'beta_1': 0.8283889637634086, 'beta_2': 0.9928774827425834, 'epsilon': 7.923698202319937e-07, 'hidden_layer_sizes': 115, 'learning_rate_init': 0.0006840653679720099, 'tol': 0.009823856019269167, 'validation_fraction': 0.10761853607529688}
observation time 0.000007, current best 0.712823 at iter 0
suggestion time taken 11.022614 iter 1 next_points [{'alpha': 0.013719198357534643, 'batch_size': 12, 'beta_1': 0.9677000054633673, 'beta_2': 0.9999982610225326, 'epsilon': 8.193242761912948e-07, 'hidden_layer_sizes': 172, 'learning_rate_init': 7.719558309169431e-05, 'tol': 1.9705680980597282e-05, 'validation_fraction': 0.48640515468771706}]
function_evaluation time 0.206509 value 16.810497 suggestion {'alpha': 0.013719198357534643, 'batch_size': 12, 'beta_1': 0.9677000054633673, 'beta_2': 0.9999982610225326, 'epsilon': 8.193242761912948e-07, 'hidden_layer_sizes': 172, 'learning_rate_init': 7.719558309169431e-05, 'tol': 1.9705680980597282e-05, 'validation_fraction': 0.48640515468771706}
observation time 0.000007, current best 0.712823 at iter 1
suggestion time taken 10.782421 iter 2 next_points [{'alpha': 0.003105743581373276, 'batch_size': 13, 'beta_1': 0.6701810978377235, 'beta_2': 0.9955802583209281, 'epsilon': 6.7400528002712215e-09, 'hidden_layer_sizes': 88, 'learning_rate_init': 0.010744893700752375, 'tol': 0.0038546692056812934, 'validation_fraction': 0.771245826874993}]
function_evaluation time 0.137928 value 0.922437 suggestion {'alpha': 0.003105743581373276, 'batch_size': 13, 'beta_1': 0.6701810978377235, 'beta_2': 0.9955802583209281, 'epsilon': 6.7400528002712215e-09, 'hidden_layer_sizes': 88, 'learning_rate_init': 0.010744893700752375, 'tol': 0.0038546692056812934, 'validation_fraction': 0.771245826874993}
observation time 0.000006, current best 0.712823 at iter 2
suggestion time taken 11.149129 iter 3 next_points [{'alpha': 0.005805344811687406, 'batch_size': 14, 'beta_1': 0.9286719371607701, 'beta_2': 0.9995673857274917, 'epsilon': 5.795964641690366e-07, 'hidden_layer_sizes': 162, 'learning_rate_init': 0.05169708059632981, 'tol': 0.005666288812940238, 'validation_fraction': 0.8762909726737409}]
function_evaluation time 0.098063 value 8.237360 suggestion {'alpha': 0.005805344811687406, 'batch_size': 14, 'beta_1': 0.9286719371607701, 'beta_2': 0.9995673857274917, 'epsilon': 5.795964641690366e-07, 'hidden_layer_sizes': 162, 'learning_rate_init': 0.05169708059632981, 'tol': 0.005666288812940238, 'validation_fraction': 0.8762909726737409}
observation time 0.000006, current best 0.712823 at iter 3
suggestion time taken 10.863522 iter 4 next_points [{'alpha': 0.641494644321835, 'batch_size': 13, 'beta_1': 0.9046464469214721, 'beta_2': 0.9999078863902781, 'epsilon': 1.548817438692227e-08, 'hidden_layer_sizes': 184, 'learning_rate_init': 0.00015400153715461502, 'tol': 0.002007566448707247, 'validation_fraction': 0.237031813002746}]
function_evaluation time 0.281191 value 4.613982 suggestion {'alpha': 0.641494644321835, 'batch_size': 13, 'beta_1': 0.9046464469214721, 'beta_2': 0.9999078863902781, 'epsilon': 1.548817438692227e-08, 'hidden_layer_sizes': 184, 'learning_rate_init': 0.00015400153715461502, 'tol': 0.002007566448707247, 'validation_fraction': 0.237031813002746}
observation time 0.000005, current best 0.712823 at iter 4
suggestion time taken 10.769495 iter 5 next_points [{'alpha': 0.0015323930861551062, 'batch_size': 12, 'beta_1': 0.8877599673629497, 'beta_2': 0.9995527287354771, 'epsilon': 8.289416115527854e-09, 'hidden_layer_sizes': 69, 'learning_rate_init': 4.515467735414693e-05, 'tol': 0.009845863108575844, 'validation_fraction': 0.8562106807923904}]
function_evaluation time 0.059097 value 20.112584 suggestion {'alpha': 0.0015323930861551062, 'batch_size': 12, 'beta_1': 0.8877599673629497, 'beta_2': 0.9995527287354771, 'epsilon': 8.289416115527854e-09, 'hidden_layer_sizes': 69, 'learning_rate_init': 4.515467735414693e-05, 'tol': 0.009845863108575844, 'validation_fraction': 0.8562106807923904}
observation time 0.000005, current best 0.712823 at iter 5
suggestion time taken 11.146754 iter 6 next_points [{'alpha': 0.03730367459596836, 'batch_size': 12, 'beta_1': 0.9224216919732268, 'beta_2': 0.9999075336735695, 'epsilon': 7.690548076262379e-07, 'hidden_layer_sizes': 54, 'learning_rate_init': 2.0782355904272818e-05, 'tol': 0.04137444916227079, 'validation_fraction': 0.766644400441967}]
function_evaluation time 0.066427 value 21.610074 suggestion {'alpha': 0.03730367459596836, 'batch_size': 12, 'beta_1': 0.9224216919732268, 'beta_2': 0.9999075336735695, 'epsilon': 7.690548076262379e-07, 'hidden_layer_sizes': 54, 'learning_rate_init': 2.0782355904272818e-05, 'tol': 0.04137444916227079, 'validation_fraction': 0.766644400441967}
observation time 0.000006, current best 0.712823 at iter 6
suggestion time taken 10.863471 iter 7 next_points [{'alpha': 0.01831268272471322, 'batch_size': 12, 'beta_1': 0.8822990859004536, 'beta_2': 0.9984716357147941, 'epsilon': 2.9490540561192463e-09, 'hidden_layer_sizes': 181, 'learning_rate_init': 0.00010542850708932869, 'tol': 0.09439393136100124, 'validation_fraction': 0.4904058997598323}]
function_evaluation time 0.138869 value 13.883254 suggestion {'alpha': 0.01831268272471322, 'batch_size': 12, 'beta_1': 0.8822990859004536, 'beta_2': 0.9984716357147941, 'epsilon': 2.9490540561192463e-09, 'hidden_layer_sizes': 181, 'learning_rate_init': 0.00010542850708932869, 'tol': 0.09439393136100124, 'validation_fraction': 0.4904058997598323}
observation time 0.000006, current best 0.712823 at iter 7
suggestion time taken 10.824625 iter 8 next_points [{'alpha': 0.0005330888715306673, 'batch_size': 16, 'beta_1': 0.7366800836901186, 'beta_2': 0.9999964628172254, 'epsilon': 8.912989335781433e-07, 'hidden_layer_sizes': 99, 'learning_rate_init': 9.942093256010452e-05, 'tol': 1.3611729551344313e-05, 'validation_fraction': 0.7263002433761664}]
function_evaluation time 0.074343 value 18.450285 suggestion {'alpha': 0.0005330888715306673, 'batch_size': 16, 'beta_1': 0.7366800836901186, 'beta_2': 0.9999964628172254, 'epsilon': 8.912989335781433e-07, 'hidden_layer_sizes': 99, 'learning_rate_init': 9.942093256010452e-05, 'tol': 1.3611729551344313e-05, 'validation_fraction': 0.7263002433761664}
observation time 0.000005, current best 0.712823 at iter 8
suggestion time taken 11.146388 iter 9 next_points [{'alpha': 0.07771106365177351, 'batch_size': 24, 'beta_1': 0.8241293746226759, 'beta_2': 0.9868852383812811, 'epsilon': 4.5899995855704293e-07, 'hidden_layer_sizes': 147, 'learning_rate_init': 0.0012607415539655894, 'tol': 0.0002330493481303435, 'validation_fraction': 0.585001879587623}]
function_evaluation time 0.235883 value 0.404741 suggestion {'alpha': 0.07771106365177351, 'batch_size': 24, 'beta_1': 0.8241293746226759, 'beta_2': 0.9868852383812811, 'epsilon': 4.5899995855704293e-07, 'hidden_layer_sizes': 147, 'learning_rate_init': 0.0012607415539655894, 'tol': 0.0002330493481303435, 'validation_fraction': 0.585001879587623}
observation time 0.000006, current best 0.404741 at iter 9
suggestion time taken 10.866596 iter 10 next_points [{'alpha': 0.013638808023988164, 'batch_size': 20, 'beta_1': 0.9877339737202037, 'beta_2': 0.9966728670408813, 'epsilon': 1.1961110185341024e-08, 'hidden_layer_sizes': 57, 'learning_rate_init': 2.870957192808363e-05, 'tol': 7.864234834276369e-05, 'validation_fraction': 0.8291865258429985}]
function_evaluation time 0.046057 value 23.946453 suggestion {'alpha': 0.013638808023988164, 'batch_size': 20, 'beta_1': 0.9877339737202037, 'beta_2': 0.9966728670408813, 'epsilon': 1.1961110185341024e-08, 'hidden_layer_sizes': 57, 'learning_rate_init': 2.870957192808363e-05, 'tol': 7.864234834276369e-05, 'validation_fraction': 0.8291865258429985}
observation time 0.000005, current best 0.404741 at iter 10
suggestion time taken 10.797025 iter 11 next_points [{'alpha': 2.494095173173146, 'batch_size': 20, 'beta_1': 0.8092719577667786, 'beta_2': 0.9998000487347163, 'epsilon': 2.534893415771771e-08, 'hidden_layer_sizes': 124, 'learning_rate_init': 2.9450108872184608e-05, 'tol': 4.1198947021197e-05, 'validation_fraction': 0.14610959838288023}]
function_evaluation time 0.102621 value 21.648026 suggestion {'alpha': 2.494095173173146, 'batch_size': 20, 'beta_1': 0.8092719577667786, 'beta_2': 0.9998000487347163, 'epsilon': 2.534893415771771e-08, 'hidden_layer_sizes': 124, 'learning_rate_init': 2.9450108872184608e-05, 'tol': 4.1198947021197e-05, 'validation_fraction': 0.14610959838288023}
observation time 0.000006, current best 0.404741 at iter 11
suggestion time taken 11.124634 iter 12 next_points [{'alpha': 0.006555947029352366, 'batch_size': 11, 'beta_1': 0.883325499804806, 'beta_2': 0.999335208501825, 'epsilon': 1.890668335599402e-09, 'hidden_layer_sizes': 93, 'learning_rate_init': 0.001894304905665449, 'tol': 0.007714465915881477, 'validation_fraction': 0.1244327250788919}]
function_evaluation time 0.252390 value 0.937785 suggestion {'alpha': 0.006555947029352366, 'batch_size': 11, 'beta_1': 0.883325499804806, 'beta_2': 0.999335208501825, 'epsilon': 1.890668335599402e-09, 'hidden_layer_sizes': 93, 'learning_rate_init': 0.001894304905665449, 'tol': 0.007714465915881477, 'validation_fraction': 0.1244327250788919}
observation time 0.000006, current best 0.404741 at iter 12
suggestion time taken 10.860926 iter 13 next_points [{'alpha': 0.28873935030036524, 'batch_size': 28, 'beta_1': 0.983493703151239, 'beta_2': 0.999990164236901, 'epsilon': 1.9621017635334278e-09, 'hidden_layer_sizes': 188, 'learning_rate_init': 0.0009182743141868648, 'tol': 1.8527360044256288e-05, 'validation_fraction': 0.3433420792459123}]
function_evaluation time 0.161320 value 2.297954 suggestion {'alpha': 0.28873935030036524, 'batch_size': 28, 'beta_1': 0.983493703151239, 'beta_2': 0.999990164236901, 'epsilon': 1.9621017635334278e-09, 'hidden_layer_sizes': 188, 'learning_rate_init': 0.0009182743141868648, 'tol': 1.8527360044256288e-05, 'validation_fraction': 0.3433420792459123}
observation time 0.000006, current best 0.404741 at iter 13
suggestion time taken 10.821647 iter 14 next_points [{'alpha': 0.015745356651532413, 'batch_size': 21, 'beta_1': 0.7474502004312708, 'beta_2': 0.9842094669562984, 'epsilon': 1.8548983781656164e-07, 'hidden_layer_sizes': 111, 'learning_rate_init': 1.3317809268976847e-05, 'tol': 0.00017147839290534143, 'validation_fraction': 0.8078745306757593}]
function_evaluation time 0.051384 value 20.495807 suggestion {'alpha': 0.015745356651532413, 'batch_size': 21, 'beta_1': 0.7474502004312708, 'beta_2': 0.9842094669562984, 'epsilon': 1.8548983781656164e-07, 'hidden_layer_sizes': 111, 'learning_rate_init': 1.3317809268976847e-05, 'tol': 0.00017147839290534143, 'validation_fraction': 0.8078745306757593}
observation time 0.000005, current best 0.404741 at iter 14
saving meta data: {'args': {'--uuid': '0622ef5226065e37b848d8f9855398e1', '-db-root': '/home/ryedida/bbo_challenge_starter_kit/output', '--opt-root': '/home/ryedida/bbo_challenge_starter_kit/example_submissions', '--data-root': None, '--db': 'run_20230424_224500', '--opt': 'smoothness', '--data': 'wine', '--classifier': 'MLP-adam', '--metric': 'nll', '--calls': 15, '--suggestions': 1, '--jobs-file': None, '--verbose': False, 'dry_run': False, 'rev': 'a376313', 'opt_rev': 'x.x.x'}, 'signature': ([{'alpha': 0.019628224813442792, 'batch_size': 182, 'beta_1': 0.9410202200271762, 'beta_2': 0.9998021557676793, 'epsilon': 1.8662266976518e-08, 'hidden_layer_sizes': 147, 'learning_rate_init': 0.0005627932047415167, 'tol': 0.03690557729213761, 'validation_fraction': 0.8846827852548593}, {'alpha': 0.0019982467392329444, 'batch_size': 200, 'beta_1': 0.919111482530466, 'beta_2': 0.9998488260436156, 'epsilon': 5.981221901152555e-07, 'hidden_layer_sizes': 61, 'learning_rate_init': 2.2310905607443014e-05, 'tol': 1.2046852412030316e-05, 'validation_fraction': 0.8117896445826539}, {'alpha': 0.46659545670218433, 'batch_size': 219, 'beta_1': 0.9889789783750891, 'beta_2': 0.9999896868093284, 'epsilon': 2.4234724484675948e-08, 'hidden_layer_sizes': 167, 'learning_rate_init': 2.972334644335654e-05, 'tol': 0.0036281404040243792, 'validation_fraction': 0.17260651658522078}, {'alpha': 4.656005689076002, 'batch_size': 135, 'beta_1': 0.870503881627747, 'beta_2': 0.9948873266941017, 'epsilon': 2.1023308743480125e-07, 'hidden_layer_sizes': 118, 'learning_rate_init': 0.0018781738757161913, 'tol': 1.1889379831773004e-05, 'validation_fraction': 0.6264327093752792}, {'alpha': 0.04705159350400542, 'batch_size': 158, 'beta_1': 0.9870884262730957, 'beta_2': 0.9999596874382349, 'epsilon': 1.1981845126013875e-08, 'hidden_layer_sizes': 116, 'learning_rate_init': 0.00617340520407431, 'tol': 1.741413418158619e-05, 'validation_fraction': 0.6754299026638921}], [16.063962273407764, 23.274250254613083, 19.80193088400322, 3.463918210725012, 15.210579700922176])}
saving results
saving timing
saving suggest log
done
