running: {'--uuid': '06c09dff7405515ab6d915bc1af1ce94', '-db-root': '/home/ryedida/bbo_challenge_starter_kit/output', '--opt-root': '/home/ryedida/bbo_challenge_starter_kit/example_submissions', '--data-root': None, '--db': 'run_20230424_224500', '--opt': 'opentuner', '--data': 'wine', '--classifier': 'MLP-adam', '--metric': 'nll', '--calls': 15, '--suggestions': 1, '--jobs-file': None, '--verbose': False, 'dry_run': False, 'rev': 'a376313', 'opt_rev': '0.8.8'}
cmd: python opentuner/optimizer.py -c MLP-adam -d wine -o opentuner -u 06c09dff7405515ab6d915bc1af1ce94 -m nll -n 15 -p 1 -dir /home/ryedida/bbo_challenge_starter_kit/output -b run_20230424_224500
/home/ryedida/.local/lib/python3.9/site-packages/sklearn/neural_network/_multilayer_perceptron.py:605: UserWarning: Got `batch_size` less than 1 or larger than sample size. It is going to be clipped
  warnings.warn(

/home/ryedida/.local/lib/python3.9/site-packages/sklearn/neural_network/_multilayer_perceptron.py:605: UserWarning: Got `batch_size` less than 1 or larger than sample size. It is going to be clipped
  warnings.warn(

/home/ryedida/.local/lib/python3.9/site-packages/sklearn/neural_network/_multilayer_perceptron.py:605: UserWarning: Got `batch_size` less than 1 or larger than sample size. It is going to be clipped
  warnings.warn(

/home/ryedida/.local/lib/python3.9/site-packages/sklearn/neural_network/_multilayer_perceptron.py:605: UserWarning: Got `batch_size` less than 1 or larger than sample size. It is going to be clipped
  warnings.warn(

/home/ryedida/.local/lib/python3.9/site-packages/sklearn/neural_network/_multilayer_perceptron.py:605: UserWarning: Got `batch_size` less than 1 or larger than sample size. It is going to be clipped
  warnings.warn(

computed signature: ([{'alpha': 0.019628224813442792, 'batch_size': 182, 'beta_1': 0.9410202200271762, 'beta_2': 0.9998021557676793, 'epsilon': 1.8662266976518e-08, 'hidden_layer_sizes': 147, 'learning_rate_init': 0.0005627932047415167, 'tol': 0.03690557729213761, 'validation_fraction': 0.8846827852548593}, {'alpha': 0.0019982467392329444, 'batch_size': 200, 'beta_1': 0.919111482530466, 'beta_2': 0.9998488260436156, 'epsilon': 5.981221901152555e-07, 'hidden_layer_sizes': 61, 'learning_rate_init': 2.2310905607443014e-05, 'tol': 1.2046852412030316e-05, 'validation_fraction': 0.8117896445826539}, {'alpha': 0.46659545670218433, 'batch_size': 219, 'beta_1': 0.9889789783750891, 'beta_2': 0.9999896868093284, 'epsilon': 2.4234724484675948e-08, 'hidden_layer_sizes': 167, 'learning_rate_init': 2.972334644335654e-05, 'tol': 0.0036281404040243792, 'validation_fraction': 0.17260651658522078}, {'alpha': 4.656005689076002, 'batch_size': 135, 'beta_1': 0.870503881627747, 'beta_2': 0.9948873266941017, 'epsilon': 2.1023308743480125e-07, 'hidden_layer_sizes': 118, 'learning_rate_init': 0.0018781738757161913, 'tol': 1.1889379831773004e-05, 'validation_fraction': 0.6264327093752792}, {'alpha': 0.04705159350400542, 'batch_size': 158, 'beta_1': 0.9870884262730957, 'beta_2': 0.9999596874382349, 'epsilon': 1.1981845126013875e-08, 'hidden_layer_sizes': 116, 'learning_rate_init': 0.00617340520407431, 'tol': 1.741413418158619e-05, 'validation_fraction': 0.6754299026638921}], [16.063962273407764, 23.274250254613083, 19.80193088400322, 3.463918210725012, 15.210579700922176])
/home/ryedida/.local/lib/python3.9/site-packages/bayesmark/signatures.py:85: RuntimeWarning: Signature diverged on MLP-adam_wine_nll betwen [15.51998549 22.35390307 19.16402613  3.37792524 14.64310022] and [16.06396227 23.27425025 19.80193088  3.46391821 15.2105797 ]
  warnings.warn(

Signature errors:
                          0         1         2         3         4       max
MLP-adam_wine_nll  0.543977  0.920347  0.637905  0.085993  0.567479  0.920347
max                0.543977  0.920347  0.637905  0.085993  0.567479  0.920347
starting sklearn study opentuner MLP-adam wine nll 15 1
with data root: None
suggestion time taken 0.031694 iter 0 next_points [{'hidden_layer_sizes': 123, 'alpha': 2.2833400948718308, 'batch_size': 11, 'learning_rate_init': 0.01769679243204274, 'tol': 0.09514831696364616, 'validation_fraction': 0.22047952622896627, 'beta_1': 0.9198653957154357, 'beta_2': 0.9873396787985845, 'epsilon': 8.628154316852866e-07}]
function_evaluation time 0.204297 value 1.046893 suggestion {'hidden_layer_sizes': 123, 'alpha': 2.2833400948718308, 'batch_size': 11, 'learning_rate_init': 0.01769679243204274, 'tol': 0.09514831696364616, 'validation_fraction': 0.22047952622896627, 'beta_1': 0.9198653957154357, 'beta_2': 0.9873396787985845, 'epsilon': 8.628154316852866e-07}
observation time 0.004178, current best 1.046893 at iter 0
suggestion time taken 0.007773 iter 1 next_points [{'hidden_layer_sizes': 139, 'alpha': 2.2833400948718308, 'batch_size': 11, 'learning_rate_init': 0.054257053231152756, 'tol': 0.09514831696364616, 'validation_fraction': 0.22047952622896627, 'beta_1': 0.9198653957154357, 'beta_2': 0.9873396787985845, 'epsilon': 6.937168478831902e-07}]
function_evaluation time 0.138722 value 5.124344 suggestion {'hidden_layer_sizes': 139, 'alpha': 2.2833400948718308, 'batch_size': 11, 'learning_rate_init': 0.054257053231152756, 'tol': 0.09514831696364616, 'validation_fraction': 0.22047952622896627, 'beta_1': 0.9198653957154357, 'beta_2': 0.9873396787985845, 'epsilon': 6.937168478831902e-07}
observation time 0.002040, current best 1.046893 at iter 1
suggestion time taken 0.007109 iter 2 next_points [{'hidden_layer_sizes': 133, 'alpha': 2.2833400948718308, 'batch_size': 11, 'learning_rate_init': 0.01495469896157935, 'tol': 0.07940721118432552, 'validation_fraction': 0.22047952622896627, 'beta_1': 0.9539276044861799, 'beta_2': 0.9862600429471543, 'epsilon': 8.628154316852866e-07}]
function_evaluation time 0.197864 value 1.195240 suggestion {'hidden_layer_sizes': 133, 'alpha': 2.2833400948718308, 'batch_size': 11, 'learning_rate_init': 0.01495469896157935, 'tol': 0.07940721118432552, 'validation_fraction': 0.22047952622896627, 'beta_1': 0.9539276044861799, 'beta_2': 0.9862600429471543, 'epsilon': 8.628154316852866e-07}
observation time 0.001875, current best 1.046893 at iter 2
suggestion time taken 0.046753 iter 3 next_points [{'learning_rate_init': 0.04008679990185964, 'beta_2': 0.9910981815151645, 'batch_size': 82, 'epsilon': 4.916880990418472e-07, 'alpha': 2.6553577806413253, 'beta_1': 0.879465310254, 'hidden_layer_sizes': 63, 'tol': 0.08798530073469484, 'validation_fraction': 0.45515372596202963}]
/home/ryedida/.local/lib/python3.9/site-packages/sklearn/neural_network/_multilayer_perceptron.py:605: UserWarning: Got `batch_size` less than 1 or larger than sample size. It is going to be clipped
  warnings.warn(

function_evaluation time 0.051413 value 15.078810 suggestion {'learning_rate_init': 0.04008679990185964, 'beta_2': 0.9910981815151645, 'batch_size': 82, 'epsilon': 4.916880990418472e-07, 'alpha': 2.6553577806413253, 'beta_1': 0.879465310254, 'hidden_layer_sizes': 63, 'tol': 0.08798530073469484, 'validation_fraction': 0.45515372596202963}
observation time 0.002008, current best 1.046893 at iter 3
suggestion time taken 0.006035 iter 4 next_points [{'hidden_layer_sizes': 110, 'alpha': 0.8654609122407216, 'batch_size': 33, 'learning_rate_init': 0.07345340241563873, 'tol': 0.055993266487066755, 'validation_fraction': 0.17263651224596294, 'beta_1': 0.9747123611041407, 'beta_2': 0.9372674674166809, 'epsilon': 5.366788368438003e-07}]
function_evaluation time 0.096879 value 1.131856 suggestion {'hidden_layer_sizes': 110, 'alpha': 0.8654609122407216, 'batch_size': 33, 'learning_rate_init': 0.07345340241563873, 'tol': 0.055993266487066755, 'validation_fraction': 0.17263651224596294, 'beta_1': 0.9747123611041407, 'beta_2': 0.9372674674166809, 'epsilon': 5.366788368438003e-07}
observation time 0.001847, current best 1.046893 at iter 4
suggestion time taken 0.005951 iter 5 next_points [{'hidden_layer_sizes': 78, 'alpha': 9.70776514852012, 'batch_size': 171, 'learning_rate_init': 0.043099415735162454, 'tol': 0.06708944785870867, 'validation_fraction': 0.2682250750708598, 'beta_1': 0.6124328403314264, 'beta_2': 0.9347131547422828, 'epsilon': 9.406481208678864e-07}]
/home/ryedida/.local/lib/python3.9/site-packages/sklearn/neural_network/_multilayer_perceptron.py:605: UserWarning: Got `batch_size` less than 1 or larger than sample size. It is going to be clipped
  warnings.warn(

function_evaluation time 0.072548 value 12.674230 suggestion {'hidden_layer_sizes': 78, 'alpha': 9.70776514852012, 'batch_size': 171, 'learning_rate_init': 0.043099415735162454, 'tol': 0.06708944785870867, 'validation_fraction': 0.2682250750708598, 'beta_1': 0.6124328403314264, 'beta_2': 0.9347131547422828, 'epsilon': 9.406481208678864e-07}
observation time 0.001966, current best 1.046893 at iter 5
suggestion time taken 0.005916 iter 6 next_points [{'hidden_layer_sizes': 151, 'alpha': 1.2756825553798405, 'batch_size': 182, 'learning_rate_init': 0.031762872884990294, 'tol': 0.09776498855800557, 'validation_fraction': 0.782082819226149, 'beta_1': 0.8902471830016685, 'beta_2': 0.9992694027316855, 'epsilon': 1.0946030273903295e-07}]
/home/ryedida/.local/lib/python3.9/site-packages/sklearn/neural_network/_multilayer_perceptron.py:605: UserWarning: Got `batch_size` less than 1 or larger than sample size. It is going to be clipped
  warnings.warn(

function_evaluation time 0.065497 value 12.750549 suggestion {'hidden_layer_sizes': 151, 'alpha': 1.2756825553798405, 'batch_size': 182, 'learning_rate_init': 0.031762872884990294, 'tol': 0.09776498855800557, 'validation_fraction': 0.782082819226149, 'beta_1': 0.8902471830016685, 'beta_2': 0.9992694027316855, 'epsilon': 1.0946030273903295e-07}
observation time 0.002040, current best 1.046893 at iter 6
suggestion time taken 0.006395 iter 7 next_points [{'hidden_layer_sizes': 182, 'alpha': 5.723573353933713, 'batch_size': 24, 'learning_rate_init': 0.032765395649352484, 'tol': 0.06581252101926653, 'validation_fraction': 0.8031779904447642, 'beta_1': 0.701801104304494, 'beta_2': 0.9131078145938554, 'epsilon': 9.792821119852515e-07}]
function_evaluation time 0.082883 value 14.020456 suggestion {'hidden_layer_sizes': 182, 'alpha': 5.723573353933713, 'batch_size': 24, 'learning_rate_init': 0.032765395649352484, 'tol': 0.06581252101926653, 'validation_fraction': 0.8031779904447642, 'beta_1': 0.701801104304494, 'beta_2': 0.9131078145938554, 'epsilon': 9.792821119852515e-07}
observation time 0.002024, current best 1.046893 at iter 7
suggestion time taken 0.006952 iter 8 next_points [{'hidden_layer_sizes': 123, 'alpha': 2.2833400948718308, 'batch_size': 11, 'learning_rate_init': 0.0027424035945506253, 'tol': 0.09514831696364616, 'validation_fraction': 0.22047952622896627, 'beta_1': 0.9198653957154357, 'beta_2': 0.9873396787985845, 'epsilon': 9.072278905069831e-07}]
function_evaluation time 0.161746 value 0.791269 suggestion {'hidden_layer_sizes': 123, 'alpha': 2.2833400948718308, 'batch_size': 11, 'learning_rate_init': 0.0027424035945506253, 'tol': 0.09514831696364616, 'validation_fraction': 0.22047952622896627, 'beta_1': 0.9198653957154357, 'beta_2': 0.9873396787985845, 'epsilon': 9.072278905069831e-07}
observation time 0.001822, current best 0.791269 at iter 8
suggestion time taken 0.006880 iter 9 next_points [{'hidden_layer_sizes': 55, 'alpha': 2.2833400948718308, 'batch_size': 11, 'learning_rate_init': 0.0027424035945506253, 'tol': 0.03182532854524272, 'validation_fraction': 0.22047952622896627, 'beta_1': 0.9198653957154357, 'beta_2': 0.9873396787985845, 'epsilon': 9.072278905069831e-07}]
function_evaluation time 0.261895 value 0.771882 suggestion {'hidden_layer_sizes': 55, 'alpha': 2.2833400948718308, 'batch_size': 11, 'learning_rate_init': 0.0027424035945506253, 'tol': 0.03182532854524272, 'validation_fraction': 0.22047952622896627, 'beta_1': 0.9198653957154357, 'beta_2': 0.9873396787985845, 'epsilon': 9.072278905069831e-07}
observation time 0.002741, current best 0.771882 at iter 9
suggestion time taken 0.006562 iter 10 next_points [{'hidden_layer_sizes': 55, 'alpha': 2.2833400948718308, 'batch_size': 174, 'learning_rate_init': 0.0027424035945506253, 'tol': 0.03182532854524272, 'validation_fraction': 0.7158615924219957, 'beta_1': 0.9198653957154357, 'beta_2': 0.9873396787985845, 'epsilon': 9.072278905069831e-07}]
/home/ryedida/.local/lib/python3.9/site-packages/sklearn/neural_network/_multilayer_perceptron.py:605: UserWarning: Got `batch_size` less than 1 or larger than sample size. It is going to be clipped
  warnings.warn(

function_evaluation time 0.069334 value 9.210776 suggestion {'hidden_layer_sizes': 55, 'alpha': 2.2833400948718308, 'batch_size': 174, 'learning_rate_init': 0.0027424035945506253, 'tol': 0.03182532854524272, 'validation_fraction': 0.7158615924219957, 'beta_1': 0.9198653957154357, 'beta_2': 0.9873396787985845, 'epsilon': 9.072278905069831e-07}
observation time 0.001857, current best 0.771882 at iter 10
suggestion time taken 0.006665 iter 11 next_points [{'hidden_layer_sizes': 53, 'alpha': 2.2833400948718308, 'batch_size': 11, 'learning_rate_init': 0.0027424035945506253, 'tol': 0.03182532854524272, 'validation_fraction': 0.22047952622896627, 'beta_1': 0.9198653957154357, 'beta_2': 0.9999038176765942, 'epsilon': 9.072278905069831e-07}]
function_evaluation time 0.249794 value 0.496662 suggestion {'hidden_layer_sizes': 53, 'alpha': 2.2833400948718308, 'batch_size': 11, 'learning_rate_init': 0.0027424035945506253, 'tol': 0.03182532854524272, 'validation_fraction': 0.22047952622896627, 'beta_1': 0.9198653957154357, 'beta_2': 0.9999038176765942, 'epsilon': 9.072278905069831e-07}
observation time 0.002073, current best 0.496662 at iter 11
suggestion time taken 0.006969 iter 12 next_points [{'hidden_layer_sizes': 53, 'alpha': 2.2833400948718308, 'batch_size': 85, 'learning_rate_init': 0.0027424035945506253, 'tol': 0.03182532854524272, 'validation_fraction': 0.22047952622896627, 'beta_1': 0.9198653957154357, 'beta_2': 0.9999038176765942, 'epsilon': 6.693217455005774e-07}]
function_evaluation time 0.110903 value 4.903618 suggestion {'hidden_layer_sizes': 53, 'alpha': 2.2833400948718308, 'batch_size': 85, 'learning_rate_init': 0.0027424035945506253, 'tol': 0.03182532854524272, 'validation_fraction': 0.22047952622896627, 'beta_1': 0.9198653957154357, 'beta_2': 0.9999038176765942, 'epsilon': 6.693217455005774e-07}
observation time 0.001839, current best 0.496662 at iter 12
suggestion time taken 0.006921 iter 13 next_points [{'hidden_layer_sizes': 53, 'alpha': 1.2269017392274368, 'batch_size': 66, 'learning_rate_init': 0.0027424035945506253, 'tol': 0.03182532854524272, 'validation_fraction': 0.22047952622896627, 'beta_1': 0.9198653957154357, 'beta_2': 0.9999038176765942, 'epsilon': 9.072278905069831e-07}]
function_evaluation time 0.083426 value 7.477096 suggestion {'hidden_layer_sizes': 53, 'alpha': 1.2269017392274368, 'batch_size': 66, 'learning_rate_init': 0.0027424035945506253, 'tol': 0.03182532854524272, 'validation_fraction': 0.22047952622896627, 'beta_1': 0.9198653957154357, 'beta_2': 0.9999038176765942, 'epsilon': 9.072278905069831e-07}
observation time 0.001951, current best 0.496662 at iter 13
suggestion time taken 0.006581 iter 14 next_points [{'hidden_layer_sizes': 166, 'alpha': 2.2833400948718308, 'batch_size': 245, 'learning_rate_init': 0.0027424035945506253, 'tol': 0.03182532854524272, 'validation_fraction': 0.22047952622896627, 'beta_1': 0.7447252573759258, 'beta_2': 0.9999038176765942, 'epsilon': 9.072278905069831e-07}]
/home/ryedida/.local/lib/python3.9/site-packages/sklearn/neural_network/_multilayer_perceptron.py:605: UserWarning: Got `batch_size` less than 1 or larger than sample size. It is going to be clipped
  warnings.warn(

function_evaluation time 0.077666 value 8.090615 suggestion {'hidden_layer_sizes': 166, 'alpha': 2.2833400948718308, 'batch_size': 245, 'learning_rate_init': 0.0027424035945506253, 'tol': 0.03182532854524272, 'validation_fraction': 0.22047952622896627, 'beta_1': 0.7447252573759258, 'beta_2': 0.9999038176765942, 'epsilon': 9.072278905069831e-07}
observation time 0.001820, current best 0.496662 at iter 14
saving meta data: {'args': {'--uuid': '06c09dff7405515ab6d915bc1af1ce94', '-db-root': '/home/ryedida/bbo_challenge_starter_kit/output', '--opt-root': '/home/ryedida/bbo_challenge_starter_kit/example_submissions', '--data-root': None, '--db': 'run_20230424_224500', '--opt': 'opentuner', '--data': 'wine', '--classifier': 'MLP-adam', '--metric': 'nll', '--calls': 15, '--suggestions': 1, '--jobs-file': None, '--verbose': False, 'dry_run': False, 'rev': 'a376313', 'opt_rev': '0.8.8'}, 'signature': ([{'alpha': 0.019628224813442792, 'batch_size': 182, 'beta_1': 0.9410202200271762, 'beta_2': 0.9998021557676793, 'epsilon': 1.8662266976518e-08, 'hidden_layer_sizes': 147, 'learning_rate_init': 0.0005627932047415167, 'tol': 0.03690557729213761, 'validation_fraction': 0.8846827852548593}, {'alpha': 0.0019982467392329444, 'batch_size': 200, 'beta_1': 0.919111482530466, 'beta_2': 0.9998488260436156, 'epsilon': 5.981221901152555e-07, 'hidden_layer_sizes': 61, 'learning_rate_init': 2.2310905607443014e-05, 'tol': 1.2046852412030316e-05, 'validation_fraction': 0.8117896445826539}, {'alpha': 0.46659545670218433, 'batch_size': 219, 'beta_1': 0.9889789783750891, 'beta_2': 0.9999896868093284, 'epsilon': 2.4234724484675948e-08, 'hidden_layer_sizes': 167, 'learning_rate_init': 2.972334644335654e-05, 'tol': 0.0036281404040243792, 'validation_fraction': 0.17260651658522078}, {'alpha': 4.656005689076002, 'batch_size': 135, 'beta_1': 0.870503881627747, 'beta_2': 0.9948873266941017, 'epsilon': 2.1023308743480125e-07, 'hidden_layer_sizes': 118, 'learning_rate_init': 0.0018781738757161913, 'tol': 1.1889379831773004e-05, 'validation_fraction': 0.6264327093752792}, {'alpha': 0.04705159350400542, 'batch_size': 158, 'beta_1': 0.9870884262730957, 'beta_2': 0.9999596874382349, 'epsilon': 1.1981845126013875e-08, 'hidden_layer_sizes': 116, 'learning_rate_init': 0.00617340520407431, 'tol': 1.741413418158619e-05, 'validation_fraction': 0.6754299026638921}], [16.063962273407764, 23.274250254613083, 19.80193088400322, 3.463918210725012, 15.210579700922176])}
saving results
saving timing
saving suggest log
done
