running: {'--uuid': '24714911ce915a4b994fd186ac47f912', '-db-root': '/home/ryedida/bbo_challenge_starter_kit/output', '--opt-root': '/home/ryedida/bbo_challenge_starter_kit/example_submissions', '--data-root': None, '--db': 'run_20230424_224500', '--opt': 'opentuner', '--data': 'wine', '--classifier': 'MLP-adam', '--metric': 'nll', '--calls': 15, '--suggestions': 1, '--jobs-file': None, '--verbose': False, 'dry_run': False, 'rev': 'a376313', 'opt_rev': '0.8.8'}
cmd: python opentuner/optimizer.py -c MLP-adam -d wine -o opentuner -u 24714911ce915a4b994fd186ac47f912 -m nll -n 15 -p 1 -dir /home/ryedida/bbo_challenge_starter_kit/output -b run_20230424_224500
/home/ryedida/.local/lib/python3.9/site-packages/sklearn/neural_network/_multilayer_perceptron.py:605: UserWarning: Got `batch_size` less than 1 or larger than sample size. It is going to be clipped
  warnings.warn(

/home/ryedida/.local/lib/python3.9/site-packages/sklearn/neural_network/_multilayer_perceptron.py:605: UserWarning: Got `batch_size` less than 1 or larger than sample size. It is going to be clipped
  warnings.warn(

/home/ryedida/.local/lib/python3.9/site-packages/sklearn/neural_network/_multilayer_perceptron.py:605: UserWarning: Got `batch_size` less than 1 or larger than sample size. It is going to be clipped
  warnings.warn(

/home/ryedida/.local/lib/python3.9/site-packages/sklearn/neural_network/_multilayer_perceptron.py:605: UserWarning: Got `batch_size` less than 1 or larger than sample size. It is going to be clipped
  warnings.warn(

/home/ryedida/.local/lib/python3.9/site-packages/sklearn/neural_network/_multilayer_perceptron.py:605: UserWarning: Got `batch_size` less than 1 or larger than sample size. It is going to be clipped
  warnings.warn(

computed signature: ([{'alpha': 0.019628224813442792, 'batch_size': 182, 'beta_1': 0.9410202200271762, 'beta_2': 0.9998021557676793, 'epsilon': 1.8662266976518e-08, 'hidden_layer_sizes': 147, 'learning_rate_init': 0.0005627932047415167, 'tol': 0.03690557729213761, 'validation_fraction': 0.8846827852548593}, {'alpha': 0.0019982467392329444, 'batch_size': 200, 'beta_1': 0.919111482530466, 'beta_2': 0.9998488260436156, 'epsilon': 5.981221901152555e-07, 'hidden_layer_sizes': 61, 'learning_rate_init': 2.2310905607443014e-05, 'tol': 1.2046852412030316e-05, 'validation_fraction': 0.8117896445826539}, {'alpha': 0.46659545670218433, 'batch_size': 219, 'beta_1': 0.9889789783750891, 'beta_2': 0.9999896868093284, 'epsilon': 2.4234724484675948e-08, 'hidden_layer_sizes': 167, 'learning_rate_init': 2.972334644335654e-05, 'tol': 0.0036281404040243792, 'validation_fraction': 0.17260651658522078}, {'alpha': 4.656005689076002, 'batch_size': 135, 'beta_1': 0.870503881627747, 'beta_2': 0.9948873266941017, 'epsilon': 2.1023308743480125e-07, 'hidden_layer_sizes': 118, 'learning_rate_init': 0.0018781738757161913, 'tol': 1.1889379831773004e-05, 'validation_fraction': 0.6264327093752792}, {'alpha': 0.04705159350400542, 'batch_size': 158, 'beta_1': 0.9870884262730957, 'beta_2': 0.9999596874382349, 'epsilon': 1.1981845126013875e-08, 'hidden_layer_sizes': 116, 'learning_rate_init': 0.00617340520407431, 'tol': 1.741413418158619e-05, 'validation_fraction': 0.6754299026638921}], [16.063962273407764, 23.274250254613083, 19.80193088400322, 3.463918210725012, 15.210579700922176])
/home/ryedida/.local/lib/python3.9/site-packages/bayesmark/signatures.py:85: RuntimeWarning: Signature diverged on MLP-adam_wine_nll betwen [15.51998549 22.35390307 19.16402613  3.37792524 14.64310022] and [16.06396227 23.27425025 19.80193088  3.46391821 15.2105797 ]
  warnings.warn(

Signature errors:
                          0         1         2         3         4       max
MLP-adam_wine_nll  0.543977  0.920347  0.637905  0.085993  0.567479  0.920347
max                0.543977  0.920347  0.637905  0.085993  0.567479  0.920347
starting sklearn study opentuner MLP-adam wine nll 15 1
with data root: None
suggestion time taken 0.056794 iter 0 next_points [{'hidden_layer_sizes': 131, 'alpha': 1.0552131839163876, 'batch_size': 44, 'learning_rate_init': 0.016614641006331633, 'tol': 0.03951130513673922, 'validation_fraction': 0.7033614831317093, 'beta_1': 0.7980550867452835, 'beta_2': 0.9655690415216328, 'epsilon': 6.47852291508182e-07}]
/home/ryedida/.local/lib/python3.9/site-packages/sklearn/neural_network/_multilayer_perceptron.py:605: UserWarning: Got `batch_size` less than 1 or larger than sample size. It is going to be clipped
  warnings.warn(

function_evaluation time 0.086211 value 4.059849 suggestion {'hidden_layer_sizes': 131, 'alpha': 1.0552131839163876, 'batch_size': 44, 'learning_rate_init': 0.016614641006331633, 'tol': 0.03951130513673922, 'validation_fraction': 0.7033614831317093, 'beta_1': 0.7980550867452835, 'beta_2': 0.9655690415216328, 'epsilon': 6.47852291508182e-07}
observation time 0.004325, current best 4.059849 at iter 0
suggestion time taken 0.007709 iter 1 next_points [{'hidden_layer_sizes': 145, 'alpha': 1.0552131839163876, 'batch_size': 44, 'learning_rate_init': 0.016614641006331633, 'tol': 0.024825470801546002, 'validation_fraction': 0.7033614831317093, 'beta_1': 0.7392685529106675, 'beta_2': 0.9524055376264229, 'epsilon': 6.47852291508182e-07}]
/home/ryedida/.local/lib/python3.9/site-packages/sklearn/neural_network/_multilayer_perceptron.py:605: UserWarning: Got `batch_size` less than 1 or larger than sample size. It is going to be clipped
  warnings.warn(

function_evaluation time 0.119798 value 3.806859 suggestion {'hidden_layer_sizes': 145, 'alpha': 1.0552131839163876, 'batch_size': 44, 'learning_rate_init': 0.016614641006331633, 'tol': 0.024825470801546002, 'validation_fraction': 0.7033614831317093, 'beta_1': 0.7392685529106675, 'beta_2': 0.9524055376264229, 'epsilon': 6.47852291508182e-07}
observation time 0.002059, current best 3.806859 at iter 1
suggestion time taken 0.007019 iter 2 next_points [{'hidden_layer_sizes': 145, 'alpha': 1.0552131839163876, 'batch_size': 44, 'learning_rate_init': 0.013655834019323066, 'tol': 0.024825470801546002, 'validation_fraction': 0.7033614831317093, 'beta_1': 0.7392685529106675, 'beta_2': 0.9944217625618087, 'epsilon': 4.145911770841716e-07}]
/home/ryedida/.local/lib/python3.9/site-packages/sklearn/neural_network/_multilayer_perceptron.py:605: UserWarning: Got `batch_size` less than 1 or larger than sample size. It is going to be clipped
  warnings.warn(

function_evaluation time 0.090178 value 6.366161 suggestion {'hidden_layer_sizes': 145, 'alpha': 1.0552131839163876, 'batch_size': 44, 'learning_rate_init': 0.013655834019323066, 'tol': 0.024825470801546002, 'validation_fraction': 0.7033614831317093, 'beta_1': 0.7392685529106675, 'beta_2': 0.9944217625618087, 'epsilon': 4.145911770841716e-07}
observation time 0.001793, current best 3.806859 at iter 2
suggestion time taken 0.021205 iter 3 next_points [{'epsilon': 9.715821849884298e-08, 'alpha': 0.7811583924359796, 'beta_1': 0.8060359550595055, 'validation_fraction': 0.5359383070520913, 'batch_size': 192, 'beta_2': 0.9316136937065054, 'hidden_layer_sizes': 92, 'learning_rate_init': 0.008267326952202603, 'tol': 0.03337570345081658}]
/home/ryedida/.local/lib/python3.9/site-packages/sklearn/neural_network/_multilayer_perceptron.py:605: UserWarning: Got `batch_size` less than 1 or larger than sample size. It is going to be clipped
  warnings.warn(

function_evaluation time 0.067865 value 7.606017 suggestion {'epsilon': 9.715821849884298e-08, 'alpha': 0.7811583924359796, 'beta_1': 0.8060359550595055, 'validation_fraction': 0.5359383070520913, 'batch_size': 192, 'beta_2': 0.9316136937065054, 'hidden_layer_sizes': 92, 'learning_rate_init': 0.008267326952202603, 'tol': 0.03337570345081658}
observation time 0.001819, current best 3.806859 at iter 3
suggestion time taken 0.005544 iter 4 next_points [{'hidden_layer_sizes': 177, 'alpha': 0.6463920104465116, 'batch_size': 35, 'learning_rate_init': 0.07188639266586387, 'tol': 0.010790288444638186, 'validation_fraction': 0.5816289008276452, 'beta_1': 0.9185293617738263, 'beta_2': 0.9558879085921164, 'epsilon': 9.57899320447846e-07}]
function_evaluation time 0.100684 value 3.756385 suggestion {'hidden_layer_sizes': 177, 'alpha': 0.6463920104465116, 'batch_size': 35, 'learning_rate_init': 0.07188639266586387, 'tol': 0.010790288444638186, 'validation_fraction': 0.5816289008276452, 'beta_1': 0.9185293617738263, 'beta_2': 0.9558879085921164, 'epsilon': 9.57899320447846e-07}
observation time 0.001821, current best 3.756385 at iter 4
suggestion time taken 0.007129 iter 5 next_points [{'hidden_layer_sizes': 187, 'alpha': 0.6124515590866334, 'batch_size': 35, 'learning_rate_init': 0.07188639266586387, 'tol': 0.014678480537988859, 'validation_fraction': 0.5816289008276452, 'beta_1': 0.9185293617738263, 'beta_2': 0.9524662037043959, 'epsilon': 9.021133557113027e-07}]
function_evaluation time 0.103348 value 3.643335 suggestion {'hidden_layer_sizes': 187, 'alpha': 0.6124515590866334, 'batch_size': 35, 'learning_rate_init': 0.07188639266586387, 'tol': 0.014678480537988859, 'validation_fraction': 0.5816289008276452, 'beta_1': 0.9185293617738263, 'beta_2': 0.9524662037043959, 'epsilon': 9.021133557113027e-07}
observation time 0.001955, current best 3.643335 at iter 5
suggestion time taken 0.007411 iter 6 next_points [{'hidden_layer_sizes': 184, 'alpha': 0.6124515590866334, 'batch_size': 35, 'learning_rate_init': 0.059912443189908675, 'tol': 0.014678480537988859, 'validation_fraction': 0.5816289008276452, 'beta_1': 0.8724309153531893, 'beta_2': 0.9524662037043959, 'epsilon': 9.021133557113027e-07}]
function_evaluation time 0.129078 value 1.551862 suggestion {'hidden_layer_sizes': 184, 'alpha': 0.6124515590866334, 'batch_size': 35, 'learning_rate_init': 0.059912443189908675, 'tol': 0.014678480537988859, 'validation_fraction': 0.5816289008276452, 'beta_1': 0.8724309153531893, 'beta_2': 0.9524662037043959, 'epsilon': 9.021133557113027e-07}
observation time 0.001803, current best 1.551862 at iter 6
suggestion time taken 0.005064 iter 7 next_points [{'hidden_layer_sizes': 56, 'alpha': 1.17698228362095, 'batch_size': 233, 'learning_rate_init': 0.09448075758221679, 'tol': 0.023077744453720173, 'validation_fraction': 0.7369773385597981, 'beta_1': 0.6329894487664306, 'beta_2': 0.900833488627005, 'epsilon': 1.91268222510781e-07}]
/home/ryedida/.local/lib/python3.9/site-packages/sklearn/neural_network/_multilayer_perceptron.py:605: UserWarning: Got `batch_size` less than 1 or larger than sample size. It is going to be clipped
  warnings.warn(

function_evaluation time 0.072935 value 3.938977 suggestion {'hidden_layer_sizes': 56, 'alpha': 1.17698228362095, 'batch_size': 233, 'learning_rate_init': 0.09448075758221679, 'tol': 0.023077744453720173, 'validation_fraction': 0.7369773385597981, 'beta_1': 0.6329894487664306, 'beta_2': 0.900833488627005, 'epsilon': 1.91268222510781e-07}
observation time 0.001805, current best 1.551862 at iter 7
suggestion time taken 0.007134 iter 8 next_points [{'hidden_layer_sizes': 184, 'alpha': 0.39198927876665873, 'batch_size': 26, 'learning_rate_init': 0.059912443189908675, 'tol': 0.014678480537988859, 'validation_fraction': 0.5816289008276452, 'beta_1': 0.8479860072670098, 'beta_2': 0.9619682768915904, 'epsilon': 9.021133557113027e-07}]
function_evaluation time 0.131161 value 0.991000 suggestion {'hidden_layer_sizes': 184, 'alpha': 0.39198927876665873, 'batch_size': 26, 'learning_rate_init': 0.059912443189908675, 'tol': 0.014678480537988859, 'validation_fraction': 0.5816289008276452, 'beta_1': 0.8479860072670098, 'beta_2': 0.9619682768915904, 'epsilon': 9.021133557113027e-07}
observation time 0.002050, current best 0.991000 at iter 8
suggestion time taken 0.007038 iter 9 next_points [{'hidden_layer_sizes': 183, 'alpha': 0.5846951861003727, 'batch_size': 26, 'learning_rate_init': 0.059912443189908675, 'tol': 0.014678480537988859, 'validation_fraction': 0.6920475905515057, 'beta_1': 0.8479860072670098, 'beta_2': 0.9619682768915904, 'epsilon': 9.021133557113027e-07}]
function_evaluation time 0.112705 value 1.016957 suggestion {'hidden_layer_sizes': 183, 'alpha': 0.5846951861003727, 'batch_size': 26, 'learning_rate_init': 0.059912443189908675, 'tol': 0.014678480537988859, 'validation_fraction': 0.6920475905515057, 'beta_1': 0.8479860072670098, 'beta_2': 0.9619682768915904, 'epsilon': 9.021133557113027e-07}
observation time 0.001779, current best 0.991000 at iter 9
suggestion time taken 0.006613 iter 10 next_points [{'hidden_layer_sizes': 197, 'alpha': 0.39198927876665873, 'batch_size': 26, 'learning_rate_init': 0.059912443189908675, 'tol': 0.014678480537988859, 'validation_fraction': 0.5816289008276452, 'beta_1': 0.8479860072670098, 'beta_2': 0.9619682768915904, 'epsilon': 9.021133557113027e-07}]
function_evaluation time 0.149744 value 0.690928 suggestion {'hidden_layer_sizes': 197, 'alpha': 0.39198927876665873, 'batch_size': 26, 'learning_rate_init': 0.059912443189908675, 'tol': 0.014678480537988859, 'validation_fraction': 0.5816289008276452, 'beta_1': 0.8479860072670098, 'beta_2': 0.9619682768915904, 'epsilon': 9.021133557113027e-07}
observation time 0.001871, current best 0.690928 at iter 10
suggestion time taken 0.007213 iter 11 next_points [{'hidden_layer_sizes': 197, 'alpha': 0.3545798636994199, 'batch_size': 26, 'learning_rate_init': 0.059912443189908675, 'tol': 0.038730989562896605, 'validation_fraction': 0.5816289008276452, 'beta_1': 0.8656507527211619, 'beta_2': 0.9619682768915904, 'epsilon': 9.790919723034743e-07}]
function_evaluation time 0.098506 value 2.707531 suggestion {'hidden_layer_sizes': 197, 'alpha': 0.3545798636994199, 'batch_size': 26, 'learning_rate_init': 0.059912443189908675, 'tol': 0.038730989562896605, 'validation_fraction': 0.5816289008276452, 'beta_1': 0.8656507527211619, 'beta_2': 0.9619682768915904, 'epsilon': 9.790919723034743e-07}
observation time 0.001762, current best 0.690928 at iter 11
suggestion time taken 0.007010 iter 12 next_points [{'hidden_layer_sizes': 183, 'alpha': 0.4587360014294823, 'batch_size': 26, 'learning_rate_init': 0.059912443189908675, 'tol': 0.009375313635147476, 'validation_fraction': 0.5816289008276452, 'beta_1': 0.8479860072670098, 'beta_2': 0.9619682768915904, 'epsilon': 9.021133557113027e-07}]
function_evaluation time 0.112633 value 1.584333 suggestion {'hidden_layer_sizes': 183, 'alpha': 0.4587360014294823, 'batch_size': 26, 'learning_rate_init': 0.059912443189908675, 'tol': 0.009375313635147476, 'validation_fraction': 0.5816289008276452, 'beta_1': 0.8479860072670098, 'beta_2': 0.9619682768915904, 'epsilon': 9.021133557113027e-07}
observation time 0.002002, current best 0.690928 at iter 12
suggestion time taken 0.005062 iter 13 next_points [{'hidden_layer_sizes': 187, 'alpha': 6.7554838743615795, 'batch_size': 250, 'learning_rate_init': 0.09776805941421333, 'tol': 0.003725069890883882, 'validation_fraction': 0.2753839088543458, 'beta_1': 0.7294158524628054, 'beta_2': 0.9286594201819593, 'epsilon': 8.182462915290168e-07}]
/home/ryedida/.local/lib/python3.9/site-packages/sklearn/neural_network/_multilayer_perceptron.py:605: UserWarning: Got `batch_size` less than 1 or larger than sample size. It is going to be clipped
  warnings.warn(

function_evaluation time 0.078664 value 12.375367 suggestion {'hidden_layer_sizes': 187, 'alpha': 6.7554838743615795, 'batch_size': 250, 'learning_rate_init': 0.09776805941421333, 'tol': 0.003725069890883882, 'validation_fraction': 0.2753839088543458, 'beta_1': 0.7294158524628054, 'beta_2': 0.9286594201819593, 'epsilon': 8.182462915290168e-07}
observation time 0.001904, current best 0.690928 at iter 13
suggestion time taken 0.007446 iter 14 next_points [{'hidden_layer_sizes': 197, 'alpha': 0.07738907940386223, 'batch_size': 13, 'learning_rate_init': 0.06422083704309893, 'tol': 0.014678480537988859, 'validation_fraction': 0.4142693106901486, 'beta_1': 0.8479860072670098, 'beta_2': 0.9619682768915904, 'epsilon': 9.277832947745802e-07}]
function_evaluation time 0.165648 value 5.115201 suggestion {'hidden_layer_sizes': 197, 'alpha': 0.07738907940386223, 'batch_size': 13, 'learning_rate_init': 0.06422083704309893, 'tol': 0.014678480537988859, 'validation_fraction': 0.4142693106901486, 'beta_1': 0.8479860072670098, 'beta_2': 0.9619682768915904, 'epsilon': 9.277832947745802e-07}
observation time 0.001871, current best 0.690928 at iter 14
saving meta data: {'args': {'--uuid': '24714911ce915a4b994fd186ac47f912', '-db-root': '/home/ryedida/bbo_challenge_starter_kit/output', '--opt-root': '/home/ryedida/bbo_challenge_starter_kit/example_submissions', '--data-root': None, '--db': 'run_20230424_224500', '--opt': 'opentuner', '--data': 'wine', '--classifier': 'MLP-adam', '--metric': 'nll', '--calls': 15, '--suggestions': 1, '--jobs-file': None, '--verbose': False, 'dry_run': False, 'rev': 'a376313', 'opt_rev': '0.8.8'}, 'signature': ([{'alpha': 0.019628224813442792, 'batch_size': 182, 'beta_1': 0.9410202200271762, 'beta_2': 0.9998021557676793, 'epsilon': 1.8662266976518e-08, 'hidden_layer_sizes': 147, 'learning_rate_init': 0.0005627932047415167, 'tol': 0.03690557729213761, 'validation_fraction': 0.8846827852548593}, {'alpha': 0.0019982467392329444, 'batch_size': 200, 'beta_1': 0.919111482530466, 'beta_2': 0.9998488260436156, 'epsilon': 5.981221901152555e-07, 'hidden_layer_sizes': 61, 'learning_rate_init': 2.2310905607443014e-05, 'tol': 1.2046852412030316e-05, 'validation_fraction': 0.8117896445826539}, {'alpha': 0.46659545670218433, 'batch_size': 219, 'beta_1': 0.9889789783750891, 'beta_2': 0.9999896868093284, 'epsilon': 2.4234724484675948e-08, 'hidden_layer_sizes': 167, 'learning_rate_init': 2.972334644335654e-05, 'tol': 0.0036281404040243792, 'validation_fraction': 0.17260651658522078}, {'alpha': 4.656005689076002, 'batch_size': 135, 'beta_1': 0.870503881627747, 'beta_2': 0.9948873266941017, 'epsilon': 2.1023308743480125e-07, 'hidden_layer_sizes': 118, 'learning_rate_init': 0.0018781738757161913, 'tol': 1.1889379831773004e-05, 'validation_fraction': 0.6264327093752792}, {'alpha': 0.04705159350400542, 'batch_size': 158, 'beta_1': 0.9870884262730957, 'beta_2': 0.9999596874382349, 'epsilon': 1.1981845126013875e-08, 'hidden_layer_sizes': 116, 'learning_rate_init': 0.00617340520407431, 'tol': 1.741413418158619e-05, 'validation_fraction': 0.6754299026638921}], [16.063962273407764, 23.274250254613083, 19.80193088400322, 3.463918210725012, 15.210579700922176])}
saving results
saving timing
saving suggest log
done
