running: {'--uuid': '39b6372a021a5d3cacb0f564dbc211fe', '-db-root': '/home/ryedida/bbo_challenge_starter_kit/output', '--opt-root': '/home/ryedida/bbo_challenge_starter_kit/example_submissions', '--data-root': None, '--db': 'run_20230424_224500', '--opt': 'hyperopt', '--data': 'wine', '--classifier': 'MLP-adam', '--metric': 'nll', '--calls': 15, '--suggestions': 1, '--jobs-file': None, '--verbose': False, 'dry_run': False, 'rev': 'a376313', 'opt_rev': '0.2.7'}
cmd: python hyperopt/optimizer.py -c MLP-adam -d wine -o hyperopt -u 39b6372a021a5d3cacb0f564dbc211fe -m nll -n 15 -p 1 -dir /home/ryedida/bbo_challenge_starter_kit/output -b run_20230424_224500
/home/ryedida/.local/lib/python3.9/site-packages/sklearn/neural_network/_multilayer_perceptron.py:605: UserWarning: Got `batch_size` less than 1 or larger than sample size. It is going to be clipped
  warnings.warn(

/home/ryedida/.local/lib/python3.9/site-packages/sklearn/neural_network/_multilayer_perceptron.py:605: UserWarning: Got `batch_size` less than 1 or larger than sample size. It is going to be clipped
  warnings.warn(

/home/ryedida/.local/lib/python3.9/site-packages/sklearn/neural_network/_multilayer_perceptron.py:605: UserWarning: Got `batch_size` less than 1 or larger than sample size. It is going to be clipped
  warnings.warn(

/home/ryedida/.local/lib/python3.9/site-packages/sklearn/neural_network/_multilayer_perceptron.py:605: UserWarning: Got `batch_size` less than 1 or larger than sample size. It is going to be clipped
  warnings.warn(

/home/ryedida/.local/lib/python3.9/site-packages/sklearn/neural_network/_multilayer_perceptron.py:605: UserWarning: Got `batch_size` less than 1 or larger than sample size. It is going to be clipped
  warnings.warn(

computed signature: ([{'alpha': 0.019628224813442792, 'batch_size': 182, 'beta_1': 0.9410202200271762, 'beta_2': 0.9998021557676793, 'epsilon': 1.8662266976518e-08, 'hidden_layer_sizes': 147, 'learning_rate_init': 0.0005627932047415167, 'tol': 0.03690557729213761, 'validation_fraction': 0.8846827852548593}, {'alpha': 0.0019982467392329444, 'batch_size': 200, 'beta_1': 0.919111482530466, 'beta_2': 0.9998488260436156, 'epsilon': 5.981221901152555e-07, 'hidden_layer_sizes': 61, 'learning_rate_init': 2.2310905607443014e-05, 'tol': 1.2046852412030316e-05, 'validation_fraction': 0.8117896445826539}, {'alpha': 0.46659545670218433, 'batch_size': 219, 'beta_1': 0.9889789783750891, 'beta_2': 0.9999896868093284, 'epsilon': 2.4234724484675948e-08, 'hidden_layer_sizes': 167, 'learning_rate_init': 2.972334644335654e-05, 'tol': 0.0036281404040243792, 'validation_fraction': 0.17260651658522078}, {'alpha': 4.656005689076002, 'batch_size': 135, 'beta_1': 0.870503881627747, 'beta_2': 0.9948873266941017, 'epsilon': 2.1023308743480125e-07, 'hidden_layer_sizes': 118, 'learning_rate_init': 0.0018781738757161913, 'tol': 1.1889379831773004e-05, 'validation_fraction': 0.6264327093752792}, {'alpha': 0.04705159350400542, 'batch_size': 158, 'beta_1': 0.9870884262730957, 'beta_2': 0.9999596874382349, 'epsilon': 1.1981845126013875e-08, 'hidden_layer_sizes': 116, 'learning_rate_init': 0.00617340520407431, 'tol': 1.741413418158619e-05, 'validation_fraction': 0.6754299026638921}], [16.063962273407764, 23.274250254613083, 19.80193088400322, 3.463918210725012, 15.210579700922176])
/home/ryedida/.local/lib/python3.9/site-packages/bayesmark/signatures.py:85: RuntimeWarning: Signature diverged on MLP-adam_wine_nll betwen [15.51998549 22.35390307 19.16402613  3.37792524 14.64310022] and [16.06396227 23.27425025 19.80193088  3.46391821 15.2105797 ]
  warnings.warn(

Signature errors:
                          0         1         2         3         4       max
MLP-adam_wine_nll  0.543977  0.920347  0.637905  0.085993  0.567479  0.920347
max                0.543977  0.920347  0.637905  0.085993  0.567479  0.920347
starting sklearn study hyperopt MLP-adam wine nll 15 1
with data root: None
suggestion time taken 0.002445 iter 0 next_points [{'alpha': 0.03802428844287272, 'batch_size': 165, 'beta_1': 0.7819726228730116, 'beta_2': 0.9178293986852576, 'epsilon': 6.000646285555071e-07, 'hidden_layer_sizes': 196, 'learning_rate_init': 7.983444971297156e-05, 'tol': 3.110679228932403e-05, 'validation_fraction': 0.7797135517305452}]
/home/ryedida/.local/lib/python3.9/site-packages/sklearn/neural_network/_multilayer_perceptron.py:605: UserWarning: Got `batch_size` less than 1 or larger than sample size. It is going to be clipped
  warnings.warn(

function_evaluation time 0.051418 value 22.579620 suggestion {'alpha': 0.03802428844287272, 'batch_size': 165, 'beta_1': 0.7819726228730116, 'beta_2': 0.9178293986852576, 'epsilon': 6.000646285555071e-07, 'hidden_layer_sizes': 196, 'learning_rate_init': 7.983444971297156e-05, 'tol': 3.110679228932403e-05, 'validation_fraction': 0.7797135517305452}
observation time 0.000067, current best 22.579620 at iter 0
suggestion time taken 0.002622 iter 1 next_points [{'alpha': 1.0588552486677351e-05, 'batch_size': 38, 'beta_1': 0.9488305229019831, 'beta_2': 0.9621440496092154, 'epsilon': 1.0008640482162779e-07, 'hidden_layer_sizes': 112, 'learning_rate_init': 1.2200406515141699e-05, 'tol': 7.203391766058219e-05, 'validation_fraction': 0.7089566441339452}]
function_evaluation time 0.050144 value 20.325369 suggestion {'alpha': 1.0588552486677351e-05, 'batch_size': 38, 'beta_1': 0.9488305229019831, 'beta_2': 0.9621440496092154, 'epsilon': 1.0008640482162779e-07, 'hidden_layer_sizes': 112, 'learning_rate_init': 1.2200406515141699e-05, 'tol': 7.203391766058219e-05, 'validation_fraction': 0.7089566441339452}
observation time 0.000066, current best 20.325369 at iter 1
suggestion time taken 0.002148 iter 2 next_points [{'alpha': 1.0071803946143036e-05, 'batch_size': 129, 'beta_1': 0.6404631748975442, 'beta_2': 0.9148508809181823, 'epsilon': 2.100240510789523e-08, 'hidden_layer_sizes': 114, 'learning_rate_init': 0.022470686682616165, 'tol': 0.0019376628319212206, 'validation_fraction': 0.3752478245931573}]
/home/ryedida/.local/lib/python3.9/site-packages/sklearn/neural_network/_multilayer_perceptron.py:605: UserWarning: Got `batch_size` less than 1 or larger than sample size. It is going to be clipped
  warnings.warn(

function_evaluation time 0.115401 value 2.872050 suggestion {'alpha': 1.0071803946143036e-05, 'batch_size': 129, 'beta_1': 0.6404631748975442, 'beta_2': 0.9148508809181823, 'epsilon': 2.100240510789523e-08, 'hidden_layer_sizes': 114, 'learning_rate_init': 0.022470686682616165, 'tol': 0.0019376628319212206, 'validation_fraction': 0.3752478245931573}
observation time 0.000069, current best 2.872050 at iter 2
suggestion time taken 0.002116 iter 3 next_points [{'alpha': 0.2976815064203734, 'batch_size': 138, 'beta_1': 0.6640740137623449, 'beta_2': 0.9046024410160063, 'epsilon': 2.025072373464118e-07, 'hidden_layer_sizes': 103, 'learning_rate_init': 0.010364269631843632, 'tol': 0.0002641868664645783, 'validation_fraction': 0.3604232541411965}]
/home/ryedida/.local/lib/python3.9/site-packages/sklearn/neural_network/_multilayer_perceptron.py:605: UserWarning: Got `batch_size` less than 1 or larger than sample size. It is going to be clipped
  warnings.warn(

function_evaluation time 0.089639 value 8.689445 suggestion {'alpha': 0.2976815064203734, 'batch_size': 138, 'beta_1': 0.6640740137623449, 'beta_2': 0.9046024410160063, 'epsilon': 2.025072373464118e-07, 'hidden_layer_sizes': 103, 'learning_rate_init': 0.010364269631843632, 'tol': 0.0002641868664645783, 'validation_fraction': 0.3604232541411965}
observation time 0.000066, current best 2.872050 at iter 3
suggestion time taken 0.002152 iter 4 next_points [{'alpha': 2.5060349022173165, 'batch_size': 10, 'beta_1': 0.8230119692892058, 'beta_2': 0.9994000151577699, 'epsilon': 2.6130431981126606e-09, 'hidden_layer_sizes': 182, 'learning_rate_init': 0.03322686800780615, 'tol': 0.09368344673317242, 'validation_fraction': 0.30358915343120324}]
function_evaluation time 0.166636 value 1.188573 suggestion {'alpha': 2.5060349022173165, 'batch_size': 10, 'beta_1': 0.8230119692892058, 'beta_2': 0.9994000151577699, 'epsilon': 2.6130431981126606e-09, 'hidden_layer_sizes': 182, 'learning_rate_init': 0.03322686800780615, 'tol': 0.09368344673317242, 'validation_fraction': 0.30358915343120324}
observation time 0.000072, current best 1.188573 at iter 4
suggestion time taken 0.002162 iter 5 next_points [{'alpha': 2.7166372032406567, 'batch_size': 201, 'beta_1': 0.6862094860750713, 'beta_2': 0.993298096880644, 'epsilon': 1.262273384878871e-08, 'hidden_layer_sizes': 191, 'learning_rate_init': 0.08558146581807113, 'tol': 0.01428969141135325, 'validation_fraction': 0.6863214057198752}]
/home/ryedida/.local/lib/python3.9/site-packages/sklearn/neural_network/_multilayer_perceptron.py:605: UserWarning: Got `batch_size` less than 1 or larger than sample size. It is going to be clipped
  warnings.warn(

function_evaluation time 0.090008 value 6.132077 suggestion {'alpha': 2.7166372032406567, 'batch_size': 201, 'beta_1': 0.6862094860750713, 'beta_2': 0.993298096880644, 'epsilon': 1.262273384878871e-08, 'hidden_layer_sizes': 191, 'learning_rate_init': 0.08558146581807113, 'tol': 0.01428969141135325, 'validation_fraction': 0.6863214057198752}
observation time 0.000072, current best 1.188573 at iter 5
suggestion time taken 0.002161 iter 6 next_points [{'alpha': 0.5975478131198103, 'batch_size': 103, 'beta_1': 0.5903332617725371, 'beta_2': 0.9066290385137042, 'epsilon': 2.8035681852129926e-08, 'hidden_layer_sizes': 196, 'learning_rate_init': 0.0067697471027720005, 'tol': 0.0898805697553334, 'validation_fraction': 0.15264613934045465}]
function_evaluation time 0.080327 value 7.442590 suggestion {'alpha': 0.5975478131198103, 'batch_size': 103, 'beta_1': 0.5903332617725371, 'beta_2': 0.9066290385137042, 'epsilon': 2.8035681852129926e-08, 'hidden_layer_sizes': 196, 'learning_rate_init': 0.0067697471027720005, 'tol': 0.0898805697553334, 'validation_fraction': 0.15264613934045465}
observation time 0.000068, current best 1.188573 at iter 6
suggestion time taken 0.002330 iter 7 next_points [{'alpha': 6.190258825191256, 'batch_size': 53, 'beta_1': 0.5985029953734823, 'beta_2': 0.974518437838568, 'epsilon': 3.8493223786942174e-08, 'hidden_layer_sizes': 183, 'learning_rate_init': 0.000191516979152332, 'tol': 0.000488636992212771, 'validation_fraction': 0.40075152734169683}]
function_evaluation time 0.084473 value 13.069035 suggestion {'alpha': 6.190258825191256, 'batch_size': 53, 'beta_1': 0.5985029953734823, 'beta_2': 0.974518437838568, 'epsilon': 3.8493223786942174e-08, 'hidden_layer_sizes': 183, 'learning_rate_init': 0.000191516979152332, 'tol': 0.000488636992212771, 'validation_fraction': 0.40075152734169683}
observation time 0.000072, current best 1.188573 at iter 7
suggestion time taken 0.002179 iter 8 next_points [{'alpha': 8.518173600623138e-05, 'batch_size': 15, 'beta_1': 0.5153039293810405, 'beta_2': 0.956107551671961, 'epsilon': 7.824384828790316e-08, 'hidden_layer_sizes': 59, 'learning_rate_init': 0.010982264377013565, 'tol': 2.149345298904304e-05, 'validation_fraction': 0.13546926155145472}]
function_evaluation time 0.238516 value 1.185431 suggestion {'alpha': 8.518173600623138e-05, 'batch_size': 15, 'beta_1': 0.5153039293810405, 'beta_2': 0.956107551671961, 'epsilon': 7.824384828790316e-08, 'hidden_layer_sizes': 59, 'learning_rate_init': 0.010982264377013565, 'tol': 2.149345298904304e-05, 'validation_fraction': 0.13546926155145472}
observation time 0.000077, current best 1.185431 at iter 8
suggestion time taken 0.002159 iter 9 next_points [{'alpha': 0.00026778209291942003, 'batch_size': 38, 'beta_1': 0.5112942471857669, 'beta_2': 0.9926943308956676, 'epsilon': 2.2027263559209668e-07, 'hidden_layer_sizes': 92, 'learning_rate_init': 2.428268162377293e-05, 'tol': 0.021422666965580806, 'validation_fraction': 0.2925339646423331}]
function_evaluation time 0.064519 value 21.382460 suggestion {'alpha': 0.00026778209291942003, 'batch_size': 38, 'beta_1': 0.5112942471857669, 'beta_2': 0.9926943308956676, 'epsilon': 2.2027263559209668e-07, 'hidden_layer_sizes': 92, 'learning_rate_init': 2.428268162377293e-05, 'tol': 0.021422666965580806, 'validation_fraction': 0.2925339646423331}
observation time 0.000074, current best 1.185431 at iter 9
suggestion time taken 0.002399 iter 10 next_points [{'alpha': 0.032743413614378616, 'batch_size': 132, 'beta_1': 0.6734078123867465, 'beta_2': 0.9691750176748559, 'epsilon': 1.7414477248400047e-07, 'hidden_layer_sizes': 121, 'learning_rate_init': 2.0077001363580067e-05, 'tol': 0.0009769372343619834, 'validation_fraction': 0.37596371254384126}]
/home/ryedida/.local/lib/python3.9/site-packages/sklearn/neural_network/_multilayer_perceptron.py:605: UserWarning: Got `batch_size` less than 1 or larger than sample size. It is going to be clipped
  warnings.warn(

function_evaluation time 0.050104 value 21.932744 suggestion {'alpha': 0.032743413614378616, 'batch_size': 132, 'beta_1': 0.6734078123867465, 'beta_2': 0.9691750176748559, 'epsilon': 1.7414477248400047e-07, 'hidden_layer_sizes': 121, 'learning_rate_init': 2.0077001363580067e-05, 'tol': 0.0009769372343619834, 'validation_fraction': 0.37596371254384126}
observation time 0.000075, current best 1.185431 at iter 10
suggestion time taken 0.002222 iter 11 next_points [{'alpha': 0.0001918887625177266, 'batch_size': 180, 'beta_1': 0.5461319195389639, 'beta_2': 0.9665934335405242, 'epsilon': 1.4309520964198748e-09, 'hidden_layer_sizes': 91, 'learning_rate_init': 4.990136522703845e-05, 'tol': 3.0431294445812598e-05, 'validation_fraction': 0.23133077730832172}]
/home/ryedida/.local/lib/python3.9/site-packages/sklearn/neural_network/_multilayer_perceptron.py:605: UserWarning: Got `batch_size` less than 1 or larger than sample size. It is going to be clipped
  warnings.warn(

function_evaluation time 0.051265 value 18.337047 suggestion {'alpha': 0.0001918887625177266, 'batch_size': 180, 'beta_1': 0.5461319195389639, 'beta_2': 0.9665934335405242, 'epsilon': 1.4309520964198748e-09, 'hidden_layer_sizes': 91, 'learning_rate_init': 4.990136522703845e-05, 'tol': 3.0431294445812598e-05, 'validation_fraction': 0.23133077730832172}
observation time 0.000080, current best 1.185431 at iter 11
suggestion time taken 0.002141 iter 12 next_points [{'alpha': 1.477362772192411, 'batch_size': 193, 'beta_1': 0.6625430588026787, 'beta_2': 0.9124312655453544, 'epsilon': 1.1208217045847232e-07, 'hidden_layer_sizes': 71, 'learning_rate_init': 0.0005191441968287627, 'tol': 0.05692164206086789, 'validation_fraction': 0.7488189136538448}]
/home/ryedida/.local/lib/python3.9/site-packages/sklearn/neural_network/_multilayer_perceptron.py:605: UserWarning: Got `batch_size` less than 1 or larger than sample size. It is going to be clipped
  warnings.warn(

function_evaluation time 0.055601 value 16.740603 suggestion {'alpha': 1.477362772192411, 'batch_size': 193, 'beta_1': 0.6625430588026787, 'beta_2': 0.9124312655453544, 'epsilon': 1.1208217045847232e-07, 'hidden_layer_sizes': 71, 'learning_rate_init': 0.0005191441968287627, 'tol': 0.05692164206086789, 'validation_fraction': 0.7488189136538448}
observation time 0.000072, current best 1.185431 at iter 12
suggestion time taken 0.002166 iter 13 next_points [{'alpha': 0.5567543532619836, 'batch_size': 236, 'beta_1': 0.506474601250314, 'beta_2': 0.905023530815085, 'epsilon': 2.3481940257358984e-07, 'hidden_layer_sizes': 121, 'learning_rate_init': 0.07322120668388656, 'tol': 2.0084317524537248e-05, 'validation_fraction': 0.33962760645475637}]
/home/ryedida/.local/lib/python3.9/site-packages/sklearn/neural_network/_multilayer_perceptron.py:605: UserWarning: Got `batch_size` less than 1 or larger than sample size. It is going to be clipped
  warnings.warn(

function_evaluation time 0.112173 value 2.707986 suggestion {'alpha': 0.5567543532619836, 'batch_size': 236, 'beta_1': 0.506474601250314, 'beta_2': 0.905023530815085, 'epsilon': 2.3481940257358984e-07, 'hidden_layer_sizes': 121, 'learning_rate_init': 0.07322120668388656, 'tol': 2.0084317524537248e-05, 'validation_fraction': 0.33962760645475637}
observation time 0.000074, current best 1.185431 at iter 13
suggestion time taken 0.002376 iter 14 next_points [{'alpha': 0.020925850614741007, 'batch_size': 214, 'beta_1': 0.7718228840370044, 'beta_2': 0.9695943889137509, 'epsilon': 9.628569853511348e-08, 'hidden_layer_sizes': 89, 'learning_rate_init': 0.0027941374843831047, 'tol': 1.4170265646485762e-05, 'validation_fraction': 0.7940200781137946}]
/home/ryedida/.local/lib/python3.9/site-packages/sklearn/neural_network/_multilayer_perceptron.py:605: UserWarning: Got `batch_size` less than 1 or larger than sample size. It is going to be clipped
  warnings.warn(

function_evaluation time 0.129075 value 4.335425 suggestion {'alpha': 0.020925850614741007, 'batch_size': 214, 'beta_1': 0.7718228840370044, 'beta_2': 0.9695943889137509, 'epsilon': 9.628569853511348e-08, 'hidden_layer_sizes': 89, 'learning_rate_init': 0.0027941374843831047, 'tol': 1.4170265646485762e-05, 'validation_fraction': 0.7940200781137946}
observation time 0.000072, current best 1.185431 at iter 14
saving meta data: {'args': {'--uuid': '39b6372a021a5d3cacb0f564dbc211fe', '-db-root': '/home/ryedida/bbo_challenge_starter_kit/output', '--opt-root': '/home/ryedida/bbo_challenge_starter_kit/example_submissions', '--data-root': None, '--db': 'run_20230424_224500', '--opt': 'hyperopt', '--data': 'wine', '--classifier': 'MLP-adam', '--metric': 'nll', '--calls': 15, '--suggestions': 1, '--jobs-file': None, '--verbose': False, 'dry_run': False, 'rev': 'a376313', 'opt_rev': '0.2.7'}, 'signature': ([{'alpha': 0.019628224813442792, 'batch_size': 182, 'beta_1': 0.9410202200271762, 'beta_2': 0.9998021557676793, 'epsilon': 1.8662266976518e-08, 'hidden_layer_sizes': 147, 'learning_rate_init': 0.0005627932047415167, 'tol': 0.03690557729213761, 'validation_fraction': 0.8846827852548593}, {'alpha': 0.0019982467392329444, 'batch_size': 200, 'beta_1': 0.919111482530466, 'beta_2': 0.9998488260436156, 'epsilon': 5.981221901152555e-07, 'hidden_layer_sizes': 61, 'learning_rate_init': 2.2310905607443014e-05, 'tol': 1.2046852412030316e-05, 'validation_fraction': 0.8117896445826539}, {'alpha': 0.46659545670218433, 'batch_size': 219, 'beta_1': 0.9889789783750891, 'beta_2': 0.9999896868093284, 'epsilon': 2.4234724484675948e-08, 'hidden_layer_sizes': 167, 'learning_rate_init': 2.972334644335654e-05, 'tol': 0.0036281404040243792, 'validation_fraction': 0.17260651658522078}, {'alpha': 4.656005689076002, 'batch_size': 135, 'beta_1': 0.870503881627747, 'beta_2': 0.9948873266941017, 'epsilon': 2.1023308743480125e-07, 'hidden_layer_sizes': 118, 'learning_rate_init': 0.0018781738757161913, 'tol': 1.1889379831773004e-05, 'validation_fraction': 0.6264327093752792}, {'alpha': 0.04705159350400542, 'batch_size': 158, 'beta_1': 0.9870884262730957, 'beta_2': 0.9999596874382349, 'epsilon': 1.1981845126013875e-08, 'hidden_layer_sizes': 116, 'learning_rate_init': 0.00617340520407431, 'tol': 1.741413418158619e-05, 'validation_fraction': 0.6754299026638921}], [16.063962273407764, 23.274250254613083, 19.80193088400322, 3.463918210725012, 15.210579700922176])}
saving results
saving timing
saving suggest log
done
