running: {'--uuid': '3c4c2edc31845fc19ec82bce56e2807c', '-db-root': '/home/ryedida/bbo_challenge_starter_kit/output', '--opt-root': '/home/ryedida/bbo_challenge_starter_kit/example_submissions', '--data-root': None, '--db': 'run_20230424_224500', '--opt': 'random-search', '--data': 'wine', '--classifier': 'MLP-adam', '--metric': 'acc', '--calls': 15, '--suggestions': 1, '--jobs-file': None, '--verbose': False, 'dry_run': False, 'rev': 'a376313', 'opt_rev': '0.0.8'}
cmd: python random-search/optimizer.py -c MLP-adam -d wine -o random-search -u 3c4c2edc31845fc19ec82bce56e2807c -m acc -n 15 -p 1 -dir /home/ryedida/bbo_challenge_starter_kit/output -b run_20230424_224500
/home/ryedida/.local/lib/python3.9/site-packages/sklearn/neural_network/_multilayer_perceptron.py:605: UserWarning: Got `batch_size` less than 1 or larger than sample size. It is going to be clipped
  warnings.warn(

/home/ryedida/.local/lib/python3.9/site-packages/sklearn/neural_network/_multilayer_perceptron.py:605: UserWarning: Got `batch_size` less than 1 or larger than sample size. It is going to be clipped
  warnings.warn(

/home/ryedida/.local/lib/python3.9/site-packages/sklearn/neural_network/_multilayer_perceptron.py:605: UserWarning: Got `batch_size` less than 1 or larger than sample size. It is going to be clipped
  warnings.warn(

/home/ryedida/.local/lib/python3.9/site-packages/sklearn/neural_network/_multilayer_perceptron.py:605: UserWarning: Got `batch_size` less than 1 or larger than sample size. It is going to be clipped
  warnings.warn(

/home/ryedida/.local/lib/python3.9/site-packages/sklearn/neural_network/_multilayer_perceptron.py:605: UserWarning: Got `batch_size` less than 1 or larger than sample size. It is going to be clipped
  warnings.warn(

computed signature: ([{'alpha': 0.019628224813442792, 'batch_size': 182, 'beta_1': 0.9410202200271762, 'beta_2': 0.9998021557676793, 'epsilon': 1.8662266976518e-08, 'hidden_layer_sizes': 147, 'learning_rate_init': 0.0005627932047415167, 'tol': 0.03690557729213761, 'validation_fraction': 0.8846827852548593}, {'alpha': 0.0019982467392329444, 'batch_size': 200, 'beta_1': 0.919111482530466, 'beta_2': 0.9998488260436156, 'epsilon': 5.981221901152555e-07, 'hidden_layer_sizes': 61, 'learning_rate_init': 2.2310905607443014e-05, 'tol': 1.2046852412030316e-05, 'validation_fraction': 0.8117896445826539}, {'alpha': 0.46659545670218433, 'batch_size': 219, 'beta_1': 0.9889789783750891, 'beta_2': 0.9999896868093284, 'epsilon': 2.4234724484675948e-08, 'hidden_layer_sizes': 167, 'learning_rate_init': 2.972334644335654e-05, 'tol': 0.0036281404040243792, 'validation_fraction': 0.17260651658522078}, {'alpha': 4.656005689076002, 'batch_size': 135, 'beta_1': 0.870503881627747, 'beta_2': 0.9948873266941017, 'epsilon': 2.1023308743480125e-07, 'hidden_layer_sizes': 118, 'learning_rate_init': 0.0018781738757161913, 'tol': 1.1889379831773004e-05, 'validation_fraction': 0.6264327093752792}, {'alpha': 0.04705159350400542, 'batch_size': 158, 'beta_1': 0.9870884262730957, 'beta_2': 0.9999596874382349, 'epsilon': 1.1981845126013875e-08, 'hidden_layer_sizes': 116, 'learning_rate_init': 0.00617340520407431, 'tol': 1.741413418158619e-05, 'validation_fraction': 0.6754299026638921}], [-0.4359605911330049, -0.3169950738916256, -0.3312807881773399, -0.6620689655172413, -0.5017241379310344])
Signature errors:
                     0    1    2    3    4  max
MLP-adam_wine_acc  0.0  0.0  0.0  0.0  0.0  0.0
max                0.0  0.0  0.0  0.0  0.0  0.0
starting sklearn study random-search MLP-adam wine acc 15 1
with data root: None
suggestion time taken 0.002541 iter 0 next_points [{'alpha': 0.04019701408002514, 'batch_size': 187, 'beta_1': 0.9588036629258764, 'beta_2': 0.9999911737287844, 'epsilon': 6.989791565569254e-08, 'hidden_layer_sizes': 110, 'learning_rate_init': 5.748586436005321e-05, 'tol': 6.42814709638795e-05, 'validation_fraction': 0.7700926407928049}]
/home/ryedida/.local/lib/python3.9/site-packages/sklearn/neural_network/_multilayer_perceptron.py:605: UserWarning: Got `batch_size` less than 1 or larger than sample size. It is going to be clipped
  warnings.warn(

function_evaluation time 0.046881 value -0.394335 suggestion {'alpha': 0.04019701408002514, 'batch_size': 187, 'beta_1': 0.9588036629258764, 'beta_2': 0.9999911737287844, 'epsilon': 6.989791565569254e-08, 'hidden_layer_sizes': 110, 'learning_rate_init': 5.748586436005321e-05, 'tol': 6.42814709638795e-05, 'validation_fraction': 0.7700926407928049}
observation time 0.000007, current best -0.394335 at iter 0
suggestion time taken 0.002459 iter 1 next_points [{'alpha': 0.09171685814861588, 'batch_size': 28, 'beta_1': 0.9557987621432268, 'beta_2': 0.9972809649022554, 'epsilon': 2.5499508673101545e-09, 'hidden_layer_sizes': 99, 'learning_rate_init': 6.106262482066144e-05, 'tol': 0.0002979788915313488, 'validation_fraction': 0.35668642048372295}]
function_evaluation time 0.084404 value -0.416502 suggestion {'alpha': 0.09171685814861588, 'batch_size': 28, 'beta_1': 0.9557987621432268, 'beta_2': 0.9972809649022554, 'epsilon': 2.5499508673101545e-09, 'hidden_layer_sizes': 99, 'learning_rate_init': 6.106262482066144e-05, 'tol': 0.0002979788915313488, 'validation_fraction': 0.35668642048372295}
observation time 0.000005, current best -0.416502 at iter 1
suggestion time taken 0.002502 iter 2 next_points [{'alpha': 0.36143443639068695, 'batch_size': 200, 'beta_1': 0.9427781732813143, 'beta_2': 0.9999914097733443, 'epsilon': 1.524021790838852e-09, 'hidden_layer_sizes': 143, 'learning_rate_init': 0.028726033476487674, 'tol': 1.578136390527932e-05, 'validation_fraction': 0.8779425433833931}]
/home/ryedida/.local/lib/python3.9/site-packages/sklearn/neural_network/_multilayer_perceptron.py:605: UserWarning: Got `batch_size` less than 1 or larger than sample size. It is going to be clipped
  warnings.warn(

function_evaluation time 0.076487 value -0.556158 suggestion {'alpha': 0.36143443639068695, 'batch_size': 200, 'beta_1': 0.9427781732813143, 'beta_2': 0.9999914097733443, 'epsilon': 1.524021790838852e-09, 'hidden_layer_sizes': 143, 'learning_rate_init': 0.028726033476487674, 'tol': 1.578136390527932e-05, 'validation_fraction': 0.8779425433833931}
observation time 0.000004, current best -0.556158 at iter 2
suggestion time taken 0.002500 iter 3 next_points [{'alpha': 0.003029803099146014, 'batch_size': 152, 'beta_1': 0.9887710229328512, 'beta_2': 0.9998247041515929, 'epsilon': 2.3382860940830846e-09, 'hidden_layer_sizes': 196, 'learning_rate_init': 0.00020140038569706995, 'tol': 0.046835933794908725, 'validation_fraction': 0.497282950597116}]
/home/ryedida/.local/lib/python3.9/site-packages/sklearn/neural_network/_multilayer_perceptron.py:605: UserWarning: Got `batch_size` less than 1 or larger than sample size. It is going to be clipped
  warnings.warn(

function_evaluation time 0.065015 value -0.422414 suggestion {'alpha': 0.003029803099146014, 'batch_size': 152, 'beta_1': 0.9887710229328512, 'beta_2': 0.9998247041515929, 'epsilon': 2.3382860940830846e-09, 'hidden_layer_sizes': 196, 'learning_rate_init': 0.00020140038569706995, 'tol': 0.046835933794908725, 'validation_fraction': 0.497282950597116}
observation time 0.000005, current best -0.556158 at iter 3
suggestion time taken 0.002526 iter 4 next_points [{'alpha': 0.00775646996341232, 'batch_size': 157, 'beta_1': 0.6478448901161648, 'beta_2': 0.9843996430914558, 'epsilon': 1.3372868303788803e-07, 'hidden_layer_sizes': 170, 'learning_rate_init': 0.0006387082050757072, 'tol': 0.03680437927673006, 'validation_fraction': 0.8935122732454777}]
/home/ryedida/.local/lib/python3.9/site-packages/sklearn/neural_network/_multilayer_perceptron.py:605: UserWarning: Got `batch_size` less than 1 or larger than sample size. It is going to be clipped
  warnings.warn(

function_evaluation time 0.062984 value -0.458128 suggestion {'alpha': 0.00775646996341232, 'batch_size': 157, 'beta_1': 0.6478448901161648, 'beta_2': 0.9843996430914558, 'epsilon': 1.3372868303788803e-07, 'hidden_layer_sizes': 170, 'learning_rate_init': 0.0006387082050757072, 'tol': 0.03680437927673006, 'validation_fraction': 0.8935122732454777}
observation time 0.000005, current best -0.556158 at iter 4
suggestion time taken 0.002581 iter 5 next_points [{'alpha': 3.6654847280051497, 'batch_size': 12, 'beta_1': 0.9893685568044244, 'beta_2': 0.9999951809387766, 'epsilon': 2.367349829891735e-09, 'hidden_layer_sizes': 72, 'learning_rate_init': 0.05500750925624656, 'tol': 0.001025194578582248, 'validation_fraction': 0.8269682939033788}]
function_evaluation time 0.097346 value -0.612562 suggestion {'alpha': 3.6654847280051497, 'batch_size': 12, 'beta_1': 0.9893685568044244, 'beta_2': 0.9999951809387766, 'epsilon': 2.367349829891735e-09, 'hidden_layer_sizes': 72, 'learning_rate_init': 0.05500750925624656, 'tol': 0.001025194578582248, 'validation_fraction': 0.8269682939033788}
observation time 0.000004, current best -0.612562 at iter 5
suggestion time taken 0.002779 iter 6 next_points [{'alpha': 4.238064478160539e-05, 'batch_size': 162, 'beta_1': 0.5458500072708188, 'beta_2': 0.9999321097516195, 'epsilon': 3.0898190045748573e-09, 'hidden_layer_sizes': 199, 'learning_rate_init': 2.1086729244510855e-05, 'tol': 0.09395007929269379, 'validation_fraction': 0.5972131440193351}]
/home/ryedida/.local/lib/python3.9/site-packages/sklearn/neural_network/_multilayer_perceptron.py:605: UserWarning: Got `batch_size` less than 1 or larger than sample size. It is going to be clipped
  warnings.warn(

function_evaluation time 0.051717 value -0.338424 suggestion {'alpha': 4.238064478160539e-05, 'batch_size': 162, 'beta_1': 0.5458500072708188, 'beta_2': 0.9999321097516195, 'epsilon': 3.0898190045748573e-09, 'hidden_layer_sizes': 199, 'learning_rate_init': 2.1086729244510855e-05, 'tol': 0.09395007929269379, 'validation_fraction': 0.5972131440193351}
observation time 0.000004, current best -0.612562 at iter 6
suggestion time taken 0.002506 iter 7 next_points [{'alpha': 0.0017609660474142102, 'batch_size': 34, 'beta_1': 0.9137777410631976, 'beta_2': 0.9999961567030876, 'epsilon': 4.433171938753892e-09, 'hidden_layer_sizes': 62, 'learning_rate_init': 4.5557682365046857e-05, 'tol': 0.0820280896728564, 'validation_fraction': 0.7439695969660907}]
function_evaluation time 0.043170 value -0.331281 suggestion {'alpha': 0.0017609660474142102, 'batch_size': 34, 'beta_1': 0.9137777410631976, 'beta_2': 0.9999961567030876, 'epsilon': 4.433171938753892e-09, 'hidden_layer_sizes': 62, 'learning_rate_init': 4.5557682365046857e-05, 'tol': 0.0820280896728564, 'validation_fraction': 0.7439695969660907}
observation time 0.000005, current best -0.612562 at iter 7
suggestion time taken 0.002487 iter 8 next_points [{'alpha': 0.9013081011247562, 'batch_size': 142, 'beta_1': 0.9267211876874797, 'beta_2': 0.9999952238734999, 'epsilon': 1.3467727189975081e-08, 'hidden_layer_sizes': 79, 'learning_rate_init': 0.0023729063506428357, 'tol': 0.055526372848385575, 'validation_fraction': 0.23881808348432}]
/home/ryedida/.local/lib/python3.9/site-packages/sklearn/neural_network/_multilayer_perceptron.py:605: UserWarning: Got `batch_size` less than 1 or larger than sample size. It is going to be clipped
  warnings.warn(

function_evaluation time 0.059947 value -0.549261 suggestion {'alpha': 0.9013081011247562, 'batch_size': 142, 'beta_1': 0.9267211876874797, 'beta_2': 0.9999952238734999, 'epsilon': 1.3467727189975081e-08, 'hidden_layer_sizes': 79, 'learning_rate_init': 0.0023729063506428357, 'tol': 0.055526372848385575, 'validation_fraction': 0.23881808348432}
observation time 0.000007, current best -0.612562 at iter 8
suggestion time taken 0.002529 iter 9 next_points [{'alpha': 0.04305939996910194, 'batch_size': 197, 'beta_1': 0.9855933806277911, 'beta_2': 0.9997482314075924, 'epsilon': 6.716174501844139e-09, 'hidden_layer_sizes': 185, 'learning_rate_init': 0.0003015454786325265, 'tol': 0.002886155217828353, 'validation_fraction': 0.734962726639165}]
/home/ryedida/.local/lib/python3.9/site-packages/sklearn/neural_network/_multilayer_perceptron.py:605: UserWarning: Got `batch_size` less than 1 or larger than sample size. It is going to be clipped
  warnings.warn(

function_evaluation time 0.054531 value -0.352463 suggestion {'alpha': 0.04305939996910194, 'batch_size': 197, 'beta_1': 0.9855933806277911, 'beta_2': 0.9997482314075924, 'epsilon': 6.716174501844139e-09, 'hidden_layer_sizes': 185, 'learning_rate_init': 0.0003015454786325265, 'tol': 0.002886155217828353, 'validation_fraction': 0.734962726639165}
observation time 0.000004, current best -0.612562 at iter 9
suggestion time taken 0.002483 iter 10 next_points [{'alpha': 2.4498643863482185e-05, 'batch_size': 184, 'beta_1': 0.9478752588113536, 'beta_2': 0.9997609752847753, 'epsilon': 3.3256146519232945e-07, 'hidden_layer_sizes': 65, 'learning_rate_init': 3.6875617783143925e-05, 'tol': 0.0015063986022495167, 'validation_fraction': 0.596016691056723}]
/home/ryedida/.local/lib/python3.9/site-packages/sklearn/neural_network/_multilayer_perceptron.py:605: UserWarning: Got `batch_size` less than 1 or larger than sample size. It is going to be clipped
  warnings.warn(

function_evaluation time 0.041814 value -0.323645 suggestion {'alpha': 2.4498643863482185e-05, 'batch_size': 184, 'beta_1': 0.9478752588113536, 'beta_2': 0.9997609752847753, 'epsilon': 3.3256146519232945e-07, 'hidden_layer_sizes': 65, 'learning_rate_init': 3.6875617783143925e-05, 'tol': 0.0015063986022495167, 'validation_fraction': 0.596016691056723}
observation time 0.000004, current best -0.612562 at iter 10
suggestion time taken 0.002860 iter 11 next_points [{'alpha': 0.7542389619591428, 'batch_size': 188, 'beta_1': 0.975290075013569, 'beta_2': 0.9987632530459559, 'epsilon': 7.911479635290148e-07, 'hidden_layer_sizes': 175, 'learning_rate_init': 0.011749478442581259, 'tol': 0.000515137380078754, 'validation_fraction': 0.7741138413522088}]
/home/ryedida/.local/lib/python3.9/site-packages/sklearn/neural_network/_multilayer_perceptron.py:605: UserWarning: Got `batch_size` less than 1 or larger than sample size. It is going to be clipped
  warnings.warn(

function_evaluation time 0.107382 value -0.668719 suggestion {'alpha': 0.7542389619591428, 'batch_size': 188, 'beta_1': 0.975290075013569, 'beta_2': 0.9987632530459559, 'epsilon': 7.911479635290148e-07, 'hidden_layer_sizes': 175, 'learning_rate_init': 0.011749478442581259, 'tol': 0.000515137380078754, 'validation_fraction': 0.7741138413522088}
observation time 0.000005, current best -0.668719 at iter 11
suggestion time taken 0.002496 iter 12 next_points [{'alpha': 0.0035807543544963496, 'batch_size': 166, 'beta_1': 0.7075690616538635, 'beta_2': 0.999702892805775, 'epsilon': 1.4069412038813592e-07, 'hidden_layer_sizes': 53, 'learning_rate_init': 2.3038276225339455e-05, 'tol': 0.03787078695633248, 'validation_fraction': 0.4354016952341493}]
/home/ryedida/.local/lib/python3.9/site-packages/sklearn/neural_network/_multilayer_perceptron.py:605: UserWarning: Got `batch_size` less than 1 or larger than sample size. It is going to be clipped
  warnings.warn(

function_evaluation time 0.041154 value -0.366502 suggestion {'alpha': 0.0035807543544963496, 'batch_size': 166, 'beta_1': 0.7075690616538635, 'beta_2': 0.999702892805775, 'epsilon': 1.4069412038813592e-07, 'hidden_layer_sizes': 53, 'learning_rate_init': 2.3038276225339455e-05, 'tol': 0.03787078695633248, 'validation_fraction': 0.4354016952341493}
observation time 0.000005, current best -0.668719 at iter 12
suggestion time taken 0.002440 iter 13 next_points [{'alpha': 1.8207766936508771, 'batch_size': 99, 'beta_1': 0.7064352666828285, 'beta_2': 0.9999682186179867, 'epsilon': 1.1989917388591735e-08, 'hidden_layer_sizes': 148, 'learning_rate_init': 0.0013384038063348547, 'tol': 0.007174609840926398, 'validation_fraction': 0.30260071924393783}]
function_evaluation time 0.100455 value -0.520690 suggestion {'alpha': 1.8207766936508771, 'batch_size': 99, 'beta_1': 0.7064352666828285, 'beta_2': 0.9999682186179867, 'epsilon': 1.1989917388591735e-08, 'hidden_layer_sizes': 148, 'learning_rate_init': 0.0013384038063348547, 'tol': 0.007174609840926398, 'validation_fraction': 0.30260071924393783}
observation time 0.000005, current best -0.668719 at iter 13
suggestion time taken 0.002487 iter 14 next_points [{'alpha': 1.7113773378032044, 'batch_size': 137, 'beta_1': 0.731947972710829, 'beta_2': 0.9012413207229034, 'epsilon': 3.828934655949938e-08, 'hidden_layer_sizes': 128, 'learning_rate_init': 2.3524446908535353e-05, 'tol': 0.0005189629305579463, 'validation_fraction': 0.8847076779078931}]
/home/ryedida/.local/lib/python3.9/site-packages/sklearn/neural_network/_multilayer_perceptron.py:605: UserWarning: Got `batch_size` less than 1 or larger than sample size. It is going to be clipped
  warnings.warn(

function_evaluation time 0.057236 value -0.386700 suggestion {'alpha': 1.7113773378032044, 'batch_size': 137, 'beta_1': 0.731947972710829, 'beta_2': 0.9012413207229034, 'epsilon': 3.828934655949938e-08, 'hidden_layer_sizes': 128, 'learning_rate_init': 2.3524446908535353e-05, 'tol': 0.0005189629305579463, 'validation_fraction': 0.8847076779078931}
observation time 0.000004, current best -0.668719 at iter 14
saving meta data: {'args': {'--uuid': '3c4c2edc31845fc19ec82bce56e2807c', '-db-root': '/home/ryedida/bbo_challenge_starter_kit/output', '--opt-root': '/home/ryedida/bbo_challenge_starter_kit/example_submissions', '--data-root': None, '--db': 'run_20230424_224500', '--opt': 'random-search', '--data': 'wine', '--classifier': 'MLP-adam', '--metric': 'acc', '--calls': 15, '--suggestions': 1, '--jobs-file': None, '--verbose': False, 'dry_run': False, 'rev': 'a376313', 'opt_rev': '0.0.8'}, 'signature': ([{'alpha': 0.019628224813442792, 'batch_size': 182, 'beta_1': 0.9410202200271762, 'beta_2': 0.9998021557676793, 'epsilon': 1.8662266976518e-08, 'hidden_layer_sizes': 147, 'learning_rate_init': 0.0005627932047415167, 'tol': 0.03690557729213761, 'validation_fraction': 0.8846827852548593}, {'alpha': 0.0019982467392329444, 'batch_size': 200, 'beta_1': 0.919111482530466, 'beta_2': 0.9998488260436156, 'epsilon': 5.981221901152555e-07, 'hidden_layer_sizes': 61, 'learning_rate_init': 2.2310905607443014e-05, 'tol': 1.2046852412030316e-05, 'validation_fraction': 0.8117896445826539}, {'alpha': 0.46659545670218433, 'batch_size': 219, 'beta_1': 0.9889789783750891, 'beta_2': 0.9999896868093284, 'epsilon': 2.4234724484675948e-08, 'hidden_layer_sizes': 167, 'learning_rate_init': 2.972334644335654e-05, 'tol': 0.0036281404040243792, 'validation_fraction': 0.17260651658522078}, {'alpha': 4.656005689076002, 'batch_size': 135, 'beta_1': 0.870503881627747, 'beta_2': 0.9948873266941017, 'epsilon': 2.1023308743480125e-07, 'hidden_layer_sizes': 118, 'learning_rate_init': 0.0018781738757161913, 'tol': 1.1889379831773004e-05, 'validation_fraction': 0.6264327093752792}, {'alpha': 0.04705159350400542, 'batch_size': 158, 'beta_1': 0.9870884262730957, 'beta_2': 0.9999596874382349, 'epsilon': 1.1981845126013875e-08, 'hidden_layer_sizes': 116, 'learning_rate_init': 0.00617340520407431, 'tol': 1.741413418158619e-05, 'validation_fraction': 0.6754299026638921}], [-0.4359605911330049, -0.3169950738916256, -0.3312807881773399, -0.6620689655172413, -0.5017241379310344])}
saving results
saving timing
saving suggest log
done
