running: {'--uuid': '44b923e111a8595a8efa1d56767b7582', '-db-root': '/home/ryedida/bbo_challenge_starter_kit/output', '--opt-root': '/home/ryedida/bbo_challenge_starter_kit/example_submissions', '--data-root': None, '--db': 'run_20230424_224500', '--opt': 'smoothness', '--data': 'wine', '--classifier': 'MLP-adam', '--metric': 'acc', '--calls': 15, '--suggestions': 1, '--jobs-file': None, '--verbose': False, 'dry_run': False, 'rev': 'a376313', 'opt_rev': 'x.x.x'}
cmd: python smoothness/optimizer.py -c MLP-adam -d wine -o smoothness -u 44b923e111a8595a8efa1d56767b7582 -m acc -n 15 -p 1 -dir /home/ryedida/bbo_challenge_starter_kit/output -b run_20230424_224500
/home/ryedida/.local/lib/python3.9/site-packages/sklearn/neural_network/_multilayer_perceptron.py:605: UserWarning: Got `batch_size` less than 1 or larger than sample size. It is going to be clipped
  warnings.warn(

/home/ryedida/.local/lib/python3.9/site-packages/sklearn/neural_network/_multilayer_perceptron.py:605: UserWarning: Got `batch_size` less than 1 or larger than sample size. It is going to be clipped
  warnings.warn(

/home/ryedida/.local/lib/python3.9/site-packages/sklearn/neural_network/_multilayer_perceptron.py:605: UserWarning: Got `batch_size` less than 1 or larger than sample size. It is going to be clipped
  warnings.warn(

/home/ryedida/.local/lib/python3.9/site-packages/sklearn/neural_network/_multilayer_perceptron.py:605: UserWarning: Got `batch_size` less than 1 or larger than sample size. It is going to be clipped
  warnings.warn(

/home/ryedida/.local/lib/python3.9/site-packages/sklearn/neural_network/_multilayer_perceptron.py:605: UserWarning: Got `batch_size` less than 1 or larger than sample size. It is going to be clipped
  warnings.warn(

computed signature: ([{'alpha': 0.019628224813442792, 'batch_size': 182, 'beta_1': 0.9410202200271762, 'beta_2': 0.9998021557676793, 'epsilon': 1.8662266976518e-08, 'hidden_layer_sizes': 147, 'learning_rate_init': 0.0005627932047415167, 'tol': 0.03690557729213761, 'validation_fraction': 0.8846827852548593}, {'alpha': 0.0019982467392329444, 'batch_size': 200, 'beta_1': 0.919111482530466, 'beta_2': 0.9998488260436156, 'epsilon': 5.981221901152555e-07, 'hidden_layer_sizes': 61, 'learning_rate_init': 2.2310905607443014e-05, 'tol': 1.2046852412030316e-05, 'validation_fraction': 0.8117896445826539}, {'alpha': 0.46659545670218433, 'batch_size': 219, 'beta_1': 0.9889789783750891, 'beta_2': 0.9999896868093284, 'epsilon': 2.4234724484675948e-08, 'hidden_layer_sizes': 167, 'learning_rate_init': 2.972334644335654e-05, 'tol': 0.0036281404040243792, 'validation_fraction': 0.17260651658522078}, {'alpha': 4.656005689076002, 'batch_size': 135, 'beta_1': 0.870503881627747, 'beta_2': 0.9948873266941017, 'epsilon': 2.1023308743480125e-07, 'hidden_layer_sizes': 118, 'learning_rate_init': 0.0018781738757161913, 'tol': 1.1889379831773004e-05, 'validation_fraction': 0.6264327093752792}, {'alpha': 0.04705159350400542, 'batch_size': 158, 'beta_1': 0.9870884262730957, 'beta_2': 0.9999596874382349, 'epsilon': 1.1981845126013875e-08, 'hidden_layer_sizes': 116, 'learning_rate_init': 0.00617340520407431, 'tol': 1.741413418158619e-05, 'validation_fraction': 0.6754299026638921}], [-0.4359605911330049, -0.3169950738916256, -0.3312807881773399, -0.6620689655172413, -0.5017241379310344])
Signature errors:
                     0    1    2    3    4  max
MLP-adam_wine_acc  0.0  0.0  0.0  0.0  0.0  0.0
max                0.0  0.0  0.0  0.0  0.0  0.0
starting sklearn study smoothness MLP-adam wine acc 15 1
with data root: None
suggestion time taken 10.877212 iter 0 next_points [{'alpha': 1.715111372935695, 'batch_size': 14, 'beta_1': 0.9349361786052574, 'beta_2': 0.9915732925206656, 'epsilon': 4.6699439452241147e-07, 'hidden_layer_sizes': 137, 'learning_rate_init': 0.004482409786732539, 'tol': 0.00012208583594155038, 'validation_fraction': 0.7169725746324959}]
function_evaluation time 0.190567 value -0.740640 suggestion {'alpha': 1.715111372935695, 'batch_size': 14, 'beta_1': 0.9349361786052574, 'beta_2': 0.9915732925206656, 'epsilon': 4.6699439452241147e-07, 'hidden_layer_sizes': 137, 'learning_rate_init': 0.004482409786732539, 'tol': 0.00012208583594155038, 'validation_fraction': 0.7169725746324959}
observation time 0.000007, current best -0.740640 at iter 0
suggestion time taken 10.983144 iter 1 next_points [{'alpha': 7.020087666464188e-05, 'batch_size': 16, 'beta_1': 0.8579673908860307, 'beta_2': 0.9947571084803054, 'epsilon': 3.477129233654719e-07, 'hidden_layer_sizes': 120, 'learning_rate_init': 2.259005949344274e-05, 'tol': 0.0002850474009195863, 'validation_fraction': 0.3265321180501973}]
function_evaluation time 0.134504 value -0.414778 suggestion {'alpha': 7.020087666464188e-05, 'batch_size': 16, 'beta_1': 0.8579673908860307, 'beta_2': 0.9947571084803054, 'epsilon': 3.477129233654719e-07, 'hidden_layer_sizes': 120, 'learning_rate_init': 2.259005949344274e-05, 'tol': 0.0002850474009195863, 'validation_fraction': 0.3265321180501973}
observation time 0.000007, current best -0.740640 at iter 1
suggestion time taken 10.639319 iter 2 next_points [{'alpha': 0.002883577476558059, 'batch_size': 15, 'beta_1': 0.9730065155184787, 'beta_2': 0.9999831599067078, 'epsilon': 1.3987965712754637e-08, 'hidden_layer_sizes': 167, 'learning_rate_init': 0.08952155099106826, 'tol': 0.0026592514679835365, 'validation_fraction': 0.7568957360704465}]
function_evaluation time 0.099375 value -0.570443 suggestion {'alpha': 0.002883577476558059, 'batch_size': 15, 'beta_1': 0.9730065155184787, 'beta_2': 0.9999831599067078, 'epsilon': 1.3987965712754637e-08, 'hidden_layer_sizes': 167, 'learning_rate_init': 0.08952155099106826, 'tol': 0.0026592514679835365, 'validation_fraction': 0.7568957360704465}
observation time 0.000006, current best -0.740640 at iter 2
suggestion time taken 11.071783 iter 3 next_points [{'alpha': 0.22721654947968326, 'batch_size': 41, 'beta_1': 0.9764466185688427, 'beta_2': 0.9999846677013039, 'epsilon': 6.413168182103954e-07, 'hidden_layer_sizes': 186, 'learning_rate_init': 0.0002325810213702078, 'tol': 1.0464621244760174e-05, 'validation_fraction': 0.7978809751717353}]
/home/ryedida/.local/lib/python3.9/site-packages/sklearn/neural_network/_multilayer_perceptron.py:605: UserWarning: Got `batch_size` less than 1 or larger than sample size. It is going to be clipped
  warnings.warn(

function_evaluation time 0.071058 value -0.352217 suggestion {'alpha': 0.22721654947968326, 'batch_size': 41, 'beta_1': 0.9764466185688427, 'beta_2': 0.9999846677013039, 'epsilon': 6.413168182103954e-07, 'hidden_layer_sizes': 186, 'learning_rate_init': 0.0002325810213702078, 'tol': 1.0464621244760174e-05, 'validation_fraction': 0.7978809751717353}
observation time 0.000005, current best -0.740640 at iter 3
suggestion time taken 10.758084 iter 4 next_points [{'alpha': 3.2511656334746874e-05, 'batch_size': 10, 'beta_1': 0.6949172032593331, 'beta_2': 0.9802748701829136, 'epsilon': 2.036349425931324e-09, 'hidden_layer_sizes': 76, 'learning_rate_init': 0.00844881952304902, 'tol': 0.00021655038144305632, 'validation_fraction': 0.1456244860495901}]
function_evaluation time 0.219376 value -0.844581 suggestion {'alpha': 3.2511656334746874e-05, 'batch_size': 10, 'beta_1': 0.6949172032593331, 'beta_2': 0.9802748701829136, 'epsilon': 2.036349425931324e-09, 'hidden_layer_sizes': 76, 'learning_rate_init': 0.00844881952304902, 'tol': 0.00021655038144305632, 'validation_fraction': 0.1456244860495901}
observation time 0.000005, current best -0.844581 at iter 4
suggestion time taken 10.683707 iter 5 next_points [{'alpha': 0.004140712175481963, 'batch_size': 24, 'beta_1': 0.8978234140175992, 'beta_2': 0.9994938058598565, 'epsilon': 2.838411078035488e-08, 'hidden_layer_sizes': 114, 'learning_rate_init': 0.00033729282504766126, 'tol': 7.057752748636059e-05, 'validation_fraction': 0.5015226982049135}]
function_evaluation time 0.142959 value -0.501724 suggestion {'alpha': 0.004140712175481963, 'batch_size': 24, 'beta_1': 0.8978234140175992, 'beta_2': 0.9994938058598565, 'epsilon': 2.838411078035488e-08, 'hidden_layer_sizes': 114, 'learning_rate_init': 0.00033729282504766126, 'tol': 7.057752748636059e-05, 'validation_fraction': 0.5015226982049135}
observation time 0.000006, current best -0.844581 at iter 5
suggestion time taken 11.051259 iter 6 next_points [{'alpha': 0.00039882660454920694, 'batch_size': 49, 'beta_1': 0.9885271916070762, 'beta_2': 0.9999915604874486, 'epsilon': 6.36719228838032e-08, 'hidden_layer_sizes': 64, 'learning_rate_init': 1.394727382934063e-05, 'tol': 0.00014794896173767194, 'validation_fraction': 0.12569525249920419}]
function_evaluation time 0.061113 value -0.331281 suggestion {'alpha': 0.00039882660454920694, 'batch_size': 49, 'beta_1': 0.9885271916070762, 'beta_2': 0.9999915604874486, 'epsilon': 6.36719228838032e-08, 'hidden_layer_sizes': 64, 'learning_rate_init': 1.394727382934063e-05, 'tol': 0.00014794896173767194, 'validation_fraction': 0.12569525249920419}
observation time 0.000005, current best -0.844581 at iter 6
suggestion time taken 10.801909 iter 7 next_points [{'alpha': 0.003007613169405129, 'batch_size': 21, 'beta_1': 0.9872811534257501, 'beta_2': 0.9871808371504577, 'epsilon': 4.6457692537128415e-09, 'hidden_layer_sizes': 77, 'learning_rate_init': 0.0007090693302797581, 'tol': 0.0629446735912955, 'validation_fraction': 0.4691620691263597}]
function_evaluation time 0.076452 value -0.542611 suggestion {'alpha': 0.003007613169405129, 'batch_size': 21, 'beta_1': 0.9872811534257501, 'beta_2': 0.9871808371504577, 'epsilon': 4.6457692537128415e-09, 'hidden_layer_sizes': 77, 'learning_rate_init': 0.0007090693302797581, 'tol': 0.0629446735912955, 'validation_fraction': 0.4691620691263597}
observation time 0.000006, current best -0.844581 at iter 7
suggestion time taken 10.726956 iter 8 next_points [{'alpha': 0.0005050474248655167, 'batch_size': 12, 'beta_1': 0.8091076779414745, 'beta_2': 0.999975941778327, 'epsilon': 1.493137602556439e-07, 'hidden_layer_sizes': 161, 'learning_rate_init': 0.00011363122455345524, 'tol': 0.011332822235113563, 'validation_fraction': 0.5088302789871075}]
function_evaluation time 0.168598 value -0.593350 suggestion {'alpha': 0.0005050474248655167, 'batch_size': 12, 'beta_1': 0.8091076779414745, 'beta_2': 0.999975941778327, 'epsilon': 1.493137602556439e-07, 'hidden_layer_sizes': 161, 'learning_rate_init': 0.00011363122455345524, 'tol': 0.011332822235113563, 'validation_fraction': 0.5088302789871075}
observation time 0.000004, current best -0.844581 at iter 8
suggestion time taken 10.984189 iter 9 next_points [{'alpha': 2.525621645465248e-05, 'batch_size': 21, 'beta_1': 0.6379797487645053, 'beta_2': 0.9999856458106032, 'epsilon': 5.184536105569425e-07, 'hidden_layer_sizes': 118, 'learning_rate_init': 0.016623582138298315, 'tol': 0.0002611483570323257, 'validation_fraction': 0.8555655372317089}]
/home/ryedida/.local/lib/python3.9/site-packages/sklearn/neural_network/_multilayer_perceptron.py:605: UserWarning: Got `batch_size` less than 1 or larger than sample size. It is going to be clipped
  warnings.warn(

function_evaluation time 0.097066 value -0.583498 suggestion {'alpha': 2.525621645465248e-05, 'batch_size': 21, 'beta_1': 0.6379797487645053, 'beta_2': 0.9999856458106032, 'epsilon': 5.184536105569425e-07, 'hidden_layer_sizes': 118, 'learning_rate_init': 0.016623582138298315, 'tol': 0.0002611483570323257, 'validation_fraction': 0.8555655372317089}
observation time 0.000005, current best -0.844581 at iter 9
suggestion time taken 10.780866 iter 10 next_points [{'alpha': 5.868554559019269e-05, 'batch_size': 20, 'beta_1': 0.9190424247048381, 'beta_2': 0.9610187931705745, 'epsilon': 8.004040325687231e-07, 'hidden_layer_sizes': 73, 'learning_rate_init': 0.08740040024087788, 'tol': 4.8285597573614096e-05, 'validation_fraction': 0.8949097628744194}]
/home/ryedida/.local/lib/python3.9/site-packages/sklearn/neural_network/_multilayer_perceptron.py:605: UserWarning: Got `batch_size` less than 1 or larger than sample size. It is going to be clipped
  warnings.warn(

function_evaluation time 0.055407 value -0.471921 suggestion {'alpha': 5.868554559019269e-05, 'batch_size': 20, 'beta_1': 0.9190424247048381, 'beta_2': 0.9610187931705745, 'epsilon': 8.004040325687231e-07, 'hidden_layer_sizes': 73, 'learning_rate_init': 0.08740040024087788, 'tol': 4.8285597573614096e-05, 'validation_fraction': 0.8949097628744194}
observation time 0.000008, current best -0.844581 at iter 10
suggestion time taken 10.771600 iter 11 next_points [{'alpha': 8.156800136305163e-05, 'batch_size': 35, 'beta_1': 0.9825786134444916, 'beta_2': 0.9993718885434284, 'epsilon': 8.751766585951547e-07, 'hidden_layer_sizes': 74, 'learning_rate_init': 0.0001845927094698234, 'tol': 0.006743864061065671, 'validation_fraction': 0.883910223479825}]
/home/ryedida/.local/lib/python3.9/site-packages/sklearn/neural_network/_multilayer_perceptron.py:605: UserWarning: Got `batch_size` less than 1 or larger than sample size. It is going to be clipped
  warnings.warn(

function_evaluation time 0.051154 value -0.379803 suggestion {'alpha': 8.156800136305163e-05, 'batch_size': 35, 'beta_1': 0.9825786134444916, 'beta_2': 0.9993718885434284, 'epsilon': 8.751766585951547e-07, 'hidden_layer_sizes': 74, 'learning_rate_init': 0.0001845927094698234, 'tol': 0.006743864061065671, 'validation_fraction': 0.883910223479825}
observation time 0.000006, current best -0.844581 at iter 11
suggestion time taken 10.758700 iter 12 next_points [{'alpha': 0.0032030654050098674, 'batch_size': 11, 'beta_1': 0.9000503227064139, 'beta_2': 0.9860102490114409, 'epsilon': 4.002063647830659e-07, 'hidden_layer_sizes': 134, 'learning_rate_init': 0.0028179061913968, 'tol': 0.023062132491783467, 'validation_fraction': 0.2269339628352487}]
function_evaluation time 0.224475 value -0.851724 suggestion {'alpha': 0.0032030654050098674, 'batch_size': 11, 'beta_1': 0.9000503227064139, 'beta_2': 0.9860102490114409, 'epsilon': 4.002063647830659e-07, 'hidden_layer_sizes': 134, 'learning_rate_init': 0.0028179061913968, 'tol': 0.023062132491783467, 'validation_fraction': 0.2269339628352487}
observation time 0.000005, current best -0.851724 at iter 12
suggestion time taken 11.051803 iter 13 next_points [{'alpha': 0.005144315403444581, 'batch_size': 11, 'beta_1': 0.9784844961978246, 'beta_2': 0.9909998771031385, 'epsilon': 1.1665958802668108e-09, 'hidden_layer_sizes': 57, 'learning_rate_init': 1.033617036695183e-05, 'tol': 0.00013483582223499722, 'validation_fraction': 0.24404305991925618}]
function_evaluation time 0.111768 value -0.330788 suggestion {'alpha': 0.005144315403444581, 'batch_size': 11, 'beta_1': 0.9784844961978246, 'beta_2': 0.9909998771031385, 'epsilon': 1.1665958802668108e-09, 'hidden_layer_sizes': 57, 'learning_rate_init': 1.033617036695183e-05, 'tol': 0.00013483582223499722, 'validation_fraction': 0.24404305991925618}
observation time 0.000005, current best -0.851724 at iter 13
suggestion time taken 10.737419 iter 14 next_points [{'alpha': 0.07080577496472398, 'batch_size': 23, 'beta_1': 0.8623921219902426, 'beta_2': 0.9989566628435562, 'epsilon': 1.1604814917321358e-07, 'hidden_layer_sizes': 172, 'learning_rate_init': 0.0006367774234077068, 'tol': 0.059761494462050924, 'validation_fraction': 0.15300970271439096}]
function_evaluation time 0.175191 value -0.761823 suggestion {'alpha': 0.07080577496472398, 'batch_size': 23, 'beta_1': 0.8623921219902426, 'beta_2': 0.9989566628435562, 'epsilon': 1.1604814917321358e-07, 'hidden_layer_sizes': 172, 'learning_rate_init': 0.0006367774234077068, 'tol': 0.059761494462050924, 'validation_fraction': 0.15300970271439096}
observation time 0.000005, current best -0.851724 at iter 14
saving meta data: {'args': {'--uuid': '44b923e111a8595a8efa1d56767b7582', '-db-root': '/home/ryedida/bbo_challenge_starter_kit/output', '--opt-root': '/home/ryedida/bbo_challenge_starter_kit/example_submissions', '--data-root': None, '--db': 'run_20230424_224500', '--opt': 'smoothness', '--data': 'wine', '--classifier': 'MLP-adam', '--metric': 'acc', '--calls': 15, '--suggestions': 1, '--jobs-file': None, '--verbose': False, 'dry_run': False, 'rev': 'a376313', 'opt_rev': 'x.x.x'}, 'signature': ([{'alpha': 0.019628224813442792, 'batch_size': 182, 'beta_1': 0.9410202200271762, 'beta_2': 0.9998021557676793, 'epsilon': 1.8662266976518e-08, 'hidden_layer_sizes': 147, 'learning_rate_init': 0.0005627932047415167, 'tol': 0.03690557729213761, 'validation_fraction': 0.8846827852548593}, {'alpha': 0.0019982467392329444, 'batch_size': 200, 'beta_1': 0.919111482530466, 'beta_2': 0.9998488260436156, 'epsilon': 5.981221901152555e-07, 'hidden_layer_sizes': 61, 'learning_rate_init': 2.2310905607443014e-05, 'tol': 1.2046852412030316e-05, 'validation_fraction': 0.8117896445826539}, {'alpha': 0.46659545670218433, 'batch_size': 219, 'beta_1': 0.9889789783750891, 'beta_2': 0.9999896868093284, 'epsilon': 2.4234724484675948e-08, 'hidden_layer_sizes': 167, 'learning_rate_init': 2.972334644335654e-05, 'tol': 0.0036281404040243792, 'validation_fraction': 0.17260651658522078}, {'alpha': 4.656005689076002, 'batch_size': 135, 'beta_1': 0.870503881627747, 'beta_2': 0.9948873266941017, 'epsilon': 2.1023308743480125e-07, 'hidden_layer_sizes': 118, 'learning_rate_init': 0.0018781738757161913, 'tol': 1.1889379831773004e-05, 'validation_fraction': 0.6264327093752792}, {'alpha': 0.04705159350400542, 'batch_size': 158, 'beta_1': 0.9870884262730957, 'beta_2': 0.9999596874382349, 'epsilon': 1.1981845126013875e-08, 'hidden_layer_sizes': 116, 'learning_rate_init': 0.00617340520407431, 'tol': 1.741413418158619e-05, 'validation_fraction': 0.6754299026638921}], [-0.4359605911330049, -0.3169950738916256, -0.3312807881773399, -0.6620689655172413, -0.5017241379310344])}
saving results
saving timing
saving suggest log
done
