running: {'--uuid': '48a41ce101ca572aa3de326baf188400', '-db-root': '/home/ryedida/bbo_challenge_starter_kit/output', '--opt-root': '/home/ryedida/bbo_challenge_starter_kit/example_submissions', '--data-root': None, '--db': 'run_20230424_224500', '--opt': 'smoothness', '--data': 'wine', '--classifier': 'MLP-adam', '--metric': 'nll', '--calls': 15, '--suggestions': 1, '--jobs-file': None, '--verbose': False, 'dry_run': False, 'rev': 'a376313', 'opt_rev': 'x.x.x'}
cmd: python smoothness/optimizer.py -c MLP-adam -d wine -o smoothness -u 48a41ce101ca572aa3de326baf188400 -m nll -n 15 -p 1 -dir /home/ryedida/bbo_challenge_starter_kit/output -b run_20230424_224500
/home/ryedida/.local/lib/python3.9/site-packages/sklearn/neural_network/_multilayer_perceptron.py:605: UserWarning: Got `batch_size` less than 1 or larger than sample size. It is going to be clipped
  warnings.warn(

/home/ryedida/.local/lib/python3.9/site-packages/sklearn/neural_network/_multilayer_perceptron.py:605: UserWarning: Got `batch_size` less than 1 or larger than sample size. It is going to be clipped
  warnings.warn(

/home/ryedida/.local/lib/python3.9/site-packages/sklearn/neural_network/_multilayer_perceptron.py:605: UserWarning: Got `batch_size` less than 1 or larger than sample size. It is going to be clipped
  warnings.warn(

/home/ryedida/.local/lib/python3.9/site-packages/sklearn/neural_network/_multilayer_perceptron.py:605: UserWarning: Got `batch_size` less than 1 or larger than sample size. It is going to be clipped
  warnings.warn(

/home/ryedida/.local/lib/python3.9/site-packages/sklearn/neural_network/_multilayer_perceptron.py:605: UserWarning: Got `batch_size` less than 1 or larger than sample size. It is going to be clipped
  warnings.warn(

computed signature: ([{'alpha': 0.019628224813442792, 'batch_size': 182, 'beta_1': 0.9410202200271762, 'beta_2': 0.9998021557676793, 'epsilon': 1.8662266976518e-08, 'hidden_layer_sizes': 147, 'learning_rate_init': 0.0005627932047415167, 'tol': 0.03690557729213761, 'validation_fraction': 0.8846827852548593}, {'alpha': 0.0019982467392329444, 'batch_size': 200, 'beta_1': 0.919111482530466, 'beta_2': 0.9998488260436156, 'epsilon': 5.981221901152555e-07, 'hidden_layer_sizes': 61, 'learning_rate_init': 2.2310905607443014e-05, 'tol': 1.2046852412030316e-05, 'validation_fraction': 0.8117896445826539}, {'alpha': 0.46659545670218433, 'batch_size': 219, 'beta_1': 0.9889789783750891, 'beta_2': 0.9999896868093284, 'epsilon': 2.4234724484675948e-08, 'hidden_layer_sizes': 167, 'learning_rate_init': 2.972334644335654e-05, 'tol': 0.0036281404040243792, 'validation_fraction': 0.17260651658522078}, {'alpha': 4.656005689076002, 'batch_size': 135, 'beta_1': 0.870503881627747, 'beta_2': 0.9948873266941017, 'epsilon': 2.1023308743480125e-07, 'hidden_layer_sizes': 118, 'learning_rate_init': 0.0018781738757161913, 'tol': 1.1889379831773004e-05, 'validation_fraction': 0.6264327093752792}, {'alpha': 0.04705159350400542, 'batch_size': 158, 'beta_1': 0.9870884262730957, 'beta_2': 0.9999596874382349, 'epsilon': 1.1981845126013875e-08, 'hidden_layer_sizes': 116, 'learning_rate_init': 0.00617340520407431, 'tol': 1.741413418158619e-05, 'validation_fraction': 0.6754299026638921}], [16.063962273407764, 23.274250254613083, 19.80193088400322, 3.463918210725012, 15.210579700922176])
/home/ryedida/.local/lib/python3.9/site-packages/bayesmark/signatures.py:85: RuntimeWarning: Signature diverged on MLP-adam_wine_nll betwen [15.51998549 22.35390307 19.16402613  3.37792524 14.64310022] and [16.06396227 23.27425025 19.80193088  3.46391821 15.2105797 ]
  warnings.warn(

Signature errors:
                          0         1         2         3         4       max
MLP-adam_wine_nll  0.543977  0.920347  0.637905  0.085993  0.567479  0.920347
max                0.543977  0.920347  0.637905  0.085993  0.567479  0.920347
starting sklearn study smoothness MLP-adam wine nll 15 1
with data root: None
suggestion time taken 10.853160 iter 0 next_points [{'alpha': 0.16724569808829626, 'batch_size': 40, 'beta_1': 0.9735902098836019, 'beta_2': 0.9960448321803673, 'epsilon': 2.1214688887925853e-08, 'hidden_layer_sizes': 51, 'learning_rate_init': 0.0008817047202356116, 'tol': 0.011205842051693922, 'validation_fraction': 0.1986684432170924}]
function_evaluation time 0.115127 value 8.535513 suggestion {'alpha': 0.16724569808829626, 'batch_size': 40, 'beta_1': 0.9735902098836019, 'beta_2': 0.9960448321803673, 'epsilon': 2.1214688887925853e-08, 'hidden_layer_sizes': 51, 'learning_rate_init': 0.0008817047202356116, 'tol': 0.011205842051693922, 'validation_fraction': 0.1986684432170924}
observation time 0.000006, current best 8.535513 at iter 0
suggestion time taken 10.967376 iter 1 next_points [{'alpha': 0.8862913924100716, 'batch_size': 14, 'beta_1': 0.613872902001503, 'beta_2': 0.9999479662351537, 'epsilon': 7.357327774028379e-09, 'hidden_layer_sizes': 100, 'learning_rate_init': 0.00158073039440169, 'tol': 0.0009196442312530872, 'validation_fraction': 0.3190155005438606}]
function_evaluation time 0.237029 value 0.768948 suggestion {'alpha': 0.8862913924100716, 'batch_size': 14, 'beta_1': 0.613872902001503, 'beta_2': 0.9999479662351537, 'epsilon': 7.357327774028379e-09, 'hidden_layer_sizes': 100, 'learning_rate_init': 0.00158073039440169, 'tol': 0.0009196442312530872, 'validation_fraction': 0.3190155005438606}
observation time 0.000006, current best 0.768948 at iter 1
suggestion time taken 10.861737 iter 2 next_points [{'alpha': 0.0004620712924738078, 'batch_size': 15, 'beta_1': 0.6254620920350353, 'beta_2': 0.997936133004276, 'epsilon': 2.7986436832015355e-07, 'hidden_layer_sizes': 142, 'learning_rate_init': 7.594054783545099e-05, 'tol': 0.03147024213530781, 'validation_fraction': 0.20912641239047247}]
function_evaluation time 0.190843 value 7.344995 suggestion {'alpha': 0.0004620712924738078, 'batch_size': 15, 'beta_1': 0.6254620920350353, 'beta_2': 0.997936133004276, 'epsilon': 2.7986436832015355e-07, 'hidden_layer_sizes': 142, 'learning_rate_init': 7.594054783545099e-05, 'tol': 0.03147024213530781, 'validation_fraction': 0.20912641239047247}
observation time 0.000005, current best 0.768948 at iter 2
suggestion time taken 11.233157 iter 3 next_points [{'alpha': 0.05941427717592991, 'batch_size': 42, 'beta_1': 0.9896403048248857, 'beta_2': 0.9998944252571798, 'epsilon': 3.808478388703673e-09, 'hidden_layer_sizes': 135, 'learning_rate_init': 0.013102920495057289, 'tol': 0.001971974693489406, 'validation_fraction': 0.33017001431430365}]
function_evaluation time 0.143878 value 3.183876 suggestion {'alpha': 0.05941427717592991, 'batch_size': 42, 'beta_1': 0.9896403048248857, 'beta_2': 0.9998944252571798, 'epsilon': 3.808478388703673e-09, 'hidden_layer_sizes': 135, 'learning_rate_init': 0.013102920495057289, 'tol': 0.001971974693489406, 'validation_fraction': 0.33017001431430365}
observation time 0.000006, current best 0.768948 at iter 3
suggestion time taken 10.982424 iter 4 next_points [{'alpha': 0.24006937249725485, 'batch_size': 21, 'beta_1': 0.8820965616707321, 'beta_2': 0.9999714030437162, 'epsilon': 1.5913073791922572e-09, 'hidden_layer_sizes': 55, 'learning_rate_init': 0.00440623375803877, 'tol': 0.0001272122760781802, 'validation_fraction': 0.3163854987598623}]
function_evaluation time 0.197294 value 4.841494 suggestion {'alpha': 0.24006937249725485, 'batch_size': 21, 'beta_1': 0.8820965616707321, 'beta_2': 0.9999714030437162, 'epsilon': 1.5913073791922572e-09, 'hidden_layer_sizes': 55, 'learning_rate_init': 0.00440623375803877, 'tol': 0.0001272122760781802, 'validation_fraction': 0.3163854987598623}
observation time 0.000006, current best 0.768948 at iter 4
suggestion time taken 10.934897 iter 5 next_points [{'alpha': 0.008482986090569956, 'batch_size': 25, 'beta_1': 0.9501526518152301, 'beta_2': 0.998728763612775, 'epsilon': 1.6157320998925604e-09, 'hidden_layer_sizes': 127, 'learning_rate_init': 0.002033668074677572, 'tol': 0.0008154862795707612, 'validation_fraction': 0.8775088937825278}]
/home/ryedida/.local/lib/python3.9/site-packages/sklearn/neural_network/_multilayer_perceptron.py:605: UserWarning: Got `batch_size` less than 1 or larger than sample size. It is going to be clipped
  warnings.warn(

function_evaluation time 0.090243 value 14.031374 suggestion {'alpha': 0.008482986090569956, 'batch_size': 25, 'beta_1': 0.9501526518152301, 'beta_2': 0.998728763612775, 'epsilon': 1.6157320998925604e-09, 'hidden_layer_sizes': 127, 'learning_rate_init': 0.002033668074677572, 'tol': 0.0008154862795707612, 'validation_fraction': 0.8775088937825278}
observation time 0.000006, current best 0.768948 at iter 5
suggestion time taken 11.285887 iter 6 next_points [{'alpha': 1.810289782343898e-05, 'batch_size': 18, 'beta_1': 0.7331618442532242, 'beta_2': 0.9905407675268253, 'epsilon': 2.985904966816395e-08, 'hidden_layer_sizes': 79, 'learning_rate_init': 0.013264480546959714, 'tol': 2.03294185585162e-05, 'validation_fraction': 0.3837572642988536}]
function_evaluation time 0.167322 value 1.234035 suggestion {'alpha': 1.810289782343898e-05, 'batch_size': 18, 'beta_1': 0.7331618442532242, 'beta_2': 0.9905407675268253, 'epsilon': 2.985904966816395e-08, 'hidden_layer_sizes': 79, 'learning_rate_init': 0.013264480546959714, 'tol': 2.03294185585162e-05, 'validation_fraction': 0.3837572642988536}
observation time 0.000006, current best 0.768948 at iter 6
suggestion time taken 11.155760 iter 7 next_points [{'alpha': 0.043527999810300914, 'batch_size': 11, 'beta_1': 0.9254728472114322, 'beta_2': 0.9999608320382413, 'epsilon': 1.8594157678806464e-09, 'hidden_layer_sizes': 90, 'learning_rate_init': 0.007505066761210594, 'tol': 0.055943984777373994, 'validation_fraction': 0.4450757914019758}]
function_evaluation time 0.199252 value 0.793872 suggestion {'alpha': 0.043527999810300914, 'batch_size': 11, 'beta_1': 0.9254728472114322, 'beta_2': 0.9999608320382413, 'epsilon': 1.8594157678806464e-09, 'hidden_layer_sizes': 90, 'learning_rate_init': 0.007505066761210594, 'tol': 0.055943984777373994, 'validation_fraction': 0.4450757914019758}
observation time 0.000007, current best 0.768948 at iter 7
suggestion time taken 11.130650 iter 8 next_points [{'alpha': 2.046861609062935e-05, 'batch_size': 14, 'beta_1': 0.5556919751150639, 'beta_2': 0.9999612432667668, 'epsilon': 4.4053987493567076e-09, 'hidden_layer_sizes': 67, 'learning_rate_init': 0.0016419858385669024, 'tol': 0.0016673810654671297, 'validation_fraction': 0.5008819787320606}]
function_evaluation time 0.205574 value 0.706424 suggestion {'alpha': 2.046861609062935e-05, 'batch_size': 14, 'beta_1': 0.5556919751150639, 'beta_2': 0.9999612432667668, 'epsilon': 4.4053987493567076e-09, 'hidden_layer_sizes': 67, 'learning_rate_init': 0.0016419858385669024, 'tol': 0.0016673810654671297, 'validation_fraction': 0.5008819787320606}
observation time 0.000005, current best 0.706424 at iter 8
suggestion time taken 11.374674 iter 9 next_points [{'alpha': 0.0031187389234787703, 'batch_size': 15, 'beta_1': 0.6449244994710556, 'beta_2': 0.9999744851168986, 'epsilon': 2.0226710782593773e-09, 'hidden_layer_sizes': 180, 'learning_rate_init': 0.005956428055965446, 'tol': 0.08923506539173223, 'validation_fraction': 0.6930499060906444}]
function_evaluation time 0.103414 value 3.970339 suggestion {'alpha': 0.0031187389234787703, 'batch_size': 15, 'beta_1': 0.6449244994710556, 'beta_2': 0.9999744851168986, 'epsilon': 2.0226710782593773e-09, 'hidden_layer_sizes': 180, 'learning_rate_init': 0.005956428055965446, 'tol': 0.08923506539173223, 'validation_fraction': 0.6930499060906444}
observation time 0.000006, current best 0.706424 at iter 9
suggestion time taken 11.171326 iter 10 next_points [{'alpha': 1.2593490296920312e-05, 'batch_size': 11, 'beta_1': 0.5662255837527327, 'beta_2': 0.99867558470792, 'epsilon': 6.882234855895956e-09, 'hidden_layer_sizes': 70, 'learning_rate_init': 6.402348975868027e-05, 'tol': 3.4972502320711085e-05, 'validation_fraction': 0.5926782417159615}]
function_evaluation time 0.132653 value 12.188256 suggestion {'alpha': 1.2593490296920312e-05, 'batch_size': 11, 'beta_1': 0.5662255837527327, 'beta_2': 0.99867558470792, 'epsilon': 6.882234855895956e-09, 'hidden_layer_sizes': 70, 'learning_rate_init': 6.402348975868027e-05, 'tol': 3.4972502320711085e-05, 'validation_fraction': 0.5926782417159615}
observation time 0.000005, current best 0.706424 at iter 10
suggestion time taken 11.130200 iter 11 next_points [{'alpha': 0.00018538335465855622, 'batch_size': 14, 'beta_1': 0.9156164917471868, 'beta_2': 0.9989478644241148, 'epsilon': 2.258766976072744e-08, 'hidden_layer_sizes': 53, 'learning_rate_init': 0.047542562540587245, 'tol': 0.03714334769475522, 'validation_fraction': 0.8727571816990951}]
function_evaluation time 0.084761 value 6.355394 suggestion {'alpha': 0.00018538335465855622, 'batch_size': 14, 'beta_1': 0.9156164917471868, 'beta_2': 0.9989478644241148, 'epsilon': 2.258766976072744e-08, 'hidden_layer_sizes': 53, 'learning_rate_init': 0.047542562540587245, 'tol': 0.03714334769475522, 'validation_fraction': 0.8727571816990951}
observation time 0.000006, current best 0.706424 at iter 11
suggestion time taken 11.462504 iter 12 next_points [{'alpha': 0.0013879454027350777, 'batch_size': 21, 'beta_1': 0.9832715176332225, 'beta_2': 0.9999826214329662, 'epsilon': 1.3104450706408786e-09, 'hidden_layer_sizes': 62, 'learning_rate_init': 0.0005596444185168405, 'tol': 6.112290627262132e-05, 'validation_fraction': 0.13458024534940183}]
function_evaluation time 0.133832 value 11.877556 suggestion {'alpha': 0.0013879454027350777, 'batch_size': 21, 'beta_1': 0.9832715176332225, 'beta_2': 0.9999826214329662, 'epsilon': 1.3104450706408786e-09, 'hidden_layer_sizes': 62, 'learning_rate_init': 0.0005596444185168405, 'tol': 6.112290627262132e-05, 'validation_fraction': 0.13458024534940183}
observation time 0.000006, current best 0.706424 at iter 12
suggestion time taken 11.310046 iter 13 next_points [{'alpha': 2.694117789931971, 'batch_size': 13, 'beta_1': 0.7585584831216596, 'beta_2': 0.9980826464027233, 'epsilon': 6.77661769306843e-07, 'hidden_layer_sizes': 75, 'learning_rate_init': 0.005801028525169689, 'tol': 0.01641381646457157, 'validation_fraction': 0.7330068540867868}]
function_evaluation time 0.154641 value 1.650266 suggestion {'alpha': 2.694117789931971, 'batch_size': 13, 'beta_1': 0.7585584831216596, 'beta_2': 0.9980826464027233, 'epsilon': 6.77661769306843e-07, 'hidden_layer_sizes': 75, 'learning_rate_init': 0.005801028525169689, 'tol': 0.01641381646457157, 'validation_fraction': 0.7330068540867868}
observation time 0.000006, current best 0.706424 at iter 13
suggestion time taken 11.203412 iter 14 next_points [{'alpha': 0.006212038925177805, 'batch_size': 21, 'beta_1': 0.8243324391397545, 'beta_2': 0.9999384919291641, 'epsilon': 7.660314814167556e-08, 'hidden_layer_sizes': 121, 'learning_rate_init': 0.00011837155611860541, 'tol': 0.0015120462041581105, 'validation_fraction': 0.8787532950099237}]
/home/ryedida/.local/lib/python3.9/site-packages/sklearn/neural_network/_multilayer_perceptron.py:605: UserWarning: Got `batch_size` less than 1 or larger than sample size. It is going to be clipped
  warnings.warn(

function_evaluation time 0.052665 value 21.272125 suggestion {'alpha': 0.006212038925177805, 'batch_size': 21, 'beta_1': 0.8243324391397545, 'beta_2': 0.9999384919291641, 'epsilon': 7.660314814167556e-08, 'hidden_layer_sizes': 121, 'learning_rate_init': 0.00011837155611860541, 'tol': 0.0015120462041581105, 'validation_fraction': 0.8787532950099237}
observation time 0.000005, current best 0.706424 at iter 14
saving meta data: {'args': {'--uuid': '48a41ce101ca572aa3de326baf188400', '-db-root': '/home/ryedida/bbo_challenge_starter_kit/output', '--opt-root': '/home/ryedida/bbo_challenge_starter_kit/example_submissions', '--data-root': None, '--db': 'run_20230424_224500', '--opt': 'smoothness', '--data': 'wine', '--classifier': 'MLP-adam', '--metric': 'nll', '--calls': 15, '--suggestions': 1, '--jobs-file': None, '--verbose': False, 'dry_run': False, 'rev': 'a376313', 'opt_rev': 'x.x.x'}, 'signature': ([{'alpha': 0.019628224813442792, 'batch_size': 182, 'beta_1': 0.9410202200271762, 'beta_2': 0.9998021557676793, 'epsilon': 1.8662266976518e-08, 'hidden_layer_sizes': 147, 'learning_rate_init': 0.0005627932047415167, 'tol': 0.03690557729213761, 'validation_fraction': 0.8846827852548593}, {'alpha': 0.0019982467392329444, 'batch_size': 200, 'beta_1': 0.919111482530466, 'beta_2': 0.9998488260436156, 'epsilon': 5.981221901152555e-07, 'hidden_layer_sizes': 61, 'learning_rate_init': 2.2310905607443014e-05, 'tol': 1.2046852412030316e-05, 'validation_fraction': 0.8117896445826539}, {'alpha': 0.46659545670218433, 'batch_size': 219, 'beta_1': 0.9889789783750891, 'beta_2': 0.9999896868093284, 'epsilon': 2.4234724484675948e-08, 'hidden_layer_sizes': 167, 'learning_rate_init': 2.972334644335654e-05, 'tol': 0.0036281404040243792, 'validation_fraction': 0.17260651658522078}, {'alpha': 4.656005689076002, 'batch_size': 135, 'beta_1': 0.870503881627747, 'beta_2': 0.9948873266941017, 'epsilon': 2.1023308743480125e-07, 'hidden_layer_sizes': 118, 'learning_rate_init': 0.0018781738757161913, 'tol': 1.1889379831773004e-05, 'validation_fraction': 0.6264327093752792}, {'alpha': 0.04705159350400542, 'batch_size': 158, 'beta_1': 0.9870884262730957, 'beta_2': 0.9999596874382349, 'epsilon': 1.1981845126013875e-08, 'hidden_layer_sizes': 116, 'learning_rate_init': 0.00617340520407431, 'tol': 1.741413418158619e-05, 'validation_fraction': 0.6754299026638921}], [16.063962273407764, 23.274250254613083, 19.80193088400322, 3.463918210725012, 15.210579700922176])}
saving results
saving timing
saving suggest log
done
