running: {'--uuid': '52661e6d87815a2e9d2084beb5c4542c', '-db-root': '/home/ryedida/bbo_challenge_starter_kit/output', '--opt-root': '/home/ryedida/bbo_challenge_starter_kit/example_submissions', '--data-root': None, '--db': 'run_20230424_224500', '--opt': 'random-search', '--data': 'wine', '--classifier': 'MLP-adam', '--metric': 'acc', '--calls': 15, '--suggestions': 1, '--jobs-file': None, '--verbose': False, 'dry_run': False, 'rev': 'a376313', 'opt_rev': '0.0.8'}
cmd: python random-search/optimizer.py -c MLP-adam -d wine -o random-search -u 52661e6d87815a2e9d2084beb5c4542c -m acc -n 15 -p 1 -dir /home/ryedida/bbo_challenge_starter_kit/output -b run_20230424_224500
/home/ryedida/.local/lib/python3.9/site-packages/sklearn/neural_network/_multilayer_perceptron.py:605: UserWarning: Got `batch_size` less than 1 or larger than sample size. It is going to be clipped
  warnings.warn(

/home/ryedida/.local/lib/python3.9/site-packages/sklearn/neural_network/_multilayer_perceptron.py:605: UserWarning: Got `batch_size` less than 1 or larger than sample size. It is going to be clipped
  warnings.warn(

/home/ryedida/.local/lib/python3.9/site-packages/sklearn/neural_network/_multilayer_perceptron.py:605: UserWarning: Got `batch_size` less than 1 or larger than sample size. It is going to be clipped
  warnings.warn(

/home/ryedida/.local/lib/python3.9/site-packages/sklearn/neural_network/_multilayer_perceptron.py:605: UserWarning: Got `batch_size` less than 1 or larger than sample size. It is going to be clipped
  warnings.warn(

/home/ryedida/.local/lib/python3.9/site-packages/sklearn/neural_network/_multilayer_perceptron.py:605: UserWarning: Got `batch_size` less than 1 or larger than sample size. It is going to be clipped
  warnings.warn(

computed signature: ([{'alpha': 0.019628224813442792, 'batch_size': 182, 'beta_1': 0.9410202200271762, 'beta_2': 0.9998021557676793, 'epsilon': 1.8662266976518e-08, 'hidden_layer_sizes': 147, 'learning_rate_init': 0.0005627932047415167, 'tol': 0.03690557729213761, 'validation_fraction': 0.8846827852548593}, {'alpha': 0.0019982467392329444, 'batch_size': 200, 'beta_1': 0.919111482530466, 'beta_2': 0.9998488260436156, 'epsilon': 5.981221901152555e-07, 'hidden_layer_sizes': 61, 'learning_rate_init': 2.2310905607443014e-05, 'tol': 1.2046852412030316e-05, 'validation_fraction': 0.8117896445826539}, {'alpha': 0.46659545670218433, 'batch_size': 219, 'beta_1': 0.9889789783750891, 'beta_2': 0.9999896868093284, 'epsilon': 2.4234724484675948e-08, 'hidden_layer_sizes': 167, 'learning_rate_init': 2.972334644335654e-05, 'tol': 0.0036281404040243792, 'validation_fraction': 0.17260651658522078}, {'alpha': 4.656005689076002, 'batch_size': 135, 'beta_1': 0.870503881627747, 'beta_2': 0.9948873266941017, 'epsilon': 2.1023308743480125e-07, 'hidden_layer_sizes': 118, 'learning_rate_init': 0.0018781738757161913, 'tol': 1.1889379831773004e-05, 'validation_fraction': 0.6264327093752792}, {'alpha': 0.04705159350400542, 'batch_size': 158, 'beta_1': 0.9870884262730957, 'beta_2': 0.9999596874382349, 'epsilon': 1.1981845126013875e-08, 'hidden_layer_sizes': 116, 'learning_rate_init': 0.00617340520407431, 'tol': 1.741413418158619e-05, 'validation_fraction': 0.6754299026638921}], [-0.4359605911330049, -0.3169950738916256, -0.3312807881773399, -0.6620689655172413, -0.5017241379310344])
Signature errors:
                     0    1    2    3    4  max
MLP-adam_wine_acc  0.0  0.0  0.0  0.0  0.0  0.0
max                0.0  0.0  0.0  0.0  0.0  0.0
starting sklearn study random-search MLP-adam wine acc 15 1
with data root: None
suggestion time taken 0.002591 iter 0 next_points [{'alpha': 1.3318059746231534e-05, 'batch_size': 160, 'beta_1': 0.7732146045519908, 'beta_2': 0.9919800571699698, 'epsilon': 1.878846978412802e-08, 'hidden_layer_sizes': 102, 'learning_rate_init': 5.8249939114495415e-05, 'tol': 1.8375640354389776e-05, 'validation_fraction': 0.4820740711354243}]
/home/ryedida/.local/lib/python3.9/site-packages/sklearn/neural_network/_multilayer_perceptron.py:605: UserWarning: Got `batch_size` less than 1 or larger than sample size. It is going to be clipped
  warnings.warn(

function_evaluation time 0.044328 value -0.295567 suggestion {'alpha': 1.3318059746231534e-05, 'batch_size': 160, 'beta_1': 0.7732146045519908, 'beta_2': 0.9919800571699698, 'epsilon': 1.878846978412802e-08, 'hidden_layer_sizes': 102, 'learning_rate_init': 5.8249939114495415e-05, 'tol': 1.8375640354389776e-05, 'validation_fraction': 0.4820740711354243}
observation time 0.000005, current best -0.295567 at iter 0
suggestion time taken 0.002485 iter 1 next_points [{'alpha': 0.4511071221719167, 'batch_size': 144, 'beta_1': 0.9606735162659217, 'beta_2': 0.9999897829259873, 'epsilon': 2.3397748406131368e-07, 'hidden_layer_sizes': 155, 'learning_rate_init': 0.00011871974603165106, 'tol': 0.0004040945736649372, 'validation_fraction': 0.885209824222696}]
/home/ryedida/.local/lib/python3.9/site-packages/sklearn/neural_network/_multilayer_perceptron.py:605: UserWarning: Got `batch_size` less than 1 or larger than sample size. It is going to be clipped
  warnings.warn(

function_evaluation time 0.047669 value -0.316502 suggestion {'alpha': 0.4511071221719167, 'batch_size': 144, 'beta_1': 0.9606735162659217, 'beta_2': 0.9999897829259873, 'epsilon': 2.3397748406131368e-07, 'hidden_layer_sizes': 155, 'learning_rate_init': 0.00011871974603165106, 'tol': 0.0004040945736649372, 'validation_fraction': 0.885209824222696}
observation time 0.000005, current best -0.316502 at iter 1
suggestion time taken 0.002537 iter 2 next_points [{'alpha': 0.9265128410731567, 'batch_size': 32, 'beta_1': 0.5383792630045011, 'beta_2': 0.9999981101594883, 'epsilon': 2.628409208556614e-07, 'hidden_layer_sizes': 188, 'learning_rate_init': 0.0003008610214967607, 'tol': 0.0029889061353268165, 'validation_fraction': 0.14749506900104353}]
function_evaluation time 0.120146 value -0.435714 suggestion {'alpha': 0.9265128410731567, 'batch_size': 32, 'beta_1': 0.5383792630045011, 'beta_2': 0.9999981101594883, 'epsilon': 2.628409208556614e-07, 'hidden_layer_sizes': 188, 'learning_rate_init': 0.0003008610214967607, 'tol': 0.0029889061353268165, 'validation_fraction': 0.14749506900104353}
observation time 0.000004, current best -0.435714 at iter 2
suggestion time taken 0.002451 iter 3 next_points [{'alpha': 4.8222937764465304e-05, 'batch_size': 211, 'beta_1': 0.9749517252362581, 'beta_2': 0.9999956875321668, 'epsilon': 1.8563898151541343e-07, 'hidden_layer_sizes': 143, 'learning_rate_init': 0.014125188676250138, 'tol': 0.00017864660025305947, 'validation_fraction': 0.31310854415684475}]
/home/ryedida/.local/lib/python3.9/site-packages/sklearn/neural_network/_multilayer_perceptron.py:605: UserWarning: Got `batch_size` less than 1 or larger than sample size. It is going to be clipped
  warnings.warn(

function_evaluation time 0.088476 value -0.515764 suggestion {'alpha': 4.8222937764465304e-05, 'batch_size': 211, 'beta_1': 0.9749517252362581, 'beta_2': 0.9999956875321668, 'epsilon': 1.8563898151541343e-07, 'hidden_layer_sizes': 143, 'learning_rate_init': 0.014125188676250138, 'tol': 0.00017864660025305947, 'validation_fraction': 0.31310854415684475}
observation time 0.000004, current best -0.515764 at iter 3
suggestion time taken 0.002472 iter 4 next_points [{'alpha': 4.324657592362066, 'batch_size': 238, 'beta_1': 0.988463210238186, 'beta_2': 0.9999829046607608, 'epsilon': 3.618922891070705e-08, 'hidden_layer_sizes': 142, 'learning_rate_init': 1.6664542974964857e-05, 'tol': 3.324749679106363e-05, 'validation_fraction': 0.10043235709333065}]
/home/ryedida/.local/lib/python3.9/site-packages/sklearn/neural_network/_multilayer_perceptron.py:605: UserWarning: Got `batch_size` less than 1 or larger than sample size. It is going to be clipped
  warnings.warn(

function_evaluation time 0.048987 value -0.345567 suggestion {'alpha': 4.324657592362066, 'batch_size': 238, 'beta_1': 0.988463210238186, 'beta_2': 0.9999829046607608, 'epsilon': 3.618922891070705e-08, 'hidden_layer_sizes': 142, 'learning_rate_init': 1.6664542974964857e-05, 'tol': 3.324749679106363e-05, 'validation_fraction': 0.10043235709333065}
observation time 0.000005, current best -0.515764 at iter 4
suggestion time taken 0.002431 iter 5 next_points [{'alpha': 0.001537024658496765, 'batch_size': 193, 'beta_1': 0.9805579504663349, 'beta_2': 0.9999051848344009, 'epsilon': 1.1186733726300085e-09, 'hidden_layer_sizes': 103, 'learning_rate_init': 0.00014955996394649262, 'tol': 0.0026911205770136287, 'validation_fraction': 0.73752007756283}]
/home/ryedida/.local/lib/python3.9/site-packages/sklearn/neural_network/_multilayer_perceptron.py:605: UserWarning: Got `batch_size` less than 1 or larger than sample size. It is going to be clipped
  warnings.warn(

function_evaluation time 0.061853 value -0.394335 suggestion {'alpha': 0.001537024658496765, 'batch_size': 193, 'beta_1': 0.9805579504663349, 'beta_2': 0.9999051848344009, 'epsilon': 1.1186733726300085e-09, 'hidden_layer_sizes': 103, 'learning_rate_init': 0.00014955996394649262, 'tol': 0.0026911205770136287, 'validation_fraction': 0.73752007756283}
observation time 0.000004, current best -0.515764 at iter 5
suggestion time taken 0.002479 iter 6 next_points [{'alpha': 0.0003959612189782078, 'batch_size': 90, 'beta_1': 0.9455327091908339, 'beta_2': 0.9795052996977583, 'epsilon': 2.0264141431571752e-07, 'hidden_layer_sizes': 170, 'learning_rate_init': 0.00016250842784115287, 'tol': 0.02521400971391687, 'validation_fraction': 0.7457918250154024}]
/home/ryedida/.local/lib/python3.9/site-packages/sklearn/neural_network/_multilayer_perceptron.py:605: UserWarning: Got `batch_size` less than 1 or larger than sample size. It is going to be clipped
  warnings.warn(

function_evaluation time 0.059291 value -0.431034 suggestion {'alpha': 0.0003959612189782078, 'batch_size': 90, 'beta_1': 0.9455327091908339, 'beta_2': 0.9795052996977583, 'epsilon': 2.0264141431571752e-07, 'hidden_layer_sizes': 170, 'learning_rate_init': 0.00016250842784115287, 'tol': 0.02521400971391687, 'validation_fraction': 0.7457918250154024}
observation time 0.000004, current best -0.515764 at iter 6
suggestion time taken 0.002771 iter 7 next_points [{'alpha': 9.300299294677316, 'batch_size': 183, 'beta_1': 0.9719711547690202, 'beta_2': 0.999997324273103, 'epsilon': 2.097079389181933e-09, 'hidden_layer_sizes': 143, 'learning_rate_init': 0.003561933279247883, 'tol': 0.0005324489738123859, 'validation_fraction': 0.5958945066521706}]
/home/ryedida/.local/lib/python3.9/site-packages/sklearn/neural_network/_multilayer_perceptron.py:605: UserWarning: Got `batch_size` less than 1 or larger than sample size. It is going to be clipped
  warnings.warn(

function_evaluation time 0.093402 value -0.556158 suggestion {'alpha': 9.300299294677316, 'batch_size': 183, 'beta_1': 0.9719711547690202, 'beta_2': 0.999997324273103, 'epsilon': 2.097079389181933e-09, 'hidden_layer_sizes': 143, 'learning_rate_init': 0.003561933279247883, 'tol': 0.0005324489738123859, 'validation_fraction': 0.5958945066521706}
observation time 0.000004, current best -0.556158 at iter 7
suggestion time taken 0.002844 iter 8 next_points [{'alpha': 0.00012942159996634834, 'batch_size': 53, 'beta_1': 0.594766482956154, 'beta_2': 0.9998417998914292, 'epsilon': 2.8809146835793985e-08, 'hidden_layer_sizes': 64, 'learning_rate_init': 0.045144473087968845, 'tol': 0.049863271558037416, 'validation_fraction': 0.8224590763136874}]
/home/ryedida/.local/lib/python3.9/site-packages/sklearn/neural_network/_multilayer_perceptron.py:605: UserWarning: Got `batch_size` less than 1 or larger than sample size. It is going to be clipped
  warnings.warn(

function_evaluation time 0.074043 value -0.732266 suggestion {'alpha': 0.00012942159996634834, 'batch_size': 53, 'beta_1': 0.594766482956154, 'beta_2': 0.9998417998914292, 'epsilon': 2.8809146835793985e-08, 'hidden_layer_sizes': 64, 'learning_rate_init': 0.045144473087968845, 'tol': 0.049863271558037416, 'validation_fraction': 0.8224590763136874}
observation time 0.000005, current best -0.732266 at iter 8
suggestion time taken 0.002533 iter 9 next_points [{'alpha': 6.800823913199966e-05, 'batch_size': 146, 'beta_1': 0.9440579411735809, 'beta_2': 0.9996492152713699, 'epsilon': 1.2316422876198214e-07, 'hidden_layer_sizes': 159, 'learning_rate_init': 0.0009802849302660709, 'tol': 0.013391795397725708, 'validation_fraction': 0.4816024122585636}]
/home/ryedida/.local/lib/python3.9/site-packages/sklearn/neural_network/_multilayer_perceptron.py:605: UserWarning: Got `batch_size` less than 1 or larger than sample size. It is going to be clipped
  warnings.warn(

function_evaluation time 0.069706 value -0.522414 suggestion {'alpha': 6.800823913199966e-05, 'batch_size': 146, 'beta_1': 0.9440579411735809, 'beta_2': 0.9996492152713699, 'epsilon': 1.2316422876198214e-07, 'hidden_layer_sizes': 159, 'learning_rate_init': 0.0009802849302660709, 'tol': 0.013391795397725708, 'validation_fraction': 0.4816024122585636}
observation time 0.000005, current best -0.732266 at iter 9
suggestion time taken 0.002514 iter 10 next_points [{'alpha': 1.6842805057530286e-05, 'batch_size': 146, 'beta_1': 0.5983213763097951, 'beta_2': 0.9582911581478822, 'epsilon': 8.825117323521449e-07, 'hidden_layer_sizes': 142, 'learning_rate_init': 7.405365014151315e-05, 'tol': 0.0004719438239846256, 'validation_fraction': 0.2513024256552325}]
/home/ryedida/.local/lib/python3.9/site-packages/sklearn/neural_network/_multilayer_perceptron.py:605: UserWarning: Got `batch_size` less than 1 or larger than sample size. It is going to be clipped
  warnings.warn(

function_evaluation time 0.060807 value -0.386946 suggestion {'alpha': 1.6842805057530286e-05, 'batch_size': 146, 'beta_1': 0.5983213763097951, 'beta_2': 0.9582911581478822, 'epsilon': 8.825117323521449e-07, 'hidden_layer_sizes': 142, 'learning_rate_init': 7.405365014151315e-05, 'tol': 0.0004719438239846256, 'validation_fraction': 0.2513024256552325}
observation time 0.000004, current best -0.732266 at iter 10
suggestion time taken 0.002415 iter 11 next_points [{'alpha': 2.7662384970405123, 'batch_size': 199, 'beta_1': 0.82522462719267, 'beta_2': 0.9999882453681208, 'epsilon': 1.4259780656393207e-08, 'hidden_layer_sizes': 194, 'learning_rate_init': 4.50914340011094e-05, 'tol': 0.040361998299743754, 'validation_fraction': 0.12202146068894099}]
/home/ryedida/.local/lib/python3.9/site-packages/sklearn/neural_network/_multilayer_perceptron.py:605: UserWarning: Got `batch_size` less than 1 or larger than sample size. It is going to be clipped
  warnings.warn(

function_evaluation time 0.054381 value -0.374138 suggestion {'alpha': 2.7662384970405123, 'batch_size': 199, 'beta_1': 0.82522462719267, 'beta_2': 0.9999882453681208, 'epsilon': 1.4259780656393207e-08, 'hidden_layer_sizes': 194, 'learning_rate_init': 4.50914340011094e-05, 'tol': 0.040361998299743754, 'validation_fraction': 0.12202146068894099}
observation time 0.000005, current best -0.732266 at iter 11
suggestion time taken 0.002380 iter 12 next_points [{'alpha': 0.0005046109339671573, 'batch_size': 232, 'beta_1': 0.9507370230510303, 'beta_2': 0.9829501587510664, 'epsilon': 9.311188426785459e-07, 'hidden_layer_sizes': 116, 'learning_rate_init': 5.0362453186561e-05, 'tol': 4.4605335068863515e-05, 'validation_fraction': 0.8926788186630227}]
/home/ryedida/.local/lib/python3.9/site-packages/sklearn/neural_network/_multilayer_perceptron.py:605: UserWarning: Got `batch_size` less than 1 or larger than sample size. It is going to be clipped
  warnings.warn(

function_evaluation time 0.054913 value -0.345567 suggestion {'alpha': 0.0005046109339671573, 'batch_size': 232, 'beta_1': 0.9507370230510303, 'beta_2': 0.9829501587510664, 'epsilon': 9.311188426785459e-07, 'hidden_layer_sizes': 116, 'learning_rate_init': 5.0362453186561e-05, 'tol': 4.4605335068863515e-05, 'validation_fraction': 0.8926788186630227}
observation time 0.000004, current best -0.732266 at iter 12
suggestion time taken 0.002707 iter 13 next_points [{'alpha': 0.007991676440799287, 'batch_size': 193, 'beta_1': 0.9787953983466945, 'beta_2': 0.9997592860843346, 'epsilon': 8.048378551477311e-07, 'hidden_layer_sizes': 119, 'learning_rate_init': 1.0135107563320234e-05, 'tol': 0.008570381961106892, 'validation_fraction': 0.7697258753678722}]
/home/ryedida/.local/lib/python3.9/site-packages/sklearn/neural_network/_multilayer_perceptron.py:605: UserWarning: Got `batch_size` less than 1 or larger than sample size. It is going to be clipped
  warnings.warn(

function_evaluation time 0.045613 value -0.338424 suggestion {'alpha': 0.007991676440799287, 'batch_size': 193, 'beta_1': 0.9787953983466945, 'beta_2': 0.9997592860843346, 'epsilon': 8.048378551477311e-07, 'hidden_layer_sizes': 119, 'learning_rate_init': 1.0135107563320234e-05, 'tol': 0.008570381961106892, 'validation_fraction': 0.7697258753678722}
observation time 0.000004, current best -0.732266 at iter 13
suggestion time taken 0.002438 iter 14 next_points [{'alpha': 2.520782412014605, 'batch_size': 213, 'beta_1': 0.9818772339143685, 'beta_2': 0.9617338239070787, 'epsilon': 3.550896970895716e-09, 'hidden_layer_sizes': 97, 'learning_rate_init': 1.2118032584393886e-05, 'tol': 0.001119990255086844, 'validation_fraction': 0.6074350204395303}]
/home/ryedida/.local/lib/python3.9/site-packages/sklearn/neural_network/_multilayer_perceptron.py:605: UserWarning: Got `batch_size` less than 1 or larger than sample size. It is going to be clipped
  warnings.warn(

function_evaluation time 0.044669 value -0.302956 suggestion {'alpha': 2.520782412014605, 'batch_size': 213, 'beta_1': 0.9818772339143685, 'beta_2': 0.9617338239070787, 'epsilon': 3.550896970895716e-09, 'hidden_layer_sizes': 97, 'learning_rate_init': 1.2118032584393886e-05, 'tol': 0.001119990255086844, 'validation_fraction': 0.6074350204395303}
observation time 0.000004, current best -0.732266 at iter 14
saving meta data: {'args': {'--uuid': '52661e6d87815a2e9d2084beb5c4542c', '-db-root': '/home/ryedida/bbo_challenge_starter_kit/output', '--opt-root': '/home/ryedida/bbo_challenge_starter_kit/example_submissions', '--data-root': None, '--db': 'run_20230424_224500', '--opt': 'random-search', '--data': 'wine', '--classifier': 'MLP-adam', '--metric': 'acc', '--calls': 15, '--suggestions': 1, '--jobs-file': None, '--verbose': False, 'dry_run': False, 'rev': 'a376313', 'opt_rev': '0.0.8'}, 'signature': ([{'alpha': 0.019628224813442792, 'batch_size': 182, 'beta_1': 0.9410202200271762, 'beta_2': 0.9998021557676793, 'epsilon': 1.8662266976518e-08, 'hidden_layer_sizes': 147, 'learning_rate_init': 0.0005627932047415167, 'tol': 0.03690557729213761, 'validation_fraction': 0.8846827852548593}, {'alpha': 0.0019982467392329444, 'batch_size': 200, 'beta_1': 0.919111482530466, 'beta_2': 0.9998488260436156, 'epsilon': 5.981221901152555e-07, 'hidden_layer_sizes': 61, 'learning_rate_init': 2.2310905607443014e-05, 'tol': 1.2046852412030316e-05, 'validation_fraction': 0.8117896445826539}, {'alpha': 0.46659545670218433, 'batch_size': 219, 'beta_1': 0.9889789783750891, 'beta_2': 0.9999896868093284, 'epsilon': 2.4234724484675948e-08, 'hidden_layer_sizes': 167, 'learning_rate_init': 2.972334644335654e-05, 'tol': 0.0036281404040243792, 'validation_fraction': 0.17260651658522078}, {'alpha': 4.656005689076002, 'batch_size': 135, 'beta_1': 0.870503881627747, 'beta_2': 0.9948873266941017, 'epsilon': 2.1023308743480125e-07, 'hidden_layer_sizes': 118, 'learning_rate_init': 0.0018781738757161913, 'tol': 1.1889379831773004e-05, 'validation_fraction': 0.6264327093752792}, {'alpha': 0.04705159350400542, 'batch_size': 158, 'beta_1': 0.9870884262730957, 'beta_2': 0.9999596874382349, 'epsilon': 1.1981845126013875e-08, 'hidden_layer_sizes': 116, 'learning_rate_init': 0.00617340520407431, 'tol': 1.741413418158619e-05, 'validation_fraction': 0.6754299026638921}], [-0.4359605911330049, -0.3169950738916256, -0.3312807881773399, -0.6620689655172413, -0.5017241379310344])}
saving results
saving timing
saving suggest log
done
