running: {'--uuid': '638d990fa70a5ed5bcba1bf2dd808813', '-db-root': '/home/ryedida/bbo_challenge_starter_kit/output', '--opt-root': '/home/ryedida/bbo_challenge_starter_kit/example_submissions', '--data-root': None, '--db': 'run_20230424_224500', '--opt': 'hyperopt', '--data': 'wine', '--classifier': 'MLP-adam', '--metric': 'nll', '--calls': 15, '--suggestions': 1, '--jobs-file': None, '--verbose': False, 'dry_run': False, 'rev': 'a376313', 'opt_rev': '0.2.7'}
cmd: python hyperopt/optimizer.py -c MLP-adam -d wine -o hyperopt -u 638d990fa70a5ed5bcba1bf2dd808813 -m nll -n 15 -p 1 -dir /home/ryedida/bbo_challenge_starter_kit/output -b run_20230424_224500
/home/ryedida/.local/lib/python3.9/site-packages/sklearn/neural_network/_multilayer_perceptron.py:605: UserWarning: Got `batch_size` less than 1 or larger than sample size. It is going to be clipped
  warnings.warn(

/home/ryedida/.local/lib/python3.9/site-packages/sklearn/neural_network/_multilayer_perceptron.py:605: UserWarning: Got `batch_size` less than 1 or larger than sample size. It is going to be clipped
  warnings.warn(

/home/ryedida/.local/lib/python3.9/site-packages/sklearn/neural_network/_multilayer_perceptron.py:605: UserWarning: Got `batch_size` less than 1 or larger than sample size. It is going to be clipped
  warnings.warn(

/home/ryedida/.local/lib/python3.9/site-packages/sklearn/neural_network/_multilayer_perceptron.py:605: UserWarning: Got `batch_size` less than 1 or larger than sample size. It is going to be clipped
  warnings.warn(

/home/ryedida/.local/lib/python3.9/site-packages/sklearn/neural_network/_multilayer_perceptron.py:605: UserWarning: Got `batch_size` less than 1 or larger than sample size. It is going to be clipped
  warnings.warn(

computed signature: ([{'alpha': 0.019628224813442792, 'batch_size': 182, 'beta_1': 0.9410202200271762, 'beta_2': 0.9998021557676793, 'epsilon': 1.8662266976518e-08, 'hidden_layer_sizes': 147, 'learning_rate_init': 0.0005627932047415167, 'tol': 0.03690557729213761, 'validation_fraction': 0.8846827852548593}, {'alpha': 0.0019982467392329444, 'batch_size': 200, 'beta_1': 0.919111482530466, 'beta_2': 0.9998488260436156, 'epsilon': 5.981221901152555e-07, 'hidden_layer_sizes': 61, 'learning_rate_init': 2.2310905607443014e-05, 'tol': 1.2046852412030316e-05, 'validation_fraction': 0.8117896445826539}, {'alpha': 0.46659545670218433, 'batch_size': 219, 'beta_1': 0.9889789783750891, 'beta_2': 0.9999896868093284, 'epsilon': 2.4234724484675948e-08, 'hidden_layer_sizes': 167, 'learning_rate_init': 2.972334644335654e-05, 'tol': 0.0036281404040243792, 'validation_fraction': 0.17260651658522078}, {'alpha': 4.656005689076002, 'batch_size': 135, 'beta_1': 0.870503881627747, 'beta_2': 0.9948873266941017, 'epsilon': 2.1023308743480125e-07, 'hidden_layer_sizes': 118, 'learning_rate_init': 0.0018781738757161913, 'tol': 1.1889379831773004e-05, 'validation_fraction': 0.6264327093752792}, {'alpha': 0.04705159350400542, 'batch_size': 158, 'beta_1': 0.9870884262730957, 'beta_2': 0.9999596874382349, 'epsilon': 1.1981845126013875e-08, 'hidden_layer_sizes': 116, 'learning_rate_init': 0.00617340520407431, 'tol': 1.741413418158619e-05, 'validation_fraction': 0.6754299026638921}], [16.063962273407764, 23.274250254613083, 19.80193088400322, 3.463918210725012, 15.210579700922176])
/home/ryedida/.local/lib/python3.9/site-packages/bayesmark/signatures.py:85: RuntimeWarning: Signature diverged on MLP-adam_wine_nll betwen [15.51998549 22.35390307 19.16402613  3.37792524 14.64310022] and [16.06396227 23.27425025 19.80193088  3.46391821 15.2105797 ]
  warnings.warn(

Signature errors:
                          0         1         2         3         4       max
MLP-adam_wine_nll  0.543977  0.920347  0.637905  0.085993  0.567479  0.920347
max                0.543977  0.920347  0.637905  0.085993  0.567479  0.920347
starting sklearn study hyperopt MLP-adam wine nll 15 1
with data root: None
suggestion time taken 0.002362 iter 0 next_points [{'alpha': 0.12353190496084608, 'batch_size': 245, 'beta_1': 0.9877654497595789, 'beta_2': 0.919338917955703, 'epsilon': 4.872501189323051e-09, 'hidden_layer_sizes': 102, 'learning_rate_init': 0.008346394992092415, 'tol': 0.001209546243750037, 'validation_fraction': 0.2657928567947466}]
/home/ryedida/.local/lib/python3.9/site-packages/sklearn/neural_network/_multilayer_perceptron.py:605: UserWarning: Got `batch_size` less than 1 or larger than sample size. It is going to be clipped
  warnings.warn(

function_evaluation time 0.092278 value 8.560812 suggestion {'alpha': 0.12353190496084608, 'batch_size': 245, 'beta_1': 0.9877654497595789, 'beta_2': 0.919338917955703, 'epsilon': 4.872501189323051e-09, 'hidden_layer_sizes': 102, 'learning_rate_init': 0.008346394992092415, 'tol': 0.001209546243750037, 'validation_fraction': 0.2657928567947466}
observation time 0.000070, current best 8.560812 at iter 0
suggestion time taken 0.002392 iter 1 next_points [{'alpha': 5.356145812661632, 'batch_size': 102, 'beta_1': 0.7708286975297844, 'beta_2': 0.9604135173840346, 'epsilon': 1.7966760222641326e-09, 'hidden_layer_sizes': 128, 'learning_rate_init': 0.011333206413879991, 'tol': 0.0032114825749095816, 'validation_fraction': 0.818879522123894}]
/home/ryedida/.local/lib/python3.9/site-packages/sklearn/neural_network/_multilayer_perceptron.py:605: UserWarning: Got `batch_size` less than 1 or larger than sample size. It is going to be clipped
  warnings.warn(

function_evaluation time 0.105289 value 3.234560 suggestion {'alpha': 5.356145812661632, 'batch_size': 102, 'beta_1': 0.7708286975297844, 'beta_2': 0.9604135173840346, 'epsilon': 1.7966760222641326e-09, 'hidden_layer_sizes': 128, 'learning_rate_init': 0.011333206413879991, 'tol': 0.0032114825749095816, 'validation_fraction': 0.818879522123894}
observation time 0.000069, current best 3.234560 at iter 1
suggestion time taken 0.002123 iter 2 next_points [{'alpha': 0.022948005502931565, 'batch_size': 114, 'beta_1': 0.6916827324696135, 'beta_2': 0.9802346605056912, 'epsilon': 1.6231727100782293e-09, 'hidden_layer_sizes': 127, 'learning_rate_init': 0.0017127097293473414, 'tol': 0.0004119407658370957, 'validation_fraction': 0.6470534247912938}]
/home/ryedida/.local/lib/python3.9/site-packages/sklearn/neural_network/_multilayer_perceptron.py:605: UserWarning: Got `batch_size` less than 1 or larger than sample size. It is going to be clipped
  warnings.warn(

function_evaluation time 0.125609 value 6.760576 suggestion {'alpha': 0.022948005502931565, 'batch_size': 114, 'beta_1': 0.6916827324696135, 'beta_2': 0.9802346605056912, 'epsilon': 1.6231727100782293e-09, 'hidden_layer_sizes': 127, 'learning_rate_init': 0.0017127097293473414, 'tol': 0.0004119407658370957, 'validation_fraction': 0.6470534247912938}
observation time 0.000072, current best 3.234560 at iter 2
suggestion time taken 0.002147 iter 3 next_points [{'alpha': 1.2347931585854379e-05, 'batch_size': 235, 'beta_1': 0.5665821798486335, 'beta_2': 0.9418474440355883, 'epsilon': 4.865732530918369e-09, 'hidden_layer_sizes': 146, 'learning_rate_init': 0.05644321034622119, 'tol': 0.020499414462600413, 'validation_fraction': 0.2317440340283082}]
/home/ryedida/.local/lib/python3.9/site-packages/sklearn/neural_network/_multilayer_perceptron.py:605: UserWarning: Got `batch_size` less than 1 or larger than sample size. It is going to be clipped
  warnings.warn(

function_evaluation time 0.107293 value 0.616896 suggestion {'alpha': 1.2347931585854379e-05, 'batch_size': 235, 'beta_1': 0.5665821798486335, 'beta_2': 0.9418474440355883, 'epsilon': 4.865732530918369e-09, 'hidden_layer_sizes': 146, 'learning_rate_init': 0.05644321034622119, 'tol': 0.020499414462600413, 'validation_fraction': 0.2317440340283082}
observation time 0.000074, current best 0.616896 at iter 3
suggestion time taken 0.002124 iter 4 next_points [{'alpha': 0.0005104656795608477, 'batch_size': 99, 'beta_1': 0.7118651497200028, 'beta_2': 0.9867160629686622, 'epsilon': 6.512574428600573e-08, 'hidden_layer_sizes': 165, 'learning_rate_init': 0.00047946838501741556, 'tol': 0.0526319159388014, 'validation_fraction': 0.26989528580015915}]
function_evaluation time 0.078077 value 13.699233 suggestion {'alpha': 0.0005104656795608477, 'batch_size': 99, 'beta_1': 0.7118651497200028, 'beta_2': 0.9867160629686622, 'epsilon': 6.512574428600573e-08, 'hidden_layer_sizes': 165, 'learning_rate_init': 0.00047946838501741556, 'tol': 0.0526319159388014, 'validation_fraction': 0.26989528580015915}
observation time 0.000072, current best 0.616896 at iter 4
suggestion time taken 0.002391 iter 5 next_points [{'alpha': 0.03452158331827417, 'batch_size': 29, 'beta_1': 0.7530015764880057, 'beta_2': 0.9932339406572247, 'epsilon': 2.740043252801275e-07, 'hidden_layer_sizes': 179, 'learning_rate_init': 0.05173824299572638, 'tol': 1.1616628165832947e-05, 'validation_fraction': 0.20817850241482097}]
function_evaluation time 0.147966 value 0.656810 suggestion {'alpha': 0.03452158331827417, 'batch_size': 29, 'beta_1': 0.7530015764880057, 'beta_2': 0.9932339406572247, 'epsilon': 2.740043252801275e-07, 'hidden_layer_sizes': 179, 'learning_rate_init': 0.05173824299572638, 'tol': 1.1616628165832947e-05, 'validation_fraction': 0.20817850241482097}
observation time 0.000077, current best 0.616896 at iter 5
suggestion time taken 0.002132 iter 6 next_points [{'alpha': 1.3779683847658801, 'batch_size': 216, 'beta_1': 0.8279006024935398, 'beta_2': 0.9082091489060355, 'epsilon': 3.0561613334111467e-09, 'hidden_layer_sizes': 112, 'learning_rate_init': 0.0006403800309599116, 'tol': 0.025740558392743917, 'validation_fraction': 0.5669467331309066}]
/home/ryedida/.local/lib/python3.9/site-packages/sklearn/neural_network/_multilayer_perceptron.py:605: UserWarning: Got `batch_size` less than 1 or larger than sample size. It is going to be clipped
  warnings.warn(

function_evaluation time 0.056567 value 14.812396 suggestion {'alpha': 1.3779683847658801, 'batch_size': 216, 'beta_1': 0.8279006024935398, 'beta_2': 0.9082091489060355, 'epsilon': 3.0561613334111467e-09, 'hidden_layer_sizes': 112, 'learning_rate_init': 0.0006403800309599116, 'tol': 0.025740558392743917, 'validation_fraction': 0.5669467331309066}
observation time 0.000072, current best 0.616896 at iter 6
suggestion time taken 0.002163 iter 7 next_points [{'alpha': 0.1720096283713793, 'batch_size': 18, 'beta_1': 0.6017214882941871, 'beta_2': 0.9696166265501182, 'epsilon': 4.899299964786152e-08, 'hidden_layer_sizes': 104, 'learning_rate_init': 0.03238419275947715, 'tol': 0.00031486459313827936, 'validation_fraction': 0.4884002252105413}]
function_evaluation time 0.176270 value 0.822618 suggestion {'alpha': 0.1720096283713793, 'batch_size': 18, 'beta_1': 0.6017214882941871, 'beta_2': 0.9696166265501182, 'epsilon': 4.899299964786152e-08, 'hidden_layer_sizes': 104, 'learning_rate_init': 0.03238419275947715, 'tol': 0.00031486459313827936, 'validation_fraction': 0.4884002252105413}
observation time 0.000073, current best 0.616896 at iter 7
suggestion time taken 0.002136 iter 8 next_points [{'alpha': 0.0002767617299678754, 'batch_size': 163, 'beta_1': 0.954762434986553, 'beta_2': 0.9081131891961745, 'epsilon': 7.02461953598046e-09, 'hidden_layer_sizes': 110, 'learning_rate_init': 5.166036537195439e-05, 'tol': 0.07700976398873596, 'validation_fraction': 0.18898504825891158}]
/home/ryedida/.local/lib/python3.9/site-packages/sklearn/neural_network/_multilayer_perceptron.py:605: UserWarning: Got `batch_size` less than 1 or larger than sample size. It is going to be clipped
  warnings.warn(

function_evaluation time 0.048903 value 23.386206 suggestion {'alpha': 0.0002767617299678754, 'batch_size': 163, 'beta_1': 0.954762434986553, 'beta_2': 0.9081131891961745, 'epsilon': 7.02461953598046e-09, 'hidden_layer_sizes': 110, 'learning_rate_init': 5.166036537195439e-05, 'tol': 0.07700976398873596, 'validation_fraction': 0.18898504825891158}
observation time 0.000075, current best 0.616896 at iter 8
suggestion time taken 0.002116 iter 9 next_points [{'alpha': 0.0005273082407210596, 'batch_size': 198, 'beta_1': 0.5270165778186995, 'beta_2': 0.9722374689371646, 'epsilon': 5.992026575389562e-07, 'hidden_layer_sizes': 116, 'learning_rate_init': 0.0016000564193292108, 'tol': 0.000576130436349118, 'validation_fraction': 0.1141143485179699}]
/home/ryedida/.local/lib/python3.9/site-packages/sklearn/neural_network/_multilayer_perceptron.py:605: UserWarning: Got `batch_size` less than 1 or larger than sample size. It is going to be clipped
  warnings.warn(

function_evaluation time 0.070913 value 8.058506 suggestion {'alpha': 0.0005273082407210596, 'batch_size': 198, 'beta_1': 0.5270165778186995, 'beta_2': 0.9722374689371646, 'epsilon': 5.992026575389562e-07, 'hidden_layer_sizes': 116, 'learning_rate_init': 0.0016000564193292108, 'tol': 0.000576130436349118, 'validation_fraction': 0.1141143485179699}
observation time 0.000073, current best 0.616896 at iter 9
suggestion time taken 0.002389 iter 10 next_points [{'alpha': 0.0011158734035264359, 'batch_size': 171, 'beta_1': 0.8882343264609927, 'beta_2': 0.9954379132276526, 'epsilon': 8.13085697018661e-07, 'hidden_layer_sizes': 74, 'learning_rate_init': 0.004770808786419983, 'tol': 0.00313901801222898, 'validation_fraction': 0.7509071633213711}]
/home/ryedida/.local/lib/python3.9/site-packages/sklearn/neural_network/_multilayer_perceptron.py:605: UserWarning: Got `batch_size` less than 1 or larger than sample size. It is going to be clipped
  warnings.warn(

function_evaluation time 0.124556 value 4.770640 suggestion {'alpha': 0.0011158734035264359, 'batch_size': 171, 'beta_1': 0.8882343264609927, 'beta_2': 0.9954379132276526, 'epsilon': 8.13085697018661e-07, 'hidden_layer_sizes': 74, 'learning_rate_init': 0.004770808786419983, 'tol': 0.00313901801222898, 'validation_fraction': 0.7509071633213711}
observation time 0.000075, current best 0.616896 at iter 10
suggestion time taken 0.002146 iter 11 next_points [{'alpha': 0.00018030821994978412, 'batch_size': 53, 'beta_1': 0.9049362980115521, 'beta_2': 0.9625135858576532, 'epsilon': 1.0322024135613036e-08, 'hidden_layer_sizes': 123, 'learning_rate_init': 0.005336279536276481, 'tol': 5.978173617030511e-05, 'validation_fraction': 0.4974016567419352}]
function_evaluation time 0.126733 value 7.483618 suggestion {'alpha': 0.00018030821994978412, 'batch_size': 53, 'beta_1': 0.9049362980115521, 'beta_2': 0.9625135858576532, 'epsilon': 1.0322024135613036e-08, 'hidden_layer_sizes': 123, 'learning_rate_init': 0.005336279536276481, 'tol': 5.978173617030511e-05, 'validation_fraction': 0.4974016567419352}
observation time 0.000078, current best 0.616896 at iter 11
suggestion time taken 0.002159 iter 12 next_points [{'alpha': 0.916558926811555, 'batch_size': 29, 'beta_1': 0.9646463963184647, 'beta_2': 0.9926632749822574, 'epsilon': 1.347540516063037e-09, 'hidden_layer_sizes': 144, 'learning_rate_init': 0.0001724619265869717, 'tol': 1.985681619489549e-05, 'validation_fraction': 0.46096959109399976}]
function_evaluation time 0.118896 value 11.957778 suggestion {'alpha': 0.916558926811555, 'batch_size': 29, 'beta_1': 0.9646463963184647, 'beta_2': 0.9926632749822574, 'epsilon': 1.347540516063037e-09, 'hidden_layer_sizes': 144, 'learning_rate_init': 0.0001724619265869717, 'tol': 1.985681619489549e-05, 'validation_fraction': 0.46096959109399976}
observation time 0.000067, current best 0.616896 at iter 12
suggestion time taken 0.002140 iter 13 next_points [{'alpha': 2.047409742175019, 'batch_size': 45, 'beta_1': 0.6079200846553707, 'beta_2': 0.9565799089766336, 'epsilon': 2.7198534709165807e-07, 'hidden_layer_sizes': 193, 'learning_rate_init': 1.4284762844360762e-05, 'tol': 0.00031106075386765075, 'validation_fraction': 0.7246501821122483}]
/home/ryedida/.local/lib/python3.9/site-packages/sklearn/neural_network/_multilayer_perceptron.py:605: UserWarning: Got `batch_size` less than 1 or larger than sample size. It is going to be clipped
  warnings.warn(

function_evaluation time 0.051385 value 20.773670 suggestion {'alpha': 2.047409742175019, 'batch_size': 45, 'beta_1': 0.6079200846553707, 'beta_2': 0.9565799089766336, 'epsilon': 2.7198534709165807e-07, 'hidden_layer_sizes': 193, 'learning_rate_init': 1.4284762844360762e-05, 'tol': 0.00031106075386765075, 'validation_fraction': 0.7246501821122483}
observation time 0.000077, current best 0.616896 at iter 13
suggestion time taken 0.002143 iter 14 next_points [{'alpha': 0.0008633972668715998, 'batch_size': 100, 'beta_1': 0.6052711023682106, 'beta_2': 0.9259946405452754, 'epsilon': 2.1679379587829556e-08, 'hidden_layer_sizes': 125, 'learning_rate_init': 0.004226645903653995, 'tol': 6.303146075858031e-05, 'validation_fraction': 0.6851619991776244}]
/home/ryedida/.local/lib/python3.9/site-packages/sklearn/neural_network/_multilayer_perceptron.py:605: UserWarning: Got `batch_size` less than 1 or larger than sample size. It is going to be clipped
  warnings.warn(

function_evaluation time 0.106435 value 3.075225 suggestion {'alpha': 0.0008633972668715998, 'batch_size': 100, 'beta_1': 0.6052711023682106, 'beta_2': 0.9259946405452754, 'epsilon': 2.1679379587829556e-08, 'hidden_layer_sizes': 125, 'learning_rate_init': 0.004226645903653995, 'tol': 6.303146075858031e-05, 'validation_fraction': 0.6851619991776244}
observation time 0.000077, current best 0.616896 at iter 14
saving meta data: {'args': {'--uuid': '638d990fa70a5ed5bcba1bf2dd808813', '-db-root': '/home/ryedida/bbo_challenge_starter_kit/output', '--opt-root': '/home/ryedida/bbo_challenge_starter_kit/example_submissions', '--data-root': None, '--db': 'run_20230424_224500', '--opt': 'hyperopt', '--data': 'wine', '--classifier': 'MLP-adam', '--metric': 'nll', '--calls': 15, '--suggestions': 1, '--jobs-file': None, '--verbose': False, 'dry_run': False, 'rev': 'a376313', 'opt_rev': '0.2.7'}, 'signature': ([{'alpha': 0.019628224813442792, 'batch_size': 182, 'beta_1': 0.9410202200271762, 'beta_2': 0.9998021557676793, 'epsilon': 1.8662266976518e-08, 'hidden_layer_sizes': 147, 'learning_rate_init': 0.0005627932047415167, 'tol': 0.03690557729213761, 'validation_fraction': 0.8846827852548593}, {'alpha': 0.0019982467392329444, 'batch_size': 200, 'beta_1': 0.919111482530466, 'beta_2': 0.9998488260436156, 'epsilon': 5.981221901152555e-07, 'hidden_layer_sizes': 61, 'learning_rate_init': 2.2310905607443014e-05, 'tol': 1.2046852412030316e-05, 'validation_fraction': 0.8117896445826539}, {'alpha': 0.46659545670218433, 'batch_size': 219, 'beta_1': 0.9889789783750891, 'beta_2': 0.9999896868093284, 'epsilon': 2.4234724484675948e-08, 'hidden_layer_sizes': 167, 'learning_rate_init': 2.972334644335654e-05, 'tol': 0.0036281404040243792, 'validation_fraction': 0.17260651658522078}, {'alpha': 4.656005689076002, 'batch_size': 135, 'beta_1': 0.870503881627747, 'beta_2': 0.9948873266941017, 'epsilon': 2.1023308743480125e-07, 'hidden_layer_sizes': 118, 'learning_rate_init': 0.0018781738757161913, 'tol': 1.1889379831773004e-05, 'validation_fraction': 0.6264327093752792}, {'alpha': 0.04705159350400542, 'batch_size': 158, 'beta_1': 0.9870884262730957, 'beta_2': 0.9999596874382349, 'epsilon': 1.1981845126013875e-08, 'hidden_layer_sizes': 116, 'learning_rate_init': 0.00617340520407431, 'tol': 1.741413418158619e-05, 'validation_fraction': 0.6754299026638921}], [16.063962273407764, 23.274250254613083, 19.80193088400322, 3.463918210725012, 15.210579700922176])}
saving results
saving timing
saving suggest log
done
