running: {'--uuid': '65c29bf5d71f527bb7b430ec53895cab', '-db-root': '/home/ryedida/bbo_challenge_starter_kit/output', '--opt-root': '/home/ryedida/bbo_challenge_starter_kit/example_submissions', '--data-root': None, '--db': 'run_20230424_224500', '--opt': 'smoothness', '--data': 'wine', '--classifier': 'MLP-adam', '--metric': 'nll', '--calls': 15, '--suggestions': 1, '--jobs-file': None, '--verbose': False, 'dry_run': False, 'rev': 'a376313', 'opt_rev': 'x.x.x'}
cmd: python smoothness/optimizer.py -c MLP-adam -d wine -o smoothness -u 65c29bf5d71f527bb7b430ec53895cab -m nll -n 15 -p 1 -dir /home/ryedida/bbo_challenge_starter_kit/output -b run_20230424_224500
/home/ryedida/.local/lib/python3.9/site-packages/sklearn/neural_network/_multilayer_perceptron.py:605: UserWarning: Got `batch_size` less than 1 or larger than sample size. It is going to be clipped
  warnings.warn(

/home/ryedida/.local/lib/python3.9/site-packages/sklearn/neural_network/_multilayer_perceptron.py:605: UserWarning: Got `batch_size` less than 1 or larger than sample size. It is going to be clipped
  warnings.warn(

/home/ryedida/.local/lib/python3.9/site-packages/sklearn/neural_network/_multilayer_perceptron.py:605: UserWarning: Got `batch_size` less than 1 or larger than sample size. It is going to be clipped
  warnings.warn(

/home/ryedida/.local/lib/python3.9/site-packages/sklearn/neural_network/_multilayer_perceptron.py:605: UserWarning: Got `batch_size` less than 1 or larger than sample size. It is going to be clipped
  warnings.warn(

/home/ryedida/.local/lib/python3.9/site-packages/sklearn/neural_network/_multilayer_perceptron.py:605: UserWarning: Got `batch_size` less than 1 or larger than sample size. It is going to be clipped
  warnings.warn(

computed signature: ([{'alpha': 0.019628224813442792, 'batch_size': 182, 'beta_1': 0.9410202200271762, 'beta_2': 0.9998021557676793, 'epsilon': 1.8662266976518e-08, 'hidden_layer_sizes': 147, 'learning_rate_init': 0.0005627932047415167, 'tol': 0.03690557729213761, 'validation_fraction': 0.8846827852548593}, {'alpha': 0.0019982467392329444, 'batch_size': 200, 'beta_1': 0.919111482530466, 'beta_2': 0.9998488260436156, 'epsilon': 5.981221901152555e-07, 'hidden_layer_sizes': 61, 'learning_rate_init': 2.2310905607443014e-05, 'tol': 1.2046852412030316e-05, 'validation_fraction': 0.8117896445826539}, {'alpha': 0.46659545670218433, 'batch_size': 219, 'beta_1': 0.9889789783750891, 'beta_2': 0.9999896868093284, 'epsilon': 2.4234724484675948e-08, 'hidden_layer_sizes': 167, 'learning_rate_init': 2.972334644335654e-05, 'tol': 0.0036281404040243792, 'validation_fraction': 0.17260651658522078}, {'alpha': 4.656005689076002, 'batch_size': 135, 'beta_1': 0.870503881627747, 'beta_2': 0.9948873266941017, 'epsilon': 2.1023308743480125e-07, 'hidden_layer_sizes': 118, 'learning_rate_init': 0.0018781738757161913, 'tol': 1.1889379831773004e-05, 'validation_fraction': 0.6264327093752792}, {'alpha': 0.04705159350400542, 'batch_size': 158, 'beta_1': 0.9870884262730957, 'beta_2': 0.9999596874382349, 'epsilon': 1.1981845126013875e-08, 'hidden_layer_sizes': 116, 'learning_rate_init': 0.00617340520407431, 'tol': 1.741413418158619e-05, 'validation_fraction': 0.6754299026638921}], [16.063962273407764, 23.274250254613083, 19.80193088400322, 3.463918210725012, 15.210579700922176])
/home/ryedida/.local/lib/python3.9/site-packages/bayesmark/signatures.py:85: RuntimeWarning: Signature diverged on MLP-adam_wine_nll betwen [15.51998549 22.35390307 19.16402613  3.37792524 14.64310022] and [16.06396227 23.27425025 19.80193088  3.46391821 15.2105797 ]
  warnings.warn(

Signature errors:
                          0         1         2         3         4       max
MLP-adam_wine_nll  0.543977  0.920347  0.637905  0.085993  0.567479  0.920347
max                0.543977  0.920347  0.637905  0.085993  0.567479  0.920347
starting sklearn study smoothness MLP-adam wine nll 15 1
with data root: None
suggestion time taken 10.919304 iter 0 next_points [{'alpha': 0.019572434766120732, 'batch_size': 64, 'beta_1': 0.987889348265203, 'beta_2': 0.9999881890768463, 'epsilon': 1.602899290912773e-08, 'hidden_layer_sizes': 90, 'learning_rate_init': 2.3806936603653476e-05, 'tol': 0.04945479893409641, 'validation_fraction': 0.8307392021610089}]
/home/ryedida/.local/lib/python3.9/site-packages/sklearn/neural_network/_multilayer_perceptron.py:605: UserWarning: Got `batch_size` less than 1 or larger than sample size. It is going to be clipped
  warnings.warn(

function_evaluation time 0.047882 value 22.057039 suggestion {'alpha': 0.019572434766120732, 'batch_size': 64, 'beta_1': 0.987889348265203, 'beta_2': 0.9999881890768463, 'epsilon': 1.602899290912773e-08, 'hidden_layer_sizes': 90, 'learning_rate_init': 2.3806936603653476e-05, 'tol': 0.04945479893409641, 'validation_fraction': 0.8307392021610089}
observation time 0.000007, current best 22.057039 at iter 0
suggestion time taken 11.085761 iter 1 next_points [{'alpha': 4.886458821246834e-05, 'batch_size': 11, 'beta_1': 0.9829055940165876, 'beta_2': 0.9908013220865171, 'epsilon': 1.9081407065113185e-07, 'hidden_layer_sizes': 167, 'learning_rate_init': 0.00010542219277824474, 'tol': 0.06606767108298336, 'validation_fraction': 0.15207738690366468}]
function_evaluation time 0.262066 value 6.917245 suggestion {'alpha': 4.886458821246834e-05, 'batch_size': 11, 'beta_1': 0.9829055940165876, 'beta_2': 0.9908013220865171, 'epsilon': 1.9081407065113185e-07, 'hidden_layer_sizes': 167, 'learning_rate_init': 0.00010542219277824474, 'tol': 0.06606767108298336, 'validation_fraction': 0.15207738690366468}
observation time 0.000006, current best 6.917245 at iter 1
suggestion time taken 10.727282 iter 2 next_points [{'alpha': 1.2521628214630027, 'batch_size': 19, 'beta_1': 0.9640430052152084, 'beta_2': 0.9124416350833763, 'epsilon': 7.08155179260638e-08, 'hidden_layer_sizes': 133, 'learning_rate_init': 0.06360623276272517, 'tol': 3.492221649877471e-05, 'validation_fraction': 0.30320255956824027}]
function_evaluation time 0.138715 value 11.335588 suggestion {'alpha': 1.2521628214630027, 'batch_size': 19, 'beta_1': 0.9640430052152084, 'beta_2': 0.9124416350833763, 'epsilon': 7.08155179260638e-08, 'hidden_layer_sizes': 133, 'learning_rate_init': 0.06360623276272517, 'tol': 3.492221649877471e-05, 'validation_fraction': 0.30320255956824027}
observation time 0.000007, current best 6.917245 at iter 2
suggestion time taken 11.130641 iter 3 next_points [{'alpha': 3.9207240604107146e-05, 'batch_size': 14, 'beta_1': 0.9884522996779831, 'beta_2': 0.9986663410284919, 'epsilon': 9.130905672027096e-09, 'hidden_layer_sizes': 119, 'learning_rate_init': 0.006683107287658392, 'tol': 0.0009879793720659162, 'validation_fraction': 0.5964775035535419}]
function_evaluation time 0.281331 value 1.540426 suggestion {'alpha': 3.9207240604107146e-05, 'batch_size': 14, 'beta_1': 0.9884522996779831, 'beta_2': 0.9986663410284919, 'epsilon': 9.130905672027096e-09, 'hidden_layer_sizes': 119, 'learning_rate_init': 0.006683107287658392, 'tol': 0.0009879793720659162, 'validation_fraction': 0.5964775035535419}
observation time 0.000005, current best 1.540426 at iter 3
suggestion time taken 10.839594 iter 4 next_points [{'alpha': 0.0007879544366994342, 'batch_size': 11, 'beta_1': 0.8117939852447171, 'beta_2': 0.9986870986231631, 'epsilon': 6.125872695422197e-09, 'hidden_layer_sizes': 109, 'learning_rate_init': 3.610435872235674e-05, 'tol': 0.0003753763046796042, 'validation_fraction': 0.291431868615344}]
function_evaluation time 0.168742 value 18.466249 suggestion {'alpha': 0.0007879544366994342, 'batch_size': 11, 'beta_1': 0.8117939852447171, 'beta_2': 0.9986870986231631, 'epsilon': 6.125872695422197e-09, 'hidden_layer_sizes': 109, 'learning_rate_init': 3.610435872235674e-05, 'tol': 0.0003753763046796042, 'validation_fraction': 0.291431868615344}
observation time 0.000005, current best 1.540426 at iter 4
suggestion time taken 10.739419 iter 5 next_points [{'alpha': 0.000561099065261944, 'batch_size': 20, 'beta_1': 0.9641149748509058, 'beta_2': 0.908117189102385, 'epsilon': 6.651783029469383e-08, 'hidden_layer_sizes': 77, 'learning_rate_init': 0.0009452591033335599, 'tol': 0.0006975565740902743, 'validation_fraction': 0.6822156057541812}]
function_evaluation time 0.113735 value 10.370117 suggestion {'alpha': 0.000561099065261944, 'batch_size': 20, 'beta_1': 0.9641149748509058, 'beta_2': 0.908117189102385, 'epsilon': 6.651783029469383e-08, 'hidden_layer_sizes': 77, 'learning_rate_init': 0.0009452591033335599, 'tol': 0.0006975565740902743, 'validation_fraction': 0.6822156057541812}
observation time 0.000006, current best 1.540426 at iter 5
suggestion time taken 11.095480 iter 6 next_points [{'alpha': 1.6862851555493433e-05, 'batch_size': 54, 'beta_1': 0.9801946202194626, 'beta_2': 0.988470471667081, 'epsilon': 6.2212568930336056e-09, 'hidden_layer_sizes': 105, 'learning_rate_init': 0.006991494472857673, 'tol': 0.0007116362774064863, 'validation_fraction': 0.20802922910827237}]
function_evaluation time 0.137810 value 9.002257 suggestion {'alpha': 1.6862851555493433e-05, 'batch_size': 54, 'beta_1': 0.9801946202194626, 'beta_2': 0.988470471667081, 'epsilon': 6.2212568930336056e-09, 'hidden_layer_sizes': 105, 'learning_rate_init': 0.006991494472857673, 'tol': 0.0007116362774064863, 'validation_fraction': 0.20802922910827237}
observation time 0.000006, current best 1.540426 at iter 6
suggestion time taken 10.805833 iter 7 next_points [{'alpha': 0.3346757725166221, 'batch_size': 19, 'beta_1': 0.7804144958561635, 'beta_2': 0.9999986679396775, 'epsilon': 4.502459495084484e-08, 'hidden_layer_sizes': 51, 'learning_rate_init': 0.0008885297060435755, 'tol': 2.4250173513193007e-05, 'validation_fraction': 0.8494234175991995}]
function_evaluation time 0.066706 value 18.533018 suggestion {'alpha': 0.3346757725166221, 'batch_size': 19, 'beta_1': 0.7804144958561635, 'beta_2': 0.9999986679396775, 'epsilon': 4.502459495084484e-08, 'hidden_layer_sizes': 51, 'learning_rate_init': 0.0008885297060435755, 'tol': 2.4250173513193007e-05, 'validation_fraction': 0.8494234175991995}
observation time 0.000005, current best 1.540426 at iter 7
suggestion time taken 10.804594 iter 8 next_points [{'alpha': 1.769533219003792e-05, 'batch_size': 24, 'beta_1': 0.5133265382876635, 'beta_2': 0.9991901854368641, 'epsilon': 5.420578640065114e-07, 'hidden_layer_sizes': 54, 'learning_rate_init': 0.0005087730247699285, 'tol': 0.09775329275795383, 'validation_fraction': 0.6206025823494786}]
function_evaluation time 0.055794 value 15.244069 suggestion {'alpha': 1.769533219003792e-05, 'batch_size': 24, 'beta_1': 0.5133265382876635, 'beta_2': 0.9991901854368641, 'epsilon': 5.420578640065114e-07, 'hidden_layer_sizes': 54, 'learning_rate_init': 0.0005087730247699285, 'tol': 0.09775329275795383, 'validation_fraction': 0.6206025823494786}
observation time 0.000006, current best 1.540426 at iter 8
suggestion time taken 11.072093 iter 9 next_points [{'alpha': 0.19715887874456445, 'batch_size': 11, 'beta_1': 0.6675986435943885, 'beta_2': 0.9999716742339853, 'epsilon': 2.580771554025053e-07, 'hidden_layer_sizes': 55, 'learning_rate_init': 0.0661890273509156, 'tol': 0.019775863252686963, 'validation_fraction': 0.2112893600646015}]
function_evaluation time 0.174324 value 0.777480 suggestion {'alpha': 0.19715887874456445, 'batch_size': 11, 'beta_1': 0.6675986435943885, 'beta_2': 0.9999716742339853, 'epsilon': 2.580771554025053e-07, 'hidden_layer_sizes': 55, 'learning_rate_init': 0.0661890273509156, 'tol': 0.019775863252686963, 'validation_fraction': 0.2112893600646015}
observation time 0.000006, current best 0.777480 at iter 9
suggestion time taken 10.804150 iter 10 next_points [{'alpha': 0.5008268866721188, 'batch_size': 34, 'beta_1': 0.9660010890296002, 'beta_2': 0.9985392957076177, 'epsilon': 2.6910730435692144e-08, 'hidden_layer_sizes': 62, 'learning_rate_init': 0.00868497947229786, 'tol': 0.00011917733700612934, 'validation_fraction': 0.3134803167642222}]
function_evaluation time 0.216224 value 1.957135 suggestion {'alpha': 0.5008268866721188, 'batch_size': 34, 'beta_1': 0.9660010890296002, 'beta_2': 0.9985392957076177, 'epsilon': 2.6910730435692144e-08, 'hidden_layer_sizes': 62, 'learning_rate_init': 0.00868497947229786, 'tol': 0.00011917733700612934, 'validation_fraction': 0.3134803167642222}
observation time 0.000006, current best 0.777480 at iter 10
suggestion time taken 10.789250 iter 11 next_points [{'alpha': 0.08488412294900331, 'batch_size': 20, 'beta_1': 0.9543515525116271, 'beta_2': 0.9125682173896188, 'epsilon': 3.174567110329476e-09, 'hidden_layer_sizes': 197, 'learning_rate_init': 0.001497893372972284, 'tol': 1.3226955529248465e-05, 'validation_fraction': 0.2668202198103121}]
function_evaluation time 0.252101 value 1.075280 suggestion {'alpha': 0.08488412294900331, 'batch_size': 20, 'beta_1': 0.9543515525116271, 'beta_2': 0.9125682173896188, 'epsilon': 3.174567110329476e-09, 'hidden_layer_sizes': 197, 'learning_rate_init': 0.001497893372972284, 'tol': 1.3226955529248465e-05, 'validation_fraction': 0.2668202198103121}
observation time 0.000006, current best 0.777480 at iter 11
suggestion time taken 11.040058 iter 12 next_points [{'alpha': 0.26936056043484286, 'batch_size': 15, 'beta_1': 0.8169999717987347, 'beta_2': 0.9999936985687115, 'epsilon': 4.8480182159503166e-08, 'hidden_layer_sizes': 153, 'learning_rate_init': 8.34484875985081e-05, 'tol': 2.0381398270011348e-05, 'validation_fraction': 0.8914314315968931}]
function_evaluation time 0.060838 value 19.398027 suggestion {'alpha': 0.26936056043484286, 'batch_size': 15, 'beta_1': 0.8169999717987347, 'beta_2': 0.9999936985687115, 'epsilon': 4.8480182159503166e-08, 'hidden_layer_sizes': 153, 'learning_rate_init': 8.34484875985081e-05, 'tol': 2.0381398270011348e-05, 'validation_fraction': 0.8914314315968931}
observation time 0.000006, current best 0.777480 at iter 12
suggestion time taken 10.825721 iter 13 next_points [{'alpha': 0.00024019927322723085, 'batch_size': 41, 'beta_1': 0.8420919435691795, 'beta_2': 0.9348212320067232, 'epsilon': 2.2869316942462182e-07, 'hidden_layer_sizes': 112, 'learning_rate_init': 9.702200292227021e-05, 'tol': 0.00016241034937900873, 'validation_fraction': 0.6432840892792867}]
function_evaluation time 0.060468 value 20.895745 suggestion {'alpha': 0.00024019927322723085, 'batch_size': 41, 'beta_1': 0.8420919435691795, 'beta_2': 0.9348212320067232, 'epsilon': 2.2869316942462182e-07, 'hidden_layer_sizes': 112, 'learning_rate_init': 9.702200292227021e-05, 'tol': 0.00016241034937900873, 'validation_fraction': 0.6432840892792867}
observation time 0.000006, current best 0.777480 at iter 13
suggestion time taken 10.796779 iter 14 next_points [{'alpha': 0.06908696120690005, 'batch_size': 14, 'beta_1': 0.6210712751724534, 'beta_2': 0.9999814478490985, 'epsilon': 2.1849600879367564e-07, 'hidden_layer_sizes': 163, 'learning_rate_init': 0.004047768664667523, 'tol': 0.04504449669404303, 'validation_fraction': 0.6243636299246816}]
function_evaluation time 0.139988 value 1.677873 suggestion {'alpha': 0.06908696120690005, 'batch_size': 14, 'beta_1': 0.6210712751724534, 'beta_2': 0.9999814478490985, 'epsilon': 2.1849600879367564e-07, 'hidden_layer_sizes': 163, 'learning_rate_init': 0.004047768664667523, 'tol': 0.04504449669404303, 'validation_fraction': 0.6243636299246816}
observation time 0.000007, current best 0.777480 at iter 14
saving meta data: {'args': {'--uuid': '65c29bf5d71f527bb7b430ec53895cab', '-db-root': '/home/ryedida/bbo_challenge_starter_kit/output', '--opt-root': '/home/ryedida/bbo_challenge_starter_kit/example_submissions', '--data-root': None, '--db': 'run_20230424_224500', '--opt': 'smoothness', '--data': 'wine', '--classifier': 'MLP-adam', '--metric': 'nll', '--calls': 15, '--suggestions': 1, '--jobs-file': None, '--verbose': False, 'dry_run': False, 'rev': 'a376313', 'opt_rev': 'x.x.x'}, 'signature': ([{'alpha': 0.019628224813442792, 'batch_size': 182, 'beta_1': 0.9410202200271762, 'beta_2': 0.9998021557676793, 'epsilon': 1.8662266976518e-08, 'hidden_layer_sizes': 147, 'learning_rate_init': 0.0005627932047415167, 'tol': 0.03690557729213761, 'validation_fraction': 0.8846827852548593}, {'alpha': 0.0019982467392329444, 'batch_size': 200, 'beta_1': 0.919111482530466, 'beta_2': 0.9998488260436156, 'epsilon': 5.981221901152555e-07, 'hidden_layer_sizes': 61, 'learning_rate_init': 2.2310905607443014e-05, 'tol': 1.2046852412030316e-05, 'validation_fraction': 0.8117896445826539}, {'alpha': 0.46659545670218433, 'batch_size': 219, 'beta_1': 0.9889789783750891, 'beta_2': 0.9999896868093284, 'epsilon': 2.4234724484675948e-08, 'hidden_layer_sizes': 167, 'learning_rate_init': 2.972334644335654e-05, 'tol': 0.0036281404040243792, 'validation_fraction': 0.17260651658522078}, {'alpha': 4.656005689076002, 'batch_size': 135, 'beta_1': 0.870503881627747, 'beta_2': 0.9948873266941017, 'epsilon': 2.1023308743480125e-07, 'hidden_layer_sizes': 118, 'learning_rate_init': 0.0018781738757161913, 'tol': 1.1889379831773004e-05, 'validation_fraction': 0.6264327093752792}, {'alpha': 0.04705159350400542, 'batch_size': 158, 'beta_1': 0.9870884262730957, 'beta_2': 0.9999596874382349, 'epsilon': 1.1981845126013875e-08, 'hidden_layer_sizes': 116, 'learning_rate_init': 0.00617340520407431, 'tol': 1.741413418158619e-05, 'validation_fraction': 0.6754299026638921}], [16.063962273407764, 23.274250254613083, 19.80193088400322, 3.463918210725012, 15.210579700922176])}
saving results
saving timing
saving suggest log
done
