running: {'--uuid': '6cc080f923a056b9b9b3a12ba5c19a83', '-db-root': '/home/ryedida/bbo_challenge_starter_kit/output', '--opt-root': '/home/ryedida/bbo_challenge_starter_kit/example_submissions', '--data-root': None, '--db': 'run_20230424_224500', '--opt': 'opentuner', '--data': 'wine', '--classifier': 'MLP-adam', '--metric': 'nll', '--calls': 15, '--suggestions': 1, '--jobs-file': None, '--verbose': False, 'dry_run': False, 'rev': 'a376313', 'opt_rev': '0.8.8'}
cmd: python opentuner/optimizer.py -c MLP-adam -d wine -o opentuner -u 6cc080f923a056b9b9b3a12ba5c19a83 -m nll -n 15 -p 1 -dir /home/ryedida/bbo_challenge_starter_kit/output -b run_20230424_224500
/home/ryedida/.local/lib/python3.9/site-packages/sklearn/neural_network/_multilayer_perceptron.py:605: UserWarning: Got `batch_size` less than 1 or larger than sample size. It is going to be clipped
  warnings.warn(

/home/ryedida/.local/lib/python3.9/site-packages/sklearn/neural_network/_multilayer_perceptron.py:605: UserWarning: Got `batch_size` less than 1 or larger than sample size. It is going to be clipped
  warnings.warn(

/home/ryedida/.local/lib/python3.9/site-packages/sklearn/neural_network/_multilayer_perceptron.py:605: UserWarning: Got `batch_size` less than 1 or larger than sample size. It is going to be clipped
  warnings.warn(

/home/ryedida/.local/lib/python3.9/site-packages/sklearn/neural_network/_multilayer_perceptron.py:605: UserWarning: Got `batch_size` less than 1 or larger than sample size. It is going to be clipped
  warnings.warn(

/home/ryedida/.local/lib/python3.9/site-packages/sklearn/neural_network/_multilayer_perceptron.py:605: UserWarning: Got `batch_size` less than 1 or larger than sample size. It is going to be clipped
  warnings.warn(

computed signature: ([{'alpha': 0.019628224813442792, 'batch_size': 182, 'beta_1': 0.9410202200271762, 'beta_2': 0.9998021557676793, 'epsilon': 1.8662266976518e-08, 'hidden_layer_sizes': 147, 'learning_rate_init': 0.0005627932047415167, 'tol': 0.03690557729213761, 'validation_fraction': 0.8846827852548593}, {'alpha': 0.0019982467392329444, 'batch_size': 200, 'beta_1': 0.919111482530466, 'beta_2': 0.9998488260436156, 'epsilon': 5.981221901152555e-07, 'hidden_layer_sizes': 61, 'learning_rate_init': 2.2310905607443014e-05, 'tol': 1.2046852412030316e-05, 'validation_fraction': 0.8117896445826539}, {'alpha': 0.46659545670218433, 'batch_size': 219, 'beta_1': 0.9889789783750891, 'beta_2': 0.9999896868093284, 'epsilon': 2.4234724484675948e-08, 'hidden_layer_sizes': 167, 'learning_rate_init': 2.972334644335654e-05, 'tol': 0.0036281404040243792, 'validation_fraction': 0.17260651658522078}, {'alpha': 4.656005689076002, 'batch_size': 135, 'beta_1': 0.870503881627747, 'beta_2': 0.9948873266941017, 'epsilon': 2.1023308743480125e-07, 'hidden_layer_sizes': 118, 'learning_rate_init': 0.0018781738757161913, 'tol': 1.1889379831773004e-05, 'validation_fraction': 0.6264327093752792}, {'alpha': 0.04705159350400542, 'batch_size': 158, 'beta_1': 0.9870884262730957, 'beta_2': 0.9999596874382349, 'epsilon': 1.1981845126013875e-08, 'hidden_layer_sizes': 116, 'learning_rate_init': 0.00617340520407431, 'tol': 1.741413418158619e-05, 'validation_fraction': 0.6754299026638921}], [16.063962273407764, 23.274250254613083, 19.80193088400322, 3.463918210725012, 15.210579700922176])
/home/ryedida/.local/lib/python3.9/site-packages/bayesmark/signatures.py:85: RuntimeWarning: Signature diverged on MLP-adam_wine_nll betwen [15.51998549 22.35390307 19.16402613  3.37792524 14.64310022] and [16.06396227 23.27425025 19.80193088  3.46391821 15.2105797 ]
  warnings.warn(

Signature errors:
                          0         1         2         3         4       max
MLP-adam_wine_nll  0.543977  0.920347  0.637905  0.085993  0.567479  0.920347
max                0.543977  0.920347  0.637905  0.085993  0.567479  0.920347
starting sklearn study opentuner MLP-adam wine nll 15 1
with data root: None
suggestion time taken 0.031911 iter 0 next_points [{'hidden_layer_sizes': 79, 'alpha': 1.3356366061965703, 'batch_size': 149, 'learning_rate_init': 0.013809181718321396, 'tol': 0.035669708173709784, 'validation_fraction': 0.5360317893309041, 'beta_1': 0.8682381582063387, 'beta_2': 0.9877222711042196, 'epsilon': 6.435679957011709e-07}]
/home/ryedida/.local/lib/python3.9/site-packages/sklearn/neural_network/_multilayer_perceptron.py:605: UserWarning: Got `batch_size` less than 1 or larger than sample size. It is going to be clipped
  warnings.warn(

function_evaluation time 0.091091 value 3.286271 suggestion {'hidden_layer_sizes': 79, 'alpha': 1.3356366061965703, 'batch_size': 149, 'learning_rate_init': 0.013809181718321396, 'tol': 0.035669708173709784, 'validation_fraction': 0.5360317893309041, 'beta_1': 0.8682381582063387, 'beta_2': 0.9877222711042196, 'epsilon': 6.435679957011709e-07}
observation time 0.004267, current best 3.286271 at iter 0
suggestion time taken 0.007782 iter 1 next_points [{'hidden_layer_sizes': 79, 'alpha': 1.3356366061965703, 'batch_size': 165, 'learning_rate_init': 0.017781882141710992, 'tol': 0.035669708173709784, 'validation_fraction': 0.5360317893309041, 'beta_1': 0.8682381582063387, 'beta_2': 0.9877222711042196, 'epsilon': 6.435679957011709e-07}]
/home/ryedida/.local/lib/python3.9/site-packages/sklearn/neural_network/_multilayer_perceptron.py:605: UserWarning: Got `batch_size` less than 1 or larger than sample size. It is going to be clipped
  warnings.warn(

function_evaluation time 0.069352 value 11.283646 suggestion {'hidden_layer_sizes': 79, 'alpha': 1.3356366061965703, 'batch_size': 165, 'learning_rate_init': 0.017781882141710992, 'tol': 0.035669708173709784, 'validation_fraction': 0.5360317893309041, 'beta_1': 0.8682381582063387, 'beta_2': 0.9877222711042196, 'epsilon': 6.435679957011709e-07}
observation time 0.002003, current best 3.286271 at iter 1
suggestion time taken 0.047450 iter 2 next_points [{'batch_size': 250, 'alpha': 4.16305625741098, 'epsilon': 5.453188999532111e-07, 'tol': 0.01236328693649218, 'beta_2': 0.9143964735905604, 'hidden_layer_sizes': 86, 'learning_rate_init': 0.04133072814166077, 'validation_fraction': 0.40242171481207156, 'beta_1': 0.8478814764218663}]
/home/ryedida/.local/lib/python3.9/site-packages/sklearn/neural_network/_multilayer_perceptron.py:605: UserWarning: Got `batch_size` less than 1 or larger than sample size. It is going to be clipped
  warnings.warn(

function_evaluation time 0.124906 value 2.383791 suggestion {'batch_size': 250, 'alpha': 4.16305625741098, 'epsilon': 5.453188999532111e-07, 'tol': 0.01236328693649218, 'beta_2': 0.9143964735905604, 'hidden_layer_sizes': 86, 'learning_rate_init': 0.04133072814166077, 'validation_fraction': 0.40242171481207156, 'beta_1': 0.8478814764218663}
observation time 0.001939, current best 2.383791 at iter 2
suggestion time taken 0.007378 iter 3 next_points [{'batch_size': 250, 'alpha': 2.9658085470434257, 'epsilon': 4.934729166688735e-07, 'tol': 0.01236328693649218, 'beta_2': 0.9143964735905604, 'hidden_layer_sizes': 86, 'learning_rate_init': 0.02955142232823287, 'validation_fraction': 0.47490313312215515, 'beta_1': 0.8583148812160786}]
/home/ryedida/.local/lib/python3.9/site-packages/sklearn/neural_network/_multilayer_perceptron.py:605: UserWarning: Got `batch_size` less than 1 or larger than sample size. It is going to be clipped
  warnings.warn(

function_evaluation time 0.109468 value 7.092373 suggestion {'batch_size': 250, 'alpha': 2.9658085470434257, 'epsilon': 4.934729166688735e-07, 'tol': 0.01236328693649218, 'beta_2': 0.9143964735905604, 'hidden_layer_sizes': 86, 'learning_rate_init': 0.02955142232823287, 'validation_fraction': 0.47490313312215515, 'beta_1': 0.8583148812160786}
observation time 0.001856, current best 2.383791 at iter 3
suggestion time taken 0.005233 iter 4 next_points [{'batch_size': 173, 'alpha': 6.145265466872889, 'epsilon': 7.179184061961431e-07, 'tol': 0.022326386927642595, 'beta_2': 0.9477156510688254, 'hidden_layer_sizes': 98, 'learning_rate_init': 0.029323016274310932, 'validation_fraction': 0.2403827430223845, 'beta_1': 0.8624226655942717}]
/home/ryedida/.local/lib/python3.9/site-packages/sklearn/neural_network/_multilayer_perceptron.py:605: UserWarning: Got `batch_size` less than 1 or larger than sample size. It is going to be clipped
  warnings.warn(

function_evaluation time 0.103162 value 8.864503 suggestion {'batch_size': 173, 'alpha': 6.145265466872889, 'epsilon': 7.179184061961431e-07, 'tol': 0.022326386927642595, 'beta_2': 0.9477156510688254, 'hidden_layer_sizes': 98, 'learning_rate_init': 0.029323016274310932, 'validation_fraction': 0.2403827430223845, 'beta_1': 0.8624226655942717}
observation time 0.001808, current best 2.383791 at iter 4
suggestion time taken 0.005985 iter 5 next_points [{'hidden_layer_sizes': 88, 'alpha': 0.08030812243985179, 'batch_size': 188, 'learning_rate_init': 0.09418940477961717, 'tol': 0.029121131928545308, 'validation_fraction': 0.8933029864111494, 'beta_1': 0.733440220962885, 'beta_2': 0.9297515172289808, 'epsilon': 2.5095241898473355e-07}]
/home/ryedida/.local/lib/python3.9/site-packages/sklearn/neural_network/_multilayer_perceptron.py:605: UserWarning: Got `batch_size` less than 1 or larger than sample size. It is going to be clipped
  warnings.warn(

function_evaluation time 0.071214 value 11.604605 suggestion {'hidden_layer_sizes': 88, 'alpha': 0.08030812243985179, 'batch_size': 188, 'learning_rate_init': 0.09418940477961717, 'tol': 0.029121131928545308, 'validation_fraction': 0.8933029864111494, 'beta_1': 0.733440220962885, 'beta_2': 0.9297515172289808, 'epsilon': 2.5095241898473355e-07}
observation time 0.001965, current best 2.383791 at iter 5
suggestion time taken 0.005907 iter 6 next_points [{'hidden_layer_sizes': 174, 'alpha': 1.6927099766631657, 'batch_size': 244, 'learning_rate_init': 0.03186633920128073, 'tol': 0.004446300929733905, 'validation_fraction': 0.11339737770109865, 'beta_1': 0.5452319089221274, 'beta_2': 0.9735590867524468, 'epsilon': 3.7554908263789835e-07}]
/home/ryedida/.local/lib/python3.9/site-packages/sklearn/neural_network/_multilayer_perceptron.py:605: UserWarning: Got `batch_size` less than 1 or larger than sample size. It is going to be clipped
  warnings.warn(

function_evaluation time 0.073212 value 13.295928 suggestion {'hidden_layer_sizes': 174, 'alpha': 1.6927099766631657, 'batch_size': 244, 'learning_rate_init': 0.03186633920128073, 'tol': 0.004446300929733905, 'validation_fraction': 0.11339737770109865, 'beta_1': 0.5452319089221274, 'beta_2': 0.9735590867524468, 'epsilon': 3.7554908263789835e-07}
observation time 0.002013, current best 2.383791 at iter 6
suggestion time taken 0.005422 iter 7 next_points [{'batch_size': 85, 'alpha': 2.675193821094556, 'epsilon': 8.291954135824776e-07, 'tol': 0.07061079261416651, 'beta_2': 0.9318162369741815, 'hidden_layer_sizes': 95, 'learning_rate_init': 0.030080311898406254, 'validation_fraction': 0.12459268139308835, 'beta_1': 0.7287369774796957}]
function_evaluation time 0.087785 value 2.111978 suggestion {'batch_size': 85, 'alpha': 2.675193821094556, 'epsilon': 8.291954135824776e-07, 'tol': 0.07061079261416651, 'beta_2': 0.9318162369741815, 'hidden_layer_sizes': 95, 'learning_rate_init': 0.030080311898406254, 'validation_fraction': 0.12459268139308835, 'beta_1': 0.7287369774796957}
observation time 0.001877, current best 2.111978 at iter 7
suggestion time taken 0.005308 iter 8 next_points [{'batch_size': 186, 'alpha': 3.0763181598705853, 'epsilon': 8.731782576159853e-07, 'tol': 0.03299138031884901, 'beta_2': 0.9166252193853881, 'hidden_layer_sizes': 74, 'learning_rate_init': 0.07970968064578103, 'validation_fraction': 0.1993508605878085, 'beta_1': 0.5067329563512464}]
/home/ryedida/.local/lib/python3.9/site-packages/sklearn/neural_network/_multilayer_perceptron.py:605: UserWarning: Got `batch_size` less than 1 or larger than sample size. It is going to be clipped
  warnings.warn(

function_evaluation time 0.086771 value 3.312252 suggestion {'batch_size': 186, 'alpha': 3.0763181598705853, 'epsilon': 8.731782576159853e-07, 'tol': 0.03299138031884901, 'beta_2': 0.9166252193853881, 'hidden_layer_sizes': 74, 'learning_rate_init': 0.07970968064578103, 'validation_fraction': 0.1993508605878085, 'beta_1': 0.5067329563512464}
observation time 0.001830, current best 2.111978 at iter 8
suggestion time taken 0.005069 iter 9 next_points [{'batch_size': 187, 'alpha': 0.7395423931536388, 'epsilon': 4.198794331394519e-07, 'tol': 0.07615514030701569, 'beta_2': 0.9997723208274226, 'hidden_layer_sizes': 158, 'learning_rate_init': 0.0051226717953489105, 'validation_fraction': 0.4997673314291168, 'beta_1': 0.9107486107221913}]
/home/ryedida/.local/lib/python3.9/site-packages/sklearn/neural_network/_multilayer_perceptron.py:605: UserWarning: Got `batch_size` less than 1 or larger than sample size. It is going to be clipped
  warnings.warn(

function_evaluation time 0.071635 value 10.687869 suggestion {'batch_size': 187, 'alpha': 0.7395423931536388, 'epsilon': 4.198794331394519e-07, 'tol': 0.07615514030701569, 'beta_2': 0.9997723208274226, 'hidden_layer_sizes': 158, 'learning_rate_init': 0.0051226717953489105, 'validation_fraction': 0.4997673314291168, 'beta_1': 0.9107486107221913}
observation time 0.002090, current best 2.111978 at iter 9
suggestion time taken 0.005373 iter 10 next_points [{'batch_size': 238, 'alpha': 1.2027102695274152, 'epsilon': 3.550891153619441e-07, 'tol': 0.07484643078431101, 'beta_2': 0.9961645832705993, 'hidden_layer_sizes': 147, 'learning_rate_init': 0.05273259734463192, 'validation_fraction': 0.12325477497069492, 'beta_1': 0.8521061675968093}]
/home/ryedida/.local/lib/python3.9/site-packages/sklearn/neural_network/_multilayer_perceptron.py:605: UserWarning: Got `batch_size` less than 1 or larger than sample size. It is going to be clipped
  warnings.warn(

function_evaluation time 0.076788 value 13.102061 suggestion {'batch_size': 238, 'alpha': 1.2027102695274152, 'epsilon': 3.550891153619441e-07, 'tol': 0.07484643078431101, 'beta_2': 0.9961645832705993, 'hidden_layer_sizes': 147, 'learning_rate_init': 0.05273259734463192, 'validation_fraction': 0.12325477497069492, 'beta_1': 0.8521061675968093}
observation time 0.002666, current best 2.111978 at iter 10
suggestion time taken 0.005191 iter 11 next_points [{'batch_size': 57, 'alpha': 6.840733586884367, 'epsilon': 8.185654868658455e-07, 'tol': 0.0500138699667813, 'beta_2': 0.9396627276133934, 'hidden_layer_sizes': 184, 'learning_rate_init': 0.0727906133411546, 'validation_fraction': 0.3164240214711385, 'beta_1': 0.7211219377245244}]
function_evaluation time 0.089017 value 6.108851 suggestion {'batch_size': 57, 'alpha': 6.840733586884367, 'epsilon': 8.185654868658455e-07, 'tol': 0.0500138699667813, 'beta_2': 0.9396627276133934, 'hidden_layer_sizes': 184, 'learning_rate_init': 0.0727906133411546, 'validation_fraction': 0.3164240214711385, 'beta_1': 0.7211219377245244}
observation time 0.001795, current best 2.111978 at iter 11
suggestion time taken 0.006061 iter 12 next_points [{'hidden_layer_sizes': 192, 'alpha': 1.5542266895456383, 'batch_size': 186, 'learning_rate_init': 0.08937847789637125, 'tol': 0.08742418920304022, 'validation_fraction': 0.726062907070475, 'beta_1': 0.880058171987758, 'beta_2': 0.901387963761521, 'epsilon': 8.165907122997519e-07}]
/home/ryedida/.local/lib/python3.9/site-packages/sklearn/neural_network/_multilayer_perceptron.py:605: UserWarning: Got `batch_size` less than 1 or larger than sample size. It is going to be clipped
  warnings.warn(

function_evaluation time 0.066422 value 16.614221 suggestion {'hidden_layer_sizes': 192, 'alpha': 1.5542266895456383, 'batch_size': 186, 'learning_rate_init': 0.08937847789637125, 'tol': 0.08742418920304022, 'validation_fraction': 0.726062907070475, 'beta_1': 0.880058171987758, 'beta_2': 0.901387963761521, 'epsilon': 8.165907122997519e-07}
observation time 0.002050, current best 2.111978 at iter 12
suggestion time taken 0.005988 iter 13 next_points [{'batch_size': 97, 'alpha': 2.493970158590955, 'epsilon': 3.987907760965849e-07, 'tol': 0.008992448761052808, 'beta_2': 0.9781443815860712, 'hidden_layer_sizes': 178, 'learning_rate_init': 0.014712313446251835, 'validation_fraction': 0.22658109579591762, 'beta_1': 0.8062951742250425}]
function_evaluation time 0.138205 value 5.526630 suggestion {'batch_size': 97, 'alpha': 2.493970158590955, 'epsilon': 3.987907760965849e-07, 'tol': 0.008992448761052808, 'beta_2': 0.9781443815860712, 'hidden_layer_sizes': 178, 'learning_rate_init': 0.014712313446251835, 'validation_fraction': 0.22658109579591762, 'beta_1': 0.8062951742250425}
observation time 0.001826, current best 2.111978 at iter 13
suggestion time taken 0.005929 iter 14 next_points [{'hidden_layer_sizes': 79, 'alpha': 2.6688561879183457, 'batch_size': 220, 'learning_rate_init': 0.0423203052202074, 'tol': 0.05851079228292926, 'validation_fraction': 0.5346147892643899, 'beta_1': 0.7354043958114576, 'beta_2': 0.9230879382654994, 'epsilon': 6.914458140777336e-07}]
/home/ryedida/.local/lib/python3.9/site-packages/sklearn/neural_network/_multilayer_perceptron.py:605: UserWarning: Got `batch_size` less than 1 or larger than sample size. It is going to be clipped
  warnings.warn(

function_evaluation time 0.080439 value 2.826848 suggestion {'hidden_layer_sizes': 79, 'alpha': 2.6688561879183457, 'batch_size': 220, 'learning_rate_init': 0.0423203052202074, 'tol': 0.05851079228292926, 'validation_fraction': 0.5346147892643899, 'beta_1': 0.7354043958114576, 'beta_2': 0.9230879382654994, 'epsilon': 6.914458140777336e-07}
observation time 0.002111, current best 2.111978 at iter 14
saving meta data: {'args': {'--uuid': '6cc080f923a056b9b9b3a12ba5c19a83', '-db-root': '/home/ryedida/bbo_challenge_starter_kit/output', '--opt-root': '/home/ryedida/bbo_challenge_starter_kit/example_submissions', '--data-root': None, '--db': 'run_20230424_224500', '--opt': 'opentuner', '--data': 'wine', '--classifier': 'MLP-adam', '--metric': 'nll', '--calls': 15, '--suggestions': 1, '--jobs-file': None, '--verbose': False, 'dry_run': False, 'rev': 'a376313', 'opt_rev': '0.8.8'}, 'signature': ([{'alpha': 0.019628224813442792, 'batch_size': 182, 'beta_1': 0.9410202200271762, 'beta_2': 0.9998021557676793, 'epsilon': 1.8662266976518e-08, 'hidden_layer_sizes': 147, 'learning_rate_init': 0.0005627932047415167, 'tol': 0.03690557729213761, 'validation_fraction': 0.8846827852548593}, {'alpha': 0.0019982467392329444, 'batch_size': 200, 'beta_1': 0.919111482530466, 'beta_2': 0.9998488260436156, 'epsilon': 5.981221901152555e-07, 'hidden_layer_sizes': 61, 'learning_rate_init': 2.2310905607443014e-05, 'tol': 1.2046852412030316e-05, 'validation_fraction': 0.8117896445826539}, {'alpha': 0.46659545670218433, 'batch_size': 219, 'beta_1': 0.9889789783750891, 'beta_2': 0.9999896868093284, 'epsilon': 2.4234724484675948e-08, 'hidden_layer_sizes': 167, 'learning_rate_init': 2.972334644335654e-05, 'tol': 0.0036281404040243792, 'validation_fraction': 0.17260651658522078}, {'alpha': 4.656005689076002, 'batch_size': 135, 'beta_1': 0.870503881627747, 'beta_2': 0.9948873266941017, 'epsilon': 2.1023308743480125e-07, 'hidden_layer_sizes': 118, 'learning_rate_init': 0.0018781738757161913, 'tol': 1.1889379831773004e-05, 'validation_fraction': 0.6264327093752792}, {'alpha': 0.04705159350400542, 'batch_size': 158, 'beta_1': 0.9870884262730957, 'beta_2': 0.9999596874382349, 'epsilon': 1.1981845126013875e-08, 'hidden_layer_sizes': 116, 'learning_rate_init': 0.00617340520407431, 'tol': 1.741413418158619e-05, 'validation_fraction': 0.6754299026638921}], [16.063962273407764, 23.274250254613083, 19.80193088400322, 3.463918210725012, 15.210579700922176])}
saving results
saving timing
saving suggest log
done
