running: {'--uuid': '8e1e5a8ed6b75575af8a47aee296dc4f', '-db-root': '/home/ryedida/bbo_challenge_starter_kit/output', '--opt-root': '/home/ryedida/bbo_challenge_starter_kit/example_submissions', '--data-root': None, '--db': 'run_20230424_224500', '--opt': 'turbo', '--data': 'wine', '--classifier': 'MLP-adam', '--metric': 'acc', '--calls': 15, '--suggestions': 1, '--jobs-file': None, '--verbose': False, 'dry_run': False, 'rev': 'a376313', 'opt_rev': '0.0.1'}
cmd: python turbo/optimizer.py -c MLP-adam -d wine -o turbo -u 8e1e5a8ed6b75575af8a47aee296dc4f -m acc -n 15 -p 1 -dir /home/ryedida/bbo_challenge_starter_kit/output -b run_20230424_224500
/home/ryedida/.local/lib/python3.9/site-packages/sklearn/neural_network/_multilayer_perceptron.py:605: UserWarning: Got `batch_size` less than 1 or larger than sample size. It is going to be clipped
  warnings.warn(

/home/ryedida/.local/lib/python3.9/site-packages/sklearn/neural_network/_multilayer_perceptron.py:605: UserWarning: Got `batch_size` less than 1 or larger than sample size. It is going to be clipped
  warnings.warn(

/home/ryedida/.local/lib/python3.9/site-packages/sklearn/neural_network/_multilayer_perceptron.py:605: UserWarning: Got `batch_size` less than 1 or larger than sample size. It is going to be clipped
  warnings.warn(

/home/ryedida/.local/lib/python3.9/site-packages/sklearn/neural_network/_multilayer_perceptron.py:605: UserWarning: Got `batch_size` less than 1 or larger than sample size. It is going to be clipped
  warnings.warn(

/home/ryedida/.local/lib/python3.9/site-packages/sklearn/neural_network/_multilayer_perceptron.py:605: UserWarning: Got `batch_size` less than 1 or larger than sample size. It is going to be clipped
  warnings.warn(

computed signature: ([{'alpha': 0.019628224813442792, 'batch_size': 182, 'beta_1': 0.9410202200271762, 'beta_2': 0.9998021557676793, 'epsilon': 1.8662266976518e-08, 'hidden_layer_sizes': 147, 'learning_rate_init': 0.0005627932047415167, 'tol': 0.03690557729213761, 'validation_fraction': 0.8846827852548593}, {'alpha': 0.0019982467392329444, 'batch_size': 200, 'beta_1': 0.919111482530466, 'beta_2': 0.9998488260436156, 'epsilon': 5.981221901152555e-07, 'hidden_layer_sizes': 61, 'learning_rate_init': 2.2310905607443014e-05, 'tol': 1.2046852412030316e-05, 'validation_fraction': 0.8117896445826539}, {'alpha': 0.46659545670218433, 'batch_size': 219, 'beta_1': 0.9889789783750891, 'beta_2': 0.9999896868093284, 'epsilon': 2.4234724484675948e-08, 'hidden_layer_sizes': 167, 'learning_rate_init': 2.972334644335654e-05, 'tol': 0.0036281404040243792, 'validation_fraction': 0.17260651658522078}, {'alpha': 4.656005689076002, 'batch_size': 135, 'beta_1': 0.870503881627747, 'beta_2': 0.9948873266941017, 'epsilon': 2.1023308743480125e-07, 'hidden_layer_sizes': 118, 'learning_rate_init': 0.0018781738757161913, 'tol': 1.1889379831773004e-05, 'validation_fraction': 0.6264327093752792}, {'alpha': 0.04705159350400542, 'batch_size': 158, 'beta_1': 0.9870884262730957, 'beta_2': 0.9999596874382349, 'epsilon': 1.1981845126013875e-08, 'hidden_layer_sizes': 116, 'learning_rate_init': 0.00617340520407431, 'tol': 1.741413418158619e-05, 'validation_fraction': 0.6754299026638921}], [-0.4359605911330049, -0.3169950738916256, -0.3312807881773399, -0.6620689655172413, -0.5017241379310344])
Signature errors:
                     0    1    2    3    4  max
MLP-adam_wine_acc  0.0  0.0  0.0  0.0  0.0  0.0
max                0.0  0.0  0.0  0.0  0.0  0.0
starting sklearn study turbo MLP-adam wine acc 15 1
with data root: None
suggestion time taken 0.002149 iter 0 next_points [{'alpha': 0.01676646006187094, 'batch_size': 153, 'beta_1': 0.9205895107251502, 'beta_2': 0.9999673753127648, 'epsilon': 8.105777575167245e-07, 'hidden_layer_sizes': 81, 'learning_rate_init': 0.0009462718830439553, 'tol': 6.537048687611311e-05, 'validation_fraction': 0.8961709341792848}]
/home/ryedida/.local/lib/python3.9/site-packages/sklearn/neural_network/_multilayer_perceptron.py:605: UserWarning: Got `batch_size` less than 1 or larger than sample size. It is going to be clipped
  warnings.warn(

function_evaluation time 0.059418 value -0.409852 suggestion {'alpha': 0.01676646006187094, 'batch_size': 153, 'beta_1': 0.9205895107251502, 'beta_2': 0.9999673753127648, 'epsilon': 8.105777575167245e-07, 'hidden_layer_sizes': 81, 'learning_rate_init': 0.0009462718830439553, 'tol': 6.537048687611311e-05, 'validation_fraction': 0.8961709341792848}
observation time 0.001404, current best -0.409852 at iter 0
suggestion time taken 0.001795 iter 1 next_points [{'alpha': 5.15631647520855, 'batch_size': 149, 'beta_1': 0.9885428683644081, 'beta_2': 0.9801519763419604, 'epsilon': 1.0556082890030719e-09, 'hidden_layer_sizes': 119, 'learning_rate_init': 2.655112810233472e-05, 'tol': 0.004780508989997503, 'validation_fraction': 0.6961182622824861}]
/home/ryedida/.local/lib/python3.9/site-packages/sklearn/neural_network/_multilayer_perceptron.py:605: UserWarning: Got `batch_size` less than 1 or larger than sample size. It is going to be clipped
  warnings.warn(

function_evaluation time 0.046388 value -0.337931 suggestion {'alpha': 5.15631647520855, 'batch_size': 149, 'beta_1': 0.9885428683644081, 'beta_2': 0.9801519763419604, 'epsilon': 1.0556082890030719e-09, 'hidden_layer_sizes': 119, 'learning_rate_init': 2.655112810233472e-05, 'tol': 0.004780508989997503, 'validation_fraction': 0.6961182622824861}
observation time 0.001440, current best -0.409852 at iter 1
suggestion time taken 0.001786 iter 2 next_points [{'alpha': 7.807975077379998e-05, 'batch_size': 169, 'beta_1': 0.9413175019469494, 'beta_2': 0.9983256257409445, 'epsilon': 2.917398606484352e-08, 'hidden_layer_sizes': 172, 'learning_rate_init': 0.02281985541315573, 'tol': 2.942162831254608e-05, 'validation_fraction': 0.4319238860196628}]
/home/ryedida/.local/lib/python3.9/site-packages/sklearn/neural_network/_multilayer_perceptron.py:605: UserWarning: Got `batch_size` less than 1 or larger than sample size. It is going to be clipped
  warnings.warn(

function_evaluation time 0.126012 value -0.683744 suggestion {'alpha': 7.807975077379998e-05, 'batch_size': 169, 'beta_1': 0.9413175019469494, 'beta_2': 0.9983256257409445, 'epsilon': 2.917398606484352e-08, 'hidden_layer_sizes': 172, 'learning_rate_init': 0.02281985541315573, 'tol': 2.942162831254608e-05, 'validation_fraction': 0.4319238860196628}
observation time 0.001391, current best -0.683744 at iter 2
suggestion time taken 0.001750 iter 3 next_points [{'alpha': 0.0005393286407112162, 'batch_size': 181, 'beta_1': 0.9806681832411327, 'beta_2': 0.9910725766241699, 'epsilon': 2.0533956952546938e-09, 'hidden_layer_sizes': 167, 'learning_rate_init': 0.0006334685630788196, 'tol': 1.5513307644995716e-05, 'validation_fraction': 0.39452825123139285}]
/home/ryedida/.local/lib/python3.9/site-packages/sklearn/neural_network/_multilayer_perceptron.py:605: UserWarning: Got `batch_size` less than 1 or larger than sample size. It is going to be clipped
  warnings.warn(

function_evaluation time 0.074480 value -0.478571 suggestion {'alpha': 0.0005393286407112162, 'batch_size': 181, 'beta_1': 0.9806681832411327, 'beta_2': 0.9910725766241699, 'epsilon': 2.0533956952546938e-09, 'hidden_layer_sizes': 167, 'learning_rate_init': 0.0006334685630788196, 'tol': 1.5513307644995716e-05, 'validation_fraction': 0.39452825123139285}
observation time 0.001634, current best -0.683744 at iter 3
suggestion time taken 0.001779 iter 4 next_points [{'alpha': 0.0024797123008798577, 'batch_size': 80, 'beta_1': 0.6489534841894785, 'beta_2': 0.999997708466543, 'epsilon': 1.536968192622758e-07, 'hidden_layer_sizes': 154, 'learning_rate_init': 0.00692961837196702, 'tol': 8.59579861980169e-05, 'validation_fraction': 0.33294436653883347}]
function_evaluation time 0.097834 value -0.662069 suggestion {'alpha': 0.0024797123008798577, 'batch_size': 80, 'beta_1': 0.6489534841894785, 'beta_2': 0.999997708466543, 'epsilon': 1.536968192622758e-07, 'hidden_layer_sizes': 154, 'learning_rate_init': 0.00692961837196702, 'tol': 8.59579861980169e-05, 'validation_fraction': 0.33294436653883347}
observation time 0.001422, current best -0.683744 at iter 4
suggestion time taken 0.001762 iter 5 next_points [{'alpha': 0.000813155662709545, 'batch_size': 228, 'beta_1': 0.7302701106241208, 'beta_2': 0.9999942373995415, 'epsilon': 2.833209517805247e-09, 'hidden_layer_sizes': 50, 'learning_rate_init': 0.00011662799804964105, 'tol': 0.0020067123319131124, 'validation_fraction': 0.12722096294037302}]
/home/ryedida/.local/lib/python3.9/site-packages/sklearn/neural_network/_multilayer_perceptron.py:605: UserWarning: Got `batch_size` less than 1 or larger than sample size. It is going to be clipped
  warnings.warn(

function_evaluation time 0.042352 value -0.345320 suggestion {'alpha': 0.000813155662709545, 'batch_size': 228, 'beta_1': 0.7302701106241208, 'beta_2': 0.9999942373995415, 'epsilon': 2.833209517805247e-09, 'hidden_layer_sizes': 50, 'learning_rate_init': 0.00011662799804964105, 'tol': 0.0020067123319131124, 'validation_fraction': 0.12722096294037302}
observation time 0.001398, current best -0.683744 at iter 5
suggestion time taken 0.001748 iter 6 next_points [{'alpha': 1.0825575611560399e-05, 'batch_size': 51, 'beta_1': 0.9669378429422086, 'beta_2': 0.9999583947525621, 'epsilon': 1.884674268261099e-07, 'hidden_layer_sizes': 180, 'learning_rate_init': 1.0234653910115386e-05, 'tol': 0.0026551624831261, 'validation_fraction': 0.28739895540763827}]
function_evaluation time 0.062504 value -0.316995 suggestion {'alpha': 1.0825575611560399e-05, 'batch_size': 51, 'beta_1': 0.9669378429422086, 'beta_2': 0.9999583947525621, 'epsilon': 1.884674268261099e-07, 'hidden_layer_sizes': 180, 'learning_rate_init': 1.0234653910115386e-05, 'tol': 0.0026551624831261, 'validation_fraction': 0.28739895540763827}
observation time 0.001407, current best -0.683744 at iter 6
suggestion time taken 0.002051 iter 7 next_points [{'alpha': 0.5040389125045328, 'batch_size': 48, 'beta_1': 0.9515239805851147, 'beta_2': 0.9287920910077802, 'epsilon': 5.963489806916809e-08, 'hidden_layer_sizes': 150, 'learning_rate_init': 0.00036047278193465063, 'tol': 0.00028742264588699104, 'validation_fraction': 0.6177293814026912}]
function_evaluation time 0.051540 value -0.387931 suggestion {'alpha': 0.5040389125045328, 'batch_size': 48, 'beta_1': 0.9515239805851147, 'beta_2': 0.9287920910077802, 'epsilon': 5.963489806916809e-08, 'hidden_layer_sizes': 150, 'learning_rate_init': 0.00036047278193465063, 'tol': 0.00028742264588699104, 'validation_fraction': 0.6177293814026912}
observation time 0.001419, current best -0.683744 at iter 7
suggestion time taken 0.001760 iter 8 next_points [{'alpha': 0.005154882241463746, 'batch_size': 101, 'beta_1': 0.5150365316837159, 'beta_2': 0.9962179424688462, 'epsilon': 4.2689633489092183e-07, 'hidden_layer_sizes': 103, 'learning_rate_init': 0.07669556957076598, 'tol': 0.027698805075243357, 'validation_fraction': 0.8694909676427066}]
/home/ryedida/.local/lib/python3.9/site-packages/sklearn/neural_network/_multilayer_perceptron.py:605: UserWarning: Got `batch_size` less than 1 or larger than sample size. It is going to be clipped
  warnings.warn(

function_evaluation time 0.084589 value -0.655665 suggestion {'alpha': 0.005154882241463746, 'batch_size': 101, 'beta_1': 0.5150365316837159, 'beta_2': 0.9962179424688462, 'epsilon': 4.2689633489092183e-07, 'hidden_layer_sizes': 103, 'learning_rate_init': 0.07669556957076598, 'tol': 0.027698805075243357, 'validation_fraction': 0.8694909676427066}
observation time 0.001460, current best -0.683744 at iter 8
suggestion time taken 0.001929 iter 9 next_points [{'alpha': 1.251181853528098, 'batch_size': 218, 'beta_1': 0.8597389016360387, 'beta_2': 0.9989550684474308, 'epsilon': 5.240157823372781e-09, 'hidden_layer_sizes': 133, 'learning_rate_init': 0.0023106831539683515, 'tol': 0.09782093919833938, 'validation_fraction': 0.1603008248694888}]
/home/ryedida/.local/lib/python3.9/site-packages/sklearn/neural_network/_multilayer_perceptron.py:605: UserWarning: Got `batch_size` less than 1 or larger than sample size. It is going to be clipped
  warnings.warn(

function_evaluation time 0.061374 value -0.451232 suggestion {'alpha': 1.251181853528098, 'batch_size': 218, 'beta_1': 0.8597389016360387, 'beta_2': 0.9989550684474308, 'epsilon': 5.240157823372781e-09, 'hidden_layer_sizes': 133, 'learning_rate_init': 0.0023106831539683515, 'tol': 0.09782093919833938, 'validation_fraction': 0.1603008248694888}
observation time 0.001355, current best -0.683744 at iter 9
suggestion time taken 0.001711 iter 10 next_points [{'alpha': 0.012629012356725118, 'batch_size': 187, 'beta_1': 0.9097032547989643, 'beta_2': 0.9992169948583591, 'epsilon': 1.0340793835306147e-07, 'hidden_layer_sizes': 92, 'learning_rate_init': 0.010729667709688914, 'tol': 1.796185475410227e-05, 'validation_fraction': 0.816538584967846}]
/home/ryedida/.local/lib/python3.9/site-packages/sklearn/neural_network/_multilayer_perceptron.py:605: UserWarning: Got `batch_size` less than 1 or larger than sample size. It is going to be clipped
  warnings.warn(

function_evaluation time 0.116107 value -0.753448 suggestion {'alpha': 0.012629012356725118, 'batch_size': 187, 'beta_1': 0.9097032547989643, 'beta_2': 0.9992169948583591, 'epsilon': 1.0340793835306147e-07, 'hidden_layer_sizes': 92, 'learning_rate_init': 0.010729667709688914, 'tol': 1.796185475410227e-05, 'validation_fraction': 0.816538584967846}
observation time 0.001364, current best -0.753448 at iter 10
suggestion time taken 0.001851 iter 11 next_points [{'alpha': 0.5977208560410996, 'batch_size': 24, 'beta_1': 0.8405969609017069, 'beta_2': 0.9660500037202684, 'epsilon': 9.441250130638838e-09, 'hidden_layer_sizes': 142, 'learning_rate_init': 7.568264087435025e-05, 'tol': 0.04488215832238965, 'validation_fraction': 0.8303728751564302}]
function_evaluation time 0.047865 value -0.352217 suggestion {'alpha': 0.5977208560410996, 'batch_size': 24, 'beta_1': 0.8405969609017069, 'beta_2': 0.9660500037202684, 'epsilon': 9.441250130638838e-09, 'hidden_layer_sizes': 142, 'learning_rate_init': 7.568264087435025e-05, 'tol': 0.04488215832238965, 'validation_fraction': 0.8303728751564302}
observation time 0.001476, current best -0.753448 at iter 11
suggestion time taken 0.001796 iter 12 next_points [{'alpha': 0.040879274512043554, 'batch_size': 67, 'beta_1': 0.9763908877485478, 'beta_2': 0.9999983411109429, 'epsilon': 7.723124582024997e-09, 'hidden_layer_sizes': 191, 'learning_rate_init': 5.917766200914692e-05, 'tol': 0.007389793337027222, 'validation_fraction': 0.23880742849140088}]
function_evaluation time 0.069804 value -0.337931 suggestion {'alpha': 0.040879274512043554, 'batch_size': 67, 'beta_1': 0.9763908877485478, 'beta_2': 0.9999983411109429, 'epsilon': 7.723124582024997e-09, 'hidden_layer_sizes': 191, 'learning_rate_init': 5.917766200914692e-05, 'tol': 0.007389793337027222, 'validation_fraction': 0.23880742849140088}
observation time 0.001398, current best -0.753448 at iter 12
suggestion time taken 0.001715 iter 13 next_points [{'alpha': 0.0001242702951241946, 'batch_size': 98, 'beta_1': 0.5773499695071913, 'beta_2': 0.9999915238604619, 'epsilon': 2.4422359452269833e-07, 'hidden_layer_sizes': 111, 'learning_rate_init': 2.3025459851877196e-05, 'tol': 0.014253843220988924, 'validation_fraction': 0.1910991271991256}]
function_evaluation time 0.051279 value -0.337931 suggestion {'alpha': 0.0001242702951241946, 'batch_size': 98, 'beta_1': 0.5773499695071913, 'beta_2': 0.9999915238604619, 'epsilon': 2.4422359452269833e-07, 'hidden_layer_sizes': 111, 'learning_rate_init': 2.3025459851877196e-05, 'tol': 0.014253843220988924, 'validation_fraction': 0.1910991271991256}
observation time 0.001486, current best -0.753448 at iter 13
suggestion time taken 0.001875 iter 14 next_points [{'alpha': 4.041749408157176e-05, 'batch_size': 20, 'beta_1': 0.9872967823760261, 'beta_2': 0.999925001441442, 'epsilon': 3.7122943718112005e-09, 'hidden_layer_sizes': 123, 'learning_rate_init': 0.05671648864422805, 'tol': 0.014828269939141752, 'validation_fraction': 0.10815316429589451}]
function_evaluation time 0.117260 value -0.549261 suggestion {'alpha': 4.041749408157176e-05, 'batch_size': 20, 'beta_1': 0.9872967823760261, 'beta_2': 0.999925001441442, 'epsilon': 3.7122943718112005e-09, 'hidden_layer_sizes': 123, 'learning_rate_init': 0.05671648864422805, 'tol': 0.014828269939141752, 'validation_fraction': 0.10815316429589451}
observation time 0.001433, current best -0.753448 at iter 14
saving meta data: {'args': {'--uuid': '8e1e5a8ed6b75575af8a47aee296dc4f', '-db-root': '/home/ryedida/bbo_challenge_starter_kit/output', '--opt-root': '/home/ryedida/bbo_challenge_starter_kit/example_submissions', '--data-root': None, '--db': 'run_20230424_224500', '--opt': 'turbo', '--data': 'wine', '--classifier': 'MLP-adam', '--metric': 'acc', '--calls': 15, '--suggestions': 1, '--jobs-file': None, '--verbose': False, 'dry_run': False, 'rev': 'a376313', 'opt_rev': '0.0.1'}, 'signature': ([{'alpha': 0.019628224813442792, 'batch_size': 182, 'beta_1': 0.9410202200271762, 'beta_2': 0.9998021557676793, 'epsilon': 1.8662266976518e-08, 'hidden_layer_sizes': 147, 'learning_rate_init': 0.0005627932047415167, 'tol': 0.03690557729213761, 'validation_fraction': 0.8846827852548593}, {'alpha': 0.0019982467392329444, 'batch_size': 200, 'beta_1': 0.919111482530466, 'beta_2': 0.9998488260436156, 'epsilon': 5.981221901152555e-07, 'hidden_layer_sizes': 61, 'learning_rate_init': 2.2310905607443014e-05, 'tol': 1.2046852412030316e-05, 'validation_fraction': 0.8117896445826539}, {'alpha': 0.46659545670218433, 'batch_size': 219, 'beta_1': 0.9889789783750891, 'beta_2': 0.9999896868093284, 'epsilon': 2.4234724484675948e-08, 'hidden_layer_sizes': 167, 'learning_rate_init': 2.972334644335654e-05, 'tol': 0.0036281404040243792, 'validation_fraction': 0.17260651658522078}, {'alpha': 4.656005689076002, 'batch_size': 135, 'beta_1': 0.870503881627747, 'beta_2': 0.9948873266941017, 'epsilon': 2.1023308743480125e-07, 'hidden_layer_sizes': 118, 'learning_rate_init': 0.0018781738757161913, 'tol': 1.1889379831773004e-05, 'validation_fraction': 0.6264327093752792}, {'alpha': 0.04705159350400542, 'batch_size': 158, 'beta_1': 0.9870884262730957, 'beta_2': 0.9999596874382349, 'epsilon': 1.1981845126013875e-08, 'hidden_layer_sizes': 116, 'learning_rate_init': 0.00617340520407431, 'tol': 1.741413418158619e-05, 'validation_fraction': 0.6754299026638921}], [-0.4359605911330049, -0.3169950738916256, -0.3312807881773399, -0.6620689655172413, -0.5017241379310344])}
saving results
saving timing
saving suggest log
done
