running: {'--uuid': 'a3444e46cf215659a4b21b3c9db4e36a', '-db-root': '/home/ryedida/bbo_challenge_starter_kit/output', '--opt-root': '/home/ryedida/bbo_challenge_starter_kit/example_submissions', '--data-root': None, '--db': 'run_20230424_224500', '--opt': 'opentuner', '--data': 'wine', '--classifier': 'MLP-adam', '--metric': 'nll', '--calls': 15, '--suggestions': 1, '--jobs-file': None, '--verbose': False, 'dry_run': False, 'rev': 'a376313', 'opt_rev': '0.8.8'}
cmd: python opentuner/optimizer.py -c MLP-adam -d wine -o opentuner -u a3444e46cf215659a4b21b3c9db4e36a -m nll -n 15 -p 1 -dir /home/ryedida/bbo_challenge_starter_kit/output -b run_20230424_224500
/home/ryedida/.local/lib/python3.9/site-packages/sklearn/neural_network/_multilayer_perceptron.py:605: UserWarning: Got `batch_size` less than 1 or larger than sample size. It is going to be clipped
  warnings.warn(

/home/ryedida/.local/lib/python3.9/site-packages/sklearn/neural_network/_multilayer_perceptron.py:605: UserWarning: Got `batch_size` less than 1 or larger than sample size. It is going to be clipped
  warnings.warn(

/home/ryedida/.local/lib/python3.9/site-packages/sklearn/neural_network/_multilayer_perceptron.py:605: UserWarning: Got `batch_size` less than 1 or larger than sample size. It is going to be clipped
  warnings.warn(

/home/ryedida/.local/lib/python3.9/site-packages/sklearn/neural_network/_multilayer_perceptron.py:605: UserWarning: Got `batch_size` less than 1 or larger than sample size. It is going to be clipped
  warnings.warn(

/home/ryedida/.local/lib/python3.9/site-packages/sklearn/neural_network/_multilayer_perceptron.py:605: UserWarning: Got `batch_size` less than 1 or larger than sample size. It is going to be clipped
  warnings.warn(

computed signature: ([{'alpha': 0.019628224813442792, 'batch_size': 182, 'beta_1': 0.9410202200271762, 'beta_2': 0.9998021557676793, 'epsilon': 1.8662266976518e-08, 'hidden_layer_sizes': 147, 'learning_rate_init': 0.0005627932047415167, 'tol': 0.03690557729213761, 'validation_fraction': 0.8846827852548593}, {'alpha': 0.0019982467392329444, 'batch_size': 200, 'beta_1': 0.919111482530466, 'beta_2': 0.9998488260436156, 'epsilon': 5.981221901152555e-07, 'hidden_layer_sizes': 61, 'learning_rate_init': 2.2310905607443014e-05, 'tol': 1.2046852412030316e-05, 'validation_fraction': 0.8117896445826539}, {'alpha': 0.46659545670218433, 'batch_size': 219, 'beta_1': 0.9889789783750891, 'beta_2': 0.9999896868093284, 'epsilon': 2.4234724484675948e-08, 'hidden_layer_sizes': 167, 'learning_rate_init': 2.972334644335654e-05, 'tol': 0.0036281404040243792, 'validation_fraction': 0.17260651658522078}, {'alpha': 4.656005689076002, 'batch_size': 135, 'beta_1': 0.870503881627747, 'beta_2': 0.9948873266941017, 'epsilon': 2.1023308743480125e-07, 'hidden_layer_sizes': 118, 'learning_rate_init': 0.0018781738757161913, 'tol': 1.1889379831773004e-05, 'validation_fraction': 0.6264327093752792}, {'alpha': 0.04705159350400542, 'batch_size': 158, 'beta_1': 0.9870884262730957, 'beta_2': 0.9999596874382349, 'epsilon': 1.1981845126013875e-08, 'hidden_layer_sizes': 116, 'learning_rate_init': 0.00617340520407431, 'tol': 1.741413418158619e-05, 'validation_fraction': 0.6754299026638921}], [16.063962273407764, 23.274250254613083, 19.80193088400322, 3.463918210725012, 15.210579700922176])
/home/ryedida/.local/lib/python3.9/site-packages/bayesmark/signatures.py:85: RuntimeWarning: Signature diverged on MLP-adam_wine_nll betwen [15.51998549 22.35390307 19.16402613  3.37792524 14.64310022] and [16.06396227 23.27425025 19.80193088  3.46391821 15.2105797 ]
  warnings.warn(

Signature errors:
                          0         1         2         3         4       max
MLP-adam_wine_nll  0.543977  0.920347  0.637905  0.085993  0.567479  0.920347
max                0.543977  0.920347  0.637905  0.085993  0.567479  0.920347
starting sklearn study opentuner MLP-adam wine nll 15 1
with data root: None
suggestion time taken 0.056141 iter 0 next_points [{'hidden_layer_sizes': 173, 'alpha': 6.316294310609327, 'batch_size': 238, 'learning_rate_init': 0.09498861341477897, 'tol': 0.061912354910704064, 'validation_fraction': 0.18045011851031723, 'beta_1': 0.5995973185112724, 'beta_2': 0.9204218733970333, 'epsilon': 4.1138687159655753e-07}]
/home/ryedida/.local/lib/python3.9/site-packages/sklearn/neural_network/_multilayer_perceptron.py:605: UserWarning: Got `batch_size` less than 1 or larger than sample size. It is going to be clipped
  warnings.warn(

function_evaluation time 0.093535 value 3.042668 suggestion {'hidden_layer_sizes': 173, 'alpha': 6.316294310609327, 'batch_size': 238, 'learning_rate_init': 0.09498861341477897, 'tol': 0.061912354910704064, 'validation_fraction': 0.18045011851031723, 'beta_1': 0.5995973185112724, 'beta_2': 0.9204218733970333, 'epsilon': 4.1138687159655753e-07}
observation time 0.004231, current best 3.042668 at iter 0
suggestion time taken 0.007766 iter 1 next_points [{'hidden_layer_sizes': 173, 'alpha': 7.812920572720451, 'batch_size': 238, 'learning_rate_init': 0.09498861341477897, 'tol': 0.061912354910704064, 'validation_fraction': 0.30787373024663833, 'beta_1': 0.6663191312937784, 'beta_2': 0.9204218733970333, 'epsilon': 4.6354299301828896e-07}]
/home/ryedida/.local/lib/python3.9/site-packages/sklearn/neural_network/_multilayer_perceptron.py:605: UserWarning: Got `batch_size` less than 1 or larger than sample size. It is going to be clipped
  warnings.warn(

function_evaluation time 0.081171 value 3.495988 suggestion {'hidden_layer_sizes': 173, 'alpha': 7.812920572720451, 'batch_size': 238, 'learning_rate_init': 0.09498861341477897, 'tol': 0.061912354910704064, 'validation_fraction': 0.30787373024663833, 'beta_1': 0.6663191312937784, 'beta_2': 0.9204218733970333, 'epsilon': 4.6354299301828896e-07}
observation time 0.002096, current best 3.042668 at iter 1
suggestion time taken 0.021489 iter 2 next_points [{'epsilon': 2.926423909038457e-07, 'learning_rate_init': 0.025204578090730335, 'batch_size': 244, 'beta_1': 0.665701822725937, 'validation_fraction': 0.4055338725834796, 'alpha': 0.4618314349421299, 'tol': 0.08761203664963906, 'beta_2': 0.9412855062216291, 'hidden_layer_sizes': 80}]
/home/ryedida/.local/lib/python3.9/site-packages/sklearn/neural_network/_multilayer_perceptron.py:605: UserWarning: Got `batch_size` less than 1 or larger than sample size. It is going to be clipped
  warnings.warn(

function_evaluation time 0.065927 value 10.411787 suggestion {'epsilon': 2.926423909038457e-07, 'learning_rate_init': 0.025204578090730335, 'batch_size': 244, 'beta_1': 0.665701822725937, 'validation_fraction': 0.4055338725834796, 'alpha': 0.4618314349421299, 'tol': 0.08761203664963906, 'beta_2': 0.9412855062216291, 'hidden_layer_sizes': 80}
observation time 0.002047, current best 3.042668 at iter 2
suggestion time taken 0.006688 iter 3 next_points [{'hidden_layer_sizes': 94, 'alpha': 6.316294310609327, 'batch_size': 238, 'learning_rate_init': 0.09498861341477897, 'tol': 0.061912354910704064, 'validation_fraction': 0.18045011851031723, 'beta_1': 0.5995973185112724, 'beta_2': 0.9204218733970333, 'epsilon': 4.1138687159655753e-07}]
/home/ryedida/.local/lib/python3.9/site-packages/sklearn/neural_network/_multilayer_perceptron.py:605: UserWarning: Got `batch_size` less than 1 or larger than sample size. It is going to be clipped
  warnings.warn(

function_evaluation time 0.090606 value 5.196783 suggestion {'hidden_layer_sizes': 94, 'alpha': 6.316294310609327, 'batch_size': 238, 'learning_rate_init': 0.09498861341477897, 'tol': 0.061912354910704064, 'validation_fraction': 0.18045011851031723, 'beta_1': 0.5995973185112724, 'beta_2': 0.9204218733970333, 'epsilon': 4.1138687159655753e-07}
observation time 0.001835, current best 3.042668 at iter 3
suggestion time taken 0.005080 iter 4 next_points [{'hidden_layer_sizes': 59, 'alpha': 8.11517811695719, 'batch_size': 213, 'learning_rate_init': 0.014504440766290806, 'tol': 0.04428566635771152, 'validation_fraction': 0.3259615460287555, 'beta_1': 0.7794756187416129, 'beta_2': 0.9487787271542966, 'epsilon': 4.4982654792743895e-07}]
/home/ryedida/.local/lib/python3.9/site-packages/sklearn/neural_network/_multilayer_perceptron.py:605: UserWarning: Got `batch_size` less than 1 or larger than sample size. It is going to be clipped
  warnings.warn(

function_evaluation time 0.065486 value 9.796374 suggestion {'hidden_layer_sizes': 59, 'alpha': 8.11517811695719, 'batch_size': 213, 'learning_rate_init': 0.014504440766290806, 'tol': 0.04428566635771152, 'validation_fraction': 0.3259615460287555, 'beta_1': 0.7794756187416129, 'beta_2': 0.9487787271542966, 'epsilon': 4.4982654792743895e-07}
observation time 0.001868, current best 3.042668 at iter 4
suggestion time taken 0.005279 iter 5 next_points [{'hidden_layer_sizes': 119, 'alpha': 4.714935387767506, 'batch_size': 171, 'learning_rate_init': 0.032267063573237324, 'tol': 0.011429234360830143, 'validation_fraction': 0.6604020257200172, 'beta_1': 0.6246259243231498, 'beta_2': 0.9042731767034377, 'epsilon': 7.031434402787463e-07}]
/home/ryedida/.local/lib/python3.9/site-packages/sklearn/neural_network/_multilayer_perceptron.py:605: UserWarning: Got `batch_size` less than 1 or larger than sample size. It is going to be clipped
  warnings.warn(

function_evaluation time 0.117413 value 3.305382 suggestion {'hidden_layer_sizes': 119, 'alpha': 4.714935387767506, 'batch_size': 171, 'learning_rate_init': 0.032267063573237324, 'tol': 0.011429234360830143, 'validation_fraction': 0.6604020257200172, 'beta_1': 0.6246259243231498, 'beta_2': 0.9042731767034377, 'epsilon': 7.031434402787463e-07}
observation time 0.001805, current best 3.042668 at iter 5
suggestion time taken 0.005189 iter 6 next_points [{'hidden_layer_sizes': 140, 'alpha': 8.030737669467085, 'batch_size': 149, 'learning_rate_init': 0.018640576518983366, 'tol': 0.0013339389477135433, 'validation_fraction': 0.13556142028202178, 'beta_1': 0.6896843140129029, 'beta_2': 0.9115907152876556, 'epsilon': 2.7636847846398873e-07}]
/home/ryedida/.local/lib/python3.9/site-packages/sklearn/neural_network/_multilayer_perceptron.py:605: UserWarning: Got `batch_size` less than 1 or larger than sample size. It is going to be clipped
  warnings.warn(

function_evaluation time 0.103956 value 5.935594 suggestion {'hidden_layer_sizes': 140, 'alpha': 8.030737669467085, 'batch_size': 149, 'learning_rate_init': 0.018640576518983366, 'tol': 0.0013339389477135433, 'validation_fraction': 0.13556142028202178, 'beta_1': 0.6896843140129029, 'beta_2': 0.9115907152876556, 'epsilon': 2.7636847846398873e-07}
observation time 0.001881, current best 3.042668 at iter 6
suggestion time taken 0.005853 iter 7 next_points [{'hidden_layer_sizes': 164, 'alpha': 1.103641282646286, 'batch_size': 214, 'learning_rate_init': 0.02326138180773445, 'tol': 0.054683209964047234, 'validation_fraction': 0.8779544982429013, 'beta_1': 0.827829139580198, 'beta_2': 0.9109509938762418, 'epsilon': 1.2090652470927898e-07}]
/home/ryedida/.local/lib/python3.9/site-packages/sklearn/neural_network/_multilayer_perceptron.py:605: UserWarning: Got `batch_size` less than 1 or larger than sample size. It is going to be clipped
  warnings.warn(

function_evaluation time 0.076741 value 11.366113 suggestion {'hidden_layer_sizes': 164, 'alpha': 1.103641282646286, 'batch_size': 214, 'learning_rate_init': 0.02326138180773445, 'tol': 0.054683209964047234, 'validation_fraction': 0.8779544982429013, 'beta_1': 0.827829139580198, 'beta_2': 0.9109509938762418, 'epsilon': 1.2090652470927898e-07}
observation time 0.002000, current best 3.042668 at iter 7
suggestion time taken 0.006719 iter 8 next_points [{'hidden_layer_sizes': 173, 'alpha': 6.316294310609327, 'batch_size': 203, 'learning_rate_init': 0.09498861341477897, 'tol': 0.061912354910704064, 'validation_fraction': 0.18045011851031723, 'beta_1': 0.5995973185112724, 'beta_2': 0.9204218733970333, 'epsilon': 4.1138687159655753e-07}]
/home/ryedida/.local/lib/python3.9/site-packages/sklearn/neural_network/_multilayer_perceptron.py:605: UserWarning: Got `batch_size` less than 1 or larger than sample size. It is going to be clipped
  warnings.warn(

function_evaluation time 0.081710 value 0.847312 suggestion {'hidden_layer_sizes': 173, 'alpha': 6.316294310609327, 'batch_size': 203, 'learning_rate_init': 0.09498861341477897, 'tol': 0.061912354910704064, 'validation_fraction': 0.18045011851031723, 'beta_1': 0.5995973185112724, 'beta_2': 0.9204218733970333, 'epsilon': 4.1138687159655753e-07}
observation time 0.001820, current best 0.847312 at iter 8
suggestion time taken 0.007053 iter 9 next_points [{'hidden_layer_sizes': 141, 'alpha': 6.316294310609327, 'batch_size': 203, 'learning_rate_init': 0.0456466750612196, 'tol': 0.061912354910704064, 'validation_fraction': 0.18045011851031723, 'beta_1': 0.5995973185112724, 'beta_2': 0.9204218733970333, 'epsilon': 2.359941503609898e-07}]
/home/ryedida/.local/lib/python3.9/site-packages/sklearn/neural_network/_multilayer_perceptron.py:605: UserWarning: Got `batch_size` less than 1 or larger than sample size. It is going to be clipped
  warnings.warn(

function_evaluation time 0.072907 value 7.418152 suggestion {'hidden_layer_sizes': 141, 'alpha': 6.316294310609327, 'batch_size': 203, 'learning_rate_init': 0.0456466750612196, 'tol': 0.061912354910704064, 'validation_fraction': 0.18045011851031723, 'beta_1': 0.5995973185112724, 'beta_2': 0.9204218733970333, 'epsilon': 2.359941503609898e-07}
observation time 0.002664, current best 0.847312 at iter 9
suggestion time taken 0.006764 iter 10 next_points [{'hidden_layer_sizes': 173, 'alpha': 6.316294310609327, 'batch_size': 203, 'learning_rate_init': 0.09498861341477897, 'tol': 0.0990658539698998, 'validation_fraction': 0.551447478442405, 'beta_1': 0.5995973185112724, 'beta_2': 0.9204218733970333, 'epsilon': 4.1138687159655753e-07}]
/home/ryedida/.local/lib/python3.9/site-packages/sklearn/neural_network/_multilayer_perceptron.py:605: UserWarning: Got `batch_size` less than 1 or larger than sample size. It is going to be clipped
  warnings.warn(

function_evaluation time 0.081122 value 3.055858 suggestion {'hidden_layer_sizes': 173, 'alpha': 6.316294310609327, 'batch_size': 203, 'learning_rate_init': 0.09498861341477897, 'tol': 0.0990658539698998, 'validation_fraction': 0.551447478442405, 'beta_1': 0.5995973185112724, 'beta_2': 0.9204218733970333, 'epsilon': 4.1138687159655753e-07}
observation time 0.001895, current best 0.847312 at iter 10
suggestion time taken 0.007054 iter 11 next_points [{'hidden_layer_sizes': 173, 'alpha': 6.316294310609327, 'batch_size': 203, 'learning_rate_init': 0.04805712591037319, 'tol': 0.018424960720450013, 'validation_fraction': 0.18045011851031723, 'beta_1': 0.5995973185112724, 'beta_2': 0.9138784745127481, 'epsilon': 4.1138687159655753e-07}]
/home/ryedida/.local/lib/python3.9/site-packages/sklearn/neural_network/_multilayer_perceptron.py:605: UserWarning: Got `batch_size` less than 1 or larger than sample size. It is going to be clipped
  warnings.warn(

function_evaluation time 0.119373 value 3.714620 suggestion {'hidden_layer_sizes': 173, 'alpha': 6.316294310609327, 'batch_size': 203, 'learning_rate_init': 0.04805712591037319, 'tol': 0.018424960720450013, 'validation_fraction': 0.18045011851031723, 'beta_1': 0.5995973185112724, 'beta_2': 0.9138784745127481, 'epsilon': 4.1138687159655753e-07}
observation time 0.001979, current best 0.847312 at iter 11
suggestion time taken 0.006849 iter 12 next_points [{'hidden_layer_sizes': 173, 'alpha': 1.3745602441616733, 'batch_size': 203, 'learning_rate_init': 0.09498861341477897, 'tol': 0.061912354910704064, 'validation_fraction': 0.18045011851031723, 'beta_1': 0.7845866485293409, 'beta_2': 0.9204218733970333, 'epsilon': 4.1138687159655753e-07}]
/home/ryedida/.local/lib/python3.9/site-packages/sklearn/neural_network/_multilayer_perceptron.py:605: UserWarning: Got `batch_size` less than 1 or larger than sample size. It is going to be clipped
  warnings.warn(

function_evaluation time 0.075504 value 8.338337 suggestion {'hidden_layer_sizes': 173, 'alpha': 1.3745602441616733, 'batch_size': 203, 'learning_rate_init': 0.09498861341477897, 'tol': 0.061912354910704064, 'validation_fraction': 0.18045011851031723, 'beta_1': 0.7845866485293409, 'beta_2': 0.9204218733970333, 'epsilon': 4.1138687159655753e-07}
observation time 0.001834, current best 0.847312 at iter 12
suggestion time taken 0.006572 iter 13 next_points [{'hidden_layer_sizes': 173, 'alpha': 6.316294310609327, 'batch_size': 203, 'learning_rate_init': 0.09498861341477897, 'tol': 0.061912354910704064, 'validation_fraction': 0.18045011851031723, 'beta_1': 0.8898026004783847, 'beta_2': 0.9204218733970333, 'epsilon': 4.1138687159655753e-07}]
/home/ryedida/.local/lib/python3.9/site-packages/sklearn/neural_network/_multilayer_perceptron.py:605: UserWarning: Got `batch_size` less than 1 or larger than sample size. It is going to be clipped
  warnings.warn(

function_evaluation time 0.081564 value 9.858038 suggestion {'hidden_layer_sizes': 173, 'alpha': 6.316294310609327, 'batch_size': 203, 'learning_rate_init': 0.09498861341477897, 'tol': 0.061912354910704064, 'validation_fraction': 0.18045011851031723, 'beta_1': 0.8898026004783847, 'beta_2': 0.9204218733970333, 'epsilon': 4.1138687159655753e-07}
observation time 0.002002, current best 0.847312 at iter 13
suggestion time taken 0.005925 iter 14 next_points [{'epsilon': 2.7134813854243114e-07, 'learning_rate_init': 0.04336342527270481, 'batch_size': 66, 'beta_1': 0.610206102506388, 'validation_fraction': 0.7028101862822763, 'alpha': 5.332355473823664, 'tol': 0.07296965567238838, 'beta_2': 0.9727799299347062, 'hidden_layer_sizes': 143}]
/home/ryedida/.local/lib/python3.9/site-packages/sklearn/neural_network/_multilayer_perceptron.py:605: UserWarning: Got `batch_size` less than 1 or larger than sample size. It is going to be clipped
  warnings.warn(

function_evaluation time 0.072726 value 6.113526 suggestion {'epsilon': 2.7134813854243114e-07, 'learning_rate_init': 0.04336342527270481, 'batch_size': 66, 'beta_1': 0.610206102506388, 'validation_fraction': 0.7028101862822763, 'alpha': 5.332355473823664, 'tol': 0.07296965567238838, 'beta_2': 0.9727799299347062, 'hidden_layer_sizes': 143}
observation time 0.001853, current best 0.847312 at iter 14
saving meta data: {'args': {'--uuid': 'a3444e46cf215659a4b21b3c9db4e36a', '-db-root': '/home/ryedida/bbo_challenge_starter_kit/output', '--opt-root': '/home/ryedida/bbo_challenge_starter_kit/example_submissions', '--data-root': None, '--db': 'run_20230424_224500', '--opt': 'opentuner', '--data': 'wine', '--classifier': 'MLP-adam', '--metric': 'nll', '--calls': 15, '--suggestions': 1, '--jobs-file': None, '--verbose': False, 'dry_run': False, 'rev': 'a376313', 'opt_rev': '0.8.8'}, 'signature': ([{'alpha': 0.019628224813442792, 'batch_size': 182, 'beta_1': 0.9410202200271762, 'beta_2': 0.9998021557676793, 'epsilon': 1.8662266976518e-08, 'hidden_layer_sizes': 147, 'learning_rate_init': 0.0005627932047415167, 'tol': 0.03690557729213761, 'validation_fraction': 0.8846827852548593}, {'alpha': 0.0019982467392329444, 'batch_size': 200, 'beta_1': 0.919111482530466, 'beta_2': 0.9998488260436156, 'epsilon': 5.981221901152555e-07, 'hidden_layer_sizes': 61, 'learning_rate_init': 2.2310905607443014e-05, 'tol': 1.2046852412030316e-05, 'validation_fraction': 0.8117896445826539}, {'alpha': 0.46659545670218433, 'batch_size': 219, 'beta_1': 0.9889789783750891, 'beta_2': 0.9999896868093284, 'epsilon': 2.4234724484675948e-08, 'hidden_layer_sizes': 167, 'learning_rate_init': 2.972334644335654e-05, 'tol': 0.0036281404040243792, 'validation_fraction': 0.17260651658522078}, {'alpha': 4.656005689076002, 'batch_size': 135, 'beta_1': 0.870503881627747, 'beta_2': 0.9948873266941017, 'epsilon': 2.1023308743480125e-07, 'hidden_layer_sizes': 118, 'learning_rate_init': 0.0018781738757161913, 'tol': 1.1889379831773004e-05, 'validation_fraction': 0.6264327093752792}, {'alpha': 0.04705159350400542, 'batch_size': 158, 'beta_1': 0.9870884262730957, 'beta_2': 0.9999596874382349, 'epsilon': 1.1981845126013875e-08, 'hidden_layer_sizes': 116, 'learning_rate_init': 0.00617340520407431, 'tol': 1.741413418158619e-05, 'validation_fraction': 0.6754299026638921}], [16.063962273407764, 23.274250254613083, 19.80193088400322, 3.463918210725012, 15.210579700922176])}
saving results
saving timing
saving suggest log
done
