running: {'--uuid': 'a96327967489584bb4c557f0dcf70d2a', '-db-root': '/home/ryedida/bbo_challenge_starter_kit/output', '--opt-root': '/home/ryedida/bbo_challenge_starter_kit/example_submissions', '--data-root': None, '--db': 'run_20230424_224500', '--opt': 'hyperopt', '--data': 'wine', '--classifier': 'MLP-adam', '--metric': 'nll', '--calls': 15, '--suggestions': 1, '--jobs-file': None, '--verbose': False, 'dry_run': False, 'rev': 'a376313', 'opt_rev': '0.2.7'}
cmd: python hyperopt/optimizer.py -c MLP-adam -d wine -o hyperopt -u a96327967489584bb4c557f0dcf70d2a -m nll -n 15 -p 1 -dir /home/ryedida/bbo_challenge_starter_kit/output -b run_20230424_224500
/home/ryedida/.local/lib/python3.9/site-packages/sklearn/neural_network/_multilayer_perceptron.py:605: UserWarning: Got `batch_size` less than 1 or larger than sample size. It is going to be clipped
  warnings.warn(

/home/ryedida/.local/lib/python3.9/site-packages/sklearn/neural_network/_multilayer_perceptron.py:605: UserWarning: Got `batch_size` less than 1 or larger than sample size. It is going to be clipped
  warnings.warn(

/home/ryedida/.local/lib/python3.9/site-packages/sklearn/neural_network/_multilayer_perceptron.py:605: UserWarning: Got `batch_size` less than 1 or larger than sample size. It is going to be clipped
  warnings.warn(

/home/ryedida/.local/lib/python3.9/site-packages/sklearn/neural_network/_multilayer_perceptron.py:605: UserWarning: Got `batch_size` less than 1 or larger than sample size. It is going to be clipped
  warnings.warn(

/home/ryedida/.local/lib/python3.9/site-packages/sklearn/neural_network/_multilayer_perceptron.py:605: UserWarning: Got `batch_size` less than 1 or larger than sample size. It is going to be clipped
  warnings.warn(

computed signature: ([{'alpha': 0.019628224813442792, 'batch_size': 182, 'beta_1': 0.9410202200271762, 'beta_2': 0.9998021557676793, 'epsilon': 1.8662266976518e-08, 'hidden_layer_sizes': 147, 'learning_rate_init': 0.0005627932047415167, 'tol': 0.03690557729213761, 'validation_fraction': 0.8846827852548593}, {'alpha': 0.0019982467392329444, 'batch_size': 200, 'beta_1': 0.919111482530466, 'beta_2': 0.9998488260436156, 'epsilon': 5.981221901152555e-07, 'hidden_layer_sizes': 61, 'learning_rate_init': 2.2310905607443014e-05, 'tol': 1.2046852412030316e-05, 'validation_fraction': 0.8117896445826539}, {'alpha': 0.46659545670218433, 'batch_size': 219, 'beta_1': 0.9889789783750891, 'beta_2': 0.9999896868093284, 'epsilon': 2.4234724484675948e-08, 'hidden_layer_sizes': 167, 'learning_rate_init': 2.972334644335654e-05, 'tol': 0.0036281404040243792, 'validation_fraction': 0.17260651658522078}, {'alpha': 4.656005689076002, 'batch_size': 135, 'beta_1': 0.870503881627747, 'beta_2': 0.9948873266941017, 'epsilon': 2.1023308743480125e-07, 'hidden_layer_sizes': 118, 'learning_rate_init': 0.0018781738757161913, 'tol': 1.1889379831773004e-05, 'validation_fraction': 0.6264327093752792}, {'alpha': 0.04705159350400542, 'batch_size': 158, 'beta_1': 0.9870884262730957, 'beta_2': 0.9999596874382349, 'epsilon': 1.1981845126013875e-08, 'hidden_layer_sizes': 116, 'learning_rate_init': 0.00617340520407431, 'tol': 1.741413418158619e-05, 'validation_fraction': 0.6754299026638921}], [16.063962273407764, 23.274250254613083, 19.80193088400322, 3.463918210725012, 15.210579700922176])
/home/ryedida/.local/lib/python3.9/site-packages/bayesmark/signatures.py:85: RuntimeWarning: Signature diverged on MLP-adam_wine_nll betwen [15.51998549 22.35390307 19.16402613  3.37792524 14.64310022] and [16.06396227 23.27425025 19.80193088  3.46391821 15.2105797 ]
  warnings.warn(

Signature errors:
                          0         1         2         3         4       max
MLP-adam_wine_nll  0.543977  0.920347  0.637905  0.085993  0.567479  0.920347
max                0.543977  0.920347  0.637905  0.085993  0.567479  0.920347
starting sklearn study hyperopt MLP-adam wine nll 15 1
with data root: None
suggestion time taken 0.002370 iter 0 next_points [{'alpha': 0.00018063490303279385, 'batch_size': 88, 'beta_1': 0.8759164387646357, 'beta_2': 0.9456418781560461, 'epsilon': 3.471057210900901e-08, 'hidden_layer_sizes': 67, 'learning_rate_init': 0.001685430895528969, 'tol': 0.052746825232583706, 'validation_fraction': 0.33556594782162663}]
function_evaluation time 0.054152 value 9.430947 suggestion {'alpha': 0.00018063490303279385, 'batch_size': 88, 'beta_1': 0.8759164387646357, 'beta_2': 0.9456418781560461, 'epsilon': 3.471057210900901e-08, 'hidden_layer_sizes': 67, 'learning_rate_init': 0.001685430895528969, 'tol': 0.052746825232583706, 'validation_fraction': 0.33556594782162663}
observation time 0.000067, current best 9.430947 at iter 0
suggestion time taken 0.002384 iter 1 next_points [{'alpha': 4.3292701471104305e-05, 'batch_size': 210, 'beta_1': 0.6309895331636795, 'beta_2': 0.9387919882671754, 'epsilon': 6.94072069523307e-08, 'hidden_layer_sizes': 163, 'learning_rate_init': 6.331519476909624e-05, 'tol': 0.00010989577629708013, 'validation_fraction': 0.7384444455335446}]
/home/ryedida/.local/lib/python3.9/site-packages/sklearn/neural_network/_multilayer_perceptron.py:605: UserWarning: Got `batch_size` less than 1 or larger than sample size. It is going to be clipped
  warnings.warn(

function_evaluation time 0.069313 value 22.773113 suggestion {'alpha': 4.3292701471104305e-05, 'batch_size': 210, 'beta_1': 0.6309895331636795, 'beta_2': 0.9387919882671754, 'epsilon': 6.94072069523307e-08, 'hidden_layer_sizes': 163, 'learning_rate_init': 6.331519476909624e-05, 'tol': 0.00010989577629708013, 'validation_fraction': 0.7384444455335446}
observation time 0.000070, current best 9.430947 at iter 1
suggestion time taken 0.002124 iter 2 next_points [{'alpha': 0.002072810807666778, 'batch_size': 54, 'beta_1': 0.5162116684945525, 'beta_2': 0.9461132742537507, 'epsilon': 5.651605763511486e-09, 'hidden_layer_sizes': 198, 'learning_rate_init': 0.00011653095588589203, 'tol': 0.002447873765447778, 'validation_fraction': 0.13631571670116632}]
function_evaluation time 0.083790 value 18.027596 suggestion {'alpha': 0.002072810807666778, 'batch_size': 54, 'beta_1': 0.5162116684945525, 'beta_2': 0.9461132742537507, 'epsilon': 5.651605763511486e-09, 'hidden_layer_sizes': 198, 'learning_rate_init': 0.00011653095588589203, 'tol': 0.002447873765447778, 'validation_fraction': 0.13631571670116632}
observation time 0.000066, current best 9.430947 at iter 2
suggestion time taken 0.002162 iter 3 next_points [{'alpha': 2.508043669098158, 'batch_size': 242, 'beta_1': 0.5142660388204243, 'beta_2': 0.9332315378377309, 'epsilon': 2.1191941412987467e-08, 'hidden_layer_sizes': 130, 'learning_rate_init': 2.9713774588190174e-05, 'tol': 0.0002949763507164168, 'validation_fraction': 0.1928606954653937}]
/home/ryedida/.local/lib/python3.9/site-packages/sklearn/neural_network/_multilayer_perceptron.py:605: UserWarning: Got `batch_size` less than 1 or larger than sample size. It is going to be clipped
  warnings.warn(

function_evaluation time 0.050799 value 24.269350 suggestion {'alpha': 2.508043669098158, 'batch_size': 242, 'beta_1': 0.5142660388204243, 'beta_2': 0.9332315378377309, 'epsilon': 2.1191941412987467e-08, 'hidden_layer_sizes': 130, 'learning_rate_init': 2.9713774588190174e-05, 'tol': 0.0002949763507164168, 'validation_fraction': 0.1928606954653937}
observation time 0.000071, current best 9.430947 at iter 3
suggestion time taken 0.002207 iter 4 next_points [{'alpha': 0.0014857456417081416, 'batch_size': 245, 'beta_1': 0.5478020027878926, 'beta_2': 0.9751658404930297, 'epsilon': 1.206058009542888e-07, 'hidden_layer_sizes': 137, 'learning_rate_init': 0.004470805752871396, 'tol': 0.03914015689887548, 'validation_fraction': 0.6081380682378958}]
/home/ryedida/.local/lib/python3.9/site-packages/sklearn/neural_network/_multilayer_perceptron.py:605: UserWarning: Got `batch_size` less than 1 or larger than sample size. It is going to be clipped
  warnings.warn(

function_evaluation time 0.110042 value 0.982472 suggestion {'alpha': 0.0014857456417081416, 'batch_size': 245, 'beta_1': 0.5478020027878926, 'beta_2': 0.9751658404930297, 'epsilon': 1.206058009542888e-07, 'hidden_layer_sizes': 137, 'learning_rate_init': 0.004470805752871396, 'tol': 0.03914015689887548, 'validation_fraction': 0.6081380682378958}
observation time 0.000071, current best 0.982472 at iter 4
suggestion time taken 0.002376 iter 5 next_points [{'alpha': 1.9693533375256664e-05, 'batch_size': 241, 'beta_1': 0.7270479676701276, 'beta_2': 0.9109437990005149, 'epsilon': 5.503640411288276e-07, 'hidden_layer_sizes': 144, 'learning_rate_init': 0.0037306164291226003, 'tol': 0.004294255227501746, 'validation_fraction': 0.11268572480809387}]
/home/ryedida/.local/lib/python3.9/site-packages/sklearn/neural_network/_multilayer_perceptron.py:605: UserWarning: Got `batch_size` less than 1 or larger than sample size. It is going to be clipped
  warnings.warn(

function_evaluation time 0.075587 value 10.588775 suggestion {'alpha': 1.9693533375256664e-05, 'batch_size': 241, 'beta_1': 0.7270479676701276, 'beta_2': 0.9109437990005149, 'epsilon': 5.503640411288276e-07, 'hidden_layer_sizes': 144, 'learning_rate_init': 0.0037306164291226003, 'tol': 0.004294255227501746, 'validation_fraction': 0.11268572480809387}
observation time 0.000069, current best 0.982472 at iter 5
suggestion time taken 0.002142 iter 6 next_points [{'alpha': 3.4202452528287175, 'batch_size': 75, 'beta_1': 0.8981173504552078, 'beta_2': 0.9649685264560037, 'epsilon': 2.3329315223322588e-09, 'hidden_layer_sizes': 143, 'learning_rate_init': 0.015365934969723404, 'tol': 0.0007234595715281708, 'validation_fraction': 0.517611572664811}]
/home/ryedida/.local/lib/python3.9/site-packages/sklearn/neural_network/_multilayer_perceptron.py:605: UserWarning: Got `batch_size` less than 1 or larger than sample size. It is going to be clipped
  warnings.warn(

function_evaluation time 0.096691 value 11.621750 suggestion {'alpha': 3.4202452528287175, 'batch_size': 75, 'beta_1': 0.8981173504552078, 'beta_2': 0.9649685264560037, 'epsilon': 2.3329315223322588e-09, 'hidden_layer_sizes': 143, 'learning_rate_init': 0.015365934969723404, 'tol': 0.0007234595715281708, 'validation_fraction': 0.517611572664811}
observation time 0.000073, current best 0.982472 at iter 6
suggestion time taken 0.002189 iter 7 next_points [{'alpha': 0.0024050356353818155, 'batch_size': 112, 'beta_1': 0.9214566732640939, 'beta_2': 0.9233324849918847, 'epsilon': 5.063236984598572e-07, 'hidden_layer_sizes': 106, 'learning_rate_init': 2.272552331857059e-05, 'tol': 1.7073263133387482e-05, 'validation_fraction': 0.4553134315461376}]
/home/ryedida/.local/lib/python3.9/site-packages/sklearn/neural_network/_multilayer_perceptron.py:605: UserWarning: Got `batch_size` less than 1 or larger than sample size. It is going to be clipped
  warnings.warn(

function_evaluation time 0.049767 value 20.940024 suggestion {'alpha': 0.0024050356353818155, 'batch_size': 112, 'beta_1': 0.9214566732640939, 'beta_2': 0.9233324849918847, 'epsilon': 5.063236984598572e-07, 'hidden_layer_sizes': 106, 'learning_rate_init': 2.272552331857059e-05, 'tol': 1.7073263133387482e-05, 'validation_fraction': 0.4553134315461376}
observation time 0.000073, current best 0.982472 at iter 7
suggestion time taken 0.002426 iter 8 next_points [{'alpha': 2.104639529358535e-05, 'batch_size': 18, 'beta_1': 0.8368251432047573, 'beta_2': 0.9345719970017108, 'epsilon': 6.726487569852517e-07, 'hidden_layer_sizes': 118, 'learning_rate_init': 0.0017894346774909896, 'tol': 0.0001835882052861728, 'validation_fraction': 0.15938925139649887}]
function_evaluation time 0.223452 value 0.443575 suggestion {'alpha': 2.104639529358535e-05, 'batch_size': 18, 'beta_1': 0.8368251432047573, 'beta_2': 0.9345719970017108, 'epsilon': 6.726487569852517e-07, 'hidden_layer_sizes': 118, 'learning_rate_init': 0.0017894346774909896, 'tol': 0.0001835882052861728, 'validation_fraction': 0.15938925139649887}
observation time 0.000078, current best 0.443575 at iter 8
suggestion time taken 0.002160 iter 9 next_points [{'alpha': 0.0007348976009933275, 'batch_size': 26, 'beta_1': 0.610398465445269, 'beta_2': 0.9991387861269393, 'epsilon': 5.9105941554507906e-08, 'hidden_layer_sizes': 143, 'learning_rate_init': 0.0008683028891782227, 'tol': 3.1348928965806445e-05, 'validation_fraction': 0.8050478259512573}]
function_evaluation time 0.133978 value 3.444769 suggestion {'alpha': 0.0007348976009933275, 'batch_size': 26, 'beta_1': 0.610398465445269, 'beta_2': 0.9991387861269393, 'epsilon': 5.9105941554507906e-08, 'hidden_layer_sizes': 143, 'learning_rate_init': 0.0008683028891782227, 'tol': 3.1348928965806445e-05, 'validation_fraction': 0.8050478259512573}
observation time 0.000079, current best 0.443575 at iter 9
suggestion time taken 0.002121 iter 10 next_points [{'alpha': 0.2855866300693554, 'batch_size': 137, 'beta_1': 0.7023101739718887, 'beta_2': 0.9951878664578537, 'epsilon': 8.48649524080887e-09, 'hidden_layer_sizes': 189, 'learning_rate_init': 0.0029925884244427657, 'tol': 4.334369209595541e-05, 'validation_fraction': 0.5107141226719722}]
/home/ryedida/.local/lib/python3.9/site-packages/sklearn/neural_network/_multilayer_perceptron.py:605: UserWarning: Got `batch_size` less than 1 or larger than sample size. It is going to be clipped
  warnings.warn(

function_evaluation time 0.126543 value 1.081259 suggestion {'alpha': 0.2855866300693554, 'batch_size': 137, 'beta_1': 0.7023101739718887, 'beta_2': 0.9951878664578537, 'epsilon': 8.48649524080887e-09, 'hidden_layer_sizes': 189, 'learning_rate_init': 0.0029925884244427657, 'tol': 4.334369209595541e-05, 'validation_fraction': 0.5107141226719722}
observation time 0.000072, current best 0.443575 at iter 10
suggestion time taken 0.002152 iter 11 next_points [{'alpha': 6.67653612421641, 'batch_size': 52, 'beta_1': 0.8475351767623913, 'beta_2': 0.9860478350645148, 'epsilon': 2.6518197769100067e-09, 'hidden_layer_sizes': 76, 'learning_rate_init': 0.08212460735666542, 'tol': 0.0001487799626791134, 'validation_fraction': 0.1304842783538359}]
function_evaluation time 0.107115 value 4.023741 suggestion {'alpha': 6.67653612421641, 'batch_size': 52, 'beta_1': 0.8475351767623913, 'beta_2': 0.9860478350645148, 'epsilon': 2.6518197769100067e-09, 'hidden_layer_sizes': 76, 'learning_rate_init': 0.08212460735666542, 'tol': 0.0001487799626791134, 'validation_fraction': 0.1304842783538359}
observation time 0.000075, current best 0.443575 at iter 11
suggestion time taken 0.002153 iter 12 next_points [{'alpha': 0.0034957959223257053, 'batch_size': 149, 'beta_1': 0.5432037228931074, 'beta_2': 0.912358898036132, 'epsilon': 1.566660380309369e-07, 'hidden_layer_sizes': 159, 'learning_rate_init': 2.140760977781606e-05, 'tol': 0.0004880747443203758, 'validation_fraction': 0.28091716345916323}]
/home/ryedida/.local/lib/python3.9/site-packages/sklearn/neural_network/_multilayer_perceptron.py:605: UserWarning: Got `batch_size` less than 1 or larger than sample size. It is going to be clipped
  warnings.warn(

function_evaluation time 0.051916 value 22.106870 suggestion {'alpha': 0.0034957959223257053, 'batch_size': 149, 'beta_1': 0.5432037228931074, 'beta_2': 0.912358898036132, 'epsilon': 1.566660380309369e-07, 'hidden_layer_sizes': 159, 'learning_rate_init': 2.140760977781606e-05, 'tol': 0.0004880747443203758, 'validation_fraction': 0.28091716345916323}
observation time 0.000076, current best 0.443575 at iter 12
suggestion time taken 0.002189 iter 13 next_points [{'alpha': 0.01323715001256556, 'batch_size': 181, 'beta_1': 0.5225270566495503, 'beta_2': 0.9444984058331145, 'epsilon': 1.345002825360632e-07, 'hidden_layer_sizes': 112, 'learning_rate_init': 0.06606662603637349, 'tol': 5.326147700263543e-05, 'validation_fraction': 0.10277813702878907}]
/home/ryedida/.local/lib/python3.9/site-packages/sklearn/neural_network/_multilayer_perceptron.py:605: UserWarning: Got `batch_size` less than 1 or larger than sample size. It is going to be clipped
  warnings.warn(

function_evaluation time 0.090229 value 6.705630 suggestion {'alpha': 0.01323715001256556, 'batch_size': 181, 'beta_1': 0.5225270566495503, 'beta_2': 0.9444984058331145, 'epsilon': 1.345002825360632e-07, 'hidden_layer_sizes': 112, 'learning_rate_init': 0.06606662603637349, 'tol': 5.326147700263543e-05, 'validation_fraction': 0.10277813702878907}
observation time 0.000071, current best 0.443575 at iter 13
suggestion time taken 0.002361 iter 14 next_points [{'alpha': 0.007768976349848538, 'batch_size': 214, 'beta_1': 0.8886016695930603, 'beta_2': 0.9570008550092949, 'epsilon': 9.908392622023062e-07, 'hidden_layer_sizes': 182, 'learning_rate_init': 2.338360618497063e-05, 'tol': 3.2726160657599676e-05, 'validation_fraction': 0.6234082415028834}]
/home/ryedida/.local/lib/python3.9/site-packages/sklearn/neural_network/_multilayer_perceptron.py:605: UserWarning: Got `batch_size` less than 1 or larger than sample size. It is going to be clipped
  warnings.warn(

function_evaluation time 0.052408 value 22.642312 suggestion {'alpha': 0.007768976349848538, 'batch_size': 214, 'beta_1': 0.8886016695930603, 'beta_2': 0.9570008550092949, 'epsilon': 9.908392622023062e-07, 'hidden_layer_sizes': 182, 'learning_rate_init': 2.338360618497063e-05, 'tol': 3.2726160657599676e-05, 'validation_fraction': 0.6234082415028834}
observation time 0.000075, current best 0.443575 at iter 14
saving meta data: {'args': {'--uuid': 'a96327967489584bb4c557f0dcf70d2a', '-db-root': '/home/ryedida/bbo_challenge_starter_kit/output', '--opt-root': '/home/ryedida/bbo_challenge_starter_kit/example_submissions', '--data-root': None, '--db': 'run_20230424_224500', '--opt': 'hyperopt', '--data': 'wine', '--classifier': 'MLP-adam', '--metric': 'nll', '--calls': 15, '--suggestions': 1, '--jobs-file': None, '--verbose': False, 'dry_run': False, 'rev': 'a376313', 'opt_rev': '0.2.7'}, 'signature': ([{'alpha': 0.019628224813442792, 'batch_size': 182, 'beta_1': 0.9410202200271762, 'beta_2': 0.9998021557676793, 'epsilon': 1.8662266976518e-08, 'hidden_layer_sizes': 147, 'learning_rate_init': 0.0005627932047415167, 'tol': 0.03690557729213761, 'validation_fraction': 0.8846827852548593}, {'alpha': 0.0019982467392329444, 'batch_size': 200, 'beta_1': 0.919111482530466, 'beta_2': 0.9998488260436156, 'epsilon': 5.981221901152555e-07, 'hidden_layer_sizes': 61, 'learning_rate_init': 2.2310905607443014e-05, 'tol': 1.2046852412030316e-05, 'validation_fraction': 0.8117896445826539}, {'alpha': 0.46659545670218433, 'batch_size': 219, 'beta_1': 0.9889789783750891, 'beta_2': 0.9999896868093284, 'epsilon': 2.4234724484675948e-08, 'hidden_layer_sizes': 167, 'learning_rate_init': 2.972334644335654e-05, 'tol': 0.0036281404040243792, 'validation_fraction': 0.17260651658522078}, {'alpha': 4.656005689076002, 'batch_size': 135, 'beta_1': 0.870503881627747, 'beta_2': 0.9948873266941017, 'epsilon': 2.1023308743480125e-07, 'hidden_layer_sizes': 118, 'learning_rate_init': 0.0018781738757161913, 'tol': 1.1889379831773004e-05, 'validation_fraction': 0.6264327093752792}, {'alpha': 0.04705159350400542, 'batch_size': 158, 'beta_1': 0.9870884262730957, 'beta_2': 0.9999596874382349, 'epsilon': 1.1981845126013875e-08, 'hidden_layer_sizes': 116, 'learning_rate_init': 0.00617340520407431, 'tol': 1.741413418158619e-05, 'validation_fraction': 0.6754299026638921}], [16.063962273407764, 23.274250254613083, 19.80193088400322, 3.463918210725012, 15.210579700922176])}
saving results
saving timing
saving suggest log
done
