running: {'--uuid': 'b3054f787de4588b9534f4d2b477914b', '-db-root': '/home/ryedida/bbo_challenge_starter_kit/output', '--opt-root': '/home/ryedida/bbo_challenge_starter_kit/example_submissions', '--data-root': None, '--db': 'run_20230424_224500', '--opt': 'smoothness', '--data': 'wine', '--classifier': 'MLP-adam', '--metric': 'nll', '--calls': 15, '--suggestions': 1, '--jobs-file': None, '--verbose': False, 'dry_run': False, 'rev': 'a376313', 'opt_rev': 'x.x.x'}
cmd: python smoothness/optimizer.py -c MLP-adam -d wine -o smoothness -u b3054f787de4588b9534f4d2b477914b -m nll -n 15 -p 1 -dir /home/ryedida/bbo_challenge_starter_kit/output -b run_20230424_224500
/home/ryedida/.local/lib/python3.9/site-packages/sklearn/neural_network/_multilayer_perceptron.py:605: UserWarning: Got `batch_size` less than 1 or larger than sample size. It is going to be clipped
  warnings.warn(

/home/ryedida/.local/lib/python3.9/site-packages/sklearn/neural_network/_multilayer_perceptron.py:605: UserWarning: Got `batch_size` less than 1 or larger than sample size. It is going to be clipped
  warnings.warn(

/home/ryedida/.local/lib/python3.9/site-packages/sklearn/neural_network/_multilayer_perceptron.py:605: UserWarning: Got `batch_size` less than 1 or larger than sample size. It is going to be clipped
  warnings.warn(

/home/ryedida/.local/lib/python3.9/site-packages/sklearn/neural_network/_multilayer_perceptron.py:605: UserWarning: Got `batch_size` less than 1 or larger than sample size. It is going to be clipped
  warnings.warn(

/home/ryedida/.local/lib/python3.9/site-packages/sklearn/neural_network/_multilayer_perceptron.py:605: UserWarning: Got `batch_size` less than 1 or larger than sample size. It is going to be clipped
  warnings.warn(

computed signature: ([{'alpha': 0.019628224813442792, 'batch_size': 182, 'beta_1': 0.9410202200271762, 'beta_2': 0.9998021557676793, 'epsilon': 1.8662266976518e-08, 'hidden_layer_sizes': 147, 'learning_rate_init': 0.0005627932047415167, 'tol': 0.03690557729213761, 'validation_fraction': 0.8846827852548593}, {'alpha': 0.0019982467392329444, 'batch_size': 200, 'beta_1': 0.919111482530466, 'beta_2': 0.9998488260436156, 'epsilon': 5.981221901152555e-07, 'hidden_layer_sizes': 61, 'learning_rate_init': 2.2310905607443014e-05, 'tol': 1.2046852412030316e-05, 'validation_fraction': 0.8117896445826539}, {'alpha': 0.46659545670218433, 'batch_size': 219, 'beta_1': 0.9889789783750891, 'beta_2': 0.9999896868093284, 'epsilon': 2.4234724484675948e-08, 'hidden_layer_sizes': 167, 'learning_rate_init': 2.972334644335654e-05, 'tol': 0.0036281404040243792, 'validation_fraction': 0.17260651658522078}, {'alpha': 4.656005689076002, 'batch_size': 135, 'beta_1': 0.870503881627747, 'beta_2': 0.9948873266941017, 'epsilon': 2.1023308743480125e-07, 'hidden_layer_sizes': 118, 'learning_rate_init': 0.0018781738757161913, 'tol': 1.1889379831773004e-05, 'validation_fraction': 0.6264327093752792}, {'alpha': 0.04705159350400542, 'batch_size': 158, 'beta_1': 0.9870884262730957, 'beta_2': 0.9999596874382349, 'epsilon': 1.1981845126013875e-08, 'hidden_layer_sizes': 116, 'learning_rate_init': 0.00617340520407431, 'tol': 1.741413418158619e-05, 'validation_fraction': 0.6754299026638921}], [16.063962273407764, 23.274250254613083, 19.80193088400322, 3.463918210725012, 15.210579700922176])
/home/ryedida/.local/lib/python3.9/site-packages/bayesmark/signatures.py:85: RuntimeWarning: Signature diverged on MLP-adam_wine_nll betwen [15.51998549 22.35390307 19.16402613  3.37792524 14.64310022] and [16.06396227 23.27425025 19.80193088  3.46391821 15.2105797 ]
  warnings.warn(

Signature errors:
                          0         1         2         3         4       max
MLP-adam_wine_nll  0.543977  0.920347  0.637905  0.085993  0.567479  0.920347
max                0.543977  0.920347  0.637905  0.085993  0.567479  0.920347
starting sklearn study smoothness MLP-adam wine nll 15 1
with data root: None
suggestion time taken 10.903537 iter 0 next_points [{'alpha': 0.0019267821323264514, 'batch_size': 16, 'beta_1': 0.9888688729101822, 'beta_2': 0.9988752171858786, 'epsilon': 1.273077451874766e-07, 'hidden_layer_sizes': 108, 'learning_rate_init': 0.014804584392560856, 'tol': 0.041199419759744844, 'validation_fraction': 0.8659059167659982}]
function_evaluation time 0.084303 value 9.412528 suggestion {'alpha': 0.0019267821323264514, 'batch_size': 16, 'beta_1': 0.9888688729101822, 'beta_2': 0.9988752171858786, 'epsilon': 1.273077451874766e-07, 'hidden_layer_sizes': 108, 'learning_rate_init': 0.014804584392560856, 'tol': 0.041199419759744844, 'validation_fraction': 0.8659059167659982}
observation time 0.000006, current best 9.412528 at iter 0
suggestion time taken 11.056816 iter 1 next_points [{'alpha': 2.7378950588210587, 'batch_size': 20, 'beta_1': 0.8712842053333296, 'beta_2': 0.9642084375090263, 'epsilon': 2.1697730890894404e-08, 'hidden_layer_sizes': 81, 'learning_rate_init': 0.04534067688566175, 'tol': 6.070722556090503e-05, 'validation_fraction': 0.44558591728949}]
function_evaluation time 0.147734 value 2.086969 suggestion {'alpha': 2.7378950588210587, 'batch_size': 20, 'beta_1': 0.8712842053333296, 'beta_2': 0.9642084375090263, 'epsilon': 2.1697730890894404e-08, 'hidden_layer_sizes': 81, 'learning_rate_init': 0.04534067688566175, 'tol': 6.070722556090503e-05, 'validation_fraction': 0.44558591728949}
observation time 0.000005, current best 2.086969 at iter 1
suggestion time taken 10.715991 iter 2 next_points [{'alpha': 6.466470830396045, 'batch_size': 12, 'beta_1': 0.982621628654998, 'beta_2': 0.9999980931245815, 'epsilon': 1.8948963370491676e-08, 'hidden_layer_sizes': 188, 'learning_rate_init': 1.9106812833082993e-05, 'tol': 0.00021270822652482153, 'validation_fraction': 0.851907191932565}]
function_evaluation time 0.063034 value 23.032366 suggestion {'alpha': 6.466470830396045, 'batch_size': 12, 'beta_1': 0.982621628654998, 'beta_2': 0.9999980931245815, 'epsilon': 1.8948963370491676e-08, 'hidden_layer_sizes': 188, 'learning_rate_init': 1.9106812833082993e-05, 'tol': 0.00021270822652482153, 'validation_fraction': 0.851907191932565}
observation time 0.000006, current best 2.086969 at iter 2
suggestion time taken 11.066279 iter 3 next_points [{'alpha': 0.0005705628297941749, 'batch_size': 25, 'beta_1': 0.808197426137307, 'beta_2': 0.9991076386218807, 'epsilon': 3.0297156170023755e-07, 'hidden_layer_sizes': 109, 'learning_rate_init': 0.03276820955689541, 'tol': 0.011401781158235027, 'validation_fraction': 0.42837833633536854}]
function_evaluation time 0.136472 value 0.830173 suggestion {'alpha': 0.0005705628297941749, 'batch_size': 25, 'beta_1': 0.808197426137307, 'beta_2': 0.9991076386218807, 'epsilon': 3.0297156170023755e-07, 'hidden_layer_sizes': 109, 'learning_rate_init': 0.03276820955689541, 'tol': 0.011401781158235027, 'validation_fraction': 0.42837833633536854}
observation time 0.000005, current best 0.830173 at iter 3
suggestion time taken 10.804842 iter 4 next_points [{'alpha': 0.020191947672300987, 'batch_size': 10, 'beta_1': 0.8419721517910101, 'beta_2': 0.9980081374351448, 'epsilon': 3.515120684500029e-09, 'hidden_layer_sizes': 57, 'learning_rate_init': 1.112808516100726e-05, 'tol': 4.5058990665606245e-05, 'validation_fraction': 0.18075530198932618}]
function_evaluation time 0.136691 value 21.233461 suggestion {'alpha': 0.020191947672300987, 'batch_size': 10, 'beta_1': 0.8419721517910101, 'beta_2': 0.9980081374351448, 'epsilon': 3.515120684500029e-09, 'hidden_layer_sizes': 57, 'learning_rate_init': 1.112808516100726e-05, 'tol': 4.5058990665606245e-05, 'validation_fraction': 0.18075530198932618}
observation time 0.000005, current best 0.830173 at iter 4
suggestion time taken 10.707936 iter 5 next_points [{'alpha': 0.5987546939925843, 'batch_size': 34, 'beta_1': 0.6205349798710925, 'beta_2': 0.9999840691081693, 'epsilon': 9.790342879056755e-09, 'hidden_layer_sizes': 72, 'learning_rate_init': 0.00010391444494065982, 'tol': 0.00025646415603749556, 'validation_fraction': 0.24811620656959668}]
function_evaluation time 0.072266 value 22.952189 suggestion {'alpha': 0.5987546939925843, 'batch_size': 34, 'beta_1': 0.6205349798710925, 'beta_2': 0.9999840691081693, 'epsilon': 9.790342879056755e-09, 'hidden_layer_sizes': 72, 'learning_rate_init': 0.00010391444494065982, 'tol': 0.00025646415603749556, 'validation_fraction': 0.24811620656959668}
observation time 0.000005, current best 0.830173 at iter 5
suggestion time taken 11.027626 iter 6 next_points [{'alpha': 0.0004127796304763682, 'batch_size': 13, 'beta_1': 0.9740250795560184, 'beta_2': 0.9998588566416036, 'epsilon': 4.0327133879027085e-07, 'hidden_layer_sizes': 55, 'learning_rate_init': 0.0014329149023958442, 'tol': 0.0017880573559838143, 'validation_fraction': 0.6750405490207061}]
function_evaluation time 0.091617 value 18.292199 suggestion {'alpha': 0.0004127796304763682, 'batch_size': 13, 'beta_1': 0.9740250795560184, 'beta_2': 0.9998588566416036, 'epsilon': 4.0327133879027085e-07, 'hidden_layer_sizes': 55, 'learning_rate_init': 0.0014329149023958442, 'tol': 0.0017880573559838143, 'validation_fraction': 0.6750405490207061}
observation time 0.000005, current best 0.830173 at iter 6
suggestion time taken 10.775715 iter 7 next_points [{'alpha': 8.620915579280002, 'batch_size': 15, 'beta_1': 0.8261498538346452, 'beta_2': 0.9906103715832499, 'epsilon': 5.042314374679259e-07, 'hidden_layer_sizes': 127, 'learning_rate_init': 0.049561572142864, 'tol': 3.21853201432407e-05, 'validation_fraction': 0.5286944714714263}]
function_evaluation time 0.148905 value 1.235649 suggestion {'alpha': 8.620915579280002, 'batch_size': 15, 'beta_1': 0.8261498538346452, 'beta_2': 0.9906103715832499, 'epsilon': 5.042314374679259e-07, 'hidden_layer_sizes': 127, 'learning_rate_init': 0.049561572142864, 'tol': 3.21853201432407e-05, 'validation_fraction': 0.5286944714714263}
observation time 0.000006, current best 0.830173 at iter 7
suggestion time taken 10.782784 iter 8 next_points [{'alpha': 0.044226425782508835, 'batch_size': 11, 'beta_1': 0.965189347070232, 'beta_2': 0.988607045512216, 'epsilon': 2.2934736016378912e-07, 'hidden_layer_sizes': 139, 'learning_rate_init': 0.0014749393601417413, 'tol': 0.0003358660480452257, 'validation_fraction': 0.11866024540180155}]
function_evaluation time 0.243955 value 1.946803 suggestion {'alpha': 0.044226425782508835, 'batch_size': 11, 'beta_1': 0.965189347070232, 'beta_2': 0.988607045512216, 'epsilon': 2.2934736016378912e-07, 'hidden_layer_sizes': 139, 'learning_rate_init': 0.0014749393601417413, 'tol': 0.0003358660480452257, 'validation_fraction': 0.11866024540180155}
observation time 0.000006, current best 0.830173 at iter 8
suggestion time taken 11.137101 iter 9 next_points [{'alpha': 0.0051500051580122, 'batch_size': 37, 'beta_1': 0.9788563322421865, 'beta_2': 0.9508847118464875, 'epsilon': 1.4318857461846375e-08, 'hidden_layer_sizes': 124, 'learning_rate_init': 0.00032026523937307054, 'tol': 0.00012863227131450634, 'validation_fraction': 0.2366616186673302}]
function_evaluation time 0.107248 value 12.226254 suggestion {'alpha': 0.0051500051580122, 'batch_size': 37, 'beta_1': 0.9788563322421865, 'beta_2': 0.9508847118464875, 'epsilon': 1.4318857461846375e-08, 'hidden_layer_sizes': 124, 'learning_rate_init': 0.00032026523937307054, 'tol': 0.00012863227131450634, 'validation_fraction': 0.2366616186673302}
observation time 0.000005, current best 0.830173 at iter 9
suggestion time taken 10.816212 iter 10 next_points [{'alpha': 0.0001531760154729402, 'batch_size': 10, 'beta_1': 0.9301122354402378, 'beta_2': 0.954880500869236, 'epsilon': 1.2894904588217108e-09, 'hidden_layer_sizes': 75, 'learning_rate_init': 0.0017528738850040063, 'tol': 0.002820128899241328, 'validation_fraction': 0.5881766783641924}]
function_evaluation time 0.271760 value 0.507233 suggestion {'alpha': 0.0001531760154729402, 'batch_size': 10, 'beta_1': 0.9301122354402378, 'beta_2': 0.954880500869236, 'epsilon': 1.2894904588217108e-09, 'hidden_layer_sizes': 75, 'learning_rate_init': 0.0017528738850040063, 'tol': 0.002820128899241328, 'validation_fraction': 0.5881766783641924}
observation time 0.000005, current best 0.507233 at iter 10
suggestion time taken 10.758248 iter 11 next_points [{'alpha': 0.002005204635745559, 'batch_size': 18, 'beta_1': 0.9679429382403775, 'beta_2': 0.9996947480472637, 'epsilon': 7.982374275171189e-07, 'hidden_layer_sizes': 96, 'learning_rate_init': 0.00027328186000611, 'tol': 3.8008709819547737e-05, 'validation_fraction': 0.36954196328110483}]
function_evaluation time 0.134679 value 10.973373 suggestion {'alpha': 0.002005204635745559, 'batch_size': 18, 'beta_1': 0.9679429382403775, 'beta_2': 0.9996947480472637, 'epsilon': 7.982374275171189e-07, 'hidden_layer_sizes': 96, 'learning_rate_init': 0.00027328186000611, 'tol': 3.8008709819547737e-05, 'validation_fraction': 0.36954196328110483}
observation time 0.000005, current best 0.507233 at iter 11
suggestion time taken 11.133675 iter 12 next_points [{'alpha': 0.06096796613085517, 'batch_size': 15, 'beta_1': 0.7976454420545332, 'beta_2': 0.9999989708352603, 'epsilon': 6.46171895903682e-08, 'hidden_layer_sizes': 64, 'learning_rate_init': 0.020132980363814047, 'tol': 7.147344681903847e-05, 'validation_fraction': 0.14719669408505556}]
function_evaluation time 0.186214 value 3.397397 suggestion {'alpha': 0.06096796613085517, 'batch_size': 15, 'beta_1': 0.7976454420545332, 'beta_2': 0.9999989708352603, 'epsilon': 6.46171895903682e-08, 'hidden_layer_sizes': 64, 'learning_rate_init': 0.020132980363814047, 'tol': 7.147344681903847e-05, 'validation_fraction': 0.14719669408505556}
observation time 0.000005, current best 0.507233 at iter 12
suggestion time taken 10.766324 iter 13 next_points [{'alpha': 5.20703238961225e-05, 'batch_size': 11, 'beta_1': 0.6017761711811985, 'beta_2': 0.9999855492519998, 'epsilon': 6.986494063191181e-08, 'hidden_layer_sizes': 144, 'learning_rate_init': 0.006806410926972999, 'tol': 0.0006172183174083144, 'validation_fraction': 0.8221860607322221}]
function_evaluation time 0.149334 value 1.412331 suggestion {'alpha': 5.20703238961225e-05, 'batch_size': 11, 'beta_1': 0.6017761711811985, 'beta_2': 0.9999855492519998, 'epsilon': 6.986494063191181e-08, 'hidden_layer_sizes': 144, 'learning_rate_init': 0.006806410926972999, 'tol': 0.0006172183174083144, 'validation_fraction': 0.8221860607322221}
observation time 0.000004, current best 0.507233 at iter 13
suggestion time taken 10.748848 iter 14 next_points [{'alpha': 1.060546376522832, 'batch_size': 19, 'beta_1': 0.8870139665416712, 'beta_2': 0.9999971237518509, 'epsilon': 1.7752360486479228e-07, 'hidden_layer_sizes': 116, 'learning_rate_init': 0.0748625959326952, 'tol': 0.011123275015122825, 'validation_fraction': 0.5576715702517269}]
function_evaluation time 0.094781 value 9.450136 suggestion {'alpha': 1.060546376522832, 'batch_size': 19, 'beta_1': 0.8870139665416712, 'beta_2': 0.9999971237518509, 'epsilon': 1.7752360486479228e-07, 'hidden_layer_sizes': 116, 'learning_rate_init': 0.0748625959326952, 'tol': 0.011123275015122825, 'validation_fraction': 0.5576715702517269}
observation time 0.000005, current best 0.507233 at iter 14
saving meta data: {'args': {'--uuid': 'b3054f787de4588b9534f4d2b477914b', '-db-root': '/home/ryedida/bbo_challenge_starter_kit/output', '--opt-root': '/home/ryedida/bbo_challenge_starter_kit/example_submissions', '--data-root': None, '--db': 'run_20230424_224500', '--opt': 'smoothness', '--data': 'wine', '--classifier': 'MLP-adam', '--metric': 'nll', '--calls': 15, '--suggestions': 1, '--jobs-file': None, '--verbose': False, 'dry_run': False, 'rev': 'a376313', 'opt_rev': 'x.x.x'}, 'signature': ([{'alpha': 0.019628224813442792, 'batch_size': 182, 'beta_1': 0.9410202200271762, 'beta_2': 0.9998021557676793, 'epsilon': 1.8662266976518e-08, 'hidden_layer_sizes': 147, 'learning_rate_init': 0.0005627932047415167, 'tol': 0.03690557729213761, 'validation_fraction': 0.8846827852548593}, {'alpha': 0.0019982467392329444, 'batch_size': 200, 'beta_1': 0.919111482530466, 'beta_2': 0.9998488260436156, 'epsilon': 5.981221901152555e-07, 'hidden_layer_sizes': 61, 'learning_rate_init': 2.2310905607443014e-05, 'tol': 1.2046852412030316e-05, 'validation_fraction': 0.8117896445826539}, {'alpha': 0.46659545670218433, 'batch_size': 219, 'beta_1': 0.9889789783750891, 'beta_2': 0.9999896868093284, 'epsilon': 2.4234724484675948e-08, 'hidden_layer_sizes': 167, 'learning_rate_init': 2.972334644335654e-05, 'tol': 0.0036281404040243792, 'validation_fraction': 0.17260651658522078}, {'alpha': 4.656005689076002, 'batch_size': 135, 'beta_1': 0.870503881627747, 'beta_2': 0.9948873266941017, 'epsilon': 2.1023308743480125e-07, 'hidden_layer_sizes': 118, 'learning_rate_init': 0.0018781738757161913, 'tol': 1.1889379831773004e-05, 'validation_fraction': 0.6264327093752792}, {'alpha': 0.04705159350400542, 'batch_size': 158, 'beta_1': 0.9870884262730957, 'beta_2': 0.9999596874382349, 'epsilon': 1.1981845126013875e-08, 'hidden_layer_sizes': 116, 'learning_rate_init': 0.00617340520407431, 'tol': 1.741413418158619e-05, 'validation_fraction': 0.6754299026638921}], [16.063962273407764, 23.274250254613083, 19.80193088400322, 3.463918210725012, 15.210579700922176])}
saving results
saving timing
saving suggest log
done
