running: {'--uuid': 'b453f8ee49265a6ca49e184c069d61c5', '-db-root': '/home/ryedida/bbo_challenge_starter_kit/output', '--opt-root': '/home/ryedida/bbo_challenge_starter_kit/example_submissions', '--data-root': None, '--db': 'run_20230424_224500', '--opt': 'opentuner', '--data': 'wine', '--classifier': 'MLP-adam', '--metric': 'nll', '--calls': 15, '--suggestions': 1, '--jobs-file': None, '--verbose': False, 'dry_run': False, 'rev': 'a376313', 'opt_rev': '0.8.8'}
cmd: python opentuner/optimizer.py -c MLP-adam -d wine -o opentuner -u b453f8ee49265a6ca49e184c069d61c5 -m nll -n 15 -p 1 -dir /home/ryedida/bbo_challenge_starter_kit/output -b run_20230424_224500
/home/ryedida/.local/lib/python3.9/site-packages/sklearn/neural_network/_multilayer_perceptron.py:605: UserWarning: Got `batch_size` less than 1 or larger than sample size. It is going to be clipped
  warnings.warn(

/home/ryedida/.local/lib/python3.9/site-packages/sklearn/neural_network/_multilayer_perceptron.py:605: UserWarning: Got `batch_size` less than 1 or larger than sample size. It is going to be clipped
  warnings.warn(

/home/ryedida/.local/lib/python3.9/site-packages/sklearn/neural_network/_multilayer_perceptron.py:605: UserWarning: Got `batch_size` less than 1 or larger than sample size. It is going to be clipped
  warnings.warn(

/home/ryedida/.local/lib/python3.9/site-packages/sklearn/neural_network/_multilayer_perceptron.py:605: UserWarning: Got `batch_size` less than 1 or larger than sample size. It is going to be clipped
  warnings.warn(

/home/ryedida/.local/lib/python3.9/site-packages/sklearn/neural_network/_multilayer_perceptron.py:605: UserWarning: Got `batch_size` less than 1 or larger than sample size. It is going to be clipped
  warnings.warn(

computed signature: ([{'alpha': 0.019628224813442792, 'batch_size': 182, 'beta_1': 0.9410202200271762, 'beta_2': 0.9998021557676793, 'epsilon': 1.8662266976518e-08, 'hidden_layer_sizes': 147, 'learning_rate_init': 0.0005627932047415167, 'tol': 0.03690557729213761, 'validation_fraction': 0.8846827852548593}, {'alpha': 0.0019982467392329444, 'batch_size': 200, 'beta_1': 0.919111482530466, 'beta_2': 0.9998488260436156, 'epsilon': 5.981221901152555e-07, 'hidden_layer_sizes': 61, 'learning_rate_init': 2.2310905607443014e-05, 'tol': 1.2046852412030316e-05, 'validation_fraction': 0.8117896445826539}, {'alpha': 0.46659545670218433, 'batch_size': 219, 'beta_1': 0.9889789783750891, 'beta_2': 0.9999896868093284, 'epsilon': 2.4234724484675948e-08, 'hidden_layer_sizes': 167, 'learning_rate_init': 2.972334644335654e-05, 'tol': 0.0036281404040243792, 'validation_fraction': 0.17260651658522078}, {'alpha': 4.656005689076002, 'batch_size': 135, 'beta_1': 0.870503881627747, 'beta_2': 0.9948873266941017, 'epsilon': 2.1023308743480125e-07, 'hidden_layer_sizes': 118, 'learning_rate_init': 0.0018781738757161913, 'tol': 1.1889379831773004e-05, 'validation_fraction': 0.6264327093752792}, {'alpha': 0.04705159350400542, 'batch_size': 158, 'beta_1': 0.9870884262730957, 'beta_2': 0.9999596874382349, 'epsilon': 1.1981845126013875e-08, 'hidden_layer_sizes': 116, 'learning_rate_init': 0.00617340520407431, 'tol': 1.741413418158619e-05, 'validation_fraction': 0.6754299026638921}], [16.063962273407764, 23.274250254613083, 19.80193088400322, 3.463918210725012, 15.210579700922176])
/home/ryedida/.local/lib/python3.9/site-packages/bayesmark/signatures.py:85: RuntimeWarning: Signature diverged on MLP-adam_wine_nll betwen [15.51998549 22.35390307 19.16402613  3.37792524 14.64310022] and [16.06396227 23.27425025 19.80193088  3.46391821 15.2105797 ]
  warnings.warn(

Signature errors:
                          0         1         2         3         4       max
MLP-adam_wine_nll  0.543977  0.920347  0.637905  0.085993  0.567479  0.920347
max                0.543977  0.920347  0.637905  0.085993  0.567479  0.920347
starting sklearn study opentuner MLP-adam wine nll 15 1
with data root: None
suggestion time taken 0.017560 iter 0 next_points [{'hidden_layer_sizes': 171, 'alpha': 5.134548847474706, 'batch_size': 200, 'learning_rate_init': 0.048945089535157464, 'tol': 0.06217816562580552, 'validation_fraction': 0.7814813992614654, 'beta_1': 0.6713129264243316, 'beta_2': 0.9240463747252413, 'epsilon': 3.036288584173642e-07}]
/home/ryedida/.local/lib/python3.9/site-packages/sklearn/neural_network/_multilayer_perceptron.py:605: UserWarning: Got `batch_size` less than 1 or larger than sample size. It is going to be clipped
  warnings.warn(

function_evaluation time 0.089899 value 2.482855 suggestion {'hidden_layer_sizes': 171, 'alpha': 5.134548847474706, 'batch_size': 200, 'learning_rate_init': 0.048945089535157464, 'tol': 0.06217816562580552, 'validation_fraction': 0.7814813992614654, 'beta_1': 0.6713129264243316, 'beta_2': 0.9240463747252413, 'epsilon': 3.036288584173642e-07}
observation time 0.004245, current best 2.482855 at iter 0
suggestion time taken 0.045918 iter 1 next_points [{'hidden_layer_sizes': 192, 'batch_size': 84, 'tol': 0.0276897803579516, 'learning_rate_init': 0.07613587099249612, 'alpha': 0.033566461157733034, 'beta_1': 0.7070855176668647, 'validation_fraction': 0.5719942441151574, 'beta_2': 0.9562138038921797, 'epsilon': 9.244797153645502e-07}]
/home/ryedida/.local/lib/python3.9/site-packages/sklearn/neural_network/_multilayer_perceptron.py:605: UserWarning: Got `batch_size` less than 1 or larger than sample size. It is going to be clipped
  warnings.warn(

function_evaluation time 0.068825 value 12.527562 suggestion {'hidden_layer_sizes': 192, 'batch_size': 84, 'tol': 0.0276897803579516, 'learning_rate_init': 0.07613587099249612, 'alpha': 0.033566461157733034, 'beta_1': 0.7070855176668647, 'validation_fraction': 0.5719942441151574, 'beta_2': 0.9562138038921797, 'epsilon': 9.244797153645502e-07}
observation time 0.001799, current best 2.482855 at iter 1
suggestion time taken 0.021145 iter 2 next_points [{'hidden_layer_sizes': 183, 'batch_size': 166, 'tol': 0.025542055929234687, 'learning_rate_init': 0.040512730792007616, 'alpha': 1.1069114824834356, 'beta_1': 0.5210478913608118, 'validation_fraction': 0.6449327767982951, 'beta_2': 0.9893454032721446, 'epsilon': 9.909065975815802e-07}]
/home/ryedida/.local/lib/python3.9/site-packages/sklearn/neural_network/_multilayer_perceptron.py:605: UserWarning: Got `batch_size` less than 1 or larger than sample size. It is going to be clipped
  warnings.warn(

function_evaluation time 0.079709 value 12.481991 suggestion {'hidden_layer_sizes': 183, 'batch_size': 166, 'tol': 0.025542055929234687, 'learning_rate_init': 0.040512730792007616, 'alpha': 1.1069114824834356, 'beta_1': 0.5210478913608118, 'validation_fraction': 0.6449327767982951, 'beta_2': 0.9893454032721446, 'epsilon': 9.909065975815802e-07}
observation time 0.001851, current best 2.482855 at iter 2
suggestion time taken 0.006539 iter 3 next_points [{'hidden_layer_sizes': 171, 'alpha': 5.134548847474706, 'batch_size': 35, 'learning_rate_init': 0.048945089535157464, 'tol': 0.06217816562580552, 'validation_fraction': 0.7814813992614654, 'beta_1': 0.6713129264243316, 'beta_2': 0.9240463747252413, 'epsilon': 3.036288584173642e-07}]
/home/ryedida/.local/lib/python3.9/site-packages/sklearn/neural_network/_multilayer_perceptron.py:605: UserWarning: Got `batch_size` less than 1 or larger than sample size. It is going to be clipped
  warnings.warn(

function_evaluation time 0.090022 value 7.357285 suggestion {'hidden_layer_sizes': 171, 'alpha': 5.134548847474706, 'batch_size': 35, 'learning_rate_init': 0.048945089535157464, 'tol': 0.06217816562580552, 'validation_fraction': 0.7814813992614654, 'beta_1': 0.6713129264243316, 'beta_2': 0.9240463747252413, 'epsilon': 3.036288584173642e-07}
observation time 0.002122, current best 2.482855 at iter 3
suggestion time taken 0.007363 iter 4 next_points [{'hidden_layer_sizes': 178, 'alpha': 5.134548847474706, 'batch_size': 223, 'learning_rate_init': 0.046506564280776645, 'tol': 0.06217816562580552, 'validation_fraction': 0.7814813992614654, 'beta_1': 0.6489086775140144, 'beta_2': 0.9240463747252413, 'epsilon': 3.2019492826659737e-07}]
/home/ryedida/.local/lib/python3.9/site-packages/sklearn/neural_network/_multilayer_perceptron.py:605: UserWarning: Got `batch_size` less than 1 or larger than sample size. It is going to be clipped
  warnings.warn(

function_evaluation time 0.068129 value 16.803618 suggestion {'hidden_layer_sizes': 178, 'alpha': 5.134548847474706, 'batch_size': 223, 'learning_rate_init': 0.046506564280776645, 'tol': 0.06217816562580552, 'validation_fraction': 0.7814813992614654, 'beta_1': 0.6489086775140144, 'beta_2': 0.9240463747252413, 'epsilon': 3.2019492826659737e-07}
observation time 0.001892, current best 2.482855 at iter 4
suggestion time taken 0.007148 iter 5 next_points [{'hidden_layer_sizes': 171, 'alpha': 5.023887443373843, 'batch_size': 200, 'learning_rate_init': 0.05594210390909587, 'tol': 0.06217816562580552, 'validation_fraction': 0.7814813992614654, 'beta_1': 0.6767325639618814, 'beta_2': 0.9240463747252413, 'epsilon': 2.5931682415322634e-07}]
/home/ryedida/.local/lib/python3.9/site-packages/sklearn/neural_network/_multilayer_perceptron.py:605: UserWarning: Got `batch_size` less than 1 or larger than sample size. It is going to be clipped
  warnings.warn(

function_evaluation time 0.080858 value 9.368590 suggestion {'hidden_layer_sizes': 171, 'alpha': 5.023887443373843, 'batch_size': 200, 'learning_rate_init': 0.05594210390909587, 'tol': 0.06217816562580552, 'validation_fraction': 0.7814813992614654, 'beta_1': 0.6767325639618814, 'beta_2': 0.9240463747252413, 'epsilon': 2.5931682415322634e-07}
observation time 0.002003, current best 2.482855 at iter 5
suggestion time taken 0.006996 iter 6 next_points [{'hidden_layer_sizes': 171, 'alpha': 5.134548847474706, 'batch_size': 235, 'learning_rate_init': 0.048945089535157464, 'tol': 0.05006001152696687, 'validation_fraction': 0.8107544253770584, 'beta_1': 0.6713129264243316, 'beta_2': 0.9240463747252413, 'epsilon': 2.52231371040106e-07}]
/home/ryedida/.local/lib/python3.9/site-packages/sklearn/neural_network/_multilayer_perceptron.py:605: UserWarning: Got `batch_size` less than 1 or larger than sample size. It is going to be clipped
  warnings.warn(

function_evaluation time 0.088851 value 3.814949 suggestion {'hidden_layer_sizes': 171, 'alpha': 5.134548847474706, 'batch_size': 235, 'learning_rate_init': 0.048945089535157464, 'tol': 0.05006001152696687, 'validation_fraction': 0.8107544253770584, 'beta_1': 0.6713129264243316, 'beta_2': 0.9240463747252413, 'epsilon': 2.52231371040106e-07}
observation time 0.001824, current best 2.482855 at iter 6
suggestion time taken 0.007063 iter 7 next_points [{'hidden_layer_sizes': 171, 'alpha': 5.629712770699926, 'batch_size': 246, 'learning_rate_init': 0.060772580983591, 'tol': 0.04132635674833501, 'validation_fraction': 0.7814813992614654, 'beta_1': 0.6082746994639404, 'beta_2': 0.9240463747252413, 'epsilon': 3.036288584173642e-07}]
/home/ryedida/.local/lib/python3.9/site-packages/sklearn/neural_network/_multilayer_perceptron.py:605: UserWarning: Got `batch_size` less than 1 or larger than sample size. It is going to be clipped
  warnings.warn(

function_evaluation time 0.085512 value 7.554776 suggestion {'hidden_layer_sizes': 171, 'alpha': 5.629712770699926, 'batch_size': 246, 'learning_rate_init': 0.060772580983591, 'tol': 0.04132635674833501, 'validation_fraction': 0.7814813992614654, 'beta_1': 0.6082746994639404, 'beta_2': 0.9240463747252413, 'epsilon': 3.036288584173642e-07}
observation time 0.001997, current best 2.482855 at iter 7
suggestion time taken 0.005044 iter 8 next_points [{'hidden_layer_sizes': 99, 'batch_size': 217, 'tol': 0.06754706624731448, 'learning_rate_init': 0.011243227526338485, 'alpha': 1.1686256992095934, 'beta_1': 0.5039468375359571, 'validation_fraction': 0.2346120364349843, 'beta_2': 0.9176758825458406, 'epsilon': 9.989007287164166e-07}]
/home/ryedida/.local/lib/python3.9/site-packages/sklearn/neural_network/_multilayer_perceptron.py:605: UserWarning: Got `batch_size` less than 1 or larger than sample size. It is going to be clipped
  warnings.warn(

function_evaluation time 0.063693 value 9.753912 suggestion {'hidden_layer_sizes': 99, 'batch_size': 217, 'tol': 0.06754706624731448, 'learning_rate_init': 0.011243227526338485, 'alpha': 1.1686256992095934, 'beta_1': 0.5039468375359571, 'validation_fraction': 0.2346120364349843, 'beta_2': 0.9176758825458406, 'epsilon': 9.989007287164166e-07}
observation time 0.001878, current best 2.482855 at iter 8
suggestion time taken 0.005893 iter 9 next_points [{'hidden_layer_sizes': 93, 'batch_size': 70, 'tol': 0.06703507263940882, 'learning_rate_init': 0.0889695962648455, 'alpha': 0.4791313135298058, 'beta_1': 0.8860802870354176, 'validation_fraction': 0.7569761748017206, 'beta_2': 0.9428237992626934, 'epsilon': 9.17828214014842e-07}]
/home/ryedida/.local/lib/python3.9/site-packages/sklearn/neural_network/_multilayer_perceptron.py:605: UserWarning: Got `batch_size` less than 1 or larger than sample size. It is going to be clipped
  warnings.warn(

function_evaluation time 0.054274 value 7.969659 suggestion {'hidden_layer_sizes': 93, 'batch_size': 70, 'tol': 0.06703507263940882, 'learning_rate_init': 0.0889695962648455, 'alpha': 0.4791313135298058, 'beta_1': 0.8860802870354176, 'validation_fraction': 0.7569761748017206, 'beta_2': 0.9428237992626934, 'epsilon': 9.17828214014842e-07}
observation time 0.001876, current best 2.482855 at iter 9
suggestion time taken 0.007877 iter 10 next_points [{'hidden_layer_sizes': 171, 'alpha': 0.05874504924924045, 'batch_size': 200, 'learning_rate_init': 0.048945089535157464, 'tol': 0.06217816562580552, 'validation_fraction': 0.7814813992614654, 'beta_1': 0.6713129264243316, 'beta_2': 0.9240463747252413, 'epsilon': 8.85721343963335e-07}]
/home/ryedida/.local/lib/python3.9/site-packages/sklearn/neural_network/_multilayer_perceptron.py:605: UserWarning: Got `batch_size` less than 1 or larger than sample size. It is going to be clipped
  warnings.warn(

function_evaluation time 0.080586 value 7.337293 suggestion {'hidden_layer_sizes': 171, 'alpha': 0.05874504924924045, 'batch_size': 200, 'learning_rate_init': 0.048945089535157464, 'tol': 0.06217816562580552, 'validation_fraction': 0.7814813992614654, 'beta_1': 0.6713129264243316, 'beta_2': 0.9240463747252413, 'epsilon': 8.85721343963335e-07}
observation time 0.001802, current best 2.482855 at iter 10
suggestion time taken 0.006938 iter 11 next_points [{'hidden_layer_sizes': 183, 'alpha': 5.492185017281899, 'batch_size': 200, 'learning_rate_init': 0.04905251433968998, 'tol': 0.06217816562580552, 'validation_fraction': 0.6928320036606802, 'beta_1': 0.6713129264243316, 'beta_2': 0.9240463747252413, 'epsilon': 3.036288584173642e-07}]
/home/ryedida/.local/lib/python3.9/site-packages/sklearn/neural_network/_multilayer_perceptron.py:605: UserWarning: Got `batch_size` less than 1 or larger than sample size. It is going to be clipped
  warnings.warn(

function_evaluation time 0.076887 value 10.971564 suggestion {'hidden_layer_sizes': 183, 'alpha': 5.492185017281899, 'batch_size': 200, 'learning_rate_init': 0.04905251433968998, 'tol': 0.06217816562580552, 'validation_fraction': 0.6928320036606802, 'beta_1': 0.6713129264243316, 'beta_2': 0.9240463747252413, 'epsilon': 3.036288584173642e-07}
observation time 0.001917, current best 2.482855 at iter 11
suggestion time taken 0.007133 iter 12 next_points [{'hidden_layer_sizes': 171, 'alpha': 6.024330755826772, 'batch_size': 200, 'learning_rate_init': 0.06981303328810011, 'tol': 0.06217816562580552, 'validation_fraction': 0.7814813992614654, 'beta_1': 0.6713129264243316, 'beta_2': 0.9240463747252413, 'epsilon': 3.036288584173642e-07}]
/home/ryedida/.local/lib/python3.9/site-packages/sklearn/neural_network/_multilayer_perceptron.py:605: UserWarning: Got `batch_size` less than 1 or larger than sample size. It is going to be clipped
  warnings.warn(

function_evaluation time 0.072842 value 9.344301 suggestion {'hidden_layer_sizes': 171, 'alpha': 6.024330755826772, 'batch_size': 200, 'learning_rate_init': 0.06981303328810011, 'tol': 0.06217816562580552, 'validation_fraction': 0.7814813992614654, 'beta_1': 0.6713129264243316, 'beta_2': 0.9240463747252413, 'epsilon': 3.036288584173642e-07}
observation time 0.002017, current best 2.482855 at iter 12
suggestion time taken 0.005118 iter 13 next_points [{'hidden_layer_sizes': 81, 'batch_size': 10, 'tol': 0.03422013335552714, 'learning_rate_init': 0.030152603123350042, 'alpha': 0.03301194523976141, 'beta_1': 0.8017579591932193, 'validation_fraction': 0.4837058378054303, 'beta_2': 0.9688605370408273, 'epsilon': 4.734678070999744e-07}]
function_evaluation time 0.183057 value 0.811495 suggestion {'hidden_layer_sizes': 81, 'batch_size': 10, 'tol': 0.03422013335552714, 'learning_rate_init': 0.030152603123350042, 'alpha': 0.03301194523976141, 'beta_1': 0.8017579591932193, 'validation_fraction': 0.4837058378054303, 'beta_2': 0.9688605370408273, 'epsilon': 4.734678070999744e-07}
observation time 0.001894, current best 0.811495 at iter 13
suggestion time taken 0.005104 iter 14 next_points [{'hidden_layer_sizes': 176, 'batch_size': 45, 'tol': 0.08756723314603924, 'learning_rate_init': 0.02299564076046894, 'alpha': 7.410129859356816, 'beta_1': 0.6238053842408424, 'validation_fraction': 0.318240077031742, 'beta_2': 0.975768675271706, 'epsilon': 5.494051039950088e-07}]
function_evaluation time 0.097191 value 4.088170 suggestion {'hidden_layer_sizes': 176, 'batch_size': 45, 'tol': 0.08756723314603924, 'learning_rate_init': 0.02299564076046894, 'alpha': 7.410129859356816, 'beta_1': 0.6238053842408424, 'validation_fraction': 0.318240077031742, 'beta_2': 0.975768675271706, 'epsilon': 5.494051039950088e-07}
observation time 0.001861, current best 0.811495 at iter 14
saving meta data: {'args': {'--uuid': 'b453f8ee49265a6ca49e184c069d61c5', '-db-root': '/home/ryedida/bbo_challenge_starter_kit/output', '--opt-root': '/home/ryedida/bbo_challenge_starter_kit/example_submissions', '--data-root': None, '--db': 'run_20230424_224500', '--opt': 'opentuner', '--data': 'wine', '--classifier': 'MLP-adam', '--metric': 'nll', '--calls': 15, '--suggestions': 1, '--jobs-file': None, '--verbose': False, 'dry_run': False, 'rev': 'a376313', 'opt_rev': '0.8.8'}, 'signature': ([{'alpha': 0.019628224813442792, 'batch_size': 182, 'beta_1': 0.9410202200271762, 'beta_2': 0.9998021557676793, 'epsilon': 1.8662266976518e-08, 'hidden_layer_sizes': 147, 'learning_rate_init': 0.0005627932047415167, 'tol': 0.03690557729213761, 'validation_fraction': 0.8846827852548593}, {'alpha': 0.0019982467392329444, 'batch_size': 200, 'beta_1': 0.919111482530466, 'beta_2': 0.9998488260436156, 'epsilon': 5.981221901152555e-07, 'hidden_layer_sizes': 61, 'learning_rate_init': 2.2310905607443014e-05, 'tol': 1.2046852412030316e-05, 'validation_fraction': 0.8117896445826539}, {'alpha': 0.46659545670218433, 'batch_size': 219, 'beta_1': 0.9889789783750891, 'beta_2': 0.9999896868093284, 'epsilon': 2.4234724484675948e-08, 'hidden_layer_sizes': 167, 'learning_rate_init': 2.972334644335654e-05, 'tol': 0.0036281404040243792, 'validation_fraction': 0.17260651658522078}, {'alpha': 4.656005689076002, 'batch_size': 135, 'beta_1': 0.870503881627747, 'beta_2': 0.9948873266941017, 'epsilon': 2.1023308743480125e-07, 'hidden_layer_sizes': 118, 'learning_rate_init': 0.0018781738757161913, 'tol': 1.1889379831773004e-05, 'validation_fraction': 0.6264327093752792}, {'alpha': 0.04705159350400542, 'batch_size': 158, 'beta_1': 0.9870884262730957, 'beta_2': 0.9999596874382349, 'epsilon': 1.1981845126013875e-08, 'hidden_layer_sizes': 116, 'learning_rate_init': 0.00617340520407431, 'tol': 1.741413418158619e-05, 'validation_fraction': 0.6754299026638921}], [16.063962273407764, 23.274250254613083, 19.80193088400322, 3.463918210725012, 15.210579700922176])}
saving results
saving timing
saving suggest log
done
