running: {'--uuid': 'b83adf20768a5468b159aeefaf9a807e', '-db-root': '/home/ryedida/bbo_challenge_starter_kit/output', '--opt-root': '/home/ryedida/bbo_challenge_starter_kit/example_submissions', '--data-root': None, '--db': 'run_20230424_224500', '--opt': 'turbo', '--data': 'wine', '--classifier': 'MLP-adam', '--metric': 'nll', '--calls': 15, '--suggestions': 1, '--jobs-file': None, '--verbose': False, 'dry_run': False, 'rev': 'a376313', 'opt_rev': '0.0.1'}
cmd: python turbo/optimizer.py -c MLP-adam -d wine -o turbo -u b83adf20768a5468b159aeefaf9a807e -m nll -n 15 -p 1 -dir /home/ryedida/bbo_challenge_starter_kit/output -b run_20230424_224500
/home/ryedida/.local/lib/python3.9/site-packages/sklearn/neural_network/_multilayer_perceptron.py:605: UserWarning: Got `batch_size` less than 1 or larger than sample size. It is going to be clipped
  warnings.warn(

/home/ryedida/.local/lib/python3.9/site-packages/sklearn/neural_network/_multilayer_perceptron.py:605: UserWarning: Got `batch_size` less than 1 or larger than sample size. It is going to be clipped
  warnings.warn(

/home/ryedida/.local/lib/python3.9/site-packages/sklearn/neural_network/_multilayer_perceptron.py:605: UserWarning: Got `batch_size` less than 1 or larger than sample size. It is going to be clipped
  warnings.warn(

/home/ryedida/.local/lib/python3.9/site-packages/sklearn/neural_network/_multilayer_perceptron.py:605: UserWarning: Got `batch_size` less than 1 or larger than sample size. It is going to be clipped
  warnings.warn(

/home/ryedida/.local/lib/python3.9/site-packages/sklearn/neural_network/_multilayer_perceptron.py:605: UserWarning: Got `batch_size` less than 1 or larger than sample size. It is going to be clipped
  warnings.warn(

computed signature: ([{'alpha': 0.019628224813442792, 'batch_size': 182, 'beta_1': 0.9410202200271762, 'beta_2': 0.9998021557676793, 'epsilon': 1.8662266976518e-08, 'hidden_layer_sizes': 147, 'learning_rate_init': 0.0005627932047415167, 'tol': 0.03690557729213761, 'validation_fraction': 0.8846827852548593}, {'alpha': 0.0019982467392329444, 'batch_size': 200, 'beta_1': 0.919111482530466, 'beta_2': 0.9998488260436156, 'epsilon': 5.981221901152555e-07, 'hidden_layer_sizes': 61, 'learning_rate_init': 2.2310905607443014e-05, 'tol': 1.2046852412030316e-05, 'validation_fraction': 0.8117896445826539}, {'alpha': 0.46659545670218433, 'batch_size': 219, 'beta_1': 0.9889789783750891, 'beta_2': 0.9999896868093284, 'epsilon': 2.4234724484675948e-08, 'hidden_layer_sizes': 167, 'learning_rate_init': 2.972334644335654e-05, 'tol': 0.0036281404040243792, 'validation_fraction': 0.17260651658522078}, {'alpha': 4.656005689076002, 'batch_size': 135, 'beta_1': 0.870503881627747, 'beta_2': 0.9948873266941017, 'epsilon': 2.1023308743480125e-07, 'hidden_layer_sizes': 118, 'learning_rate_init': 0.0018781738757161913, 'tol': 1.1889379831773004e-05, 'validation_fraction': 0.6264327093752792}, {'alpha': 0.04705159350400542, 'batch_size': 158, 'beta_1': 0.9870884262730957, 'beta_2': 0.9999596874382349, 'epsilon': 1.1981845126013875e-08, 'hidden_layer_sizes': 116, 'learning_rate_init': 0.00617340520407431, 'tol': 1.741413418158619e-05, 'validation_fraction': 0.6754299026638921}], [16.063962273407764, 23.274250254613083, 19.80193088400322, 3.463918210725012, 15.210579700922176])
/home/ryedida/.local/lib/python3.9/site-packages/bayesmark/signatures.py:85: RuntimeWarning: Signature diverged on MLP-adam_wine_nll betwen [15.51998549 22.35390307 19.16402613  3.37792524 14.64310022] and [16.06396227 23.27425025 19.80193088  3.46391821 15.2105797 ]
  warnings.warn(

Signature errors:
                          0         1         2         3         4       max
MLP-adam_wine_nll  0.543977  0.920347  0.637905  0.085993  0.567479  0.920347
max                0.543977  0.920347  0.637905  0.085993  0.567479  0.920347
starting sklearn study turbo MLP-adam wine nll 15 1
with data root: None
suggestion time taken 0.002202 iter 0 next_points [{'alpha': 1.076554125342338, 'batch_size': 182, 'beta_1': 0.9313583783735437, 'beta_2': 0.9563408494273631, 'epsilon': 1.5657661312090145e-08, 'hidden_layer_sizes': 139, 'learning_rate_init': 0.007765526232031903, 'tol': 0.0020742685351884285, 'validation_fraction': 0.773464981928814}]
/home/ryedida/.local/lib/python3.9/site-packages/sklearn/neural_network/_multilayer_perceptron.py:605: UserWarning: Got `batch_size` less than 1 or larger than sample size. It is going to be clipped
  warnings.warn(

function_evaluation time 0.123312 value 3.964924 suggestion {'alpha': 1.076554125342338, 'batch_size': 182, 'beta_1': 0.9313583783735437, 'beta_2': 0.9563408494273631, 'epsilon': 1.5657661312090145e-08, 'hidden_layer_sizes': 139, 'learning_rate_init': 0.007765526232031903, 'tol': 0.0020742685351884285, 'validation_fraction': 0.773464981928814}
observation time 0.001410, current best 3.964924 at iter 0
suggestion time taken 0.001741 iter 1 next_points [{'alpha': 0.005532845643367094, 'batch_size': 160, 'beta_1': 0.8923148950014245, 'beta_2': 0.9956797540829625, 'epsilon': 7.726365503032641e-09, 'hidden_layer_sizes': 112, 'learning_rate_init': 0.08619576730590918, 'tol': 5.571487790748332e-05, 'validation_fraction': 0.19690637251404636}]
/home/ryedida/.local/lib/python3.9/site-packages/sklearn/neural_network/_multilayer_perceptron.py:605: UserWarning: Got `batch_size` less than 1 or larger than sample size. It is going to be clipped
  warnings.warn(

function_evaluation time 0.075689 value 9.915298 suggestion {'alpha': 0.005532845643367094, 'batch_size': 160, 'beta_1': 0.8923148950014245, 'beta_2': 0.9956797540829625, 'epsilon': 7.726365503032641e-09, 'hidden_layer_sizes': 112, 'learning_rate_init': 0.08619576730590918, 'tol': 5.571487790748332e-05, 'validation_fraction': 0.19690637251404636}
observation time 0.001451, current best 3.964924 at iter 1
suggestion time taken 0.001950 iter 2 next_points [{'alpha': 0.022568909902942337, 'batch_size': 222, 'beta_1': 0.5741677091116176, 'beta_2': 0.999942292624511, 'epsilon': 6.742375666859711e-07, 'hidden_layer_sizes': 194, 'learning_rate_init': 1.630576394193219e-05, 'tol': 0.0019958899398712614, 'validation_fraction': 0.12266350218575536}]
/home/ryedida/.local/lib/python3.9/site-packages/sklearn/neural_network/_multilayer_perceptron.py:605: UserWarning: Got `batch_size` less than 1 or larger than sample size. It is going to be clipped
  warnings.warn(

function_evaluation time 0.057724 value 18.194196 suggestion {'alpha': 0.022568909902942337, 'batch_size': 222, 'beta_1': 0.5741677091116176, 'beta_2': 0.999942292624511, 'epsilon': 6.742375666859711e-07, 'hidden_layer_sizes': 194, 'learning_rate_init': 1.630576394193219e-05, 'tol': 0.0019958899398712614, 'validation_fraction': 0.12266350218575536}
observation time 0.001353, current best 3.964924 at iter 2
suggestion time taken 0.001745 iter 3 next_points [{'alpha': 0.0006096770092523173, 'batch_size': 166, 'beta_1': 0.7943785144703972, 'beta_2': 0.9883248610580709, 'epsilon': 1.0795715883664923e-09, 'hidden_layer_sizes': 91, 'learning_rate_init': 3.0917693171720234e-05, 'tol': 0.0001094403757482838, 'validation_fraction': 0.4389036367120368}]
/home/ryedida/.local/lib/python3.9/site-packages/sklearn/neural_network/_multilayer_perceptron.py:605: UserWarning: Got `batch_size` less than 1 or larger than sample size. It is going to be clipped
  warnings.warn(

function_evaluation time 0.045011 value 19.162304 suggestion {'alpha': 0.0006096770092523173, 'batch_size': 166, 'beta_1': 0.7943785144703972, 'beta_2': 0.9883248610580709, 'epsilon': 1.0795715883664923e-09, 'hidden_layer_sizes': 91, 'learning_rate_init': 3.0917693171720234e-05, 'tol': 0.0001094403757482838, 'validation_fraction': 0.4389036367120368}
observation time 0.001485, current best 3.964924 at iter 3
suggestion time taken 0.001941 iter 4 next_points [{'alpha': 2.0903212363115715, 'batch_size': 80, 'beta_1': 0.9676110695339828, 'beta_2': 0.9921934925320941, 'epsilon': 1.911863239190582e-07, 'hidden_layer_sizes': 117, 'learning_rate_init': 0.023661331249847997, 'tol': 0.006112477647283424, 'validation_fraction': 0.5015691530372987}]
/home/ryedida/.local/lib/python3.9/site-packages/sklearn/neural_network/_multilayer_perceptron.py:605: UserWarning: Got `batch_size` less than 1 or larger than sample size. It is going to be clipped
  warnings.warn(

function_evaluation time 0.084673 value 10.065685 suggestion {'alpha': 2.0903212363115715, 'batch_size': 80, 'beta_1': 0.9676110695339828, 'beta_2': 0.9921934925320941, 'epsilon': 1.911863239190582e-07, 'hidden_layer_sizes': 117, 'learning_rate_init': 0.023661331249847997, 'tol': 0.006112477647283424, 'validation_fraction': 0.5015691530372987}
observation time 0.001395, current best 3.964924 at iter 4
suggestion time taken 0.001722 iter 5 next_points [{'alpha': 0.0012502866184337146, 'batch_size': 250, 'beta_1': 0.6918846338892879, 'beta_2': 0.9999058944430236, 'epsilon': 1.1746945234984065e-08, 'hidden_layer_sizes': 89, 'learning_rate_init': 1.6169880351584533e-05, 'tol': 0.0009894088301078774, 'validation_fraction': 0.39198913248269224}]
/home/ryedida/.local/lib/python3.9/site-packages/sklearn/neural_network/_multilayer_perceptron.py:605: UserWarning: Got `batch_size` less than 1 or larger than sample size. It is going to be clipped
  warnings.warn(

function_evaluation time 0.045324 value 20.454939 suggestion {'alpha': 0.0012502866184337146, 'batch_size': 250, 'beta_1': 0.6918846338892879, 'beta_2': 0.9999058944430236, 'epsilon': 1.1746945234984065e-08, 'hidden_layer_sizes': 89, 'learning_rate_init': 1.6169880351584533e-05, 'tol': 0.0009894088301078774, 'validation_fraction': 0.39198913248269224}
observation time 0.001482, current best 3.964924 at iter 5
suggestion time taken 0.001913 iter 6 next_points [{'alpha': 3.948769005595677e-05, 'batch_size': 138, 'beta_1': 0.5401733227832619, 'beta_2': 0.9994364148496305, 'epsilon': 3.4126486411209283e-08, 'hidden_layer_sizes': 134, 'learning_rate_init': 0.0048296809002196005, 'tol': 0.009546180045094008, 'validation_fraction': 0.17838224651444906}]
/home/ryedida/.local/lib/python3.9/site-packages/sklearn/neural_network/_multilayer_perceptron.py:605: UserWarning: Got `batch_size` less than 1 or larger than sample size. It is going to be clipped
  warnings.warn(

function_evaluation time 0.085602 value 7.556442 suggestion {'alpha': 3.948769005595677e-05, 'batch_size': 138, 'beta_1': 0.5401733227832619, 'beta_2': 0.9994364148496305, 'epsilon': 3.4126486411209283e-08, 'hidden_layer_sizes': 134, 'learning_rate_init': 0.0048296809002196005, 'tol': 0.009546180045094008, 'validation_fraction': 0.17838224651444906}
observation time 0.001383, current best 3.964924 at iter 6
suggestion time taken 0.001730 iter 7 next_points [{'alpha': 0.014374763934327779, 'batch_size': 100, 'beta_1': 0.8180667618695201, 'beta_2': 0.9999971289867078, 'epsilon': 1.4471352141147766e-07, 'hidden_layer_sizes': 62, 'learning_rate_init': 0.00010271943875958135, 'tol': 0.0004245094724421659, 'validation_fraction': 0.3084640835751351}]
/home/ryedida/.local/lib/python3.9/site-packages/sklearn/neural_network/_multilayer_perceptron.py:605: UserWarning: Got `batch_size` less than 1 or larger than sample size. It is going to be clipped
  warnings.warn(

function_evaluation time 0.047652 value 23.168293 suggestion {'alpha': 0.014374763934327779, 'batch_size': 100, 'beta_1': 0.8180667618695201, 'beta_2': 0.9999971289867078, 'epsilon': 1.4471352141147766e-07, 'hidden_layer_sizes': 62, 'learning_rate_init': 0.00010271943875958135, 'tol': 0.0004245094724421659, 'validation_fraction': 0.3084640835751351}
observation time 0.001358, current best 3.964924 at iter 7
suggestion time taken 0.001768 iter 8 next_points [{'alpha': 0.06404635315653855, 'batch_size': 229, 'beta_1': 0.9836665306024387, 'beta_2': 0.9999924862257853, 'epsilon': 5.891100877543151e-08, 'hidden_layer_sizes': 189, 'learning_rate_init': 0.0011347118302285194, 'tol': 0.053885529420803234, 'validation_fraction': 0.8173681712021695}]
/home/ryedida/.local/lib/python3.9/site-packages/sklearn/neural_network/_multilayer_perceptron.py:605: UserWarning: Got `batch_size` less than 1 or larger than sample size. It is going to be clipped
  warnings.warn(

function_evaluation time 0.055965 value 12.392425 suggestion {'alpha': 0.06404635315653855, 'batch_size': 229, 'beta_1': 0.9836665306024387, 'beta_2': 0.9999924862257853, 'epsilon': 5.891100877543151e-08, 'hidden_layer_sizes': 189, 'learning_rate_init': 0.0011347118302285194, 'tol': 0.053885529420803234, 'validation_fraction': 0.8173681712021695}
observation time 0.001609, current best 3.964924 at iter 8
suggestion time taken 0.001762 iter 9 next_points [{'alpha': 1.1654089427088434e-05, 'batch_size': 196, 'beta_1': 0.9844050083901148, 'beta_2': 0.9998467570130806, 'epsilon': 1.965517349621834e-09, 'hidden_layer_sizes': 158, 'learning_rate_init': 0.050616954687012765, 'tol': 0.022855949053782642, 'validation_fraction': 0.889236755398044}]
/home/ryedida/.local/lib/python3.9/site-packages/sklearn/neural_network/_multilayer_perceptron.py:605: UserWarning: Got `batch_size` less than 1 or larger than sample size. It is going to be clipped
  warnings.warn(

function_evaluation time 0.077260 value 9.774091 suggestion {'alpha': 1.1654089427088434e-05, 'batch_size': 196, 'beta_1': 0.9844050083901148, 'beta_2': 0.9998467570130806, 'epsilon': 1.965517349621834e-09, 'hidden_layer_sizes': 158, 'learning_rate_init': 0.050616954687012765, 'tol': 0.022855949053782642, 'validation_fraction': 0.889236755398044}
observation time 0.001376, current best 3.964924 at iter 9
suggestion time taken 0.001742 iter 10 next_points [{'alpha': 0.2442520880143622, 'batch_size': 25, 'beta_1': 0.9513838683359218, 'beta_2': 0.9997184398262148, 'epsilon': 1.0889039145413714e-07, 'hidden_layer_sizes': 68, 'learning_rate_init': 0.00019031045407561187, 'tol': 0.005294126717291659, 'validation_fraction': 0.6925183175141502}]
function_evaluation time 0.055004 value 23.084813 suggestion {'alpha': 0.2442520880143622, 'batch_size': 25, 'beta_1': 0.9513838683359218, 'beta_2': 0.9997184398262148, 'epsilon': 1.0889039145413714e-07, 'hidden_layer_sizes': 68, 'learning_rate_init': 0.00019031045407561187, 'tol': 0.005294126717291659, 'validation_fraction': 0.6925183175141502}
observation time 0.001453, current best 3.964924 at iter 10
suggestion time taken 0.001704 iter 11 next_points [{'alpha': 0.00016413454371650357, 'batch_size': 12, 'beta_1': 0.7697670161387287, 'beta_2': 0.9990095842816896, 'epsilon': 2.3165063910086337e-08, 'hidden_layer_sizes': 51, 'learning_rate_init': 0.0018245928164656396, 'tol': 1.531080356710332e-05, 'validation_fraction': 0.22680149406301955}]
function_evaluation time 0.356154 value 0.402158 suggestion {'alpha': 0.00016413454371650357, 'batch_size': 12, 'beta_1': 0.7697670161387287, 'beta_2': 0.9990095842816896, 'epsilon': 2.3165063910086337e-08, 'hidden_layer_sizes': 51, 'learning_rate_init': 0.0018245928164656396, 'tol': 1.531080356710332e-05, 'validation_fraction': 0.22680149406301955}
observation time 0.001348, current best 0.402158 at iter 11
suggestion time taken 0.001795 iter 12 next_points [{'alpha': 0.05375008618692929, 'batch_size': 45, 'beta_1': 0.9652741196669333, 'beta_2': 0.9999985544986529, 'epsilon': 3.3282185887008887e-07, 'hidden_layer_sizes': 75, 'learning_rate_init': 0.0023009029258238235, 'tol': 0.027233605843410075, 'validation_fraction': 0.8227734681595023}]
/home/ryedida/.local/lib/python3.9/site-packages/sklearn/neural_network/_multilayer_perceptron.py:605: UserWarning: Got `batch_size` less than 1 or larger than sample size. It is going to be clipped
  warnings.warn(

function_evaluation time 0.058761 value 9.961749 suggestion {'alpha': 0.05375008618692929, 'batch_size': 45, 'beta_1': 0.9652741196669333, 'beta_2': 0.9999985544986529, 'epsilon': 3.3282185887008887e-07, 'hidden_layer_sizes': 75, 'learning_rate_init': 0.0023009029258238235, 'tol': 0.027233605843410075, 'validation_fraction': 0.8227734681595023}
observation time 0.001368, current best 0.402158 at iter 12
suggestion time taken 0.001734 iter 13 next_points [{'alpha': 3.8887069121830184, 'batch_size': 54, 'beta_1': 0.9791793458176865, 'beta_2': 0.999976697153386, 'epsilon': 4.795153082434685e-09, 'hidden_layer_sizes': 183, 'learning_rate_init': 0.00012246607110432916, 'tol': 0.0006769962870401778, 'validation_fraction': 0.8742711631539563}]
/home/ryedida/.local/lib/python3.9/site-packages/sklearn/neural_network/_multilayer_perceptron.py:605: UserWarning: Got `batch_size` less than 1 or larger than sample size. It is going to be clipped
  warnings.warn(

function_evaluation time 0.055057 value 22.594111 suggestion {'alpha': 3.8887069121830184, 'batch_size': 54, 'beta_1': 0.9791793458176865, 'beta_2': 0.999976697153386, 'epsilon': 4.795153082434685e-09, 'hidden_layer_sizes': 183, 'learning_rate_init': 0.00012246607110432916, 'tol': 0.0006769962870401778, 'validation_fraction': 0.8742711631539563}
observation time 0.001398, current best 0.402158 at iter 13
suggestion time taken 0.001760 iter 14 next_points [{'alpha': 0.0002028788314952323, 'batch_size': 203, 'beta_1': 0.6383238493540959, 'beta_2': 0.9727758448333647, 'epsilon': 3.9252620002507613e-08, 'hidden_layer_sizes': 122, 'learning_rate_init': 0.01599928326858768, 'tol': 3.368549205309418e-05, 'validation_fraction': 0.6721681651957929}]
/home/ryedida/.local/lib/python3.9/site-packages/sklearn/neural_network/_multilayer_perceptron.py:605: UserWarning: Got `batch_size` less than 1 or larger than sample size. It is going to be clipped
  warnings.warn(

function_evaluation time 0.091650 value 7.261920 suggestion {'alpha': 0.0002028788314952323, 'batch_size': 203, 'beta_1': 0.6383238493540959, 'beta_2': 0.9727758448333647, 'epsilon': 3.9252620002507613e-08, 'hidden_layer_sizes': 122, 'learning_rate_init': 0.01599928326858768, 'tol': 3.368549205309418e-05, 'validation_fraction': 0.6721681651957929}
observation time 0.001364, current best 0.402158 at iter 14
saving meta data: {'args': {'--uuid': 'b83adf20768a5468b159aeefaf9a807e', '-db-root': '/home/ryedida/bbo_challenge_starter_kit/output', '--opt-root': '/home/ryedida/bbo_challenge_starter_kit/example_submissions', '--data-root': None, '--db': 'run_20230424_224500', '--opt': 'turbo', '--data': 'wine', '--classifier': 'MLP-adam', '--metric': 'nll', '--calls': 15, '--suggestions': 1, '--jobs-file': None, '--verbose': False, 'dry_run': False, 'rev': 'a376313', 'opt_rev': '0.0.1'}, 'signature': ([{'alpha': 0.019628224813442792, 'batch_size': 182, 'beta_1': 0.9410202200271762, 'beta_2': 0.9998021557676793, 'epsilon': 1.8662266976518e-08, 'hidden_layer_sizes': 147, 'learning_rate_init': 0.0005627932047415167, 'tol': 0.03690557729213761, 'validation_fraction': 0.8846827852548593}, {'alpha': 0.0019982467392329444, 'batch_size': 200, 'beta_1': 0.919111482530466, 'beta_2': 0.9998488260436156, 'epsilon': 5.981221901152555e-07, 'hidden_layer_sizes': 61, 'learning_rate_init': 2.2310905607443014e-05, 'tol': 1.2046852412030316e-05, 'validation_fraction': 0.8117896445826539}, {'alpha': 0.46659545670218433, 'batch_size': 219, 'beta_1': 0.9889789783750891, 'beta_2': 0.9999896868093284, 'epsilon': 2.4234724484675948e-08, 'hidden_layer_sizes': 167, 'learning_rate_init': 2.972334644335654e-05, 'tol': 0.0036281404040243792, 'validation_fraction': 0.17260651658522078}, {'alpha': 4.656005689076002, 'batch_size': 135, 'beta_1': 0.870503881627747, 'beta_2': 0.9948873266941017, 'epsilon': 2.1023308743480125e-07, 'hidden_layer_sizes': 118, 'learning_rate_init': 0.0018781738757161913, 'tol': 1.1889379831773004e-05, 'validation_fraction': 0.6264327093752792}, {'alpha': 0.04705159350400542, 'batch_size': 158, 'beta_1': 0.9870884262730957, 'beta_2': 0.9999596874382349, 'epsilon': 1.1981845126013875e-08, 'hidden_layer_sizes': 116, 'learning_rate_init': 0.00617340520407431, 'tol': 1.741413418158619e-05, 'validation_fraction': 0.6754299026638921}], [16.063962273407764, 23.274250254613083, 19.80193088400322, 3.463918210725012, 15.210579700922176])}
saving results
saving timing
saving suggest log
done
