running: {'--uuid': 'c2adcee9a1305eb4a77ad149a8e0edba', '-db-root': '/home/ryedida/bbo_challenge_starter_kit/output', '--opt-root': '/home/ryedida/bbo_challenge_starter_kit/example_submissions', '--data-root': None, '--db': 'run_20230424_224500', '--opt': 'random-search', '--data': 'wine', '--classifier': 'MLP-adam', '--metric': 'nll', '--calls': 15, '--suggestions': 1, '--jobs-file': None, '--verbose': False, 'dry_run': False, 'rev': 'a376313', 'opt_rev': '0.0.8'}
cmd: python random-search/optimizer.py -c MLP-adam -d wine -o random-search -u c2adcee9a1305eb4a77ad149a8e0edba -m nll -n 15 -p 1 -dir /home/ryedida/bbo_challenge_starter_kit/output -b run_20230424_224500
/home/ryedida/.local/lib/python3.9/site-packages/sklearn/neural_network/_multilayer_perceptron.py:605: UserWarning: Got `batch_size` less than 1 or larger than sample size. It is going to be clipped
  warnings.warn(

/home/ryedida/.local/lib/python3.9/site-packages/sklearn/neural_network/_multilayer_perceptron.py:605: UserWarning: Got `batch_size` less than 1 or larger than sample size. It is going to be clipped
  warnings.warn(

/home/ryedida/.local/lib/python3.9/site-packages/sklearn/neural_network/_multilayer_perceptron.py:605: UserWarning: Got `batch_size` less than 1 or larger than sample size. It is going to be clipped
  warnings.warn(

/home/ryedida/.local/lib/python3.9/site-packages/sklearn/neural_network/_multilayer_perceptron.py:605: UserWarning: Got `batch_size` less than 1 or larger than sample size. It is going to be clipped
  warnings.warn(

/home/ryedida/.local/lib/python3.9/site-packages/sklearn/neural_network/_multilayer_perceptron.py:605: UserWarning: Got `batch_size` less than 1 or larger than sample size. It is going to be clipped
  warnings.warn(

computed signature: ([{'alpha': 0.019628224813442792, 'batch_size': 182, 'beta_1': 0.9410202200271762, 'beta_2': 0.9998021557676793, 'epsilon': 1.8662266976518e-08, 'hidden_layer_sizes': 147, 'learning_rate_init': 0.0005627932047415167, 'tol': 0.03690557729213761, 'validation_fraction': 0.8846827852548593}, {'alpha': 0.0019982467392329444, 'batch_size': 200, 'beta_1': 0.919111482530466, 'beta_2': 0.9998488260436156, 'epsilon': 5.981221901152555e-07, 'hidden_layer_sizes': 61, 'learning_rate_init': 2.2310905607443014e-05, 'tol': 1.2046852412030316e-05, 'validation_fraction': 0.8117896445826539}, {'alpha': 0.46659545670218433, 'batch_size': 219, 'beta_1': 0.9889789783750891, 'beta_2': 0.9999896868093284, 'epsilon': 2.4234724484675948e-08, 'hidden_layer_sizes': 167, 'learning_rate_init': 2.972334644335654e-05, 'tol': 0.0036281404040243792, 'validation_fraction': 0.17260651658522078}, {'alpha': 4.656005689076002, 'batch_size': 135, 'beta_1': 0.870503881627747, 'beta_2': 0.9948873266941017, 'epsilon': 2.1023308743480125e-07, 'hidden_layer_sizes': 118, 'learning_rate_init': 0.0018781738757161913, 'tol': 1.1889379831773004e-05, 'validation_fraction': 0.6264327093752792}, {'alpha': 0.04705159350400542, 'batch_size': 158, 'beta_1': 0.9870884262730957, 'beta_2': 0.9999596874382349, 'epsilon': 1.1981845126013875e-08, 'hidden_layer_sizes': 116, 'learning_rate_init': 0.00617340520407431, 'tol': 1.741413418158619e-05, 'validation_fraction': 0.6754299026638921}], [16.063962273407764, 23.274250254613083, 19.80193088400322, 3.463918210725012, 15.210579700922176])
/home/ryedida/.local/lib/python3.9/site-packages/bayesmark/signatures.py:85: RuntimeWarning: Signature diverged on MLP-adam_wine_nll betwen [15.51998549 22.35390307 19.16402613  3.37792524 14.64310022] and [16.06396227 23.27425025 19.80193088  3.46391821 15.2105797 ]
  warnings.warn(

Signature errors:
                          0         1         2         3         4       max
MLP-adam_wine_nll  0.543977  0.920347  0.637905  0.085993  0.567479  0.920347
max                0.543977  0.920347  0.637905  0.085993  0.567479  0.920347
starting sklearn study random-search MLP-adam wine nll 15 1
with data root: None
suggestion time taken 0.002583 iter 0 next_points [{'alpha': 0.04297096769506852, 'batch_size': 183, 'beta_1': 0.9120092881128323, 'beta_2': 0.9981829939159398, 'epsilon': 2.870612196896481e-07, 'hidden_layer_sizes': 170, 'learning_rate_init': 0.08397507599735136, 'tol': 0.00017605287636457303, 'validation_fraction': 0.8482219067164118}]
/home/ryedida/.local/lib/python3.9/site-packages/sklearn/neural_network/_multilayer_perceptron.py:605: UserWarning: Got `batch_size` less than 1 or larger than sample size. It is going to be clipped
  warnings.warn(

function_evaluation time 0.072295 value 11.103950 suggestion {'alpha': 0.04297096769506852, 'batch_size': 183, 'beta_1': 0.9120092881128323, 'beta_2': 0.9981829939159398, 'epsilon': 2.870612196896481e-07, 'hidden_layer_sizes': 170, 'learning_rate_init': 0.08397507599735136, 'tol': 0.00017605287636457303, 'validation_fraction': 0.8482219067164118}
observation time 0.000006, current best 11.103950 at iter 0
suggestion time taken 0.002441 iter 1 next_points [{'alpha': 0.003038694244439712, 'batch_size': 158, 'beta_1': 0.6866016313527429, 'beta_2': 0.9988539258150252, 'epsilon': 7.879627052914127e-08, 'hidden_layer_sizes': 154, 'learning_rate_init': 1.4625565046974223e-05, 'tol': 0.00034859579446060266, 'validation_fraction': 0.1953497750669657}]
/home/ryedida/.local/lib/python3.9/site-packages/sklearn/neural_network/_multilayer_perceptron.py:605: UserWarning: Got `batch_size` less than 1 or larger than sample size. It is going to be clipped
  warnings.warn(

function_evaluation time 0.053139 value 21.404258 suggestion {'alpha': 0.003038694244439712, 'batch_size': 158, 'beta_1': 0.6866016313527429, 'beta_2': 0.9988539258150252, 'epsilon': 7.879627052914127e-08, 'hidden_layer_sizes': 154, 'learning_rate_init': 1.4625565046974223e-05, 'tol': 0.00034859579446060266, 'validation_fraction': 0.1953497750669657}
observation time 0.000006, current best 11.103950 at iter 1
suggestion time taken 0.002737 iter 2 next_points [{'alpha': 4.469009589043002e-05, 'batch_size': 61, 'beta_1': 0.9863464000281734, 'beta_2': 0.9947374131353383, 'epsilon': 6.826467568770176e-08, 'hidden_layer_sizes': 126, 'learning_rate_init': 7.276498994420184e-05, 'tol': 2.3103763358423546e-05, 'validation_fraction': 0.3825794815722055}]
function_evaluation time 0.075590 value 13.630908 suggestion {'alpha': 4.469009589043002e-05, 'batch_size': 61, 'beta_1': 0.9863464000281734, 'beta_2': 0.9947374131353383, 'epsilon': 6.826467568770176e-08, 'hidden_layer_sizes': 126, 'learning_rate_init': 7.276498994420184e-05, 'tol': 2.3103763358423546e-05, 'validation_fraction': 0.3825794815722055}
observation time 0.000006, current best 11.103950 at iter 2
suggestion time taken 0.002452 iter 3 next_points [{'alpha': 9.40600378312654e-05, 'batch_size': 241, 'beta_1': 0.5573346333097198, 'beta_2': 0.9999650708870029, 'epsilon': 3.272755140430498e-08, 'hidden_layer_sizes': 100, 'learning_rate_init': 2.699874691710515e-05, 'tol': 0.0039522945335035715, 'validation_fraction': 0.6862418403580175}]
/home/ryedida/.local/lib/python3.9/site-packages/sklearn/neural_network/_multilayer_perceptron.py:605: UserWarning: Got `batch_size` less than 1 or larger than sample size. It is going to be clipped
  warnings.warn(

function_evaluation time 0.051584 value 21.287919 suggestion {'alpha': 9.40600378312654e-05, 'batch_size': 241, 'beta_1': 0.5573346333097198, 'beta_2': 0.9999650708870029, 'epsilon': 3.272755140430498e-08, 'hidden_layer_sizes': 100, 'learning_rate_init': 2.699874691710515e-05, 'tol': 0.0039522945335035715, 'validation_fraction': 0.6862418403580175}
observation time 0.000006, current best 11.103950 at iter 3
suggestion time taken 0.002458 iter 4 next_points [{'alpha': 3.3023881174250644, 'batch_size': 119, 'beta_1': 0.5402046292829438, 'beta_2': 0.9999323242679689, 'epsilon': 1.1791814995291814e-07, 'hidden_layer_sizes': 191, 'learning_rate_init': 0.010722035506265593, 'tol': 3.064039439917465e-05, 'validation_fraction': 0.1844607278207367}]
/home/ryedida/.local/lib/python3.9/site-packages/sklearn/neural_network/_multilayer_perceptron.py:605: UserWarning: Got `batch_size` less than 1 or larger than sample size. It is going to be clipped
  warnings.warn(

function_evaluation time 0.087857 value 8.784343 suggestion {'alpha': 3.3023881174250644, 'batch_size': 119, 'beta_1': 0.5402046292829438, 'beta_2': 0.9999323242679689, 'epsilon': 1.1791814995291814e-07, 'hidden_layer_sizes': 191, 'learning_rate_init': 0.010722035506265593, 'tol': 3.064039439917465e-05, 'validation_fraction': 0.1844607278207367}
observation time 0.000005, current best 8.784343 at iter 4
suggestion time taken 0.002480 iter 5 next_points [{'alpha': 0.00034940734230840226, 'batch_size': 221, 'beta_1': 0.8958746443158899, 'beta_2': 0.9989209646991556, 'epsilon': 9.631275082844099e-08, 'hidden_layer_sizes': 103, 'learning_rate_init': 0.05498102194590774, 'tol': 0.01534162174859649, 'validation_fraction': 0.2541064540211504}]
/home/ryedida/.local/lib/python3.9/site-packages/sklearn/neural_network/_multilayer_perceptron.py:605: UserWarning: Got `batch_size` less than 1 or larger than sample size. It is going to be clipped
  warnings.warn(

function_evaluation time 0.098399 value 6.029774 suggestion {'alpha': 0.00034940734230840226, 'batch_size': 221, 'beta_1': 0.8958746443158899, 'beta_2': 0.9989209646991556, 'epsilon': 9.631275082844099e-08, 'hidden_layer_sizes': 103, 'learning_rate_init': 0.05498102194590774, 'tol': 0.01534162174859649, 'validation_fraction': 0.2541064540211504}
observation time 0.000006, current best 6.029774 at iter 5
suggestion time taken 0.002477 iter 6 next_points [{'alpha': 0.035057619302289345, 'batch_size': 25, 'beta_1': 0.8362118400766289, 'beta_2': 0.976410964037066, 'epsilon': 1.3401547258567522e-08, 'hidden_layer_sizes': 52, 'learning_rate_init': 0.007267538219937356, 'tol': 0.021994856958041903, 'validation_fraction': 0.8593768198882229}]
/home/ryedida/.local/lib/python3.9/site-packages/sklearn/neural_network/_multilayer_perceptron.py:605: UserWarning: Got `batch_size` less than 1 or larger than sample size. It is going to be clipped
  warnings.warn(

function_evaluation time 0.070467 value 11.979947 suggestion {'alpha': 0.035057619302289345, 'batch_size': 25, 'beta_1': 0.8362118400766289, 'beta_2': 0.976410964037066, 'epsilon': 1.3401547258567522e-08, 'hidden_layer_sizes': 52, 'learning_rate_init': 0.007267538219937356, 'tol': 0.021994856958041903, 'validation_fraction': 0.8593768198882229}
observation time 0.000006, current best 6.029774 at iter 6
suggestion time taken 0.002762 iter 7 next_points [{'alpha': 0.019098210530973797, 'batch_size': 206, 'beta_1': 0.9888981873921208, 'beta_2': 0.9968221703487954, 'epsilon': 1.8309679863224736e-07, 'hidden_layer_sizes': 91, 'learning_rate_init': 0.00043438284742138304, 'tol': 0.027108041963234863, 'validation_fraction': 0.6230354915147178}]
/home/ryedida/.local/lib/python3.9/site-packages/sklearn/neural_network/_multilayer_perceptron.py:605: UserWarning: Got `batch_size` less than 1 or larger than sample size. It is going to be clipped
  warnings.warn(

function_evaluation time 0.054871 value 16.511847 suggestion {'alpha': 0.019098210530973797, 'batch_size': 206, 'beta_1': 0.9888981873921208, 'beta_2': 0.9968221703487954, 'epsilon': 1.8309679863224736e-07, 'hidden_layer_sizes': 91, 'learning_rate_init': 0.00043438284742138304, 'tol': 0.027108041963234863, 'validation_fraction': 0.6230354915147178}
observation time 0.000006, current best 6.029774 at iter 7
suggestion time taken 0.002508 iter 8 next_points [{'alpha': 0.026196003625652445, 'batch_size': 122, 'beta_1': 0.5108324516061497, 'beta_2': 0.9999560168568066, 'epsilon': 1.4456997275532382e-08, 'hidden_layer_sizes': 161, 'learning_rate_init': 0.005256481228786188, 'tol': 0.0012608442942357964, 'validation_fraction': 0.5241301886828673}]
/home/ryedida/.local/lib/python3.9/site-packages/sklearn/neural_network/_multilayer_perceptron.py:605: UserWarning: Got `batch_size` less than 1 or larger than sample size. It is going to be clipped
  warnings.warn(

function_evaluation time 0.097913 value 5.069243 suggestion {'alpha': 0.026196003625652445, 'batch_size': 122, 'beta_1': 0.5108324516061497, 'beta_2': 0.9999560168568066, 'epsilon': 1.4456997275532382e-08, 'hidden_layer_sizes': 161, 'learning_rate_init': 0.005256481228786188, 'tol': 0.0012608442942357964, 'validation_fraction': 0.5241301886828673}
observation time 0.000005, current best 5.069243 at iter 8
suggestion time taken 0.002486 iter 9 next_points [{'alpha': 0.12471592685540564, 'batch_size': 107, 'beta_1': 0.7601497116225092, 'beta_2': 0.9981958268625349, 'epsilon': 1.52263722089969e-07, 'hidden_layer_sizes': 84, 'learning_rate_init': 0.0006008942689072921, 'tol': 4.040569749995391e-05, 'validation_fraction': 0.4652267261826584}]
/home/ryedida/.local/lib/python3.9/site-packages/sklearn/neural_network/_multilayer_perceptron.py:605: UserWarning: Got `batch_size` less than 1 or larger than sample size. It is going to be clipped
  warnings.warn(

function_evaluation time 0.066090 value 12.011273 suggestion {'alpha': 0.12471592685540564, 'batch_size': 107, 'beta_1': 0.7601497116225092, 'beta_2': 0.9981958268625349, 'epsilon': 1.52263722089969e-07, 'hidden_layer_sizes': 84, 'learning_rate_init': 0.0006008942689072921, 'tol': 4.040569749995391e-05, 'validation_fraction': 0.4652267261826584}
observation time 0.000006, current best 5.069243 at iter 9
suggestion time taken 0.002795 iter 10 next_points [{'alpha': 0.00016245119146973542, 'batch_size': 245, 'beta_1': 0.9400042096762175, 'beta_2': 0.9999899624527953, 'epsilon': 5.546494953107378e-07, 'hidden_layer_sizes': 143, 'learning_rate_init': 0.08755223630631526, 'tol': 5.742936809126839e-05, 'validation_fraction': 0.1302024257174353}]
/home/ryedida/.local/lib/python3.9/site-packages/sklearn/neural_network/_multilayer_perceptron.py:605: UserWarning: Got `batch_size` less than 1 or larger than sample size. It is going to be clipped
  warnings.warn(

function_evaluation time 0.073132 value 10.123539 suggestion {'alpha': 0.00016245119146973542, 'batch_size': 245, 'beta_1': 0.9400042096762175, 'beta_2': 0.9999899624527953, 'epsilon': 5.546494953107378e-07, 'hidden_layer_sizes': 143, 'learning_rate_init': 0.08755223630631526, 'tol': 5.742936809126839e-05, 'validation_fraction': 0.1302024257174353}
observation time 0.000006, current best 5.069243 at iter 10
suggestion time taken 0.002557 iter 11 next_points [{'alpha': 0.0038693231705528553, 'batch_size': 79, 'beta_1': 0.9699760111471553, 'beta_2': 0.9999942933772545, 'epsilon': 3.6648103326394206e-07, 'hidden_layer_sizes': 189, 'learning_rate_init': 0.044882702446607345, 'tol': 3.803201541156098e-05, 'validation_fraction': 0.7428201364091555}]
/home/ryedida/.local/lib/python3.9/site-packages/sklearn/neural_network/_multilayer_perceptron.py:605: UserWarning: Got `batch_size` less than 1 or larger than sample size. It is going to be clipped
  warnings.warn(

function_evaluation time 0.112537 value 1.053897 suggestion {'alpha': 0.0038693231705528553, 'batch_size': 79, 'beta_1': 0.9699760111471553, 'beta_2': 0.9999942933772545, 'epsilon': 3.6648103326394206e-07, 'hidden_layer_sizes': 189, 'learning_rate_init': 0.044882702446607345, 'tol': 3.803201541156098e-05, 'validation_fraction': 0.7428201364091555}
observation time 0.000005, current best 1.053897 at iter 11
suggestion time taken 0.002506 iter 12 next_points [{'alpha': 0.3809169347592795, 'batch_size': 186, 'beta_1': 0.9852169986546543, 'beta_2': 0.9999981125460309, 'epsilon': 1.4862876338535677e-08, 'hidden_layer_sizes': 113, 'learning_rate_init': 0.001611521682538488, 'tol': 0.08399496913459836, 'validation_fraction': 0.4893546402516614}]
/home/ryedida/.local/lib/python3.9/site-packages/sklearn/neural_network/_multilayer_perceptron.py:605: UserWarning: Got `batch_size` less than 1 or larger than sample size. It is going to be clipped
  warnings.warn(

function_evaluation time 0.061446 value 13.011779 suggestion {'alpha': 0.3809169347592795, 'batch_size': 186, 'beta_1': 0.9852169986546543, 'beta_2': 0.9999981125460309, 'epsilon': 1.4862876338535677e-08, 'hidden_layer_sizes': 113, 'learning_rate_init': 0.001611521682538488, 'tol': 0.08399496913459836, 'validation_fraction': 0.4893546402516614}
observation time 0.000007, current best 1.053897 at iter 12
suggestion time taken 0.002816 iter 13 next_points [{'alpha': 0.06915439997712328, 'batch_size': 195, 'beta_1': 0.9306418329306109, 'beta_2': 0.9887640304689531, 'epsilon': 1.2964704864125543e-08, 'hidden_layer_sizes': 126, 'learning_rate_init': 0.03406283657878144, 'tol': 2.605860863762695e-05, 'validation_fraction': 0.7837639301662129}]
/home/ryedida/.local/lib/python3.9/site-packages/sklearn/neural_network/_multilayer_perceptron.py:605: UserWarning: Got `batch_size` less than 1 or larger than sample size. It is going to be clipped
  warnings.warn(

function_evaluation time 0.119315 value 3.942567 suggestion {'alpha': 0.06915439997712328, 'batch_size': 195, 'beta_1': 0.9306418329306109, 'beta_2': 0.9887640304689531, 'epsilon': 1.2964704864125543e-08, 'hidden_layer_sizes': 126, 'learning_rate_init': 0.03406283657878144, 'tol': 2.605860863762695e-05, 'validation_fraction': 0.7837639301662129}
observation time 0.000006, current best 1.053897 at iter 13
suggestion time taken 0.002458 iter 14 next_points [{'alpha': 6.534570856547335e-05, 'batch_size': 211, 'beta_1': 0.9560964178182824, 'beta_2': 0.9980285600304948, 'epsilon': 9.20172164720573e-09, 'hidden_layer_sizes': 63, 'learning_rate_init': 4.1322541864182676e-05, 'tol': 5.031774893722145e-05, 'validation_fraction': 0.6248408449776789}]
/home/ryedida/.local/lib/python3.9/site-packages/sklearn/neural_network/_multilayer_perceptron.py:605: UserWarning: Got `batch_size` less than 1 or larger than sample size. It is going to be clipped
  warnings.warn(

function_evaluation time 0.043232 value 23.589513 suggestion {'alpha': 6.534570856547335e-05, 'batch_size': 211, 'beta_1': 0.9560964178182824, 'beta_2': 0.9980285600304948, 'epsilon': 9.20172164720573e-09, 'hidden_layer_sizes': 63, 'learning_rate_init': 4.1322541864182676e-05, 'tol': 5.031774893722145e-05, 'validation_fraction': 0.6248408449776789}
observation time 0.000005, current best 1.053897 at iter 14
saving meta data: {'args': {'--uuid': 'c2adcee9a1305eb4a77ad149a8e0edba', '-db-root': '/home/ryedida/bbo_challenge_starter_kit/output', '--opt-root': '/home/ryedida/bbo_challenge_starter_kit/example_submissions', '--data-root': None, '--db': 'run_20230424_224500', '--opt': 'random-search', '--data': 'wine', '--classifier': 'MLP-adam', '--metric': 'nll', '--calls': 15, '--suggestions': 1, '--jobs-file': None, '--verbose': False, 'dry_run': False, 'rev': 'a376313', 'opt_rev': '0.0.8'}, 'signature': ([{'alpha': 0.019628224813442792, 'batch_size': 182, 'beta_1': 0.9410202200271762, 'beta_2': 0.9998021557676793, 'epsilon': 1.8662266976518e-08, 'hidden_layer_sizes': 147, 'learning_rate_init': 0.0005627932047415167, 'tol': 0.03690557729213761, 'validation_fraction': 0.8846827852548593}, {'alpha': 0.0019982467392329444, 'batch_size': 200, 'beta_1': 0.919111482530466, 'beta_2': 0.9998488260436156, 'epsilon': 5.981221901152555e-07, 'hidden_layer_sizes': 61, 'learning_rate_init': 2.2310905607443014e-05, 'tol': 1.2046852412030316e-05, 'validation_fraction': 0.8117896445826539}, {'alpha': 0.46659545670218433, 'batch_size': 219, 'beta_1': 0.9889789783750891, 'beta_2': 0.9999896868093284, 'epsilon': 2.4234724484675948e-08, 'hidden_layer_sizes': 167, 'learning_rate_init': 2.972334644335654e-05, 'tol': 0.0036281404040243792, 'validation_fraction': 0.17260651658522078}, {'alpha': 4.656005689076002, 'batch_size': 135, 'beta_1': 0.870503881627747, 'beta_2': 0.9948873266941017, 'epsilon': 2.1023308743480125e-07, 'hidden_layer_sizes': 118, 'learning_rate_init': 0.0018781738757161913, 'tol': 1.1889379831773004e-05, 'validation_fraction': 0.6264327093752792}, {'alpha': 0.04705159350400542, 'batch_size': 158, 'beta_1': 0.9870884262730957, 'beta_2': 0.9999596874382349, 'epsilon': 1.1981845126013875e-08, 'hidden_layer_sizes': 116, 'learning_rate_init': 0.00617340520407431, 'tol': 1.741413418158619e-05, 'validation_fraction': 0.6754299026638921}], [16.063962273407764, 23.274250254613083, 19.80193088400322, 3.463918210725012, 15.210579700922176])}
saving results
saving timing
saving suggest log
done
