running: {'--uuid': 'c5aea41974185de3a9d02f095c318a06', '-db-root': '/home/ryedida/bbo_challenge_starter_kit/output', '--opt-root': '/home/ryedida/bbo_challenge_starter_kit/example_submissions', '--data-root': None, '--db': 'run_20230424_224500', '--opt': 'hyperopt', '--data': 'wine', '--classifier': 'MLP-adam', '--metric': 'nll', '--calls': 15, '--suggestions': 1, '--jobs-file': None, '--verbose': False, 'dry_run': False, 'rev': 'a376313', 'opt_rev': '0.2.7'}
cmd: python hyperopt/optimizer.py -c MLP-adam -d wine -o hyperopt -u c5aea41974185de3a9d02f095c318a06 -m nll -n 15 -p 1 -dir /home/ryedida/bbo_challenge_starter_kit/output -b run_20230424_224500
/home/ryedida/.local/lib/python3.9/site-packages/sklearn/neural_network/_multilayer_perceptron.py:605: UserWarning: Got `batch_size` less than 1 or larger than sample size. It is going to be clipped
  warnings.warn(

/home/ryedida/.local/lib/python3.9/site-packages/sklearn/neural_network/_multilayer_perceptron.py:605: UserWarning: Got `batch_size` less than 1 or larger than sample size. It is going to be clipped
  warnings.warn(

/home/ryedida/.local/lib/python3.9/site-packages/sklearn/neural_network/_multilayer_perceptron.py:605: UserWarning: Got `batch_size` less than 1 or larger than sample size. It is going to be clipped
  warnings.warn(

/home/ryedida/.local/lib/python3.9/site-packages/sklearn/neural_network/_multilayer_perceptron.py:605: UserWarning: Got `batch_size` less than 1 or larger than sample size. It is going to be clipped
  warnings.warn(

/home/ryedida/.local/lib/python3.9/site-packages/sklearn/neural_network/_multilayer_perceptron.py:605: UserWarning: Got `batch_size` less than 1 or larger than sample size. It is going to be clipped
  warnings.warn(

computed signature: ([{'alpha': 0.019628224813442792, 'batch_size': 182, 'beta_1': 0.9410202200271762, 'beta_2': 0.9998021557676793, 'epsilon': 1.8662266976518e-08, 'hidden_layer_sizes': 147, 'learning_rate_init': 0.0005627932047415167, 'tol': 0.03690557729213761, 'validation_fraction': 0.8846827852548593}, {'alpha': 0.0019982467392329444, 'batch_size': 200, 'beta_1': 0.919111482530466, 'beta_2': 0.9998488260436156, 'epsilon': 5.981221901152555e-07, 'hidden_layer_sizes': 61, 'learning_rate_init': 2.2310905607443014e-05, 'tol': 1.2046852412030316e-05, 'validation_fraction': 0.8117896445826539}, {'alpha': 0.46659545670218433, 'batch_size': 219, 'beta_1': 0.9889789783750891, 'beta_2': 0.9999896868093284, 'epsilon': 2.4234724484675948e-08, 'hidden_layer_sizes': 167, 'learning_rate_init': 2.972334644335654e-05, 'tol': 0.0036281404040243792, 'validation_fraction': 0.17260651658522078}, {'alpha': 4.656005689076002, 'batch_size': 135, 'beta_1': 0.870503881627747, 'beta_2': 0.9948873266941017, 'epsilon': 2.1023308743480125e-07, 'hidden_layer_sizes': 118, 'learning_rate_init': 0.0018781738757161913, 'tol': 1.1889379831773004e-05, 'validation_fraction': 0.6264327093752792}, {'alpha': 0.04705159350400542, 'batch_size': 158, 'beta_1': 0.9870884262730957, 'beta_2': 0.9999596874382349, 'epsilon': 1.1981845126013875e-08, 'hidden_layer_sizes': 116, 'learning_rate_init': 0.00617340520407431, 'tol': 1.741413418158619e-05, 'validation_fraction': 0.6754299026638921}], [16.063962273407764, 23.274250254613083, 19.80193088400322, 3.463918210725012, 15.210579700922176])
/home/ryedida/.local/lib/python3.9/site-packages/bayesmark/signatures.py:85: RuntimeWarning: Signature diverged on MLP-adam_wine_nll betwen [15.51998549 22.35390307 19.16402613  3.37792524 14.64310022] and [16.06396227 23.27425025 19.80193088  3.46391821 15.2105797 ]
  warnings.warn(

Signature errors:
                          0         1         2         3         4       max
MLP-adam_wine_nll  0.543977  0.920347  0.637905  0.085993  0.567479  0.920347
max                0.543977  0.920347  0.637905  0.085993  0.567479  0.920347
starting sklearn study hyperopt MLP-adam wine nll 15 1
with data root: None
suggestion time taken 0.002531 iter 0 next_points [{'alpha': 2.9786449131156564e-05, 'batch_size': 38, 'beta_1': 0.5698323099983736, 'beta_2': 0.9456815447294431, 'epsilon': 2.5138134385028173e-08, 'hidden_layer_sizes': 94, 'learning_rate_init': 0.04338450538109121, 'tol': 0.09895361669694727, 'validation_fraction': 0.7897779634335644}]
/home/ryedida/.local/lib/python3.9/site-packages/sklearn/neural_network/_multilayer_perceptron.py:605: UserWarning: Got `batch_size` less than 1 or larger than sample size. It is going to be clipped
  warnings.warn(

function_evaluation time 0.059917 value 8.343473 suggestion {'alpha': 2.9786449131156564e-05, 'batch_size': 38, 'beta_1': 0.5698323099983736, 'beta_2': 0.9456815447294431, 'epsilon': 2.5138134385028173e-08, 'hidden_layer_sizes': 94, 'learning_rate_init': 0.04338450538109121, 'tol': 0.09895361669694727, 'validation_fraction': 0.7897779634335644}
observation time 0.000063, current best 8.343473 at iter 0
suggestion time taken 0.002369 iter 1 next_points [{'alpha': 0.0016131081009656892, 'batch_size': 180, 'beta_1': 0.5530135269579326, 'beta_2': 0.9616222145966739, 'epsilon': 7.267948808787532e-07, 'hidden_layer_sizes': 129, 'learning_rate_init': 4.0261966533253585e-05, 'tol': 0.00015515186705112672, 'validation_fraction': 0.8102901387979137}]
/home/ryedida/.local/lib/python3.9/site-packages/sklearn/neural_network/_multilayer_perceptron.py:605: UserWarning: Got `batch_size` less than 1 or larger than sample size. It is going to be clipped
  warnings.warn(

function_evaluation time 0.063499 value 17.791116 suggestion {'alpha': 0.0016131081009656892, 'batch_size': 180, 'beta_1': 0.5530135269579326, 'beta_2': 0.9616222145966739, 'epsilon': 7.267948808787532e-07, 'hidden_layer_sizes': 129, 'learning_rate_init': 4.0261966533253585e-05, 'tol': 0.00015515186705112672, 'validation_fraction': 0.8102901387979137}
observation time 0.000065, current best 8.343473 at iter 1
suggestion time taken 0.002113 iter 2 next_points [{'alpha': 4.672904002689358e-05, 'batch_size': 129, 'beta_1': 0.7125642460267583, 'beta_2': 0.9352111974881148, 'epsilon': 1.0059351174445504e-08, 'hidden_layer_sizes': 60, 'learning_rate_init': 0.03614203029609956, 'tol': 2.2102111636367945e-05, 'validation_fraction': 0.4513565577484}]
/home/ryedida/.local/lib/python3.9/site-packages/sklearn/neural_network/_multilayer_perceptron.py:605: UserWarning: Got `batch_size` less than 1 or larger than sample size. It is going to be clipped
  warnings.warn(

function_evaluation time 0.085594 value 3.115015 suggestion {'alpha': 4.672904002689358e-05, 'batch_size': 129, 'beta_1': 0.7125642460267583, 'beta_2': 0.9352111974881148, 'epsilon': 1.0059351174445504e-08, 'hidden_layer_sizes': 60, 'learning_rate_init': 0.03614203029609956, 'tol': 2.2102111636367945e-05, 'validation_fraction': 0.4513565577484}
observation time 0.000069, current best 3.115015 at iter 2
suggestion time taken 0.002127 iter 3 next_points [{'alpha': 0.36978191580938596, 'batch_size': 184, 'beta_1': 0.5998662599419171, 'beta_2': 0.9503837532196884, 'epsilon': 1.68125727463383e-09, 'hidden_layer_sizes': 169, 'learning_rate_init': 1.2245295783181192e-05, 'tol': 0.00011956383728213553, 'validation_fraction': 0.37341270525399034}]
/home/ryedida/.local/lib/python3.9/site-packages/sklearn/neural_network/_multilayer_perceptron.py:605: UserWarning: Got `batch_size` less than 1 or larger than sample size. It is going to be clipped
  warnings.warn(

function_evaluation time 0.052223 value 23.481335 suggestion {'alpha': 0.36978191580938596, 'batch_size': 184, 'beta_1': 0.5998662599419171, 'beta_2': 0.9503837532196884, 'epsilon': 1.68125727463383e-09, 'hidden_layer_sizes': 169, 'learning_rate_init': 1.2245295783181192e-05, 'tol': 0.00011956383728213553, 'validation_fraction': 0.37341270525399034}
observation time 0.000091, current best 3.115015 at iter 3
suggestion time taken 0.002254 iter 4 next_points [{'alpha': 0.28722779398239495, 'batch_size': 90, 'beta_1': 0.6284042971374663, 'beta_2': 0.9477534447434549, 'epsilon': 1.6286835369980967e-09, 'hidden_layer_sizes': 102, 'learning_rate_init': 1.9179785861709234e-05, 'tol': 0.008393462671033186, 'validation_fraction': 0.4607775633355119}]
/home/ryedida/.local/lib/python3.9/site-packages/sklearn/neural_network/_multilayer_perceptron.py:605: UserWarning: Got `batch_size` less than 1 or larger than sample size. It is going to be clipped
  warnings.warn(

function_evaluation time 0.046270 value 21.376167 suggestion {'alpha': 0.28722779398239495, 'batch_size': 90, 'beta_1': 0.6284042971374663, 'beta_2': 0.9477534447434549, 'epsilon': 1.6286835369980967e-09, 'hidden_layer_sizes': 102, 'learning_rate_init': 1.9179785861709234e-05, 'tol': 0.008393462671033186, 'validation_fraction': 0.4607775633355119}
observation time 0.000072, current best 3.115015 at iter 4
suggestion time taken 0.002183 iter 5 next_points [{'alpha': 0.0031654873219040436, 'batch_size': 161, 'beta_1': 0.6118244375105528, 'beta_2': 0.9042760388643605, 'epsilon': 1.9441864531184343e-08, 'hidden_layer_sizes': 169, 'learning_rate_init': 0.0224827964535013, 'tol': 0.001591092792740119, 'validation_fraction': 0.6650937125948497}]
/home/ryedida/.local/lib/python3.9/site-packages/sklearn/neural_network/_multilayer_perceptron.py:605: UserWarning: Got `batch_size` less than 1 or larger than sample size. It is going to be clipped
  warnings.warn(

function_evaluation time 0.108596 value 6.020028 suggestion {'alpha': 0.0031654873219040436, 'batch_size': 161, 'beta_1': 0.6118244375105528, 'beta_2': 0.9042760388643605, 'epsilon': 1.9441864531184343e-08, 'hidden_layer_sizes': 169, 'learning_rate_init': 0.0224827964535013, 'tol': 0.001591092792740119, 'validation_fraction': 0.6650937125948497}
observation time 0.000071, current best 3.115015 at iter 5
suggestion time taken 0.002121 iter 6 next_points [{'alpha': 1.2875964865500011, 'batch_size': 196, 'beta_1': 0.605600884354401, 'beta_2': 0.9463484831072813, 'epsilon': 1.526504634890742e-08, 'hidden_layer_sizes': 165, 'learning_rate_init': 2.1967792796965217e-05, 'tol': 0.002501001670404972, 'validation_fraction': 0.5800730673558867}]
/home/ryedida/.local/lib/python3.9/site-packages/sklearn/neural_network/_multilayer_perceptron.py:605: UserWarning: Got `batch_size` less than 1 or larger than sample size. It is going to be clipped
  warnings.warn(

function_evaluation time 0.050814 value 21.071106 suggestion {'alpha': 1.2875964865500011, 'batch_size': 196, 'beta_1': 0.605600884354401, 'beta_2': 0.9463484831072813, 'epsilon': 1.526504634890742e-08, 'hidden_layer_sizes': 165, 'learning_rate_init': 2.1967792796965217e-05, 'tol': 0.002501001670404972, 'validation_fraction': 0.5800730673558867}
observation time 0.000068, current best 3.115015 at iter 6
suggestion time taken 0.002172 iter 7 next_points [{'alpha': 8.760490343946623e-05, 'batch_size': 202, 'beta_1': 0.8459771263765651, 'beta_2': 0.9884487939228661, 'epsilon': 1.5336129161523422e-07, 'hidden_layer_sizes': 160, 'learning_rate_init': 1.6469399514425724e-05, 'tol': 1.7087719961296595e-05, 'validation_fraction': 0.803828405209119}]
/home/ryedida/.local/lib/python3.9/site-packages/sklearn/neural_network/_multilayer_perceptron.py:605: UserWarning: Got `batch_size` less than 1 or larger than sample size. It is going to be clipped
  warnings.warn(

function_evaluation time 0.049272 value 22.198455 suggestion {'alpha': 8.760490343946623e-05, 'batch_size': 202, 'beta_1': 0.8459771263765651, 'beta_2': 0.9884487939228661, 'epsilon': 1.5336129161523422e-07, 'hidden_layer_sizes': 160, 'learning_rate_init': 1.6469399514425724e-05, 'tol': 1.7087719961296595e-05, 'validation_fraction': 0.803828405209119}
observation time 0.000068, current best 3.115015 at iter 7
suggestion time taken 0.002100 iter 8 next_points [{'alpha': 1.3962370538752864, 'batch_size': 228, 'beta_1': 0.5795291681381941, 'beta_2': 0.9809224512289326, 'epsilon': 5.076224285374163e-08, 'hidden_layer_sizes': 193, 'learning_rate_init': 8.448501939128633e-05, 'tol': 0.0001800331064140749, 'validation_fraction': 0.10748922588820432}]
/home/ryedida/.local/lib/python3.9/site-packages/sklearn/neural_network/_multilayer_perceptron.py:605: UserWarning: Got `batch_size` less than 1 or larger than sample size. It is going to be clipped
  warnings.warn(

function_evaluation time 0.055441 value 22.247280 suggestion {'alpha': 1.3962370538752864, 'batch_size': 228, 'beta_1': 0.5795291681381941, 'beta_2': 0.9809224512289326, 'epsilon': 5.076224285374163e-08, 'hidden_layer_sizes': 193, 'learning_rate_init': 8.448501939128633e-05, 'tol': 0.0001800331064140749, 'validation_fraction': 0.10748922588820432}
observation time 0.000074, current best 3.115015 at iter 8
suggestion time taken 0.002336 iter 9 next_points [{'alpha': 7.983237109227288e-05, 'batch_size': 199, 'beta_1': 0.5732372751233673, 'beta_2': 0.9539778859471122, 'epsilon': 1.3997688815777981e-08, 'hidden_layer_sizes': 102, 'learning_rate_init': 0.05285022561605945, 'tol': 0.00010475907754730708, 'validation_fraction': 0.13115639267319842}]
/home/ryedida/.local/lib/python3.9/site-packages/sklearn/neural_network/_multilayer_perceptron.py:605: UserWarning: Got `batch_size` less than 1 or larger than sample size. It is going to be clipped
  warnings.warn(

function_evaluation time 0.096859 value 5.903380 suggestion {'alpha': 7.983237109227288e-05, 'batch_size': 199, 'beta_1': 0.5732372751233673, 'beta_2': 0.9539778859471122, 'epsilon': 1.3997688815777981e-08, 'hidden_layer_sizes': 102, 'learning_rate_init': 0.05285022561605945, 'tol': 0.00010475907754730708, 'validation_fraction': 0.13115639267319842}
observation time 0.000075, current best 3.115015 at iter 9
suggestion time taken 0.002158 iter 10 next_points [{'alpha': 2.9381843262008864e-05, 'batch_size': 218, 'beta_1': 0.737809583384322, 'beta_2': 0.929794391919058, 'epsilon': 1.4205039851918214e-07, 'hidden_layer_sizes': 72, 'learning_rate_init': 0.0005468640171442822, 'tol': 1.0586137326655532e-05, 'validation_fraction': 0.20994295337002047}]
/home/ryedida/.local/lib/python3.9/site-packages/sklearn/neural_network/_multilayer_perceptron.py:605: UserWarning: Got `batch_size` less than 1 or larger than sample size. It is going to be clipped
  warnings.warn(

function_evaluation time 0.073220 value 15.510165 suggestion {'alpha': 2.9381843262008864e-05, 'batch_size': 218, 'beta_1': 0.737809583384322, 'beta_2': 0.929794391919058, 'epsilon': 1.4205039851918214e-07, 'hidden_layer_sizes': 72, 'learning_rate_init': 0.0005468640171442822, 'tol': 1.0586137326655532e-05, 'validation_fraction': 0.20994295337002047}
observation time 0.000072, current best 3.115015 at iter 10
suggestion time taken 0.002144 iter 11 next_points [{'alpha': 0.00043711783072704493, 'batch_size': 224, 'beta_1': 0.7453925766110374, 'beta_2': 0.905175922429822, 'epsilon': 1.515652411225605e-07, 'hidden_layer_sizes': 64, 'learning_rate_init': 0.0002812942498892191, 'tol': 4.653906509201532e-05, 'validation_fraction': 0.6099979236578649}]
/home/ryedida/.local/lib/python3.9/site-packages/sklearn/neural_network/_multilayer_perceptron.py:605: UserWarning: Got `batch_size` less than 1 or larger than sample size. It is going to be clipped
  warnings.warn(

function_evaluation time 0.049102 value 18.869018 suggestion {'alpha': 0.00043711783072704493, 'batch_size': 224, 'beta_1': 0.7453925766110374, 'beta_2': 0.905175922429822, 'epsilon': 1.515652411225605e-07, 'hidden_layer_sizes': 64, 'learning_rate_init': 0.0002812942498892191, 'tol': 4.653906509201532e-05, 'validation_fraction': 0.6099979236578649}
observation time 0.000094, current best 3.115015 at iter 11
suggestion time taken 0.002111 iter 12 next_points [{'alpha': 7.728868682440957, 'batch_size': 189, 'beta_1': 0.9767794831859677, 'beta_2': 0.9194011480065916, 'epsilon': 1.1052583616563974e-09, 'hidden_layer_sizes': 98, 'learning_rate_init': 0.02639761043055588, 'tol': 0.00034097643728089465, 'validation_fraction': 0.40466815828345193}]
/home/ryedida/.local/lib/python3.9/site-packages/sklearn/neural_network/_multilayer_perceptron.py:605: UserWarning: Got `batch_size` less than 1 or larger than sample size. It is going to be clipped
  warnings.warn(

function_evaluation time 0.089511 value 12.446791 suggestion {'alpha': 7.728868682440957, 'batch_size': 189, 'beta_1': 0.9767794831859677, 'beta_2': 0.9194011480065916, 'epsilon': 1.1052583616563974e-09, 'hidden_layer_sizes': 98, 'learning_rate_init': 0.02639761043055588, 'tol': 0.00034097643728089465, 'validation_fraction': 0.40466815828345193}
observation time 0.000077, current best 3.115015 at iter 12
suggestion time taken 0.002394 iter 13 next_points [{'alpha': 0.0025487527006197164, 'batch_size': 207, 'beta_1': 0.502897293049289, 'beta_2': 0.9179730032702433, 'epsilon': 2.918516347608245e-09, 'hidden_layer_sizes': 164, 'learning_rate_init': 0.00012466508774423683, 'tol': 0.0007008055567076597, 'validation_fraction': 0.1653616364484092}]
/home/ryedida/.local/lib/python3.9/site-packages/sklearn/neural_network/_multilayer_perceptron.py:605: UserWarning: Got `batch_size` less than 1 or larger than sample size. It is going to be clipped
  warnings.warn(

function_evaluation time 0.052983 value 23.719172 suggestion {'alpha': 0.0025487527006197164, 'batch_size': 207, 'beta_1': 0.502897293049289, 'beta_2': 0.9179730032702433, 'epsilon': 2.918516347608245e-09, 'hidden_layer_sizes': 164, 'learning_rate_init': 0.00012466508774423683, 'tol': 0.0007008055567076597, 'validation_fraction': 0.1653616364484092}
observation time 0.000068, current best 3.115015 at iter 13
suggestion time taken 0.002238 iter 14 next_points [{'alpha': 1.7226774163123557, 'batch_size': 171, 'beta_1': 0.6713955646280989, 'beta_2': 0.9959013084430568, 'epsilon': 1.3422515641054777e-08, 'hidden_layer_sizes': 123, 'learning_rate_init': 0.05189351938183635, 'tol': 0.03961388126873167, 'validation_fraction': 0.35393474904139643}]
/home/ryedida/.local/lib/python3.9/site-packages/sklearn/neural_network/_multilayer_perceptron.py:605: UserWarning: Got `batch_size` less than 1 or larger than sample size. It is going to be clipped
  warnings.warn(

function_evaluation time 0.097518 value 3.436258 suggestion {'alpha': 1.7226774163123557, 'batch_size': 171, 'beta_1': 0.6713955646280989, 'beta_2': 0.9959013084430568, 'epsilon': 1.3422515641054777e-08, 'hidden_layer_sizes': 123, 'learning_rate_init': 0.05189351938183635, 'tol': 0.03961388126873167, 'validation_fraction': 0.35393474904139643}
observation time 0.000073, current best 3.115015 at iter 14
saving meta data: {'args': {'--uuid': 'c5aea41974185de3a9d02f095c318a06', '-db-root': '/home/ryedida/bbo_challenge_starter_kit/output', '--opt-root': '/home/ryedida/bbo_challenge_starter_kit/example_submissions', '--data-root': None, '--db': 'run_20230424_224500', '--opt': 'hyperopt', '--data': 'wine', '--classifier': 'MLP-adam', '--metric': 'nll', '--calls': 15, '--suggestions': 1, '--jobs-file': None, '--verbose': False, 'dry_run': False, 'rev': 'a376313', 'opt_rev': '0.2.7'}, 'signature': ([{'alpha': 0.019628224813442792, 'batch_size': 182, 'beta_1': 0.9410202200271762, 'beta_2': 0.9998021557676793, 'epsilon': 1.8662266976518e-08, 'hidden_layer_sizes': 147, 'learning_rate_init': 0.0005627932047415167, 'tol': 0.03690557729213761, 'validation_fraction': 0.8846827852548593}, {'alpha': 0.0019982467392329444, 'batch_size': 200, 'beta_1': 0.919111482530466, 'beta_2': 0.9998488260436156, 'epsilon': 5.981221901152555e-07, 'hidden_layer_sizes': 61, 'learning_rate_init': 2.2310905607443014e-05, 'tol': 1.2046852412030316e-05, 'validation_fraction': 0.8117896445826539}, {'alpha': 0.46659545670218433, 'batch_size': 219, 'beta_1': 0.9889789783750891, 'beta_2': 0.9999896868093284, 'epsilon': 2.4234724484675948e-08, 'hidden_layer_sizes': 167, 'learning_rate_init': 2.972334644335654e-05, 'tol': 0.0036281404040243792, 'validation_fraction': 0.17260651658522078}, {'alpha': 4.656005689076002, 'batch_size': 135, 'beta_1': 0.870503881627747, 'beta_2': 0.9948873266941017, 'epsilon': 2.1023308743480125e-07, 'hidden_layer_sizes': 118, 'learning_rate_init': 0.0018781738757161913, 'tol': 1.1889379831773004e-05, 'validation_fraction': 0.6264327093752792}, {'alpha': 0.04705159350400542, 'batch_size': 158, 'beta_1': 0.9870884262730957, 'beta_2': 0.9999596874382349, 'epsilon': 1.1981845126013875e-08, 'hidden_layer_sizes': 116, 'learning_rate_init': 0.00617340520407431, 'tol': 1.741413418158619e-05, 'validation_fraction': 0.6754299026638921}], [16.063962273407764, 23.274250254613083, 19.80193088400322, 3.463918210725012, 15.210579700922176])}
saving results
saving timing
saving suggest log
done
