running: {'--uuid': 'fa6af81e086c5ecb92ec92bd9d18bacd', '-db-root': '/home/ryedida/bbo_challenge_starter_kit/output', '--opt-root': '/home/ryedida/bbo_challenge_starter_kit/example_submissions', '--data-root': None, '--db': 'run_20230424_224500', '--opt': 'opentuner', '--data': 'wine', '--classifier': 'MLP-adam', '--metric': 'acc', '--calls': 15, '--suggestions': 1, '--jobs-file': None, '--verbose': False, 'dry_run': False, 'rev': 'a376313', 'opt_rev': '0.8.8'}
cmd: python opentuner/optimizer.py -c MLP-adam -d wine -o opentuner -u fa6af81e086c5ecb92ec92bd9d18bacd -m acc -n 15 -p 1 -dir /home/ryedida/bbo_challenge_starter_kit/output -b run_20230424_224500
/home/ryedida/.local/lib/python3.9/site-packages/sklearn/neural_network/_multilayer_perceptron.py:605: UserWarning: Got `batch_size` less than 1 or larger than sample size. It is going to be clipped
  warnings.warn(

/home/ryedida/.local/lib/python3.9/site-packages/sklearn/neural_network/_multilayer_perceptron.py:605: UserWarning: Got `batch_size` less than 1 or larger than sample size. It is going to be clipped
  warnings.warn(

/home/ryedida/.local/lib/python3.9/site-packages/sklearn/neural_network/_multilayer_perceptron.py:605: UserWarning: Got `batch_size` less than 1 or larger than sample size. It is going to be clipped
  warnings.warn(

/home/ryedida/.local/lib/python3.9/site-packages/sklearn/neural_network/_multilayer_perceptron.py:605: UserWarning: Got `batch_size` less than 1 or larger than sample size. It is going to be clipped
  warnings.warn(

/home/ryedida/.local/lib/python3.9/site-packages/sklearn/neural_network/_multilayer_perceptron.py:605: UserWarning: Got `batch_size` less than 1 or larger than sample size. It is going to be clipped
  warnings.warn(

computed signature: ([{'alpha': 0.019628224813442792, 'batch_size': 182, 'beta_1': 0.9410202200271762, 'beta_2': 0.9998021557676793, 'epsilon': 1.8662266976518e-08, 'hidden_layer_sizes': 147, 'learning_rate_init': 0.0005627932047415167, 'tol': 0.03690557729213761, 'validation_fraction': 0.8846827852548593}, {'alpha': 0.0019982467392329444, 'batch_size': 200, 'beta_1': 0.919111482530466, 'beta_2': 0.9998488260436156, 'epsilon': 5.981221901152555e-07, 'hidden_layer_sizes': 61, 'learning_rate_init': 2.2310905607443014e-05, 'tol': 1.2046852412030316e-05, 'validation_fraction': 0.8117896445826539}, {'alpha': 0.46659545670218433, 'batch_size': 219, 'beta_1': 0.9889789783750891, 'beta_2': 0.9999896868093284, 'epsilon': 2.4234724484675948e-08, 'hidden_layer_sizes': 167, 'learning_rate_init': 2.972334644335654e-05, 'tol': 0.0036281404040243792, 'validation_fraction': 0.17260651658522078}, {'alpha': 4.656005689076002, 'batch_size': 135, 'beta_1': 0.870503881627747, 'beta_2': 0.9948873266941017, 'epsilon': 2.1023308743480125e-07, 'hidden_layer_sizes': 118, 'learning_rate_init': 0.0018781738757161913, 'tol': 1.1889379831773004e-05, 'validation_fraction': 0.6264327093752792}, {'alpha': 0.04705159350400542, 'batch_size': 158, 'beta_1': 0.9870884262730957, 'beta_2': 0.9999596874382349, 'epsilon': 1.1981845126013875e-08, 'hidden_layer_sizes': 116, 'learning_rate_init': 0.00617340520407431, 'tol': 1.741413418158619e-05, 'validation_fraction': 0.6754299026638921}], [-0.4359605911330049, -0.3169950738916256, -0.3312807881773399, -0.6620689655172413, -0.5017241379310344])
Signature errors:
                     0    1    2    3    4  max
MLP-adam_wine_acc  0.0  0.0  0.0  0.0  0.0  0.0
max                0.0  0.0  0.0  0.0  0.0  0.0
starting sklearn study opentuner MLP-adam wine acc 15 1
with data root: None
suggestion time taken 0.018346 iter 0 next_points [{'hidden_layer_sizes': 149, 'alpha': 1.2515271657293905, 'batch_size': 236, 'learning_rate_init': 0.02421591069429423, 'tol': 0.02865300612612114, 'validation_fraction': 0.8373003582284863, 'beta_1': 0.5856589160419825, 'beta_2': 0.9691231119265977, 'epsilon': 2.741296144808937e-07}]
/home/ryedida/.local/lib/python3.9/site-packages/sklearn/neural_network/_multilayer_perceptron.py:605: UserWarning: Got `batch_size` less than 1 or larger than sample size. It is going to be clipped
  warnings.warn(

function_evaluation time 0.098279 value -0.669212 suggestion {'hidden_layer_sizes': 149, 'alpha': 1.2515271657293905, 'batch_size': 236, 'learning_rate_init': 0.02421591069429423, 'tol': 0.02865300612612114, 'validation_fraction': 0.8373003582284863, 'beta_1': 0.5856589160419825, 'beta_2': 0.9691231119265977, 'epsilon': 2.741296144808937e-07}
observation time 0.004374, current best -0.669212 at iter 0
suggestion time taken 0.047403 iter 1 next_points [{'epsilon': 8.956179157476308e-07, 'validation_fraction': 0.5370676343909965, 'learning_rate_init': 0.009529970594845217, 'tol': 0.004781141488319807, 'alpha': 1.167472978793485, 'hidden_layer_sizes': 173, 'beta_2': 0.9244180732511145, 'beta_1': 0.8386180791273945, 'batch_size': 109}]
/home/ryedida/.local/lib/python3.9/site-packages/sklearn/neural_network/_multilayer_perceptron.py:605: UserWarning: Got `batch_size` less than 1 or larger than sample size. It is going to be clipped
  warnings.warn(

function_evaluation time 0.163076 value -0.845074 suggestion {'epsilon': 8.956179157476308e-07, 'validation_fraction': 0.5370676343909965, 'learning_rate_init': 0.009529970594845217, 'tol': 0.004781141488319807, 'alpha': 1.167472978793485, 'hidden_layer_sizes': 173, 'beta_2': 0.9244180732511145, 'beta_1': 0.8386180791273945, 'batch_size': 109}
observation time 0.001831, current best -0.845074 at iter 1
suggestion time taken 0.007439 iter 2 next_points [{'epsilon': 3.544166381768955e-07, 'validation_fraction': 0.5370676343909965, 'learning_rate_init': 0.009529970594845217, 'tol': 0.004781141488319807, 'alpha': 1.167472978793485, 'hidden_layer_sizes': 52, 'beta_2': 0.9244180732511145, 'beta_1': 0.8386180791273945, 'batch_size': 109}]
/home/ryedida/.local/lib/python3.9/site-packages/sklearn/neural_network/_multilayer_perceptron.py:605: UserWarning: Got `batch_size` less than 1 or larger than sample size. It is going to be clipped
  warnings.warn(

function_evaluation time 0.094893 value -0.647537 suggestion {'epsilon': 3.544166381768955e-07, 'validation_fraction': 0.5370676343909965, 'learning_rate_init': 0.009529970594845217, 'tol': 0.004781141488319807, 'alpha': 1.167472978793485, 'hidden_layer_sizes': 52, 'beta_2': 0.9244180732511145, 'beta_1': 0.8386180791273945, 'batch_size': 109}
observation time 0.001862, current best -0.845074 at iter 2
suggestion time taken 0.022235 iter 3 next_points [{'epsilon': 3.838765935409706e-07, 'learning_rate_init': 0.07133118842361845, 'beta_2': 0.9038792110782027, 'tol': 0.0175610696590504, 'batch_size': 142, 'beta_1': 0.5230878189035637, 'hidden_layer_sizes': 129, 'alpha': 0.16125408065359687, 'validation_fraction': 0.8204143604222974}]
/home/ryedida/.local/lib/python3.9/site-packages/sklearn/neural_network/_multilayer_perceptron.py:605: UserWarning: Got `batch_size` less than 1 or larger than sample size. It is going to be clipped
  warnings.warn(

function_evaluation time 0.090455 value -0.668473 suggestion {'epsilon': 3.838765935409706e-07, 'learning_rate_init': 0.07133118842361845, 'beta_2': 0.9038792110782027, 'tol': 0.0175610696590504, 'batch_size': 142, 'beta_1': 0.5230878189035637, 'hidden_layer_sizes': 129, 'alpha': 0.16125408065359687, 'validation_fraction': 0.8204143604222974}
observation time 0.002034, current best -0.845074 at iter 3
suggestion time taken 0.007021 iter 4 next_points [{'epsilon': 8.956179157476308e-07, 'validation_fraction': 0.5370676343909965, 'learning_rate_init': 0.0018782010657862236, 'tol': 0.0038926906068063494, 'alpha': 1.167472978793485, 'hidden_layer_sizes': 171, 'beta_2': 0.9244180732511145, 'beta_1': 0.8386180791273945, 'batch_size': 109}]
/home/ryedida/.local/lib/python3.9/site-packages/sklearn/neural_network/_multilayer_perceptron.py:605: UserWarning: Got `batch_size` less than 1 or larger than sample size. It is going to be clipped
  warnings.warn(

function_evaluation time 0.120299 value -0.741626 suggestion {'epsilon': 8.956179157476308e-07, 'validation_fraction': 0.5370676343909965, 'learning_rate_init': 0.0018782010657862236, 'tol': 0.0038926906068063494, 'alpha': 1.167472978793485, 'hidden_layer_sizes': 171, 'beta_2': 0.9244180732511145, 'beta_1': 0.8386180791273945, 'batch_size': 109}
observation time 0.001931, current best -0.845074 at iter 4
suggestion time taken 0.005112 iter 5 next_points [{'epsilon': 7.100185045743879e-07, 'validation_fraction': 0.3989334795700361, 'learning_rate_init': 0.016616951030373906, 'tol': 0.06073897111731024, 'alpha': 4.853387087916979, 'hidden_layer_sizes': 185, 'beta_2': 0.9983583282470175, 'beta_1': 0.7399136907671275, 'batch_size': 243}]
/home/ryedida/.local/lib/python3.9/site-packages/sklearn/neural_network/_multilayer_perceptron.py:605: UserWarning: Got `batch_size` less than 1 or larger than sample size. It is going to be clipped
  warnings.warn(

function_evaluation time 0.088755 value -0.578818 suggestion {'epsilon': 7.100185045743879e-07, 'validation_fraction': 0.3989334795700361, 'learning_rate_init': 0.016616951030373906, 'tol': 0.06073897111731024, 'alpha': 4.853387087916979, 'hidden_layer_sizes': 185, 'beta_2': 0.9983583282470175, 'beta_1': 0.7399136907671275, 'batch_size': 243}
observation time 0.001885, current best -0.845074 at iter 5
suggestion time taken 0.005287 iter 6 next_points [{'epsilon': 9.005263396371911e-07, 'validation_fraction': 0.8970244255717744, 'learning_rate_init': 0.0692052244658629, 'tol': 0.009542262370167243, 'alpha': 0.7456000324829924, 'hidden_layer_sizes': 187, 'beta_2': 0.9108915678565297, 'beta_1': 0.8544012277641504, 'batch_size': 197}]
/home/ryedida/.local/lib/python3.9/site-packages/sklearn/neural_network/_multilayer_perceptron.py:605: UserWarning: Got `batch_size` less than 1 or larger than sample size. It is going to be clipped
  warnings.warn(

function_evaluation time 0.064062 value -0.464286 suggestion {'epsilon': 9.005263396371911e-07, 'validation_fraction': 0.8970244255717744, 'learning_rate_init': 0.0692052244658629, 'tol': 0.009542262370167243, 'alpha': 0.7456000324829924, 'hidden_layer_sizes': 187, 'beta_2': 0.9108915678565297, 'beta_1': 0.8544012277641504, 'batch_size': 197}
observation time 0.001809, current best -0.845074 at iter 6
suggestion time taken 0.007121 iter 7 next_points [{'epsilon': 8.839834285961624e-07, 'validation_fraction': 0.4626203891875451, 'learning_rate_init': 0.008057773111156786, 'tol': 0.0011259731017005292, 'alpha': 1.167472978793485, 'hidden_layer_sizes': 173, 'beta_2': 0.9409609795020628, 'beta_1': 0.8386180791273945, 'batch_size': 109}]
/home/ryedida/.local/lib/python3.9/site-packages/sklearn/neural_network/_multilayer_perceptron.py:605: UserWarning: Got `batch_size` less than 1 or larger than sample size. It is going to be clipped
  warnings.warn(

function_evaluation time 0.103801 value -0.646305 suggestion {'epsilon': 8.839834285961624e-07, 'validation_fraction': 0.4626203891875451, 'learning_rate_init': 0.008057773111156786, 'tol': 0.0011259731017005292, 'alpha': 1.167472978793485, 'hidden_layer_sizes': 173, 'beta_2': 0.9409609795020628, 'beta_1': 0.8386180791273945, 'batch_size': 109}
observation time 0.001829, current best -0.845074 at iter 7
suggestion time taken 0.005001 iter 8 next_points [{'epsilon': 3.190069518826656e-07, 'validation_fraction': 0.38255801322220817, 'learning_rate_init': 0.056627318107384576, 'tol': 0.01740362853109383, 'alpha': 7.235631694819334, 'hidden_layer_sizes': 51, 'beta_2': 0.914725138871411, 'beta_1': 0.6543837254618969, 'batch_size': 158}]
/home/ryedida/.local/lib/python3.9/site-packages/sklearn/neural_network/_multilayer_perceptron.py:605: UserWarning: Got `batch_size` less than 1 or larger than sample size. It is going to be clipped
  warnings.warn(

function_evaluation time 0.107164 value -0.739409 suggestion {'epsilon': 3.190069518826656e-07, 'validation_fraction': 0.38255801322220817, 'learning_rate_init': 0.056627318107384576, 'tol': 0.01740362853109383, 'alpha': 7.235631694819334, 'hidden_layer_sizes': 51, 'beta_2': 0.914725138871411, 'beta_1': 0.6543837254618969, 'batch_size': 158}
observation time 0.001975, current best -0.845074 at iter 8
suggestion time taken 0.007028 iter 9 next_points [{'epsilon': 8.956179157476308e-07, 'validation_fraction': 0.5370676343909965, 'learning_rate_init': 0.009529970594845217, 'tol': 0.00513135761473953, 'alpha': 1.7090099327864254, 'hidden_layer_sizes': 186, 'beta_2': 0.9217142317253981, 'beta_1': 0.868790005941656, 'batch_size': 109}]
/home/ryedida/.local/lib/python3.9/site-packages/sklearn/neural_network/_multilayer_perceptron.py:605: UserWarning: Got `batch_size` less than 1 or larger than sample size. It is going to be clipped
  warnings.warn(

function_evaluation time 0.115754 value -0.613054 suggestion {'epsilon': 8.956179157476308e-07, 'validation_fraction': 0.5370676343909965, 'learning_rate_init': 0.009529970594845217, 'tol': 0.00513135761473953, 'alpha': 1.7090099327864254, 'hidden_layer_sizes': 186, 'beta_2': 0.9217142317253981, 'beta_1': 0.868790005941656, 'batch_size': 109}
observation time 0.001831, current best -0.845074 at iter 9
suggestion time taken 0.007041 iter 10 next_points [{'epsilon': 8.956179157476308e-07, 'validation_fraction': 0.3727656770836434, 'learning_rate_init': 0.02915317011855072, 'tol': 0.004781141488319807, 'alpha': 1.1271612784056328, 'hidden_layer_sizes': 150, 'beta_2': 0.9244180732511145, 'beta_1': 0.8386180791273945, 'batch_size': 109}]
/home/ryedida/.local/lib/python3.9/site-packages/sklearn/neural_network/_multilayer_perceptron.py:605: UserWarning: Got `batch_size` less than 1 or larger than sample size. It is going to be clipped
  warnings.warn(

function_evaluation time 0.116808 value -0.739163 suggestion {'epsilon': 8.956179157476308e-07, 'validation_fraction': 0.3727656770836434, 'learning_rate_init': 0.02915317011855072, 'tol': 0.004781141488319807, 'alpha': 1.1271612784056328, 'hidden_layer_sizes': 150, 'beta_2': 0.9244180732511145, 'beta_1': 0.8386180791273945, 'batch_size': 109}
observation time 0.002774, current best -0.845074 at iter 10
suggestion time taken 0.005013 iter 11 next_points [{'epsilon': 6.774221975089267e-08, 'validation_fraction': 0.8031853931487236, 'learning_rate_init': 0.009621134993379844, 'tol': 0.02444094487505726, 'alpha': 0.9854584128035578, 'hidden_layer_sizes': 144, 'beta_2': 0.9156947947900824, 'beta_1': 0.7377038385725253, 'batch_size': 12}]
function_evaluation time 0.140891 value -0.801970 suggestion {'epsilon': 6.774221975089267e-08, 'validation_fraction': 0.8031853931487236, 'learning_rate_init': 0.009621134993379844, 'tol': 0.02444094487505726, 'alpha': 0.9854584128035578, 'hidden_layer_sizes': 144, 'beta_2': 0.9156947947900824, 'beta_1': 0.7377038385725253, 'batch_size': 12}
observation time 0.001803, current best -0.845074 at iter 11
suggestion time taken 0.005888 iter 12 next_points [{'epsilon': 4.5298363363141427e-07, 'learning_rate_init': 0.0757033384808991, 'beta_2': 0.9783338357735016, 'tol': 0.0029749246609624314, 'batch_size': 12, 'beta_1': 0.5955261576872336, 'hidden_layer_sizes': 150, 'alpha': 1.1933111393311577, 'validation_fraction': 0.15121234912799306}]
function_evaluation time 0.160783 value -0.598768 suggestion {'epsilon': 4.5298363363141427e-07, 'learning_rate_init': 0.0757033384808991, 'beta_2': 0.9783338357735016, 'tol': 0.0029749246609624314, 'batch_size': 12, 'beta_1': 0.5955261576872336, 'hidden_layer_sizes': 150, 'alpha': 1.1933111393311577, 'validation_fraction': 0.15121234912799306}
observation time 0.002069, current best -0.845074 at iter 12
suggestion time taken 0.007247 iter 13 next_points [{'epsilon': 8.956179157476308e-07, 'validation_fraction': 0.5370676343909965, 'learning_rate_init': 0.07578188368520215, 'tol': 0.004781141488319807, 'alpha': 1.167472978793485, 'hidden_layer_sizes': 173, 'beta_2': 0.9919289950778792, 'beta_1': 0.8386180791273945, 'batch_size': 109}]
/home/ryedida/.local/lib/python3.9/site-packages/sklearn/neural_network/_multilayer_perceptron.py:605: UserWarning: Got `batch_size` less than 1 or larger than sample size. It is going to be clipped
  warnings.warn(

function_evaluation time 0.109621 value -0.629557 suggestion {'epsilon': 8.956179157476308e-07, 'validation_fraction': 0.5370676343909965, 'learning_rate_init': 0.07578188368520215, 'tol': 0.004781141488319807, 'alpha': 1.167472978793485, 'hidden_layer_sizes': 173, 'beta_2': 0.9919289950778792, 'beta_1': 0.8386180791273945, 'batch_size': 109}
observation time 0.001853, current best -0.845074 at iter 13
suggestion time taken 0.005125 iter 14 next_points [{'epsilon': 5.391893650735492e-07, 'validation_fraction': 0.41572068605639323, 'learning_rate_init': 0.05477983182954354, 'tol': 0.05866336580204628, 'alpha': 9.007615708872594, 'hidden_layer_sizes': 141, 'beta_2': 0.9401284144754452, 'beta_1': 0.7604010163521517, 'batch_size': 107}]
/home/ryedida/.local/lib/python3.9/site-packages/sklearn/neural_network/_multilayer_perceptron.py:605: UserWarning: Got `batch_size` less than 1 or larger than sample size. It is going to be clipped
  warnings.warn(

function_evaluation time 0.106087 value -0.613300 suggestion {'epsilon': 5.391893650735492e-07, 'validation_fraction': 0.41572068605639323, 'learning_rate_init': 0.05477983182954354, 'tol': 0.05866336580204628, 'alpha': 9.007615708872594, 'hidden_layer_sizes': 141, 'beta_2': 0.9401284144754452, 'beta_1': 0.7604010163521517, 'batch_size': 107}
observation time 0.001884, current best -0.845074 at iter 14
saving meta data: {'args': {'--uuid': 'fa6af81e086c5ecb92ec92bd9d18bacd', '-db-root': '/home/ryedida/bbo_challenge_starter_kit/output', '--opt-root': '/home/ryedida/bbo_challenge_starter_kit/example_submissions', '--data-root': None, '--db': 'run_20230424_224500', '--opt': 'opentuner', '--data': 'wine', '--classifier': 'MLP-adam', '--metric': 'acc', '--calls': 15, '--suggestions': 1, '--jobs-file': None, '--verbose': False, 'dry_run': False, 'rev': 'a376313', 'opt_rev': '0.8.8'}, 'signature': ([{'alpha': 0.019628224813442792, 'batch_size': 182, 'beta_1': 0.9410202200271762, 'beta_2': 0.9998021557676793, 'epsilon': 1.8662266976518e-08, 'hidden_layer_sizes': 147, 'learning_rate_init': 0.0005627932047415167, 'tol': 0.03690557729213761, 'validation_fraction': 0.8846827852548593}, {'alpha': 0.0019982467392329444, 'batch_size': 200, 'beta_1': 0.919111482530466, 'beta_2': 0.9998488260436156, 'epsilon': 5.981221901152555e-07, 'hidden_layer_sizes': 61, 'learning_rate_init': 2.2310905607443014e-05, 'tol': 1.2046852412030316e-05, 'validation_fraction': 0.8117896445826539}, {'alpha': 0.46659545670218433, 'batch_size': 219, 'beta_1': 0.9889789783750891, 'beta_2': 0.9999896868093284, 'epsilon': 2.4234724484675948e-08, 'hidden_layer_sizes': 167, 'learning_rate_init': 2.972334644335654e-05, 'tol': 0.0036281404040243792, 'validation_fraction': 0.17260651658522078}, {'alpha': 4.656005689076002, 'batch_size': 135, 'beta_1': 0.870503881627747, 'beta_2': 0.9948873266941017, 'epsilon': 2.1023308743480125e-07, 'hidden_layer_sizes': 118, 'learning_rate_init': 0.0018781738757161913, 'tol': 1.1889379831773004e-05, 'validation_fraction': 0.6264327093752792}, {'alpha': 0.04705159350400542, 'batch_size': 158, 'beta_1': 0.9870884262730957, 'beta_2': 0.9999596874382349, 'epsilon': 1.1981845126013875e-08, 'hidden_layer_sizes': 116, 'learning_rate_init': 0.00617340520407431, 'tol': 1.741413418158619e-05, 'validation_fraction': 0.6754299026638921}], [-0.4359605911330049, -0.3169950738916256, -0.3312807881773399, -0.6620689655172413, -0.5017241379310344])}
saving results
saving timing
saving suggest log
done
