running: {'--uuid': 'fd50d3f9efe05ca099a409232110bb95', '-db-root': '/home/ryedida/bbo_challenge_starter_kit/output', '--opt-root': '/home/ryedida/bbo_challenge_starter_kit/example_submissions', '--data-root': None, '--db': 'run_20230424_224500', '--opt': 'smoothness', '--data': 'wine', '--classifier': 'MLP-adam', '--metric': 'acc', '--calls': 15, '--suggestions': 1, '--jobs-file': None, '--verbose': False, 'dry_run': False, 'rev': 'a376313', 'opt_rev': 'x.x.x'}
cmd: python smoothness/optimizer.py -c MLP-adam -d wine -o smoothness -u fd50d3f9efe05ca099a409232110bb95 -m acc -n 15 -p 1 -dir /home/ryedida/bbo_challenge_starter_kit/output -b run_20230424_224500
/home/ryedida/.local/lib/python3.9/site-packages/sklearn/neural_network/_multilayer_perceptron.py:605: UserWarning: Got `batch_size` less than 1 or larger than sample size. It is going to be clipped
  warnings.warn(

/home/ryedida/.local/lib/python3.9/site-packages/sklearn/neural_network/_multilayer_perceptron.py:605: UserWarning: Got `batch_size` less than 1 or larger than sample size. It is going to be clipped
  warnings.warn(

/home/ryedida/.local/lib/python3.9/site-packages/sklearn/neural_network/_multilayer_perceptron.py:605: UserWarning: Got `batch_size` less than 1 or larger than sample size. It is going to be clipped
  warnings.warn(

/home/ryedida/.local/lib/python3.9/site-packages/sklearn/neural_network/_multilayer_perceptron.py:605: UserWarning: Got `batch_size` less than 1 or larger than sample size. It is going to be clipped
  warnings.warn(

/home/ryedida/.local/lib/python3.9/site-packages/sklearn/neural_network/_multilayer_perceptron.py:605: UserWarning: Got `batch_size` less than 1 or larger than sample size. It is going to be clipped
  warnings.warn(

computed signature: ([{'alpha': 0.019628224813442792, 'batch_size': 182, 'beta_1': 0.9410202200271762, 'beta_2': 0.9998021557676793, 'epsilon': 1.8662266976518e-08, 'hidden_layer_sizes': 147, 'learning_rate_init': 0.0005627932047415167, 'tol': 0.03690557729213761, 'validation_fraction': 0.8846827852548593}, {'alpha': 0.0019982467392329444, 'batch_size': 200, 'beta_1': 0.919111482530466, 'beta_2': 0.9998488260436156, 'epsilon': 5.981221901152555e-07, 'hidden_layer_sizes': 61, 'learning_rate_init': 2.2310905607443014e-05, 'tol': 1.2046852412030316e-05, 'validation_fraction': 0.8117896445826539}, {'alpha': 0.46659545670218433, 'batch_size': 219, 'beta_1': 0.9889789783750891, 'beta_2': 0.9999896868093284, 'epsilon': 2.4234724484675948e-08, 'hidden_layer_sizes': 167, 'learning_rate_init': 2.972334644335654e-05, 'tol': 0.0036281404040243792, 'validation_fraction': 0.17260651658522078}, {'alpha': 4.656005689076002, 'batch_size': 135, 'beta_1': 0.870503881627747, 'beta_2': 0.9948873266941017, 'epsilon': 2.1023308743480125e-07, 'hidden_layer_sizes': 118, 'learning_rate_init': 0.0018781738757161913, 'tol': 1.1889379831773004e-05, 'validation_fraction': 0.6264327093752792}, {'alpha': 0.04705159350400542, 'batch_size': 158, 'beta_1': 0.9870884262730957, 'beta_2': 0.9999596874382349, 'epsilon': 1.1981845126013875e-08, 'hidden_layer_sizes': 116, 'learning_rate_init': 0.00617340520407431, 'tol': 1.741413418158619e-05, 'validation_fraction': 0.6754299026638921}], [-0.4359605911330049, -0.3169950738916256, -0.3312807881773399, -0.6620689655172413, -0.5017241379310344])
Signature errors:
                     0    1    2    3    4  max
MLP-adam_wine_acc  0.0  0.0  0.0  0.0  0.0  0.0
max                0.0  0.0  0.0  0.0  0.0  0.0
starting sklearn study smoothness MLP-adam wine acc 15 1
with data root: None
suggestion time taken 10.909328 iter 0 next_points [{'alpha': 0.00309685828998648, 'batch_size': 14, 'beta_1': 0.9884960801538348, 'beta_2': 0.9997331268648733, 'epsilon': 9.02741962465845e-08, 'hidden_layer_sizes': 70, 'learning_rate_init': 0.00019402605219920777, 'tol': 0.0175475855544632, 'validation_fraction': 0.4831955654693265}]
function_evaluation time 0.124757 value -0.465025 suggestion {'alpha': 0.00309685828998648, 'batch_size': 14, 'beta_1': 0.9884960801538348, 'beta_2': 0.9997331268648733, 'epsilon': 9.02741962465845e-08, 'hidden_layer_sizes': 70, 'learning_rate_init': 0.00019402605219920777, 'tol': 0.0175475855544632, 'validation_fraction': 0.4831955654693265}
observation time 0.000006, current best -0.465025 at iter 0
suggestion time taken 11.003055 iter 1 next_points [{'alpha': 0.0017634238944322924, 'batch_size': 17, 'beta_1': 0.7736739193277158, 'beta_2': 0.9999233309109846, 'epsilon': 4.005577766330429e-08, 'hidden_layer_sizes': 135, 'learning_rate_init': 0.00018470082096219573, 'tol': 0.0003285242185900995, 'validation_fraction': 0.7865155421958577}]
function_evaluation time 0.097813 value -0.491626 suggestion {'alpha': 0.0017634238944322924, 'batch_size': 17, 'beta_1': 0.7736739193277158, 'beta_2': 0.9999233309109846, 'epsilon': 4.005577766330429e-08, 'hidden_layer_sizes': 135, 'learning_rate_init': 0.00018470082096219573, 'tol': 0.0003285242185900995, 'validation_fraction': 0.7865155421958577}
observation time 0.000005, current best -0.491626 at iter 1
suggestion time taken 10.680959 iter 2 next_points [{'alpha': 0.27584617205367595, 'batch_size': 23, 'beta_1': 0.8930500396843043, 'beta_2': 0.9979155049706206, 'epsilon': 1.6371111369513386e-07, 'hidden_layer_sizes': 111, 'learning_rate_init': 2.0443308675895205e-05, 'tol': 0.00041348338759702, 'validation_fraction': 0.24532940593937858}]
function_evaluation time 0.102240 value -0.331034 suggestion {'alpha': 0.27584617205367595, 'batch_size': 23, 'beta_1': 0.8930500396843043, 'beta_2': 0.9979155049706206, 'epsilon': 1.6371111369513386e-07, 'hidden_layer_sizes': 111, 'learning_rate_init': 2.0443308675895205e-05, 'tol': 0.00041348338759702, 'validation_fraction': 0.24532940593937858}
observation time 0.000005, current best -0.491626 at iter 2
suggestion time taken 11.053684 iter 3 next_points [{'alpha': 0.010242732978817419, 'batch_size': 16, 'beta_1': 0.9839178090871923, 'beta_2': 0.9947840006829538, 'epsilon': 1.1638741877109957e-07, 'hidden_layer_sizes': 193, 'learning_rate_init': 0.003671000979008351, 'tol': 0.008330119079117022, 'validation_fraction': 0.17009828589107417}]
function_evaluation time 0.294708 value -0.808621 suggestion {'alpha': 0.010242732978817419, 'batch_size': 16, 'beta_1': 0.9839178090871923, 'beta_2': 0.9947840006829538, 'epsilon': 1.1638741877109957e-07, 'hidden_layer_sizes': 193, 'learning_rate_init': 0.003671000979008351, 'tol': 0.008330119079117022, 'validation_fraction': 0.17009828589107417}
observation time 0.000005, current best -0.808621 at iter 3
suggestion time taken 10.735008 iter 4 next_points [{'alpha': 1.029684439486483e-05, 'batch_size': 17, 'beta_1': 0.9501992830347549, 'beta_2': 0.9968688555950056, 'epsilon': 1.782151483077864e-08, 'hidden_layer_sizes': 67, 'learning_rate_init': 0.000399020695265215, 'tol': 0.0004872026675857245, 'validation_fraction': 0.44255207008897296}]
function_evaluation time 0.092985 value -0.457635 suggestion {'alpha': 1.029684439486483e-05, 'batch_size': 17, 'beta_1': 0.9501992830347549, 'beta_2': 0.9968688555950056, 'epsilon': 1.782151483077864e-08, 'hidden_layer_sizes': 67, 'learning_rate_init': 0.000399020695265215, 'tol': 0.0004872026675857245, 'validation_fraction': 0.44255207008897296}
observation time 0.000005, current best -0.808621 at iter 4
suggestion time taken 10.681678 iter 5 next_points [{'alpha': 1.8365693629197128, 'batch_size': 38, 'beta_1': 0.5994310565737394, 'beta_2': 0.9999979977689449, 'epsilon': 2.8551604659775134e-08, 'hidden_layer_sizes': 86, 'learning_rate_init': 7.136492364774342e-05, 'tol': 0.012977654279102328, 'validation_fraction': 0.14240521950498589}]
function_evaluation time 0.073750 value -0.380296 suggestion {'alpha': 1.8365693629197128, 'batch_size': 38, 'beta_1': 0.5994310565737394, 'beta_2': 0.9999979977689449, 'epsilon': 2.8551604659775134e-08, 'hidden_layer_sizes': 86, 'learning_rate_init': 7.136492364774342e-05, 'tol': 0.012977654279102328, 'validation_fraction': 0.14240521950498589}
observation time 0.000006, current best -0.808621 at iter 5
suggestion time taken 11.095659 iter 6 next_points [{'alpha': 0.00028919445899643737, 'batch_size': 24, 'beta_1': 0.9282799306332883, 'beta_2': 0.9999965017676019, 'epsilon': 1.0755543711601306e-09, 'hidden_layer_sizes': 54, 'learning_rate_init': 7.385360824439692e-05, 'tol': 3.105726560055346e-05, 'validation_fraction': 0.10806980212107874}]
function_evaluation time 0.096297 value -0.423153 suggestion {'alpha': 0.00028919445899643737, 'batch_size': 24, 'beta_1': 0.9282799306332883, 'beta_2': 0.9999965017676019, 'epsilon': 1.0755543711601306e-09, 'hidden_layer_sizes': 54, 'learning_rate_init': 7.385360824439692e-05, 'tol': 3.105726560055346e-05, 'validation_fraction': 0.10806980212107874}
observation time 0.000005, current best -0.808621 at iter 6
suggestion time taken 10.715835 iter 7 next_points [{'alpha': 3.6764344975676444, 'batch_size': 14, 'beta_1': 0.9717854364297321, 'beta_2': 0.9999796079461555, 'epsilon': 1.3450248827197655e-07, 'hidden_layer_sizes': 116, 'learning_rate_init': 0.0003813894794132898, 'tol': 1.090466941729755e-05, 'validation_fraction': 0.4354285273843551}]
function_evaluation time 0.214363 value -0.612315 suggestion {'alpha': 3.6764344975676444, 'batch_size': 14, 'beta_1': 0.9717854364297321, 'beta_2': 0.9999796079461555, 'epsilon': 1.3450248827197655e-07, 'hidden_layer_sizes': 116, 'learning_rate_init': 0.0003813894794132898, 'tol': 1.090466941729755e-05, 'validation_fraction': 0.4354285273843551}
observation time 0.000004, current best -0.808621 at iter 7
suggestion time taken 10.693254 iter 8 next_points [{'alpha': 1.2909426137077166e-05, 'batch_size': 23, 'beta_1': 0.987287451437606, 'beta_2': 0.9830836824061636, 'epsilon': 3.121843033155425e-09, 'hidden_layer_sizes': 103, 'learning_rate_init': 0.0025442418055335544, 'tol': 0.0013242077738707576, 'validation_fraction': 0.607291641256454}]
function_evaluation time 0.123633 value -0.682512 suggestion {'alpha': 1.2909426137077166e-05, 'batch_size': 23, 'beta_1': 0.987287451437606, 'beta_2': 0.9830836824061636, 'epsilon': 3.121843033155425e-09, 'hidden_layer_sizes': 103, 'learning_rate_init': 0.0025442418055335544, 'tol': 0.0013242077738707576, 'validation_fraction': 0.607291641256454}
observation time 0.000004, current best -0.808621 at iter 8
suggestion time taken 10.979466 iter 9 next_points [{'alpha': 0.0002114193185437628, 'batch_size': 22, 'beta_1': 0.9510986116388084, 'beta_2': 0.9758054132128083, 'epsilon': 3.493233706889087e-08, 'hidden_layer_sizes': 70, 'learning_rate_init': 0.00035629015146020293, 'tol': 3.917475204380914e-05, 'validation_fraction': 0.26654287196361726}]
function_evaluation time 0.187179 value -0.543596 suggestion {'alpha': 0.0002114193185437628, 'batch_size': 22, 'beta_1': 0.9510986116388084, 'beta_2': 0.9758054132128083, 'epsilon': 3.493233706889087e-08, 'hidden_layer_sizes': 70, 'learning_rate_init': 0.00035629015146020293, 'tol': 3.917475204380914e-05, 'validation_fraction': 0.26654287196361726}
observation time 0.000005, current best -0.808621 at iter 9
suggestion time taken 10.751641 iter 10 next_points [{'alpha': 0.00017877232066024857, 'batch_size': 22, 'beta_1': 0.9629812132198986, 'beta_2': 0.9982059558744131, 'epsilon': 6.917882639819665e-07, 'hidden_layer_sizes': 112, 'learning_rate_init': 0.06250196696848834, 'tol': 0.0002238635917477503, 'validation_fraction': 0.7745754027994357}]
function_evaluation time 0.084518 value -0.577833 suggestion {'alpha': 0.00017877232066024857, 'batch_size': 22, 'beta_1': 0.9629812132198986, 'beta_2': 0.9982059558744131, 'epsilon': 6.917882639819665e-07, 'hidden_layer_sizes': 112, 'learning_rate_init': 0.06250196696848834, 'tol': 0.0002238635917477503, 'validation_fraction': 0.7745754027994357}
observation time 0.000005, current best -0.808621 at iter 10
suggestion time taken 10.782480 iter 11 next_points [{'alpha': 0.9510517193284079, 'batch_size': 13, 'beta_1': 0.9600673014263063, 'beta_2': 0.9999777739387274, 'epsilon': 3.100617089770901e-08, 'hidden_layer_sizes': 124, 'learning_rate_init': 0.0005383845385551987, 'tol': 0.0676028865415187, 'validation_fraction': 0.6701390957660189}]
function_evaluation time 0.086602 value -0.421921 suggestion {'alpha': 0.9510517193284079, 'batch_size': 13, 'beta_1': 0.9600673014263063, 'beta_2': 0.9999777739387274, 'epsilon': 3.100617089770901e-08, 'hidden_layer_sizes': 124, 'learning_rate_init': 0.0005383845385551987, 'tol': 0.0676028865415187, 'validation_fraction': 0.6701390957660189}
observation time 0.000005, current best -0.808621 at iter 11
suggestion time taken 11.061733 iter 12 next_points [{'alpha': 0.1526311330555662, 'batch_size': 10, 'beta_1': 0.8319600236858093, 'beta_2': 0.99657864925812, 'epsilon': 2.3387035744748178e-09, 'hidden_layer_sizes': 51, 'learning_rate_init': 0.0006659680443810053, 'tol': 0.07746935570071899, 'validation_fraction': 0.5574046583405095}]
function_evaluation time 0.091421 value -0.393596 suggestion {'alpha': 0.1526311330555662, 'batch_size': 10, 'beta_1': 0.8319600236858093, 'beta_2': 0.99657864925812, 'epsilon': 2.3387035744748178e-09, 'hidden_layer_sizes': 51, 'learning_rate_init': 0.0006659680443810053, 'tol': 0.07746935570071899, 'validation_fraction': 0.5574046583405095}
observation time 0.000004, current best -0.808621 at iter 12
suggestion time taken 10.769840 iter 13 next_points [{'alpha': 0.020886987581903386, 'batch_size': 13, 'beta_1': 0.6774049916732813, 'beta_2': 0.9657238732009472, 'epsilon': 7.850881878913643e-09, 'hidden_layer_sizes': 148, 'learning_rate_init': 3.826646650433118e-05, 'tol': 0.08713584151875531, 'validation_fraction': 0.17764974157096897}]
function_evaluation time 0.184263 value -0.465025 suggestion {'alpha': 0.020886987581903386, 'batch_size': 13, 'beta_1': 0.6774049916732813, 'beta_2': 0.9657238732009472, 'epsilon': 7.850881878913643e-09, 'hidden_layer_sizes': 148, 'learning_rate_init': 3.826646650433118e-05, 'tol': 0.08713584151875531, 'validation_fraction': 0.17764974157096897}
observation time 0.000005, current best -0.808621 at iter 13
suggestion time taken 10.791244 iter 14 next_points [{'alpha': 4.782056496220769, 'batch_size': 22, 'beta_1': 0.9598622436191746, 'beta_2': 0.9999986467347123, 'epsilon': 4.3743505186441245e-08, 'hidden_layer_sizes': 177, 'learning_rate_init': 7.293361013508041e-05, 'tol': 1.5159632063764192e-05, 'validation_fraction': 0.515104010723952}]
function_evaluation time 0.121943 value -0.457143 suggestion {'alpha': 4.782056496220769, 'batch_size': 22, 'beta_1': 0.9598622436191746, 'beta_2': 0.9999986467347123, 'epsilon': 4.3743505186441245e-08, 'hidden_layer_sizes': 177, 'learning_rate_init': 7.293361013508041e-05, 'tol': 1.5159632063764192e-05, 'validation_fraction': 0.515104010723952}
observation time 0.000006, current best -0.808621 at iter 14
saving meta data: {'args': {'--uuid': 'fd50d3f9efe05ca099a409232110bb95', '-db-root': '/home/ryedida/bbo_challenge_starter_kit/output', '--opt-root': '/home/ryedida/bbo_challenge_starter_kit/example_submissions', '--data-root': None, '--db': 'run_20230424_224500', '--opt': 'smoothness', '--data': 'wine', '--classifier': 'MLP-adam', '--metric': 'acc', '--calls': 15, '--suggestions': 1, '--jobs-file': None, '--verbose': False, 'dry_run': False, 'rev': 'a376313', 'opt_rev': 'x.x.x'}, 'signature': ([{'alpha': 0.019628224813442792, 'batch_size': 182, 'beta_1': 0.9410202200271762, 'beta_2': 0.9998021557676793, 'epsilon': 1.8662266976518e-08, 'hidden_layer_sizes': 147, 'learning_rate_init': 0.0005627932047415167, 'tol': 0.03690557729213761, 'validation_fraction': 0.8846827852548593}, {'alpha': 0.0019982467392329444, 'batch_size': 200, 'beta_1': 0.919111482530466, 'beta_2': 0.9998488260436156, 'epsilon': 5.981221901152555e-07, 'hidden_layer_sizes': 61, 'learning_rate_init': 2.2310905607443014e-05, 'tol': 1.2046852412030316e-05, 'validation_fraction': 0.8117896445826539}, {'alpha': 0.46659545670218433, 'batch_size': 219, 'beta_1': 0.9889789783750891, 'beta_2': 0.9999896868093284, 'epsilon': 2.4234724484675948e-08, 'hidden_layer_sizes': 167, 'learning_rate_init': 2.972334644335654e-05, 'tol': 0.0036281404040243792, 'validation_fraction': 0.17260651658522078}, {'alpha': 4.656005689076002, 'batch_size': 135, 'beta_1': 0.870503881627747, 'beta_2': 0.9948873266941017, 'epsilon': 2.1023308743480125e-07, 'hidden_layer_sizes': 118, 'learning_rate_init': 0.0018781738757161913, 'tol': 1.1889379831773004e-05, 'validation_fraction': 0.6264327093752792}, {'alpha': 0.04705159350400542, 'batch_size': 158, 'beta_1': 0.9870884262730957, 'beta_2': 0.9999596874382349, 'epsilon': 1.1981845126013875e-08, 'hidden_layer_sizes': 116, 'learning_rate_init': 0.00617340520407431, 'tol': 1.741413418158619e-05, 'validation_fraction': 0.6754299026638921}], [-0.4359605911330049, -0.3169950738916256, -0.3312807881773399, -0.6620689655172413, -0.5017241379310344])}
saving results
saving timing
saving suggest log
done
