running: {'--uuid': 'fef48598987f5b068585f6ce18a61b7c', '-db-root': '/home/ryedida/bbo_challenge_starter_kit/output', '--opt-root': '/home/ryedida/bbo_challenge_starter_kit/example_submissions', '--data-root': None, '--db': 'run_20230424_224500', '--opt': 'hyperopt', '--data': 'wine', '--classifier': 'MLP-adam', '--metric': 'nll', '--calls': 15, '--suggestions': 1, '--jobs-file': None, '--verbose': False, 'dry_run': False, 'rev': 'a376313', 'opt_rev': '0.2.7'}
cmd: python hyperopt/optimizer.py -c MLP-adam -d wine -o hyperopt -u fef48598987f5b068585f6ce18a61b7c -m nll -n 15 -p 1 -dir /home/ryedida/bbo_challenge_starter_kit/output -b run_20230424_224500
/home/ryedida/.local/lib/python3.9/site-packages/sklearn/neural_network/_multilayer_perceptron.py:605: UserWarning: Got `batch_size` less than 1 or larger than sample size. It is going to be clipped
  warnings.warn(

/home/ryedida/.local/lib/python3.9/site-packages/sklearn/neural_network/_multilayer_perceptron.py:605: UserWarning: Got `batch_size` less than 1 or larger than sample size. It is going to be clipped
  warnings.warn(

/home/ryedida/.local/lib/python3.9/site-packages/sklearn/neural_network/_multilayer_perceptron.py:605: UserWarning: Got `batch_size` less than 1 or larger than sample size. It is going to be clipped
  warnings.warn(

/home/ryedida/.local/lib/python3.9/site-packages/sklearn/neural_network/_multilayer_perceptron.py:605: UserWarning: Got `batch_size` less than 1 or larger than sample size. It is going to be clipped
  warnings.warn(

/home/ryedida/.local/lib/python3.9/site-packages/sklearn/neural_network/_multilayer_perceptron.py:605: UserWarning: Got `batch_size` less than 1 or larger than sample size. It is going to be clipped
  warnings.warn(

computed signature: ([{'alpha': 0.019628224813442792, 'batch_size': 182, 'beta_1': 0.9410202200271762, 'beta_2': 0.9998021557676793, 'epsilon': 1.8662266976518e-08, 'hidden_layer_sizes': 147, 'learning_rate_init': 0.0005627932047415167, 'tol': 0.03690557729213761, 'validation_fraction': 0.8846827852548593}, {'alpha': 0.0019982467392329444, 'batch_size': 200, 'beta_1': 0.919111482530466, 'beta_2': 0.9998488260436156, 'epsilon': 5.981221901152555e-07, 'hidden_layer_sizes': 61, 'learning_rate_init': 2.2310905607443014e-05, 'tol': 1.2046852412030316e-05, 'validation_fraction': 0.8117896445826539}, {'alpha': 0.46659545670218433, 'batch_size': 219, 'beta_1': 0.9889789783750891, 'beta_2': 0.9999896868093284, 'epsilon': 2.4234724484675948e-08, 'hidden_layer_sizes': 167, 'learning_rate_init': 2.972334644335654e-05, 'tol': 0.0036281404040243792, 'validation_fraction': 0.17260651658522078}, {'alpha': 4.656005689076002, 'batch_size': 135, 'beta_1': 0.870503881627747, 'beta_2': 0.9948873266941017, 'epsilon': 2.1023308743480125e-07, 'hidden_layer_sizes': 118, 'learning_rate_init': 0.0018781738757161913, 'tol': 1.1889379831773004e-05, 'validation_fraction': 0.6264327093752792}, {'alpha': 0.04705159350400542, 'batch_size': 158, 'beta_1': 0.9870884262730957, 'beta_2': 0.9999596874382349, 'epsilon': 1.1981845126013875e-08, 'hidden_layer_sizes': 116, 'learning_rate_init': 0.00617340520407431, 'tol': 1.741413418158619e-05, 'validation_fraction': 0.6754299026638921}], [16.063962273407764, 23.274250254613083, 19.80193088400322, 3.463918210725012, 15.210579700922176])
/home/ryedida/.local/lib/python3.9/site-packages/bayesmark/signatures.py:85: RuntimeWarning: Signature diverged on MLP-adam_wine_nll betwen [15.51998549 22.35390307 19.16402613  3.37792524 14.64310022] and [16.06396227 23.27425025 19.80193088  3.46391821 15.2105797 ]
  warnings.warn(

Signature errors:
                          0         1         2         3         4       max
MLP-adam_wine_nll  0.543977  0.920347  0.637905  0.085993  0.567479  0.920347
max                0.543977  0.920347  0.637905  0.085993  0.567479  0.920347
starting sklearn study hyperopt MLP-adam wine nll 15 1
with data root: None
suggestion time taken 0.002538 iter 0 next_points [{'alpha': 4.130180531385413, 'batch_size': 166, 'beta_1': 0.5511478054133395, 'beta_2': 0.9458067120760193, 'epsilon': 1.423586922696314e-09, 'hidden_layer_sizes': 132, 'learning_rate_init': 8.190232608232637e-05, 'tol': 0.027746701902519315, 'validation_fraction': 0.2570632803900335}]
/home/ryedida/.local/lib/python3.9/site-packages/sklearn/neural_network/_multilayer_perceptron.py:605: UserWarning: Got `batch_size` less than 1 or larger than sample size. It is going to be clipped
  warnings.warn(

function_evaluation time 0.051488 value 21.624320 suggestion {'alpha': 4.130180531385413, 'batch_size': 166, 'beta_1': 0.5511478054133395, 'beta_2': 0.9458067120760193, 'epsilon': 1.423586922696314e-09, 'hidden_layer_sizes': 132, 'learning_rate_init': 8.190232608232637e-05, 'tol': 0.027746701902519315, 'validation_fraction': 0.2570632803900335}
observation time 0.000075, current best 21.624320 at iter 0
suggestion time taken 0.002460 iter 1 next_points [{'alpha': 0.02199233364118556, 'batch_size': 194, 'beta_1': 0.6090579092674698, 'beta_2': 0.9560665057202382, 'epsilon': 5.325634633985695e-08, 'hidden_layer_sizes': 111, 'learning_rate_init': 2.902780679640105e-05, 'tol': 0.0007136450956111419, 'validation_fraction': 0.3442116031267451}]
/home/ryedida/.local/lib/python3.9/site-packages/sklearn/neural_network/_multilayer_perceptron.py:605: UserWarning: Got `batch_size` less than 1 or larger than sample size. It is going to be clipped
  warnings.warn(

function_evaluation time 0.048935 value 21.894448 suggestion {'alpha': 0.02199233364118556, 'batch_size': 194, 'beta_1': 0.6090579092674698, 'beta_2': 0.9560665057202382, 'epsilon': 5.325634633985695e-08, 'hidden_layer_sizes': 111, 'learning_rate_init': 2.902780679640105e-05, 'tol': 0.0007136450956111419, 'validation_fraction': 0.3442116031267451}
observation time 0.000074, current best 21.624320 at iter 1
suggestion time taken 0.002113 iter 2 next_points [{'alpha': 0.0271682864205841, 'batch_size': 21, 'beta_1': 0.8818742271564918, 'beta_2': 0.98881401300919, 'epsilon': 1.3257400331340223e-07, 'hidden_layer_sizes': 76, 'learning_rate_init': 2.515657897608244e-05, 'tol': 0.007723531441062049, 'validation_fraction': 0.15833334976641428}]
function_evaluation time 0.106917 value 20.709228 suggestion {'alpha': 0.0271682864205841, 'batch_size': 21, 'beta_1': 0.8818742271564918, 'beta_2': 0.98881401300919, 'epsilon': 1.3257400331340223e-07, 'hidden_layer_sizes': 76, 'learning_rate_init': 2.515657897608244e-05, 'tol': 0.007723531441062049, 'validation_fraction': 0.15833334976641428}
observation time 0.000079, current best 20.709228 at iter 2
suggestion time taken 0.002161 iter 3 next_points [{'alpha': 0.00021939924354368498, 'batch_size': 139, 'beta_1': 0.989526360328786, 'beta_2': 0.9431459067183995, 'epsilon': 1.2382153956630192e-08, 'hidden_layer_sizes': 76, 'learning_rate_init': 0.0044702474259984745, 'tol': 0.0007924703984770557, 'validation_fraction': 0.6036814783778385}]
/home/ryedida/.local/lib/python3.9/site-packages/sklearn/neural_network/_multilayer_perceptron.py:605: UserWarning: Got `batch_size` less than 1 or larger than sample size. It is going to be clipped
  warnings.warn(

function_evaluation time 0.077735 value 10.810374 suggestion {'alpha': 0.00021939924354368498, 'batch_size': 139, 'beta_1': 0.989526360328786, 'beta_2': 0.9431459067183995, 'epsilon': 1.2382153956630192e-08, 'hidden_layer_sizes': 76, 'learning_rate_init': 0.0044702474259984745, 'tol': 0.0007924703984770557, 'validation_fraction': 0.6036814783778385}
observation time 0.000080, current best 10.810374 at iter 3
suggestion time taken 0.002152 iter 4 next_points [{'alpha': 0.20536686383226702, 'batch_size': 31, 'beta_1': 0.731347811231961, 'beta_2': 0.9556231323816621, 'epsilon': 4.024541186768476e-08, 'hidden_layer_sizes': 138, 'learning_rate_init': 0.09489500309620177, 'tol': 0.0006518613768768221, 'validation_fraction': 0.8388757768661054}]
/home/ryedida/.local/lib/python3.9/site-packages/sklearn/neural_network/_multilayer_perceptron.py:605: UserWarning: Got `batch_size` less than 1 or larger than sample size. It is going to be clipped
  warnings.warn(

function_evaluation time 0.079306 value 10.073733 suggestion {'alpha': 0.20536686383226702, 'batch_size': 31, 'beta_1': 0.731347811231961, 'beta_2': 0.9556231323816621, 'epsilon': 4.024541186768476e-08, 'hidden_layer_sizes': 138, 'learning_rate_init': 0.09489500309620177, 'tol': 0.0006518613768768221, 'validation_fraction': 0.8388757768661054}
observation time 0.000072, current best 10.073733 at iter 4
suggestion time taken 0.002108 iter 5 next_points [{'alpha': 0.0009653909288186391, 'batch_size': 178, 'beta_1': 0.6571045945423815, 'beta_2': 0.9139515992350515, 'epsilon': 1.5943731345599897e-07, 'hidden_layer_sizes': 106, 'learning_rate_init': 0.0004511160189950164, 'tol': 0.0003902046908941319, 'validation_fraction': 0.3212580337261972}]
/home/ryedida/.local/lib/python3.9/site-packages/sklearn/neural_network/_multilayer_perceptron.py:605: UserWarning: Got `batch_size` less than 1 or larger than sample size. It is going to be clipped
  warnings.warn(

function_evaluation time 0.054853 value 21.399634 suggestion {'alpha': 0.0009653909288186391, 'batch_size': 178, 'beta_1': 0.6571045945423815, 'beta_2': 0.9139515992350515, 'epsilon': 1.5943731345599897e-07, 'hidden_layer_sizes': 106, 'learning_rate_init': 0.0004511160189950164, 'tol': 0.0003902046908941319, 'validation_fraction': 0.3212580337261972}
observation time 0.000069, current best 10.073733 at iter 5
suggestion time taken 0.002142 iter 6 next_points [{'alpha': 5.0475699500557385e-05, 'batch_size': 155, 'beta_1': 0.537070487280843, 'beta_2': 0.9981401978299232, 'epsilon': 2.2477595594479283e-09, 'hidden_layer_sizes': 52, 'learning_rate_init': 4.9362398763227245e-05, 'tol': 5.2696010524270533e-05, 'validation_fraction': 0.6850075508929959}]
/home/ryedida/.local/lib/python3.9/site-packages/sklearn/neural_network/_multilayer_perceptron.py:605: UserWarning: Got `batch_size` less than 1 or larger than sample size. It is going to be clipped
  warnings.warn(

function_evaluation time 0.042279 value 23.863384 suggestion {'alpha': 5.0475699500557385e-05, 'batch_size': 155, 'beta_1': 0.537070487280843, 'beta_2': 0.9981401978299232, 'epsilon': 2.2477595594479283e-09, 'hidden_layer_sizes': 52, 'learning_rate_init': 4.9362398763227245e-05, 'tol': 5.2696010524270533e-05, 'validation_fraction': 0.6850075508929959}
observation time 0.000071, current best 10.073733 at iter 6
suggestion time taken 0.002155 iter 7 next_points [{'alpha': 0.0016766220579442393, 'batch_size': 94, 'beta_1': 0.5709361487545284, 'beta_2': 0.9561718217298961, 'epsilon': 6.602402934950647e-09, 'hidden_layer_sizes': 52, 'learning_rate_init': 3.0381310897279888e-05, 'tol': 7.11160247177521e-05, 'validation_fraction': 0.5371623539311726}]
/home/ryedida/.local/lib/python3.9/site-packages/sklearn/neural_network/_multilayer_perceptron.py:605: UserWarning: Got `batch_size` less than 1 or larger than sample size. It is going to be clipped
  warnings.warn(

function_evaluation time 0.043784 value 24.527444 suggestion {'alpha': 0.0016766220579442393, 'batch_size': 94, 'beta_1': 0.5709361487545284, 'beta_2': 0.9561718217298961, 'epsilon': 6.602402934950647e-09, 'hidden_layer_sizes': 52, 'learning_rate_init': 3.0381310897279888e-05, 'tol': 7.11160247177521e-05, 'validation_fraction': 0.5371623539311726}
observation time 0.000074, current best 10.073733 at iter 7
suggestion time taken 0.002142 iter 8 next_points [{'alpha': 0.015634054766990913, 'batch_size': 106, 'beta_1': 0.8998328179927844, 'beta_2': 0.9899884616849811, 'epsilon': 1.6090788636378305e-08, 'hidden_layer_sizes': 69, 'learning_rate_init': 0.03502793569501581, 'tol': 0.013610511894385807, 'validation_fraction': 0.5471623691211013}]
/home/ryedida/.local/lib/python3.9/site-packages/sklearn/neural_network/_multilayer_perceptron.py:605: UserWarning: Got `batch_size` less than 1 or larger than sample size. It is going to be clipped
  warnings.warn(

function_evaluation time 0.090117 value 3.897686 suggestion {'alpha': 0.015634054766990913, 'batch_size': 106, 'beta_1': 0.8998328179927844, 'beta_2': 0.9899884616849811, 'epsilon': 1.6090788636378305e-08, 'hidden_layer_sizes': 69, 'learning_rate_init': 0.03502793569501581, 'tol': 0.013610511894385807, 'validation_fraction': 0.5471623691211013}
observation time 0.000072, current best 3.897686 at iter 8
suggestion time taken 0.002094 iter 9 next_points [{'alpha': 3.404967837016465e-05, 'batch_size': 33, 'beta_1': 0.5502219426682637, 'beta_2': 0.9849854234542278, 'epsilon': 2.1933715981205568e-08, 'hidden_layer_sizes': 119, 'learning_rate_init': 0.01566521135513545, 'tol': 0.00011513721824163823, 'validation_fraction': 0.6724916721975664}]
function_evaluation time 0.121756 value 3.603734 suggestion {'alpha': 3.404967837016465e-05, 'batch_size': 33, 'beta_1': 0.5502219426682637, 'beta_2': 0.9849854234542278, 'epsilon': 2.1933715981205568e-08, 'hidden_layer_sizes': 119, 'learning_rate_init': 0.01566521135513545, 'tol': 0.00011513721824163823, 'validation_fraction': 0.6724916721975664}
observation time 0.000077, current best 3.603734 at iter 9
suggestion time taken 0.002361 iter 10 next_points [{'alpha': 0.0020272711216265376, 'batch_size': 128, 'beta_1': 0.5313510919488935, 'beta_2': 0.9168421722730808, 'epsilon': 1.3384025800974348e-09, 'hidden_layer_sizes': 185, 'learning_rate_init': 0.004498769792205397, 'tol': 0.0011790923573073465, 'validation_fraction': 0.5644250045463023}]
/home/ryedida/.local/lib/python3.9/site-packages/sklearn/neural_network/_multilayer_perceptron.py:605: UserWarning: Got `batch_size` less than 1 or larger than sample size. It is going to be clipped
  warnings.warn(

function_evaluation time 0.117932 value 1.788646 suggestion {'alpha': 0.0020272711216265376, 'batch_size': 128, 'beta_1': 0.5313510919488935, 'beta_2': 0.9168421722730808, 'epsilon': 1.3384025800974348e-09, 'hidden_layer_sizes': 185, 'learning_rate_init': 0.004498769792205397, 'tol': 0.0011790923573073465, 'validation_fraction': 0.5644250045463023}
observation time 0.000073, current best 1.788646 at iter 10
suggestion time taken 0.002109 iter 11 next_points [{'alpha': 0.0028485528016447214, 'batch_size': 185, 'beta_1': 0.5682777118683235, 'beta_2': 0.9763842636096035, 'epsilon': 3.572742848838262e-09, 'hidden_layer_sizes': 80, 'learning_rate_init': 0.022281189726282357, 'tol': 0.02889183534435539, 'validation_fraction': 0.4776951747879646}]
/home/ryedida/.local/lib/python3.9/site-packages/sklearn/neural_network/_multilayer_perceptron.py:605: UserWarning: Got `batch_size` less than 1 or larger than sample size. It is going to be clipped
  warnings.warn(

function_evaluation time 0.069466 value 4.391731 suggestion {'alpha': 0.0028485528016447214, 'batch_size': 185, 'beta_1': 0.5682777118683235, 'beta_2': 0.9763842636096035, 'epsilon': 3.572742848838262e-09, 'hidden_layer_sizes': 80, 'learning_rate_init': 0.022281189726282357, 'tol': 0.02889183534435539, 'validation_fraction': 0.4776951747879646}
observation time 0.000077, current best 1.788646 at iter 11
suggestion time taken 0.002182 iter 12 next_points [{'alpha': 0.026990679580540872, 'batch_size': 94, 'beta_1': 0.5164787155866174, 'beta_2': 0.9316392263418979, 'epsilon': 6.154458723662876e-08, 'hidden_layer_sizes': 123, 'learning_rate_init': 6.13198197491876e-05, 'tol': 0.006852240820578045, 'validation_fraction': 0.12205429065777763}]
function_evaluation time 0.069953 value 17.917821 suggestion {'alpha': 0.026990679580540872, 'batch_size': 94, 'beta_1': 0.5164787155866174, 'beta_2': 0.9316392263418979, 'epsilon': 6.154458723662876e-08, 'hidden_layer_sizes': 123, 'learning_rate_init': 6.13198197491876e-05, 'tol': 0.006852240820578045, 'validation_fraction': 0.12205429065777763}
observation time 0.000084, current best 1.788646 at iter 12
suggestion time taken 0.002194 iter 13 next_points [{'alpha': 0.2563297596601661, 'batch_size': 229, 'beta_1': 0.8626425614756964, 'beta_2': 0.9598467560812148, 'epsilon': 1.4089952668635883e-08, 'hidden_layer_sizes': 133, 'learning_rate_init': 0.04497057267806538, 'tol': 3.934620623612793e-05, 'validation_fraction': 0.17350783746378767}]
/home/ryedida/.local/lib/python3.9/site-packages/sklearn/neural_network/_multilayer_perceptron.py:605: UserWarning: Got `batch_size` less than 1 or larger than sample size. It is going to be clipped
  warnings.warn(

function_evaluation time 0.093780 value 11.129517 suggestion {'alpha': 0.2563297596601661, 'batch_size': 229, 'beta_1': 0.8626425614756964, 'beta_2': 0.9598467560812148, 'epsilon': 1.4089952668635883e-08, 'hidden_layer_sizes': 133, 'learning_rate_init': 0.04497057267806538, 'tol': 3.934620623612793e-05, 'validation_fraction': 0.17350783746378767}
observation time 0.000077, current best 1.788646 at iter 13
suggestion time taken 0.002108 iter 14 next_points [{'alpha': 5.5722766290815435e-05, 'batch_size': 76, 'beta_1': 0.7977375809631447, 'beta_2': 0.9346906464201188, 'epsilon': 5.1998663911340605e-08, 'hidden_layer_sizes': 103, 'learning_rate_init': 0.000283259817606388, 'tol': 0.012286310370282057, 'validation_fraction': 0.3957125525568067}]
function_evaluation time 0.060332 value 18.046749 suggestion {'alpha': 5.5722766290815435e-05, 'batch_size': 76, 'beta_1': 0.7977375809631447, 'beta_2': 0.9346906464201188, 'epsilon': 5.1998663911340605e-08, 'hidden_layer_sizes': 103, 'learning_rate_init': 0.000283259817606388, 'tol': 0.012286310370282057, 'validation_fraction': 0.3957125525568067}
observation time 0.000077, current best 1.788646 at iter 14
saving meta data: {'args': {'--uuid': 'fef48598987f5b068585f6ce18a61b7c', '-db-root': '/home/ryedida/bbo_challenge_starter_kit/output', '--opt-root': '/home/ryedida/bbo_challenge_starter_kit/example_submissions', '--data-root': None, '--db': 'run_20230424_224500', '--opt': 'hyperopt', '--data': 'wine', '--classifier': 'MLP-adam', '--metric': 'nll', '--calls': 15, '--suggestions': 1, '--jobs-file': None, '--verbose': False, 'dry_run': False, 'rev': 'a376313', 'opt_rev': '0.2.7'}, 'signature': ([{'alpha': 0.019628224813442792, 'batch_size': 182, 'beta_1': 0.9410202200271762, 'beta_2': 0.9998021557676793, 'epsilon': 1.8662266976518e-08, 'hidden_layer_sizes': 147, 'learning_rate_init': 0.0005627932047415167, 'tol': 0.03690557729213761, 'validation_fraction': 0.8846827852548593}, {'alpha': 0.0019982467392329444, 'batch_size': 200, 'beta_1': 0.919111482530466, 'beta_2': 0.9998488260436156, 'epsilon': 5.981221901152555e-07, 'hidden_layer_sizes': 61, 'learning_rate_init': 2.2310905607443014e-05, 'tol': 1.2046852412030316e-05, 'validation_fraction': 0.8117896445826539}, {'alpha': 0.46659545670218433, 'batch_size': 219, 'beta_1': 0.9889789783750891, 'beta_2': 0.9999896868093284, 'epsilon': 2.4234724484675948e-08, 'hidden_layer_sizes': 167, 'learning_rate_init': 2.972334644335654e-05, 'tol': 0.0036281404040243792, 'validation_fraction': 0.17260651658522078}, {'alpha': 4.656005689076002, 'batch_size': 135, 'beta_1': 0.870503881627747, 'beta_2': 0.9948873266941017, 'epsilon': 2.1023308743480125e-07, 'hidden_layer_sizes': 118, 'learning_rate_init': 0.0018781738757161913, 'tol': 1.1889379831773004e-05, 'validation_fraction': 0.6264327093752792}, {'alpha': 0.04705159350400542, 'batch_size': 158, 'beta_1': 0.9870884262730957, 'beta_2': 0.9999596874382349, 'epsilon': 1.1981845126013875e-08, 'hidden_layer_sizes': 116, 'learning_rate_init': 0.00617340520407431, 'tol': 1.741413418158619e-05, 'validation_fraction': 0.6754299026638921}], [16.063962273407764, 23.274250254613083, 19.80193088400322, 3.463918210725012, 15.210579700922176])}
saving results
saving timing
saving suggest log
done
