running: {'--uuid': '63888cc0723f59e3bdf52f39638a7e62', '-db-root': '/home/ryedida/smoothness-hpo/bbo_challenge_starter_kit/output', '--opt-root': '/home/ryedida/smoothness-hpo/bbo_challenge_starter_kit/example_submissions', '--data-root': None, '--db': 'run_20241104_034646', '--opt': 'dehb', '--data': 'iris', '--classifier': 'MLP-adam', '--metric': 'acc', '--calls': 15, '--suggestions': 1, '--jobs-file': None, '--verbose': False, 'dry_run': False, 'rev': 'a376313', 'opt_rev': '0.0.8'}
cmd: python dehb/optimizer.py -c MLP-adam -d iris -o dehb -u 63888cc0723f59e3bdf52f39638a7e62 -m acc -n 15 -p 1 -dir /home/ryedida/smoothness-hpo/bbo_challenge_starter_kit/output -b run_20241104_034646
/home/ryedida/smoothness-hpo/.venv/lib/python3.12/site-packages/sklearn/neural_network/_multilayer_perceptron.py:608: UserWarning: Got `batch_size` less than 1 or larger than sample size. It is going to be clipped
  warnings.warn(

/home/ryedida/smoothness-hpo/.venv/lib/python3.12/site-packages/sklearn/neural_network/_multilayer_perceptron.py:608: UserWarning: Got `batch_size` less than 1 or larger than sample size. It is going to be clipped
  warnings.warn(

/home/ryedida/smoothness-hpo/.venv/lib/python3.12/site-packages/sklearn/neural_network/_multilayer_perceptron.py:608: UserWarning: Got `batch_size` less than 1 or larger than sample size. It is going to be clipped
  warnings.warn(

/home/ryedida/smoothness-hpo/.venv/lib/python3.12/site-packages/sklearn/neural_network/_multilayer_perceptron.py:608: UserWarning: Got `batch_size` less than 1 or larger than sample size. It is going to be clipped
  warnings.warn(

/home/ryedida/smoothness-hpo/.venv/lib/python3.12/site-packages/sklearn/neural_network/_multilayer_perceptron.py:608: UserWarning: Got `batch_size` less than 1 or larger than sample size. It is going to be clipped
  warnings.warn(

computed signature: ([{'alpha': 0.019628224813442792, 'batch_size': 182, 'beta_1': 0.9410202200271762, 'beta_2': 0.9998021557676793, 'epsilon': 1.8662266976518e-08, 'hidden_layer_sizes': 147, 'learning_rate_init': 0.0005627932047415167, 'tol': 0.03690557729213761, 'validation_fraction': 0.8846827852548593}, {'alpha': 0.0019982467392329444, 'batch_size': 200, 'beta_1': 0.919111482530466, 'beta_2': 0.9998488260436156, 'epsilon': 5.981221901152555e-07, 'hidden_layer_sizes': 61, 'learning_rate_init': 2.2310905607443014e-05, 'tol': 1.2046852412030316e-05, 'validation_fraction': 0.8117896445826539}, {'alpha': 0.46659545670218433, 'batch_size': 219, 'beta_1': 0.9889789783750891, 'beta_2': 0.9999896868093284, 'epsilon': 2.4234724484675948e-08, 'hidden_layer_sizes': 167, 'learning_rate_init': 2.972334644335654e-05, 'tol': 0.0036281404040243792, 'validation_fraction': 0.17260651658522078}, {'alpha': 4.656005689076002, 'batch_size': 135, 'beta_1': 0.870503881627747, 'beta_2': 0.9948873266941017, 'epsilon': 2.1023308743480125e-07, 'hidden_layer_sizes': 118, 'learning_rate_init': 0.0018781738757161913, 'tol': 1.1889379831773004e-05, 'validation_fraction': 0.6264327093752792}, {'alpha': 0.04705159350400542, 'batch_size': 158, 'beta_1': 0.9870884262730957, 'beta_2': 0.9999596874382349, 'epsilon': 1.1981845126013875e-08, 'hidden_layer_sizes': 116, 'learning_rate_init': 0.00617340520407431, 'tol': 1.741413418158619e-05, 'validation_fraction': 0.6754299026638921}], [-0.41666666666666663, -0.275, -0.3416666666666667, -0.725, -0.875])
/home/ryedida/smoothness-hpo/.venv/lib/python3.12/site-packages/bayesmark/signatures.py:85: RuntimeWarning: Signature diverged on MLP-adam_iris_acc betwen [-0.52290909 -0.27918182 -0.34166667 -0.725      -0.91715152] and [-0.41666667 -0.275      -0.26133333 -0.68915152 -0.875     ]
  warnings.warn(

Signature errors:
                          0         1         2         3         4       max
MLP-adam_iris_acc  0.106242  0.004182  0.080333  0.035848  0.042152  0.106242
max                0.106242  0.004182  0.080333  0.035848  0.042152  0.106242
starting sklearn study dehb MLP-adam iris acc 15 1
with data root: None
suggestion time taken 0.001403 iter 0 next_points [Configuration(values={
  'alpha': 0.0002149875472,
  'batch_size': 40,
  'beta_1': 0.8436300152371,
  'beta_2': 0.9882752640298,
  'epsilon': 2.0611e-09,
  'hidden_layer_sizes': 115,
  'learning_rate_init': 0.0195181009883,
  'tol': 1.98695252e-05,
  'validation_fraction': 0.1408990843506,
})]
function_evaluation time 0.173485 value -0.958333 suggestion Configuration(values={
  'alpha': 0.0002149875472,
  'batch_size': 40,
  'beta_1': 0.8436300152371,
  'beta_2': 0.9882752640298,
  'epsilon': 2.0611e-09,
  'hidden_layer_sizes': 115,
  'learning_rate_init': 0.0195181009883,
  'tol': 1.98695252e-05,
  'validation_fraction': 0.1408990843506,
})
Failure in optimizer observe. Ignoring these observations.
list indices must be integers or slices, not str
Traceback (most recent call last):
  File "/home/ryedida/smoothness-hpo/.venv/lib/python3.12/site-packages/bayesmark/experiment.py", line 175, in run_study
    optimizer.observe(next_points, eval_list)
  File "/home/ryedida/smoothness-hpo/bbo_challenge_starter_kit/example_submissions/dehb/optimizer.py", line 88, in observe
    self.dehb.tell(X, y)
  File "/home/ryedida/smoothness-hpo/.venv/lib/python3.12/site-packages/dehb/optimizers/dehb.py", line 1007, in tell
    fitness, cost = float(result["fitness"]), float(result["cost"])
                          ~~~~~~^^^^^^^^^^^
TypeError: list indices must be integers or slices, not str
observation time 0.001209, current best -0.958333 at iter 0
suggestion time taken 0.001394 iter 1 next_points [Configuration(values={
  'alpha': 0.0333287346103,
  'batch_size': 145,
  'beta_1': 0.7709124255384,
  'beta_2': 0.9539724961925,
  'epsilon': 1.17227e-08,
  'hidden_layer_sizes': 151,
  'learning_rate_init': 1.54563587e-05,
  'tol': 0.000969844777,
  'validation_fraction': 0.7778767414327,
})]
/home/ryedida/smoothness-hpo/.venv/lib/python3.12/site-packages/sklearn/neural_network/_multilayer_perceptron.py:608: UserWarning: Got `batch_size` less than 1 or larger than sample size. It is going to be clipped
  warnings.warn(

function_evaluation time 0.095744 value -0.266667 suggestion Configuration(values={
  'alpha': 0.0333287346103,
  'batch_size': 145,
  'beta_1': 0.7709124255384,
  'beta_2': 0.9539724961925,
  'epsilon': 1.17227e-08,
  'hidden_layer_sizes': 151,
  'learning_rate_init': 1.54563587e-05,
  'tol': 0.000969844777,
  'validation_fraction': 0.7778767414327,
})
Failure in optimizer observe. Ignoring these observations.
list indices must be integers or slices, not str
Traceback (most recent call last):
  File "/home/ryedida/smoothness-hpo/.venv/lib/python3.12/site-packages/bayesmark/experiment.py", line 175, in run_study
    optimizer.observe(next_points, eval_list)
  File "/home/ryedida/smoothness-hpo/bbo_challenge_starter_kit/example_submissions/dehb/optimizer.py", line 88, in observe
    self.dehb.tell(X, y)
  File "/home/ryedida/smoothness-hpo/.venv/lib/python3.12/site-packages/dehb/optimizers/dehb.py", line 1007, in tell
    fitness, cost = float(result["fitness"]), float(result["cost"])
                          ~~~~~~^^^^^^^^^^^
TypeError: list indices must be integers or slices, not str
observation time 0.000705, current best -0.958333 at iter 1
suggestion time taken 0.001359 iter 2 next_points [Configuration(values={
  'alpha': 0.0005605134046,
  'batch_size': 141,
  'beta_1': 0.6009466848355,
  'beta_2': 0.9005713901176,
  'epsilon': 7.5139e-08,
  'hidden_layer_sizes': 169,
  'learning_rate_init': 0.0049941992914,
  'tol': 0.0121909100603,
  'validation_fraction': 0.142408380092,
})]
/home/ryedida/smoothness-hpo/.venv/lib/python3.12/site-packages/sklearn/neural_network/_multilayer_perceptron.py:608: UserWarning: Got `batch_size` less than 1 or larger than sample size. It is going to be clipped
  warnings.warn(

function_evaluation time 0.167200 value -0.916667 suggestion Configuration(values={
  'alpha': 0.0005605134046,
  'batch_size': 141,
  'beta_1': 0.6009466848355,
  'beta_2': 0.9005713901176,
  'epsilon': 7.5139e-08,
  'hidden_layer_sizes': 169,
  'learning_rate_init': 0.0049941992914,
  'tol': 0.0121909100603,
  'validation_fraction': 0.142408380092,
})
Failure in optimizer observe. Ignoring these observations.
list indices must be integers or slices, not str
Traceback (most recent call last):
  File "/home/ryedida/smoothness-hpo/.venv/lib/python3.12/site-packages/bayesmark/experiment.py", line 175, in run_study
    optimizer.observe(next_points, eval_list)
  File "/home/ryedida/smoothness-hpo/bbo_challenge_starter_kit/example_submissions/dehb/optimizer.py", line 88, in observe
    self.dehb.tell(X, y)
  File "/home/ryedida/smoothness-hpo/.venv/lib/python3.12/site-packages/dehb/optimizers/dehb.py", line 1007, in tell
    fitness, cost = float(result["fitness"]), float(result["cost"])
                          ~~~~~~^^^^^^^^^^^
TypeError: list indices must be integers or slices, not str
observation time 0.000695, current best -0.958333 at iter 2
suggestion time taken 0.001304 iter 3 next_points [Configuration(values={
  'alpha': 3.64792812e-05,
  'batch_size': 205,
  'beta_1': 0.6608345023198,
  'beta_2': 0.9124917048789,
  'epsilon': 1.774221e-07,
  'hidden_layer_sizes': 56,
  'learning_rate_init': 5.73345912e-05,
  'tol': 0.0007792301599,
  'validation_fraction': 0.1262137220843,
})]
/home/ryedida/smoothness-hpo/.venv/lib/python3.12/site-packages/sklearn/neural_network/_multilayer_perceptron.py:608: UserWarning: Got `batch_size` less than 1 or larger than sample size. It is going to be clipped
  warnings.warn(

function_evaluation time 0.071055 value -0.316667 suggestion Configuration(values={
  'alpha': 3.64792812e-05,
  'batch_size': 205,
  'beta_1': 0.6608345023198,
  'beta_2': 0.9124917048789,
  'epsilon': 1.774221e-07,
  'hidden_layer_sizes': 56,
  'learning_rate_init': 5.73345912e-05,
  'tol': 0.0007792301599,
  'validation_fraction': 0.1262137220843,
})
Failure in optimizer observe. Ignoring these observations.
list indices must be integers or slices, not str
Traceback (most recent call last):
  File "/home/ryedida/smoothness-hpo/.venv/lib/python3.12/site-packages/bayesmark/experiment.py", line 175, in run_study
    optimizer.observe(next_points, eval_list)
  File "/home/ryedida/smoothness-hpo/bbo_challenge_starter_kit/example_submissions/dehb/optimizer.py", line 88, in observe
    self.dehb.tell(X, y)
  File "/home/ryedida/smoothness-hpo/.venv/lib/python3.12/site-packages/dehb/optimizers/dehb.py", line 1007, in tell
    fitness, cost = float(result["fitness"]), float(result["cost"])
                          ~~~~~~^^^^^^^^^^^
TypeError: list indices must be integers or slices, not str
observation time 0.000746, current best -0.958333 at iter 3
suggestion time taken 0.001372 iter 4 next_points [Configuration(values={
  'alpha': 0.0007645890407,
  'batch_size': 68,
  'beta_1': 0.8485837236388,
  'beta_2': 0.9134308348569,
  'epsilon': 8.0046e-09,
  'hidden_layer_sizes': 174,
  'learning_rate_init': 0.0324238454519,
  'tol': 4.48718586e-05,
  'validation_fraction': 0.334690895035,
})]
function_evaluation time 0.151629 value -0.941667 suggestion Configuration(values={
  'alpha': 0.0007645890407,
  'batch_size': 68,
  'beta_1': 0.8485837236388,
  'beta_2': 0.9134308348569,
  'epsilon': 8.0046e-09,
  'hidden_layer_sizes': 174,
  'learning_rate_init': 0.0324238454519,
  'tol': 4.48718586e-05,
  'validation_fraction': 0.334690895035,
})
Failure in optimizer observe. Ignoring these observations.
list indices must be integers or slices, not str
Traceback (most recent call last):
  File "/home/ryedida/smoothness-hpo/.venv/lib/python3.12/site-packages/bayesmark/experiment.py", line 175, in run_study
    optimizer.observe(next_points, eval_list)
  File "/home/ryedida/smoothness-hpo/bbo_challenge_starter_kit/example_submissions/dehb/optimizer.py", line 88, in observe
    self.dehb.tell(X, y)
  File "/home/ryedida/smoothness-hpo/.venv/lib/python3.12/site-packages/dehb/optimizers/dehb.py", line 1007, in tell
    fitness, cost = float(result["fitness"]), float(result["cost"])
                          ~~~~~~^^^^^^^^^^^
TypeError: list indices must be integers or slices, not str
observation time 0.001794, current best -0.958333 at iter 4
suggestion time taken 0.001539 iter 5 next_points [Configuration(values={
  'alpha': 0.0075607980555,
  'batch_size': 147,
  'beta_1': 0.6185004905697,
  'beta_2': 0.972603475371,
  'epsilon': 1.07201e-08,
  'hidden_layer_sizes': 186,
  'learning_rate_init': 0.0141856401982,
  'tol': 0.0134165692746,
  'validation_fraction': 0.5011755046081,
})]
/home/ryedida/smoothness-hpo/.venv/lib/python3.12/site-packages/sklearn/neural_network/_multilayer_perceptron.py:608: UserWarning: Got `batch_size` less than 1 or larger than sample size. It is going to be clipped
  warnings.warn(

function_evaluation time 0.130785 value -0.925000 suggestion Configuration(values={
  'alpha': 0.0075607980555,
  'batch_size': 147,
  'beta_1': 0.6185004905697,
  'beta_2': 0.972603475371,
  'epsilon': 1.07201e-08,
  'hidden_layer_sizes': 186,
  'learning_rate_init': 0.0141856401982,
  'tol': 0.0134165692746,
  'validation_fraction': 0.5011755046081,
})
Failure in optimizer observe. Ignoring these observations.
list indices must be integers or slices, not str
Traceback (most recent call last):
  File "/home/ryedida/smoothness-hpo/.venv/lib/python3.12/site-packages/bayesmark/experiment.py", line 175, in run_study
    optimizer.observe(next_points, eval_list)
  File "/home/ryedida/smoothness-hpo/bbo_challenge_starter_kit/example_submissions/dehb/optimizer.py", line 88, in observe
    self.dehb.tell(X, y)
  File "/home/ryedida/smoothness-hpo/.venv/lib/python3.12/site-packages/dehb/optimizers/dehb.py", line 1007, in tell
    fitness, cost = float(result["fitness"]), float(result["cost"])
                          ~~~~~~^^^^^^^^^^^
TypeError: list indices must be integers or slices, not str
observation time 0.000690, current best -0.958333 at iter 5
suggestion time taken 0.001534 iter 6 next_points [Configuration(values={
  'alpha': 8.1110083002591,
  'batch_size': 28,
  'beta_1': 0.9003493034918,
  'beta_2': 0.9673647798073,
  'epsilon': 1.354961e-07,
  'hidden_layer_sizes': 197,
  'learning_rate_init': 4.41521947e-05,
  'tol': 4.68257194e-05,
  'validation_fraction': 0.3507630358601,
})]
function_evaluation time 0.132245 value -0.325000 suggestion Configuration(values={
  'alpha': 8.1110083002591,
  'batch_size': 28,
  'beta_1': 0.9003493034918,
  'beta_2': 0.9673647798073,
  'epsilon': 1.354961e-07,
  'hidden_layer_sizes': 197,
  'learning_rate_init': 4.41521947e-05,
  'tol': 4.68257194e-05,
  'validation_fraction': 0.3507630358601,
})
Failure in optimizer observe. Ignoring these observations.
list indices must be integers or slices, not str
Traceback (most recent call last):
  File "/home/ryedida/smoothness-hpo/.venv/lib/python3.12/site-packages/bayesmark/experiment.py", line 175, in run_study
    optimizer.observe(next_points, eval_list)
  File "/home/ryedida/smoothness-hpo/bbo_challenge_starter_kit/example_submissions/dehb/optimizer.py", line 88, in observe
    self.dehb.tell(X, y)
  File "/home/ryedida/smoothness-hpo/.venv/lib/python3.12/site-packages/dehb/optimizers/dehb.py", line 1007, in tell
    fitness, cost = float(result["fitness"]), float(result["cost"])
                          ~~~~~~^^^^^^^^^^^
TypeError: list indices must be integers or slices, not str
observation time 0.000717, current best -0.958333 at iter 6
suggestion time taken 0.001454 iter 7 next_points [Configuration(values={
  'alpha': 0.0167366125296,
  'batch_size': 90,
  'beta_1': 0.6181544701259,
  'beta_2': 0.9194562254944,
  'epsilon': 4.1888e-09,
  'hidden_layer_sizes': 194,
  'learning_rate_init': 0.0234497186801,
  'tol': 2.03216935e-05,
  'validation_fraction': 0.3150862213365,
})]
/home/ryedida/smoothness-hpo/.venv/lib/python3.12/site-packages/sklearn/neural_network/_multilayer_perceptron.py:608: UserWarning: Got `batch_size` less than 1 or larger than sample size. It is going to be clipped
  warnings.warn(

function_evaluation time 0.147174 value -0.941667 suggestion Configuration(values={
  'alpha': 0.0167366125296,
  'batch_size': 90,
  'beta_1': 0.6181544701259,
  'beta_2': 0.9194562254944,
  'epsilon': 4.1888e-09,
  'hidden_layer_sizes': 194,
  'learning_rate_init': 0.0234497186801,
  'tol': 2.03216935e-05,
  'validation_fraction': 0.3150862213365,
})
Failure in optimizer observe. Ignoring these observations.
list indices must be integers or slices, not str
Traceback (most recent call last):
  File "/home/ryedida/smoothness-hpo/.venv/lib/python3.12/site-packages/bayesmark/experiment.py", line 175, in run_study
    optimizer.observe(next_points, eval_list)
  File "/home/ryedida/smoothness-hpo/bbo_challenge_starter_kit/example_submissions/dehb/optimizer.py", line 88, in observe
    self.dehb.tell(X, y)
  File "/home/ryedida/smoothness-hpo/.venv/lib/python3.12/site-packages/dehb/optimizers/dehb.py", line 1007, in tell
    fitness, cost = float(result["fitness"]), float(result["cost"])
                          ~~~~~~^^^^^^^^^^^
TypeError: list indices must be integers or slices, not str
observation time 0.000685, current best -0.958333 at iter 7
suggestion time taken 0.001361 iter 8 next_points [Configuration(values={
  'alpha': 0.2667715377401,
  'batch_size': 27,
  'beta_1': 0.5714482289757,
  'beta_2': 0.9610254343054,
  'epsilon': 8.81771e-08,
  'hidden_layer_sizes': 158,
  'learning_rate_init': 0.0005864681858,
  'tol': 0.0104800963008,
  'validation_fraction': 0.1064539645274,
})]
function_evaluation time 0.244442 value -0.800000 suggestion Configuration(values={
  'alpha': 0.2667715377401,
  'batch_size': 27,
  'beta_1': 0.5714482289757,
  'beta_2': 0.9610254343054,
  'epsilon': 8.81771e-08,
  'hidden_layer_sizes': 158,
  'learning_rate_init': 0.0005864681858,
  'tol': 0.0104800963008,
  'validation_fraction': 0.1064539645274,
})
Failure in optimizer observe. Ignoring these observations.
list indices must be integers or slices, not str
Traceback (most recent call last):
  File "/home/ryedida/smoothness-hpo/.venv/lib/python3.12/site-packages/bayesmark/experiment.py", line 175, in run_study
    optimizer.observe(next_points, eval_list)
  File "/home/ryedida/smoothness-hpo/bbo_challenge_starter_kit/example_submissions/dehb/optimizer.py", line 88, in observe
    self.dehb.tell(X, y)
  File "/home/ryedida/smoothness-hpo/.venv/lib/python3.12/site-packages/dehb/optimizers/dehb.py", line 1007, in tell
    fitness, cost = float(result["fitness"]), float(result["cost"])
                          ~~~~~~^^^^^^^^^^^
TypeError: list indices must be integers or slices, not str
observation time 0.000711, current best -0.958333 at iter 8
suggestion time taken 0.001976 iter 9 next_points [Configuration(values={
  'alpha': 0.0066822592914,
  'batch_size': 66,
  'beta_1': 0.7850181959478,
  'beta_2': 0.9640626232884,
  'epsilon': 3.3211e-09,
  'hidden_layer_sizes': 166,
  'learning_rate_init': 0.0023602812516,
  'tol': 8.94076577e-05,
  'validation_fraction': 0.7292694320054,
})]
/home/ryedida/smoothness-hpo/.venv/lib/python3.12/site-packages/sklearn/neural_network/_multilayer_perceptron.py:608: UserWarning: Got `batch_size` less than 1 or larger than sample size. It is going to be clipped
  warnings.warn(

function_evaluation time 0.144184 value -0.733333 suggestion Configuration(values={
  'alpha': 0.0066822592914,
  'batch_size': 66,
  'beta_1': 0.7850181959478,
  'beta_2': 0.9640626232884,
  'epsilon': 3.3211e-09,
  'hidden_layer_sizes': 166,
  'learning_rate_init': 0.0023602812516,
  'tol': 8.94076577e-05,
  'validation_fraction': 0.7292694320054,
})
Failure in optimizer observe. Ignoring these observations.
list indices must be integers or slices, not str
Traceback (most recent call last):
  File "/home/ryedida/smoothness-hpo/.venv/lib/python3.12/site-packages/bayesmark/experiment.py", line 175, in run_study
    optimizer.observe(next_points, eval_list)
  File "/home/ryedida/smoothness-hpo/bbo_challenge_starter_kit/example_submissions/dehb/optimizer.py", line 88, in observe
    self.dehb.tell(X, y)
  File "/home/ryedida/smoothness-hpo/.venv/lib/python3.12/site-packages/dehb/optimizers/dehb.py", line 1007, in tell
    fitness, cost = float(result["fitness"]), float(result["cost"])
                          ~~~~~~^^^^^^^^^^^
TypeError: list indices must be integers or slices, not str
observation time 0.000662, current best -0.958333 at iter 9
suggestion time taken 0.001876 iter 10 next_points [Configuration(values={
  'alpha': 0.063811800416,
  'batch_size': 90,
  'beta_1': 0.7621295642701,
  'beta_2': 0.9380447029944,
  'epsilon': 2.6741e-09,
  'hidden_layer_sizes': 110,
  'learning_rate_init': 0.0001143374402,
  'tol': 0.0461978657271,
  'validation_fraction': 0.5867065156445,
})]
/home/ryedida/smoothness-hpo/.venv/lib/python3.12/site-packages/sklearn/neural_network/_multilayer_perceptron.py:608: UserWarning: Got `batch_size` less than 1 or larger than sample size. It is going to be clipped
  warnings.warn(

function_evaluation time 0.074030 value -0.350000 suggestion Configuration(values={
  'alpha': 0.063811800416,
  'batch_size': 90,
  'beta_1': 0.7621295642701,
  'beta_2': 0.9380447029944,
  'epsilon': 2.6741e-09,
  'hidden_layer_sizes': 110,
  'learning_rate_init': 0.0001143374402,
  'tol': 0.0461978657271,
  'validation_fraction': 0.5867065156445,
})
Failure in optimizer observe. Ignoring these observations.
list indices must be integers or slices, not str
Traceback (most recent call last):
  File "/home/ryedida/smoothness-hpo/.venv/lib/python3.12/site-packages/bayesmark/experiment.py", line 175, in run_study
    optimizer.observe(next_points, eval_list)
  File "/home/ryedida/smoothness-hpo/bbo_challenge_starter_kit/example_submissions/dehb/optimizer.py", line 88, in observe
    self.dehb.tell(X, y)
  File "/home/ryedida/smoothness-hpo/.venv/lib/python3.12/site-packages/dehb/optimizers/dehb.py", line 1007, in tell
    fitness, cost = float(result["fitness"]), float(result["cost"])
                          ~~~~~~^^^^^^^^^^^
TypeError: list indices must be integers or slices, not str
observation time 0.000683, current best -0.958333 at iter 10
suggestion time taken 0.002043 iter 11 next_points [Configuration(values={
  'alpha': 3.3206844954634,
  'batch_size': 222,
  'beta_1': 0.7661110046416,
  'beta_2': 0.9328452468659,
  'epsilon': 2.27906e-08,
  'hidden_layer_sizes': 79,
  'learning_rate_init': 0.0118799567948,
  'tol': 2.12064135e-05,
  'validation_fraction': 0.2885723778246,
})]
/home/ryedida/smoothness-hpo/.venv/lib/python3.12/site-packages/sklearn/neural_network/_multilayer_perceptron.py:608: UserWarning: Got `batch_size` less than 1 or larger than sample size. It is going to be clipped
  warnings.warn(

function_evaluation time 0.139014 value -0.950000 suggestion Configuration(values={
  'alpha': 3.3206844954634,
  'batch_size': 222,
  'beta_1': 0.7661110046416,
  'beta_2': 0.9328452468659,
  'epsilon': 2.27906e-08,
  'hidden_layer_sizes': 79,
  'learning_rate_init': 0.0118799567948,
  'tol': 2.12064135e-05,
  'validation_fraction': 0.2885723778246,
})
Failure in optimizer observe. Ignoring these observations.
list indices must be integers or slices, not str
Traceback (most recent call last):
  File "/home/ryedida/smoothness-hpo/.venv/lib/python3.12/site-packages/bayesmark/experiment.py", line 175, in run_study
    optimizer.observe(next_points, eval_list)
  File "/home/ryedida/smoothness-hpo/bbo_challenge_starter_kit/example_submissions/dehb/optimizer.py", line 88, in observe
    self.dehb.tell(X, y)
  File "/home/ryedida/smoothness-hpo/.venv/lib/python3.12/site-packages/dehb/optimizers/dehb.py", line 1007, in tell
    fitness, cost = float(result["fitness"]), float(result["cost"])
                          ~~~~~~^^^^^^^^^^^
TypeError: list indices must be integers or slices, not str
observation time 0.000670, current best -0.958333 at iter 11
suggestion time taken 0.002009 iter 12 next_points [Configuration(values={
  'alpha': 0.0001203838505,
  'batch_size': 236,
  'beta_1': 0.9116564059154,
  'beta_2': 0.9171021192752,
  'epsilon': 1.48949e-07,
  'hidden_layer_sizes': 77,
  'learning_rate_init': 0.005384665843,
  'tol': 0.0586922004964,
  'validation_fraction': 0.1189055290974,
})]
/home/ryedida/smoothness-hpo/.venv/lib/python3.12/site-packages/sklearn/neural_network/_multilayer_perceptron.py:608: UserWarning: Got `batch_size` less than 1 or larger than sample size. It is going to be clipped
  warnings.warn(

function_evaluation time 0.140473 value -0.766667 suggestion Configuration(values={
  'alpha': 0.0001203838505,
  'batch_size': 236,
  'beta_1': 0.9116564059154,
  'beta_2': 0.9171021192752,
  'epsilon': 1.48949e-07,
  'hidden_layer_sizes': 77,
  'learning_rate_init': 0.005384665843,
  'tol': 0.0586922004964,
  'validation_fraction': 0.1189055290974,
})
Failure in optimizer observe. Ignoring these observations.
list indices must be integers or slices, not str
Traceback (most recent call last):
  File "/home/ryedida/smoothness-hpo/.venv/lib/python3.12/site-packages/bayesmark/experiment.py", line 175, in run_study
    optimizer.observe(next_points, eval_list)
  File "/home/ryedida/smoothness-hpo/bbo_challenge_starter_kit/example_submissions/dehb/optimizer.py", line 88, in observe
    self.dehb.tell(X, y)
  File "/home/ryedida/smoothness-hpo/.venv/lib/python3.12/site-packages/dehb/optimizers/dehb.py", line 1007, in tell
    fitness, cost = float(result["fitness"]), float(result["cost"])
                          ~~~~~~^^^^^^^^^^^
TypeError: list indices must be integers or slices, not str
observation time 0.000668, current best -0.958333 at iter 12
suggestion time taken 0.002035 iter 13 next_points [Configuration(values={
  'alpha': 3.35574014e-05,
  'batch_size': 233,
  'beta_1': 0.6837594346373,
  'beta_2': 0.9087856208905,
  'epsilon': 1.1571e-09,
  'hidden_layer_sizes': 150,
  'learning_rate_init': 0.0101966004377,
  'tol': 0.0393783861931,
  'validation_fraction': 0.3630173084504,
})]
/home/ryedida/smoothness-hpo/.venv/lib/python3.12/site-packages/sklearn/neural_network/_multilayer_perceptron.py:608: UserWarning: Got `batch_size` less than 1 or larger than sample size. It is going to be clipped
  warnings.warn(

function_evaluation time 0.141237 value -0.925000 suggestion Configuration(values={
  'alpha': 3.35574014e-05,
  'batch_size': 233,
  'beta_1': 0.6837594346373,
  'beta_2': 0.9087856208905,
  'epsilon': 1.1571e-09,
  'hidden_layer_sizes': 150,
  'learning_rate_init': 0.0101966004377,
  'tol': 0.0393783861931,
  'validation_fraction': 0.3630173084504,
})
Failure in optimizer observe. Ignoring these observations.
list indices must be integers or slices, not str
Traceback (most recent call last):
  File "/home/ryedida/smoothness-hpo/.venv/lib/python3.12/site-packages/bayesmark/experiment.py", line 175, in run_study
    optimizer.observe(next_points, eval_list)
  File "/home/ryedida/smoothness-hpo/bbo_challenge_starter_kit/example_submissions/dehb/optimizer.py", line 88, in observe
    self.dehb.tell(X, y)
  File "/home/ryedida/smoothness-hpo/.venv/lib/python3.12/site-packages/dehb/optimizers/dehb.py", line 1007, in tell
    fitness, cost = float(result["fitness"]), float(result["cost"])
                          ~~~~~~^^^^^^^^^^^
TypeError: list indices must be integers or slices, not str
observation time 0.000673, current best -0.958333 at iter 13
suggestion time taken 0.001983 iter 14 next_points [Configuration(values={
  'alpha': 1.9816281e-05,
  'batch_size': 31,
  'beta_1': 0.5256235181742,
  'beta_2': 0.9919540753605,
  'epsilon': 1.1336e-09,
  'hidden_layer_sizes': 116,
  'learning_rate_init': 0.0008400703094,
  'tol': 0.0193373938696,
  'validation_fraction': 0.2298251780013,
})]
function_evaluation time 0.183311 value -0.733333 suggestion Configuration(values={
  'alpha': 1.9816281e-05,
  'batch_size': 31,
  'beta_1': 0.5256235181742,
  'beta_2': 0.9919540753605,
  'epsilon': 1.1336e-09,
  'hidden_layer_sizes': 116,
  'learning_rate_init': 0.0008400703094,
  'tol': 0.0193373938696,
  'validation_fraction': 0.2298251780013,
})
Failure in optimizer observe. Ignoring these observations.
list indices must be integers or slices, not str
Traceback (most recent call last):
  File "/home/ryedida/smoothness-hpo/.venv/lib/python3.12/site-packages/bayesmark/experiment.py", line 175, in run_study
    optimizer.observe(next_points, eval_list)
  File "/home/ryedida/smoothness-hpo/bbo_challenge_starter_kit/example_submissions/dehb/optimizer.py", line 88, in observe
    self.dehb.tell(X, y)
  File "/home/ryedida/smoothness-hpo/.venv/lib/python3.12/site-packages/dehb/optimizers/dehb.py", line 1007, in tell
    fitness, cost = float(result["fitness"]), float(result["cost"])
                          ~~~~~~^^^^^^^^^^^
TypeError: list indices must be integers or slices, not str
observation time 0.000668, current best -0.958333 at iter 14
saving meta data: {'args': {'--uuid': '63888cc0723f59e3bdf52f39638a7e62', '-db-root': '/home/ryedida/smoothness-hpo/bbo_challenge_starter_kit/output', '--opt-root': '/home/ryedida/smoothness-hpo/bbo_challenge_starter_kit/example_submissions', '--data-root': None, '--db': 'run_20241104_034646', '--opt': 'dehb', '--data': 'iris', '--classifier': 'MLP-adam', '--metric': 'acc', '--calls': 15, '--suggestions': 1, '--jobs-file': None, '--verbose': False, 'dry_run': False, 'rev': 'a376313', 'opt_rev': '0.0.8'}, 'signature': ([{'alpha': 0.019628224813442792, 'batch_size': 182, 'beta_1': 0.9410202200271762, 'beta_2': 0.9998021557676793, 'epsilon': 1.8662266976518e-08, 'hidden_layer_sizes': 147, 'learning_rate_init': 0.0005627932047415167, 'tol': 0.03690557729213761, 'validation_fraction': 0.8846827852548593}, {'alpha': 0.0019982467392329444, 'batch_size': 200, 'beta_1': 0.919111482530466, 'beta_2': 0.9998488260436156, 'epsilon': 5.981221901152555e-07, 'hidden_layer_sizes': 61, 'learning_rate_init': 2.2310905607443014e-05, 'tol': 1.2046852412030316e-05, 'validation_fraction': 0.8117896445826539}, {'alpha': 0.46659545670218433, 'batch_size': 219, 'beta_1': 0.9889789783750891, 'beta_2': 0.9999896868093284, 'epsilon': 2.4234724484675948e-08, 'hidden_layer_sizes': 167, 'learning_rate_init': 2.972334644335654e-05, 'tol': 0.0036281404040243792, 'validation_fraction': 0.17260651658522078}, {'alpha': 4.656005689076002, 'batch_size': 135, 'beta_1': 0.870503881627747, 'beta_2': 0.9948873266941017, 'epsilon': 2.1023308743480125e-07, 'hidden_layer_sizes': 118, 'learning_rate_init': 0.0018781738757161913, 'tol': 1.1889379831773004e-05, 'validation_fraction': 0.6264327093752792}, {'alpha': 0.04705159350400542, 'batch_size': 158, 'beta_1': 0.9870884262730957, 'beta_2': 0.9999596874382349, 'epsilon': 1.1981845126013875e-08, 'hidden_layer_sizes': 116, 'learning_rate_init': 0.00617340520407431, 'tol': 1.741413418158619e-05, 'validation_fraction': 0.6754299026638921}], [-0.41666666666666663, -0.275, -0.3416666666666667, -0.725, -0.875])}
saving results
saving timing
saving suggest log
done
