running: {'--uuid': '798a5ed3d68058c9a810990ffd162a54', '-db-root': '/home/ryedida/smoothness-hpo/bbo_challenge_starter_kit/output', '--opt-root': '/home/ryedida/smoothness-hpo/bbo_challenge_starter_kit/example_submissions', '--data-root': None, '--db': 'run_20241104_034646', '--opt': 'dehb', '--data': 'iris', '--classifier': 'MLP-adam', '--metric': 'acc', '--calls': 15, '--suggestions': 1, '--jobs-file': None, '--verbose': False, 'dry_run': False, 'rev': 'a376313', 'opt_rev': '0.0.8'}
cmd: python dehb/optimizer.py -c MLP-adam -d iris -o dehb -u 798a5ed3d68058c9a810990ffd162a54 -m acc -n 15 -p 1 -dir /home/ryedida/smoothness-hpo/bbo_challenge_starter_kit/output -b run_20241104_034646
/home/ryedida/smoothness-hpo/.venv/lib/python3.12/site-packages/sklearn/neural_network/_multilayer_perceptron.py:608: UserWarning: Got `batch_size` less than 1 or larger than sample size. It is going to be clipped
  warnings.warn(

/home/ryedida/smoothness-hpo/.venv/lib/python3.12/site-packages/sklearn/neural_network/_multilayer_perceptron.py:608: UserWarning: Got `batch_size` less than 1 or larger than sample size. It is going to be clipped
  warnings.warn(

/home/ryedida/smoothness-hpo/.venv/lib/python3.12/site-packages/sklearn/neural_network/_multilayer_perceptron.py:608: UserWarning: Got `batch_size` less than 1 or larger than sample size. It is going to be clipped
  warnings.warn(

/home/ryedida/smoothness-hpo/.venv/lib/python3.12/site-packages/sklearn/neural_network/_multilayer_perceptron.py:608: UserWarning: Got `batch_size` less than 1 or larger than sample size. It is going to be clipped
  warnings.warn(

/home/ryedida/smoothness-hpo/.venv/lib/python3.12/site-packages/sklearn/neural_network/_multilayer_perceptron.py:608: UserWarning: Got `batch_size` less than 1 or larger than sample size. It is going to be clipped
  warnings.warn(

computed signature: ([{'alpha': 0.019628224813442792, 'batch_size': 182, 'beta_1': 0.9410202200271762, 'beta_2': 0.9998021557676793, 'epsilon': 1.8662266976518e-08, 'hidden_layer_sizes': 147, 'learning_rate_init': 0.0005627932047415167, 'tol': 0.03690557729213761, 'validation_fraction': 0.8846827852548593}, {'alpha': 0.0019982467392329444, 'batch_size': 200, 'beta_1': 0.919111482530466, 'beta_2': 0.9998488260436156, 'epsilon': 5.981221901152555e-07, 'hidden_layer_sizes': 61, 'learning_rate_init': 2.2310905607443014e-05, 'tol': 1.2046852412030316e-05, 'validation_fraction': 0.8117896445826539}, {'alpha': 0.46659545670218433, 'batch_size': 219, 'beta_1': 0.9889789783750891, 'beta_2': 0.9999896868093284, 'epsilon': 2.4234724484675948e-08, 'hidden_layer_sizes': 167, 'learning_rate_init': 2.972334644335654e-05, 'tol': 0.0036281404040243792, 'validation_fraction': 0.17260651658522078}, {'alpha': 4.656005689076002, 'batch_size': 135, 'beta_1': 0.870503881627747, 'beta_2': 0.9948873266941017, 'epsilon': 2.1023308743480125e-07, 'hidden_layer_sizes': 118, 'learning_rate_init': 0.0018781738757161913, 'tol': 1.1889379831773004e-05, 'validation_fraction': 0.6264327093752792}, {'alpha': 0.04705159350400542, 'batch_size': 158, 'beta_1': 0.9870884262730957, 'beta_2': 0.9999596874382349, 'epsilon': 1.1981845126013875e-08, 'hidden_layer_sizes': 116, 'learning_rate_init': 0.00617340520407431, 'tol': 1.741413418158619e-05, 'validation_fraction': 0.6754299026638921}], [-0.41666666666666663, -0.275, -0.3416666666666667, -0.725, -0.875])
/home/ryedida/smoothness-hpo/.venv/lib/python3.12/site-packages/bayesmark/signatures.py:85: RuntimeWarning: Signature diverged on MLP-adam_iris_acc betwen [-0.52290909 -0.27918182 -0.34166667 -0.725      -0.91715152] and [-0.41666667 -0.275      -0.26133333 -0.68915152 -0.875     ]
  warnings.warn(

Signature errors:
                          0         1         2         3         4       max
MLP-adam_iris_acc  0.106242  0.004182  0.080333  0.035848  0.042152  0.106242
max                0.106242  0.004182  0.080333  0.035848  0.042152  0.106242
starting sklearn study dehb MLP-adam iris acc 15 1
with data root: None
suggestion time taken 0.001503 iter 0 next_points [Configuration(values={
  'alpha': 0.0006489170531,
  'batch_size': 219,
  'beta_1': 0.5511563488695,
  'beta_2': 0.9294357859708,
  'epsilon': 3.5557e-09,
  'hidden_layer_sizes': 68,
  'learning_rate_init': 0.0031604050332,
  'tol': 0.0013546462798,
  'validation_fraction': 0.2680002802829,
})]
/home/ryedida/smoothness-hpo/.venv/lib/python3.12/site-packages/sklearn/neural_network/_multilayer_perceptron.py:608: UserWarning: Got `batch_size` less than 1 or larger than sample size. It is going to be clipped
  warnings.warn(

function_evaluation time 0.107870 value -0.725000 suggestion Configuration(values={
  'alpha': 0.0006489170531,
  'batch_size': 219,
  'beta_1': 0.5511563488695,
  'beta_2': 0.9294357859708,
  'epsilon': 3.5557e-09,
  'hidden_layer_sizes': 68,
  'learning_rate_init': 0.0031604050332,
  'tol': 0.0013546462798,
  'validation_fraction': 0.2680002802829,
})
Failure in optimizer observe. Ignoring these observations.
list indices must be integers or slices, not str
Traceback (most recent call last):
  File "/home/ryedida/smoothness-hpo/.venv/lib/python3.12/site-packages/bayesmark/experiment.py", line 175, in run_study
    optimizer.observe(next_points, eval_list)
  File "/home/ryedida/smoothness-hpo/bbo_challenge_starter_kit/example_submissions/dehb/optimizer.py", line 88, in observe
    self.dehb.tell(X, y)
  File "/home/ryedida/smoothness-hpo/.venv/lib/python3.12/site-packages/dehb/optimizers/dehb.py", line 1007, in tell
    fitness, cost = float(result["fitness"]), float(result["cost"])
                          ~~~~~~^^^^^^^^^^^
TypeError: list indices must be integers or slices, not str
observation time 0.001233, current best -0.725000 at iter 0
suggestion time taken 0.001311 iter 1 next_points [Configuration(values={
  'alpha': 0.6921506397454,
  'batch_size': 34,
  'beta_1': 0.7190503659879,
  'beta_2': 0.9903977820856,
  'epsilon': 9.52274e-08,
  'hidden_layer_sizes': 76,
  'learning_rate_init': 4.23162895e-05,
  'tol': 0.0005577337429,
  'validation_fraction': 0.1088032342566,
})]
function_evaluation time 0.115233 value -0.291667 suggestion Configuration(values={
  'alpha': 0.6921506397454,
  'batch_size': 34,
  'beta_1': 0.7190503659879,
  'beta_2': 0.9903977820856,
  'epsilon': 9.52274e-08,
  'hidden_layer_sizes': 76,
  'learning_rate_init': 4.23162895e-05,
  'tol': 0.0005577337429,
  'validation_fraction': 0.1088032342566,
})
Failure in optimizer observe. Ignoring these observations.
list indices must be integers or slices, not str
Traceback (most recent call last):
  File "/home/ryedida/smoothness-hpo/.venv/lib/python3.12/site-packages/bayesmark/experiment.py", line 175, in run_study
    optimizer.observe(next_points, eval_list)
  File "/home/ryedida/smoothness-hpo/bbo_challenge_starter_kit/example_submissions/dehb/optimizer.py", line 88, in observe
    self.dehb.tell(X, y)
  File "/home/ryedida/smoothness-hpo/.venv/lib/python3.12/site-packages/dehb/optimizers/dehb.py", line 1007, in tell
    fitness, cost = float(result["fitness"]), float(result["cost"])
                          ~~~~~~^^^^^^^^^^^
TypeError: list indices must be integers or slices, not str
observation time 0.000785, current best -0.725000 at iter 1
suggestion time taken 0.001261 iter 2 next_points [Configuration(values={
  'alpha': 0.9662616167637,
  'batch_size': 196,
  'beta_1': 0.543841556806,
  'beta_2': 0.9873264171663,
  'epsilon': 2.0311e-09,
  'hidden_layer_sizes': 199,
  'learning_rate_init': 0.0001386117346,
  'tol': 0.0006148253997,
  'validation_fraction': 0.3715786194508,
})]
/home/ryedida/smoothness-hpo/.venv/lib/python3.12/site-packages/sklearn/neural_network/_multilayer_perceptron.py:608: UserWarning: Got `batch_size` less than 1 or larger than sample size. It is going to be clipped
  warnings.warn(

function_evaluation time 0.136908 value -0.325000 suggestion Configuration(values={
  'alpha': 0.9662616167637,
  'batch_size': 196,
  'beta_1': 0.543841556806,
  'beta_2': 0.9873264171663,
  'epsilon': 2.0311e-09,
  'hidden_layer_sizes': 199,
  'learning_rate_init': 0.0001386117346,
  'tol': 0.0006148253997,
  'validation_fraction': 0.3715786194508,
})
Failure in optimizer observe. Ignoring these observations.
list indices must be integers or slices, not str
Traceback (most recent call last):
  File "/home/ryedida/smoothness-hpo/.venv/lib/python3.12/site-packages/bayesmark/experiment.py", line 175, in run_study
    optimizer.observe(next_points, eval_list)
  File "/home/ryedida/smoothness-hpo/bbo_challenge_starter_kit/example_submissions/dehb/optimizer.py", line 88, in observe
    self.dehb.tell(X, y)
  File "/home/ryedida/smoothness-hpo/.venv/lib/python3.12/site-packages/dehb/optimizers/dehb.py", line 1007, in tell
    fitness, cost = float(result["fitness"]), float(result["cost"])
                          ~~~~~~^^^^^^^^^^^
TypeError: list indices must be integers or slices, not str
observation time 0.000678, current best -0.725000 at iter 2
suggestion time taken 0.001435 iter 3 next_points [Configuration(values={
  'alpha': 0.001085387306,
  'batch_size': 127,
  'beta_1': 0.5648077601723,
  'beta_2': 0.9023751993408,
  'epsilon': 3.23875e-08,
  'hidden_layer_sizes': 92,
  'learning_rate_init': 0.0033694545882,
  'tol': 0.0614520840294,
  'validation_fraction': 0.3902814114653,
})]
/home/ryedida/smoothness-hpo/.venv/lib/python3.12/site-packages/sklearn/neural_network/_multilayer_perceptron.py:608: UserWarning: Got `batch_size` less than 1 or larger than sample size. It is going to be clipped
  warnings.warn(

function_evaluation time 0.104629 value -0.716667 suggestion Configuration(values={
  'alpha': 0.001085387306,
  'batch_size': 127,
  'beta_1': 0.5648077601723,
  'beta_2': 0.9023751993408,
  'epsilon': 3.23875e-08,
  'hidden_layer_sizes': 92,
  'learning_rate_init': 0.0033694545882,
  'tol': 0.0614520840294,
  'validation_fraction': 0.3902814114653,
})
Failure in optimizer observe. Ignoring these observations.
list indices must be integers or slices, not str
Traceback (most recent call last):
  File "/home/ryedida/smoothness-hpo/.venv/lib/python3.12/site-packages/bayesmark/experiment.py", line 175, in run_study
    optimizer.observe(next_points, eval_list)
  File "/home/ryedida/smoothness-hpo/bbo_challenge_starter_kit/example_submissions/dehb/optimizer.py", line 88, in observe
    self.dehb.tell(X, y)
  File "/home/ryedida/smoothness-hpo/.venv/lib/python3.12/site-packages/dehb/optimizers/dehb.py", line 1007, in tell
    fitness, cost = float(result["fitness"]), float(result["cost"])
                          ~~~~~~^^^^^^^^^^^
TypeError: list indices must be integers or slices, not str
observation time 0.000716, current best -0.725000 at iter 3
suggestion time taken 0.001627 iter 4 next_points [Configuration(values={
  'alpha': 0.7140302831679,
  'batch_size': 200,
  'beta_1': 0.6073694298414,
  'beta_2': 0.9247997642326,
  'epsilon': 3.0434e-09,
  'hidden_layer_sizes': 74,
  'learning_rate_init': 0.0898395339807,
  'tol': 0.0160944306837,
  'validation_fraction': 0.696770598737,
})]
/home/ryedida/smoothness-hpo/.venv/lib/python3.12/site-packages/sklearn/neural_network/_multilayer_perceptron.py:608: UserWarning: Got `batch_size` less than 1 or larger than sample size. It is going to be clipped
  warnings.warn(

function_evaluation time 0.120737 value -0.958333 suggestion Configuration(values={
  'alpha': 0.7140302831679,
  'batch_size': 200,
  'beta_1': 0.6073694298414,
  'beta_2': 0.9247997642326,
  'epsilon': 3.0434e-09,
  'hidden_layer_sizes': 74,
  'learning_rate_init': 0.0898395339807,
  'tol': 0.0160944306837,
  'validation_fraction': 0.696770598737,
})
Failure in optimizer observe. Ignoring these observations.
list indices must be integers or slices, not str
Traceback (most recent call last):
  File "/home/ryedida/smoothness-hpo/.venv/lib/python3.12/site-packages/bayesmark/experiment.py", line 175, in run_study
    optimizer.observe(next_points, eval_list)
  File "/home/ryedida/smoothness-hpo/bbo_challenge_starter_kit/example_submissions/dehb/optimizer.py", line 88, in observe
    self.dehb.tell(X, y)
  File "/home/ryedida/smoothness-hpo/.venv/lib/python3.12/site-packages/dehb/optimizers/dehb.py", line 1007, in tell
    fitness, cost = float(result["fitness"]), float(result["cost"])
                          ~~~~~~^^^^^^^^^^^
TypeError: list indices must be integers or slices, not str
observation time 0.001362, current best -0.958333 at iter 4
suggestion time taken 0.001421 iter 5 next_points [Configuration(values={
  'alpha': 7.0715039243768,
  'batch_size': 83,
  'beta_1': 0.6649966548068,
  'beta_2': 0.9923410990235,
  'epsilon': 4.075932e-07,
  'hidden_layer_sizes': 90,
  'learning_rate_init': 0.0007157377765,
  'tol': 0.0035759530199,
  'validation_fraction': 0.4207013565531,
})]
/home/ryedida/smoothness-hpo/.venv/lib/python3.12/site-packages/sklearn/neural_network/_multilayer_perceptron.py:608: UserWarning: Got `batch_size` less than 1 or larger than sample size. It is going to be clipped
  warnings.warn(

function_evaluation time 0.107869 value -0.550000 suggestion Configuration(values={
  'alpha': 7.0715039243768,
  'batch_size': 83,
  'beta_1': 0.6649966548068,
  'beta_2': 0.9923410990235,
  'epsilon': 4.075932e-07,
  'hidden_layer_sizes': 90,
  'learning_rate_init': 0.0007157377765,
  'tol': 0.0035759530199,
  'validation_fraction': 0.4207013565531,
})
Failure in optimizer observe. Ignoring these observations.
list indices must be integers or slices, not str
Traceback (most recent call last):
  File "/home/ryedida/smoothness-hpo/.venv/lib/python3.12/site-packages/bayesmark/experiment.py", line 175, in run_study
    optimizer.observe(next_points, eval_list)
  File "/home/ryedida/smoothness-hpo/bbo_challenge_starter_kit/example_submissions/dehb/optimizer.py", line 88, in observe
    self.dehb.tell(X, y)
  File "/home/ryedida/smoothness-hpo/.venv/lib/python3.12/site-packages/dehb/optimizers/dehb.py", line 1007, in tell
    fitness, cost = float(result["fitness"]), float(result["cost"])
                          ~~~~~~^^^^^^^^^^^
TypeError: list indices must be integers or slices, not str
observation time 0.000661, current best -0.958333 at iter 5
suggestion time taken 0.001270 iter 6 next_points [Configuration(values={
  'alpha': 0.3258652724078,
  'batch_size': 172,
  'beta_1': 0.5672900638896,
  'beta_2': 0.9489963773008,
  'epsilon': 4.76486e-08,
  'hidden_layer_sizes': 62,
  'learning_rate_init': 0.0296496165025,
  'tol': 0.0196949907408,
  'validation_fraction': 0.247004176585,
})]
/home/ryedida/smoothness-hpo/.venv/lib/python3.12/site-packages/sklearn/neural_network/_multilayer_perceptron.py:608: UserWarning: Got `batch_size` less than 1 or larger than sample size. It is going to be clipped
  warnings.warn(

function_evaluation time 0.106785 value -0.925000 suggestion Configuration(values={
  'alpha': 0.3258652724078,
  'batch_size': 172,
  'beta_1': 0.5672900638896,
  'beta_2': 0.9489963773008,
  'epsilon': 4.76486e-08,
  'hidden_layer_sizes': 62,
  'learning_rate_init': 0.0296496165025,
  'tol': 0.0196949907408,
  'validation_fraction': 0.247004176585,
})
Failure in optimizer observe. Ignoring these observations.
list indices must be integers or slices, not str
Traceback (most recent call last):
  File "/home/ryedida/smoothness-hpo/.venv/lib/python3.12/site-packages/bayesmark/experiment.py", line 175, in run_study
    optimizer.observe(next_points, eval_list)
  File "/home/ryedida/smoothness-hpo/bbo_challenge_starter_kit/example_submissions/dehb/optimizer.py", line 88, in observe
    self.dehb.tell(X, y)
  File "/home/ryedida/smoothness-hpo/.venv/lib/python3.12/site-packages/dehb/optimizers/dehb.py", line 1007, in tell
    fitness, cost = float(result["fitness"]), float(result["cost"])
                          ~~~~~~^^^^^^^^^^^
TypeError: list indices must be integers or slices, not str
observation time 0.000659, current best -0.958333 at iter 6
suggestion time taken 0.001355 iter 7 next_points [Configuration(values={
  'alpha': 1.0254999834877,
  'batch_size': 219,
  'beta_1': 0.7327872600851,
  'beta_2': 0.9272511969102,
  'epsilon': 1.33407e-08,
  'hidden_layer_sizes': 50,
  'learning_rate_init': 2.2451627e-05,
  'tol': 0.0099158578657,
  'validation_fraction': 0.1879218266138,
})]
/home/ryedida/smoothness-hpo/.venv/lib/python3.12/site-packages/sklearn/neural_network/_multilayer_perceptron.py:608: UserWarning: Got `batch_size` less than 1 or larger than sample size. It is going to be clipped
  warnings.warn(

function_evaluation time 0.071539 value -0.225000 suggestion Configuration(values={
  'alpha': 1.0254999834877,
  'batch_size': 219,
  'beta_1': 0.7327872600851,
  'beta_2': 0.9272511969102,
  'epsilon': 1.33407e-08,
  'hidden_layer_sizes': 50,
  'learning_rate_init': 2.2451627e-05,
  'tol': 0.0099158578657,
  'validation_fraction': 0.1879218266138,
})
Failure in optimizer observe. Ignoring these observations.
list indices must be integers or slices, not str
Traceback (most recent call last):
  File "/home/ryedida/smoothness-hpo/.venv/lib/python3.12/site-packages/bayesmark/experiment.py", line 175, in run_study
    optimizer.observe(next_points, eval_list)
  File "/home/ryedida/smoothness-hpo/bbo_challenge_starter_kit/example_submissions/dehb/optimizer.py", line 88, in observe
    self.dehb.tell(X, y)
  File "/home/ryedida/smoothness-hpo/.venv/lib/python3.12/site-packages/dehb/optimizers/dehb.py", line 1007, in tell
    fitness, cost = float(result["fitness"]), float(result["cost"])
                          ~~~~~~^^^^^^^^^^^
TypeError: list indices must be integers or slices, not str
observation time 0.000644, current best -0.958333 at iter 7
suggestion time taken 0.001344 iter 8 next_points [Configuration(values={
  'alpha': 0.0012926450132,
  'batch_size': 56,
  'beta_1': 0.6226704174573,
  'beta_2': 0.9907228369663,
  'epsilon': 2.3007e-09,
  'hidden_layer_sizes': 104,
  'learning_rate_init': 7.6484559e-05,
  'tol': 0.0369034842001,
  'validation_fraction': 0.1927776731961,
})]
function_evaluation time 0.114253 value -0.383333 suggestion Configuration(values={
  'alpha': 0.0012926450132,
  'batch_size': 56,
  'beta_1': 0.6226704174573,
  'beta_2': 0.9907228369663,
  'epsilon': 2.3007e-09,
  'hidden_layer_sizes': 104,
  'learning_rate_init': 7.6484559e-05,
  'tol': 0.0369034842001,
  'validation_fraction': 0.1927776731961,
})
Failure in optimizer observe. Ignoring these observations.
list indices must be integers or slices, not str
Traceback (most recent call last):
  File "/home/ryedida/smoothness-hpo/.venv/lib/python3.12/site-packages/bayesmark/experiment.py", line 175, in run_study
    optimizer.observe(next_points, eval_list)
  File "/home/ryedida/smoothness-hpo/bbo_challenge_starter_kit/example_submissions/dehb/optimizer.py", line 88, in observe
    self.dehb.tell(X, y)
  File "/home/ryedida/smoothness-hpo/.venv/lib/python3.12/site-packages/dehb/optimizers/dehb.py", line 1007, in tell
    fitness, cost = float(result["fitness"]), float(result["cost"])
                          ~~~~~~^^^^^^^^^^^
TypeError: list indices must be integers or slices, not str
observation time 0.000657, current best -0.958333 at iter 8
suggestion time taken 0.001999 iter 9 next_points [Configuration(values={
  'alpha': 0.0006867451461,
  'batch_size': 240,
  'beta_1': 0.8686928204158,
  'beta_2': 0.9231886730536,
  'epsilon': 6.7923e-09,
  'hidden_layer_sizes': 187,
  'learning_rate_init': 0.0002816674505,
  'tol': 0.0003356280505,
  'validation_fraction': 0.7183121969081,
})]
/home/ryedida/smoothness-hpo/.venv/lib/python3.12/site-packages/sklearn/neural_network/_multilayer_perceptron.py:608: UserWarning: Got `batch_size` less than 1 or larger than sample size. It is going to be clipped
  warnings.warn(

function_evaluation time 0.094357 value -0.383333 suggestion Configuration(values={
  'alpha': 0.0006867451461,
  'batch_size': 240,
  'beta_1': 0.8686928204158,
  'beta_2': 0.9231886730536,
  'epsilon': 6.7923e-09,
  'hidden_layer_sizes': 187,
  'learning_rate_init': 0.0002816674505,
  'tol': 0.0003356280505,
  'validation_fraction': 0.7183121969081,
})
Failure in optimizer observe. Ignoring these observations.
list indices must be integers or slices, not str
Traceback (most recent call last):
  File "/home/ryedida/smoothness-hpo/.venv/lib/python3.12/site-packages/bayesmark/experiment.py", line 175, in run_study
    optimizer.observe(next_points, eval_list)
  File "/home/ryedida/smoothness-hpo/bbo_challenge_starter_kit/example_submissions/dehb/optimizer.py", line 88, in observe
    self.dehb.tell(X, y)
  File "/home/ryedida/smoothness-hpo/.venv/lib/python3.12/site-packages/dehb/optimizers/dehb.py", line 1007, in tell
    fitness, cost = float(result["fitness"]), float(result["cost"])
                          ~~~~~~^^^^^^^^^^^
TypeError: list indices must be integers or slices, not str
observation time 0.000670, current best -0.958333 at iter 9
suggestion time taken 0.001857 iter 10 next_points [Configuration(values={
  'alpha': 0.0012277446093,
  'batch_size': 112,
  'beta_1': 0.7598000609608,
  'beta_2': 0.9444318711246,
  'epsilon': 1.422341e-07,
  'hidden_layer_sizes': 60,
  'learning_rate_init': 0.0014365482901,
  'tol': 2.30765168e-05,
  'validation_fraction': 0.8854132383042,
})]
/home/ryedida/smoothness-hpo/.venv/lib/python3.12/site-packages/sklearn/neural_network/_multilayer_perceptron.py:608: UserWarning: Got `batch_size` less than 1 or larger than sample size. It is going to be clipped
  warnings.warn(

function_evaluation time 0.133758 value -0.591667 suggestion Configuration(values={
  'alpha': 0.0012277446093,
  'batch_size': 112,
  'beta_1': 0.7598000609608,
  'beta_2': 0.9444318711246,
  'epsilon': 1.422341e-07,
  'hidden_layer_sizes': 60,
  'learning_rate_init': 0.0014365482901,
  'tol': 2.30765168e-05,
  'validation_fraction': 0.8854132383042,
})
Failure in optimizer observe. Ignoring these observations.
list indices must be integers or slices, not str
Traceback (most recent call last):
  File "/home/ryedida/smoothness-hpo/.venv/lib/python3.12/site-packages/bayesmark/experiment.py", line 175, in run_study
    optimizer.observe(next_points, eval_list)
  File "/home/ryedida/smoothness-hpo/bbo_challenge_starter_kit/example_submissions/dehb/optimizer.py", line 88, in observe
    self.dehb.tell(X, y)
  File "/home/ryedida/smoothness-hpo/.venv/lib/python3.12/site-packages/dehb/optimizers/dehb.py", line 1007, in tell
    fitness, cost = float(result["fitness"]), float(result["cost"])
                          ~~~~~~^^^^^^^^^^^
TypeError: list indices must be integers or slices, not str
observation time 0.001828, current best -0.958333 at iter 10
suggestion time taken 0.002012 iter 11 next_points [Configuration(values={
  'alpha': 0.001356650941,
  'batch_size': 138,
  'beta_1': 0.9624727394748,
  'beta_2': 0.922747327089,
  'epsilon': 3.30801e-08,
  'hidden_layer_sizes': 166,
  'learning_rate_init': 0.0002000873431,
  'tol': 0.0241117803306,
  'validation_fraction': 0.3242047802618,
})]
/home/ryedida/smoothness-hpo/.venv/lib/python3.12/site-packages/sklearn/neural_network/_multilayer_perceptron.py:608: UserWarning: Got `batch_size` less than 1 or larger than sample size. It is going to be clipped
  warnings.warn(

function_evaluation time 0.093300 value -0.425000 suggestion Configuration(values={
  'alpha': 0.001356650941,
  'batch_size': 138,
  'beta_1': 0.9624727394748,
  'beta_2': 0.922747327089,
  'epsilon': 3.30801e-08,
  'hidden_layer_sizes': 166,
  'learning_rate_init': 0.0002000873431,
  'tol': 0.0241117803306,
  'validation_fraction': 0.3242047802618,
})
Failure in optimizer observe. Ignoring these observations.
list indices must be integers or slices, not str
Traceback (most recent call last):
  File "/home/ryedida/smoothness-hpo/.venv/lib/python3.12/site-packages/bayesmark/experiment.py", line 175, in run_study
    optimizer.observe(next_points, eval_list)
  File "/home/ryedida/smoothness-hpo/bbo_challenge_starter_kit/example_submissions/dehb/optimizer.py", line 88, in observe
    self.dehb.tell(X, y)
  File "/home/ryedida/smoothness-hpo/.venv/lib/python3.12/site-packages/dehb/optimizers/dehb.py", line 1007, in tell
    fitness, cost = float(result["fitness"]), float(result["cost"])
                          ~~~~~~^^^^^^^^^^^
TypeError: list indices must be integers or slices, not str
observation time 0.000735, current best -0.958333 at iter 11
suggestion time taken 0.002150 iter 12 next_points [Configuration(values={
  'alpha': 2.3275158324852,
  'batch_size': 124,
  'beta_1': 0.8081452428759,
  'beta_2': 0.9592922026496,
  'epsilon': 4.29816e-08,
  'hidden_layer_sizes': 184,
  'learning_rate_init': 0.0625875677809,
  'tol': 0.0374955717591,
  'validation_fraction': 0.2238929566736,
})]
/home/ryedida/smoothness-hpo/.venv/lib/python3.12/site-packages/sklearn/neural_network/_multilayer_perceptron.py:608: UserWarning: Got `batch_size` less than 1 or larger than sample size. It is going to be clipped
  warnings.warn(

function_evaluation time 0.166255 value -0.925000 suggestion Configuration(values={
  'alpha': 2.3275158324852,
  'batch_size': 124,
  'beta_1': 0.8081452428759,
  'beta_2': 0.9592922026496,
  'epsilon': 4.29816e-08,
  'hidden_layer_sizes': 184,
  'learning_rate_init': 0.0625875677809,
  'tol': 0.0374955717591,
  'validation_fraction': 0.2238929566736,
})
Failure in optimizer observe. Ignoring these observations.
list indices must be integers or slices, not str
Traceback (most recent call last):
  File "/home/ryedida/smoothness-hpo/.venv/lib/python3.12/site-packages/bayesmark/experiment.py", line 175, in run_study
    optimizer.observe(next_points, eval_list)
  File "/home/ryedida/smoothness-hpo/bbo_challenge_starter_kit/example_submissions/dehb/optimizer.py", line 88, in observe
    self.dehb.tell(X, y)
  File "/home/ryedida/smoothness-hpo/.venv/lib/python3.12/site-packages/dehb/optimizers/dehb.py", line 1007, in tell
    fitness, cost = float(result["fitness"]), float(result["cost"])
                          ~~~~~~^^^^^^^^^^^
TypeError: list indices must be integers or slices, not str
observation time 0.000684, current best -0.958333 at iter 12
suggestion time taken 0.001984 iter 13 next_points [Configuration(values={
  'alpha': 0.0150742546045,
  'batch_size': 53,
  'beta_1': 0.6743473689361,
  'beta_2': 0.9302148101813,
  'epsilon': 3.059385e-07,
  'hidden_layer_sizes': 95,
  'learning_rate_init': 0.0033871476692,
  'tol': 0.0010615142719,
  'validation_fraction': 0.4680331123268,
})]
function_evaluation time 0.187294 value -0.875000 suggestion Configuration(values={
  'alpha': 0.0150742546045,
  'batch_size': 53,
  'beta_1': 0.6743473689361,
  'beta_2': 0.9302148101813,
  'epsilon': 3.059385e-07,
  'hidden_layer_sizes': 95,
  'learning_rate_init': 0.0033871476692,
  'tol': 0.0010615142719,
  'validation_fraction': 0.4680331123268,
})
Failure in optimizer observe. Ignoring these observations.
list indices must be integers or slices, not str
Traceback (most recent call last):
  File "/home/ryedida/smoothness-hpo/.venv/lib/python3.12/site-packages/bayesmark/experiment.py", line 175, in run_study
    optimizer.observe(next_points, eval_list)
  File "/home/ryedida/smoothness-hpo/bbo_challenge_starter_kit/example_submissions/dehb/optimizer.py", line 88, in observe
    self.dehb.tell(X, y)
  File "/home/ryedida/smoothness-hpo/.venv/lib/python3.12/site-packages/dehb/optimizers/dehb.py", line 1007, in tell
    fitness, cost = float(result["fitness"]), float(result["cost"])
                          ~~~~~~^^^^^^^^^^^
TypeError: list indices must be integers or slices, not str
observation time 0.000711, current best -0.958333 at iter 13
suggestion time taken 0.001940 iter 14 next_points [Configuration(values={
  'alpha': 8.4773461116028,
  'batch_size': 146,
  'beta_1': 0.9070204659724,
  'beta_2': 0.9693688402489,
  'epsilon': 2.924632e-07,
  'hidden_layer_sizes': 168,
  'learning_rate_init': 0.0080865856838,
  'tol': 0.0001782711105,
  'validation_fraction': 0.3936766684448,
})]
/home/ryedida/smoothness-hpo/.venv/lib/python3.12/site-packages/sklearn/neural_network/_multilayer_perceptron.py:608: UserWarning: Got `batch_size` less than 1 or larger than sample size. It is going to be clipped
  warnings.warn(

function_evaluation time 0.156787 value -0.891667 suggestion Configuration(values={
  'alpha': 8.4773461116028,
  'batch_size': 146,
  'beta_1': 0.9070204659724,
  'beta_2': 0.9693688402489,
  'epsilon': 2.924632e-07,
  'hidden_layer_sizes': 168,
  'learning_rate_init': 0.0080865856838,
  'tol': 0.0001782711105,
  'validation_fraction': 0.3936766684448,
})
Failure in optimizer observe. Ignoring these observations.
list indices must be integers or slices, not str
Traceback (most recent call last):
  File "/home/ryedida/smoothness-hpo/.venv/lib/python3.12/site-packages/bayesmark/experiment.py", line 175, in run_study
    optimizer.observe(next_points, eval_list)
  File "/home/ryedida/smoothness-hpo/bbo_challenge_starter_kit/example_submissions/dehb/optimizer.py", line 88, in observe
    self.dehb.tell(X, y)
  File "/home/ryedida/smoothness-hpo/.venv/lib/python3.12/site-packages/dehb/optimizers/dehb.py", line 1007, in tell
    fitness, cost = float(result["fitness"]), float(result["cost"])
                          ~~~~~~^^^^^^^^^^^
TypeError: list indices must be integers or slices, not str
observation time 0.000703, current best -0.958333 at iter 14
saving meta data: {'args': {'--uuid': '798a5ed3d68058c9a810990ffd162a54', '-db-root': '/home/ryedida/smoothness-hpo/bbo_challenge_starter_kit/output', '--opt-root': '/home/ryedida/smoothness-hpo/bbo_challenge_starter_kit/example_submissions', '--data-root': None, '--db': 'run_20241104_034646', '--opt': 'dehb', '--data': 'iris', '--classifier': 'MLP-adam', '--metric': 'acc', '--calls': 15, '--suggestions': 1, '--jobs-file': None, '--verbose': False, 'dry_run': False, 'rev': 'a376313', 'opt_rev': '0.0.8'}, 'signature': ([{'alpha': 0.019628224813442792, 'batch_size': 182, 'beta_1': 0.9410202200271762, 'beta_2': 0.9998021557676793, 'epsilon': 1.8662266976518e-08, 'hidden_layer_sizes': 147, 'learning_rate_init': 0.0005627932047415167, 'tol': 0.03690557729213761, 'validation_fraction': 0.8846827852548593}, {'alpha': 0.0019982467392329444, 'batch_size': 200, 'beta_1': 0.919111482530466, 'beta_2': 0.9998488260436156, 'epsilon': 5.981221901152555e-07, 'hidden_layer_sizes': 61, 'learning_rate_init': 2.2310905607443014e-05, 'tol': 1.2046852412030316e-05, 'validation_fraction': 0.8117896445826539}, {'alpha': 0.46659545670218433, 'batch_size': 219, 'beta_1': 0.9889789783750891, 'beta_2': 0.9999896868093284, 'epsilon': 2.4234724484675948e-08, 'hidden_layer_sizes': 167, 'learning_rate_init': 2.972334644335654e-05, 'tol': 0.0036281404040243792, 'validation_fraction': 0.17260651658522078}, {'alpha': 4.656005689076002, 'batch_size': 135, 'beta_1': 0.870503881627747, 'beta_2': 0.9948873266941017, 'epsilon': 2.1023308743480125e-07, 'hidden_layer_sizes': 118, 'learning_rate_init': 0.0018781738757161913, 'tol': 1.1889379831773004e-05, 'validation_fraction': 0.6264327093752792}, {'alpha': 0.04705159350400542, 'batch_size': 158, 'beta_1': 0.9870884262730957, 'beta_2': 0.9999596874382349, 'epsilon': 1.1981845126013875e-08, 'hidden_layer_sizes': 116, 'learning_rate_init': 0.00617340520407431, 'tol': 1.741413418158619e-05, 'validation_fraction': 0.6754299026638921}], [-0.41666666666666663, -0.275, -0.3416666666666667, -0.725, -0.875])}
saving results
saving timing
saving suggest log
done
