running: {'--uuid': 'a9d31816bbbc5424be8bbdc689d2a61f', '-db-root': '/home/ryedida/smoothness-hpo/bbo_challenge_starter_kit/output', '--opt-root': '/home/ryedida/smoothness-hpo/bbo_challenge_starter_kit/example_submissions', '--data-root': None, '--db': 'run_20241104_045201', '--opt': 'dehb', '--data': 'digits', '--classifier': 'MLP-adam', '--metric': 'acc', '--calls': 15, '--suggestions': 1, '--jobs-file': None, '--verbose': False, 'dry_run': False, 'rev': 'a376313', 'opt_rev': '0.0.8'}
cmd: python dehb/optimizer.py -c MLP-adam -d digits -o dehb -u a9d31816bbbc5424be8bbdc689d2a61f -m acc -n 15 -p 1 -dir /home/ryedida/smoothness-hpo/bbo_challenge_starter_kit/output -b run_20241104_045201
/home/ryedida/smoothness-hpo/.venv/lib/python3.12/site-packages/sklearn/neural_network/_multilayer_perceptron.py:608: UserWarning: Got `batch_size` less than 1 or larger than sample size. It is going to be clipped
  warnings.warn(

/home/ryedida/smoothness-hpo/.venv/lib/python3.12/site-packages/sklearn/neural_network/_multilayer_perceptron.py:690: ConvergenceWarning: Stochastic Optimizer: Maximum iterations (200) reached and the optimization hasn't converged yet.
  warnings.warn(

computed signature: ([{'alpha': 0.019628224813442792, 'batch_size': 182, 'beta_1': 0.9410202200271762, 'beta_2': 0.9998021557676793, 'epsilon': 1.8662266976518e-08, 'hidden_layer_sizes': 147, 'learning_rate_init': 0.0005627932047415167, 'tol': 0.03690557729213761, 'validation_fraction': 0.8846827852548593}, {'alpha': 0.0019982467392329444, 'batch_size': 200, 'beta_1': 0.919111482530466, 'beta_2': 0.9998488260436156, 'epsilon': 5.981221901152555e-07, 'hidden_layer_sizes': 61, 'learning_rate_init': 2.2310905607443014e-05, 'tol': 1.2046852412030316e-05, 'validation_fraction': 0.8117896445826539}, {'alpha': 0.46659545670218433, 'batch_size': 219, 'beta_1': 0.9889789783750891, 'beta_2': 0.9999896868093284, 'epsilon': 2.4234724484675948e-08, 'hidden_layer_sizes': 167, 'learning_rate_init': 2.972334644335654e-05, 'tol': 0.0036281404040243792, 'validation_fraction': 0.17260651658522078}, {'alpha': 4.656005689076002, 'batch_size': 135, 'beta_1': 0.870503881627747, 'beta_2': 0.9948873266941017, 'epsilon': 2.1023308743480125e-07, 'hidden_layer_sizes': 118, 'learning_rate_init': 0.0018781738757161913, 'tol': 1.1889379831773004e-05, 'validation_fraction': 0.6264327093752792}, {'alpha': 0.04705159350400542, 'batch_size': 158, 'beta_1': 0.9870884262730957, 'beta_2': 0.9999596874382349, 'epsilon': 1.1981845126013875e-08, 'hidden_layer_sizes': 116, 'learning_rate_init': 0.00617340520407431, 'tol': 1.741413418158619e-05, 'validation_fraction': 0.6754299026638921}], [-0.21081107239643826, -0.1295489740611692, -0.27999177313201706, -0.9422522260936896, -0.9332050909794812])
/home/ryedida/smoothness-hpo/.venv/lib/python3.12/site-packages/bayesmark/signatures.py:85: RuntimeWarning: Signature diverged on MLP-adam_digits_acc betwen [-0.2181506  -0.12954897 -0.42701514 -0.94997127 -0.93320509] and [-0.21081107 -0.11575494 -0.27999177 -0.94225223 -0.93253861]
  warnings.warn(

Signature errors:
                           0         1         2         3         4       max
MLP-adam_digits_acc  0.00734  0.013794  0.147023  0.007719  0.000666  0.147023
max                  0.00734  0.013794  0.147023  0.007719  0.000666  0.147023
starting sklearn study dehb MLP-adam digits acc 15 1
with data root: None
suggestion time taken 0.001486 iter 0 next_points [Configuration(values={
  'alpha': 0.0072590336152,
  'batch_size': 94,
  'beta_1': 0.9572016348222,
  'beta_2': 0.956532544229,
  'epsilon': 3.731977e-07,
  'hidden_layer_sizes': 69,
  'learning_rate_init': 1.13740484e-05,
  'tol': 0.010006884214,
  'validation_fraction': 0.1026837718097,
})]
function_evaluation time 1.016986 value -0.114104 suggestion Configuration(values={
  'alpha': 0.0072590336152,
  'batch_size': 94,
  'beta_1': 0.9572016348222,
  'beta_2': 0.956532544229,
  'epsilon': 3.731977e-07,
  'hidden_layer_sizes': 69,
  'learning_rate_init': 1.13740484e-05,
  'tol': 0.010006884214,
  'validation_fraction': 0.1026837718097,
})
Failure in optimizer observe. Ignoring these observations.
list indices must be integers or slices, not str
Traceback (most recent call last):
  File "/home/ryedida/smoothness-hpo/.venv/lib/python3.12/site-packages/bayesmark/experiment.py", line 175, in run_study
    optimizer.observe(next_points, eval_list)
  File "/home/ryedida/smoothness-hpo/bbo_challenge_starter_kit/example_submissions/dehb/optimizer.py", line 88, in observe
    self.dehb.tell(X, y)
  File "/home/ryedida/smoothness-hpo/.venv/lib/python3.12/site-packages/dehb/optimizers/dehb.py", line 1007, in tell
    fitness, cost = float(result["fitness"]), float(result["cost"])
                          ~~~~~~^^^^^^^^^^^
TypeError: list indices must be integers or slices, not str
observation time 0.001167, current best -0.114104 at iter 0
suggestion time taken 0.001333 iter 1 next_points [Configuration(values={
  'alpha': 0.3121094564189,
  'batch_size': 171,
  'beta_1': 0.92534364773,
  'beta_2': 0.9437261583274,
  'epsilon': 8.296238e-07,
  'hidden_layer_sizes': 175,
  'learning_rate_init': 0.0009671177037,
  'tol': 1.73892754e-05,
  'validation_fraction': 0.2070987097629,
})]
function_evaluation time 3.948077 value -0.970088 suggestion Configuration(values={
  'alpha': 0.3121094564189,
  'batch_size': 171,
  'beta_1': 0.92534364773,
  'beta_2': 0.9437261583274,
  'epsilon': 8.296238e-07,
  'hidden_layer_sizes': 175,
  'learning_rate_init': 0.0009671177037,
  'tol': 1.73892754e-05,
  'validation_fraction': 0.2070987097629,
})
Failure in optimizer observe. Ignoring these observations.
list indices must be integers or slices, not str
Traceback (most recent call last):
  File "/home/ryedida/smoothness-hpo/.venv/lib/python3.12/site-packages/bayesmark/experiment.py", line 175, in run_study
    optimizer.observe(next_points, eval_list)
  File "/home/ryedida/smoothness-hpo/bbo_challenge_starter_kit/example_submissions/dehb/optimizer.py", line 88, in observe
    self.dehb.tell(X, y)
  File "/home/ryedida/smoothness-hpo/.venv/lib/python3.12/site-packages/dehb/optimizers/dehb.py", line 1007, in tell
    fitness, cost = float(result["fitness"]), float(result["cost"])
                          ~~~~~~^^^^^^^^^^^
TypeError: list indices must be integers or slices, not str
observation time 0.000711, current best -0.970088 at iter 1
suggestion time taken 0.001288 iter 2 next_points [Configuration(values={
  'alpha': 0.0006587214002,
  'batch_size': 126,
  'beta_1': 0.7737637147843,
  'beta_2': 0.9252432374997,
  'epsilon': 1.210152e-07,
  'hidden_layer_sizes': 162,
  'learning_rate_init': 0.0007754994694,
  'tol': 0.0026723953689,
  'validation_fraction': 0.2402321107044,
})]
function_evaluation time 3.989857 value -0.967301 suggestion Configuration(values={
  'alpha': 0.0006587214002,
  'batch_size': 126,
  'beta_1': 0.7737637147843,
  'beta_2': 0.9252432374997,
  'epsilon': 1.210152e-07,
  'hidden_layer_sizes': 162,
  'learning_rate_init': 0.0007754994694,
  'tol': 0.0026723953689,
  'validation_fraction': 0.2402321107044,
})
Failure in optimizer observe. Ignoring these observations.
list indices must be integers or slices, not str
Traceback (most recent call last):
  File "/home/ryedida/smoothness-hpo/.venv/lib/python3.12/site-packages/bayesmark/experiment.py", line 175, in run_study
    optimizer.observe(next_points, eval_list)
  File "/home/ryedida/smoothness-hpo/bbo_challenge_starter_kit/example_submissions/dehb/optimizer.py", line 88, in observe
    self.dehb.tell(X, y)
  File "/home/ryedida/smoothness-hpo/.venv/lib/python3.12/site-packages/dehb/optimizers/dehb.py", line 1007, in tell
    fitness, cost = float(result["fitness"]), float(result["cost"])
                          ~~~~~~^^^^^^^^^^^
TypeError: list indices must be integers or slices, not str
observation time 0.001096, current best -0.970088 at iter 2
suggestion time taken 0.001281 iter 3 next_points [Configuration(values={
  'alpha': 4.2942596088253,
  'batch_size': 174,
  'beta_1': 0.6906926142498,
  'beta_2': 0.9032858554234,
  'epsilon': 3.6487e-09,
  'hidden_layer_sizes': 144,
  'learning_rate_init': 0.0114393912852,
  'tol': 0.0222659926811,
  'validation_fraction': 0.5178918326677,
})]
function_evaluation time 1.088408 value -0.951309 suggestion Configuration(values={
  'alpha': 4.2942596088253,
  'batch_size': 174,
  'beta_1': 0.6906926142498,
  'beta_2': 0.9032858554234,
  'epsilon': 3.6487e-09,
  'hidden_layer_sizes': 144,
  'learning_rate_init': 0.0114393912852,
  'tol': 0.0222659926811,
  'validation_fraction': 0.5178918326677,
})
Failure in optimizer observe. Ignoring these observations.
list indices must be integers or slices, not str
Traceback (most recent call last):
  File "/home/ryedida/smoothness-hpo/.venv/lib/python3.12/site-packages/bayesmark/experiment.py", line 175, in run_study
    optimizer.observe(next_points, eval_list)
  File "/home/ryedida/smoothness-hpo/bbo_challenge_starter_kit/example_submissions/dehb/optimizer.py", line 88, in observe
    self.dehb.tell(X, y)
  File "/home/ryedida/smoothness-hpo/.venv/lib/python3.12/site-packages/dehb/optimizers/dehb.py", line 1007, in tell
    fitness, cost = float(result["fitness"]), float(result["cost"])
                          ~~~~~~^^^^^^^^^^^
TypeError: list indices must be integers or slices, not str
observation time 0.000758, current best -0.970088 at iter 3
suggestion time taken 0.001343 iter 4 next_points [Configuration(values={
  'alpha': 0.0010492457496,
  'batch_size': 178,
  'beta_1': 0.8317605367324,
  'beta_2': 0.9273024967537,
  'epsilon': 9.1228e-09,
  'hidden_layer_sizes': 158,
  'learning_rate_init': 0.0239064438184,
  'tol': 0.0001524315797,
  'validation_fraction': 0.6347937636827,
})]
function_evaluation time 1.851513 value -0.945729 suggestion Configuration(values={
  'alpha': 0.0010492457496,
  'batch_size': 178,
  'beta_1': 0.8317605367324,
  'beta_2': 0.9273024967537,
  'epsilon': 9.1228e-09,
  'hidden_layer_sizes': 158,
  'learning_rate_init': 0.0239064438184,
  'tol': 0.0001524315797,
  'validation_fraction': 0.6347937636827,
})
Failure in optimizer observe. Ignoring these observations.
list indices must be integers or slices, not str
Traceback (most recent call last):
  File "/home/ryedida/smoothness-hpo/.venv/lib/python3.12/site-packages/bayesmark/experiment.py", line 175, in run_study
    optimizer.observe(next_points, eval_list)
  File "/home/ryedida/smoothness-hpo/bbo_challenge_starter_kit/example_submissions/dehb/optimizer.py", line 88, in observe
    self.dehb.tell(X, y)
  File "/home/ryedida/smoothness-hpo/.venv/lib/python3.12/site-packages/dehb/optimizers/dehb.py", line 1007, in tell
    fitness, cost = float(result["fitness"]), float(result["cost"])
                          ~~~~~~^^^^^^^^^^^
TypeError: list indices must be integers or slices, not str
observation time 0.000657, current best -0.970088 at iter 4
suggestion time taken 0.001273 iter 5 next_points [Configuration(values={
  'alpha': 0.9234877141049,
  'batch_size': 216,
  'beta_1': 0.5992980923642,
  'beta_2': 0.9701750827451,
  'epsilon': 3.33045e-08,
  'hidden_layer_sizes': 181,
  'learning_rate_init': 8.05086654e-05,
  'tol': 2.70573158e-05,
  'validation_fraction': 0.2599465157633,
})]
function_evaluation time 11.385235 value -0.942942 suggestion Configuration(values={
  'alpha': 0.9234877141049,
  'batch_size': 216,
  'beta_1': 0.5992980923642,
  'beta_2': 0.9701750827451,
  'epsilon': 3.33045e-08,
  'hidden_layer_sizes': 181,
  'learning_rate_init': 8.05086654e-05,
  'tol': 2.70573158e-05,
  'validation_fraction': 0.2599465157633,
})
Failure in optimizer observe. Ignoring these observations.
list indices must be integers or slices, not str
Traceback (most recent call last):
  File "/home/ryedida/smoothness-hpo/.venv/lib/python3.12/site-packages/bayesmark/experiment.py", line 175, in run_study
    optimizer.observe(next_points, eval_list)
  File "/home/ryedida/smoothness-hpo/bbo_challenge_starter_kit/example_submissions/dehb/optimizer.py", line 88, in observe
    self.dehb.tell(X, y)
  File "/home/ryedida/smoothness-hpo/.venv/lib/python3.12/site-packages/dehb/optimizers/dehb.py", line 1007, in tell
    fitness, cost = float(result["fitness"]), float(result["cost"])
                          ~~~~~~^^^^^^^^^^^
TypeError: list indices must be integers or slices, not str
observation time 0.000739, current best -0.970088 at iter 5
suggestion time taken 0.001429 iter 6 next_points [Configuration(values={
  'alpha': 0.0001605745569,
  'batch_size': 180,
  'beta_1': 0.6999835760234,
  'beta_2': 0.9778112855188,
  'epsilon': 9.71519e-08,
  'hidden_layer_sizes': 106,
  'learning_rate_init': 0.0175180373509,
  'tol': 0.001878310618,
  'validation_fraction': 0.3111462506657,
})]
function_evaluation time 2.366789 value -0.959640 suggestion Configuration(values={
  'alpha': 0.0001605745569,
  'batch_size': 180,
  'beta_1': 0.6999835760234,
  'beta_2': 0.9778112855188,
  'epsilon': 9.71519e-08,
  'hidden_layer_sizes': 106,
  'learning_rate_init': 0.0175180373509,
  'tol': 0.001878310618,
  'validation_fraction': 0.3111462506657,
})
Failure in optimizer observe. Ignoring these observations.
list indices must be integers or slices, not str
Traceback (most recent call last):
  File "/home/ryedida/smoothness-hpo/.venv/lib/python3.12/site-packages/bayesmark/experiment.py", line 175, in run_study
    optimizer.observe(next_points, eval_list)
  File "/home/ryedida/smoothness-hpo/bbo_challenge_starter_kit/example_submissions/dehb/optimizer.py", line 88, in observe
    self.dehb.tell(X, y)
  File "/home/ryedida/smoothness-hpo/.venv/lib/python3.12/site-packages/dehb/optimizers/dehb.py", line 1007, in tell
    fitness, cost = float(result["fitness"]), float(result["cost"])
                          ~~~~~~^^^^^^^^^^^
TypeError: list indices must be integers or slices, not str
observation time 0.000684, current best -0.970088 at iter 6
suggestion time taken 0.001318 iter 7 next_points [Configuration(values={
  'alpha': 0.0242323573623,
  'batch_size': 83,
  'beta_1': 0.5954729027007,
  'beta_2': 0.9622830817424,
  'epsilon': 3.1914e-08,
  'hidden_layer_sizes': 154,
  'learning_rate_init': 0.0063022858496,
  'tol': 0.0274724504743,
  'validation_fraction': 0.3798935250929,
})]
function_evaluation time 1.580266 value -0.967291 suggestion Configuration(values={
  'alpha': 0.0242323573623,
  'batch_size': 83,
  'beta_1': 0.5954729027007,
  'beta_2': 0.9622830817424,
  'epsilon': 3.1914e-08,
  'hidden_layer_sizes': 154,
  'learning_rate_init': 0.0063022858496,
  'tol': 0.0274724504743,
  'validation_fraction': 0.3798935250929,
})
Failure in optimizer observe. Ignoring these observations.
list indices must be integers or slices, not str
Traceback (most recent call last):
  File "/home/ryedida/smoothness-hpo/.venv/lib/python3.12/site-packages/bayesmark/experiment.py", line 175, in run_study
    optimizer.observe(next_points, eval_list)
  File "/home/ryedida/smoothness-hpo/bbo_challenge_starter_kit/example_submissions/dehb/optimizer.py", line 88, in observe
    self.dehb.tell(X, y)
  File "/home/ryedida/smoothness-hpo/.venv/lib/python3.12/site-packages/dehb/optimizers/dehb.py", line 1007, in tell
    fitness, cost = float(result["fitness"]), float(result["cost"])
                          ~~~~~~^^^^^^^^^^^
TypeError: list indices must be integers or slices, not str
observation time 0.000731, current best -0.970088 at iter 7
suggestion time taken 0.001335 iter 8 next_points [Configuration(values={
  'alpha': 3.478088611112,
  'batch_size': 182,
  'beta_1': 0.7609862638578,
  'beta_2': 0.9141090760715,
  'epsilon': 6.521577e-07,
  'hidden_layer_sizes': 137,
  'learning_rate_init': 5.68111465e-05,
  'tol': 0.0128990132009,
  'validation_fraction': 0.685316295848,
})]
function_evaluation time 0.587036 value -0.091231 suggestion Configuration(values={
  'alpha': 3.478088611112,
  'batch_size': 182,
  'beta_1': 0.7609862638578,
  'beta_2': 0.9141090760715,
  'epsilon': 6.521577e-07,
  'hidden_layer_sizes': 137,
  'learning_rate_init': 5.68111465e-05,
  'tol': 0.0128990132009,
  'validation_fraction': 0.685316295848,
})
Failure in optimizer observe. Ignoring these observations.
list indices must be integers or slices, not str
Traceback (most recent call last):
  File "/home/ryedida/smoothness-hpo/.venv/lib/python3.12/site-packages/bayesmark/experiment.py", line 175, in run_study
    optimizer.observe(next_points, eval_list)
  File "/home/ryedida/smoothness-hpo/bbo_challenge_starter_kit/example_submissions/dehb/optimizer.py", line 88, in observe
    self.dehb.tell(X, y)
  File "/home/ryedida/smoothness-hpo/.venv/lib/python3.12/site-packages/dehb/optimizers/dehb.py", line 1007, in tell
    fitness, cost = float(result["fitness"]), float(result["cost"])
                          ~~~~~~^^^^^^^^^^^
TypeError: list indices must be integers or slices, not str
observation time 0.000682, current best -0.970088 at iter 8
suggestion time taken 0.002125 iter 9 next_points [Configuration(values={
  'alpha': 1.9446342978203,
  'batch_size': 61,
  'beta_1': 0.5614661641992,
  'beta_2': 0.9310946657967,
  'epsilon': 8.93439e-08,
  'hidden_layer_sizes': 131,
  'learning_rate_init': 5.43582255e-05,
  'tol': 0.0001083571252,
  'validation_fraction': 0.1954139881174,
})]
function_evaluation time 12.249290 value -0.928317 suggestion Configuration(values={
  'alpha': 1.9446342978203,
  'batch_size': 61,
  'beta_1': 0.5614661641992,
  'beta_2': 0.9310946657967,
  'epsilon': 8.93439e-08,
  'hidden_layer_sizes': 131,
  'learning_rate_init': 5.43582255e-05,
  'tol': 0.0001083571252,
  'validation_fraction': 0.1954139881174,
})
Failure in optimizer observe. Ignoring these observations.
list indices must be integers or slices, not str
Traceback (most recent call last):
  File "/home/ryedida/smoothness-hpo/.venv/lib/python3.12/site-packages/bayesmark/experiment.py", line 175, in run_study
    optimizer.observe(next_points, eval_list)
  File "/home/ryedida/smoothness-hpo/bbo_challenge_starter_kit/example_submissions/dehb/optimizer.py", line 88, in observe
    self.dehb.tell(X, y)
  File "/home/ryedida/smoothness-hpo/.venv/lib/python3.12/site-packages/dehb/optimizers/dehb.py", line 1007, in tell
    fitness, cost = float(result["fitness"]), float(result["cost"])
                          ~~~~~~^^^^^^^^^^^
TypeError: list indices must be integers or slices, not str
observation time 0.000678, current best -0.970088 at iter 9
suggestion time taken 0.001944 iter 10 next_points [Configuration(values={
  'alpha': 0.0002103518541,
  'batch_size': 191,
  'beta_1': 0.6334539889178,
  'beta_2': 0.9515929874208,
  'epsilon': 1.63707e-07,
  'hidden_layer_sizes': 143,
  'learning_rate_init': 3.62690989e-05,
  'tol': 0.0532844837745,
  'validation_fraction': 0.2159002998717,
})]
function_evaluation time 1.016291 value -0.112759 suggestion Configuration(values={
  'alpha': 0.0002103518541,
  'batch_size': 191,
  'beta_1': 0.6334539889178,
  'beta_2': 0.9515929874208,
  'epsilon': 1.63707e-07,
  'hidden_layer_sizes': 143,
  'learning_rate_init': 3.62690989e-05,
  'tol': 0.0532844837745,
  'validation_fraction': 0.2159002998717,
})
Failure in optimizer observe. Ignoring these observations.
list indices must be integers or slices, not str
Traceback (most recent call last):
  File "/home/ryedida/smoothness-hpo/.venv/lib/python3.12/site-packages/bayesmark/experiment.py", line 175, in run_study
    optimizer.observe(next_points, eval_list)
  File "/home/ryedida/smoothness-hpo/bbo_challenge_starter_kit/example_submissions/dehb/optimizer.py", line 88, in observe
    self.dehb.tell(X, y)
  File "/home/ryedida/smoothness-hpo/.venv/lib/python3.12/site-packages/dehb/optimizers/dehb.py", line 1007, in tell
    fitness, cost = float(result["fitness"]), float(result["cost"])
                          ~~~~~~^^^^^^^^^^^
TypeError: list indices must be integers or slices, not str
observation time 0.000640, current best -0.970088 at iter 10
suggestion time taken 0.002117 iter 11 next_points [Configuration(values={
  'alpha': 0.0001902972593,
  'batch_size': 34,
  'beta_1': 0.6120166995767,
  'beta_2': 0.9292683539514,
  'epsilon': 6.71487e-08,
  'hidden_layer_sizes': 182,
  'learning_rate_init': 0.0002682989437,
  'tol': 0.0005661982891,
  'validation_fraction': 0.1681190378852,
})]
function_evaluation time 8.925172 value -0.972164 suggestion Configuration(values={
  'alpha': 0.0001902972593,
  'batch_size': 34,
  'beta_1': 0.6120166995767,
  'beta_2': 0.9292683539514,
  'epsilon': 6.71487e-08,
  'hidden_layer_sizes': 182,
  'learning_rate_init': 0.0002682989437,
  'tol': 0.0005661982891,
  'validation_fraction': 0.1681190378852,
})
Failure in optimizer observe. Ignoring these observations.
list indices must be integers or slices, not str
Traceback (most recent call last):
  File "/home/ryedida/smoothness-hpo/.venv/lib/python3.12/site-packages/bayesmark/experiment.py", line 175, in run_study
    optimizer.observe(next_points, eval_list)
  File "/home/ryedida/smoothness-hpo/bbo_challenge_starter_kit/example_submissions/dehb/optimizer.py", line 88, in observe
    self.dehb.tell(X, y)
  File "/home/ryedida/smoothness-hpo/.venv/lib/python3.12/site-packages/dehb/optimizers/dehb.py", line 1007, in tell
    fitness, cost = float(result["fitness"]), float(result["cost"])
                          ~~~~~~^^^^^^^^^^^
TypeError: list indices must be integers or slices, not str
observation time 0.001221, current best -0.972164 at iter 11
suggestion time taken 0.002032 iter 12 next_points [Configuration(values={
  'alpha': 0.0051316385194,
  'batch_size': 132,
  'beta_1': 0.8588114558499,
  'beta_2': 0.9617801792309,
  'epsilon': 3.09051e-08,
  'hidden_layer_sizes': 73,
  'learning_rate_init': 0.0121404705543,
  'tol': 3.36550668e-05,
  'validation_fraction': 0.1754952784358,
})]
function_evaluation time 1.365957 value -0.963819 suggestion Configuration(values={
  'alpha': 0.0051316385194,
  'batch_size': 132,
  'beta_1': 0.8588114558499,
  'beta_2': 0.9617801792309,
  'epsilon': 3.09051e-08,
  'hidden_layer_sizes': 73,
  'learning_rate_init': 0.0121404705543,
  'tol': 3.36550668e-05,
  'validation_fraction': 0.1754952784358,
})
Failure in optimizer observe. Ignoring these observations.
list indices must be integers or slices, not str
Traceback (most recent call last):
  File "/home/ryedida/smoothness-hpo/.venv/lib/python3.12/site-packages/bayesmark/experiment.py", line 175, in run_study
    optimizer.observe(next_points, eval_list)
  File "/home/ryedida/smoothness-hpo/bbo_challenge_starter_kit/example_submissions/dehb/optimizer.py", line 88, in observe
    self.dehb.tell(X, y)
  File "/home/ryedida/smoothness-hpo/.venv/lib/python3.12/site-packages/dehb/optimizers/dehb.py", line 1007, in tell
    fitness, cost = float(result["fitness"]), float(result["cost"])
                          ~~~~~~^^^^^^^^^^^
TypeError: list indices must be integers or slices, not str
observation time 0.000656, current best -0.972164 at iter 12
suggestion time taken 0.002005 iter 13 next_points [Configuration(values={
  'alpha': 1.16052707e-05,
  'batch_size': 60,
  'beta_1': 0.5546502076768,
  'beta_2': 0.9377630198025,
  'epsilon': 7.6079e-09,
  'hidden_layer_sizes': 135,
  'learning_rate_init': 0.0195758026841,
  'tol': 0.0001655891805,
  'validation_fraction': 0.3662080307622,
})]
function_evaluation time 3.689563 value -0.956163 suggestion Configuration(values={
  'alpha': 1.16052707e-05,
  'batch_size': 60,
  'beta_1': 0.5546502076768,
  'beta_2': 0.9377630198025,
  'epsilon': 7.6079e-09,
  'hidden_layer_sizes': 135,
  'learning_rate_init': 0.0195758026841,
  'tol': 0.0001655891805,
  'validation_fraction': 0.3662080307622,
})
Failure in optimizer observe. Ignoring these observations.
list indices must be integers or slices, not str
Traceback (most recent call last):
  File "/home/ryedida/smoothness-hpo/.venv/lib/python3.12/site-packages/bayesmark/experiment.py", line 175, in run_study
    optimizer.observe(next_points, eval_list)
  File "/home/ryedida/smoothness-hpo/bbo_challenge_starter_kit/example_submissions/dehb/optimizer.py", line 88, in observe
    self.dehb.tell(X, y)
  File "/home/ryedida/smoothness-hpo/.venv/lib/python3.12/site-packages/dehb/optimizers/dehb.py", line 1007, in tell
    fitness, cost = float(result["fitness"]), float(result["cost"])
                          ~~~~~~^^^^^^^^^^^
TypeError: list indices must be integers or slices, not str
observation time 0.000668, current best -0.972164 at iter 13
suggestion time taken 0.002286 iter 14 next_points [Configuration(values={
  'alpha': 8.40625949e-05,
  'batch_size': 36,
  'beta_1': 0.8553022910114,
  'beta_2': 0.9063923062915,
  'epsilon': 7.901774e-07,
  'hidden_layer_sizes': 92,
  'learning_rate_init': 0.0030205395723,
  'tol': 2.48384182e-05,
  'validation_fraction': 0.1840219999344,
})]
function_evaluation time 4.819983 value -0.962423 suggestion Configuration(values={
  'alpha': 8.40625949e-05,
  'batch_size': 36,
  'beta_1': 0.8553022910114,
  'beta_2': 0.9063923062915,
  'epsilon': 7.901774e-07,
  'hidden_layer_sizes': 92,
  'learning_rate_init': 0.0030205395723,
  'tol': 2.48384182e-05,
  'validation_fraction': 0.1840219999344,
})
Failure in optimizer observe. Ignoring these observations.
list indices must be integers or slices, not str
Traceback (most recent call last):
  File "/home/ryedida/smoothness-hpo/.venv/lib/python3.12/site-packages/bayesmark/experiment.py", line 175, in run_study
    optimizer.observe(next_points, eval_list)
  File "/home/ryedida/smoothness-hpo/bbo_challenge_starter_kit/example_submissions/dehb/optimizer.py", line 88, in observe
    self.dehb.tell(X, y)
  File "/home/ryedida/smoothness-hpo/.venv/lib/python3.12/site-packages/dehb/optimizers/dehb.py", line 1007, in tell
    fitness, cost = float(result["fitness"]), float(result["cost"])
                          ~~~~~~^^^^^^^^^^^
TypeError: list indices must be integers or slices, not str
observation time 0.000687, current best -0.972164 at iter 14
saving meta data: {'args': {'--uuid': 'a9d31816bbbc5424be8bbdc689d2a61f', '-db-root': '/home/ryedida/smoothness-hpo/bbo_challenge_starter_kit/output', '--opt-root': '/home/ryedida/smoothness-hpo/bbo_challenge_starter_kit/example_submissions', '--data-root': None, '--db': 'run_20241104_045201', '--opt': 'dehb', '--data': 'digits', '--classifier': 'MLP-adam', '--metric': 'acc', '--calls': 15, '--suggestions': 1, '--jobs-file': None, '--verbose': False, 'dry_run': False, 'rev': 'a376313', 'opt_rev': '0.0.8'}, 'signature': ([{'alpha': 0.019628224813442792, 'batch_size': 182, 'beta_1': 0.9410202200271762, 'beta_2': 0.9998021557676793, 'epsilon': 1.8662266976518e-08, 'hidden_layer_sizes': 147, 'learning_rate_init': 0.0005627932047415167, 'tol': 0.03690557729213761, 'validation_fraction': 0.8846827852548593}, {'alpha': 0.0019982467392329444, 'batch_size': 200, 'beta_1': 0.919111482530466, 'beta_2': 0.9998488260436156, 'epsilon': 5.981221901152555e-07, 'hidden_layer_sizes': 61, 'learning_rate_init': 2.2310905607443014e-05, 'tol': 1.2046852412030316e-05, 'validation_fraction': 0.8117896445826539}, {'alpha': 0.46659545670218433, 'batch_size': 219, 'beta_1': 0.9889789783750891, 'beta_2': 0.9999896868093284, 'epsilon': 2.4234724484675948e-08, 'hidden_layer_sizes': 167, 'learning_rate_init': 2.972334644335654e-05, 'tol': 0.0036281404040243792, 'validation_fraction': 0.17260651658522078}, {'alpha': 4.656005689076002, 'batch_size': 135, 'beta_1': 0.870503881627747, 'beta_2': 0.9948873266941017, 'epsilon': 2.1023308743480125e-07, 'hidden_layer_sizes': 118, 'learning_rate_init': 0.0018781738757161913, 'tol': 1.1889379831773004e-05, 'validation_fraction': 0.6264327093752792}, {'alpha': 0.04705159350400542, 'batch_size': 158, 'beta_1': 0.9870884262730957, 'beta_2': 0.9999596874382349, 'epsilon': 1.1981845126013875e-08, 'hidden_layer_sizes': 116, 'learning_rate_init': 0.00617340520407431, 'tol': 1.741413418158619e-05, 'validation_fraction': 0.6754299026638921}], [-0.21081107239643826, -0.1295489740611692, -0.27999177313201706, -0.9422522260936896, -0.9332050909794812])}
saving results
saving timing
saving suggest log
done
