running: {'--uuid': 'b7603619e73a50e5801191d428a68301', '-db-root': '/home/ryedida/smoothness-hpo/bbo_challenge_starter_kit/output', '--opt-root': '/home/ryedida/smoothness-hpo/bbo_challenge_starter_kit/example_submissions', '--data-root': None, '--db': 'run_20241104_045201', '--opt': 'dehb', '--data': 'digits', '--classifier': 'MLP-adam', '--metric': 'nll', '--calls': 15, '--suggestions': 1, '--jobs-file': None, '--verbose': False, 'dry_run': False, 'rev': 'a376313', 'opt_rev': '0.0.8'}
cmd: python dehb/optimizer.py -c MLP-adam -d digits -o dehb -u b7603619e73a50e5801191d428a68301 -m nll -n 15 -p 1 -dir /home/ryedida/smoothness-hpo/bbo_challenge_starter_kit/output -b run_20241104_045201
/home/ryedida/smoothness-hpo/.venv/lib/python3.12/site-packages/sklearn/neural_network/_multilayer_perceptron.py:608: UserWarning: Got `batch_size` less than 1 or larger than sample size. It is going to be clipped
  warnings.warn(

/home/ryedida/smoothness-hpo/.venv/lib/python3.12/site-packages/sklearn/neural_network/_multilayer_perceptron.py:690: ConvergenceWarning: Stochastic Optimizer: Maximum iterations (200) reached and the optimization hasn't converged yet.
  warnings.warn(

computed signature: ([{'alpha': 0.019628224813442792, 'batch_size': 182, 'beta_1': 0.9410202200271762, 'beta_2': 0.9998021557676793, 'epsilon': 1.8662266976518e-08, 'hidden_layer_sizes': 147, 'learning_rate_init': 0.0005627932047415167, 'tol': 0.03690557729213761, 'validation_fraction': 0.8846827852548593}, {'alpha': 0.0019982467392329444, 'batch_size': 200, 'beta_1': 0.919111482530466, 'beta_2': 0.9998488260436156, 'epsilon': 5.981221901152555e-07, 'hidden_layer_sizes': 61, 'learning_rate_init': 2.2310905607443014e-05, 'tol': 1.2046852412030316e-05, 'validation_fraction': 0.8117896445826539}, {'alpha': 0.46659545670218433, 'batch_size': 219, 'beta_1': 0.9889789783750891, 'beta_2': 0.9999896868093284, 'epsilon': 2.4234724484675948e-08, 'hidden_layer_sizes': 167, 'learning_rate_init': 2.972334644335654e-05, 'tol': 0.0036281404040243792, 'validation_fraction': 0.17260651658522078}, {'alpha': 4.656005689076002, 'batch_size': 135, 'beta_1': 0.870503881627747, 'beta_2': 0.9948873266941017, 'epsilon': 2.1023308743480125e-07, 'hidden_layer_sizes': 118, 'learning_rate_init': 0.0018781738757161913, 'tol': 1.1889379831773004e-05, 'validation_fraction': 0.6264327093752792}, {'alpha': 0.04705159350400542, 'batch_size': 158, 'beta_1': 0.9870884262730957, 'beta_2': 0.9999596874382349, 'epsilon': 1.1981845126013875e-08, 'hidden_layer_sizes': 116, 'learning_rate_init': 0.00617340520407431, 'tol': 1.741413418158619e-05, 'validation_fraction': 0.6754299026638921}], [4.8709522768835765, 9.712622772033223, 5.950791832993735, 0.1943842708040542, 0.2519021669994559])
/home/ryedida/smoothness-hpo/.venv/lib/python3.12/site-packages/bayesmark/signatures.py:85: RuntimeWarning: Signature diverged on MLP-adam_digits_nll betwen [4.71022664 9.71262277 5.92543888 0.18972466 0.25190217] and [ 4.87095228 10.02890359  5.95079183  0.19438427  0.26094505]
  warnings.warn(

Signature errors:
                            0         1         2        3         4       max
MLP-adam_digits_nll  0.160726  0.316281  0.025353  0.00466  0.009043  0.316281
max                  0.160726  0.316281  0.025353  0.00466  0.009043  0.316281
starting sklearn study dehb MLP-adam digits nll 15 1
with data root: None
suggestion time taken 0.001482 iter 0 next_points [Configuration(values={
  'alpha': 0.000238056578,
  'batch_size': 185,
  'beta_1': 0.6639120176251,
  'beta_2': 0.9398452004203,
  'epsilon': 1.89581e-08,
  'hidden_layer_sizes': 81,
  'learning_rate_init': 0.0265238371279,
  'tol': 0.033468391824,
  'validation_fraction': 0.5464512505775,
})]
function_evaluation time 0.705731 value 0.196427 suggestion Configuration(values={
  'alpha': 0.000238056578,
  'batch_size': 185,
  'beta_1': 0.6639120176251,
  'beta_2': 0.9398452004203,
  'epsilon': 1.89581e-08,
  'hidden_layer_sizes': 81,
  'learning_rate_init': 0.0265238371279,
  'tol': 0.033468391824,
  'validation_fraction': 0.5464512505775,
})
Failure in optimizer observe. Ignoring these observations.
list indices must be integers or slices, not str
Traceback (most recent call last):
  File "/home/ryedida/smoothness-hpo/.venv/lib/python3.12/site-packages/bayesmark/experiment.py", line 175, in run_study
    optimizer.observe(next_points, eval_list)
  File "/home/ryedida/smoothness-hpo/bbo_challenge_starter_kit/example_submissions/dehb/optimizer.py", line 88, in observe
    self.dehb.tell(X, y)
  File "/home/ryedida/smoothness-hpo/.venv/lib/python3.12/site-packages/dehb/optimizers/dehb.py", line 1007, in tell
    fitness, cost = float(result["fitness"]), float(result["cost"])
                          ~~~~~~^^^^^^^^^^^
TypeError: list indices must be integers or slices, not str
observation time 0.001244, current best 0.196427 at iter 0
suggestion time taken 0.001436 iter 1 next_points [Configuration(values={
  'alpha': 9.92860463e-05,
  'batch_size': 10,
  'beta_1': 0.6864944396135,
  'beta_2': 0.9413225944486,
  'epsilon': 4.5718e-09,
  'hidden_layer_sizes': 76,
  'learning_rate_init': 9.69398663e-05,
  'tol': 0.0006902333649,
  'validation_fraction': 0.3536668969793,
})]
function_evaluation time 31.764725 value 0.166650 suggestion Configuration(values={
  'alpha': 9.92860463e-05,
  'batch_size': 10,
  'beta_1': 0.6864944396135,
  'beta_2': 0.9413225944486,
  'epsilon': 4.5718e-09,
  'hidden_layer_sizes': 76,
  'learning_rate_init': 9.69398663e-05,
  'tol': 0.0006902333649,
  'validation_fraction': 0.3536668969793,
})
Failure in optimizer observe. Ignoring these observations.
list indices must be integers or slices, not str
Traceback (most recent call last):
  File "/home/ryedida/smoothness-hpo/.venv/lib/python3.12/site-packages/bayesmark/experiment.py", line 175, in run_study
    optimizer.observe(next_points, eval_list)
  File "/home/ryedida/smoothness-hpo/bbo_challenge_starter_kit/example_submissions/dehb/optimizer.py", line 88, in observe
    self.dehb.tell(X, y)
  File "/home/ryedida/smoothness-hpo/.venv/lib/python3.12/site-packages/dehb/optimizers/dehb.py", line 1007, in tell
    fitness, cost = float(result["fitness"]), float(result["cost"])
                          ~~~~~~^^^^^^^^^^^
TypeError: list indices must be integers or slices, not str
observation time 0.000707, current best 0.166650 at iter 1
suggestion time taken 0.001372 iter 2 next_points [Configuration(values={
  'alpha': 0.0002702851364,
  'batch_size': 116,
  'beta_1': 0.9348741575483,
  'beta_2': 0.9999244080217,
  'epsilon': 3.8927e-09,
  'hidden_layer_sizes': 199,
  'learning_rate_init': 0.0270469032484,
  'tol': 0.0478960474428,
  'validation_fraction': 0.3948095133708,
})]
function_evaluation time 1.403333 value 0.213559 suggestion Configuration(values={
  'alpha': 0.0002702851364,
  'batch_size': 116,
  'beta_1': 0.9348741575483,
  'beta_2': 0.9999244080217,
  'epsilon': 3.8927e-09,
  'hidden_layer_sizes': 199,
  'learning_rate_init': 0.0270469032484,
  'tol': 0.0478960474428,
  'validation_fraction': 0.3948095133708,
})
Failure in optimizer observe. Ignoring these observations.
list indices must be integers or slices, not str
Traceback (most recent call last):
  File "/home/ryedida/smoothness-hpo/.venv/lib/python3.12/site-packages/bayesmark/experiment.py", line 175, in run_study
    optimizer.observe(next_points, eval_list)
  File "/home/ryedida/smoothness-hpo/bbo_challenge_starter_kit/example_submissions/dehb/optimizer.py", line 88, in observe
    self.dehb.tell(X, y)
  File "/home/ryedida/smoothness-hpo/.venv/lib/python3.12/site-packages/dehb/optimizers/dehb.py", line 1007, in tell
    fitness, cost = float(result["fitness"]), float(result["cost"])
                          ~~~~~~^^^^^^^^^^^
TypeError: list indices must be integers or slices, not str
observation time 0.000726, current best 0.166650 at iter 2
suggestion time taken 0.001392 iter 3 next_points [Configuration(values={
  'alpha': 0.000769098242,
  'batch_size': 37,
  'beta_1': 0.5638385975236,
  'beta_2': 0.9584945530829,
  'epsilon': 6.552e-09,
  'hidden_layer_sizes': 135,
  'learning_rate_init': 0.0004949320784,
  'tol': 0.0015702044166,
  'validation_fraction': 0.6297077545903,
})]
function_evaluation time 5.592988 value 0.175755 suggestion Configuration(values={
  'alpha': 0.000769098242,
  'batch_size': 37,
  'beta_1': 0.5638385975236,
  'beta_2': 0.9584945530829,
  'epsilon': 6.552e-09,
  'hidden_layer_sizes': 135,
  'learning_rate_init': 0.0004949320784,
  'tol': 0.0015702044166,
  'validation_fraction': 0.6297077545903,
})
Failure in optimizer observe. Ignoring these observations.
list indices must be integers or slices, not str
Traceback (most recent call last):
  File "/home/ryedida/smoothness-hpo/.venv/lib/python3.12/site-packages/bayesmark/experiment.py", line 175, in run_study
    optimizer.observe(next_points, eval_list)
  File "/home/ryedida/smoothness-hpo/bbo_challenge_starter_kit/example_submissions/dehb/optimizer.py", line 88, in observe
    self.dehb.tell(X, y)
  File "/home/ryedida/smoothness-hpo/.venv/lib/python3.12/site-packages/dehb/optimizers/dehb.py", line 1007, in tell
    fitness, cost = float(result["fitness"]), float(result["cost"])
                          ~~~~~~^^^^^^^^^^^
TypeError: list indices must be integers or slices, not str
observation time 0.000661, current best 0.166650 at iter 3
suggestion time taken 0.001334 iter 4 next_points [Configuration(values={
  'alpha': 0.0043090725774,
  'batch_size': 199,
  'beta_1': 0.6334159057028,
  'beta_2': 0.9774459815707,
  'epsilon': 3.1299e-09,
  'hidden_layer_sizes': 111,
  'learning_rate_init': 0.0095023295907,
  'tol': 0.000661630332,
  'validation_fraction': 0.8666623475045,
})]
/home/ryedida/smoothness-hpo/.venv/lib/python3.12/site-packages/sklearn/neural_network/_multilayer_perceptron.py:608: UserWarning: Got `batch_size` less than 1 or larger than sample size. It is going to be clipped
  warnings.warn(

function_evaluation time 1.690051 value 0.427793 suggestion Configuration(values={
  'alpha': 0.0043090725774,
  'batch_size': 199,
  'beta_1': 0.6334159057028,
  'beta_2': 0.9774459815707,
  'epsilon': 3.1299e-09,
  'hidden_layer_sizes': 111,
  'learning_rate_init': 0.0095023295907,
  'tol': 0.000661630332,
  'validation_fraction': 0.8666623475045,
})
Failure in optimizer observe. Ignoring these observations.
list indices must be integers or slices, not str
Traceback (most recent call last):
  File "/home/ryedida/smoothness-hpo/.venv/lib/python3.12/site-packages/bayesmark/experiment.py", line 175, in run_study
    optimizer.observe(next_points, eval_list)
  File "/home/ryedida/smoothness-hpo/bbo_challenge_starter_kit/example_submissions/dehb/optimizer.py", line 88, in observe
    self.dehb.tell(X, y)
  File "/home/ryedida/smoothness-hpo/.venv/lib/python3.12/site-packages/dehb/optimizers/dehb.py", line 1007, in tell
    fitness, cost = float(result["fitness"]), float(result["cost"])
                          ~~~~~~^^^^^^^^^^^
TypeError: list indices must be integers or slices, not str
observation time 0.000637, current best 0.166650 at iter 4
suggestion time taken 0.001211 iter 5 next_points [Configuration(values={
  'alpha': 0.5040663643061,
  'batch_size': 133,
  'beta_1': 0.546092927158,
  'beta_2': 0.9783903649185,
  'epsilon': 7.432e-09,
  'hidden_layer_sizes': 163,
  'learning_rate_init': 0.0067498491452,
  'tol': 0.000702539546,
  'validation_fraction': 0.3132007279949,
})]
function_evaluation time 3.238339 value 0.101872 suggestion Configuration(values={
  'alpha': 0.5040663643061,
  'batch_size': 133,
  'beta_1': 0.546092927158,
  'beta_2': 0.9783903649185,
  'epsilon': 7.432e-09,
  'hidden_layer_sizes': 163,
  'learning_rate_init': 0.0067498491452,
  'tol': 0.000702539546,
  'validation_fraction': 0.3132007279949,
})
Failure in optimizer observe. Ignoring these observations.
list indices must be integers or slices, not str
Traceback (most recent call last):
  File "/home/ryedida/smoothness-hpo/.venv/lib/python3.12/site-packages/bayesmark/experiment.py", line 175, in run_study
    optimizer.observe(next_points, eval_list)
  File "/home/ryedida/smoothness-hpo/bbo_challenge_starter_kit/example_submissions/dehb/optimizer.py", line 88, in observe
    self.dehb.tell(X, y)
  File "/home/ryedida/smoothness-hpo/.venv/lib/python3.12/site-packages/dehb/optimizers/dehb.py", line 1007, in tell
    fitness, cost = float(result["fitness"]), float(result["cost"])
                          ~~~~~~^^^^^^^^^^^
TypeError: list indices must be integers or slices, not str
observation time 0.000657, current best 0.101872 at iter 5
suggestion time taken 0.001289 iter 6 next_points [Configuration(values={
  'alpha': 1.89606629e-05,
  'batch_size': 98,
  'beta_1': 0.7024956615889,
  'beta_2': 0.9357993962671,
  'epsilon': 2.4821e-09,
  'hidden_layer_sizes': 125,
  'learning_rate_init': 0.0006260769755,
  'tol': 0.0009468479375,
  'validation_fraction': 0.3969356121274,
})]
function_evaluation time 5.402856 value 0.119324 suggestion Configuration(values={
  'alpha': 1.89606629e-05,
  'batch_size': 98,
  'beta_1': 0.7024956615889,
  'beta_2': 0.9357993962671,
  'epsilon': 2.4821e-09,
  'hidden_layer_sizes': 125,
  'learning_rate_init': 0.0006260769755,
  'tol': 0.0009468479375,
  'validation_fraction': 0.3969356121274,
})
Failure in optimizer observe. Ignoring these observations.
list indices must be integers or slices, not str
Traceback (most recent call last):
  File "/home/ryedida/smoothness-hpo/.venv/lib/python3.12/site-packages/bayesmark/experiment.py", line 175, in run_study
    optimizer.observe(next_points, eval_list)
  File "/home/ryedida/smoothness-hpo/bbo_challenge_starter_kit/example_submissions/dehb/optimizer.py", line 88, in observe
    self.dehb.tell(X, y)
  File "/home/ryedida/smoothness-hpo/.venv/lib/python3.12/site-packages/dehb/optimizers/dehb.py", line 1007, in tell
    fitness, cost = float(result["fitness"]), float(result["cost"])
                          ~~~~~~^^^^^^^^^^^
TypeError: list indices must be integers or slices, not str
observation time 0.000649, current best 0.101872 at iter 6
suggestion time taken 0.001387 iter 7 next_points [Configuration(values={
  'alpha': 0.0566961814888,
  'batch_size': 137,
  'beta_1': 0.626024644003,
  'beta_2': 0.9430000545616,
  'epsilon': 4.86282e-08,
  'hidden_layer_sizes': 102,
  'learning_rate_init': 4.04111667e-05,
  'tol': 0.0137987460537,
  'validation_fraction': 0.1323433231755,
})]
function_evaluation time 2.062109 value 10.430209 suggestion Configuration(values={
  'alpha': 0.0566961814888,
  'batch_size': 137,
  'beta_1': 0.626024644003,
  'beta_2': 0.9430000545616,
  'epsilon': 4.86282e-08,
  'hidden_layer_sizes': 102,
  'learning_rate_init': 4.04111667e-05,
  'tol': 0.0137987460537,
  'validation_fraction': 0.1323433231755,
})
Failure in optimizer observe. Ignoring these observations.
list indices must be integers or slices, not str
Traceback (most recent call last):
  File "/home/ryedida/smoothness-hpo/.venv/lib/python3.12/site-packages/bayesmark/experiment.py", line 175, in run_study
    optimizer.observe(next_points, eval_list)
  File "/home/ryedida/smoothness-hpo/bbo_challenge_starter_kit/example_submissions/dehb/optimizer.py", line 88, in observe
    self.dehb.tell(X, y)
  File "/home/ryedida/smoothness-hpo/.venv/lib/python3.12/site-packages/dehb/optimizers/dehb.py", line 1007, in tell
    fitness, cost = float(result["fitness"]), float(result["cost"])
                          ~~~~~~^^^^^^^^^^^
TypeError: list indices must be integers or slices, not str
observation time 0.000656, current best 0.101872 at iter 7
suggestion time taken 0.001385 iter 8 next_points [Configuration(values={
  'alpha': 2.78250629e-05,
  'batch_size': 74,
  'beta_1': 0.8708931374023,
  'beta_2': 0.9459670913856,
  'epsilon': 4.464e-09,
  'hidden_layer_sizes': 84,
  'learning_rate_init': 0.0003745443118,
  'tol': 0.0002554576199,
  'validation_fraction': 0.4220583442573,
})]
function_evaluation time 5.421196 value 0.161797 suggestion Configuration(values={
  'alpha': 2.78250629e-05,
  'batch_size': 74,
  'beta_1': 0.8708931374023,
  'beta_2': 0.9459670913856,
  'epsilon': 4.464e-09,
  'hidden_layer_sizes': 84,
  'learning_rate_init': 0.0003745443118,
  'tol': 0.0002554576199,
  'validation_fraction': 0.4220583442573,
})
Failure in optimizer observe. Ignoring these observations.
list indices must be integers or slices, not str
Traceback (most recent call last):
  File "/home/ryedida/smoothness-hpo/.venv/lib/python3.12/site-packages/bayesmark/experiment.py", line 175, in run_study
    optimizer.observe(next_points, eval_list)
  File "/home/ryedida/smoothness-hpo/bbo_challenge_starter_kit/example_submissions/dehb/optimizer.py", line 88, in observe
    self.dehb.tell(X, y)
  File "/home/ryedida/smoothness-hpo/.venv/lib/python3.12/site-packages/dehb/optimizers/dehb.py", line 1007, in tell
    fitness, cost = float(result["fitness"]), float(result["cost"])
                          ~~~~~~^^^^^^^^^^^
TypeError: list indices must be integers or slices, not str
observation time 0.000710, current best 0.101872 at iter 8
suggestion time taken 0.002024 iter 9 next_points [Configuration(values={
  'alpha': 0.501241362367,
  'batch_size': 42,
  'beta_1': 0.581638730384,
  'beta_2': 0.9093376631953,
  'epsilon': 4.11853e-08,
  'hidden_layer_sizes': 116,
  'learning_rate_init': 0.0012878196967,
  'tol': 0.0068318033207,
  'validation_fraction': 0.2542679009421,
})]
function_evaluation time 3.610079 value 0.117388 suggestion Configuration(values={
  'alpha': 0.501241362367,
  'batch_size': 42,
  'beta_1': 0.581638730384,
  'beta_2': 0.9093376631953,
  'epsilon': 4.11853e-08,
  'hidden_layer_sizes': 116,
  'learning_rate_init': 0.0012878196967,
  'tol': 0.0068318033207,
  'validation_fraction': 0.2542679009421,
})
Failure in optimizer observe. Ignoring these observations.
list indices must be integers or slices, not str
Traceback (most recent call last):
  File "/home/ryedida/smoothness-hpo/.venv/lib/python3.12/site-packages/bayesmark/experiment.py", line 175, in run_study
    optimizer.observe(next_points, eval_list)
  File "/home/ryedida/smoothness-hpo/bbo_challenge_starter_kit/example_submissions/dehb/optimizer.py", line 88, in observe
    self.dehb.tell(X, y)
  File "/home/ryedida/smoothness-hpo/.venv/lib/python3.12/site-packages/dehb/optimizers/dehb.py", line 1007, in tell
    fitness, cost = float(result["fitness"]), float(result["cost"])
                          ~~~~~~^^^^^^^^^^^
TypeError: list indices must be integers or slices, not str
observation time 0.000645, current best 0.101872 at iter 9
suggestion time taken 0.001942 iter 10 next_points [Configuration(values={
  'alpha': 0.0011367280941,
  'batch_size': 25,
  'beta_1': 0.5764248161401,
  'beta_2': 0.9500429972669,
  'epsilon': 5.589053e-07,
  'hidden_layer_sizes': 109,
  'learning_rate_init': 0.0006041941128,
  'tol': 0.0011940379822,
  'validation_fraction': 0.22510931285,
})]
function_evaluation time 7.752263 value 0.105929 suggestion Configuration(values={
  'alpha': 0.0011367280941,
  'batch_size': 25,
  'beta_1': 0.5764248161401,
  'beta_2': 0.9500429972669,
  'epsilon': 5.589053e-07,
  'hidden_layer_sizes': 109,
  'learning_rate_init': 0.0006041941128,
  'tol': 0.0011940379822,
  'validation_fraction': 0.22510931285,
})
Failure in optimizer observe. Ignoring these observations.
list indices must be integers or slices, not str
Traceback (most recent call last):
  File "/home/ryedida/smoothness-hpo/.venv/lib/python3.12/site-packages/bayesmark/experiment.py", line 175, in run_study
    optimizer.observe(next_points, eval_list)
  File "/home/ryedida/smoothness-hpo/bbo_challenge_starter_kit/example_submissions/dehb/optimizer.py", line 88, in observe
    self.dehb.tell(X, y)
  File "/home/ryedida/smoothness-hpo/.venv/lib/python3.12/site-packages/dehb/optimizers/dehb.py", line 1007, in tell
    fitness, cost = float(result["fitness"]), float(result["cost"])
                          ~~~~~~^^^^^^^^^^^
TypeError: list indices must be integers or slices, not str
observation time 0.000706, current best 0.101872 at iter 10
suggestion time taken 0.001888 iter 11 next_points [Configuration(values={
  'alpha': 0.0034836680834,
  'batch_size': 65,
  'beta_1': 0.727013843405,
  'beta_2': 0.9345336458793,
  'epsilon': 7.0927e-09,
  'hidden_layer_sizes': 111,
  'learning_rate_init': 0.0895425353074,
  'tol': 0.0029493845377,
  'validation_fraction': 0.3075090928154,
})]
function_evaluation time 2.527753 value 1.410543 suggestion Configuration(values={
  'alpha': 0.0034836680834,
  'batch_size': 65,
  'beta_1': 0.727013843405,
  'beta_2': 0.9345336458793,
  'epsilon': 7.0927e-09,
  'hidden_layer_sizes': 111,
  'learning_rate_init': 0.0895425353074,
  'tol': 0.0029493845377,
  'validation_fraction': 0.3075090928154,
})
Failure in optimizer observe. Ignoring these observations.
list indices must be integers or slices, not str
Traceback (most recent call last):
  File "/home/ryedida/smoothness-hpo/.venv/lib/python3.12/site-packages/bayesmark/experiment.py", line 175, in run_study
    optimizer.observe(next_points, eval_list)
  File "/home/ryedida/smoothness-hpo/bbo_challenge_starter_kit/example_submissions/dehb/optimizer.py", line 88, in observe
    self.dehb.tell(X, y)
  File "/home/ryedida/smoothness-hpo/.venv/lib/python3.12/site-packages/dehb/optimizers/dehb.py", line 1007, in tell
    fitness, cost = float(result["fitness"]), float(result["cost"])
                          ~~~~~~^^^^^^^^^^^
TypeError: list indices must be integers or slices, not str
observation time 0.000628, current best 0.101872 at iter 11
suggestion time taken 0.001860 iter 12 next_points [Configuration(values={
  'alpha': 3.01869239e-05,
  'batch_size': 186,
  'beta_1': 0.7968737572106,
  'beta_2': 0.9644550117296,
  'epsilon': 3.92039e-08,
  'hidden_layer_sizes': 104,
  'learning_rate_init': 0.0014231994202,
  'tol': 0.0028007639695,
  'validation_fraction': 0.3872841361052,
})]
function_evaluation time 2.606786 value 0.160311 suggestion Configuration(values={
  'alpha': 3.01869239e-05,
  'batch_size': 186,
  'beta_1': 0.7968737572106,
  'beta_2': 0.9644550117296,
  'epsilon': 3.92039e-08,
  'hidden_layer_sizes': 104,
  'learning_rate_init': 0.0014231994202,
  'tol': 0.0028007639695,
  'validation_fraction': 0.3872841361052,
})
Failure in optimizer observe. Ignoring these observations.
list indices must be integers or slices, not str
Traceback (most recent call last):
  File "/home/ryedida/smoothness-hpo/.venv/lib/python3.12/site-packages/bayesmark/experiment.py", line 175, in run_study
    optimizer.observe(next_points, eval_list)
  File "/home/ryedida/smoothness-hpo/bbo_challenge_starter_kit/example_submissions/dehb/optimizer.py", line 88, in observe
    self.dehb.tell(X, y)
  File "/home/ryedida/smoothness-hpo/.venv/lib/python3.12/site-packages/dehb/optimizers/dehb.py", line 1007, in tell
    fitness, cost = float(result["fitness"]), float(result["cost"])
                          ~~~~~~^^^^^^^^^^^
TypeError: list indices must be integers or slices, not str
observation time 0.000641, current best 0.101872 at iter 12
suggestion time taken 0.001991 iter 13 next_points [Configuration(values={
  'alpha': 9.73169893e-05,
  'batch_size': 135,
  'beta_1': 0.732701750785,
  'beta_2': 0.9940416006673,
  'epsilon': 1.253658e-07,
  'hidden_layer_sizes': 124,
  'learning_rate_init': 0.0266929105301,
  'tol': 0.0177269019866,
  'validation_fraction': 0.6300433824168,
})]
function_evaluation time 1.030905 value 0.256836 suggestion Configuration(values={
  'alpha': 9.73169893e-05,
  'batch_size': 135,
  'beta_1': 0.732701750785,
  'beta_2': 0.9940416006673,
  'epsilon': 1.253658e-07,
  'hidden_layer_sizes': 124,
  'learning_rate_init': 0.0266929105301,
  'tol': 0.0177269019866,
  'validation_fraction': 0.6300433824168,
})
Failure in optimizer observe. Ignoring these observations.
list indices must be integers or slices, not str
Traceback (most recent call last):
  File "/home/ryedida/smoothness-hpo/.venv/lib/python3.12/site-packages/bayesmark/experiment.py", line 175, in run_study
    optimizer.observe(next_points, eval_list)
  File "/home/ryedida/smoothness-hpo/bbo_challenge_starter_kit/example_submissions/dehb/optimizer.py", line 88, in observe
    self.dehb.tell(X, y)
  File "/home/ryedida/smoothness-hpo/.venv/lib/python3.12/site-packages/dehb/optimizers/dehb.py", line 1007, in tell
    fitness, cost = float(result["fitness"]), float(result["cost"])
                          ~~~~~~^^^^^^^^^^^
TypeError: list indices must be integers or slices, not str
observation time 0.000661, current best 0.101872 at iter 13
suggestion time taken 0.001871 iter 14 next_points [Configuration(values={
  'alpha': 5.91400415e-05,
  'batch_size': 164,
  'beta_1': 0.6121563242,
  'beta_2': 0.9392479544846,
  'epsilon': 3.132999e-07,
  'hidden_layer_sizes': 84,
  'learning_rate_init': 0.0003392449623,
  'tol': 0.000106494724,
  'validation_fraction': 0.5686575673135,
})]
function_evaluation time 6.166704 value 0.261009 suggestion Configuration(values={
  'alpha': 5.91400415e-05,
  'batch_size': 164,
  'beta_1': 0.6121563242,
  'beta_2': 0.9392479544846,
  'epsilon': 3.132999e-07,
  'hidden_layer_sizes': 84,
  'learning_rate_init': 0.0003392449623,
  'tol': 0.000106494724,
  'validation_fraction': 0.5686575673135,
})
Failure in optimizer observe. Ignoring these observations.
list indices must be integers or slices, not str
Traceback (most recent call last):
  File "/home/ryedida/smoothness-hpo/.venv/lib/python3.12/site-packages/bayesmark/experiment.py", line 175, in run_study
    optimizer.observe(next_points, eval_list)
  File "/home/ryedida/smoothness-hpo/bbo_challenge_starter_kit/example_submissions/dehb/optimizer.py", line 88, in observe
    self.dehb.tell(X, y)
  File "/home/ryedida/smoothness-hpo/.venv/lib/python3.12/site-packages/dehb/optimizers/dehb.py", line 1007, in tell
    fitness, cost = float(result["fitness"]), float(result["cost"])
                          ~~~~~~^^^^^^^^^^^
TypeError: list indices must be integers or slices, not str
observation time 0.000660, current best 0.101872 at iter 14
saving meta data: {'args': {'--uuid': 'b7603619e73a50e5801191d428a68301', '-db-root': '/home/ryedida/smoothness-hpo/bbo_challenge_starter_kit/output', '--opt-root': '/home/ryedida/smoothness-hpo/bbo_challenge_starter_kit/example_submissions', '--data-root': None, '--db': 'run_20241104_045201', '--opt': 'dehb', '--data': 'digits', '--classifier': 'MLP-adam', '--metric': 'nll', '--calls': 15, '--suggestions': 1, '--jobs-file': None, '--verbose': False, 'dry_run': False, 'rev': 'a376313', 'opt_rev': '0.0.8'}, 'signature': ([{'alpha': 0.019628224813442792, 'batch_size': 182, 'beta_1': 0.9410202200271762, 'beta_2': 0.9998021557676793, 'epsilon': 1.8662266976518e-08, 'hidden_layer_sizes': 147, 'learning_rate_init': 0.0005627932047415167, 'tol': 0.03690557729213761, 'validation_fraction': 0.8846827852548593}, {'alpha': 0.0019982467392329444, 'batch_size': 200, 'beta_1': 0.919111482530466, 'beta_2': 0.9998488260436156, 'epsilon': 5.981221901152555e-07, 'hidden_layer_sizes': 61, 'learning_rate_init': 2.2310905607443014e-05, 'tol': 1.2046852412030316e-05, 'validation_fraction': 0.8117896445826539}, {'alpha': 0.46659545670218433, 'batch_size': 219, 'beta_1': 0.9889789783750891, 'beta_2': 0.9999896868093284, 'epsilon': 2.4234724484675948e-08, 'hidden_layer_sizes': 167, 'learning_rate_init': 2.972334644335654e-05, 'tol': 0.0036281404040243792, 'validation_fraction': 0.17260651658522078}, {'alpha': 4.656005689076002, 'batch_size': 135, 'beta_1': 0.870503881627747, 'beta_2': 0.9948873266941017, 'epsilon': 2.1023308743480125e-07, 'hidden_layer_sizes': 118, 'learning_rate_init': 0.0018781738757161913, 'tol': 1.1889379831773004e-05, 'validation_fraction': 0.6264327093752792}, {'alpha': 0.04705159350400542, 'batch_size': 158, 'beta_1': 0.9870884262730957, 'beta_2': 0.9999596874382349, 'epsilon': 1.1981845126013875e-08, 'hidden_layer_sizes': 116, 'learning_rate_init': 0.00617340520407431, 'tol': 1.741413418158619e-05, 'validation_fraction': 0.6754299026638921}], [4.8709522768835765, 9.712622772033223, 5.950791832993735, 0.1943842708040542, 0.2519021669994559])}
saving results
saving timing
saving suggest log
done
