running: {'--uuid': 'c5c2470ae734565fad467a93aab64909', '-db-root': '/home/ryedida/smoothness-hpo/bbo_challenge_starter_kit/output', '--opt-root': '/home/ryedida/smoothness-hpo/bbo_challenge_starter_kit/example_submissions', '--data-root': None, '--db': 'run_20241104_045201', '--opt': 'dehb', '--data': 'digits', '--classifier': 'MLP-adam', '--metric': 'nll', '--calls': 15, '--suggestions': 1, '--jobs-file': None, '--verbose': False, 'dry_run': False, 'rev': 'a376313', 'opt_rev': '0.0.8'}
cmd: python dehb/optimizer.py -c MLP-adam -d digits -o dehb -u c5c2470ae734565fad467a93aab64909 -m nll -n 15 -p 1 -dir /home/ryedida/smoothness-hpo/bbo_challenge_starter_kit/output -b run_20241104_045201
/home/ryedida/smoothness-hpo/.venv/lib/python3.12/site-packages/sklearn/neural_network/_multilayer_perceptron.py:608: UserWarning: Got `batch_size` less than 1 or larger than sample size. It is going to be clipped
  warnings.warn(

/home/ryedida/smoothness-hpo/.venv/lib/python3.12/site-packages/sklearn/neural_network/_multilayer_perceptron.py:690: ConvergenceWarning: Stochastic Optimizer: Maximum iterations (200) reached and the optimization hasn't converged yet.
  warnings.warn(

computed signature: ([{'alpha': 0.019628224813442792, 'batch_size': 182, 'beta_1': 0.9410202200271762, 'beta_2': 0.9998021557676793, 'epsilon': 1.8662266976518e-08, 'hidden_layer_sizes': 147, 'learning_rate_init': 0.0005627932047415167, 'tol': 0.03690557729213761, 'validation_fraction': 0.8846827852548593}, {'alpha': 0.0019982467392329444, 'batch_size': 200, 'beta_1': 0.919111482530466, 'beta_2': 0.9998488260436156, 'epsilon': 5.981221901152555e-07, 'hidden_layer_sizes': 61, 'learning_rate_init': 2.2310905607443014e-05, 'tol': 1.2046852412030316e-05, 'validation_fraction': 0.8117896445826539}, {'alpha': 0.46659545670218433, 'batch_size': 219, 'beta_1': 0.9889789783750891, 'beta_2': 0.9999896868093284, 'epsilon': 2.4234724484675948e-08, 'hidden_layer_sizes': 167, 'learning_rate_init': 2.972334644335654e-05, 'tol': 0.0036281404040243792, 'validation_fraction': 0.17260651658522078}, {'alpha': 4.656005689076002, 'batch_size': 135, 'beta_1': 0.870503881627747, 'beta_2': 0.9948873266941017, 'epsilon': 2.1023308743480125e-07, 'hidden_layer_sizes': 118, 'learning_rate_init': 0.0018781738757161913, 'tol': 1.1889379831773004e-05, 'validation_fraction': 0.6264327093752792}, {'alpha': 0.04705159350400542, 'batch_size': 158, 'beta_1': 0.9870884262730957, 'beta_2': 0.9999596874382349, 'epsilon': 1.1981845126013875e-08, 'hidden_layer_sizes': 116, 'learning_rate_init': 0.00617340520407431, 'tol': 1.741413418158619e-05, 'validation_fraction': 0.6754299026638921}], [4.8709522768835765, 9.712622772033223, 5.950791832993735, 0.1943842708040542, 0.2519021669994559])
/home/ryedida/smoothness-hpo/.venv/lib/python3.12/site-packages/bayesmark/signatures.py:85: RuntimeWarning: Signature diverged on MLP-adam_digits_nll betwen [4.71022664 9.71262277 5.92543888 0.18972466 0.25190217] and [ 4.87095228 10.02890359  5.95079183  0.19438427  0.26094505]
  warnings.warn(

Signature errors:
                            0         1         2        3         4       max
MLP-adam_digits_nll  0.160726  0.316281  0.025353  0.00466  0.009043  0.316281
max                  0.160726  0.316281  0.025353  0.00466  0.009043  0.316281
starting sklearn study dehb MLP-adam digits nll 15 1
with data root: None
suggestion time taken 0.001648 iter 0 next_points [Configuration(values={
  'alpha': 0.0033388704725,
  'batch_size': 203,
  'beta_1': 0.7345509332445,
  'beta_2': 0.9326061548099,
  'epsilon': 1.74155e-08,
  'hidden_layer_sizes': 57,
  'learning_rate_init': 2.21894284e-05,
  'tol': 0.0074791307818,
  'validation_fraction': 0.7360993762311,
})]
function_evaluation time 0.394479 value 11.836866 suggestion Configuration(values={
  'alpha': 0.0033388704725,
  'batch_size': 203,
  'beta_1': 0.7345509332445,
  'beta_2': 0.9326061548099,
  'epsilon': 1.74155e-08,
  'hidden_layer_sizes': 57,
  'learning_rate_init': 2.21894284e-05,
  'tol': 0.0074791307818,
  'validation_fraction': 0.7360993762311,
})
Failure in optimizer observe. Ignoring these observations.
list indices must be integers or slices, not str
Traceback (most recent call last):
  File "/home/ryedida/smoothness-hpo/.venv/lib/python3.12/site-packages/bayesmark/experiment.py", line 175, in run_study
    optimizer.observe(next_points, eval_list)
  File "/home/ryedida/smoothness-hpo/bbo_challenge_starter_kit/example_submissions/dehb/optimizer.py", line 88, in observe
    self.dehb.tell(X, y)
  File "/home/ryedida/smoothness-hpo/.venv/lib/python3.12/site-packages/dehb/optimizers/dehb.py", line 1007, in tell
    fitness, cost = float(result["fitness"]), float(result["cost"])
                          ~~~~~~^^^^^^^^^^^
TypeError: list indices must be integers or slices, not str
observation time 0.001244, current best 11.836866 at iter 0
suggestion time taken 0.001538 iter 1 next_points [Configuration(values={
  'alpha': 0.3977561737442,
  'batch_size': 156,
  'beta_1': 0.5204171684063,
  'beta_2': 0.9077659747104,
  'epsilon': 4.277263e-07,
  'hidden_layer_sizes': 186,
  'learning_rate_init': 0.0148999316995,
  'tol': 0.0288781911981,
  'validation_fraction': 0.5783706716105,
})]
function_evaluation time 1.103322 value 0.143524 suggestion Configuration(values={
  'alpha': 0.3977561737442,
  'batch_size': 156,
  'beta_1': 0.5204171684063,
  'beta_2': 0.9077659747104,
  'epsilon': 4.277263e-07,
  'hidden_layer_sizes': 186,
  'learning_rate_init': 0.0148999316995,
  'tol': 0.0288781911981,
  'validation_fraction': 0.5783706716105,
})
Failure in optimizer observe. Ignoring these observations.
list indices must be integers or slices, not str
Traceback (most recent call last):
  File "/home/ryedida/smoothness-hpo/.venv/lib/python3.12/site-packages/bayesmark/experiment.py", line 175, in run_study
    optimizer.observe(next_points, eval_list)
  File "/home/ryedida/smoothness-hpo/bbo_challenge_starter_kit/example_submissions/dehb/optimizer.py", line 88, in observe
    self.dehb.tell(X, y)
  File "/home/ryedida/smoothness-hpo/.venv/lib/python3.12/site-packages/dehb/optimizers/dehb.py", line 1007, in tell
    fitness, cost = float(result["fitness"]), float(result["cost"])
                          ~~~~~~^^^^^^^^^^^
TypeError: list indices must be integers or slices, not str
observation time 0.000706, current best 0.143524 at iter 1
suggestion time taken 0.001223 iter 2 next_points [Configuration(values={
  'alpha': 0.0048931769006,
  'batch_size': 87,
  'beta_1': 0.7646126215977,
  'beta_2': 0.9700582911149,
  'epsilon': 6.715969e-07,
  'hidden_layer_sizes': 140,
  'learning_rate_init': 1.72727423e-05,
  'tol': 1.58418185e-05,
  'validation_fraction': 0.1466631702119,
})]
function_evaluation time 17.908247 value 0.476850 suggestion Configuration(values={
  'alpha': 0.0048931769006,
  'batch_size': 87,
  'beta_1': 0.7646126215977,
  'beta_2': 0.9700582911149,
  'epsilon': 6.715969e-07,
  'hidden_layer_sizes': 140,
  'learning_rate_init': 1.72727423e-05,
  'tol': 1.58418185e-05,
  'validation_fraction': 0.1466631702119,
})
Failure in optimizer observe. Ignoring these observations.
list indices must be integers or slices, not str
Traceback (most recent call last):
  File "/home/ryedida/smoothness-hpo/.venv/lib/python3.12/site-packages/bayesmark/experiment.py", line 175, in run_study
    optimizer.observe(next_points, eval_list)
  File "/home/ryedida/smoothness-hpo/bbo_challenge_starter_kit/example_submissions/dehb/optimizer.py", line 88, in observe
    self.dehb.tell(X, y)
  File "/home/ryedida/smoothness-hpo/.venv/lib/python3.12/site-packages/dehb/optimizers/dehb.py", line 1007, in tell
    fitness, cost = float(result["fitness"]), float(result["cost"])
                          ~~~~~~^^^^^^^^^^^
TypeError: list indices must be integers or slices, not str
observation time 0.000698, current best 0.143524 at iter 2
suggestion time taken 0.001251 iter 3 next_points [Configuration(values={
  'alpha': 0.0033442958224,
  'batch_size': 178,
  'beta_1': 0.7317711218566,
  'beta_2': 0.9633168081517,
  'epsilon': 5.09905e-08,
  'hidden_layer_sizes': 144,
  'learning_rate_init': 8.62328473e-05,
  'tol': 0.0657918897162,
  'validation_fraction': 0.6301555701923,
})]
function_evaluation time 0.669690 value 9.471609 suggestion Configuration(values={
  'alpha': 0.0033442958224,
  'batch_size': 178,
  'beta_1': 0.7317711218566,
  'beta_2': 0.9633168081517,
  'epsilon': 5.09905e-08,
  'hidden_layer_sizes': 144,
  'learning_rate_init': 8.62328473e-05,
  'tol': 0.0657918897162,
  'validation_fraction': 0.6301555701923,
})
Failure in optimizer observe. Ignoring these observations.
list indices must be integers or slices, not str
Traceback (most recent call last):
  File "/home/ryedida/smoothness-hpo/.venv/lib/python3.12/site-packages/bayesmark/experiment.py", line 175, in run_study
    optimizer.observe(next_points, eval_list)
  File "/home/ryedida/smoothness-hpo/bbo_challenge_starter_kit/example_submissions/dehb/optimizer.py", line 88, in observe
    self.dehb.tell(X, y)
  File "/home/ryedida/smoothness-hpo/.venv/lib/python3.12/site-packages/dehb/optimizers/dehb.py", line 1007, in tell
    fitness, cost = float(result["fitness"]), float(result["cost"])
                          ~~~~~~^^^^^^^^^^^
TypeError: list indices must be integers or slices, not str
observation time 0.000677, current best 0.143524 at iter 3
suggestion time taken 0.001348 iter 4 next_points [Configuration(values={
  'alpha': 3.83599043e-05,
  'batch_size': 151,
  'beta_1': 0.7521536514419,
  'beta_2': 0.9182107367186,
  'epsilon': 1.546387e-07,
  'hidden_layer_sizes': 98,
  'learning_rate_init': 2.39289411e-05,
  'tol': 0.003146986951,
  'validation_fraction': 0.6642432282598,
})]
function_evaluation time 1.953122 value 8.550059 suggestion Configuration(values={
  'alpha': 3.83599043e-05,
  'batch_size': 151,
  'beta_1': 0.7521536514419,
  'beta_2': 0.9182107367186,
  'epsilon': 1.546387e-07,
  'hidden_layer_sizes': 98,
  'learning_rate_init': 2.39289411e-05,
  'tol': 0.003146986951,
  'validation_fraction': 0.6642432282598,
})
Failure in optimizer observe. Ignoring these observations.
list indices must be integers or slices, not str
Traceback (most recent call last):
  File "/home/ryedida/smoothness-hpo/.venv/lib/python3.12/site-packages/bayesmark/experiment.py", line 175, in run_study
    optimizer.observe(next_points, eval_list)
  File "/home/ryedida/smoothness-hpo/bbo_challenge_starter_kit/example_submissions/dehb/optimizer.py", line 88, in observe
    self.dehb.tell(X, y)
  File "/home/ryedida/smoothness-hpo/.venv/lib/python3.12/site-packages/dehb/optimizers/dehb.py", line 1007, in tell
    fitness, cost = float(result["fitness"]), float(result["cost"])
                          ~~~~~~^^^^^^^^^^^
TypeError: list indices must be integers or slices, not str
observation time 0.000646, current best 0.143524 at iter 4
suggestion time taken 0.001281 iter 5 next_points [Configuration(values={
  'alpha': 5.7242071e-05,
  'batch_size': 194,
  'beta_1': 0.7221292619494,
  'beta_2': 0.9384236348109,
  'epsilon': 2.658027e-07,
  'hidden_layer_sizes': 79,
  'learning_rate_init': 8.07694485e-05,
  'tol': 0.0515709370531,
  'validation_fraction': 0.3845916282476,
})]
function_evaluation time 0.668436 value 10.172652 suggestion Configuration(values={
  'alpha': 5.7242071e-05,
  'batch_size': 194,
  'beta_1': 0.7221292619494,
  'beta_2': 0.9384236348109,
  'epsilon': 2.658027e-07,
  'hidden_layer_sizes': 79,
  'learning_rate_init': 8.07694485e-05,
  'tol': 0.0515709370531,
  'validation_fraction': 0.3845916282476,
})
Failure in optimizer observe. Ignoring these observations.
list indices must be integers or slices, not str
Traceback (most recent call last):
  File "/home/ryedida/smoothness-hpo/.venv/lib/python3.12/site-packages/bayesmark/experiment.py", line 175, in run_study
    optimizer.observe(next_points, eval_list)
  File "/home/ryedida/smoothness-hpo/bbo_challenge_starter_kit/example_submissions/dehb/optimizer.py", line 88, in observe
    self.dehb.tell(X, y)
  File "/home/ryedida/smoothness-hpo/.venv/lib/python3.12/site-packages/dehb/optimizers/dehb.py", line 1007, in tell
    fitness, cost = float(result["fitness"]), float(result["cost"])
                          ~~~~~~^^^^^^^^^^^
TypeError: list indices must be integers or slices, not str
observation time 0.000655, current best 0.143524 at iter 5
suggestion time taken 0.001241 iter 6 next_points [Configuration(values={
  'alpha': 0.0048645767155,
  'batch_size': 48,
  'beta_1': 0.8709258216069,
  'beta_2': 0.933460345916,
  'epsilon': 3.1099e-09,
  'hidden_layer_sizes': 177,
  'learning_rate_init': 3.49035532e-05,
  'tol': 0.0025232587479,
  'validation_fraction': 0.1662332574774,
})]
function_evaluation time 17.492781 value 0.204271 suggestion Configuration(values={
  'alpha': 0.0048645767155,
  'batch_size': 48,
  'beta_1': 0.8709258216069,
  'beta_2': 0.933460345916,
  'epsilon': 3.1099e-09,
  'hidden_layer_sizes': 177,
  'learning_rate_init': 3.49035532e-05,
  'tol': 0.0025232587479,
  'validation_fraction': 0.1662332574774,
})
Failure in optimizer observe. Ignoring these observations.
list indices must be integers or slices, not str
Traceback (most recent call last):
  File "/home/ryedida/smoothness-hpo/.venv/lib/python3.12/site-packages/bayesmark/experiment.py", line 175, in run_study
    optimizer.observe(next_points, eval_list)
  File "/home/ryedida/smoothness-hpo/bbo_challenge_starter_kit/example_submissions/dehb/optimizer.py", line 88, in observe
    self.dehb.tell(X, y)
  File "/home/ryedida/smoothness-hpo/.venv/lib/python3.12/site-packages/dehb/optimizers/dehb.py", line 1007, in tell
    fitness, cost = float(result["fitness"]), float(result["cost"])
                          ~~~~~~^^^^^^^^^^^
TypeError: list indices must be integers or slices, not str
observation time 0.000678, current best 0.143524 at iter 6
suggestion time taken 0.001293 iter 7 next_points [Configuration(values={
  'alpha': 0.0001650406249,
  'batch_size': 243,
  'beta_1': 0.5492896404638,
  'beta_2': 0.9891460510359,
  'epsilon': 7.9372e-09,
  'hidden_layer_sizes': 148,
  'learning_rate_init': 0.0078489155238,
  'tol': 0.0076099198278,
  'validation_fraction': 0.8616863070846,
})]
/home/ryedida/smoothness-hpo/.venv/lib/python3.12/site-packages/sklearn/neural_network/_multilayer_perceptron.py:608: UserWarning: Got `batch_size` less than 1 or larger than sample size. It is going to be clipped
  warnings.warn(

function_evaluation time 0.766600 value 0.349763 suggestion Configuration(values={
  'alpha': 0.0001650406249,
  'batch_size': 243,
  'beta_1': 0.5492896404638,
  'beta_2': 0.9891460510359,
  'epsilon': 7.9372e-09,
  'hidden_layer_sizes': 148,
  'learning_rate_init': 0.0078489155238,
  'tol': 0.0076099198278,
  'validation_fraction': 0.8616863070846,
})
Failure in optimizer observe. Ignoring these observations.
list indices must be integers or slices, not str
Traceback (most recent call last):
  File "/home/ryedida/smoothness-hpo/.venv/lib/python3.12/site-packages/bayesmark/experiment.py", line 175, in run_study
    optimizer.observe(next_points, eval_list)
  File "/home/ryedida/smoothness-hpo/bbo_challenge_starter_kit/example_submissions/dehb/optimizer.py", line 88, in observe
    self.dehb.tell(X, y)
  File "/home/ryedida/smoothness-hpo/.venv/lib/python3.12/site-packages/dehb/optimizers/dehb.py", line 1007, in tell
    fitness, cost = float(result["fitness"]), float(result["cost"])
                          ~~~~~~^^^^^^^^^^^
TypeError: list indices must be integers or slices, not str
observation time 0.000634, current best 0.143524 at iter 7
suggestion time taken 0.001337 iter 8 next_points [Configuration(values={
  'alpha': 2.5709098049214,
  'batch_size': 119,
  'beta_1': 0.5761757196242,
  'beta_2': 0.9021691083377,
  'epsilon': 6.043344e-07,
  'hidden_layer_sizes': 131,
  'learning_rate_init': 0.0123370463871,
  'tol': 0.0075787675542,
  'validation_fraction': 0.4370059992775,
})]
function_evaluation time 1.903059 value 0.131466 suggestion Configuration(values={
  'alpha': 2.5709098049214,
  'batch_size': 119,
  'beta_1': 0.5761757196242,
  'beta_2': 0.9021691083377,
  'epsilon': 6.043344e-07,
  'hidden_layer_sizes': 131,
  'learning_rate_init': 0.0123370463871,
  'tol': 0.0075787675542,
  'validation_fraction': 0.4370059992775,
})
Failure in optimizer observe. Ignoring these observations.
list indices must be integers or slices, not str
Traceback (most recent call last):
  File "/home/ryedida/smoothness-hpo/.venv/lib/python3.12/site-packages/bayesmark/experiment.py", line 175, in run_study
    optimizer.observe(next_points, eval_list)
  File "/home/ryedida/smoothness-hpo/bbo_challenge_starter_kit/example_submissions/dehb/optimizer.py", line 88, in observe
    self.dehb.tell(X, y)
  File "/home/ryedida/smoothness-hpo/.venv/lib/python3.12/site-packages/dehb/optimizers/dehb.py", line 1007, in tell
    fitness, cost = float(result["fitness"]), float(result["cost"])
                          ~~~~~~^^^^^^^^^^^
TypeError: list indices must be integers or slices, not str
observation time 0.001229, current best 0.131466 at iter 8
suggestion time taken 0.001877 iter 9 next_points [Configuration(values={
  'alpha': 1.00741694e-05,
  'batch_size': 231,
  'beta_1': 0.5234509057998,
  'beta_2': 0.9619947168038,
  'epsilon': 1.509691e-07,
  'hidden_layer_sizes': 170,
  'learning_rate_init': 0.0533232953247,
  'tol': 0.0038265376241,
  'validation_fraction': 0.3017872559271,
})]
function_evaluation time 1.796542 value 0.182935 suggestion Configuration(values={
  'alpha': 1.00741694e-05,
  'batch_size': 231,
  'beta_1': 0.5234509057998,
  'beta_2': 0.9619947168038,
  'epsilon': 1.509691e-07,
  'hidden_layer_sizes': 170,
  'learning_rate_init': 0.0533232953247,
  'tol': 0.0038265376241,
  'validation_fraction': 0.3017872559271,
})
Failure in optimizer observe. Ignoring these observations.
list indices must be integers or slices, not str
Traceback (most recent call last):
  File "/home/ryedida/smoothness-hpo/.venv/lib/python3.12/site-packages/bayesmark/experiment.py", line 175, in run_study
    optimizer.observe(next_points, eval_list)
  File "/home/ryedida/smoothness-hpo/bbo_challenge_starter_kit/example_submissions/dehb/optimizer.py", line 88, in observe
    self.dehb.tell(X, y)
  File "/home/ryedida/smoothness-hpo/.venv/lib/python3.12/site-packages/dehb/optimizers/dehb.py", line 1007, in tell
    fitness, cost = float(result["fitness"]), float(result["cost"])
                          ~~~~~~^^^^^^^^^^^
TypeError: list indices must be integers or slices, not str
observation time 0.000615, current best 0.131466 at iter 9
suggestion time taken 0.001854 iter 10 next_points [Configuration(values={
  'alpha': 0.0057008542678,
  'batch_size': 106,
  'beta_1': 0.6307374636805,
  'beta_2': 0.9216449819013,
  'epsilon': 1.867803e-07,
  'hidden_layer_sizes': 152,
  'learning_rate_init': 0.0127570018692,
  'tol': 0.0302909698718,
  'validation_fraction': 0.1493884743906,
})]
function_evaluation time 1.871379 value 0.156583 suggestion Configuration(values={
  'alpha': 0.0057008542678,
  'batch_size': 106,
  'beta_1': 0.6307374636805,
  'beta_2': 0.9216449819013,
  'epsilon': 1.867803e-07,
  'hidden_layer_sizes': 152,
  'learning_rate_init': 0.0127570018692,
  'tol': 0.0302909698718,
  'validation_fraction': 0.1493884743906,
})
Failure in optimizer observe. Ignoring these observations.
list indices must be integers or slices, not str
Traceback (most recent call last):
  File "/home/ryedida/smoothness-hpo/.venv/lib/python3.12/site-packages/bayesmark/experiment.py", line 175, in run_study
    optimizer.observe(next_points, eval_list)
  File "/home/ryedida/smoothness-hpo/bbo_challenge_starter_kit/example_submissions/dehb/optimizer.py", line 88, in observe
    self.dehb.tell(X, y)
  File "/home/ryedida/smoothness-hpo/.venv/lib/python3.12/site-packages/dehb/optimizers/dehb.py", line 1007, in tell
    fitness, cost = float(result["fitness"]), float(result["cost"])
                          ~~~~~~^^^^^^^^^^^
TypeError: list indices must be integers or slices, not str
observation time 0.001372, current best 0.131466 at iter 10
suggestion time taken 0.001857 iter 11 next_points [Configuration(values={
  'alpha': 0.4787883660967,
  'batch_size': 114,
  'beta_1': 0.8279057246806,
  'beta_2': 0.9168460658885,
  'epsilon': 2.9843e-09,
  'hidden_layer_sizes': 132,
  'learning_rate_init': 0.0858319370934,
  'tol': 5.32178721e-05,
  'validation_fraction': 0.421111175064,
})]
function_evaluation time 2.681618 value 0.574137 suggestion Configuration(values={
  'alpha': 0.4787883660967,
  'batch_size': 114,
  'beta_1': 0.8279057246806,
  'beta_2': 0.9168460658885,
  'epsilon': 2.9843e-09,
  'hidden_layer_sizes': 132,
  'learning_rate_init': 0.0858319370934,
  'tol': 5.32178721e-05,
  'validation_fraction': 0.421111175064,
})
Failure in optimizer observe. Ignoring these observations.
list indices must be integers or slices, not str
Traceback (most recent call last):
  File "/home/ryedida/smoothness-hpo/.venv/lib/python3.12/site-packages/bayesmark/experiment.py", line 175, in run_study
    optimizer.observe(next_points, eval_list)
  File "/home/ryedida/smoothness-hpo/bbo_challenge_starter_kit/example_submissions/dehb/optimizer.py", line 88, in observe
    self.dehb.tell(X, y)
  File "/home/ryedida/smoothness-hpo/.venv/lib/python3.12/site-packages/dehb/optimizers/dehb.py", line 1007, in tell
    fitness, cost = float(result["fitness"]), float(result["cost"])
                          ~~~~~~^^^^^^^^^^^
TypeError: list indices must be integers or slices, not str
observation time 0.000692, current best 0.131466 at iter 11
suggestion time taken 0.002093 iter 12 next_points [Configuration(values={
  'alpha': 1.2800959035571,
  'batch_size': 231,
  'beta_1': 0.6376679218046,
  'beta_2': 0.9362294222355,
  'epsilon': 5.899309e-07,
  'hidden_layer_sizes': 132,
  'learning_rate_init': 0.0044391948802,
  'tol': 0.0055830644654,
  'validation_fraction': 0.1597956744075,
})]
function_evaluation time 2.344628 value 0.105615 suggestion Configuration(values={
  'alpha': 1.2800959035571,
  'batch_size': 231,
  'beta_1': 0.6376679218046,
  'beta_2': 0.9362294222355,
  'epsilon': 5.899309e-07,
  'hidden_layer_sizes': 132,
  'learning_rate_init': 0.0044391948802,
  'tol': 0.0055830644654,
  'validation_fraction': 0.1597956744075,
})
Failure in optimizer observe. Ignoring these observations.
list indices must be integers or slices, not str
Traceback (most recent call last):
  File "/home/ryedida/smoothness-hpo/.venv/lib/python3.12/site-packages/bayesmark/experiment.py", line 175, in run_study
    optimizer.observe(next_points, eval_list)
  File "/home/ryedida/smoothness-hpo/bbo_challenge_starter_kit/example_submissions/dehb/optimizer.py", line 88, in observe
    self.dehb.tell(X, y)
  File "/home/ryedida/smoothness-hpo/.venv/lib/python3.12/site-packages/dehb/optimizers/dehb.py", line 1007, in tell
    fitness, cost = float(result["fitness"]), float(result["cost"])
                          ~~~~~~^^^^^^^^^^^
TypeError: list indices must be integers or slices, not str
observation time 0.000655, current best 0.105615 at iter 12
suggestion time taken 0.001849 iter 13 next_points [Configuration(values={
  'alpha': 0.2136402194172,
  'batch_size': 45,
  'beta_1': 0.7589188202427,
  'beta_2': 0.934736101279,
  'epsilon': 3.794811e-07,
  'hidden_layer_sizes': 185,
  'learning_rate_init': 0.0001448690012,
  'tol': 0.0023913668266,
  'validation_fraction': 0.2435236278155,
})]
function_evaluation time 10.005877 value 0.111252 suggestion Configuration(values={
  'alpha': 0.2136402194172,
  'batch_size': 45,
  'beta_1': 0.7589188202427,
  'beta_2': 0.934736101279,
  'epsilon': 3.794811e-07,
  'hidden_layer_sizes': 185,
  'learning_rate_init': 0.0001448690012,
  'tol': 0.0023913668266,
  'validation_fraction': 0.2435236278155,
})
Failure in optimizer observe. Ignoring these observations.
list indices must be integers or slices, not str
Traceback (most recent call last):
  File "/home/ryedida/smoothness-hpo/.venv/lib/python3.12/site-packages/bayesmark/experiment.py", line 175, in run_study
    optimizer.observe(next_points, eval_list)
  File "/home/ryedida/smoothness-hpo/bbo_challenge_starter_kit/example_submissions/dehb/optimizer.py", line 88, in observe
    self.dehb.tell(X, y)
  File "/home/ryedida/smoothness-hpo/.venv/lib/python3.12/site-packages/dehb/optimizers/dehb.py", line 1007, in tell
    fitness, cost = float(result["fitness"]), float(result["cost"])
                          ~~~~~~^^^^^^^^^^^
TypeError: list indices must be integers or slices, not str
observation time 0.000671, current best 0.105615 at iter 13
suggestion time taken 0.002073 iter 14 next_points [Configuration(values={
  'alpha': 0.0007482293478,
  'batch_size': 183,
  'beta_1': 0.6839180197712,
  'beta_2': 0.9464016975567,
  'epsilon': 3.82355e-08,
  'hidden_layer_sizes': 142,
  'learning_rate_init': 0.0030782764692,
  'tol': 2.45840379e-05,
  'validation_fraction': 0.1986515837925,
})]
function_evaluation time 3.148437 value 0.094904 suggestion Configuration(values={
  'alpha': 0.0007482293478,
  'batch_size': 183,
  'beta_1': 0.6839180197712,
  'beta_2': 0.9464016975567,
  'epsilon': 3.82355e-08,
  'hidden_layer_sizes': 142,
  'learning_rate_init': 0.0030782764692,
  'tol': 2.45840379e-05,
  'validation_fraction': 0.1986515837925,
})
Failure in optimizer observe. Ignoring these observations.
list indices must be integers or slices, not str
Traceback (most recent call last):
  File "/home/ryedida/smoothness-hpo/.venv/lib/python3.12/site-packages/bayesmark/experiment.py", line 175, in run_study
    optimizer.observe(next_points, eval_list)
  File "/home/ryedida/smoothness-hpo/bbo_challenge_starter_kit/example_submissions/dehb/optimizer.py", line 88, in observe
    self.dehb.tell(X, y)
  File "/home/ryedida/smoothness-hpo/.venv/lib/python3.12/site-packages/dehb/optimizers/dehb.py", line 1007, in tell
    fitness, cost = float(result["fitness"]), float(result["cost"])
                          ~~~~~~^^^^^^^^^^^
TypeError: list indices must be integers or slices, not str
observation time 0.001132, current best 0.094904 at iter 14
saving meta data: {'args': {'--uuid': 'c5c2470ae734565fad467a93aab64909', '-db-root': '/home/ryedida/smoothness-hpo/bbo_challenge_starter_kit/output', '--opt-root': '/home/ryedida/smoothness-hpo/bbo_challenge_starter_kit/example_submissions', '--data-root': None, '--db': 'run_20241104_045201', '--opt': 'dehb', '--data': 'digits', '--classifier': 'MLP-adam', '--metric': 'nll', '--calls': 15, '--suggestions': 1, '--jobs-file': None, '--verbose': False, 'dry_run': False, 'rev': 'a376313', 'opt_rev': '0.0.8'}, 'signature': ([{'alpha': 0.019628224813442792, 'batch_size': 182, 'beta_1': 0.9410202200271762, 'beta_2': 0.9998021557676793, 'epsilon': 1.8662266976518e-08, 'hidden_layer_sizes': 147, 'learning_rate_init': 0.0005627932047415167, 'tol': 0.03690557729213761, 'validation_fraction': 0.8846827852548593}, {'alpha': 0.0019982467392329444, 'batch_size': 200, 'beta_1': 0.919111482530466, 'beta_2': 0.9998488260436156, 'epsilon': 5.981221901152555e-07, 'hidden_layer_sizes': 61, 'learning_rate_init': 2.2310905607443014e-05, 'tol': 1.2046852412030316e-05, 'validation_fraction': 0.8117896445826539}, {'alpha': 0.46659545670218433, 'batch_size': 219, 'beta_1': 0.9889789783750891, 'beta_2': 0.9999896868093284, 'epsilon': 2.4234724484675948e-08, 'hidden_layer_sizes': 167, 'learning_rate_init': 2.972334644335654e-05, 'tol': 0.0036281404040243792, 'validation_fraction': 0.17260651658522078}, {'alpha': 4.656005689076002, 'batch_size': 135, 'beta_1': 0.870503881627747, 'beta_2': 0.9948873266941017, 'epsilon': 2.1023308743480125e-07, 'hidden_layer_sizes': 118, 'learning_rate_init': 0.0018781738757161913, 'tol': 1.1889379831773004e-05, 'validation_fraction': 0.6264327093752792}, {'alpha': 0.04705159350400542, 'batch_size': 158, 'beta_1': 0.9870884262730957, 'beta_2': 0.9999596874382349, 'epsilon': 1.1981845126013875e-08, 'hidden_layer_sizes': 116, 'learning_rate_init': 0.00617340520407431, 'tol': 1.741413418158619e-05, 'validation_fraction': 0.6754299026638921}], [4.8709522768835765, 9.712622772033223, 5.950791832993735, 0.1943842708040542, 0.2519021669994559])}
saving results
saving timing
saving suggest log
done
